Fri 05 Apr 2024 02:35:07 INFO  ['src/default_tracker.py', '--dataset=LFM-1b_artist_20U50I_75strat', '--model=RippleNet']
Fri 05 Apr 2024 02:35:07 INFO  
General Hyper Parameters:
gpu_id = 0
use_gpu = True
seed = 2020
state = INFO
reproducibility = True
data_path = data/LFM-1b_artist_20U50I_75strat
checkpoint_dir = saved/LFM-1b_artist_20U50I_75strat/RippleNet
show_progress = True
save_dataset = False
dataset_save_path = None
save_dataloaders = False
dataloaders_save_path = None
log_wandb = False

Training Hyper Parameters:
epochs = 200
train_batch_size = 2048
learner = adam
learning_rate = 0.001
train_neg_sample_args = {'distribution': 'uniform', 'sample_num': 1, 'dynamic': False, 'candidate_num': 0, 'alpha': 1.0}
eval_step = 1
stopping_step = 10
clip_grad_norm = None
weight_decay = 0.0
loss_decimal_place = 4

Evaluation Hyper Parameters:
eval_args = {'split': {'RS': [0.8, 0.1, 0.1]}, 'order': 'RO', 'group_by': 'user', 'mode': {'valid': 'full', 'test': 'full'}}
repeatable = False
metrics = ['Recall', 'MRR', 'NDCG', 'Hit', 'Precision']
topk = [10]
valid_metric = MRR@10
valid_metric_bigger = True
eval_batch_size = 4096
metric_decimal_place = 4

Dataset Hyper Parameters:
field_separator = 	
seq_separator =  
USER_ID_FIELD = user_id
ITEM_ID_FIELD = item_id
RATING_FIELD = rating
TIME_FIELD = timestamp
seq_len = None
LABEL_FIELD = label
threshold = None
NEG_PREFIX = neg_
load_col = {'inter': ['user_id', 'item_id', 'rating', 'timestamp'], 'kg': ['head_id', 'relation_id', 'tail_id'], 'link': ['item_id', 'entity_id']}
unload_col = None
unused_col = None
additional_feat_suffix = None
rm_dup_inter = None
val_interval = None
filter_inter_by_user_or_item = True
user_inter_num_interval = [0,inf)
item_inter_num_interval = [0,inf)
alias_of_user_id = None
alias_of_item_id = None
alias_of_entity_id = None
alias_of_relation_id = None
preload_weight = None
normalize_field = None
normalize_all = None
ITEM_LIST_LENGTH_FIELD = item_length
LIST_SUFFIX = _list
MAX_ITEM_LIST_LENGTH = 50
POSITION_FIELD = position_id
HEAD_ENTITY_ID_FIELD = head_id
TAIL_ENTITY_ID_FIELD = tail_id
RELATION_ID_FIELD = relation_id
ENTITY_ID_FIELD = entity_id
benchmark_filename = None

Other Hyper Parameters: 
worker = 0
wandb_project = recbole
shuffle = True
require_pow = False
enable_amp = False
enable_scaler = False
transform = None
embedding_size = 64
n_hop = 2
n_memory = 16
kg_weight = 0.01
reg_weight = 1e-07
numerical_features = []
discretization = None
kg_reverse_r = False
entity_kg_num_interval = [0,inf)
relation_kg_num_interval = [0,inf)
MODEL_TYPE = ModelType.KNOWLEDGE
encoding = utf-8
device = cuda
my_log_file = /mnt/batch/tasks/shared/LS_root/mounts/clusters/fontanagpu/code/sustainability-of-recsys/log/carbon_default.log
MODEL_INPUT_TYPE = InputType.POINTWISE
eval_type = EvaluatorType.RANKING
single_spec = True
local_rank = 0
valid_neg_sample_args = {'distribution': 'uniform', 'sample_num': 'none'}
test_neg_sample_args = {'distribution': 'uniform', 'sample_num': 'none'}


Fri 05 Apr 2024 02:35:14 INFO  LFM-1b_artist_20U50I_75strat
The number of users: 19103
Average actions of users: 14.47455763794367
The number of items: 14328
Average actions of items: 19.298736651078382
The number of inters: 276493
The sparsity of the dataset: 99.8989824125718%
Remain Fields: ['entity_id', 'user_id', 'item_id', 'head_id', 'relation_id', 'tail_id']
The number of entities: 47309
The number of relations: 7
The number of triples: 43559
The number of items that have been linked to KG: 14327
Fri 05 Apr 2024 02:35:15 INFO  [Training]: train_batch_size = [2048] train_neg_sample_args: [{'distribution': 'uniform', 'sample_num': 1, 'dynamic': False, 'candidate_num': 0, 'alpha': 1.0}]
Fri 05 Apr 2024 02:35:15 INFO  [Evaluation]: eval_batch_size = [4096] eval_args: [{'split': {'RS': [0.8, 0.1, 0.1]}, 'order': 'RO', 'group_by': 'user', 'mode': {'valid': 'full', 'test': 'full'}}]
Fri 05 Apr 2024 02:35:19 INFO  0 among 19102 users are padded
Fri 05 Apr 2024 02:35:20 INFO  RippleNet(
  (entity_embedding): Embedding(47309, 64)
  (relation_embedding): Embedding(7, 4096)
  (transform_matrix): Linear(in_features=64, out_features=64, bias=False)
  (softmax): Softmax(dim=1)
  (sigmoid): Sigmoid()
  (rec_loss): BPRLoss()
  (l2_loss): EmbLoss()
  (loss): BCEWithLogitsLoss()
)
Trainable parameters: 3060544
Fri 05 Apr 2024 02:35:30 INFO  FLOPs: 143518.0
Fri 05 Apr 2024 02:36:43 INFO  epoch 0 training [time: 41.68s, train loss: 90.9378]
Fri 05 Apr 2024 02:37:14 INFO  epoch 0 evaluating [time: 31.16s, valid_score: 0.059400]
Fri 05 Apr 2024 02:37:14 INFO  valid result: 
recall@10 : 0.1545    mrr@10 : 0.0594    ndcg@10 : 0.0739    hit@10 : 0.2053    precision@10 : 0.0218
Fri 05 Apr 2024 02:37:19 INFO  Saving current: saved/LFM-1b_artist_20U50I_75strat/RippleNet/RippleNet-Apr-05-2024_02-35-31.pth
Fri 05 Apr 2024 02:37:56 INFO  epoch 1 training [time: 37.23s, train loss: 71.0920]
Fri 05 Apr 2024 02:38:26 INFO  epoch 1 evaluating [time: 30.05s, valid_score: 0.076400]
Fri 05 Apr 2024 02:38:26 INFO  valid result: 
recall@10 : 0.1531    mrr@10 : 0.0764    ndcg@10 : 0.0838    hit@10 : 0.2045    precision@10 : 0.0218
Fri 05 Apr 2024 02:38:31 INFO  Saving current: saved/LFM-1b_artist_20U50I_75strat/RippleNet/RippleNet-Apr-05-2024_02-35-31.pth
Fri 05 Apr 2024 02:39:08 INFO  epoch 2 training [time: 37.25s, train loss: 69.3565]
Fri 05 Apr 2024 02:39:38 INFO  epoch 2 evaluating [time: 30.18s, valid_score: 0.075500]
Fri 05 Apr 2024 02:39:38 INFO  valid result: 
recall@10 : 0.1545    mrr@10 : 0.0755    ndcg@10 : 0.0831    hit@10 : 0.2079    precision@10 : 0.0222
Fri 05 Apr 2024 02:40:16 INFO  epoch 3 training [time: 37.58s, train loss: 67.8839]
Fri 05 Apr 2024 02:40:46 INFO  epoch 3 evaluating [time: 30.36s, valid_score: 0.072700]
Fri 05 Apr 2024 02:40:46 INFO  valid result: 
recall@10 : 0.1512    mrr@10 : 0.0727    ndcg@10 : 0.0811    hit@10 : 0.2039    precision@10 : 0.0216
Fri 05 Apr 2024 02:41:24 INFO  epoch 4 training [time: 37.74s, train loss: 65.3841]
Fri 05 Apr 2024 02:41:55 INFO  epoch 4 evaluating [time: 30.44s, valid_score: 0.072700]
Fri 05 Apr 2024 02:41:55 INFO  valid result: 
recall@10 : 0.1582    mrr@10 : 0.0727    ndcg@10 : 0.0826    hit@10 : 0.2124    precision@10 : 0.0225
Fri 05 Apr 2024 02:42:33 INFO  epoch 5 training [time: 38.80s, train loss: 61.2004]
Fri 05 Apr 2024 02:43:04 INFO  epoch 5 evaluating [time: 30.47s, valid_score: 0.073000]
Fri 05 Apr 2024 02:43:04 INFO  valid result: 
recall@10 : 0.1533    mrr@10 : 0.073    ndcg@10 : 0.0814    hit@10 : 0.2053    precision@10 : 0.0219
Fri 05 Apr 2024 02:43:42 INFO  epoch 6 training [time: 37.77s, train loss: 57.7520]
Fri 05 Apr 2024 02:44:12 INFO  epoch 6 evaluating [time: 30.43s, valid_score: 0.074900]
Fri 05 Apr 2024 02:44:12 INFO  valid result: 
recall@10 : 0.1546    mrr@10 : 0.0749    ndcg@10 : 0.0841    hit@10 : 0.2083    precision@10 : 0.0223
Fri 05 Apr 2024 02:44:50 INFO  epoch 7 training [time: 37.76s, train loss: 54.2696]
Fri 05 Apr 2024 02:45:20 INFO  epoch 7 evaluating [time: 30.63s, valid_score: 0.075600]
Fri 05 Apr 2024 02:45:20 INFO  valid result: 
recall@10 : 0.1575    mrr@10 : 0.0756    ndcg@10 : 0.0851    hit@10 : 0.212    precision@10 : 0.0227
Fri 05 Apr 2024 02:45:59 INFO  epoch 8 training [time: 38.19s, train loss: 51.3059]
Fri 05 Apr 2024 02:46:29 INFO  epoch 8 evaluating [time: 30.50s, valid_score: 0.079100]
Fri 05 Apr 2024 02:46:29 INFO  valid result: 
recall@10 : 0.1671    mrr@10 : 0.0791    ndcg@10 : 0.0894    hit@10 : 0.2222    precision@10 : 0.0236
Fri 05 Apr 2024 02:46:34 INFO  Saving current: saved/LFM-1b_artist_20U50I_75strat/RippleNet/RippleNet-Apr-05-2024_02-35-31.pth
Fri 05 Apr 2024 02:47:11 INFO  epoch 9 training [time: 37.70s, train loss: 48.7983]
Fri 05 Apr 2024 02:47:42 INFO  epoch 9 evaluating [time: 30.21s, valid_score: 0.078400]
Fri 05 Apr 2024 02:47:42 INFO  valid result: 
recall@10 : 0.1662    mrr@10 : 0.0784    ndcg@10 : 0.089    hit@10 : 0.2202    precision@10 : 0.0235
Fri 05 Apr 2024 02:48:19 INFO  epoch 10 training [time: 37.32s, train loss: 46.6932]
Fri 05 Apr 2024 02:48:49 INFO  epoch 10 evaluating [time: 30.34s, valid_score: 0.076500]
Fri 05 Apr 2024 02:48:49 INFO  valid result: 
recall@10 : 0.1618    mrr@10 : 0.0765    ndcg@10 : 0.0869    hit@10 : 0.215    precision@10 : 0.0229
Fri 05 Apr 2024 02:49:27 INFO  epoch 11 training [time: 37.69s, train loss: 44.2014]
Fri 05 Apr 2024 02:49:57 INFO  epoch 11 evaluating [time: 30.41s, valid_score: 0.075200]
Fri 05 Apr 2024 02:49:57 INFO  valid result: 
recall@10 : 0.1587    mrr@10 : 0.0752    ndcg@10 : 0.0855    hit@10 : 0.2107    precision@10 : 0.0225
Fri 05 Apr 2024 02:50:35 INFO  epoch 12 training [time: 37.51s, train loss: 42.2606]
Fri 05 Apr 2024 02:51:05 INFO  epoch 12 evaluating [time: 30.38s, valid_score: 0.079600]
Fri 05 Apr 2024 02:51:05 INFO  valid result: 
recall@10 : 0.1657    mrr@10 : 0.0796    ndcg@10 : 0.0898    hit@10 : 0.2184    precision@10 : 0.0233
Fri 05 Apr 2024 02:51:10 INFO  Saving current: saved/LFM-1b_artist_20U50I_75strat/RippleNet/RippleNet-Apr-05-2024_02-35-31.pth
Fri 05 Apr 2024 02:51:47 INFO  epoch 13 training [time: 37.47s, train loss: 39.8938]
Fri 05 Apr 2024 02:52:17 INFO  epoch 13 evaluating [time: 30.22s, valid_score: 0.083000]
Fri 05 Apr 2024 02:52:17 INFO  valid result: 
recall@10 : 0.1656    mrr@10 : 0.083    ndcg@10 : 0.0924    hit@10 : 0.2195    precision@10 : 0.0235
Fri 05 Apr 2024 02:52:22 INFO  Saving current: saved/LFM-1b_artist_20U50I_75strat/RippleNet/RippleNet-Apr-05-2024_02-35-31.pth
Fri 05 Apr 2024 02:52:59 INFO  epoch 14 training [time: 37.46s, train loss: 38.0668]
Fri 05 Apr 2024 02:53:30 INFO  epoch 14 evaluating [time: 30.26s, valid_score: 0.075900]
Fri 05 Apr 2024 02:53:30 INFO  valid result: 
recall@10 : 0.1569    mrr@10 : 0.0759    ndcg@10 : 0.0859    hit@10 : 0.2056    precision@10 : 0.0218
Fri 05 Apr 2024 02:54:07 INFO  epoch 15 training [time: 37.44s, train loss: 36.3039]
Fri 05 Apr 2024 02:54:37 INFO  epoch 15 evaluating [time: 30.34s, valid_score: 0.076800]
Fri 05 Apr 2024 02:54:37 INFO  valid result: 
recall@10 : 0.155    mrr@10 : 0.0768    ndcg@10 : 0.0859    hit@10 : 0.2043    precision@10 : 0.0218
Fri 05 Apr 2024 02:55:15 INFO  epoch 16 training [time: 37.39s, train loss: 34.6401]
Fri 05 Apr 2024 02:55:45 INFO  epoch 16 evaluating [time: 30.43s, valid_score: 0.076900]
Fri 05 Apr 2024 02:55:45 INFO  valid result: 
recall@10 : 0.1586    mrr@10 : 0.0769    ndcg@10 : 0.0871    hit@10 : 0.2085    precision@10 : 0.0222
Fri 05 Apr 2024 02:56:22 INFO  epoch 17 training [time: 37.26s, train loss: 33.0381]
Fri 05 Apr 2024 02:56:53 INFO  epoch 17 evaluating [time: 30.47s, valid_score: 0.077700]
Fri 05 Apr 2024 02:56:53 INFO  valid result: 
recall@10 : 0.156    mrr@10 : 0.0777    ndcg@10 : 0.0869    hit@10 : 0.2054    precision@10 : 0.0219
Fri 05 Apr 2024 02:57:30 INFO  epoch 18 training [time: 37.22s, train loss: 31.5745]
Fri 05 Apr 2024 02:58:02 INFO  epoch 18 evaluating [time: 32.00s, valid_score: 0.074200]
Fri 05 Apr 2024 02:58:02 INFO  valid result: 
recall@10 : 0.1514    mrr@10 : 0.0742    ndcg@10 : 0.0835    hit@10 : 0.1993    precision@10 : 0.0211
Fri 05 Apr 2024 02:58:40 INFO  epoch 19 training [time: 37.69s, train loss: 29.9110]
Fri 05 Apr 2024 02:59:10 INFO  epoch 19 evaluating [time: 29.88s, valid_score: 0.077300]
Fri 05 Apr 2024 02:59:10 INFO  valid result: 
recall@10 : 0.1565    mrr@10 : 0.0773    ndcg@10 : 0.0867    hit@10 : 0.2064    precision@10 : 0.0219
Fri 05 Apr 2024 02:59:47 INFO  epoch 20 training [time: 37.23s, train loss: 28.4399]
Fri 05 Apr 2024 03:00:17 INFO  epoch 20 evaluating [time: 29.97s, valid_score: 0.072800]
Fri 05 Apr 2024 03:00:17 INFO  valid result: 
recall@10 : 0.1502    mrr@10 : 0.0728    ndcg@10 : 0.0826    hit@10 : 0.1972    precision@10 : 0.0209
Fri 05 Apr 2024 03:00:54 INFO  epoch 21 training [time: 37.19s, train loss: 27.0799]
Fri 05 Apr 2024 03:01:24 INFO  epoch 21 evaluating [time: 29.77s, valid_score: 0.073100]
Fri 05 Apr 2024 03:01:24 INFO  valid result: 
recall@10 : 0.15    mrr@10 : 0.0731    ndcg@10 : 0.0828    hit@10 : 0.1963    precision@10 : 0.0208
Fri 05 Apr 2024 03:02:01 INFO  epoch 22 training [time: 37.68s, train loss: 25.8062]
Fri 05 Apr 2024 03:02:31 INFO  epoch 22 evaluating [time: 29.79s, valid_score: 0.074900]
Fri 05 Apr 2024 03:02:31 INFO  valid result: 
recall@10 : 0.1504    mrr@10 : 0.0749    ndcg@10 : 0.0839    hit@10 : 0.1973    precision@10 : 0.0208
Fri 05 Apr 2024 03:03:09 INFO  epoch 23 training [time: 37.71s, train loss: 24.9924]
Fri 05 Apr 2024 03:03:39 INFO  epoch 23 evaluating [time: 29.84s, valid_score: 0.071500]
Fri 05 Apr 2024 03:03:39 INFO  valid result: 
recall@10 : 0.1472    mrr@10 : 0.0715    ndcg@10 : 0.0812    hit@10 : 0.1917    precision@10 : 0.0202
Fri 05 Apr 2024 03:04:16 INFO  epoch 24 training [time: 37.55s, train loss: 23.6836]
Fri 05 Apr 2024 03:04:46 INFO  epoch 24 evaluating [time: 29.81s, valid_score: 0.074500]
Fri 05 Apr 2024 03:04:46 INFO  valid result: 
recall@10 : 0.1514    mrr@10 : 0.0745    ndcg@10 : 0.0839    hit@10 : 0.1966    precision@10 : 0.0208
Fri 05 Apr 2024 03:04:46 INFO  Finished training, best eval result in epoch 13
Fri 05 Apr 2024 03:04:54 INFO  Loading model structure and parameters from saved/LFM-1b_artist_20U50I_75strat/RippleNet/RippleNet-Apr-05-2024_02-35-31.pth
Fri 05 Apr 2024 03:05:27 INFO  The running environment of this training is as follows:
+-------------+----------------+
| Environment |     Usage      |
+=============+================+
| CPU         |     0.80 %     |
+-------------+----------------+
| GPU         | 3.18 G/14.58 G |
+-------------+----------------+
| Memory      | 1.83 G/27.41 G |
+-------------+----------------+
Fri 05 Apr 2024 03:05:27 INFO  best valid : OrderedDict([('recall@10', 0.1656), ('mrr@10', 0.083), ('ndcg@10', 0.0924), ('hit@10', 0.2195), ('precision@10', 0.0235)])
Fri 05 Apr 2024 03:05:27 INFO  test result: OrderedDict([('recall@10', 0.1615), ('mrr@10', 0.0814), ('ndcg@10', 0.0903), ('hit@10', 0.212), ('precision@10', 0.0225)])
Fri 05 Apr 2024 03:05:34 INFO  
General Hyper Parameters:
gpu_id = 0
use_gpu = True
seed = 2020
state = INFO
reproducibility = True
data_path = data/LFM-1b_artist_20U50I_75strat
checkpoint_dir = saved/LFM-1b_artist_20U50I_75strat/RippleNet
show_progress = True
save_dataset = False
dataset_save_path = None
save_dataloaders = False
dataloaders_save_path = None
log_wandb = False

Training Hyper Parameters:
epochs = 200
train_batch_size = 2048
learner = adam
learning_rate = 0.001
train_neg_sample_args = {'distribution': 'uniform', 'sample_num': 1, 'dynamic': False, 'candidate_num': 0, 'alpha': 1.0}
eval_step = 1
stopping_step = 10
clip_grad_norm = None
weight_decay = 0.0
loss_decimal_place = 4

Evaluation Hyper Parameters:
eval_args = {'split': {'RS': [0.8, 0.1, 0.1]}, 'order': 'RO', 'group_by': 'user', 'mode': {'valid': 'full', 'test': 'full'}}
repeatable = False
metrics = ['Recall', 'MRR', 'NDCG', 'Hit', 'Precision']
topk = [10]
valid_metric = MRR@10
valid_metric_bigger = True
eval_batch_size = 4096
metric_decimal_place = 4

Dataset Hyper Parameters:
field_separator = 	
seq_separator =  
USER_ID_FIELD = user_id
ITEM_ID_FIELD = item_id
RATING_FIELD = rating
TIME_FIELD = timestamp
seq_len = None
LABEL_FIELD = label
threshold = None
NEG_PREFIX = neg_
load_col = {'inter': ['user_id', 'item_id', 'rating', 'timestamp'], 'kg': ['head_id', 'relation_id', 'tail_id'], 'link': ['item_id', 'entity_id']}
unload_col = None
unused_col = None
additional_feat_suffix = None
rm_dup_inter = None
val_interval = None
filter_inter_by_user_or_item = True
user_inter_num_interval = [0,inf)
item_inter_num_interval = [0,inf)
alias_of_user_id = None
alias_of_item_id = None
alias_of_entity_id = None
alias_of_relation_id = None
preload_weight = None
normalize_field = None
normalize_all = None
ITEM_LIST_LENGTH_FIELD = item_length
LIST_SUFFIX = _list
MAX_ITEM_LIST_LENGTH = 50
POSITION_FIELD = position_id
HEAD_ENTITY_ID_FIELD = head_id
TAIL_ENTITY_ID_FIELD = tail_id
RELATION_ID_FIELD = relation_id
ENTITY_ID_FIELD = entity_id
benchmark_filename = None

Other Hyper Parameters: 
worker = 0
wandb_project = recbole
shuffle = True
require_pow = False
enable_amp = False
enable_scaler = False
transform = None
embedding_size = 64
n_hop = 2
n_memory = 16
kg_weight = 0.01
reg_weight = 1e-07
numerical_features = []
discretization = None
kg_reverse_r = False
entity_kg_num_interval = [0,inf)
relation_kg_num_interval = [0,inf)
MODEL_TYPE = ModelType.KNOWLEDGE
encoding = utf-8
device = cuda
my_log_file = /mnt/batch/tasks/shared/LS_root/mounts/clusters/fontanagpu/code/sustainability-of-recsys/log/carbon_default.log
MODEL_INPUT_TYPE = InputType.POINTWISE
eval_type = EvaluatorType.RANKING
single_spec = True
local_rank = 0
valid_neg_sample_args = {'distribution': 'uniform', 'sample_num': 'none'}
test_neg_sample_args = {'distribution': 'uniform', 'sample_num': 'none'}


Fri 05 Apr 2024 03:05:41 INFO  LFM-1b_artist_20U50I_75strat
The number of users: 19103
Average actions of users: 14.47455763794367
The number of items: 14328
Average actions of items: 19.298736651078382
The number of inters: 276493
The sparsity of the dataset: 99.8989824125718%
Remain Fields: ['entity_id', 'user_id', 'item_id', 'head_id', 'relation_id', 'tail_id']
The number of entities: 47309
The number of relations: 7
The number of triples: 43559
The number of items that have been linked to KG: 14327
Fri 05 Apr 2024 03:05:43 INFO  [Training]: train_batch_size = [2048] train_neg_sample_args: [{'distribution': 'uniform', 'sample_num': 1, 'dynamic': False, 'candidate_num': 0, 'alpha': 1.0}]
Fri 05 Apr 2024 03:05:43 INFO  [Evaluation]: eval_batch_size = [4096] eval_args: [{'split': {'RS': [0.8, 0.1, 0.1]}, 'order': 'RO', 'group_by': 'user', 'mode': {'valid': 'full', 'test': 'full'}}]
Fri 05 Apr 2024 03:05:46 INFO  0 among 19102 users are padded
Fri 05 Apr 2024 03:05:54 INFO  Loading model structure and parameters from saved/LFM-1b_artist_20U50I_75strat/RippleNet/RippleNet-Apr-05-2024_02-35-31.pth
