Wed 03 Apr 2024 21:28:48 INFO  ['src/default_tracker.py', '--dataset=LFM-1b_artist_20U50I', '--model=RippleNet']
Wed 03 Apr 2024 21:28:48 INFO  
General Hyper Parameters:
gpu_id = 0
use_gpu = True
seed = 2020
state = INFO
reproducibility = True
data_path = data/LFM-1b_artist_20U50I
checkpoint_dir = saved/LFM-1b_artist_20U50I/RippleNet
show_progress = True
save_dataset = False
dataset_save_path = None
save_dataloaders = False
dataloaders_save_path = None
log_wandb = False

Training Hyper Parameters:
epochs = 200
train_batch_size = 2048
learner = adam
learning_rate = 0.001
train_neg_sample_args = {'distribution': 'uniform', 'sample_num': 1, 'dynamic': False, 'candidate_num': 0, 'alpha': 1.0}
eval_step = 1
stopping_step = 10
clip_grad_norm = None
weight_decay = 0.0
loss_decimal_place = 4

Evaluation Hyper Parameters:
eval_args = {'split': {'RS': [0.8, 0.1, 0.1]}, 'order': 'RO', 'group_by': 'user', 'mode': {'valid': 'full', 'test': 'full'}}
repeatable = False
metrics = ['Recall', 'MRR', 'NDCG', 'Hit', 'Precision']
topk = [10]
valid_metric = MRR@10
valid_metric_bigger = True
eval_batch_size = 4096
metric_decimal_place = 4

Dataset Hyper Parameters:
field_separator = 	
seq_separator =  
USER_ID_FIELD = user_id
ITEM_ID_FIELD = item_id
RATING_FIELD = rating
TIME_FIELD = timestamp
seq_len = None
LABEL_FIELD = label
threshold = None
NEG_PREFIX = neg_
load_col = {'inter': ['user_id', 'item_id', 'rating', 'timestamp'], 'kg': ['head_id', 'relation_id', 'tail_id'], 'link': ['item_id', 'entity_id']}
unload_col = None
unused_col = None
additional_feat_suffix = None
rm_dup_inter = None
val_interval = None
filter_inter_by_user_or_item = True
user_inter_num_interval = [0,inf)
item_inter_num_interval = [0,inf)
alias_of_user_id = None
alias_of_item_id = None
alias_of_entity_id = None
alias_of_relation_id = None
preload_weight = None
normalize_field = None
normalize_all = None
ITEM_LIST_LENGTH_FIELD = item_length
LIST_SUFFIX = _list
MAX_ITEM_LIST_LENGTH = 50
POSITION_FIELD = position_id
HEAD_ENTITY_ID_FIELD = head_id
TAIL_ENTITY_ID_FIELD = tail_id
RELATION_ID_FIELD = relation_id
ENTITY_ID_FIELD = entity_id
benchmark_filename = None

Other Hyper Parameters: 
worker = 0
wandb_project = recbole
shuffle = True
require_pow = False
enable_amp = False
enable_scaler = False
transform = None
embedding_size = 64
n_hop = 2
n_memory = 16
kg_weight = 0.01
reg_weight = 1e-07
numerical_features = []
discretization = None
kg_reverse_r = False
entity_kg_num_interval = [0,inf)
relation_kg_num_interval = [0,inf)
MODEL_TYPE = ModelType.KNOWLEDGE
encoding = utf-8
device = cuda
my_log_file = /mnt/batch/tasks/shared/LS_root/mounts/clusters/fontanagpu/code/sustainability-of-recsys/log/carbon_default.log
MODEL_INPUT_TYPE = InputType.POINTWISE
eval_type = EvaluatorType.RANKING
single_spec = True
local_rank = 0
valid_neg_sample_args = {'distribution': 'uniform', 'sample_num': 'none'}
test_neg_sample_args = {'distribution': 'uniform', 'sample_num': 'none'}


Wed 03 Apr 2024 21:28:56 INFO  LFM-1b_artist_20U50I
The number of users: 19426
Average actions of users: 19.186718146718146
The number of items: 15510
Average actions of items: 24.03133664323941
The number of inters: 372702
The sparsity of the dataset: 99.87630089964973%
Remain Fields: ['entity_id', 'user_id', 'item_id', 'head_id', 'relation_id', 'tail_id']
The number of entities: 50666
The number of relations: 7
The number of triples: 46827
The number of items that have been linked to KG: 15509
Wed 03 Apr 2024 21:28:58 INFO  [Training]: train_batch_size = [2048] train_neg_sample_args: [{'distribution': 'uniform', 'sample_num': 1, 'dynamic': False, 'candidate_num': 0, 'alpha': 1.0}]
Wed 03 Apr 2024 21:28:58 INFO  [Evaluation]: eval_batch_size = [4096] eval_args: [{'split': {'RS': [0.8, 0.1, 0.1]}, 'order': 'RO', 'group_by': 'user', 'mode': {'valid': 'full', 'test': 'full'}}]
Wed 03 Apr 2024 21:29:02 INFO  0 among 19425 users are padded
Wed 03 Apr 2024 21:29:02 INFO  RippleNet(
  (entity_embedding): Embedding(50666, 64)
  (relation_embedding): Embedding(7, 4096)
  (transform_matrix): Linear(in_features=64, out_features=64, bias=False)
  (softmax): Softmax(dim=1)
  (sigmoid): Sigmoid()
  (rec_loss): BPRLoss()
  (l2_loss): EmbLoss()
  (loss): BCEWithLogitsLoss()
)
Trainable parameters: 3275392
Wed 03 Apr 2024 21:29:13 INFO  FLOPs: 143518.0
Wed 03 Apr 2024 21:30:41 INFO  epoch 0 training [time: 54.69s, train loss: 114.4920]
Wed 03 Apr 2024 21:31:15 INFO  epoch 0 evaluating [time: 33.78s, valid_score: 0.087500]
Wed 03 Apr 2024 21:31:15 INFO  valid result: 
recall@10 : 0.1515    mrr@10 : 0.0875    ndcg@10 : 0.086    hit@10 : 0.2345    precision@10 : 0.0268
Wed 03 Apr 2024 21:31:19 INFO  Saving current: saved/LFM-1b_artist_20U50I/RippleNet/RippleNet-Apr-03-2024_21-29-13.pth
Wed 03 Apr 2024 21:32:11 INFO  epoch 1 training [time: 51.15s, train loss: 93.0426]
Wed 03 Apr 2024 21:32:44 INFO  epoch 1 evaluating [time: 33.16s, valid_score: 0.096800]
Wed 03 Apr 2024 21:32:44 INFO  valid result: 
recall@10 : 0.15    mrr@10 : 0.0968    ndcg@10 : 0.0901    hit@10 : 0.2364    precision@10 : 0.0274
Wed 03 Apr 2024 21:32:49 INFO  Saving current: saved/LFM-1b_artist_20U50I/RippleNet/RippleNet-Apr-03-2024_21-29-13.pth
Wed 03 Apr 2024 21:33:40 INFO  epoch 2 training [time: 51.08s, train loss: 90.6870]
Wed 03 Apr 2024 21:34:13 INFO  epoch 2 evaluating [time: 33.12s, valid_score: 0.104300]
Wed 03 Apr 2024 21:34:13 INFO  valid result: 
recall@10 : 0.1577    mrr@10 : 0.1043    ndcg@10 : 0.0969    hit@10 : 0.2447    precision@10 : 0.0283
Wed 03 Apr 2024 21:34:17 INFO  Saving current: saved/LFM-1b_artist_20U50I/RippleNet/RippleNet-Apr-03-2024_21-29-13.pth
Wed 03 Apr 2024 21:35:08 INFO  epoch 3 training [time: 50.87s, train loss: 87.3421]
Wed 03 Apr 2024 21:35:41 INFO  epoch 3 evaluating [time: 33.19s, valid_score: 0.101900]
Wed 03 Apr 2024 21:35:41 INFO  valid result: 
recall@10 : 0.1594    mrr@10 : 0.1019    ndcg@10 : 0.0958    hit@10 : 0.2464    precision@10 : 0.0282
Wed 03 Apr 2024 21:36:32 INFO  epoch 4 training [time: 50.67s, train loss: 81.7632]
Wed 03 Apr 2024 21:37:05 INFO  epoch 4 evaluating [time: 33.29s, valid_score: 0.105500]
Wed 03 Apr 2024 21:37:05 INFO  valid result: 
recall@10 : 0.169    mrr@10 : 0.1055    ndcg@10 : 0.1007    hit@10 : 0.258    precision@10 : 0.0297
Wed 03 Apr 2024 21:37:10 INFO  Saving current: saved/LFM-1b_artist_20U50I/RippleNet/RippleNet-Apr-03-2024_21-29-13.pth
Wed 03 Apr 2024 21:38:01 INFO  epoch 5 training [time: 50.69s, train loss: 77.2018]
Wed 03 Apr 2024 21:38:34 INFO  epoch 5 evaluating [time: 33.12s, valid_score: 0.100400]
Wed 03 Apr 2024 21:38:34 INFO  valid result: 
recall@10 : 0.1654    mrr@10 : 0.1004    ndcg@10 : 0.0975    hit@10 : 0.2524    precision@10 : 0.0291
Wed 03 Apr 2024 21:39:25 INFO  epoch 6 training [time: 51.08s, train loss: 73.3249]
Wed 03 Apr 2024 21:39:58 INFO  epoch 6 evaluating [time: 33.26s, valid_score: 0.096900]
Wed 03 Apr 2024 21:39:58 INFO  valid result: 
recall@10 : 0.1717    mrr@10 : 0.0969    ndcg@10 : 0.0975    hit@10 : 0.2601    precision@10 : 0.0297
Wed 03 Apr 2024 21:40:49 INFO  epoch 7 training [time: 50.89s, train loss: 68.8465]
Wed 03 Apr 2024 21:41:22 INFO  epoch 7 evaluating [time: 33.23s, valid_score: 0.103000]
Wed 03 Apr 2024 21:41:22 INFO  valid result: 
recall@10 : 0.1721    mrr@10 : 0.103    ndcg@10 : 0.1006    hit@10 : 0.2611    precision@10 : 0.0299
Wed 03 Apr 2024 21:42:13 INFO  epoch 8 training [time: 50.80s, train loss: 65.2272]
Wed 03 Apr 2024 21:42:46 INFO  epoch 8 evaluating [time: 33.25s, valid_score: 0.109600]
Wed 03 Apr 2024 21:42:46 INFO  valid result: 
recall@10 : 0.1781    mrr@10 : 0.1096    ndcg@10 : 0.106    hit@10 : 0.2693    precision@10 : 0.031
Wed 03 Apr 2024 21:42:51 INFO  Saving current: saved/LFM-1b_artist_20U50I/RippleNet/RippleNet-Apr-03-2024_21-29-13.pth
Wed 03 Apr 2024 21:43:42 INFO  epoch 9 training [time: 51.05s, train loss: 61.3266]
Wed 03 Apr 2024 21:44:15 INFO  epoch 9 evaluating [time: 33.09s, valid_score: 0.107000]
Wed 03 Apr 2024 21:44:15 INFO  valid result: 
recall@10 : 0.1759    mrr@10 : 0.107    ndcg@10 : 0.1042    hit@10 : 0.2676    precision@10 : 0.0307
Wed 03 Apr 2024 21:45:06 INFO  epoch 10 training [time: 51.00s, train loss: 57.7849]
Wed 03 Apr 2024 21:45:40 INFO  epoch 10 evaluating [time: 33.20s, valid_score: 0.110900]
Wed 03 Apr 2024 21:45:40 INFO  valid result: 
recall@10 : 0.1789    mrr@10 : 0.1109    ndcg@10 : 0.1073    hit@10 : 0.2701    precision@10 : 0.0309
Wed 03 Apr 2024 21:45:44 INFO  Saving current: saved/LFM-1b_artist_20U50I/RippleNet/RippleNet-Apr-03-2024_21-29-13.pth
Wed 03 Apr 2024 21:46:35 INFO  epoch 11 training [time: 50.45s, train loss: 54.5977]
Wed 03 Apr 2024 21:47:08 INFO  epoch 11 evaluating [time: 33.06s, valid_score: 0.114100]
Wed 03 Apr 2024 21:47:08 INFO  valid result: 
recall@10 : 0.1879    mrr@10 : 0.1141    ndcg@10 : 0.1122    hit@10 : 0.2794    precision@10 : 0.032
Wed 03 Apr 2024 21:47:12 INFO  Saving current: saved/LFM-1b_artist_20U50I/RippleNet/RippleNet-Apr-03-2024_21-29-13.pth
Wed 03 Apr 2024 21:48:03 INFO  epoch 12 training [time: 50.56s, train loss: 51.1829]
Wed 03 Apr 2024 21:48:36 INFO  epoch 12 evaluating [time: 32.91s, valid_score: 0.108900]
Wed 03 Apr 2024 21:48:36 INFO  valid result: 
recall@10 : 0.1824    mrr@10 : 0.1089    ndcg@10 : 0.1074    hit@10 : 0.2705    precision@10 : 0.0309
Wed 03 Apr 2024 21:49:27 INFO  epoch 13 training [time: 50.84s, train loss: 48.3831]
Wed 03 Apr 2024 21:49:59 INFO  epoch 13 evaluating [time: 32.87s, valid_score: 0.112800]
Wed 03 Apr 2024 21:49:59 INFO  valid result: 
recall@10 : 0.1882    mrr@10 : 0.1128    ndcg@10 : 0.1111    hit@10 : 0.2783    precision@10 : 0.0317
Wed 03 Apr 2024 21:50:50 INFO  epoch 14 training [time: 50.71s, train loss: 45.2758]
Wed 03 Apr 2024 21:51:23 INFO  epoch 14 evaluating [time: 32.82s, valid_score: 0.108400]
Wed 03 Apr 2024 21:51:23 INFO  valid result: 
recall@10 : 0.1872    mrr@10 : 0.1084    ndcg@10 : 0.1088    hit@10 : 0.2786    precision@10 : 0.0318
Wed 03 Apr 2024 21:52:14 INFO  epoch 15 training [time: 50.60s, train loss: 42.7582]
Wed 03 Apr 2024 21:52:46 INFO  epoch 15 evaluating [time: 32.63s, valid_score: 0.107300]
Wed 03 Apr 2024 21:52:46 INFO  valid result: 
recall@10 : 0.1863    mrr@10 : 0.1073    ndcg@10 : 0.1084    hit@10 : 0.2762    precision@10 : 0.0314
Wed 03 Apr 2024 21:53:37 INFO  epoch 16 training [time: 50.32s, train loss: 40.6430]
Wed 03 Apr 2024 21:54:09 INFO  epoch 16 evaluating [time: 32.78s, valid_score: 0.105400]
Wed 03 Apr 2024 21:54:09 INFO  valid result: 
recall@10 : 0.183    mrr@10 : 0.1054    ndcg@10 : 0.106    hit@10 : 0.2709    precision@10 : 0.031
Wed 03 Apr 2024 21:54:59 INFO  epoch 17 training [time: 50.08s, train loss: 38.8348]
Wed 03 Apr 2024 21:55:32 INFO  epoch 17 evaluating [time: 32.81s, valid_score: 0.098300]
Wed 03 Apr 2024 21:55:32 INFO  valid result: 
recall@10 : 0.1736    mrr@10 : 0.0983    ndcg@10 : 0.0997    hit@10 : 0.2568    precision@10 : 0.0293
Wed 03 Apr 2024 21:56:23 INFO  epoch 18 training [time: 50.38s, train loss: 36.5353]
Wed 03 Apr 2024 21:56:55 INFO  epoch 18 evaluating [time: 32.70s, valid_score: 0.103100]
Wed 03 Apr 2024 21:56:55 INFO  valid result: 
recall@10 : 0.1768    mrr@10 : 0.1031    ndcg@10 : 0.1034    hit@10 : 0.2621    precision@10 : 0.0297
Wed 03 Apr 2024 21:57:46 INFO  epoch 19 training [time: 50.64s, train loss: 34.9881]
Wed 03 Apr 2024 21:58:19 INFO  epoch 19 evaluating [time: 32.65s, valid_score: 0.099000]
Wed 03 Apr 2024 21:58:19 INFO  valid result: 
recall@10 : 0.177    mrr@10 : 0.099    ndcg@10 : 0.1013    hit@10 : 0.2605    precision@10 : 0.0293
Wed 03 Apr 2024 21:59:09 INFO  epoch 20 training [time: 50.30s, train loss: 33.6013]
Wed 03 Apr 2024 21:59:41 INFO  epoch 20 evaluating [time: 32.48s, valid_score: 0.100800]
Wed 03 Apr 2024 21:59:41 INFO  valid result: 
recall@10 : 0.1755    mrr@10 : 0.1008    ndcg@10 : 0.1019    hit@10 : 0.2593    precision@10 : 0.0291
Wed 03 Apr 2024 22:00:32 INFO  epoch 21 training [time: 50.93s, train loss: 32.0808]
Wed 03 Apr 2024 22:01:05 INFO  epoch 21 evaluating [time: 32.37s, valid_score: 0.098100]
Wed 03 Apr 2024 22:01:05 INFO  valid result: 
recall@10 : 0.1741    mrr@10 : 0.0981    ndcg@10 : 0.0999    hit@10 : 0.2589    precision@10 : 0.029
Wed 03 Apr 2024 22:01:56 INFO  epoch 22 training [time: 51.09s, train loss: 30.8773]
Wed 03 Apr 2024 22:02:28 INFO  epoch 22 evaluating [time: 32.10s, valid_score: 0.107100]
Wed 03 Apr 2024 22:02:28 INFO  valid result: 
recall@10 : 0.1835    mrr@10 : 0.1071    ndcg@10 : 0.1078    hit@10 : 0.2698    precision@10 : 0.0305
Wed 03 Apr 2024 22:02:28 INFO  Finished training, best eval result in epoch 11
Wed 03 Apr 2024 22:02:37 INFO  Loading model structure and parameters from saved/LFM-1b_artist_20U50I/RippleNet/RippleNet-Apr-03-2024_21-29-13.pth
Wed 03 Apr 2024 22:03:12 INFO  The running environment of this training is as follows:
+-------------+----------------+
| Environment |     Usage      |
+=============+================+
| CPU         |     1.20 %     |
+-------------+----------------+
| GPU         | 3.18 G/14.58 G |
+-------------+----------------+
| Memory      | 1.86 G/27.41 G |
+-------------+----------------+
Wed 03 Apr 2024 22:03:12 INFO  best valid : OrderedDict([('recall@10', 0.1879), ('mrr@10', 0.1141), ('ndcg@10', 0.1122), ('hit@10', 0.2794), ('precision@10', 0.032)])
Wed 03 Apr 2024 22:03:12 INFO  test result: OrderedDict([('recall@10', 0.1898), ('mrr@10', 0.1163), ('ndcg@10', 0.1136), ('hit@10', 0.2786), ('precision@10', 0.0321)])
Wed 03 Apr 2024 22:03:21 INFO  
General Hyper Parameters:
gpu_id = 0
use_gpu = True
seed = 42
state = INFO
reproducibility = True
data_path = data/LFM-1b_artist_20U50I
checkpoint_dir = saved/LFM-1b_artist_20U50I/RippleNet
show_progress = True
save_dataset = False
dataset_save_path = None
save_dataloaders = False
dataloaders_save_path = None
log_wandb = False

Training Hyper Parameters:
epochs = 1
train_batch_size = 4096
learner = adam
learning_rate = 0.001
train_neg_sample_args = {'distribution': 'uniform', 'sample_num': 1, 'dynamic': False, 'candidate_num': 0, 'alpha': 1.0}
eval_step = 1
stopping_step = 10
clip_grad_norm = None
weight_decay = 0.0
loss_decimal_place = 4

Evaluation Hyper Parameters:
eval_args = {'split': {'RS': [0.8, 0.1, 0.1]}, 'order': 'RO', 'group_by': 'user', 'mode': {'valid': 'full', 'test': 'full'}}
repeatable = False
metrics = ['Recall', 'MRR', 'NDCG', 'Hit', 'MAP', 'Precision', 'GAUC', 'ItemCoverage', 'AveragePopularity', 'GiniIndex', 'ShannonEntropy', 'TailPercentage']
topk = [10]
valid_metric = MRR@10
valid_metric_bigger = True
eval_batch_size = 1024
metric_decimal_place = 4

Dataset Hyper Parameters:
field_separator = 	
seq_separator =  
USER_ID_FIELD = user_id
ITEM_ID_FIELD = item_id
RATING_FIELD = rating
TIME_FIELD = timestamp
seq_len = None
LABEL_FIELD = label
threshold = None
NEG_PREFIX = neg_
load_col = {'inter': ['user_id', 'item_id', 'rating', 'timestamp'], 'kg': ['head_id', 'relation_id', 'tail_id'], 'link': ['item_id', 'entity_id']}
unload_col = None
unused_col = None
additional_feat_suffix = None
rm_dup_inter = None
val_interval = None
filter_inter_by_user_or_item = True
user_inter_num_interval = [0,inf)
item_inter_num_interval = [0,inf)
alias_of_user_id = None
alias_of_item_id = None
alias_of_entity_id = None
alias_of_relation_id = None
preload_weight = None
normalize_field = None
normalize_all = None
ITEM_LIST_LENGTH_FIELD = item_length
LIST_SUFFIX = _list
MAX_ITEM_LIST_LENGTH = 50
POSITION_FIELD = position_id
HEAD_ENTITY_ID_FIELD = head_id
TAIL_ENTITY_ID_FIELD = tail_id
RELATION_ID_FIELD = relation_id
ENTITY_ID_FIELD = entity_id
benchmark_filename = None

Other Hyper Parameters: 
worker = 0
wandb_project = recbole
shuffle = True
require_pow = False
enable_amp = False
enable_scaler = False
transform = None
embedding_size = 64
n_hop = 2
n_memory = 16
kg_weight = 0.01
reg_weight = 1e-07
numerical_features = []
discretization = None
kg_reverse_r = False
entity_kg_num_interval = [0,inf)
relation_kg_num_interval = [0,inf)
MODEL_TYPE = ModelType.KNOWLEDGE
encoding = utf-8
device = cuda
my_log_file = /mnt/batch/tasks/shared/LS_root/mounts/clusters/fontanagpu/code/sustainability-of-recsys/log/carbon_default.log
MODEL_INPUT_TYPE = InputType.POINTWISE
eval_type = EvaluatorType.RANKING
single_spec = True
local_rank = 0
valid_neg_sample_args = {'distribution': 'uniform', 'sample_num': 'none'}
test_neg_sample_args = {'distribution': 'uniform', 'sample_num': 'none'}


Wed 03 Apr 2024 22:03:28 INFO  LFM-1b_artist_20U50I
The number of users: 19426
Average actions of users: 19.186718146718146
The number of items: 15510
Average actions of items: 24.03133664323941
The number of inters: 372702
The sparsity of the dataset: 99.87630089964973%
Remain Fields: ['entity_id', 'user_id', 'item_id', 'head_id', 'relation_id', 'tail_id']
The number of entities: 50666
The number of relations: 7
The number of triples: 46827
The number of items that have been linked to KG: 15509
Wed 03 Apr 2024 22:03:30 INFO  [Training]: train_batch_size = [4096] train_neg_sample_args: [{'distribution': 'uniform', 'sample_num': 1, 'dynamic': False, 'candidate_num': 0, 'alpha': 1.0}]
Wed 03 Apr 2024 22:03:30 INFO  [Evaluation]: eval_batch_size = [1024] eval_args: [{'split': {'RS': [0.8, 0.1, 0.1]}, 'order': 'RO', 'group_by': 'user', 'mode': {'valid': 'full', 'test': 'full'}}]
Wed 03 Apr 2024 22:03:33 INFO  0 among 19425 users are padded
Wed 03 Apr 2024 22:03:42 INFO  Loading model structure and parameters from saved/LFM-1b_artist_20U50I/RippleNet/RippleNet-Mar-27-2024_16-13-07.pth
