Tue 02 Apr 2024 16:35:08 INFO  ['src/default_tracker.py']
Tue 02 Apr 2024 16:35:08 INFO  
General Hyper Parameters:
gpu_id = 0
use_gpu = True
seed = 2020
state = INFO
reproducibility = True
data_path = data/LFM-1b_artist_20U50I
checkpoint_dir = saved/LFM-1b_artist_20U50I/RippleNet
show_progress = True
save_dataset = False
dataset_save_path = None
save_dataloaders = False
dataloaders_save_path = None
log_wandb = False

Training Hyper Parameters:
epochs = 100
train_batch_size = 2048
learner = adam
learning_rate = 0.001
train_neg_sample_args = {'distribution': 'uniform', 'sample_num': 1, 'dynamic': False, 'candidate_num': 0, 'alpha': 1.0}
eval_step = 1
stopping_step = 10
clip_grad_norm = None
weight_decay = 0.0
loss_decimal_place = 4

Evaluation Hyper Parameters:
eval_args = {'split': {'RS': [0.8, 0.1, 0.1]}, 'order': 'RO', 'group_by': 'user', 'mode': {'valid': 'full', 'test': 'full'}}
repeatable = False
metrics = ['Recall', 'MRR', 'NDCG', 'Hit', 'Precision']
topk = [10]
valid_metric = MRR@10
valid_metric_bigger = True
eval_batch_size = 4096
metric_decimal_place = 4

Dataset Hyper Parameters:
field_separator = 	
seq_separator =  
USER_ID_FIELD = user_id
ITEM_ID_FIELD = item_id
RATING_FIELD = rating
TIME_FIELD = timestamp
seq_len = None
LABEL_FIELD = label
threshold = None
NEG_PREFIX = neg_
load_col = {'inter': ['user_id', 'item_id', 'rating', 'timestamp'], 'kg': ['head_id', 'relation_id', 'tail_id'], 'link': ['item_id', 'entity_id']}
unload_col = None
unused_col = None
additional_feat_suffix = None
rm_dup_inter = None
val_interval = None
filter_inter_by_user_or_item = True
user_inter_num_interval = [0,inf)
item_inter_num_interval = [0,inf)
alias_of_user_id = None
alias_of_item_id = None
alias_of_entity_id = None
alias_of_relation_id = None
preload_weight = None
normalize_field = None
normalize_all = None
ITEM_LIST_LENGTH_FIELD = item_length
LIST_SUFFIX = _list
MAX_ITEM_LIST_LENGTH = 50
POSITION_FIELD = position_id
HEAD_ENTITY_ID_FIELD = head_id
TAIL_ENTITY_ID_FIELD = tail_id
RELATION_ID_FIELD = relation_id
ENTITY_ID_FIELD = entity_id
benchmark_filename = None

Other Hyper Parameters: 
worker = 0
wandb_project = recbole
shuffle = True
require_pow = False
enable_amp = False
enable_scaler = False
transform = None
embedding_size = 64
n_hop = 2
n_memory = 16
kg_weight = 0.01
reg_weight = 1e-07
numerical_features = []
discretization = None
kg_reverse_r = False
entity_kg_num_interval = [0,inf)
relation_kg_num_interval = [0,inf)
MODEL_TYPE = ModelType.KNOWLEDGE
encoding = utf-8
device = cuda
my_log_file = /mnt/batch/tasks/shared/LS_root/mounts/clusters/fontanagpu/code/sustainability-of-recsys/log/carbon_default_default.log
MODEL_INPUT_TYPE = InputType.POINTWISE
eval_type = EvaluatorType.RANKING
single_spec = True
local_rank = 0
valid_neg_sample_args = {'distribution': 'uniform', 'sample_num': 'none'}
test_neg_sample_args = {'distribution': 'uniform', 'sample_num': 'none'}


Tue 02 Apr 2024 16:35:15 INFO  LFM-1b_artist_20U50I
The number of users: 19426
Average actions of users: 19.186718146718146
The number of items: 15510
Average actions of items: 24.03133664323941
The number of inters: 372702
The sparsity of the dataset: 99.87630089964973%
Remain Fields: ['entity_id', 'user_id', 'item_id', 'head_id', 'relation_id', 'tail_id']
The number of entities: 50666
The number of relations: 7
The number of triples: 46827
The number of items that have been linked to KG: 15509
Tue 02 Apr 2024 16:35:17 INFO  [Training]: train_batch_size = [2048] train_neg_sample_args: [{'distribution': 'uniform', 'sample_num': 1, 'dynamic': False, 'candidate_num': 0, 'alpha': 1.0}]
Tue 02 Apr 2024 16:35:17 INFO  [Evaluation]: eval_batch_size = [4096] eval_args: [{'split': {'RS': [0.8, 0.1, 0.1]}, 'order': 'RO', 'group_by': 'user', 'mode': {'valid': 'full', 'test': 'full'}}]
Tue 02 Apr 2024 16:35:21 INFO  0 among 19425 users are padded
Tue 02 Apr 2024 16:35:21 INFO  RippleNet(
  (entity_embedding): Embedding(50666, 64)
  (relation_embedding): Embedding(7, 4096)
  (transform_matrix): Linear(in_features=64, out_features=64, bias=False)
  (softmax): Softmax(dim=1)
  (sigmoid): Sigmoid()
  (rec_loss): BPRLoss()
  (l2_loss): EmbLoss()
  (loss): BCEWithLogitsLoss()
)
Trainable parameters: 3275392
Tue 02 Apr 2024 16:35:32 INFO  FLOPs: 143518.0
Tue 02 Apr 2024 16:36:55 INFO  epoch 0 training [time: 54.68s, train loss: 114.4920]
Tue 02 Apr 2024 16:37:32 INFO  epoch 0 evaluating [time: 37.26s, valid_score: 0.087500]
Tue 02 Apr 2024 16:37:32 INFO  valid result: 
recall@10 : 0.1515    mrr@10 : 0.0875    ndcg@10 : 0.086    hit@10 : 0.2345    precision@10 : 0.0268
Tue 02 Apr 2024 16:37:36 INFO  Saving current: saved/LFM-1b_artist_20U50I/RippleNet/RippleNet-Apr-02-2024_16-35-32.pth
Tue 02 Apr 2024 16:38:27 INFO  epoch 1 training [time: 50.53s, train loss: 93.0426]
Tue 02 Apr 2024 16:39:03 INFO  epoch 1 evaluating [time: 35.98s, valid_score: 0.096800]
Tue 02 Apr 2024 16:39:03 INFO  valid result: 
recall@10 : 0.15    mrr@10 : 0.0968    ndcg@10 : 0.0901    hit@10 : 0.2364    precision@10 : 0.0274
Tue 02 Apr 2024 16:39:08 INFO  Saving current: saved/LFM-1b_artist_20U50I/RippleNet/RippleNet-Apr-02-2024_16-35-32.pth
Tue 02 Apr 2024 16:39:58 INFO  epoch 2 training [time: 50.24s, train loss: 90.6870]
Tue 02 Apr 2024 16:40:34 INFO  epoch 2 evaluating [time: 35.98s, valid_score: 0.104300]
Tue 02 Apr 2024 16:40:34 INFO  valid result: 
recall@10 : 0.1577    mrr@10 : 0.1043    ndcg@10 : 0.0969    hit@10 : 0.2447    precision@10 : 0.0283
Tue 02 Apr 2024 16:40:38 INFO  Saving current: saved/LFM-1b_artist_20U50I/RippleNet/RippleNet-Apr-02-2024_16-35-32.pth
Tue 02 Apr 2024 16:41:28 INFO  epoch 3 training [time: 50.14s, train loss: 87.3421]
Tue 02 Apr 2024 16:42:04 INFO  epoch 3 evaluating [time: 35.88s, valid_score: 0.101900]
Tue 02 Apr 2024 16:42:04 INFO  valid result: 
recall@10 : 0.1594    mrr@10 : 0.1019    ndcg@10 : 0.0958    hit@10 : 0.2464    precision@10 : 0.0282
Tue 02 Apr 2024 16:42:54 INFO  epoch 4 training [time: 50.07s, train loss: 81.7632]
Tue 02 Apr 2024 16:43:31 INFO  epoch 4 evaluating [time: 36.77s, valid_score: 0.105500]
Tue 02 Apr 2024 16:43:31 INFO  valid result: 
recall@10 : 0.169    mrr@10 : 0.1055    ndcg@10 : 0.1007    hit@10 : 0.258    precision@10 : 0.0297
Tue 02 Apr 2024 16:43:36 INFO  Saving current: saved/LFM-1b_artist_20U50I/RippleNet/RippleNet-Apr-02-2024_16-35-32.pth
Tue 02 Apr 2024 16:44:26 INFO  epoch 5 training [time: 49.99s, train loss: 77.2018]
Tue 02 Apr 2024 16:45:01 INFO  epoch 5 evaluating [time: 35.90s, valid_score: 0.100400]
Tue 02 Apr 2024 16:45:01 INFO  valid result: 
recall@10 : 0.1654    mrr@10 : 0.1004    ndcg@10 : 0.0975    hit@10 : 0.2524    precision@10 : 0.0291
Tue 02 Apr 2024 16:45:52 INFO  epoch 6 training [time: 50.08s, train loss: 73.3249]
Tue 02 Apr 2024 16:46:28 INFO  epoch 6 evaluating [time: 36.03s, valid_score: 0.096900]
Tue 02 Apr 2024 16:46:28 INFO  valid result: 
recall@10 : 0.1717    mrr@10 : 0.0969    ndcg@10 : 0.0975    hit@10 : 0.2601    precision@10 : 0.0297
Tue 02 Apr 2024 16:47:18 INFO  epoch 7 training [time: 50.42s, train loss: 68.8465]
Tue 02 Apr 2024 16:47:55 INFO  epoch 7 evaluating [time: 36.90s, valid_score: 0.103000]
Tue 02 Apr 2024 16:47:55 INFO  valid result: 
recall@10 : 0.1721    mrr@10 : 0.103    ndcg@10 : 0.1006    hit@10 : 0.2611    precision@10 : 0.0299
Tue 02 Apr 2024 16:48:45 INFO  epoch 8 training [time: 49.94s, train loss: 65.2272]
Tue 02 Apr 2024 16:49:21 INFO  epoch 8 evaluating [time: 35.95s, valid_score: 0.109600]
Tue 02 Apr 2024 16:49:21 INFO  valid result: 
recall@10 : 0.1781    mrr@10 : 0.1096    ndcg@10 : 0.106    hit@10 : 0.2693    precision@10 : 0.031
Tue 02 Apr 2024 16:49:25 INFO  Saving current: saved/LFM-1b_artist_20U50I/RippleNet/RippleNet-Apr-02-2024_16-35-32.pth
Tue 02 Apr 2024 16:50:16 INFO  epoch 9 training [time: 50.09s, train loss: 61.3266]
Tue 02 Apr 2024 16:50:52 INFO  epoch 9 evaluating [time: 35.94s, valid_score: 0.107000]
Tue 02 Apr 2024 16:50:52 INFO  valid result: 
recall@10 : 0.1759    mrr@10 : 0.107    ndcg@10 : 0.1042    hit@10 : 0.2676    precision@10 : 0.0307
Tue 02 Apr 2024 16:51:42 INFO  epoch 10 training [time: 50.47s, train loss: 57.7849]
Tue 02 Apr 2024 16:52:19 INFO  epoch 10 evaluating [time: 37.09s, valid_score: 0.110900]
Tue 02 Apr 2024 16:52:19 INFO  valid result: 
recall@10 : 0.1789    mrr@10 : 0.1109    ndcg@10 : 0.1073    hit@10 : 0.2701    precision@10 : 0.0309
Tue 02 Apr 2024 16:52:24 INFO  Saving current: saved/LFM-1b_artist_20U50I/RippleNet/RippleNet-Apr-02-2024_16-35-32.pth
Tue 02 Apr 2024 16:53:14 INFO  epoch 11 training [time: 50.18s, train loss: 54.5977]
Tue 02 Apr 2024 16:53:53 INFO  epoch 11 evaluating [time: 38.86s, valid_score: 0.114100]
Tue 02 Apr 2024 16:53:53 INFO  valid result: 
recall@10 : 0.1879    mrr@10 : 0.1141    ndcg@10 : 0.1122    hit@10 : 0.2794    precision@10 : 0.032
Tue 02 Apr 2024 16:53:57 INFO  Saving current: saved/LFM-1b_artist_20U50I/RippleNet/RippleNet-Apr-02-2024_16-35-32.pth
Tue 02 Apr 2024 16:54:47 INFO  epoch 12 training [time: 50.05s, train loss: 51.1829]
Tue 02 Apr 2024 16:55:22 INFO  epoch 12 evaluating [time: 34.95s, valid_score: 0.108900]
Tue 02 Apr 2024 16:55:22 INFO  valid result: 
recall@10 : 0.1824    mrr@10 : 0.1089    ndcg@10 : 0.1074    hit@10 : 0.2705    precision@10 : 0.0309
Tue 02 Apr 2024 16:56:13 INFO  epoch 13 training [time: 50.69s, train loss: 48.3831]
Tue 02 Apr 2024 16:56:46 INFO  epoch 13 evaluating [time: 33.14s, valid_score: 0.112800]
Tue 02 Apr 2024 16:56:46 INFO  valid result: 
recall@10 : 0.1882    mrr@10 : 0.1128    ndcg@10 : 0.1111    hit@10 : 0.2783    precision@10 : 0.0317
Tue 02 Apr 2024 16:57:36 INFO  epoch 14 training [time: 50.04s, train loss: 45.2758]
Tue 02 Apr 2024 16:58:13 INFO  epoch 14 evaluating [time: 37.02s, valid_score: 0.108400]
Tue 02 Apr 2024 16:58:13 INFO  valid result: 
recall@10 : 0.1872    mrr@10 : 0.1084    ndcg@10 : 0.1088    hit@10 : 0.2786    precision@10 : 0.0318
Tue 02 Apr 2024 16:59:03 INFO  epoch 15 training [time: 50.37s, train loss: 42.7582]
Tue 02 Apr 2024 16:59:37 INFO  epoch 15 evaluating [time: 34.11s, valid_score: 0.107300]
Tue 02 Apr 2024 16:59:37 INFO  valid result: 
recall@10 : 0.1863    mrr@10 : 0.1073    ndcg@10 : 0.1084    hit@10 : 0.2762    precision@10 : 0.0314
Tue 02 Apr 2024 17:00:28 INFO  epoch 16 training [time: 50.36s, train loss: 40.6430]
Tue 02 Apr 2024 17:01:02 INFO  epoch 16 evaluating [time: 34.30s, valid_score: 0.105400]
Tue 02 Apr 2024 17:01:02 INFO  valid result: 
recall@10 : 0.183    mrr@10 : 0.1054    ndcg@10 : 0.106    hit@10 : 0.2709    precision@10 : 0.031
Tue 02 Apr 2024 17:01:53 INFO  epoch 17 training [time: 50.55s, train loss: 38.8348]
Tue 02 Apr 2024 17:02:27 INFO  epoch 17 evaluating [time: 34.17s, valid_score: 0.098300]
Tue 02 Apr 2024 17:02:27 INFO  valid result: 
recall@10 : 0.1736    mrr@10 : 0.0983    ndcg@10 : 0.0997    hit@10 : 0.2568    precision@10 : 0.0293
Tue 02 Apr 2024 17:03:18 INFO  epoch 18 training [time: 50.71s, train loss: 36.5353]
Tue 02 Apr 2024 17:03:52 INFO  epoch 18 evaluating [time: 34.60s, valid_score: 0.103100]
Tue 02 Apr 2024 17:03:52 INFO  valid result: 
recall@10 : 0.1768    mrr@10 : 0.1031    ndcg@10 : 0.1034    hit@10 : 0.2621    precision@10 : 0.0297
Tue 02 Apr 2024 17:04:44 INFO  epoch 19 training [time: 52.16s, train loss: 34.9881]
Tue 02 Apr 2024 17:05:19 INFO  epoch 19 evaluating [time: 34.40s, valid_score: 0.099000]
Tue 02 Apr 2024 17:05:19 INFO  valid result: 
recall@10 : 0.177    mrr@10 : 0.099    ndcg@10 : 0.1013    hit@10 : 0.2605    precision@10 : 0.0293
Tue 02 Apr 2024 17:06:09 INFO  epoch 20 training [time: 50.12s, train loss: 33.6013]
Tue 02 Apr 2024 17:06:43 INFO  epoch 20 evaluating [time: 34.12s, valid_score: 0.100800]
Tue 02 Apr 2024 17:06:43 INFO  valid result: 
recall@10 : 0.1755    mrr@10 : 0.1008    ndcg@10 : 0.1019    hit@10 : 0.2593    precision@10 : 0.0291
Tue 02 Apr 2024 17:07:33 INFO  epoch 21 training [time: 50.21s, train loss: 32.0808]
Tue 02 Apr 2024 17:08:08 INFO  epoch 21 evaluating [time: 34.31s, valid_score: 0.098100]
Tue 02 Apr 2024 17:08:08 INFO  valid result: 
recall@10 : 0.1741    mrr@10 : 0.0981    ndcg@10 : 0.0999    hit@10 : 0.2589    precision@10 : 0.029
Tue 02 Apr 2024 17:08:58 INFO  epoch 22 training [time: 50.60s, train loss: 30.8773]
Tue 02 Apr 2024 17:09:33 INFO  epoch 22 evaluating [time: 34.86s, valid_score: 0.107100]
Tue 02 Apr 2024 17:09:33 INFO  valid result: 
recall@10 : 0.1835    mrr@10 : 0.1071    ndcg@10 : 0.1078    hit@10 : 0.2698    precision@10 : 0.0305
Tue 02 Apr 2024 17:09:33 INFO  Finished training, best eval result in epoch 11
Tue 02 Apr 2024 17:09:42 INFO  Loading model structure and parameters from saved/LFM-1b_artist_20U50I/RippleNet/RippleNet-Apr-02-2024_16-35-32.pth
Tue 02 Apr 2024 17:10:20 INFO  The running environment of this training is as follows:
+-------------+----------------+
| Environment |     Usage      |
+=============+================+
| CPU         |     6.30 %     |
+-------------+----------------+
| GPU         | 3.18 G/14.58 G |
+-------------+----------------+
| Memory      | 1.71 G/27.41 G |
+-------------+----------------+
Tue 02 Apr 2024 17:10:20 INFO  best valid : OrderedDict([('recall@10', 0.1879), ('mrr@10', 0.1141), ('ndcg@10', 0.1122), ('hit@10', 0.2794), ('precision@10', 0.032)])
Tue 02 Apr 2024 17:10:20 INFO  test result: OrderedDict([('recall@10', 0.1898), ('mrr@10', 0.1163), ('ndcg@10', 0.1136), ('hit@10', 0.2786), ('precision@10', 0.0321)])
Tue 02 Apr 2024 17:10:28 INFO  
General Hyper Parameters:
gpu_id = 0
use_gpu = True
seed = 42
state = INFO
reproducibility = True
data_path = data/LFM-1b_artist_20U50I
checkpoint_dir = saved/LFM-1b_artist_20U50I/RippleNet
show_progress = True
save_dataset = False
dataset_save_path = None
save_dataloaders = False
dataloaders_save_path = None
log_wandb = False

Training Hyper Parameters:
epochs = 1
train_batch_size = 4096
learner = adam
learning_rate = 0.001
train_neg_sample_args = {'distribution': 'uniform', 'sample_num': 1, 'dynamic': False, 'candidate_num': 0, 'alpha': 1.0}
eval_step = 1
stopping_step = 10
clip_grad_norm = None
weight_decay = 0.0
loss_decimal_place = 4

Evaluation Hyper Parameters:
eval_args = {'split': {'RS': [0.8, 0.1, 0.1]}, 'order': 'RO', 'group_by': 'user', 'mode': {'valid': 'full', 'test': 'full'}}
repeatable = False
metrics = ['Recall', 'MRR', 'NDCG', 'Hit', 'MAP', 'Precision', 'GAUC', 'ItemCoverage', 'AveragePopularity', 'GiniIndex', 'ShannonEntropy', 'TailPercentage']
topk = [10]
valid_metric = MRR@10
valid_metric_bigger = True
eval_batch_size = 1024
metric_decimal_place = 4

Dataset Hyper Parameters:
field_separator = 	
seq_separator =  
USER_ID_FIELD = user_id
ITEM_ID_FIELD = item_id
RATING_FIELD = rating
TIME_FIELD = timestamp
seq_len = None
LABEL_FIELD = label
threshold = None
NEG_PREFIX = neg_
load_col = {'inter': ['user_id', 'item_id', 'rating', 'timestamp'], 'kg': ['head_id', 'relation_id', 'tail_id'], 'link': ['item_id', 'entity_id']}
unload_col = None
unused_col = None
additional_feat_suffix = None
rm_dup_inter = None
val_interval = None
filter_inter_by_user_or_item = True
user_inter_num_interval = [0,inf)
item_inter_num_interval = [0,inf)
alias_of_user_id = None
alias_of_item_id = None
alias_of_entity_id = None
alias_of_relation_id = None
preload_weight = None
normalize_field = None
normalize_all = None
ITEM_LIST_LENGTH_FIELD = item_length
LIST_SUFFIX = _list
MAX_ITEM_LIST_LENGTH = 50
POSITION_FIELD = position_id
HEAD_ENTITY_ID_FIELD = head_id
TAIL_ENTITY_ID_FIELD = tail_id
RELATION_ID_FIELD = relation_id
ENTITY_ID_FIELD = entity_id
benchmark_filename = None

Other Hyper Parameters: 
worker = 0
wandb_project = recbole
shuffle = True
require_pow = False
enable_amp = False
enable_scaler = False
transform = None
embedding_size = 64
n_hop = 2
n_memory = 16
kg_weight = 0.01
reg_weight = 1e-07
numerical_features = []
discretization = None
kg_reverse_r = False
entity_kg_num_interval = [0,inf)
relation_kg_num_interval = [0,inf)
MODEL_TYPE = ModelType.KNOWLEDGE
encoding = utf-8
device = cuda
my_log_file = /mnt/batch/tasks/shared/LS_root/mounts/clusters/fontanagpu/code/sustainability-of-recsys/log/carbon_default.log
MODEL_INPUT_TYPE = InputType.POINTWISE
eval_type = EvaluatorType.RANKING
single_spec = True
local_rank = 0
valid_neg_sample_args = {'distribution': 'uniform', 'sample_num': 'none'}
test_neg_sample_args = {'distribution': 'uniform', 'sample_num': 'none'}


Tue 02 Apr 2024 17:10:35 INFO  LFM-1b_artist_20U50I
The number of users: 19426
Average actions of users: 19.186718146718146
The number of items: 15510
Average actions of items: 24.03133664323941
The number of inters: 372702
The sparsity of the dataset: 99.87630089964973%
Remain Fields: ['entity_id', 'user_id', 'item_id', 'head_id', 'relation_id', 'tail_id']
The number of entities: 50666
The number of relations: 7
The number of triples: 46827
The number of items that have been linked to KG: 15509
Tue 02 Apr 2024 17:10:37 INFO  [Training]: train_batch_size = [4096] train_neg_sample_args: [{'distribution': 'uniform', 'sample_num': 1, 'dynamic': False, 'candidate_num': 0, 'alpha': 1.0}]
Tue 02 Apr 2024 17:10:37 INFO  [Evaluation]: eval_batch_size = [1024] eval_args: [{'split': {'RS': [0.8, 0.1, 0.1]}, 'order': 'RO', 'group_by': 'user', 'mode': {'valid': 'full', 'test': 'full'}}]
Tue 02 Apr 2024 17:10:41 INFO  0 among 19425 users are padded
Tue 02 Apr 2024 17:10:49 INFO  Loading model structure and parameters from saved/LFM-1b_artist_20U50I/RippleNet/RippleNet-Mar-27-2024_16-13-07.pth
Tue 02 Apr 2024 17:11:43 INFO  ['src/default_tracker.py']
Tue 02 Apr 2024 17:11:43 INFO  
General Hyper Parameters:
gpu_id = 0
use_gpu = True
seed = 2020
state = INFO
reproducibility = True
data_path = data/LFM-1b_artist_20U50I
checkpoint_dir = saved/LFM-1b_artist_20U50I/DGCF
show_progress = True
save_dataset = False
dataset_save_path = None
save_dataloaders = False
dataloaders_save_path = None
log_wandb = False

Training Hyper Parameters:
epochs = 100
train_batch_size = 2048
learner = adam
learning_rate = 0.001
train_neg_sample_args = {'distribution': 'uniform', 'sample_num': 1, 'dynamic': False, 'candidate_num': 0, 'alpha': 1.0}
eval_step = 1
stopping_step = 10
clip_grad_norm = None
weight_decay = 0.0
loss_decimal_place = 4

Evaluation Hyper Parameters:
eval_args = {'split': {'RS': [0.8, 0.1, 0.1]}, 'order': 'RO', 'group_by': 'user', 'mode': {'valid': 'full', 'test': 'full'}}
repeatable = False
metrics = ['Recall', 'MRR', 'NDCG', 'Hit', 'Precision']
topk = [10]
valid_metric = MRR@10
valid_metric_bigger = True
eval_batch_size = 4096
metric_decimal_place = 4

Dataset Hyper Parameters:
field_separator = 	
seq_separator =  
USER_ID_FIELD = user_id
ITEM_ID_FIELD = item_id
RATING_FIELD = rating
TIME_FIELD = timestamp
seq_len = None
LABEL_FIELD = label
threshold = None
NEG_PREFIX = neg_
load_col = {'inter': ['user_id', 'item_id']}
unload_col = None
unused_col = None
additional_feat_suffix = None
rm_dup_inter = None
val_interval = None
filter_inter_by_user_or_item = True
user_inter_num_interval = [0,inf)
item_inter_num_interval = [0,inf)
alias_of_user_id = None
alias_of_item_id = None
alias_of_entity_id = None
alias_of_relation_id = None
preload_weight = None
normalize_field = None
normalize_all = None
ITEM_LIST_LENGTH_FIELD = item_length
LIST_SUFFIX = _list
MAX_ITEM_LIST_LENGTH = 50
POSITION_FIELD = position_id
HEAD_ENTITY_ID_FIELD = head_id
TAIL_ENTITY_ID_FIELD = tail_id
RELATION_ID_FIELD = relation_id
ENTITY_ID_FIELD = entity_id
benchmark_filename = None

Other Hyper Parameters: 
worker = 0
wandb_project = recbole
shuffle = True
require_pow = False
enable_amp = False
enable_scaler = False
transform = None
embedding_size = 64
n_factors = 4
n_iterations = 2
n_layers = 1
reg_weight = 0.001
cor_weight = 0.01
numerical_features = []
discretization = None
kg_reverse_r = False
entity_kg_num_interval = [0,inf)
relation_kg_num_interval = [0,inf)
MODEL_TYPE = ModelType.GENERAL
encoding = utf-8
device = cuda
my_log_file = /mnt/batch/tasks/shared/LS_root/mounts/clusters/fontanagpu/code/sustainability-of-recsys/log/carbon_default_default.log
MODEL_INPUT_TYPE = InputType.PAIRWISE
eval_type = EvaluatorType.RANKING
single_spec = True
local_rank = 0
valid_neg_sample_args = {'distribution': 'uniform', 'sample_num': 'none'}
test_neg_sample_args = {'distribution': 'uniform', 'sample_num': 'none'}


Tue 02 Apr 2024 17:11:46 INFO  LFM-1b_artist_20U50I
The number of users: 19842
Average actions of users: 45.371301849705155
The number of items: 42458
Average actions of items: 21.202911180724026
The number of inters: 900212
The sparsity of the dataset: 99.89314377686127%
Remain Fields: ['user_id', 'item_id']
Tue 02 Apr 2024 17:11:49 INFO  [Training]: train_batch_size = [2048] train_neg_sample_args: [{'distribution': 'uniform', 'sample_num': 1, 'dynamic': False, 'candidate_num': 0, 'alpha': 1.0}]
Tue 02 Apr 2024 17:11:49 INFO  [Evaluation]: eval_batch_size = [4096] eval_args: [{'split': {'RS': [0.8, 0.1, 0.1]}, 'order': 'RO', 'group_by': 'user', 'mode': {'valid': 'full', 'test': 'full'}}]
Tue 02 Apr 2024 17:11:50 INFO  DGCF(
  (user_embedding): Embedding(19842, 64)
  (item_embedding): Embedding(42458, 64)
  (softmax): Softmax(dim=1)
  (mf_loss): BPRLoss()
  (reg_loss): EmbLoss()
)
Trainable parameters: 3987200
Tue 02 Apr 2024 17:11:52 INFO  FLOPs: 32199420.0
Tue 02 Apr 2024 17:18:28 INFO  epoch 0 training [time: 395.89s, train loss: 145.0404]
Tue 02 Apr 2024 17:18:53 INFO  epoch 0 evaluating [time: 25.38s, valid_score: 0.119800]
Tue 02 Apr 2024 17:18:53 INFO  valid result: 
recall@10 : 0.0913    mrr@10 : 0.1198    ndcg@10 : 0.0718    hit@10 : 0.2648    precision@10 : 0.0345
Tue 02 Apr 2024 17:18:54 INFO  Saving current: saved/LFM-1b_artist_20U50I/DGCF/DGCF-Apr-02-2024_17-11-52.pth
Tue 02 Apr 2024 17:25:29 INFO  epoch 1 training [time: 394.83s, train loss: 75.8066]
Tue 02 Apr 2024 17:25:55 INFO  epoch 1 evaluating [time: 26.81s, valid_score: 0.120000]
Tue 02 Apr 2024 17:25:55 INFO  valid result: 
recall@10 : 0.0912    mrr@10 : 0.12    ndcg@10 : 0.0718    hit@10 : 0.2647    precision@10 : 0.0345
Tue 02 Apr 2024 17:25:56 INFO  Saving current: saved/LFM-1b_artist_20U50I/DGCF/DGCF-Apr-02-2024_17-11-52.pth
Tue 02 Apr 2024 17:32:32 INFO  epoch 2 training [time: 395.51s, train loss: 70.4936]
Tue 02 Apr 2024 17:32:56 INFO  epoch 2 evaluating [time: 24.34s, valid_score: 0.120400]
Tue 02 Apr 2024 17:32:56 INFO  valid result: 
recall@10 : 0.0909    mrr@10 : 0.1204    ndcg@10 : 0.0719    hit@10 : 0.2645    precision@10 : 0.0346
Tue 02 Apr 2024 17:32:57 INFO  Saving current: saved/LFM-1b_artist_20U50I/DGCF/DGCF-Apr-02-2024_17-11-52.pth
Tue 02 Apr 2024 17:39:33 INFO  epoch 3 training [time: 395.91s, train loss: 68.1208]
Tue 02 Apr 2024 17:39:57 INFO  epoch 3 evaluating [time: 24.69s, valid_score: 0.120500]
Tue 02 Apr 2024 17:39:57 INFO  valid result: 
recall@10 : 0.0906    mrr@10 : 0.1205    ndcg@10 : 0.0719    hit@10 : 0.2642    precision@10 : 0.0345
Tue 02 Apr 2024 17:39:58 INFO  Saving current: saved/LFM-1b_artist_20U50I/DGCF/DGCF-Apr-02-2024_17-11-52.pth
Tue 02 Apr 2024 17:46:48 INFO  epoch 4 training [time: 409.73s, train loss: 66.2298]
Tue 02 Apr 2024 17:47:12 INFO  epoch 4 evaluating [time: 24.14s, valid_score: 0.120300]
Tue 02 Apr 2024 17:47:12 INFO  valid result: 
recall@10 : 0.0907    mrr@10 : 0.1203    ndcg@10 : 0.0718    hit@10 : 0.2647    precision@10 : 0.0346
Tue 02 Apr 2024 17:53:47 INFO  epoch 5 training [time: 395.30s, train loss: 63.6921]
Tue 02 Apr 2024 17:54:11 INFO  epoch 5 evaluating [time: 23.60s, valid_score: 0.120700]
Tue 02 Apr 2024 17:54:11 INFO  valid result: 
recall@10 : 0.0908    mrr@10 : 0.1207    ndcg@10 : 0.072    hit@10 : 0.2653    precision@10 : 0.0346
Tue 02 Apr 2024 17:54:12 INFO  Saving current: saved/LFM-1b_artist_20U50I/DGCF/DGCF-Apr-02-2024_17-11-52.pth
Tue 02 Apr 2024 18:00:44 INFO  epoch 6 training [time: 392.12s, train loss: 61.7668]
Tue 02 Apr 2024 18:01:07 INFO  epoch 6 evaluating [time: 23.67s, valid_score: 0.121000]
Tue 02 Apr 2024 18:01:07 INFO  valid result: 
recall@10 : 0.0917    mrr@10 : 0.121    ndcg@10 : 0.0724    hit@10 : 0.2676    precision@10 : 0.0351
Tue 02 Apr 2024 18:01:08 INFO  Saving current: saved/LFM-1b_artist_20U50I/DGCF/DGCF-Apr-02-2024_17-11-52.pth
Tue 02 Apr 2024 18:07:41 INFO  epoch 7 training [time: 393.27s, train loss: 59.2940]
Tue 02 Apr 2024 18:08:05 INFO  epoch 7 evaluating [time: 23.56s, valid_score: 0.121400]
Tue 02 Apr 2024 18:08:05 INFO  valid result: 
recall@10 : 0.0922    mrr@10 : 0.1214    ndcg@10 : 0.0727    hit@10 : 0.2692    precision@10 : 0.0352
Tue 02 Apr 2024 18:08:06 INFO  Saving current: saved/LFM-1b_artist_20U50I/DGCF/DGCF-Apr-02-2024_17-11-52.pth
Tue 02 Apr 2024 18:14:39 INFO  epoch 8 training [time: 393.39s, train loss: 57.3625]
Tue 02 Apr 2024 18:15:03 INFO  epoch 8 evaluating [time: 23.70s, valid_score: 0.122200]
Tue 02 Apr 2024 18:15:03 INFO  valid result: 
recall@10 : 0.0934    mrr@10 : 0.1222    ndcg@10 : 0.0733    hit@10 : 0.2716    precision@10 : 0.0354
Tue 02 Apr 2024 18:15:04 INFO  Saving current: saved/LFM-1b_artist_20U50I/DGCF/DGCF-Apr-02-2024_17-11-52.pth
Tue 02 Apr 2024 18:21:38 INFO  epoch 9 training [time: 394.14s, train loss: 54.4023]
Tue 02 Apr 2024 18:22:01 INFO  epoch 9 evaluating [time: 23.63s, valid_score: 0.123500]
Tue 02 Apr 2024 18:22:01 INFO  valid result: 
recall@10 : 0.0953    mrr@10 : 0.1235    ndcg@10 : 0.0743    hit@10 : 0.2754    precision@10 : 0.036
Tue 02 Apr 2024 18:22:02 INFO  Saving current: saved/LFM-1b_artist_20U50I/DGCF/DGCF-Apr-02-2024_17-11-52.pth
Tue 02 Apr 2024 18:28:38 INFO  epoch 10 training [time: 395.91s, train loss: 52.3065]
Tue 02 Apr 2024 18:29:01 INFO  epoch 10 evaluating [time: 23.47s, valid_score: 0.124100]
Tue 02 Apr 2024 18:29:01 INFO  valid result: 
recall@10 : 0.0961    mrr@10 : 0.1241    ndcg@10 : 0.075    hit@10 : 0.277    precision@10 : 0.0365
Tue 02 Apr 2024 18:29:02 INFO  Saving current: saved/LFM-1b_artist_20U50I/DGCF/DGCF-Apr-02-2024_17-11-52.pth
Tue 02 Apr 2024 18:35:37 INFO  epoch 11 training [time: 394.18s, train loss: 49.9421]
Tue 02 Apr 2024 18:36:00 INFO  epoch 11 evaluating [time: 23.51s, valid_score: 0.125500]
Tue 02 Apr 2024 18:36:00 INFO  valid result: 
recall@10 : 0.0971    mrr@10 : 0.1255    ndcg@10 : 0.0758    hit@10 : 0.2798    precision@10 : 0.0369
Tue 02 Apr 2024 18:36:01 INFO  Saving current: saved/LFM-1b_artist_20U50I/DGCF/DGCF-Apr-02-2024_17-11-52.pth
Tue 02 Apr 2024 18:42:35 INFO  epoch 12 training [time: 394.10s, train loss: 47.6323]
Tue 02 Apr 2024 18:42:59 INFO  epoch 12 evaluating [time: 23.52s, valid_score: 0.126300]
Tue 02 Apr 2024 18:42:59 INFO  valid result: 
recall@10 : 0.0983    mrr@10 : 0.1263    ndcg@10 : 0.0765    hit@10 : 0.2828    precision@10 : 0.0374
Tue 02 Apr 2024 18:42:59 INFO  Saving current: saved/LFM-1b_artist_20U50I/DGCF/DGCF-Apr-02-2024_17-11-52.pth
Tue 02 Apr 2024 18:49:35 INFO  epoch 13 training [time: 395.72s, train loss: 45.3332]
Tue 02 Apr 2024 18:49:59 INFO  epoch 13 evaluating [time: 23.65s, valid_score: 0.127300]
Tue 02 Apr 2024 18:49:59 INFO  valid result: 
recall@10 : 0.0995    mrr@10 : 0.1273    ndcg@10 : 0.0774    hit@10 : 0.2864    precision@10 : 0.0379
Tue 02 Apr 2024 18:50:00 INFO  Saving current: saved/LFM-1b_artist_20U50I/DGCF/DGCF-Apr-02-2024_17-11-52.pth
Tue 02 Apr 2024 18:56:36 INFO  epoch 14 training [time: 396.35s, train loss: 43.2122]
Tue 02 Apr 2024 18:56:59 INFO  epoch 14 evaluating [time: 23.45s, valid_score: 0.128500]
Tue 02 Apr 2024 18:56:59 INFO  valid result: 
recall@10 : 0.1009    mrr@10 : 0.1285    ndcg@10 : 0.0783    hit@10 : 0.2888    precision@10 : 0.0384
Tue 02 Apr 2024 18:57:01 INFO  Saving current: saved/LFM-1b_artist_20U50I/DGCF/DGCF-Apr-02-2024_17-11-52.pth
Tue 02 Apr 2024 19:03:36 INFO  epoch 15 training [time: 394.99s, train loss: 41.3109]
Tue 02 Apr 2024 19:03:59 INFO  epoch 15 evaluating [time: 23.55s, valid_score: 0.129800]
Tue 02 Apr 2024 19:03:59 INFO  valid result: 
recall@10 : 0.1019    mrr@10 : 0.1298    ndcg@10 : 0.0791    hit@10 : 0.2924    precision@10 : 0.039
Tue 02 Apr 2024 19:04:00 INFO  Saving current: saved/LFM-1b_artist_20U50I/DGCF/DGCF-Apr-02-2024_17-11-52.pth
Tue 02 Apr 2024 19:10:36 INFO  epoch 16 training [time: 395.85s, train loss: 39.6320]
Tue 02 Apr 2024 19:10:59 INFO  epoch 16 evaluating [time: 23.56s, valid_score: 0.130700]
Tue 02 Apr 2024 19:10:59 INFO  valid result: 
recall@10 : 0.1035    mrr@10 : 0.1307    ndcg@10 : 0.08    hit@10 : 0.2963    precision@10 : 0.0396
Tue 02 Apr 2024 19:11:00 INFO  Saving current: saved/LFM-1b_artist_20U50I/DGCF/DGCF-Apr-02-2024_17-11-52.pth
Tue 02 Apr 2024 19:17:35 INFO  epoch 17 training [time: 394.82s, train loss: 37.9128]
Tue 02 Apr 2024 19:17:59 INFO  epoch 17 evaluating [time: 23.65s, valid_score: 0.132400]
Tue 02 Apr 2024 19:17:59 INFO  valid result: 
recall@10 : 0.1048    mrr@10 : 0.1324    ndcg@10 : 0.0811    hit@10 : 0.2998    precision@10 : 0.0401
Tue 02 Apr 2024 19:18:00 INFO  Saving current: saved/LFM-1b_artist_20U50I/DGCF/DGCF-Apr-02-2024_17-11-52.pth
Tue 02 Apr 2024 19:24:34 INFO  epoch 18 training [time: 394.69s, train loss: 36.7189]
Tue 02 Apr 2024 19:24:58 INFO  epoch 18 evaluating [time: 23.52s, valid_score: 0.133700]
Tue 02 Apr 2024 19:24:58 INFO  valid result: 
recall@10 : 0.1061    mrr@10 : 0.1337    ndcg@10 : 0.082    hit@10 : 0.303    precision@10 : 0.0406
Tue 02 Apr 2024 19:24:59 INFO  Saving current: saved/LFM-1b_artist_20U50I/DGCF/DGCF-Apr-02-2024_17-11-52.pth
Tue 02 Apr 2024 19:31:33 INFO  epoch 19 training [time: 394.30s, train loss: 34.8389]
Tue 02 Apr 2024 19:31:57 INFO  epoch 19 evaluating [time: 23.54s, valid_score: 0.135000]
Tue 02 Apr 2024 19:31:57 INFO  valid result: 
recall@10 : 0.1074    mrr@10 : 0.135    ndcg@10 : 0.0829    hit@10 : 0.3061    precision@10 : 0.0412
Tue 02 Apr 2024 19:31:57 INFO  Saving current: saved/LFM-1b_artist_20U50I/DGCF/DGCF-Apr-02-2024_17-11-52.pth
Tue 02 Apr 2024 19:38:31 INFO  epoch 20 training [time: 393.59s, train loss: 33.5446]
Tue 02 Apr 2024 19:38:55 INFO  epoch 20 evaluating [time: 23.58s, valid_score: 0.136400]
Tue 02 Apr 2024 19:38:55 INFO  valid result: 
recall@10 : 0.1098    mrr@10 : 0.1364    ndcg@10 : 0.0842    hit@10 : 0.3105    precision@10 : 0.042
Tue 02 Apr 2024 19:38:55 INFO  Saving current: saved/LFM-1b_artist_20U50I/DGCF/DGCF-Apr-02-2024_17-11-52.pth
Tue 02 Apr 2024 19:45:28 INFO  epoch 21 training [time: 393.09s, train loss: 32.4325]
Tue 02 Apr 2024 19:45:52 INFO  epoch 21 evaluating [time: 23.71s, valid_score: 0.137700]
Tue 02 Apr 2024 19:45:52 INFO  valid result: 
recall@10 : 0.1105    mrr@10 : 0.1377    ndcg@10 : 0.085    hit@10 : 0.3119    precision@10 : 0.0423
Tue 02 Apr 2024 19:45:53 INFO  Saving current: saved/LFM-1b_artist_20U50I/DGCF/DGCF-Apr-02-2024_17-11-52.pth
Tue 02 Apr 2024 19:52:26 INFO  epoch 22 training [time: 392.79s, train loss: 30.9533]
Tue 02 Apr 2024 19:52:49 INFO  epoch 22 evaluating [time: 23.58s, valid_score: 0.138800]
Tue 02 Apr 2024 19:52:49 INFO  valid result: 
recall@10 : 0.1119    mrr@10 : 0.1388    ndcg@10 : 0.086    hit@10 : 0.3155    precision@10 : 0.0429
Tue 02 Apr 2024 19:52:50 INFO  Saving current: saved/LFM-1b_artist_20U50I/DGCF/DGCF-Apr-02-2024_17-11-52.pth
Tue 02 Apr 2024 19:59:23 INFO  epoch 23 training [time: 392.61s, train loss: 29.5724]
Tue 02 Apr 2024 19:59:46 INFO  epoch 23 evaluating [time: 23.60s, valid_score: 0.139700]
Tue 02 Apr 2024 19:59:46 INFO  valid result: 
recall@10 : 0.1135    mrr@10 : 0.1397    ndcg@10 : 0.0869    hit@10 : 0.3194    precision@10 : 0.0434
Tue 02 Apr 2024 19:59:47 INFO  Saving current: saved/LFM-1b_artist_20U50I/DGCF/DGCF-Apr-02-2024_17-11-52.pth
Tue 02 Apr 2024 20:06:22 INFO  epoch 24 training [time: 395.11s, train loss: 28.5602]
Tue 02 Apr 2024 20:06:46 INFO  epoch 24 evaluating [time: 23.77s, valid_score: 0.140400]
Tue 02 Apr 2024 20:06:46 INFO  valid result: 
recall@10 : 0.1148    mrr@10 : 0.1404    ndcg@10 : 0.0877    hit@10 : 0.3227    precision@10 : 0.0439
Tue 02 Apr 2024 20:06:47 INFO  Saving current: saved/LFM-1b_artist_20U50I/DGCF/DGCF-Apr-02-2024_17-11-52.pth
Tue 02 Apr 2024 20:13:24 INFO  epoch 25 training [time: 396.49s, train loss: 28.0487]
Tue 02 Apr 2024 20:13:47 INFO  epoch 25 evaluating [time: 23.60s, valid_score: 0.142100]
Tue 02 Apr 2024 20:13:47 INFO  valid result: 
recall@10 : 0.1165    mrr@10 : 0.1421    ndcg@10 : 0.0888    hit@10 : 0.3253    precision@10 : 0.0444
Tue 02 Apr 2024 20:13:48 INFO  Saving current: saved/LFM-1b_artist_20U50I/DGCF/DGCF-Apr-02-2024_17-11-52.pth
Tue 02 Apr 2024 20:20:24 INFO  epoch 26 training [time: 395.50s, train loss: 26.4054]
Tue 02 Apr 2024 20:20:47 INFO  epoch 26 evaluating [time: 23.66s, valid_score: 0.143300]
Tue 02 Apr 2024 20:20:47 INFO  valid result: 
recall@10 : 0.1175    mrr@10 : 0.1433    ndcg@10 : 0.0896    hit@10 : 0.3278    precision@10 : 0.0448
Tue 02 Apr 2024 20:20:48 INFO  Saving current: saved/LFM-1b_artist_20U50I/DGCF/DGCF-Apr-02-2024_17-11-52.pth
Tue 02 Apr 2024 20:27:23 INFO  epoch 27 training [time: 394.52s, train loss: 25.7431]
Tue 02 Apr 2024 20:27:46 INFO  epoch 27 evaluating [time: 23.48s, valid_score: 0.144400]
Tue 02 Apr 2024 20:27:46 INFO  valid result: 
recall@10 : 0.1184    mrr@10 : 0.1444    ndcg@10 : 0.0903    hit@10 : 0.3295    precision@10 : 0.0452
Tue 02 Apr 2024 20:27:47 INFO  Saving current: saved/LFM-1b_artist_20U50I/DGCF/DGCF-Apr-02-2024_17-11-52.pth
Tue 02 Apr 2024 20:34:21 INFO  epoch 28 training [time: 393.81s, train loss: 24.8125]
Tue 02 Apr 2024 20:34:44 INFO  epoch 28 evaluating [time: 23.65s, valid_score: 0.145100]
Tue 02 Apr 2024 20:34:44 INFO  valid result: 
recall@10 : 0.1193    mrr@10 : 0.1451    ndcg@10 : 0.0909    hit@10 : 0.3314    precision@10 : 0.0456
Tue 02 Apr 2024 20:34:45 INFO  Saving current: saved/LFM-1b_artist_20U50I/DGCF/DGCF-Apr-02-2024_17-11-52.pth
Tue 02 Apr 2024 20:41:19 INFO  epoch 29 training [time: 393.58s, train loss: 23.8618]
Tue 02 Apr 2024 20:41:42 INFO  epoch 29 evaluating [time: 23.54s, valid_score: 0.146100]
Tue 02 Apr 2024 20:41:42 INFO  valid result: 
recall@10 : 0.1208    mrr@10 : 0.1461    ndcg@10 : 0.092    hit@10 : 0.3347    precision@10 : 0.0461
Tue 02 Apr 2024 20:41:43 INFO  Saving current: saved/LFM-1b_artist_20U50I/DGCF/DGCF-Apr-02-2024_17-11-52.pth
Tue 02 Apr 2024 20:48:15 INFO  epoch 30 training [time: 392.52s, train loss: 23.2927]
Tue 02 Apr 2024 20:48:39 INFO  epoch 30 evaluating [time: 23.53s, valid_score: 0.146800]
Tue 02 Apr 2024 20:48:39 INFO  valid result: 
recall@10 : 0.1213    mrr@10 : 0.1468    ndcg@10 : 0.0923    hit@10 : 0.3359    precision@10 : 0.0463
Tue 02 Apr 2024 20:48:40 INFO  Saving current: saved/LFM-1b_artist_20U50I/DGCF/DGCF-Apr-02-2024_17-11-52.pth
Tue 02 Apr 2024 20:55:11 INFO  epoch 31 training [time: 391.49s, train loss: 22.1404]
Tue 02 Apr 2024 20:55:35 INFO  epoch 31 evaluating [time: 23.66s, valid_score: 0.147600]
Tue 02 Apr 2024 20:55:35 INFO  valid result: 
recall@10 : 0.1226    mrr@10 : 0.1476    ndcg@10 : 0.0932    hit@10 : 0.3384    precision@10 : 0.0467
Tue 02 Apr 2024 20:55:36 INFO  Saving current: saved/LFM-1b_artist_20U50I/DGCF/DGCF-Apr-02-2024_17-11-52.pth
Tue 02 Apr 2024 21:02:09 INFO  epoch 32 training [time: 393.48s, train loss: 21.5926]
Tue 02 Apr 2024 21:02:33 INFO  epoch 32 evaluating [time: 23.68s, valid_score: 0.148100]
Tue 02 Apr 2024 21:02:33 INFO  valid result: 
recall@10 : 0.1228    mrr@10 : 0.1481    ndcg@10 : 0.0935    hit@10 : 0.3388    precision@10 : 0.0469
Tue 02 Apr 2024 21:02:34 INFO  Saving current: saved/LFM-1b_artist_20U50I/DGCF/DGCF-Apr-02-2024_17-11-52.pth
Tue 02 Apr 2024 21:09:07 INFO  epoch 33 training [time: 393.63s, train loss: 21.2228]
Tue 02 Apr 2024 21:09:31 INFO  epoch 33 evaluating [time: 23.60s, valid_score: 0.149600]
Tue 02 Apr 2024 21:09:31 INFO  valid result: 
recall@10 : 0.1244    mrr@10 : 0.1496    ndcg@10 : 0.0946    hit@10 : 0.3415    precision@10 : 0.0474
Tue 02 Apr 2024 21:09:32 INFO  Saving current: saved/LFM-1b_artist_20U50I/DGCF/DGCF-Apr-02-2024_17-11-52.pth
Tue 02 Apr 2024 21:16:05 INFO  epoch 34 training [time: 393.21s, train loss: 20.4281]
Tue 02 Apr 2024 21:16:29 INFO  epoch 34 evaluating [time: 23.63s, valid_score: 0.149600]
Tue 02 Apr 2024 21:16:29 INFO  valid result: 
recall@10 : 0.1253    mrr@10 : 0.1496    ndcg@10 : 0.095    hit@10 : 0.343    precision@10 : 0.0478
Tue 02 Apr 2024 21:16:29 INFO  Saving current: saved/LFM-1b_artist_20U50I/DGCF/DGCF-Apr-02-2024_17-11-52.pth
Tue 02 Apr 2024 21:23:04 INFO  epoch 35 training [time: 394.69s, train loss: 19.8430]
Tue 02 Apr 2024 21:23:28 INFO  epoch 35 evaluating [time: 23.63s, valid_score: 0.150700]
Tue 02 Apr 2024 21:23:28 INFO  valid result: 
recall@10 : 0.1267    mrr@10 : 0.1507    ndcg@10 : 0.096    hit@10 : 0.3464    precision@10 : 0.0484
Tue 02 Apr 2024 21:23:29 INFO  Saving current: saved/LFM-1b_artist_20U50I/DGCF/DGCF-Apr-02-2024_17-11-52.pth
Tue 02 Apr 2024 21:30:03 INFO  epoch 36 training [time: 394.20s, train loss: 19.1777]
Tue 02 Apr 2024 21:30:26 INFO  epoch 36 evaluating [time: 23.66s, valid_score: 0.151000]
Tue 02 Apr 2024 21:30:26 INFO  valid result: 
recall@10 : 0.1268    mrr@10 : 0.151    ndcg@10 : 0.0963    hit@10 : 0.3476    precision@10 : 0.0485
Tue 02 Apr 2024 21:30:27 INFO  Saving current: saved/LFM-1b_artist_20U50I/DGCF/DGCF-Apr-02-2024_17-11-52.pth
Tue 02 Apr 2024 21:37:04 INFO  epoch 37 training [time: 396.66s, train loss: 18.7054]
Tue 02 Apr 2024 21:37:27 INFO  epoch 37 evaluating [time: 23.52s, valid_score: 0.151400]
Tue 02 Apr 2024 21:37:27 INFO  valid result: 
recall@10 : 0.1278    mrr@10 : 0.1514    ndcg@10 : 0.0968    hit@10 : 0.3497    precision@10 : 0.0489
Tue 02 Apr 2024 21:37:28 INFO  Saving current: saved/LFM-1b_artist_20U50I/DGCF/DGCF-Apr-02-2024_17-11-52.pth
Tue 02 Apr 2024 21:44:03 INFO  epoch 38 training [time: 395.17s, train loss: 18.2129]
Tue 02 Apr 2024 21:44:27 INFO  epoch 38 evaluating [time: 23.61s, valid_score: 0.152100]
Tue 02 Apr 2024 21:44:27 INFO  valid result: 
recall@10 : 0.1287    mrr@10 : 0.1521    ndcg@10 : 0.0974    hit@10 : 0.3505    precision@10 : 0.0492
Tue 02 Apr 2024 21:44:28 INFO  Saving current: saved/LFM-1b_artist_20U50I/DGCF/DGCF-Apr-02-2024_17-11-52.pth
Tue 02 Apr 2024 21:51:02 INFO  epoch 39 training [time: 394.80s, train loss: 17.4977]
Tue 02 Apr 2024 21:51:26 INFO  epoch 39 evaluating [time: 23.61s, valid_score: 0.152800]
Tue 02 Apr 2024 21:51:26 INFO  valid result: 
recall@10 : 0.1295    mrr@10 : 0.1528    ndcg@10 : 0.098    hit@10 : 0.3526    precision@10 : 0.0495
Tue 02 Apr 2024 21:51:27 INFO  Saving current: saved/LFM-1b_artist_20U50I/DGCF/DGCF-Apr-02-2024_17-11-52.pth
Tue 02 Apr 2024 21:58:02 INFO  epoch 40 training [time: 395.20s, train loss: 17.3423]
Tue 02 Apr 2024 21:58:26 INFO  epoch 40 evaluating [time: 23.61s, valid_score: 0.153700]
Tue 02 Apr 2024 21:58:26 INFO  valid result: 
recall@10 : 0.1298    mrr@10 : 0.1537    ndcg@10 : 0.0984    hit@10 : 0.3531    precision@10 : 0.0496
Tue 02 Apr 2024 21:58:27 INFO  Saving current: saved/LFM-1b_artist_20U50I/DGCF/DGCF-Apr-02-2024_17-11-52.pth
Tue 02 Apr 2024 22:05:03 INFO  epoch 41 training [time: 396.11s, train loss: 16.7997]
Tue 02 Apr 2024 22:05:26 INFO  epoch 41 evaluating [time: 23.52s, valid_score: 0.154300]
Tue 02 Apr 2024 22:05:26 INFO  valid result: 
recall@10 : 0.1312    mrr@10 : 0.1543    ndcg@10 : 0.0991    hit@10 : 0.3558    precision@10 : 0.05
Tue 02 Apr 2024 22:05:27 INFO  Saving current: saved/LFM-1b_artist_20U50I/DGCF/DGCF-Apr-02-2024_17-11-52.pth
Tue 02 Apr 2024 22:12:03 INFO  epoch 42 training [time: 396.16s, train loss: 16.0382]
Tue 02 Apr 2024 22:12:27 INFO  epoch 42 evaluating [time: 23.63s, valid_score: 0.154800]
Tue 02 Apr 2024 22:12:27 INFO  valid result: 
recall@10 : 0.131    mrr@10 : 0.1548    ndcg@10 : 0.0992    hit@10 : 0.3563    precision@10 : 0.0501
Tue 02 Apr 2024 22:12:28 INFO  Saving current: saved/LFM-1b_artist_20U50I/DGCF/DGCF-Apr-02-2024_17-11-52.pth
Tue 02 Apr 2024 22:19:03 INFO  epoch 43 training [time: 394.52s, train loss: 16.0537]
Tue 02 Apr 2024 22:19:26 INFO  epoch 43 evaluating [time: 23.78s, valid_score: 0.156100]
Tue 02 Apr 2024 22:19:26 INFO  valid result: 
recall@10 : 0.1324    mrr@10 : 0.1561    ndcg@10 : 0.1002    hit@10 : 0.3584    precision@10 : 0.0505
Tue 02 Apr 2024 22:19:27 INFO  Saving current: saved/LFM-1b_artist_20U50I/DGCF/DGCF-Apr-02-2024_17-11-52.pth
Tue 02 Apr 2024 22:26:05 INFO  epoch 44 training [time: 397.70s, train loss: 15.5534]
Tue 02 Apr 2024 22:26:28 INFO  epoch 44 evaluating [time: 23.48s, valid_score: 0.156900]
Tue 02 Apr 2024 22:26:28 INFO  valid result: 
recall@10 : 0.1332    mrr@10 : 0.1569    ndcg@10 : 0.1009    hit@10 : 0.3599    precision@10 : 0.0509
Tue 02 Apr 2024 22:26:29 INFO  Saving current: saved/LFM-1b_artist_20U50I/DGCF/DGCF-Apr-02-2024_17-11-52.pth
Tue 02 Apr 2024 22:33:10 INFO  epoch 45 training [time: 400.71s, train loss: 14.8848]
Tue 02 Apr 2024 22:33:34 INFO  epoch 45 evaluating [time: 23.57s, valid_score: 0.157900]
Tue 02 Apr 2024 22:33:34 INFO  valid result: 
recall@10 : 0.1346    mrr@10 : 0.1579    ndcg@10 : 0.1018    hit@10 : 0.3622    precision@10 : 0.0512
Tue 02 Apr 2024 22:33:35 INFO  Saving current: saved/LFM-1b_artist_20U50I/DGCF/DGCF-Apr-02-2024_17-11-52.pth
Tue 02 Apr 2024 22:40:11 INFO  epoch 46 training [time: 396.33s, train loss: 14.8628]
Tue 02 Apr 2024 22:40:34 INFO  epoch 46 evaluating [time: 23.62s, valid_score: 0.159000]
Tue 02 Apr 2024 22:40:34 INFO  valid result: 
recall@10 : 0.1357    mrr@10 : 0.159    ndcg@10 : 0.1026    hit@10 : 0.3645    precision@10 : 0.0515
Tue 02 Apr 2024 22:40:35 INFO  Saving current: saved/LFM-1b_artist_20U50I/DGCF/DGCF-Apr-02-2024_17-11-52.pth
Tue 02 Apr 2024 22:47:10 INFO  epoch 47 training [time: 394.66s, train loss: 14.3537]
Tue 02 Apr 2024 22:47:34 INFO  epoch 47 evaluating [time: 23.67s, valid_score: 0.159400]
Tue 02 Apr 2024 22:47:34 INFO  valid result: 
recall@10 : 0.136    mrr@10 : 0.1594    ndcg@10 : 0.1028    hit@10 : 0.3651    precision@10 : 0.0515
Tue 02 Apr 2024 22:47:34 INFO  Saving current: saved/LFM-1b_artist_20U50I/DGCF/DGCF-Apr-02-2024_17-11-52.pth
Tue 02 Apr 2024 22:54:07 INFO  epoch 48 training [time: 392.26s, train loss: 13.9961]
Tue 02 Apr 2024 22:54:30 INFO  epoch 48 evaluating [time: 23.54s, valid_score: 0.159600]
Tue 02 Apr 2024 22:54:30 INFO  valid result: 
recall@10 : 0.1354    mrr@10 : 0.1596    ndcg@10 : 0.1029    hit@10 : 0.3645    precision@10 : 0.0515
Tue 02 Apr 2024 22:54:31 INFO  Saving current: saved/LFM-1b_artist_20U50I/DGCF/DGCF-Apr-02-2024_17-11-52.pth
Tue 02 Apr 2024 23:01:06 INFO  epoch 49 training [time: 395.44s, train loss: 13.6716]
Tue 02 Apr 2024 23:01:30 INFO  epoch 49 evaluating [time: 23.50s, valid_score: 0.160300]
Tue 02 Apr 2024 23:01:30 INFO  valid result: 
recall@10 : 0.1368    mrr@10 : 0.1603    ndcg@10 : 0.1036    hit@10 : 0.3663    precision@10 : 0.052
Tue 02 Apr 2024 23:01:31 INFO  Saving current: saved/LFM-1b_artist_20U50I/DGCF/DGCF-Apr-02-2024_17-11-52.pth
Tue 02 Apr 2024 23:08:07 INFO  epoch 50 training [time: 395.85s, train loss: 13.5494]
Tue 02 Apr 2024 23:08:30 INFO  epoch 50 evaluating [time: 23.65s, valid_score: 0.161700]
Tue 02 Apr 2024 23:08:30 INFO  valid result: 
recall@10 : 0.1383    mrr@10 : 0.1617    ndcg@10 : 0.1046    hit@10 : 0.3692    precision@10 : 0.0525
Tue 02 Apr 2024 23:08:31 INFO  Saving current: saved/LFM-1b_artist_20U50I/DGCF/DGCF-Apr-02-2024_17-11-52.pth
Tue 02 Apr 2024 23:15:06 INFO  epoch 51 training [time: 394.72s, train loss: 13.2967]
Tue 02 Apr 2024 23:15:29 INFO  epoch 51 evaluating [time: 23.65s, valid_score: 0.161900]
Tue 02 Apr 2024 23:15:29 INFO  valid result: 
recall@10 : 0.1383    mrr@10 : 0.1619    ndcg@10 : 0.1047    hit@10 : 0.3691    precision@10 : 0.0524
Tue 02 Apr 2024 23:15:30 INFO  Saving current: saved/LFM-1b_artist_20U50I/DGCF/DGCF-Apr-02-2024_17-11-52.pth
Tue 02 Apr 2024 23:22:05 INFO  epoch 52 training [time: 394.68s, train loss: 12.7387]
Tue 02 Apr 2024 23:22:28 INFO  epoch 52 evaluating [time: 23.27s, valid_score: 0.162400]
Tue 02 Apr 2024 23:22:28 INFO  valid result: 
recall@10 : 0.139    mrr@10 : 0.1624    ndcg@10 : 0.1053    hit@10 : 0.3703    precision@10 : 0.0527
Tue 02 Apr 2024 23:22:29 INFO  Saving current: saved/LFM-1b_artist_20U50I/DGCF/DGCF-Apr-02-2024_17-11-52.pth
Tue 02 Apr 2024 23:29:03 INFO  epoch 53 training [time: 393.56s, train loss: 12.4302]
Tue 02 Apr 2024 23:29:26 INFO  epoch 53 evaluating [time: 23.52s, valid_score: 0.162800]
Tue 02 Apr 2024 23:29:26 INFO  valid result: 
recall@10 : 0.1398    mrr@10 : 0.1628    ndcg@10 : 0.1056    hit@10 : 0.3723    precision@10 : 0.0529
Tue 02 Apr 2024 23:29:27 INFO  Saving current: saved/LFM-1b_artist_20U50I/DGCF/DGCF-Apr-02-2024_17-11-52.pth
Tue 02 Apr 2024 23:36:03 INFO  epoch 54 training [time: 395.27s, train loss: 12.1764]
Tue 02 Apr 2024 23:36:26 INFO  epoch 54 evaluating [time: 23.47s, valid_score: 0.162900]
Tue 02 Apr 2024 23:36:26 INFO  valid result: 
recall@10 : 0.1398    mrr@10 : 0.1629    ndcg@10 : 0.1058    hit@10 : 0.3722    precision@10 : 0.0529
Tue 02 Apr 2024 23:36:27 INFO  Saving current: saved/LFM-1b_artist_20U50I/DGCF/DGCF-Apr-02-2024_17-11-52.pth
Tue 02 Apr 2024 23:43:02 INFO  epoch 55 training [time: 395.01s, train loss: 11.8778]
Tue 02 Apr 2024 23:43:25 INFO  epoch 55 evaluating [time: 23.61s, valid_score: 0.163400]
Tue 02 Apr 2024 23:43:25 INFO  valid result: 
recall@10 : 0.141    mrr@10 : 0.1634    ndcg@10 : 0.1065    hit@10 : 0.3743    precision@10 : 0.0532
Tue 02 Apr 2024 23:43:26 INFO  Saving current: saved/LFM-1b_artist_20U50I/DGCF/DGCF-Apr-02-2024_17-11-52.pth
Tue 02 Apr 2024 23:50:02 INFO  epoch 56 training [time: 395.12s, train loss: 11.6709]
Tue 02 Apr 2024 23:50:25 INFO  epoch 56 evaluating [time: 23.46s, valid_score: 0.164000]
Tue 02 Apr 2024 23:50:25 INFO  valid result: 
recall@10 : 0.1416    mrr@10 : 0.164    ndcg@10 : 0.107    hit@10 : 0.3756    precision@10 : 0.0536
Tue 02 Apr 2024 23:50:26 INFO  Saving current: saved/LFM-1b_artist_20U50I/DGCF/DGCF-Apr-02-2024_17-11-52.pth
Tue 02 Apr 2024 23:56:59 INFO  epoch 57 training [time: 393.40s, train loss: 11.4341]
Tue 02 Apr 2024 23:57:23 INFO  epoch 57 evaluating [time: 23.58s, valid_score: 0.164800]
Tue 02 Apr 2024 23:57:23 INFO  valid result: 
recall@10 : 0.143    mrr@10 : 0.1648    ndcg@10 : 0.1077    hit@10 : 0.3789    precision@10 : 0.0539
Tue 02 Apr 2024 23:57:24 INFO  Saving current: saved/LFM-1b_artist_20U50I/DGCF/DGCF-Apr-02-2024_17-11-52.pth
Wed 03 Apr 2024 00:04:00 INFO  epoch 58 training [time: 396.33s, train loss: 11.1736]
Wed 03 Apr 2024 00:04:24 INFO  epoch 58 evaluating [time: 23.45s, valid_score: 0.165100]
Wed 03 Apr 2024 00:04:24 INFO  valid result: 
recall@10 : 0.1425    mrr@10 : 0.1651    ndcg@10 : 0.1077    hit@10 : 0.3786    precision@10 : 0.0539
Wed 03 Apr 2024 00:04:24 INFO  Saving current: saved/LFM-1b_artist_20U50I/DGCF/DGCF-Apr-02-2024_17-11-52.pth
Wed 03 Apr 2024 00:11:02 INFO  epoch 59 training [time: 397.99s, train loss: 10.8991]
Wed 03 Apr 2024 00:11:26 INFO  epoch 59 evaluating [time: 23.57s, valid_score: 0.165800]
Wed 03 Apr 2024 00:11:26 INFO  valid result: 
recall@10 : 0.1434    mrr@10 : 0.1658    ndcg@10 : 0.1084    hit@10 : 0.3797    precision@10 : 0.0542
Wed 03 Apr 2024 00:11:27 INFO  Saving current: saved/LFM-1b_artist_20U50I/DGCF/DGCF-Apr-02-2024_17-11-52.pth
Wed 03 Apr 2024 00:18:04 INFO  epoch 60 training [time: 397.08s, train loss: 10.6885]
Wed 03 Apr 2024 00:18:28 INFO  epoch 60 evaluating [time: 23.64s, valid_score: 0.166000]
Wed 03 Apr 2024 00:18:28 INFO  valid result: 
recall@10 : 0.1437    mrr@10 : 0.166    ndcg@10 : 0.1086    hit@10 : 0.3801    precision@10 : 0.0542
Wed 03 Apr 2024 00:18:29 INFO  Saving current: saved/LFM-1b_artist_20U50I/DGCF/DGCF-Apr-02-2024_17-11-52.pth
Wed 03 Apr 2024 00:25:04 INFO  epoch 61 training [time: 395.29s, train loss: 10.5795]
Wed 03 Apr 2024 00:25:28 INFO  epoch 61 evaluating [time: 23.53s, valid_score: 0.166300]
Wed 03 Apr 2024 00:25:28 INFO  valid result: 
recall@10 : 0.1447    mrr@10 : 0.1663    ndcg@10 : 0.109    hit@10 : 0.3814    precision@10 : 0.0544
Wed 03 Apr 2024 00:25:28 INFO  Saving current: saved/LFM-1b_artist_20U50I/DGCF/DGCF-Apr-02-2024_17-11-52.pth
Wed 03 Apr 2024 00:32:03 INFO  epoch 62 training [time: 394.75s, train loss: 10.4322]
Wed 03 Apr 2024 00:32:27 INFO  epoch 62 evaluating [time: 23.52s, valid_score: 0.167700]
Wed 03 Apr 2024 00:32:27 INFO  valid result: 
recall@10 : 0.1463    mrr@10 : 0.1677    ndcg@10 : 0.1101    hit@10 : 0.3832    precision@10 : 0.0549
Wed 03 Apr 2024 00:32:27 INFO  Saving current: saved/LFM-1b_artist_20U50I/DGCF/DGCF-Apr-02-2024_17-11-52.pth
Wed 03 Apr 2024 00:39:01 INFO  epoch 63 training [time: 393.75s, train loss: 10.2821]
Wed 03 Apr 2024 00:39:25 INFO  epoch 63 evaluating [time: 23.56s, valid_score: 0.168200]
Wed 03 Apr 2024 00:39:25 INFO  valid result: 
recall@10 : 0.1464    mrr@10 : 0.1682    ndcg@10 : 0.1104    hit@10 : 0.3844    precision@10 : 0.0551
Wed 03 Apr 2024 00:39:25 INFO  Saving current: saved/LFM-1b_artist_20U50I/DGCF/DGCF-Apr-02-2024_17-11-52.pth
Wed 03 Apr 2024 00:45:59 INFO  epoch 64 training [time: 393.58s, train loss: 9.9864]
Wed 03 Apr 2024 00:46:23 INFO  epoch 64 evaluating [time: 23.63s, valid_score: 0.168100]
Wed 03 Apr 2024 00:46:23 INFO  valid result: 
recall@10 : 0.1476    mrr@10 : 0.1681    ndcg@10 : 0.1107    hit@10 : 0.3864    precision@10 : 0.0553
Wed 03 Apr 2024 00:52:57 INFO  epoch 65 training [time: 394.50s, train loss: 9.6432]
Wed 03 Apr 2024 00:53:21 INFO  epoch 65 evaluating [time: 24.09s, valid_score: 0.168600]
Wed 03 Apr 2024 00:53:21 INFO  valid result: 
recall@10 : 0.1484    mrr@10 : 0.1686    ndcg@10 : 0.1112    hit@10 : 0.388    precision@10 : 0.0554
Wed 03 Apr 2024 00:53:22 INFO  Saving current: saved/LFM-1b_artist_20U50I/DGCF/DGCF-Apr-02-2024_17-11-52.pth
Wed 03 Apr 2024 00:59:56 INFO  epoch 66 training [time: 394.48s, train loss: 9.6558]
Wed 03 Apr 2024 01:00:21 INFO  epoch 66 evaluating [time: 24.37s, valid_score: 0.168900]
Wed 03 Apr 2024 01:00:21 INFO  valid result: 
recall@10 : 0.1491    mrr@10 : 0.1689    ndcg@10 : 0.1116    hit@10 : 0.3881    precision@10 : 0.0556
Wed 03 Apr 2024 01:00:22 INFO  Saving current: saved/LFM-1b_artist_20U50I/DGCF/DGCF-Apr-02-2024_17-11-52.pth
Wed 03 Apr 2024 01:06:58 INFO  epoch 67 training [time: 396.05s, train loss: 9.4234]
Wed 03 Apr 2024 01:07:22 INFO  epoch 67 evaluating [time: 24.06s, valid_score: 0.169300]
Wed 03 Apr 2024 01:07:22 INFO  valid result: 
recall@10 : 0.15    mrr@10 : 0.1693    ndcg@10 : 0.1121    hit@10 : 0.3899    precision@10 : 0.056
Wed 03 Apr 2024 01:07:23 INFO  Saving current: saved/LFM-1b_artist_20U50I/DGCF/DGCF-Apr-02-2024_17-11-52.pth
Wed 03 Apr 2024 01:13:58 INFO  epoch 68 training [time: 394.95s, train loss: 9.2117]
Wed 03 Apr 2024 01:14:22 INFO  epoch 68 evaluating [time: 24.11s, valid_score: 0.170000]
Wed 03 Apr 2024 01:14:22 INFO  valid result: 
recall@10 : 0.1506    mrr@10 : 0.17    ndcg@10 : 0.1126    hit@10 : 0.3912    precision@10 : 0.0562
Wed 03 Apr 2024 01:14:22 INFO  Saving current: saved/LFM-1b_artist_20U50I/DGCF/DGCF-Apr-02-2024_17-11-52.pth
Wed 03 Apr 2024 01:20:58 INFO  epoch 69 training [time: 395.86s, train loss: 9.1233]
Wed 03 Apr 2024 01:21:22 INFO  epoch 69 evaluating [time: 23.98s, valid_score: 0.170300]
Wed 03 Apr 2024 01:21:22 INFO  valid result: 
recall@10 : 0.151    mrr@10 : 0.1703    ndcg@10 : 0.1129    hit@10 : 0.3922    precision@10 : 0.0563
Wed 03 Apr 2024 01:21:23 INFO  Saving current: saved/LFM-1b_artist_20U50I/DGCF/DGCF-Apr-02-2024_17-11-52.pth
Wed 03 Apr 2024 01:28:00 INFO  epoch 70 training [time: 397.16s, train loss: 9.0277]
Wed 03 Apr 2024 01:28:24 INFO  epoch 70 evaluating [time: 24.17s, valid_score: 0.170500]
Wed 03 Apr 2024 01:28:24 INFO  valid result: 
recall@10 : 0.1516    mrr@10 : 0.1705    ndcg@10 : 0.1131    hit@10 : 0.3933    precision@10 : 0.0565
Wed 03 Apr 2024 01:28:25 INFO  Saving current: saved/LFM-1b_artist_20U50I/DGCF/DGCF-Apr-02-2024_17-11-52.pth
Wed 03 Apr 2024 01:35:01 INFO  epoch 71 training [time: 395.68s, train loss: 8.8524]
Wed 03 Apr 2024 01:35:25 INFO  epoch 71 evaluating [time: 24.04s, valid_score: 0.171100]
Wed 03 Apr 2024 01:35:25 INFO  valid result: 
recall@10 : 0.1524    mrr@10 : 0.1711    ndcg@10 : 0.1137    hit@10 : 0.3955    precision@10 : 0.0569
Wed 03 Apr 2024 01:35:26 INFO  Saving current: saved/LFM-1b_artist_20U50I/DGCF/DGCF-Apr-02-2024_17-11-52.pth
Wed 03 Apr 2024 01:42:01 INFO  epoch 72 training [time: 395.27s, train loss: 8.6772]
Wed 03 Apr 2024 01:42:25 INFO  epoch 72 evaluating [time: 24.03s, valid_score: 0.171800]
Wed 03 Apr 2024 01:42:25 INFO  valid result: 
recall@10 : 0.1533    mrr@10 : 0.1718    ndcg@10 : 0.1141    hit@10 : 0.3968    precision@10 : 0.057
Wed 03 Apr 2024 01:42:26 INFO  Saving current: saved/LFM-1b_artist_20U50I/DGCF/DGCF-Apr-02-2024_17-11-52.pth
Wed 03 Apr 2024 01:49:00 INFO  epoch 73 training [time: 394.13s, train loss: 8.5312]
Wed 03 Apr 2024 01:49:24 INFO  epoch 73 evaluating [time: 23.55s, valid_score: 0.172000]
Wed 03 Apr 2024 01:49:24 INFO  valid result: 
recall@10 : 0.154    mrr@10 : 0.172    ndcg@10 : 0.1145    hit@10 : 0.3971    precision@10 : 0.0571
Wed 03 Apr 2024 01:49:24 INFO  Saving current: saved/LFM-1b_artist_20U50I/DGCF/DGCF-Apr-02-2024_17-11-52.pth
Wed 03 Apr 2024 01:55:58 INFO  epoch 74 training [time: 393.78s, train loss: 8.4610]
Wed 03 Apr 2024 01:56:22 INFO  epoch 74 evaluating [time: 23.58s, valid_score: 0.172600]
Wed 03 Apr 2024 01:56:22 INFO  valid result: 
recall@10 : 0.1546    mrr@10 : 0.1726    ndcg@10 : 0.1149    hit@10 : 0.398    precision@10 : 0.0573
Wed 03 Apr 2024 01:56:23 INFO  Saving current: saved/LFM-1b_artist_20U50I/DGCF/DGCF-Apr-02-2024_17-11-52.pth
Wed 03 Apr 2024 02:02:59 INFO  epoch 75 training [time: 396.05s, train loss: 8.2682]
Wed 03 Apr 2024 02:03:22 INFO  epoch 75 evaluating [time: 23.47s, valid_score: 0.173400]
Wed 03 Apr 2024 02:03:22 INFO  valid result: 
recall@10 : 0.1543    mrr@10 : 0.1734    ndcg@10 : 0.1151    hit@10 : 0.3991    precision@10 : 0.0573
Wed 03 Apr 2024 02:03:23 INFO  Saving current: saved/LFM-1b_artist_20U50I/DGCF/DGCF-Apr-02-2024_17-11-52.pth
Wed 03 Apr 2024 02:09:56 INFO  epoch 76 training [time: 393.14s, train loss: 8.2781]
Wed 03 Apr 2024 02:10:20 INFO  epoch 76 evaluating [time: 23.62s, valid_score: 0.174300]
Wed 03 Apr 2024 02:10:20 INFO  valid result: 
recall@10 : 0.1548    mrr@10 : 0.1743    ndcg@10 : 0.1158    hit@10 : 0.4007    precision@10 : 0.0577
Wed 03 Apr 2024 02:10:20 INFO  Saving current: saved/LFM-1b_artist_20U50I/DGCF/DGCF-Apr-02-2024_17-11-52.pth
Wed 03 Apr 2024 02:16:55 INFO  epoch 77 training [time: 394.26s, train loss: 7.9868]
Wed 03 Apr 2024 02:17:18 INFO  epoch 77 evaluating [time: 23.59s, valid_score: 0.174700]
Wed 03 Apr 2024 02:17:18 INFO  valid result: 
recall@10 : 0.1564    mrr@10 : 0.1747    ndcg@10 : 0.1164    hit@10 : 0.403    precision@10 : 0.0581
Wed 03 Apr 2024 02:17:19 INFO  Saving current: saved/LFM-1b_artist_20U50I/DGCF/DGCF-Apr-02-2024_17-11-52.pth
Wed 03 Apr 2024 02:23:53 INFO  epoch 78 training [time: 393.83s, train loss: 8.0958]
Wed 03 Apr 2024 02:24:17 INFO  epoch 78 evaluating [time: 23.51s, valid_score: 0.175200]
Wed 03 Apr 2024 02:24:17 INFO  valid result: 
recall@10 : 0.1558    mrr@10 : 0.1752    ndcg@10 : 0.1165    hit@10 : 0.402    precision@10 : 0.0579
Wed 03 Apr 2024 02:24:17 INFO  Saving current: saved/LFM-1b_artist_20U50I/DGCF/DGCF-Apr-02-2024_17-11-52.pth
Wed 03 Apr 2024 02:30:51 INFO  epoch 79 training [time: 393.62s, train loss: 7.6850]
Wed 03 Apr 2024 02:31:15 INFO  epoch 79 evaluating [time: 23.59s, valid_score: 0.174900]
Wed 03 Apr 2024 02:31:15 INFO  valid result: 
recall@10 : 0.1565    mrr@10 : 0.1749    ndcg@10 : 0.1166    hit@10 : 0.4029    precision@10 : 0.058
Wed 03 Apr 2024 02:37:51 INFO  epoch 80 training [time: 396.84s, train loss: 7.7792]
Wed 03 Apr 2024 02:38:15 INFO  epoch 80 evaluating [time: 23.51s, valid_score: 0.175400]
Wed 03 Apr 2024 02:38:15 INFO  valid result: 
recall@10 : 0.1572    mrr@10 : 0.1754    ndcg@10 : 0.117    hit@10 : 0.4038    precision@10 : 0.058
Wed 03 Apr 2024 02:38:16 INFO  Saving current: saved/LFM-1b_artist_20U50I/DGCF/DGCF-Apr-02-2024_17-11-52.pth
Wed 03 Apr 2024 02:44:50 INFO  epoch 81 training [time: 393.39s, train loss: 7.5320]
Wed 03 Apr 2024 02:45:13 INFO  epoch 81 evaluating [time: 23.73s, valid_score: 0.176200]
Wed 03 Apr 2024 02:45:13 INFO  valid result: 
recall@10 : 0.1578    mrr@10 : 0.1762    ndcg@10 : 0.1175    hit@10 : 0.4052    precision@10 : 0.0583
Wed 03 Apr 2024 02:45:14 INFO  Saving current: saved/LFM-1b_artist_20U50I/DGCF/DGCF-Apr-02-2024_17-11-52.pth
Wed 03 Apr 2024 02:51:48 INFO  epoch 82 training [time: 393.20s, train loss: 7.4956]
Wed 03 Apr 2024 02:52:11 INFO  epoch 82 evaluating [time: 23.43s, valid_score: 0.176800]
Wed 03 Apr 2024 02:52:11 INFO  valid result: 
recall@10 : 0.1585    mrr@10 : 0.1768    ndcg@10 : 0.118    hit@10 : 0.4056    precision@10 : 0.0585
Wed 03 Apr 2024 02:52:12 INFO  Saving current: saved/LFM-1b_artist_20U50I/DGCF/DGCF-Apr-02-2024_17-11-52.pth
Wed 03 Apr 2024 02:58:48 INFO  epoch 83 training [time: 396.04s, train loss: 7.2495]
Wed 03 Apr 2024 02:59:11 INFO  epoch 83 evaluating [time: 23.44s, valid_score: 0.176700]
Wed 03 Apr 2024 02:59:11 INFO  valid result: 
recall@10 : 0.1586    mrr@10 : 0.1767    ndcg@10 : 0.1181    hit@10 : 0.4056    precision@10 : 0.0585
Wed 03 Apr 2024 03:05:52 INFO  epoch 84 training [time: 400.35s, train loss: 7.2360]
Wed 03 Apr 2024 03:06:15 INFO  epoch 84 evaluating [time: 23.39s, valid_score: 0.177500]
Wed 03 Apr 2024 03:06:15 INFO  valid result: 
recall@10 : 0.1585    mrr@10 : 0.1775    ndcg@10 : 0.1184    hit@10 : 0.4059    precision@10 : 0.0586
Wed 03 Apr 2024 03:06:16 INFO  Saving current: saved/LFM-1b_artist_20U50I/DGCF/DGCF-Apr-02-2024_17-11-52.pth
Wed 03 Apr 2024 03:12:49 INFO  epoch 85 training [time: 393.04s, train loss: 7.1432]
Wed 03 Apr 2024 03:13:13 INFO  epoch 85 evaluating [time: 23.54s, valid_score: 0.177800]
Wed 03 Apr 2024 03:13:13 INFO  valid result: 
recall@10 : 0.1591    mrr@10 : 0.1778    ndcg@10 : 0.1187    hit@10 : 0.4068    precision@10 : 0.0588
Wed 03 Apr 2024 03:13:14 INFO  Saving current: saved/LFM-1b_artist_20U50I/DGCF/DGCF-Apr-02-2024_17-11-52.pth
Wed 03 Apr 2024 03:19:48 INFO  epoch 86 training [time: 394.54s, train loss: 7.0998]
Wed 03 Apr 2024 03:20:12 INFO  epoch 86 evaluating [time: 23.75s, valid_score: 0.178400]
Wed 03 Apr 2024 03:20:12 INFO  valid result: 
recall@10 : 0.1593    mrr@10 : 0.1784    ndcg@10 : 0.119    hit@10 : 0.4075    precision@10 : 0.059
Wed 03 Apr 2024 03:20:13 INFO  Saving current: saved/LFM-1b_artist_20U50I/DGCF/DGCF-Apr-02-2024_17-11-52.pth
Wed 03 Apr 2024 03:26:46 INFO  epoch 87 training [time: 393.61s, train loss: 6.9904]
Wed 03 Apr 2024 03:27:10 INFO  epoch 87 evaluating [time: 23.66s, valid_score: 0.179000]
Wed 03 Apr 2024 03:27:10 INFO  valid result: 
recall@10 : 0.1604    mrr@10 : 0.179    ndcg@10 : 0.1197    hit@10 : 0.4079    precision@10 : 0.0591
Wed 03 Apr 2024 03:27:12 INFO  Saving current: saved/LFM-1b_artist_20U50I/DGCF/DGCF-Apr-02-2024_17-11-52.pth
Wed 03 Apr 2024 03:33:46 INFO  epoch 88 training [time: 394.42s, train loss: 6.9431]
Wed 03 Apr 2024 03:34:09 INFO  epoch 88 evaluating [time: 23.55s, valid_score: 0.179100]
Wed 03 Apr 2024 03:34:09 INFO  valid result: 
recall@10 : 0.1614    mrr@10 : 0.1791    ndcg@10 : 0.1202    hit@10 : 0.4099    precision@10 : 0.0595
Wed 03 Apr 2024 03:34:10 INFO  Saving current: saved/LFM-1b_artist_20U50I/DGCF/DGCF-Apr-02-2024_17-11-52.pth
Wed 03 Apr 2024 03:40:44 INFO  epoch 89 training [time: 393.71s, train loss: 6.9220]
Wed 03 Apr 2024 03:41:07 INFO  epoch 89 evaluating [time: 23.56s, valid_score: 0.178900]
Wed 03 Apr 2024 03:41:07 INFO  valid result: 
recall@10 : 0.1615    mrr@10 : 0.1789    ndcg@10 : 0.1201    hit@10 : 0.4099    precision@10 : 0.0596
Wed 03 Apr 2024 03:47:42 INFO  epoch 90 training [time: 394.40s, train loss: 6.7593]
Wed 03 Apr 2024 03:48:05 INFO  epoch 90 evaluating [time: 23.50s, valid_score: 0.179100]
Wed 03 Apr 2024 03:48:05 INFO  valid result: 
recall@10 : 0.161    mrr@10 : 0.1791    ndcg@10 : 0.12    hit@10 : 0.4093    precision@10 : 0.0595
Wed 03 Apr 2024 03:48:06 INFO  Saving current: saved/LFM-1b_artist_20U50I/DGCF/DGCF-Apr-02-2024_17-11-52.pth
Wed 03 Apr 2024 03:54:41 INFO  epoch 91 training [time: 394.41s, train loss: 6.5805]
Wed 03 Apr 2024 03:55:04 INFO  epoch 91 evaluating [time: 23.54s, valid_score: 0.179300]
Wed 03 Apr 2024 03:55:04 INFO  valid result: 
recall@10 : 0.1613    mrr@10 : 0.1793    ndcg@10 : 0.1203    hit@10 : 0.4104    precision@10 : 0.0596
Wed 03 Apr 2024 03:55:05 INFO  Saving current: saved/LFM-1b_artist_20U50I/DGCF/DGCF-Apr-02-2024_17-11-52.pth
Wed 03 Apr 2024 04:01:39 INFO  epoch 92 training [time: 394.39s, train loss: 6.5924]
Wed 03 Apr 2024 04:02:03 INFO  epoch 92 evaluating [time: 23.52s, valid_score: 0.180000]
Wed 03 Apr 2024 04:02:03 INFO  valid result: 
recall@10 : 0.1615    mrr@10 : 0.18    ndcg@10 : 0.1206    hit@10 : 0.4109    precision@10 : 0.0598
Wed 03 Apr 2024 04:02:04 INFO  Saving current: saved/LFM-1b_artist_20U50I/DGCF/DGCF-Apr-02-2024_17-11-52.pth
Wed 03 Apr 2024 04:08:40 INFO  epoch 93 training [time: 396.18s, train loss: 6.5635]
Wed 03 Apr 2024 04:09:04 INFO  epoch 93 evaluating [time: 23.60s, valid_score: 0.180600]
Wed 03 Apr 2024 04:09:04 INFO  valid result: 
recall@10 : 0.1622    mrr@10 : 0.1806    ndcg@10 : 0.1211    hit@10 : 0.4114    precision@10 : 0.0598
Wed 03 Apr 2024 04:09:04 INFO  Saving current: saved/LFM-1b_artist_20U50I/DGCF/DGCF-Apr-02-2024_17-11-52.pth
Wed 03 Apr 2024 04:15:40 INFO  epoch 94 training [time: 395.74s, train loss: 6.5269]
Wed 03 Apr 2024 04:16:04 INFO  epoch 94 evaluating [time: 23.80s, valid_score: 0.182000]
Wed 03 Apr 2024 04:16:04 INFO  valid result: 
recall@10 : 0.1633    mrr@10 : 0.182    ndcg@10 : 0.1219    hit@10 : 0.4147    precision@10 : 0.0602
Wed 03 Apr 2024 04:16:05 INFO  Saving current: saved/LFM-1b_artist_20U50I/DGCF/DGCF-Apr-02-2024_17-11-52.pth
Wed 03 Apr 2024 04:22:40 INFO  epoch 95 training [time: 395.20s, train loss: 6.3509]
Wed 03 Apr 2024 04:23:04 INFO  epoch 95 evaluating [time: 23.50s, valid_score: 0.182400]
Wed 03 Apr 2024 04:23:04 INFO  valid result: 
recall@10 : 0.1637    mrr@10 : 0.1824    ndcg@10 : 0.1222    hit@10 : 0.414    precision@10 : 0.0603
Wed 03 Apr 2024 04:23:05 INFO  Saving current: saved/LFM-1b_artist_20U50I/DGCF/DGCF-Apr-02-2024_17-11-52.pth
Wed 03 Apr 2024 04:29:40 INFO  epoch 96 training [time: 394.95s, train loss: 6.3401]
Wed 03 Apr 2024 04:30:03 INFO  epoch 96 evaluating [time: 23.74s, valid_score: 0.183400]
Wed 03 Apr 2024 04:30:03 INFO  valid result: 
recall@10 : 0.164    mrr@10 : 0.1834    ndcg@10 : 0.1227    hit@10 : 0.4155    precision@10 : 0.0604
Wed 03 Apr 2024 04:30:04 INFO  Saving current: saved/LFM-1b_artist_20U50I/DGCF/DGCF-Apr-02-2024_17-11-52.pth
Wed 03 Apr 2024 04:36:37 INFO  epoch 97 training [time: 393.01s, train loss: 6.2760]
Wed 03 Apr 2024 04:37:00 INFO  epoch 97 evaluating [time: 23.43s, valid_score: 0.184000]
Wed 03 Apr 2024 04:37:00 INFO  valid result: 
recall@10 : 0.1651    mrr@10 : 0.184    ndcg@10 : 0.1232    hit@10 : 0.4176    precision@10 : 0.0605
Wed 03 Apr 2024 04:37:01 INFO  Saving current: saved/LFM-1b_artist_20U50I/DGCF/DGCF-Apr-02-2024_17-11-52.pth
Wed 03 Apr 2024 04:43:36 INFO  epoch 98 training [time: 394.81s, train loss: 6.2162]
Wed 03 Apr 2024 04:43:59 INFO  epoch 98 evaluating [time: 23.51s, valid_score: 0.183900]
Wed 03 Apr 2024 04:43:59 INFO  valid result: 
recall@10 : 0.1653    mrr@10 : 0.1839    ndcg@10 : 0.1233    hit@10 : 0.4177    precision@10 : 0.0606
Wed 03 Apr 2024 04:50:34 INFO  epoch 99 training [time: 394.18s, train loss: 6.1325]
Wed 03 Apr 2024 04:50:57 INFO  epoch 99 evaluating [time: 23.44s, valid_score: 0.184400]
Wed 03 Apr 2024 04:50:57 INFO  valid result: 
recall@10 : 0.166    mrr@10 : 0.1844    ndcg@10 : 0.1238    hit@10 : 0.4189    precision@10 : 0.0607
Wed 03 Apr 2024 04:50:58 INFO  Saving current: saved/LFM-1b_artist_20U50I/DGCF/DGCF-Apr-02-2024_17-11-52.pth
Wed 03 Apr 2024 04:50:59 INFO  Loading model structure and parameters from saved/LFM-1b_artist_20U50I/DGCF/DGCF-Apr-02-2024_17-11-52.pth
Wed 03 Apr 2024 04:51:24 INFO  The running environment of this training is as follows:
+-------------+----------------+
| Environment |     Usage      |
+=============+================+
| CPU         |     1.00 %     |
+-------------+----------------+
| GPU         | 4.59 G/14.58 G |
+-------------+----------------+
| Memory      | 1.79 G/27.41 G |
+-------------+----------------+
Wed 03 Apr 2024 04:51:24 INFO  best valid : OrderedDict([('recall@10', 0.166), ('mrr@10', 0.1844), ('ndcg@10', 0.1238), ('hit@10', 0.4189), ('precision@10', 0.0607)])
Wed 03 Apr 2024 04:51:24 INFO  test result: OrderedDict([('recall@10', 0.172), ('mrr@10', 0.2025), ('ndcg@10', 0.1329), ('hit@10', 0.4208), ('precision@10', 0.0637)])
Wed 03 Apr 2024 04:51:25 INFO  
General Hyper Parameters:
gpu_id = 0
use_gpu = True
seed = 42
state = INFO
reproducibility = True
data_path = data/LFM-1b_artist_20U50I
checkpoint_dir = saved/LFM-1b_artist_20U50I/DGCF
show_progress = True
save_dataset = False
dataset_save_path = None
save_dataloaders = False
dataloaders_save_path = None
log_wandb = False

Training Hyper Parameters:
epochs = 1
train_batch_size = 4096
learner = adam
learning_rate = 0.001
train_neg_sample_args = {'distribution': 'uniform', 'sample_num': 1, 'dynamic': False, 'candidate_num': 0, 'alpha': 1.0}
eval_step = 1
stopping_step = 10
clip_grad_norm = None
weight_decay = 0.0
loss_decimal_place = 4

Evaluation Hyper Parameters:
eval_args = {'split': {'RS': [0.8, 0.1, 0.1]}, 'order': 'RO', 'group_by': 'user', 'mode': {'valid': 'full', 'test': 'full'}}
repeatable = False
metrics = ['Recall', 'MRR', 'NDCG', 'Hit', 'MAP', 'Precision', 'GAUC', 'ItemCoverage', 'AveragePopularity', 'GiniIndex', 'ShannonEntropy', 'TailPercentage']
topk = [10]
valid_metric = MRR@10
valid_metric_bigger = True
eval_batch_size = 1024
metric_decimal_place = 4

Dataset Hyper Parameters:
field_separator = 	
seq_separator =  
USER_ID_FIELD = user_id
ITEM_ID_FIELD = item_id
RATING_FIELD = rating
TIME_FIELD = timestamp
seq_len = None
LABEL_FIELD = label
threshold = None
NEG_PREFIX = neg_
load_col = {'inter': ['user_id', 'item_id']}
unload_col = None
unused_col = None
additional_feat_suffix = None
rm_dup_inter = None
val_interval = None
filter_inter_by_user_or_item = True
user_inter_num_interval = [0,inf)
item_inter_num_interval = [0,inf)
alias_of_user_id = None
alias_of_item_id = None
alias_of_entity_id = None
alias_of_relation_id = None
preload_weight = None
normalize_field = None
normalize_all = None
ITEM_LIST_LENGTH_FIELD = item_length
LIST_SUFFIX = _list
MAX_ITEM_LIST_LENGTH = 50
POSITION_FIELD = position_id
HEAD_ENTITY_ID_FIELD = head_id
TAIL_ENTITY_ID_FIELD = tail_id
RELATION_ID_FIELD = relation_id
ENTITY_ID_FIELD = entity_id
benchmark_filename = None

Other Hyper Parameters: 
worker = 0
wandb_project = recbole
shuffle = True
require_pow = False
enable_amp = False
enable_scaler = False
transform = None
embedding_size = 64
n_factors = 4
n_iterations = 2
n_layers = 1
reg_weight = 0.001
cor_weight = 0.01
numerical_features = []
discretization = None
kg_reverse_r = False
entity_kg_num_interval = [0,inf)
relation_kg_num_interval = [0,inf)
MODEL_TYPE = ModelType.GENERAL
encoding = utf-8
device = cuda
my_log_file = /mnt/batch/tasks/shared/LS_root/mounts/clusters/fontanagpu/code/sustainability-of-recsys/log/carbon_default.log
MODEL_INPUT_TYPE = InputType.PAIRWISE
eval_type = EvaluatorType.RANKING
single_spec = True
local_rank = 0
valid_neg_sample_args = {'distribution': 'uniform', 'sample_num': 'none'}
test_neg_sample_args = {'distribution': 'uniform', 'sample_num': 'none'}


Wed 03 Apr 2024 04:51:28 INFO  LFM-1b_artist_20U50I
The number of users: 19842
Average actions of users: 45.371301849705155
The number of items: 42458
Average actions of items: 21.202911180724026
The number of inters: 900212
The sparsity of the dataset: 99.89314377686127%
Remain Fields: ['user_id', 'item_id']
Wed 03 Apr 2024 04:51:31 INFO  [Training]: train_batch_size = [4096] train_neg_sample_args: [{'distribution': 'uniform', 'sample_num': 1, 'dynamic': False, 'candidate_num': 0, 'alpha': 1.0}]
Wed 03 Apr 2024 04:51:31 INFO  [Evaluation]: eval_batch_size = [1024] eval_args: [{'split': {'RS': [0.8, 0.1, 0.1]}, 'order': 'RO', 'group_by': 'user', 'mode': {'valid': 'full', 'test': 'full'}}]
Wed 03 Apr 2024 04:51:33 INFO  Loading model structure and parameters from saved/LFM-1b_artist_20U50I/DGCF/DGCF-Mar-27-2024_14-13-38.pth
