Sat 06 Apr 2024 06:00:47 INFO  ['src/default_tracker.py', '--dataset=LFM-1b_artist_20U50I_25strat', '--model=RippleNet']
Sat 06 Apr 2024 06:00:47 INFO  
General Hyper Parameters:
gpu_id = 0
use_gpu = True
seed = 2020
state = INFO
reproducibility = True
data_path = data/LFM-1b_artist_20U50I_25strat
checkpoint_dir = saved/LFM-1b_artist_20U50I_25strat/RippleNet
show_progress = True
save_dataset = False
dataset_save_path = None
save_dataloaders = False
dataloaders_save_path = None
log_wandb = False

Training Hyper Parameters:
epochs = 200
train_batch_size = 2048
learner = adam
learning_rate = 0.001
train_neg_sample_args = {'distribution': 'uniform', 'sample_num': 1, 'dynamic': False, 'candidate_num': 0, 'alpha': 1.0}
eval_step = 1
stopping_step = 10
clip_grad_norm = None
weight_decay = 0.0
loss_decimal_place = 4

Evaluation Hyper Parameters:
eval_args = {'split': {'RS': [0.8, 0.1, 0.1]}, 'order': 'RO', 'group_by': 'user', 'mode': {'valid': 'full', 'test': 'full'}}
repeatable = False
metrics = ['Recall', 'MRR', 'NDCG', 'Hit', 'Precision']
topk = [10]
valid_metric = MRR@10
valid_metric_bigger = True
eval_batch_size = 4096
metric_decimal_place = 4

Dataset Hyper Parameters:
field_separator = 	
seq_separator =  
USER_ID_FIELD = user_id
ITEM_ID_FIELD = item_id
RATING_FIELD = rating
TIME_FIELD = timestamp
seq_len = None
LABEL_FIELD = label
threshold = None
NEG_PREFIX = neg_
load_col = {'inter': ['user_id', 'item_id', 'rating', 'timestamp'], 'kg': ['head_id', 'relation_id', 'tail_id'], 'link': ['item_id', 'entity_id']}
unload_col = None
unused_col = None
additional_feat_suffix = None
rm_dup_inter = None
val_interval = None
filter_inter_by_user_or_item = True
user_inter_num_interval = [0,inf)
item_inter_num_interval = [0,inf)
alias_of_user_id = None
alias_of_item_id = None
alias_of_entity_id = None
alias_of_relation_id = None
preload_weight = None
normalize_field = None
normalize_all = None
ITEM_LIST_LENGTH_FIELD = item_length
LIST_SUFFIX = _list
MAX_ITEM_LIST_LENGTH = 50
POSITION_FIELD = position_id
HEAD_ENTITY_ID_FIELD = head_id
TAIL_ENTITY_ID_FIELD = tail_id
RELATION_ID_FIELD = relation_id
ENTITY_ID_FIELD = entity_id
benchmark_filename = None

Other Hyper Parameters: 
worker = 0
wandb_project = recbole
shuffle = True
require_pow = False
enable_amp = False
enable_scaler = False
transform = None
embedding_size = 64
n_hop = 2
n_memory = 16
kg_weight = 0.01
reg_weight = 1e-07
numerical_features = []
discretization = None
kg_reverse_r = False
entity_kg_num_interval = [0,inf)
relation_kg_num_interval = [0,inf)
MODEL_TYPE = ModelType.KNOWLEDGE
encoding = utf-8
device = cuda
my_log_file = /mnt/batch/tasks/shared/LS_root/mounts/clusters/fontanagpu/code/sustainability-of-recsys/log/carbon_default.log
MODEL_INPUT_TYPE = InputType.POINTWISE
eval_type = EvaluatorType.RANKING
single_spec = True
local_rank = 0
valid_neg_sample_args = {'distribution': 'uniform', 'sample_num': 'none'}
test_neg_sample_args = {'distribution': 'uniform', 'sample_num': 'none'}


Sat 06 Apr 2024 06:00:53 INFO  LFM-1b_artist_20U50I_25strat
The number of users: 17111
Average actions of users: 5.287258912916423
The number of items: 9445
Average actions of items: 9.579097839898347
The number of inters: 90465
The sparsity of the dataset: 99.9440238230253%
Remain Fields: ['entity_id', 'user_id', 'item_id', 'head_id', 'relation_id', 'tail_id']
The number of entities: 32908
The number of relations: 7
The number of triples: 29822
The number of items that have been linked to KG: 9444
Sat 06 Apr 2024 06:00:53 INFO  [Training]: train_batch_size = [2048] train_neg_sample_args: [{'distribution': 'uniform', 'sample_num': 1, 'dynamic': False, 'candidate_num': 0, 'alpha': 1.0}]
Sat 06 Apr 2024 06:00:53 INFO  [Evaluation]: eval_batch_size = [4096] eval_args: [{'split': {'RS': [0.8, 0.1, 0.1]}, 'order': 'RO', 'group_by': 'user', 'mode': {'valid': 'full', 'test': 'full'}}]
Sat 06 Apr 2024 06:00:57 INFO  0 among 17110 users are padded
Sat 06 Apr 2024 06:00:57 INFO  RippleNet(
  (entity_embedding): Embedding(32908, 64)
  (relation_embedding): Embedding(7, 4096)
  (transform_matrix): Linear(in_features=64, out_features=64, bias=False)
  (softmax): Softmax(dim=1)
  (sigmoid): Sigmoid()
  (rec_loss): BPRLoss()
  (l2_loss): EmbLoss()
  (loss): BCEWithLogitsLoss()
)
Trainable parameters: 2138880
Sat 06 Apr 2024 06:01:08 INFO  FLOPs: 143518.0
Sat 06 Apr 2024 06:02:01 INFO  epoch 0 training [time: 16.31s, train loss: 38.9609]
Sat 06 Apr 2024 06:02:20 INFO  epoch 0 evaluating [time: 19.69s, valid_score: 0.035700]
Sat 06 Apr 2024 06:02:20 INFO  valid result: 
recall@10 : 0.0918    mrr@10 : 0.0357    ndcg@10 : 0.0483    hit@10 : 0.0944    precision@10 : 0.0095
Sat 06 Apr 2024 06:02:24 INFO  Saving current: saved/LFM-1b_artist_20U50I_25strat/RippleNet/RippleNet-Apr-06-2024_06-01-08.pth
Sat 06 Apr 2024 06:02:36 INFO  epoch 1 training [time: 11.49s, train loss: 24.6731]
Sat 06 Apr 2024 06:02:55 INFO  epoch 1 evaluating [time: 19.15s, valid_score: 0.039700]
Sat 06 Apr 2024 06:02:55 INFO  valid result: 
recall@10 : 0.1147    mrr@10 : 0.0397    ndcg@10 : 0.0566    hit@10 : 0.1178    precision@10 : 0.0118
Sat 06 Apr 2024 06:02:59 INFO  Saving current: saved/LFM-1b_artist_20U50I_25strat/RippleNet/RippleNet-Apr-06-2024_06-01-08.pth
Sat 06 Apr 2024 06:03:10 INFO  epoch 2 training [time: 11.13s, train loss: 22.6846]
Sat 06 Apr 2024 06:03:29 INFO  epoch 2 evaluating [time: 18.73s, valid_score: 0.039000]
Sat 06 Apr 2024 06:03:29 INFO  valid result: 
recall@10 : 0.1234    mrr@10 : 0.039    ndcg@10 : 0.0579    hit@10 : 0.127    precision@10 : 0.0127
Sat 06 Apr 2024 06:03:40 INFO  epoch 3 training [time: 11.26s, train loss: 21.9157]
Sat 06 Apr 2024 06:03:59 INFO  epoch 3 evaluating [time: 18.85s, valid_score: 0.039600]
Sat 06 Apr 2024 06:03:59 INFO  valid result: 
recall@10 : 0.1127    mrr@10 : 0.0396    ndcg@10 : 0.056    hit@10 : 0.1159    precision@10 : 0.0116
Sat 06 Apr 2024 06:04:10 INFO  epoch 4 training [time: 11.32s, train loss: 20.4407]
Sat 06 Apr 2024 06:04:29 INFO  epoch 4 evaluating [time: 18.87s, valid_score: 0.035500]
Sat 06 Apr 2024 06:04:29 INFO  valid result: 
recall@10 : 0.1071    mrr@10 : 0.0355    ndcg@10 : 0.0516    hit@10 : 0.1101    precision@10 : 0.011
Sat 06 Apr 2024 06:04:41 INFO  epoch 5 training [time: 11.33s, train loss: 19.4184]
Sat 06 Apr 2024 06:04:59 INFO  epoch 5 evaluating [time: 18.88s, valid_score: 0.038200]
Sat 06 Apr 2024 06:04:59 INFO  valid result: 
recall@10 : 0.1064    mrr@10 : 0.0382    ndcg@10 : 0.0534    hit@10 : 0.1094    precision@10 : 0.0109
Sat 06 Apr 2024 06:05:11 INFO  epoch 6 training [time: 11.31s, train loss: 18.6416]
Sat 06 Apr 2024 06:05:30 INFO  epoch 6 evaluating [time: 18.82s, valid_score: 0.036900]
Sat 06 Apr 2024 06:05:30 INFO  valid result: 
recall@10 : 0.1032    mrr@10 : 0.0369    ndcg@10 : 0.0517    hit@10 : 0.1066    precision@10 : 0.0107
Sat 06 Apr 2024 06:05:41 INFO  epoch 7 training [time: 11.39s, train loss: 18.0819]
Sat 06 Apr 2024 06:06:00 INFO  epoch 7 evaluating [time: 18.86s, valid_score: 0.036000]
Sat 06 Apr 2024 06:06:00 INFO  valid result: 
recall@10 : 0.1049    mrr@10 : 0.036    ndcg@10 : 0.0515    hit@10 : 0.1083    precision@10 : 0.0109
Sat 06 Apr 2024 06:06:11 INFO  epoch 8 training [time: 11.20s, train loss: 17.4506]
Sat 06 Apr 2024 06:06:30 INFO  epoch 8 evaluating [time: 18.89s, valid_score: 0.036700]
Sat 06 Apr 2024 06:06:30 INFO  valid result: 
recall@10 : 0.1056    mrr@10 : 0.0367    ndcg@10 : 0.0521    hit@10 : 0.1088    precision@10 : 0.0109
Sat 06 Apr 2024 06:06:41 INFO  epoch 9 training [time: 11.22s, train loss: 16.8910]
Sat 06 Apr 2024 06:07:00 INFO  epoch 9 evaluating [time: 18.83s, valid_score: 0.036900]
Sat 06 Apr 2024 06:07:00 INFO  valid result: 
recall@10 : 0.0971    mrr@10 : 0.0369    ndcg@10 : 0.0504    hit@10 : 0.1003    precision@10 : 0.01
Sat 06 Apr 2024 06:07:11 INFO  epoch 10 training [time: 11.29s, train loss: 16.3132]
Sat 06 Apr 2024 06:07:30 INFO  epoch 10 evaluating [time: 18.89s, valid_score: 0.037700]
Sat 06 Apr 2024 06:07:30 INFO  valid result: 
recall@10 : 0.1008    mrr@10 : 0.0377    ndcg@10 : 0.0519    hit@10 : 0.104    precision@10 : 0.0104
Sat 06 Apr 2024 06:07:41 INFO  epoch 11 training [time: 11.19s, train loss: 15.6477]
Sat 06 Apr 2024 06:08:00 INFO  epoch 11 evaluating [time: 18.96s, valid_score: 0.036000]
Sat 06 Apr 2024 06:08:00 INFO  valid result: 
recall@10 : 0.0974    mrr@10 : 0.036    ndcg@10 : 0.0497    hit@10 : 0.1003    precision@10 : 0.0101
Sat 06 Apr 2024 06:08:12 INFO  epoch 12 training [time: 11.21s, train loss: 15.0659]
Sat 06 Apr 2024 06:08:30 INFO  epoch 12 evaluating [time: 18.91s, valid_score: 0.036000]
Sat 06 Apr 2024 06:08:30 INFO  valid result: 
recall@10 : 0.0995    mrr@10 : 0.036    ndcg@10 : 0.0502    hit@10 : 0.1023    precision@10 : 0.0102
Sat 06 Apr 2024 06:08:30 INFO  Finished training, best eval result in epoch 1
Sat 06 Apr 2024 06:08:38 INFO  Loading model structure and parameters from saved/LFM-1b_artist_20U50I_25strat/RippleNet/RippleNet-Apr-06-2024_06-01-08.pth
Sat 06 Apr 2024 06:09:03 INFO  The running environment of this training is as follows:
+-------------+----------------+
| Environment |     Usage      |
+=============+================+
| CPU         |     1.20 %     |
+-------------+----------------+
| GPU         | 3.17 G/14.58 G |
+-------------+----------------+
| Memory      | 1.54 G/27.41 G |
+-------------+----------------+
Sat 06 Apr 2024 06:09:03 INFO  best valid : OrderedDict([('recall@10', 0.1147), ('mrr@10', 0.0397), ('ndcg@10', 0.0566), ('hit@10', 0.1178), ('precision@10', 0.0118)])
Sat 06 Apr 2024 06:09:03 INFO  test result: OrderedDict([('recall@10', 0.1169), ('mrr@10', 0.04), ('ndcg@10', 0.0574), ('hit@10', 0.1196), ('precision@10', 0.012)])
Sat 06 Apr 2024 06:09:10 INFO  
General Hyper Parameters:
gpu_id = 0
use_gpu = True
seed = 2020
state = INFO
reproducibility = True
data_path = data/LFM-1b_artist_20U50I_25strat
checkpoint_dir = saved/LFM-1b_artist_20U50I_25strat/RippleNet
show_progress = True
save_dataset = False
dataset_save_path = None
save_dataloaders = False
dataloaders_save_path = None
log_wandb = False

Training Hyper Parameters:
epochs = 200
train_batch_size = 2048
learner = adam
learning_rate = 0.001
train_neg_sample_args = {'distribution': 'uniform', 'sample_num': 1, 'dynamic': False, 'candidate_num': 0, 'alpha': 1.0}
eval_step = 1
stopping_step = 10
clip_grad_norm = None
weight_decay = 0.0
loss_decimal_place = 4

Evaluation Hyper Parameters:
eval_args = {'split': {'RS': [0.8, 0.1, 0.1]}, 'order': 'RO', 'group_by': 'user', 'mode': {'valid': 'full', 'test': 'full'}}
repeatable = False
metrics = ['Recall', 'MRR', 'NDCG', 'Hit', 'Precision']
topk = [10]
valid_metric = MRR@10
valid_metric_bigger = True
eval_batch_size = 4096
metric_decimal_place = 4

Dataset Hyper Parameters:
field_separator = 	
seq_separator =  
USER_ID_FIELD = user_id
ITEM_ID_FIELD = item_id
RATING_FIELD = rating
TIME_FIELD = timestamp
seq_len = None
LABEL_FIELD = label
threshold = None
NEG_PREFIX = neg_
load_col = {'inter': ['user_id', 'item_id', 'rating', 'timestamp'], 'kg': ['head_id', 'relation_id', 'tail_id'], 'link': ['item_id', 'entity_id']}
unload_col = None
unused_col = None
additional_feat_suffix = None
rm_dup_inter = None
val_interval = None
filter_inter_by_user_or_item = True
user_inter_num_interval = [0,inf)
item_inter_num_interval = [0,inf)
alias_of_user_id = None
alias_of_item_id = None
alias_of_entity_id = None
alias_of_relation_id = None
preload_weight = None
normalize_field = None
normalize_all = None
ITEM_LIST_LENGTH_FIELD = item_length
LIST_SUFFIX = _list
MAX_ITEM_LIST_LENGTH = 50
POSITION_FIELD = position_id
HEAD_ENTITY_ID_FIELD = head_id
TAIL_ENTITY_ID_FIELD = tail_id
RELATION_ID_FIELD = relation_id
ENTITY_ID_FIELD = entity_id
benchmark_filename = None

Other Hyper Parameters: 
worker = 0
wandb_project = recbole
shuffle = True
require_pow = False
enable_amp = False
enable_scaler = False
transform = None
embedding_size = 64
n_hop = 2
n_memory = 16
kg_weight = 0.01
reg_weight = 1e-07
numerical_features = []
discretization = None
kg_reverse_r = False
entity_kg_num_interval = [0,inf)
relation_kg_num_interval = [0,inf)
MODEL_TYPE = ModelType.KNOWLEDGE
encoding = utf-8
device = cuda
my_log_file = /mnt/batch/tasks/shared/LS_root/mounts/clusters/fontanagpu/code/sustainability-of-recsys/log/carbon_default.log
MODEL_INPUT_TYPE = InputType.POINTWISE
eval_type = EvaluatorType.RANKING
single_spec = True
local_rank = 0
valid_neg_sample_args = {'distribution': 'uniform', 'sample_num': 'none'}
test_neg_sample_args = {'distribution': 'uniform', 'sample_num': 'none'}


Sat 06 Apr 2024 06:09:15 INFO  LFM-1b_artist_20U50I_25strat
The number of users: 17111
Average actions of users: 5.287258912916423
The number of items: 9445
Average actions of items: 9.579097839898347
The number of inters: 90465
The sparsity of the dataset: 99.9440238230253%
Remain Fields: ['entity_id', 'user_id', 'item_id', 'head_id', 'relation_id', 'tail_id']
The number of entities: 32908
The number of relations: 7
The number of triples: 29822
The number of items that have been linked to KG: 9444
Sat 06 Apr 2024 06:09:16 INFO  [Training]: train_batch_size = [2048] train_neg_sample_args: [{'distribution': 'uniform', 'sample_num': 1, 'dynamic': False, 'candidate_num': 0, 'alpha': 1.0}]
Sat 06 Apr 2024 06:09:16 INFO  [Evaluation]: eval_batch_size = [4096] eval_args: [{'split': {'RS': [0.8, 0.1, 0.1]}, 'order': 'RO', 'group_by': 'user', 'mode': {'valid': 'full', 'test': 'full'}}]
Sat 06 Apr 2024 06:09:19 INFO  0 among 17110 users are padded
Sat 06 Apr 2024 06:09:26 INFO  Loading model structure and parameters from saved/LFM-1b_artist_20U50I_25strat/RippleNet/RippleNet-Apr-06-2024_06-01-08.pth
