Mon 15 Apr 2024 11:46:58 INFO  ['src/default_tracker.py', '--dataset=ml-10m_core5', '--model=ItemKNN']
Mon 15 Apr 2024 11:46:58 INFO  
General Hyper Parameters:
gpu_id = 0
use_gpu = True
seed = 2020
state = INFO
reproducibility = True
data_path = data/ml-10m_core5
checkpoint_dir = saved/ml-10m_core5/ItemKNN
show_progress = True
save_dataset = False
dataset_save_path = None
save_dataloaders = False
dataloaders_save_path = None
log_wandb = False

Training Hyper Parameters:
epochs = 200
train_batch_size = 2048
learner = adam
learning_rate = 0.001
train_neg_sample_args = {'distribution': 'uniform', 'sample_num': 1, 'dynamic': False, 'candidate_num': 0, 'alpha': 1.0}
eval_step = 1
stopping_step = 10
clip_grad_norm = None
weight_decay = 0.0
loss_decimal_place = 4

Evaluation Hyper Parameters:
eval_args = {'split': {'RS': [0.8, 0.1, 0.1]}, 'order': 'RO', 'group_by': 'user', 'mode': {'valid': 'full', 'test': 'full'}}
repeatable = False
metrics = ['Recall', 'MRR', 'NDCG', 'Hit', 'MAP', 'Precision', 'GAUC', 'ItemCoverage', 'AveragePopularity', 'GiniIndex', 'ShannonEntropy', 'TailPercentage']
topk = [10]
valid_metric = MRR@10
valid_metric_bigger = True
eval_batch_size = 4096
metric_decimal_place = 4

Dataset Hyper Parameters:
field_separator = 	
seq_separator =  
USER_ID_FIELD = user_id
ITEM_ID_FIELD = item_id
RATING_FIELD = rating
TIME_FIELD = timestamp
seq_len = None
LABEL_FIELD = label
threshold = None
NEG_PREFIX = neg_
load_col = {'inter': ['user_id', 'item_id']}
unload_col = None
unused_col = None
additional_feat_suffix = None
rm_dup_inter = None
val_interval = None
filter_inter_by_user_or_item = True
user_inter_num_interval = [0,inf)
item_inter_num_interval = [0,inf)
alias_of_user_id = None
alias_of_item_id = None
alias_of_entity_id = None
alias_of_relation_id = None
preload_weight = None
normalize_field = None
normalize_all = None
ITEM_LIST_LENGTH_FIELD = item_length
LIST_SUFFIX = _list
MAX_ITEM_LIST_LENGTH = 50
POSITION_FIELD = position_id
HEAD_ENTITY_ID_FIELD = head_id
TAIL_ENTITY_ID_FIELD = tail_id
RELATION_ID_FIELD = relation_id
ENTITY_ID_FIELD = entity_id
benchmark_filename = None

Other Hyper Parameters: 
worker = 0
wandb_project = recbole
shuffle = True
require_pow = False
enable_amp = False
enable_scaler = False
transform = None
k = 100
shrink = 0.0
numerical_features = []
discretization = None
kg_reverse_r = False
entity_kg_num_interval = [0,inf)
relation_kg_num_interval = [0,inf)
MODEL_TYPE = ModelType.TRADITIONAL
encoding = utf-8
device = cuda
my_log_file = /mnt/batch/tasks/shared/LS_root/mounts/clusters/fontanagpu/code/sustainability-of-recsys/log/carbon_default.log
MODEL_INPUT_TYPE = InputType.POINTWISE
eval_type = EvaluatorType.RANKING
single_spec = True
local_rank = 0
valid_neg_sample_args = {'distribution': 'uniform', 'sample_num': 'none'}
test_neg_sample_args = {'distribution': 'uniform', 'sample_num': 'none'}


Mon 15 Apr 2024 11:47:27 INFO  ml-10m_core5
The number of users: 69879
Average actions of users: 143.0896133260826
The number of items: 10197
Average actions of items: 980.6606512357787
The number of inters: 9998816
The sparsity of the dataset: 98.59676801363936%
Remain Fields: ['user_id', 'item_id']
Mon 15 Apr 2024 11:47:55 INFO  [Training]: train_batch_size = [2048] train_neg_sample_args: [{'distribution': 'uniform', 'sample_num': 1, 'dynamic': False, 'candidate_num': 0, 'alpha': 1.0}]
Mon 15 Apr 2024 11:47:55 INFO  [Evaluation]: eval_batch_size = [4096] eval_args: [{'split': {'RS': [0.8, 0.1, 0.1]}, 'order': 'RO', 'group_by': 'user', 'mode': {'valid': 'full', 'test': 'full'}}]
Mon 15 Apr 2024 11:49:30 INFO  ItemKNN()
Trainable parameters: 1
Mon 15 Apr 2024 11:52:18 INFO  FLOPs: 0.0
Mon 15 Apr 2024 11:53:31 INFO  epoch 0 training [time: 21.22s, train loss: 0.0000]
Mon 15 Apr 2024 11:57:56 INFO  epoch 0 evaluating [time: 264.32s, valid_score: 0.360700]
Mon 15 Apr 2024 11:57:56 INFO  valid result: 
recall@10 : 0.1862    mrr@10 : 0.3607    ndcg@10 : 0.2123    hit@10 : 0.6876    map@10 : 0.117    precision@10 : 0.1472    gauc : 0.9516    itemcoverage@10 : 0.2865    averagepopularity@10 : 13177.6181    giniindex@10 : 0.9762    shannonentropy@10 : 0.0019    tailpercentage@10 : 0.0001
Mon 15 Apr 2024 12:00:36 INFO  Saving current: saved/ml-10m_core5/ItemKNN/ItemKNN-Apr-15-2024_11-52-19.pth
Mon 15 Apr 2024 12:03:57 INFO  Loading model structure and parameters from saved/ml-10m_core5/ItemKNN/ItemKNN-Apr-15-2024_11-52-19.pth
Mon 15 Apr 2024 12:09:20 INFO  The running environment of this training is as follows:
+-------------+-----------------+
| Environment |      Usage      |
+=============+=================+
| CPU         |     5.70 %      |
+-------------+-----------------+
| GPU         | 0.00 G/15.57 G  |
+-------------+-----------------+
| Memory      | 17.42 G/27.41 G |
+-------------+-----------------+
Mon 15 Apr 2024 12:09:20 INFO  best valid : OrderedDict([('recall@10', 0.1862), ('mrr@10', 0.3607), ('ndcg@10', 0.2123), ('hit@10', 0.6876), ('map@10', 0.117), ('precision@10', 0.1472), ('gauc', 0.9516), ('itemcoverage@10', 0.2865), ('averagepopularity@10', 13177.6181), ('giniindex@10', 0.9762), ('shannonentropy@10', 0.0019), ('tailpercentage@10', 0.0001)])
Mon 15 Apr 2024 12:09:20 INFO  test result: OrderedDict([('recall@10', 0.2085), ('mrr@10', 0.4341), ('ndcg@10', 0.2624), ('hit@10', 0.71), ('map@10', 0.162), ('precision@10', 0.1793), ('gauc', 0.954), ('itemcoverage@10', 0.2888), ('averagepopularity@10', 12841.9245), ('giniindex@10', 0.9747), ('shannonentropy@10', 0.002), ('tailpercentage@10', 0.0001)])
Mon 15 Apr 2024 12:10:17 INFO  
General Hyper Parameters:
gpu_id = 0
use_gpu = True
seed = 2020
state = INFO
reproducibility = True
data_path = data/ml-10m_core5
checkpoint_dir = saved/ml-10m_core5/ItemKNN
show_progress = True
save_dataset = False
dataset_save_path = None
save_dataloaders = False
dataloaders_save_path = None
log_wandb = False

Training Hyper Parameters:
epochs = 200
train_batch_size = 2048
learner = adam
learning_rate = 0.001
train_neg_sample_args = {'distribution': 'uniform', 'sample_num': 1, 'dynamic': False, 'candidate_num': 0, 'alpha': 1.0}
eval_step = 1
stopping_step = 10
clip_grad_norm = None
weight_decay = 0.0
loss_decimal_place = 4

Evaluation Hyper Parameters:
eval_args = {'split': {'RS': [0.8, 0.1, 0.1]}, 'order': 'RO', 'group_by': 'user', 'mode': {'valid': 'full', 'test': 'full'}}
repeatable = False
metrics = ['Recall', 'MRR', 'NDCG', 'Hit', 'MAP', 'Precision', 'GAUC', 'ItemCoverage', 'AveragePopularity', 'GiniIndex', 'ShannonEntropy', 'TailPercentage']
topk = [10]
valid_metric = MRR@10
valid_metric_bigger = True
eval_batch_size = 4096
metric_decimal_place = 4

Dataset Hyper Parameters:
field_separator = 	
seq_separator =  
USER_ID_FIELD = user_id
ITEM_ID_FIELD = item_id
RATING_FIELD = rating
TIME_FIELD = timestamp
seq_len = None
LABEL_FIELD = label
threshold = None
NEG_PREFIX = neg_
load_col = {'inter': ['user_id', 'item_id']}
unload_col = None
unused_col = None
additional_feat_suffix = None
rm_dup_inter = None
val_interval = None
filter_inter_by_user_or_item = True
user_inter_num_interval = [0,inf)
item_inter_num_interval = [0,inf)
alias_of_user_id = None
alias_of_item_id = None
alias_of_entity_id = None
alias_of_relation_id = None
preload_weight = None
normalize_field = None
normalize_all = None
ITEM_LIST_LENGTH_FIELD = item_length
LIST_SUFFIX = _list
MAX_ITEM_LIST_LENGTH = 50
POSITION_FIELD = position_id
HEAD_ENTITY_ID_FIELD = head_id
TAIL_ENTITY_ID_FIELD = tail_id
RELATION_ID_FIELD = relation_id
ENTITY_ID_FIELD = entity_id
benchmark_filename = None

Other Hyper Parameters: 
worker = 0
wandb_project = recbole
shuffle = True
require_pow = False
enable_amp = False
enable_scaler = False
transform = None
k = 100
shrink = 0.0
numerical_features = []
discretization = None
kg_reverse_r = False
entity_kg_num_interval = [0,inf)
relation_kg_num_interval = [0,inf)
MODEL_TYPE = ModelType.TRADITIONAL
encoding = utf-8
device = cuda
my_log_file = /mnt/batch/tasks/shared/LS_root/mounts/clusters/fontanagpu/code/sustainability-of-recsys/log/carbon_default.log
MODEL_INPUT_TYPE = InputType.POINTWISE
eval_type = EvaluatorType.RANKING
single_spec = True
local_rank = 0
valid_neg_sample_args = {'distribution': 'uniform', 'sample_num': 'none'}
test_neg_sample_args = {'distribution': 'uniform', 'sample_num': 'none'}


Mon 15 Apr 2024 12:11:12 INFO  ml-10m_core5
The number of users: 69879
Average actions of users: 143.0896133260826
The number of items: 10197
Average actions of items: 980.6606512357787
The number of inters: 9998816
The sparsity of the dataset: 98.59676801363936%
Remain Fields: ['user_id', 'item_id']
Mon 15 Apr 2024 12:11:40 INFO  [Training]: train_batch_size = [2048] train_neg_sample_args: [{'distribution': 'uniform', 'sample_num': 1, 'dynamic': False, 'candidate_num': 0, 'alpha': 1.0}]
Mon 15 Apr 2024 12:11:40 INFO  [Evaluation]: eval_batch_size = [4096] eval_args: [{'split': {'RS': [0.8, 0.1, 0.1]}, 'order': 'RO', 'group_by': 'user', 'mode': {'valid': 'full', 'test': 'full'}}]
Mon 15 Apr 2024 12:16:43 INFO  Loading model structure and parameters from saved/ml-10m_core5/ItemKNN/ItemKNN-Apr-15-2024_11-52-19.pth
