Fri 05 Apr 2024 16:39:18 INFO  ['src/default_tracker.py', '--dataset=LFM-1b_artist_20U50I_50strat', '--model=ItemKNN']
Fri 05 Apr 2024 16:39:18 INFO  
General Hyper Parameters:
gpu_id = 0
use_gpu = True
seed = 2020
state = INFO
reproducibility = True
data_path = data/LFM-1b_artist_20U50I_50strat
checkpoint_dir = saved/LFM-1b_artist_20U50I_50strat/ItemKNN
show_progress = True
save_dataset = False
dataset_save_path = None
save_dataloaders = False
dataloaders_save_path = None
log_wandb = False

Training Hyper Parameters:
epochs = 200
train_batch_size = 2048
learner = adam
learning_rate = 0.001
train_neg_sample_args = {'distribution': 'uniform', 'sample_num': 1, 'dynamic': False, 'candidate_num': 0, 'alpha': 1.0}
eval_step = 1
stopping_step = 10
clip_grad_norm = None
weight_decay = 0.0
loss_decimal_place = 4

Evaluation Hyper Parameters:
eval_args = {'split': {'RS': [0.8, 0.1, 0.1]}, 'order': 'RO', 'group_by': 'user', 'mode': {'valid': 'full', 'test': 'full'}}
repeatable = False
metrics = ['Recall', 'MRR', 'NDCG', 'Hit', 'Precision']
topk = [10]
valid_metric = MRR@10
valid_metric_bigger = True
eval_batch_size = 4096
metric_decimal_place = 4

Dataset Hyper Parameters:
field_separator = 	
seq_separator =  
USER_ID_FIELD = user_id
ITEM_ID_FIELD = item_id
RATING_FIELD = rating
TIME_FIELD = timestamp
seq_len = None
LABEL_FIELD = label
threshold = None
NEG_PREFIX = neg_
load_col = {'inter': ['user_id', 'item_id']}
unload_col = None
unused_col = None
additional_feat_suffix = None
rm_dup_inter = None
val_interval = None
filter_inter_by_user_or_item = True
user_inter_num_interval = [0,inf)
item_inter_num_interval = [0,inf)
alias_of_user_id = None
alias_of_item_id = None
alias_of_entity_id = None
alias_of_relation_id = None
preload_weight = None
normalize_field = None
normalize_all = None
ITEM_LIST_LENGTH_FIELD = item_length
LIST_SUFFIX = _list
MAX_ITEM_LIST_LENGTH = 50
POSITION_FIELD = position_id
HEAD_ENTITY_ID_FIELD = head_id
TAIL_ENTITY_ID_FIELD = tail_id
RELATION_ID_FIELD = relation_id
ENTITY_ID_FIELD = entity_id
benchmark_filename = None

Other Hyper Parameters: 
worker = 0
wandb_project = recbole
shuffle = True
require_pow = False
enable_amp = False
enable_scaler = False
transform = None
k = 100
shrink = 0.0
numerical_features = []
discretization = None
kg_reverse_r = False
entity_kg_num_interval = [0,inf)
relation_kg_num_interval = [0,inf)
MODEL_TYPE = ModelType.TRADITIONAL
encoding = utf-8
device = cuda
my_log_file = /mnt/batch/tasks/shared/LS_root/mounts/clusters/fontanagpu/code/sustainability-of-recsys/log/carbon_default.log
MODEL_INPUT_TYPE = InputType.POINTWISE
eval_type = EvaluatorType.RANKING
single_spec = True
local_rank = 0
valid_neg_sample_args = {'distribution': 'uniform', 'sample_num': 'none'}
test_neg_sample_args = {'distribution': 'uniform', 'sample_num': 'none'}


Fri 05 Apr 2024 16:39:20 INFO  LFM-1b_artist_20U50I_50strat
The number of users: 19842
Average actions of users: 22.20755002268031
The number of items: 33654
Average actions of items: 13.093037767806733
The number of inters: 440620
The sparsity of the dataset: 99.93401547868501%
Remain Fields: ['user_id', 'item_id']
Fri 05 Apr 2024 16:39:22 INFO  [Training]: train_batch_size = [2048] train_neg_sample_args: [{'distribution': 'uniform', 'sample_num': 1, 'dynamic': False, 'candidate_num': 0, 'alpha': 1.0}]
Fri 05 Apr 2024 16:39:22 INFO  [Evaluation]: eval_batch_size = [4096] eval_args: [{'split': {'RS': [0.8, 0.1, 0.1]}, 'order': 'RO', 'group_by': 'user', 'mode': {'valid': 'full', 'test': 'full'}}]
Fri 05 Apr 2024 16:40:00 INFO  ItemKNN()
Trainable parameters: 1
Fri 05 Apr 2024 16:42:19 INFO  FLOPs: 0.0
Fri 05 Apr 2024 16:42:55 INFO  epoch 0 training [time: 1.03s, train loss: 0.0000]
Fri 05 Apr 2024 16:43:59 INFO  epoch 0 evaluating [time: 64.42s, valid_score: 0.069100]
Fri 05 Apr 2024 16:43:59 INFO  valid result: 
recall@10 : 0.1083    mrr@10 : 0.0691    ndcg@10 : 0.0643    hit@10 : 0.1842    precision@10 : 0.0204
Fri 05 Apr 2024 16:46:03 INFO  Saving current: saved/LFM-1b_artist_20U50I_50strat/ItemKNN/ItemKNN-Apr-05-2024_16-42-19.pth
Fri 05 Apr 2024 16:46:22 INFO  Loading model structure and parameters from saved/LFM-1b_artist_20U50I_50strat/ItemKNN/ItemKNN-Apr-05-2024_16-42-19.pth
Fri 05 Apr 2024 16:47:29 INFO  The running environment of this training is as follows:
+-------------+-----------------+
| Environment |      Usage      |
+=============+=================+
| CPU         |     3.80 %      |
+-------------+-----------------+
| GPU         | 0.00 G/14.58 G  |
+-------------+-----------------+
| Memory      | 14.44 G/27.41 G |
+-------------+-----------------+
Fri 05 Apr 2024 16:47:29 INFO  best valid : OrderedDict([('recall@10', 0.1083), ('mrr@10', 0.0691), ('ndcg@10', 0.0643), ('hit@10', 0.1842), ('precision@10', 0.0204)])
Fri 05 Apr 2024 16:47:29 INFO  test result: OrderedDict([('recall@10', 0.1063), ('mrr@10', 0.066), ('ndcg@10', 0.0623), ('hit@10', 0.177), ('precision@10', 0.0195)])
Fri 05 Apr 2024 16:48:01 INFO  
General Hyper Parameters:
gpu_id = 0
use_gpu = True
seed = 2020
state = INFO
reproducibility = True
data_path = data/LFM-1b_artist_20U50I_50strat
checkpoint_dir = saved/LFM-1b_artist_20U50I_50strat/ItemKNN
show_progress = True
save_dataset = False
dataset_save_path = None
save_dataloaders = False
dataloaders_save_path = None
log_wandb = False

Training Hyper Parameters:
epochs = 200
train_batch_size = 2048
learner = adam
learning_rate = 0.001
train_neg_sample_args = {'distribution': 'uniform', 'sample_num': 1, 'dynamic': False, 'candidate_num': 0, 'alpha': 1.0}
eval_step = 1
stopping_step = 10
clip_grad_norm = None
weight_decay = 0.0
loss_decimal_place = 4

Evaluation Hyper Parameters:
eval_args = {'split': {'RS': [0.8, 0.1, 0.1]}, 'order': 'RO', 'group_by': 'user', 'mode': {'valid': 'full', 'test': 'full'}}
repeatable = False
metrics = ['Recall', 'MRR', 'NDCG', 'Hit', 'Precision']
topk = [10]
valid_metric = MRR@10
valid_metric_bigger = True
eval_batch_size = 4096
metric_decimal_place = 4

Dataset Hyper Parameters:
field_separator = 	
seq_separator =  
USER_ID_FIELD = user_id
ITEM_ID_FIELD = item_id
RATING_FIELD = rating
TIME_FIELD = timestamp
seq_len = None
LABEL_FIELD = label
threshold = None
NEG_PREFIX = neg_
load_col = {'inter': ['user_id', 'item_id']}
unload_col = None
unused_col = None
additional_feat_suffix = None
rm_dup_inter = None
val_interval = None
filter_inter_by_user_or_item = True
user_inter_num_interval = [0,inf)
item_inter_num_interval = [0,inf)
alias_of_user_id = None
alias_of_item_id = None
alias_of_entity_id = None
alias_of_relation_id = None
preload_weight = None
normalize_field = None
normalize_all = None
ITEM_LIST_LENGTH_FIELD = item_length
LIST_SUFFIX = _list
MAX_ITEM_LIST_LENGTH = 50
POSITION_FIELD = position_id
HEAD_ENTITY_ID_FIELD = head_id
TAIL_ENTITY_ID_FIELD = tail_id
RELATION_ID_FIELD = relation_id
ENTITY_ID_FIELD = entity_id
benchmark_filename = None

Other Hyper Parameters: 
worker = 0
wandb_project = recbole
shuffle = True
require_pow = False
enable_amp = False
enable_scaler = False
transform = None
k = 100
shrink = 0.0
numerical_features = []
discretization = None
kg_reverse_r = False
entity_kg_num_interval = [0,inf)
relation_kg_num_interval = [0,inf)
MODEL_TYPE = ModelType.TRADITIONAL
encoding = utf-8
device = cuda
my_log_file = /mnt/batch/tasks/shared/LS_root/mounts/clusters/fontanagpu/code/sustainability-of-recsys/log/carbon_default.log
MODEL_INPUT_TYPE = InputType.POINTWISE
eval_type = EvaluatorType.RANKING
single_spec = True
local_rank = 0
valid_neg_sample_args = {'distribution': 'uniform', 'sample_num': 'none'}
test_neg_sample_args = {'distribution': 'uniform', 'sample_num': 'none'}


Fri 05 Apr 2024 16:48:09 INFO  LFM-1b_artist_20U50I_50strat
The number of users: 19842
Average actions of users: 22.20755002268031
The number of items: 33654
Average actions of items: 13.093037767806733
The number of inters: 440620
The sparsity of the dataset: 99.93401547868501%
Remain Fields: ['user_id', 'item_id']
Fri 05 Apr 2024 16:48:15 INFO  [Training]: train_batch_size = [2048] train_neg_sample_args: [{'distribution': 'uniform', 'sample_num': 1, 'dynamic': False, 'candidate_num': 0, 'alpha': 1.0}]
Fri 05 Apr 2024 16:48:15 INFO  [Evaluation]: eval_batch_size = [4096] eval_args: [{'split': {'RS': [0.8, 0.1, 0.1]}, 'order': 'RO', 'group_by': 'user', 'mode': {'valid': 'full', 'test': 'full'}}]
Fri 05 Apr 2024 16:49:30 INFO  Loading model structure and parameters from saved/LFM-1b_artist_20U50I_50strat/ItemKNN/ItemKNN-Apr-05-2024_16-42-19.pth
