Tue 16 Apr 2024 10:30:14 INFO  ['src/default_tracker.py', '--dataset=ml-10m_50U10I', '--model=ItemKNN']
Tue 16 Apr 2024 10:30:14 INFO  
General Hyper Parameters:
gpu_id = 0
use_gpu = True
seed = 2020
state = INFO
reproducibility = True
data_path = data/ml-10m_50U10I
checkpoint_dir = saved/ml-10m_50U10I/ItemKNN
show_progress = True
save_dataset = False
dataset_save_path = None
save_dataloaders = False
dataloaders_save_path = None
log_wandb = False

Training Hyper Parameters:
epochs = 1
train_batch_size = 2048
learner = adam
learning_rate = 0.001
train_neg_sample_args = {'distribution': 'uniform', 'sample_num': 1, 'dynamic': False, 'candidate_num': 0, 'alpha': 1.0}
eval_step = 1
stopping_step = 10
clip_grad_norm = None
weight_decay = 0.0
loss_decimal_place = 4

Evaluation Hyper Parameters:
eval_args = {'split': {'RS': [0.8, 0.1, 0.1]}, 'order': 'RO', 'group_by': 'user', 'mode': {'valid': 'full', 'test': 'full'}}
repeatable = False
metrics = ['Recall', 'MRR', 'NDCG', 'Hit', 'MAP', 'Precision', 'GAUC', 'ItemCoverage', 'AveragePopularity', 'GiniIndex', 'ShannonEntropy', 'TailPercentage']
topk = [10]
valid_metric = MRR@10
valid_metric_bigger = True
eval_batch_size = 4096
metric_decimal_place = 4

Dataset Hyper Parameters:
field_separator = 	
seq_separator =  
USER_ID_FIELD = user_id
ITEM_ID_FIELD = item_id
RATING_FIELD = rating
TIME_FIELD = timestamp
seq_len = None
LABEL_FIELD = label
threshold = None
NEG_PREFIX = neg_
load_col = {'inter': ['user_id', 'item_id']}
unload_col = None
unused_col = None
additional_feat_suffix = None
rm_dup_inter = None
val_interval = None
filter_inter_by_user_or_item = True
user_inter_num_interval = [0,inf)
item_inter_num_interval = [0,inf)
alias_of_user_id = None
alias_of_item_id = None
alias_of_entity_id = None
alias_of_relation_id = None
preload_weight = None
normalize_field = None
normalize_all = None
ITEM_LIST_LENGTH_FIELD = item_length
LIST_SUFFIX = _list
MAX_ITEM_LIST_LENGTH = 50
POSITION_FIELD = position_id
HEAD_ENTITY_ID_FIELD = head_id
TAIL_ENTITY_ID_FIELD = tail_id
RELATION_ID_FIELD = relation_id
ENTITY_ID_FIELD = entity_id
benchmark_filename = None

Other Hyper Parameters: 
worker = 0
wandb_project = recbole
shuffle = True
require_pow = False
enable_amp = False
enable_scaler = False
transform = None
k = 100
shrink = 0.0
numerical_features = []
discretization = None
kg_reverse_r = False
entity_kg_num_interval = [0,inf)
relation_kg_num_interval = [0,inf)
MODEL_TYPE = ModelType.TRADITIONAL
encoding = utf-8
device = cuda
my_log_file = /mnt/batch/tasks/shared/LS_root/mounts/clusters/fontanagpu/code/sustainability-of-recsys/log/carbon_default.log
MODEL_INPUT_TYPE = InputType.POINTWISE
eval_type = EvaluatorType.RANKING
single_spec = True
local_rank = 0
valid_neg_sample_args = {'distribution': 'uniform', 'sample_num': 'none'}
test_neg_sample_args = {'distribution': 'uniform', 'sample_num': 'none'}


Tue 16 Apr 2024 10:30:36 INFO  ml-10m_50U10I
The number of users: 50001
Average actions of users: 141.07548
The number of items: 10001
Average actions of items: 705.3774
The number of inters: 7053774
The sparsity of the dataset: 98.5894144730844%
Remain Fields: ['user_id', 'item_id']
Tue 16 Apr 2024 10:30:55 INFO  [Training]: train_batch_size = [2048] train_neg_sample_args: [{'distribution': 'uniform', 'sample_num': 1, 'dynamic': False, 'candidate_num': 0, 'alpha': 1.0}]
Tue 16 Apr 2024 10:30:55 INFO  [Evaluation]: eval_batch_size = [4096] eval_args: [{'split': {'RS': [0.8, 0.1, 0.1]}, 'order': 'RO', 'group_by': 'user', 'mode': {'valid': 'full', 'test': 'full'}}]
Tue 16 Apr 2024 10:31:59 INFO  ItemKNN()
Trainable parameters: 1
Tue 16 Apr 2024 10:33:53 INFO  FLOPs: 0.0
Tue 16 Apr 2024 10:34:53 INFO  epoch 0 training [time: 16.13s, train loss: 0.0000]
Tue 16 Apr 2024 10:37:59 INFO  epoch 0 evaluating [time: 186.02s, valid_score: 0.359200]
Tue 16 Apr 2024 10:37:59 INFO  valid result: 
recall@10 : 0.1891    mrr@10 : 0.3592    ndcg@10 : 0.2134    hit@10 : 0.6832    map@10 : 0.1185    precision@10 : 0.1466    gauc : 0.951    itemcoverage@10 : 0.2636    averagepopularity@10 : 9437.7399    giniindex@10 : 0.976    shannonentropy@10 : 0.0021    tailpercentage@10 : 0.0001
Tue 16 Apr 2024 10:39:38 INFO  Saving current: saved/ml-10m_50U10I/ItemKNN/ItemKNN-Apr-16-2024_10-33-53.pth
Tue 16 Apr 2024 10:39:51 INFO  Loading model structure and parameters from saved/ml-10m_50U10I/ItemKNN/ItemKNN-Apr-16-2024_10-33-53.pth
Tue 16 Apr 2024 10:42:45 INFO  The running environment of this training is as follows:
+-------------+-----------------+
| Environment |      Usage      |
+=============+=================+
| CPU         |     4.80 %      |
+-------------+-----------------+
| GPU         | 0.00 G/15.57 G  |
+-------------+-----------------+
| Memory      | 13.47 G/27.41 G |
+-------------+-----------------+
Tue 16 Apr 2024 10:42:45 INFO  best valid : OrderedDict([('recall@10', 0.1891), ('mrr@10', 0.3592), ('ndcg@10', 0.2134), ('hit@10', 0.6832), ('map@10', 0.1185), ('precision@10', 0.1466), ('gauc', 0.951), ('itemcoverage@10', 0.2636), ('averagepopularity@10', 9437.7399), ('giniindex@10', 0.976), ('shannonentropy@10', 0.0021), ('tailpercentage@10', 0.0001)])
Tue 16 Apr 2024 10:42:45 INFO  test result: OrderedDict([('recall@10', 0.2092), ('mrr@10', 0.4301), ('ndcg@10', 0.2613), ('hit@10', 0.7045), ('map@10', 0.1619), ('precision@10', 0.1777), ('gauc', 0.9532), ('itemcoverage@10', 0.2662), ('averagepopularity@10', 9195.157), ('giniindex@10', 0.9745), ('shannonentropy@10', 0.0022), ('tailpercentage@10', 0.0001)])
Tue 16 Apr 2024 10:43:19 INFO  
General Hyper Parameters:
gpu_id = 0
use_gpu = True
seed = 2020
state = INFO
reproducibility = True
data_path = data/ml-10m_50U10I
checkpoint_dir = saved/ml-10m_50U10I/ItemKNN
show_progress = True
save_dataset = False
dataset_save_path = None
save_dataloaders = False
dataloaders_save_path = None
log_wandb = False

Training Hyper Parameters:
epochs = 1
train_batch_size = 2048
learner = adam
learning_rate = 0.001
train_neg_sample_args = {'distribution': 'uniform', 'sample_num': 1, 'dynamic': False, 'candidate_num': 0, 'alpha': 1.0}
eval_step = 1
stopping_step = 10
clip_grad_norm = None
weight_decay = 0.0
loss_decimal_place = 4

Evaluation Hyper Parameters:
eval_args = {'split': {'RS': [0.8, 0.1, 0.1]}, 'order': 'RO', 'group_by': 'user', 'mode': {'valid': 'full', 'test': 'full'}}
repeatable = False
metrics = ['Recall', 'MRR', 'NDCG', 'Hit', 'MAP', 'Precision', 'GAUC', 'ItemCoverage', 'AveragePopularity', 'GiniIndex', 'ShannonEntropy', 'TailPercentage']
topk = [10]
valid_metric = MRR@10
valid_metric_bigger = True
eval_batch_size = 4096
metric_decimal_place = 4

Dataset Hyper Parameters:
field_separator = 	
seq_separator =  
USER_ID_FIELD = user_id
ITEM_ID_FIELD = item_id
RATING_FIELD = rating
TIME_FIELD = timestamp
seq_len = None
LABEL_FIELD = label
threshold = None
NEG_PREFIX = neg_
load_col = {'inter': ['user_id', 'item_id']}
unload_col = None
unused_col = None
additional_feat_suffix = None
rm_dup_inter = None
val_interval = None
filter_inter_by_user_or_item = True
user_inter_num_interval = [0,inf)
item_inter_num_interval = [0,inf)
alias_of_user_id = None
alias_of_item_id = None
alias_of_entity_id = None
alias_of_relation_id = None
preload_weight = None
normalize_field = None
normalize_all = None
ITEM_LIST_LENGTH_FIELD = item_length
LIST_SUFFIX = _list
MAX_ITEM_LIST_LENGTH = 50
POSITION_FIELD = position_id
HEAD_ENTITY_ID_FIELD = head_id
TAIL_ENTITY_ID_FIELD = tail_id
RELATION_ID_FIELD = relation_id
ENTITY_ID_FIELD = entity_id
benchmark_filename = None

Other Hyper Parameters: 
worker = 0
wandb_project = recbole
shuffle = True
require_pow = False
enable_amp = False
enable_scaler = False
transform = None
k = 100
shrink = 0.0
numerical_features = []
discretization = None
kg_reverse_r = False
entity_kg_num_interval = [0,inf)
relation_kg_num_interval = [0,inf)
MODEL_TYPE = ModelType.TRADITIONAL
encoding = utf-8
device = cuda
my_log_file = /mnt/batch/tasks/shared/LS_root/mounts/clusters/fontanagpu/code/sustainability-of-recsys/log/carbon_default.log
MODEL_INPUT_TYPE = InputType.POINTWISE
eval_type = EvaluatorType.RANKING
single_spec = True
local_rank = 0
valid_neg_sample_args = {'distribution': 'uniform', 'sample_num': 'none'}
test_neg_sample_args = {'distribution': 'uniform', 'sample_num': 'none'}


Tue 16 Apr 2024 10:43:53 INFO  ml-10m_50U10I
The number of users: 50001
Average actions of users: 141.07548
The number of items: 10001
Average actions of items: 705.3774
The number of inters: 7053774
The sparsity of the dataset: 98.5894144730844%
Remain Fields: ['user_id', 'item_id']
Tue 16 Apr 2024 10:44:12 INFO  [Training]: train_batch_size = [2048] train_neg_sample_args: [{'distribution': 'uniform', 'sample_num': 1, 'dynamic': False, 'candidate_num': 0, 'alpha': 1.0}]
Tue 16 Apr 2024 10:44:12 INFO  [Evaluation]: eval_batch_size = [4096] eval_args: [{'split': {'RS': [0.8, 0.1, 0.1]}, 'order': 'RO', 'group_by': 'user', 'mode': {'valid': 'full', 'test': 'full'}}]
Tue 16 Apr 2024 10:45:56 INFO  Loading model structure and parameters from saved/ml-10m_50U10I/ItemKNN/ItemKNN-Apr-16-2024_10-33-53.pth
