Mon 25 Mar 2024 09:30:48 INFO  ['src/default_tracker.py']
Mon 25 Mar 2024 09:30:48 INFO  
General Hyper Parameters:
gpu_id = 0
use_gpu = True
seed = 42
state = INFO
reproducibility = True
data_path = data/LFM-1b_artist_20U50I
checkpoint_dir = saved/LFM-1b_artist_20U50I/ItemKNN
show_progress = True
save_dataset = False
dataset_save_path = None
save_dataloaders = False
dataloaders_save_path = None
log_wandb = False

Training Hyper Parameters:
epochs = 1
train_batch_size = 4096
learner = adam
learning_rate = 0.001
train_neg_sample_args = {'distribution': 'uniform', 'sample_num': 1, 'dynamic': False, 'candidate_num': 0, 'alpha': 1.0}
eval_step = 1
stopping_step = 10
clip_grad_norm = None
weight_decay = 0.0
loss_decimal_place = 4

Evaluation Hyper Parameters:
eval_args = {'split': {'RS': [0.8, 0.1, 0.1]}, 'order': 'RO', 'group_by': 'user', 'mode': {'valid': 'full', 'test': 'full'}}
repeatable = False
metrics = ['Recall', 'MRR', 'NDCG', 'Hit', 'MAP', 'Precision', 'GAUC', 'ItemCoverage', 'AveragePopularity', 'GiniIndex', 'ShannonEntropy', 'TailPercentage']
topk = [10]
valid_metric = MRR@10
valid_metric_bigger = True
eval_batch_size = 1024
metric_decimal_place = 4

Dataset Hyper Parameters:
field_separator = 	
seq_separator =  
USER_ID_FIELD = user_id
ITEM_ID_FIELD = item_id
RATING_FIELD = rating
TIME_FIELD = timestamp
seq_len = None
LABEL_FIELD = label
threshold = None
NEG_PREFIX = neg_
load_col = {'inter': ['user_id', 'item_id']}
unload_col = None
unused_col = None
additional_feat_suffix = None
rm_dup_inter = None
val_interval = None
filter_inter_by_user_or_item = True
user_inter_num_interval = [0,inf)
item_inter_num_interval = [0,inf)
alias_of_user_id = None
alias_of_item_id = None
alias_of_entity_id = None
alias_of_relation_id = None
preload_weight = None
normalize_field = None
normalize_all = None
ITEM_LIST_LENGTH_FIELD = item_length
LIST_SUFFIX = _list
MAX_ITEM_LIST_LENGTH = 50
POSITION_FIELD = position_id
HEAD_ENTITY_ID_FIELD = head_id
TAIL_ENTITY_ID_FIELD = tail_id
RELATION_ID_FIELD = relation_id
ENTITY_ID_FIELD = entity_id
benchmark_filename = None

Other Hyper Parameters: 
worker = 0
wandb_project = recbole
shuffle = True
require_pow = False
enable_amp = False
enable_scaler = False
transform = None
k = 100
shrink = 0.0
numerical_features = []
discretization = None
kg_reverse_r = False
entity_kg_num_interval = [0,inf)
relation_kg_num_interval = [0,inf)
MODEL_TYPE = ModelType.TRADITIONAL
encoding = utf-8
device = cuda
my_log_file = /mnt/batch/tasks/shared/LS_root/mounts/clusters/fontanagpu/code/sustainability-of-recsys/log/carbon_default.log
MODEL_INPUT_TYPE = InputType.POINTWISE
eval_type = EvaluatorType.RANKING
single_spec = True
local_rank = 0
valid_neg_sample_args = {'distribution': 'uniform', 'sample_num': 'none'}
test_neg_sample_args = {'distribution': 'uniform', 'sample_num': 'none'}


Mon 25 Mar 2024 09:30:52 INFO  LFM-1b_artist_20U50I
The number of users: 19842
Average actions of users: 45.371301849705155
The number of items: 42458
Average actions of items: 21.202911180724026
The number of inters: 900212
The sparsity of the dataset: 99.89314377686127%
Remain Fields: ['user_id', 'item_id']
Mon 25 Mar 2024 09:30:54 INFO  [Training]: train_batch_size = [4096] train_neg_sample_args: [{'distribution': 'uniform', 'sample_num': 1, 'dynamic': False, 'candidate_num': 0, 'alpha': 1.0}]
Mon 25 Mar 2024 09:30:54 INFO  [Evaluation]: eval_batch_size = [1024] eval_args: [{'split': {'RS': [0.8, 0.1, 0.1]}, 'order': 'RO', 'group_by': 'user', 'mode': {'valid': 'full', 'test': 'full'}}]
Mon 25 Mar 2024 09:32:18 INFO  ItemKNN()
Trainable parameters: 1
Mon 25 Mar 2024 09:35:12 INFO  FLOPs: 0.0
Mon 25 Mar 2024 09:35:55 INFO  epoch 0 training [time: 2.15s, train loss: 0.0000]
Mon 25 Mar 2024 09:37:53 INFO  epoch 0 evaluating [time: 118.76s, valid_score: 0.235800]
Mon 25 Mar 2024 09:37:53 INFO  valid result: 
recall@10 : 0.2068    mrr@10 : 0.2358    ndcg@10 : 0.1627    hit@10 : 0.4669    map@10 : 0.1034    precision@10 : 0.0675    gauc : 0.8617    itemcoverage@10 : 0.2255    averagepopularity@10 : 2333.0432    giniindex@10 : 0.982    shannonentropy@10 : 0.0006    tailpercentage@10 : 0.0172
Mon 25 Mar 2024 09:40:54 INFO  Saving current: saved/LFM-1b_artist_20U50I/ItemKNN/ItemKNN-Mar-25-2024_09-35-13.pth
Mon 25 Mar 2024 09:56:04 INFO  Loading model structure and parameters from saved/LFM-1b_artist_20U50I/ItemKNN/ItemKNN-Mar-25-2024_09-35-13.pth
Mon 25 Mar 2024 09:58:07 INFO  The running environment of this training is as follows:
+-------------+-----------------+
| Environment |      Usage      |
+=============+=================+
| CPU         |     4.30 %      |
+-------------+-----------------+
| GPU         | 0.00 G/15.57 G  |
+-------------+-----------------+
| Memory      | 17.29 G/27.41 G |
+-------------+-----------------+
Mon 25 Mar 2024 09:58:07 INFO  best valid : OrderedDict([('recall@10', 0.2068), ('mrr@10', 0.2358), ('ndcg@10', 0.1627), ('hit@10', 0.4669), ('map@10', 0.1034), ('precision@10', 0.0675), ('gauc', 0.8617), ('itemcoverage@10', 0.2255), ('averagepopularity@10', 2333.0432), ('giniindex@10', 0.982), ('shannonentropy@10', 0.0006), ('tailpercentage@10', 0.0172)])
Mon 25 Mar 2024 09:58:07 INFO  test result: OrderedDict([('recall@10', 0.2161), ('mrr@10', 0.2615), ('ndcg@10', 0.1747), ('hit@10', 0.4804), ('map@10', 0.1123), ('precision@10', 0.0713), ('gauc', 0.8599), ('itemcoverage@10', 0.2396), ('averagepopularity@10', 2283.1498), ('giniindex@10', 0.9801), ('shannonentropy@10', 0.0006), ('tailpercentage@10', 0.0187)])
Mon 25 Mar 2024 09:59:01 INFO  
General Hyper Parameters:
gpu_id = 0
use_gpu = True
seed = 42
state = INFO
reproducibility = True
data_path = data/LFM-1b_artist_20U50I
checkpoint_dir = saved/LFM-1b_artist_20U50I/ItemKNN
show_progress = True
save_dataset = False
dataset_save_path = None
save_dataloaders = False
dataloaders_save_path = None
log_wandb = False

Training Hyper Parameters:
epochs = 1
train_batch_size = 4096
learner = adam
learning_rate = 0.001
train_neg_sample_args = {'distribution': 'uniform', 'sample_num': 1, 'dynamic': False, 'candidate_num': 0, 'alpha': 1.0}
eval_step = 1
stopping_step = 10
clip_grad_norm = None
weight_decay = 0.0
loss_decimal_place = 4

Evaluation Hyper Parameters:
eval_args = {'split': {'RS': [0.8, 0.1, 0.1]}, 'order': 'RO', 'group_by': 'user', 'mode': {'valid': 'full', 'test': 'full'}}
repeatable = False
metrics = ['Recall', 'MRR', 'NDCG', 'Hit', 'MAP', 'Precision', 'GAUC', 'ItemCoverage', 'AveragePopularity', 'GiniIndex', 'ShannonEntropy', 'TailPercentage']
topk = [10]
valid_metric = MRR@10
valid_metric_bigger = True
eval_batch_size = 1024
metric_decimal_place = 4

Dataset Hyper Parameters:
field_separator = 	
seq_separator =  
USER_ID_FIELD = user_id
ITEM_ID_FIELD = item_id
RATING_FIELD = rating
TIME_FIELD = timestamp
seq_len = None
LABEL_FIELD = label
threshold = None
NEG_PREFIX = neg_
load_col = {'inter': ['user_id', 'item_id']}
unload_col = None
unused_col = None
additional_feat_suffix = None
rm_dup_inter = None
val_interval = None
filter_inter_by_user_or_item = True
user_inter_num_interval = [0,inf)
item_inter_num_interval = [0,inf)
alias_of_user_id = None
alias_of_item_id = None
alias_of_entity_id = None
alias_of_relation_id = None
preload_weight = None
normalize_field = None
normalize_all = None
ITEM_LIST_LENGTH_FIELD = item_length
LIST_SUFFIX = _list
MAX_ITEM_LIST_LENGTH = 50
POSITION_FIELD = position_id
HEAD_ENTITY_ID_FIELD = head_id
TAIL_ENTITY_ID_FIELD = tail_id
RELATION_ID_FIELD = relation_id
ENTITY_ID_FIELD = entity_id
benchmark_filename = None

Other Hyper Parameters: 
worker = 0
wandb_project = recbole
shuffle = True
require_pow = False
enable_amp = False
enable_scaler = False
transform = None
k = 100
shrink = 0.0
numerical_features = []
discretization = None
kg_reverse_r = False
entity_kg_num_interval = [0,inf)
relation_kg_num_interval = [0,inf)
MODEL_TYPE = ModelType.TRADITIONAL
encoding = utf-8
device = cuda
my_log_file = /mnt/batch/tasks/shared/LS_root/mounts/clusters/fontanagpu/code/sustainability-of-recsys/log/carbon_default.log
MODEL_INPUT_TYPE = InputType.POINTWISE
eval_type = EvaluatorType.RANKING
single_spec = True
local_rank = 0
valid_neg_sample_args = {'distribution': 'uniform', 'sample_num': 'none'}
test_neg_sample_args = {'distribution': 'uniform', 'sample_num': 'none'}


Mon 25 Mar 2024 09:59:19 INFO  LFM-1b_artist_20U50I
The number of users: 19842
Average actions of users: 45.371301849705155
The number of items: 42458
Average actions of items: 21.202911180724026
The number of inters: 900212
The sparsity of the dataset: 99.89314377686127%
Remain Fields: ['user_id', 'item_id']
Mon 25 Mar 2024 09:59:23 INFO  [Training]: train_batch_size = [4096] train_neg_sample_args: [{'distribution': 'uniform', 'sample_num': 1, 'dynamic': False, 'candidate_num': 0, 'alpha': 1.0}]
Mon 25 Mar 2024 09:59:23 INFO  [Evaluation]: eval_batch_size = [1024] eval_args: [{'split': {'RS': [0.8, 0.1, 0.1]}, 'order': 'RO', 'group_by': 'user', 'mode': {'valid': 'full', 'test': 'full'}}]
Mon 25 Mar 2024 10:15:41 INFO  Loading model structure and parameters from saved/LFM-1b_artist_20U50I/ItemKNN/ItemKNN-Mar-25-2024_09-35-13.pth
