Tue 16 Apr 2024 07:47:52 INFO  ['src/default_tracker.py', '--dataset=ml-10m_60U10I', '--model=ItemKNN']
Tue 16 Apr 2024 07:47:52 INFO  
General Hyper Parameters:
gpu_id = 0
use_gpu = True
seed = 2020
state = INFO
reproducibility = True
data_path = data/ml-10m_60U10I
checkpoint_dir = saved/ml-10m_60U10I/ItemKNN
show_progress = True
save_dataset = False
dataset_save_path = None
save_dataloaders = False
dataloaders_save_path = None
log_wandb = False

Training Hyper Parameters:
epochs = 1
train_batch_size = 2048
learner = adam
learning_rate = 0.001
train_neg_sample_args = {'distribution': 'uniform', 'sample_num': 1, 'dynamic': False, 'candidate_num': 0, 'alpha': 1.0}
eval_step = 1
stopping_step = 10
clip_grad_norm = None
weight_decay = 0.0
loss_decimal_place = 4

Evaluation Hyper Parameters:
eval_args = {'split': {'RS': [0.8, 0.1, 0.1]}, 'order': 'RO', 'group_by': 'user', 'mode': {'valid': 'full', 'test': 'full'}}
repeatable = False
metrics = ['Recall', 'MRR', 'NDCG', 'Hit', 'MAP', 'Precision', 'GAUC', 'ItemCoverage', 'AveragePopularity', 'GiniIndex', 'ShannonEntropy', 'TailPercentage']
topk = [10]
valid_metric = MRR@10
valid_metric_bigger = True
eval_batch_size = 4096
metric_decimal_place = 4

Dataset Hyper Parameters:
field_separator = 	
seq_separator =  
USER_ID_FIELD = user_id
ITEM_ID_FIELD = item_id
RATING_FIELD = rating
TIME_FIELD = timestamp
seq_len = None
LABEL_FIELD = label
threshold = None
NEG_PREFIX = neg_
load_col = {'inter': ['user_id', 'item_id']}
unload_col = None
unused_col = None
additional_feat_suffix = None
rm_dup_inter = None
val_interval = None
filter_inter_by_user_or_item = True
user_inter_num_interval = [0,inf)
item_inter_num_interval = [0,inf)
alias_of_user_id = None
alias_of_item_id = None
alias_of_entity_id = None
alias_of_relation_id = None
preload_weight = None
normalize_field = None
normalize_all = None
ITEM_LIST_LENGTH_FIELD = item_length
LIST_SUFFIX = _list
MAX_ITEM_LIST_LENGTH = 50
POSITION_FIELD = position_id
HEAD_ENTITY_ID_FIELD = head_id
TAIL_ENTITY_ID_FIELD = tail_id
RELATION_ID_FIELD = relation_id
ENTITY_ID_FIELD = entity_id
benchmark_filename = None

Other Hyper Parameters: 
worker = 0
wandb_project = recbole
shuffle = True
require_pow = False
enable_amp = False
enable_scaler = False
transform = None
k = 100
shrink = 0.0
numerical_features = []
discretization = None
kg_reverse_r = False
entity_kg_num_interval = [0,inf)
relation_kg_num_interval = [0,inf)
MODEL_TYPE = ModelType.TRADITIONAL
encoding = utf-8
device = cuda
my_log_file = /mnt/batch/tasks/shared/LS_root/mounts/clusters/fontanagpu/code/sustainability-of-recsys/log/carbon_default.log
MODEL_INPUT_TYPE = InputType.POINTWISE
eval_type = EvaluatorType.RANKING
single_spec = True
local_rank = 0
valid_neg_sample_args = {'distribution': 'uniform', 'sample_num': 'none'}
test_neg_sample_args = {'distribution': 'uniform', 'sample_num': 'none'}


Tue 16 Apr 2024 07:48:18 INFO  ml-10m_60U10I
The number of users: 60001
Average actions of users: 140.02968333333334
The number of items: 10001
Average actions of items: 840.1781
The number of inters: 8401781
The sparsity of the dataset: 98.59986651790646%
Remain Fields: ['user_id', 'item_id']
Tue 16 Apr 2024 07:48:41 INFO  [Training]: train_batch_size = [2048] train_neg_sample_args: [{'distribution': 'uniform', 'sample_num': 1, 'dynamic': False, 'candidate_num': 0, 'alpha': 1.0}]
Tue 16 Apr 2024 07:48:41 INFO  [Evaluation]: eval_batch_size = [4096] eval_args: [{'split': {'RS': [0.8, 0.1, 0.1]}, 'order': 'RO', 'group_by': 'user', 'mode': {'valid': 'full', 'test': 'full'}}]
Tue 16 Apr 2024 07:49:59 INFO  ItemKNN()
Trainable parameters: 1
Tue 16 Apr 2024 07:52:17 INFO  FLOPs: 0.0
Tue 16 Apr 2024 07:53:18 INFO  epoch 0 training [time: 18.37s, train loss: 0.0000]
Tue 16 Apr 2024 07:58:32 INFO  epoch 0 evaluating [time: 313.99s, valid_score: 0.357700]
Tue 16 Apr 2024 07:58:32 INFO  valid result: 
recall@10 : 0.1876    mrr@10 : 0.3577    ndcg@10 : 0.2116    hit@10 : 0.6821    map@10 : 0.1173    precision@10 : 0.145    gauc : 0.9512    itemcoverage@10 : 0.2765    averagepopularity@10 : 11192.029    giniindex@10 : 0.9761    shannonentropy@10 : 0.002    tailpercentage@10 : 0.0001
Tue 16 Apr 2024 08:00:32 INFO  Saving current: saved/ml-10m_60U10I/ItemKNN/ItemKNN-Apr-16-2024_07-52-17.pth
Tue 16 Apr 2024 08:02:16 INFO  Loading model structure and parameters from saved/ml-10m_60U10I/ItemKNN/ItemKNN-Apr-16-2024_07-52-17.pth
Tue 16 Apr 2024 08:08:07 INFO  The running environment of this training is as follows:
+-------------+-----------------+
| Environment |      Usage      |
+=============+=================+
| CPU         |     27.10 %     |
+-------------+-----------------+
| GPU         | 0.00 G/15.57 G  |
+-------------+-----------------+
| Memory      | 14.58 G/27.41 G |
+-------------+-----------------+
Tue 16 Apr 2024 08:08:07 INFO  best valid : OrderedDict([('recall@10', 0.1876), ('mrr@10', 0.3577), ('ndcg@10', 0.2116), ('hit@10', 0.6821), ('map@10', 0.1173), ('precision@10', 0.145), ('gauc', 0.9512), ('itemcoverage@10', 0.2765), ('averagepopularity@10', 11192.029), ('giniindex@10', 0.9761), ('shannonentropy@10', 0.002), ('tailpercentage@10', 0.0001)])
Tue 16 Apr 2024 08:08:07 INFO  test result: OrderedDict([('recall@10', 0.2068), ('mrr@10', 0.4251), ('ndcg@10', 0.2579), ('hit@10', 0.7013), ('map@10', 0.1593), ('precision@10', 0.1759), ('gauc', 0.9535), ('itemcoverage@10', 0.2788), ('averagepopularity@10', 10913.2157), ('giniindex@10', 0.9746), ('shannonentropy@10', 0.0021), ('tailpercentage@10', 0.0001)])
Tue 16 Apr 2024 08:08:47 INFO  
General Hyper Parameters:
gpu_id = 0
use_gpu = True
seed = 2020
state = INFO
reproducibility = True
data_path = data/ml-10m_60U10I
checkpoint_dir = saved/ml-10m_60U10I/ItemKNN
show_progress = True
save_dataset = False
dataset_save_path = None
save_dataloaders = False
dataloaders_save_path = None
log_wandb = False

Training Hyper Parameters:
epochs = 1
train_batch_size = 2048
learner = adam
learning_rate = 0.001
train_neg_sample_args = {'distribution': 'uniform', 'sample_num': 1, 'dynamic': False, 'candidate_num': 0, 'alpha': 1.0}
eval_step = 1
stopping_step = 10
clip_grad_norm = None
weight_decay = 0.0
loss_decimal_place = 4

Evaluation Hyper Parameters:
eval_args = {'split': {'RS': [0.8, 0.1, 0.1]}, 'order': 'RO', 'group_by': 'user', 'mode': {'valid': 'full', 'test': 'full'}}
repeatable = False
metrics = ['Recall', 'MRR', 'NDCG', 'Hit', 'MAP', 'Precision', 'GAUC', 'ItemCoverage', 'AveragePopularity', 'GiniIndex', 'ShannonEntropy', 'TailPercentage']
topk = [10]
valid_metric = MRR@10
valid_metric_bigger = True
eval_batch_size = 4096
metric_decimal_place = 4

Dataset Hyper Parameters:
field_separator = 	
seq_separator =  
USER_ID_FIELD = user_id
ITEM_ID_FIELD = item_id
RATING_FIELD = rating
TIME_FIELD = timestamp
seq_len = None
LABEL_FIELD = label
threshold = None
NEG_PREFIX = neg_
load_col = {'inter': ['user_id', 'item_id']}
unload_col = None
unused_col = None
additional_feat_suffix = None
rm_dup_inter = None
val_interval = None
filter_inter_by_user_or_item = True
user_inter_num_interval = [0,inf)
item_inter_num_interval = [0,inf)
alias_of_user_id = None
alias_of_item_id = None
alias_of_entity_id = None
alias_of_relation_id = None
preload_weight = None
normalize_field = None
normalize_all = None
ITEM_LIST_LENGTH_FIELD = item_length
LIST_SUFFIX = _list
MAX_ITEM_LIST_LENGTH = 50
POSITION_FIELD = position_id
HEAD_ENTITY_ID_FIELD = head_id
TAIL_ENTITY_ID_FIELD = tail_id
RELATION_ID_FIELD = relation_id
ENTITY_ID_FIELD = entity_id
benchmark_filename = None

Other Hyper Parameters: 
worker = 0
wandb_project = recbole
shuffle = True
require_pow = False
enable_amp = False
enable_scaler = False
transform = None
k = 100
shrink = 0.0
numerical_features = []
discretization = None
kg_reverse_r = False
entity_kg_num_interval = [0,inf)
relation_kg_num_interval = [0,inf)
MODEL_TYPE = ModelType.TRADITIONAL
encoding = utf-8
device = cuda
my_log_file = /mnt/batch/tasks/shared/LS_root/mounts/clusters/fontanagpu/code/sustainability-of-recsys/log/carbon_default.log
MODEL_INPUT_TYPE = InputType.POINTWISE
eval_type = EvaluatorType.RANKING
single_spec = True
local_rank = 0
valid_neg_sample_args = {'distribution': 'uniform', 'sample_num': 'none'}
test_neg_sample_args = {'distribution': 'uniform', 'sample_num': 'none'}


Tue 16 Apr 2024 08:09:47 INFO  ml-10m_60U10I
The number of users: 60001
Average actions of users: 140.02968333333334
The number of items: 10001
Average actions of items: 840.1781
The number of inters: 8401781
The sparsity of the dataset: 98.59986651790646%
Remain Fields: ['user_id', 'item_id']
Tue 16 Apr 2024 08:10:10 INFO  [Training]: train_batch_size = [2048] train_neg_sample_args: [{'distribution': 'uniform', 'sample_num': 1, 'dynamic': False, 'candidate_num': 0, 'alpha': 1.0}]
Tue 16 Apr 2024 08:10:10 INFO  [Evaluation]: eval_batch_size = [4096] eval_args: [{'split': {'RS': [0.8, 0.1, 0.1]}, 'order': 'RO', 'group_by': 'user', 'mode': {'valid': 'full', 'test': 'full'}}]
Tue 16 Apr 2024 08:13:30 INFO  Loading model structure and parameters from saved/ml-10m_60U10I/ItemKNN/ItemKNN-Apr-16-2024_07-52-17.pth
