[2024-03-25 09:30:38] Experiment session started.EXECUTING: LFM-1B_ARTIST_20U50I_ITEMKNN_DEFAULT_PARAM_1711359038
[2024-03-25 09:58:12] Experiment session ended.EXECUTED: LFM-1B_ARTIST_20U50I_ITEMKNN_DEFAULT_PARAM_1711359038
[2024-03-25 12:04:19] Experiment session started.EXECUTING: LFM-1B_ARTIST_20U50I_POP_DEFAULT_PARAM_1711368259
[2024-03-25 12:07:19] Experiment session ended.EXECUTED: LFM-1B_ARTIST_20U50I_POP_DEFAULT_PARAM_1711368259
[2024-03-25 12:08:14] Experiment session started.EXECUTING: LFM-1B_ARTIST_20U50I_RANDOM_DEFAULT_PARAM_1711368259
[2024-03-25 12:08:32] ERROR: LFM-1B_ARTIST_20U50I_RANDOM_DEFAULT_PARAM_1711368259. Expected all tensors to be on the same device, but found at least two devices, cuda:0 and cpu! (when checking argument for argument tensors in method wrapper_CUDA_cat)
[2024-03-25 12:08:32] Experiment session started.EXECUTING: LFM-1B_ARTIST_20U50I_SIMPLEX_DEFAULT_PARAM_1711368259
[2024-03-25 12:11:07] Experiment session ended.EXECUTED: LFM-1B_ARTIST_20U50I_SIMPLEX_DEFAULT_PARAM_1711368259
[2024-03-25 12:12:10] Experiment session started.EXECUTING: LFM-1B_ARTIST_20U50I_ADMMSLIM_DEFAULT_PARAM_1711368259 #NON VA
[2024-03-25 12:35:29] Experiment session started.EXECUTING: LFM-1B_ARTIST_20U50I_BPR_DEFAULT_PARAM_1711370129
[2024-03-25 12:38:46] Experiment session ended.EXECUTED: LFM-1B_ARTIST_20U50I_BPR_DEFAULT_PARAM_1711370129
[2024-03-25 12:39:40] Experiment session started.EXECUTING: LFM-1B_ARTIST_20U50I_DMF_DEFAULT_PARAM_1711370129
[2024-03-25 12:42:31] Experiment session ended.EXECUTED: LFM-1B_ARTIST_20U50I_DMF_DEFAULT_PARAM_1711370129
[2024-03-25 12:43:35] Experiment session started.EXECUTING: LFM-1B_ARTIST_20U50I_ENMF_DEFAULT_PARAM_1711370129
[2024-03-25 12:46:16] Experiment session ended.EXECUTED: LFM-1B_ARTIST_20U50I_ENMF_DEFAULT_PARAM_1711370129
[2024-03-25 12:47:12] Experiment session started.EXECUTING: LFM-1B_ARTIST_20U50I_FISM_DEFAULT_PARAM_1711370129
[2024-03-25 12:53:10] Experiment session ended.EXECUTED: LFM-1B_ARTIST_20U50I_FISM_DEFAULT_PARAM_1711370129
[2024-03-25 12:55:08] Experiment session started.EXECUTING: LFM-1B_ARTIST_20U50I_NCEPLREC_DEFAULT_PARAM_1711370129
[2024-03-25 13:01:57] Experiment session ended.EXECUTED: LFM-1B_ARTIST_20U50I_NCEPLREC_DEFAULT_PARAM_1711370129
[2024-03-25 13:03:30] Experiment session started.EXECUTING: LFM-1B_ARTIST_20U50I_SLIMELASTIC_DEFAULT_PARAM_1711370129
[2024-03-25 15:04:20] ERROR: LFM-1B_ARTIST_20U50I_SLIMELASTIC_DEFAULT_PARAM_1711370129. Expected all tensors to be on the same device, but found at least two devices, cuda:0 and cpu! (when checking argument for argument tensors in method wrapper_CUDA_cat)
[2024-03-25 15:04:20] Experiment session started.EXECUTING: LFM-1B_ARTIST_20U50I_CDAE_DEFAULT_PARAM_1711370129
[2024-03-25 15:25:43] Experiment session ended.EXECUTED: LFM-1B_ARTIST_20U50I_CDAE_DEFAULT_PARAM_1711370129
[2024-03-25 15:26:47] Experiment session started.EXECUTING: LFM-1B_ARTIST_20U50I_CONVNCF_DEFAULT_PARAM_1711370129
[2024-03-25 17:58:33] Experiment session ended.EXECUTED: LFM-1B_ARTIST_20U50I_CONVNCF_DEFAULT_PARAM_1711370129
[2024-03-25 18:14:39] Experiment session started.EXECUTING: LFM-1B_ARTIST_20U50I_DIFFREC_DEFAULT_PARAM_1711370129
[2024-03-25 18:39:05] Experiment session started.EXECUTING: LFM-1B_ARTIST_20U50I_DIFFREC_DEFAULT_PARAM_1711391945
[2024-03-25 18:44:33] Experiment session ended.EXECUTED: LFM-1B_ARTIST_20U50I_DIFFREC_DEFAULT_PARAM_1711391945
[2024-03-25 18:46:45] Experiment session started.EXECUTING: LFM-1B_ARTIST_20U50I_EASE_DEFAULT_PARAM_1711391945
[2024-03-25 19:11:35] Experiment session started.EXECUTING: LFM-1B_ARTIST_20U50I_GCMC_DEFAULT_PARAM_1711393895
[2024-03-25 19:55:59] Experiment session ended.EXECUTED: LFM-1B_ARTIST_20U50I_GCMC_DEFAULT_PARAM_1711393895
[2024-03-25 20:17:37] Experiment session started.EXECUTING: LFM-1B_ARTIST_20U50I_LDIFFREC_DEFAULT_PARAM_1711393895
[2024-03-25 20:22:37] Experiment session ended.EXECUTED: LFM-1B_ARTIST_20U50I_LDIFFREC_DEFAULT_PARAM_1711393895
[2024-03-25 20:25:03] Experiment session started.EXECUTING: LFM-1B_ARTIST_20U50I_MACRIDVAE_DEFAULT_PARAM_1711393895
[2024-03-25 20:25:15] ERROR: LFM-1B_ARTIST_20U50I_MACRIDVAE_DEFAULT_PARAM_1711393895. CUDA out of memory. Tried to allocate 664.00 MiB. GPU 0 has a total capacity of 15.57 GiB of which 601.38 MiB is free. Including non-PyTorch memory, this process has 14.98 GiB memory in use. Of the allocated memory 14.83 GiB is allocated by PyTorch, and 19.54 MiB is reserved by PyTorch but unallocated. If reserved but unallocated memory is large try setting PYTORCH_CUDA_ALLOC_CONF=expandable_segments:True to avoid fragmentation.  See documentation for Memory Management  (https://pytorch.org/docs/stable/notes/cuda.html#environment-variables)
[2024-03-25 20:25:15] Experiment session started.EXECUTING: LFM-1B_ARTIST_20U50I_MULTIDAE_DEFAULT_PARAM_1711393895
[2024-03-25 20:28:47] Experiment session ended.EXECUTED: LFM-1B_ARTIST_20U50I_MULTIDAE_DEFAULT_PARAM_1711393895
[2024-03-25 20:30:14] Experiment session started.EXECUTING: LFM-1B_ARTIST_20U50I_MULTIVAE_DEFAULT_PARAM_1711393895
[2024-03-25 20:35:19] Experiment session ended.EXECUTED: LFM-1B_ARTIST_20U50I_MULTIVAE_DEFAULT_PARAM_1711393895
[2024-03-25 20:36:47] Experiment session started.EXECUTING: LFM-1B_ARTIST_20U50I_NAIS_DEFAULT_PARAM_1711393895
[2024-03-25 20:39:07] ERROR: LFM-1B_ARTIST_20U50I_NAIS_DEFAULT_PARAM_1711393895. CUDA out of memory. Tried to allocate 3.97 GiB. GPU 0 has a total capacity of 15.57 GiB of which 3.13 GiB is free. Including non-PyTorch memory, this process has 12.44 GiB memory in use. Of the allocated memory 12.24 GiB is allocated by PyTorch, and 65.40 MiB is reserved by PyTorch but unallocated. If reserved but unallocated memory is large try setting PYTORCH_CUDA_ALLOC_CONF=expandable_segments:True to avoid fragmentation.  See documentation for Memory Management  (https://pytorch.org/docs/stable/notes/cuda.html#environment-variables)
[2024-03-25 20:39:07] Experiment session started.EXECUTING: LFM-1B_ARTIST_20U50I_NEUMF_DEFAULT_PARAM_1711393895
[2024-03-25 20:58:09] Experiment session ended.EXECUTED: LFM-1B_ARTIST_20U50I_NEUMF_DEFAULT_PARAM_1711393895
[2024-03-25 21:03:21] Experiment session started.EXECUTING: LFM-1B_ARTIST_20U50I_NGCF_DEFAULT_PARAM_1711393895
[2024-03-25 21:46:32] Experiment session ended.EXECUTED: LFM-1B_ARTIST_20U50I_NGCF_DEFAULT_PARAM_1711393895
[2024-03-25 21:47:28] Experiment session started.EXECUTING: LFM-1B_ARTIST_20U50I_NNCF_DEFAULT_PARAM_1711393895
[2024-03-26 02:19:55] Experiment session ended.EXECUTED: LFM-1B_ARTIST_20U50I_NNCF_DEFAULT_PARAM_1711393895
[2024-03-26 02:36:17] Experiment session started.EXECUTING: LFM-1B_ARTIST_20U50I_LIGHTGCN_DEFAULT_PARAM_1711393895
[2024-03-26 23:49:15] Experiment session ended.EXECUTED: LFM-1B_ARTIST_20U50I_LIGHTGCN_DEFAULT_PARAM_1711393895
[2024-03-26 23:50:08] Experiment session started.EXECUTING: LFM-1B_ARTIST_20U50I_RECVAE_DEFAULT_PARAM_1711393895
[2024-03-27 14:13:08] Experiment session started.EXECUTING: LFM-1B_ARTIST_20U50I_DGCF_DEFAULT_PARAM_1711548788
[2024-03-27 14:19:28] Experiment session ended.EXECUTED: LFM-1B_ARTIST_20U50I_DGCF_DEFAULT_PARAM_1711548788
[2024-03-27 14:20:44] Experiment session started.EXECUTING: LFM-1B_ARTIST_20U50I_LINE_DEFAULT_PARAM_1711548788
[2024-03-27 14:23:38] Experiment session ended.EXECUTED: LFM-1B_ARTIST_20U50I_LINE_DEFAULT_PARAM_1711548788
[2024-03-27 14:24:54] Experiment session started.EXECUTING: LFM-1B_ARTIST_20U50I_NCL_DEFAULT_PARAM_1711548788
[2024-03-27 14:25:05] ERROR: LFM-1B_ARTIST_20U50I_NCL_DEFAULT_PARAM_1711548788. No module named 'faiss'
[2024-03-27 14:25:05] Experiment session started.EXECUTING: LFM-1B_ARTIST_20U50I_SGL_DEFAULT_PARAM_1711548788
[2024-03-27 14:28:54] Experiment session ended.EXECUTED: LFM-1B_ARTIST_20U50I_SGL_DEFAULT_PARAM_1711548788
[2024-03-27 14:29:49] Experiment session started.EXECUTING: LFM-1B_ARTIST_20U50I_SPECTRALCF_DEFAULT_PARAM_1711548788
[2024-03-27 14:34:29] Experiment session ended.EXECUTED: LFM-1B_ARTIST_20U50I_SPECTRALCF_DEFAULT_PARAM_1711548788
[2024-03-27 14:35:31] Experiment session started.EXECUTING: LFM-1B_ARTIST_20U50I_CKE_DEFAULT_PARAM_1711548788
[2024-03-27 14:35:44] ERROR: LFM-1B_ARTIST_20U50I_CKE_DEFAULT_PARAM_1711548788. Some feat is empty, please check the filtering settings.
[2024-03-27 14:35:45] Experiment session started.EXECUTING: LFM-1B_ARTIST_20U50I_CFKG_DEFAULT_PARAM_1711548788
[2024-03-27 14:35:54] ERROR: LFM-1B_ARTIST_20U50I_CFKG_DEFAULT_PARAM_1711548788. Some feat is empty, please check the filtering settings.
[2024-03-27 14:35:54] Experiment session started.EXECUTING: LFM-1B_ARTIST_20U50I_KGCN_DEFAULT_PARAM_1711548788
[2024-03-27 14:36:04] ERROR: LFM-1B_ARTIST_20U50I_KGCN_DEFAULT_PARAM_1711548788. Some feat is empty, please check the filtering settings.
[2024-03-27 14:36:04] Experiment session started.EXECUTING: LFM-1B_ARTIST_20U50I_KGIN_DEFAULT_PARAM_1711548788
[2024-03-27 14:36:14] ERROR: LFM-1B_ARTIST_20U50I_KGIN_DEFAULT_PARAM_1711548788. Some feat is empty, please check the filtering settings.
[2024-03-27 14:36:15] Experiment session started.EXECUTING: LFM-1B_ARTIST_20U50I_KGNNLS_DEFAULT_PARAM_1711548788
[2024-03-27 14:36:26] ERROR: LFM-1B_ARTIST_20U50I_KGNNLS_DEFAULT_PARAM_1711548788. Some feat is empty, please check the filtering settings.
[2024-03-27 14:36:26] Experiment session started.EXECUTING: LFM-1B_ARTIST_20U50I_KTUP_DEFAULT_PARAM_1711548788
[2024-03-27 14:36:37] ERROR: LFM-1B_ARTIST_20U50I_KTUP_DEFAULT_PARAM_1711548788. Some feat is empty, please check the filtering settings.
[2024-03-27 14:36:38] Experiment session started.EXECUTING: LFM-1B_ARTIST_20U50I_MKR_DEFAULT_PARAM_1711548788
[2024-03-27 14:36:52] ERROR: LFM-1B_ARTIST_20U50I_MKR_DEFAULT_PARAM_1711548788. Some feat is empty, please check the filtering settings.
[2024-03-27 14:36:53] Experiment session started.EXECUTING: LFM-1B_ARTIST_20U50I_RIPPLENET_DEFAULT_PARAM_1711548788
[2024-03-27 14:37:11] ERROR: LFM-1B_ARTIST_20U50I_RIPPLENET_DEFAULT_PARAM_1711548788. Some feat is empty, please check the filtering settings.
[2024-03-27 14:46:54] Experiment session started.EXECUTING: LFM-1B_ARTIST_20U50I_CKE_DEFAULT_PARAM_1711550814
[2024-03-27 14:47:15] ERROR: LFM-1B_ARTIST_20U50I_CKE_DEFAULT_PARAM_1711550814. Some feat is empty, please check the filtering settings.
[2024-03-27 14:47:15] Experiment session started.EXECUTING: LFM-1B_ARTIST_20U50I_CFKG_DEFAULT_PARAM_1711550814
[2024-03-27 14:47:23] ERROR: LFM-1B_ARTIST_20U50I_CFKG_DEFAULT_PARAM_1711550814. Some feat is empty, please check the filtering settings.
[2024-03-27 14:47:23] Experiment session started.EXECUTING: LFM-1B_ARTIST_20U50I_KGCN_DEFAULT_PARAM_1711550814
[2024-03-27 14:56:07] Experiment session started.EXECUTING: LFM-1B_ARTIST_20U50I_CKE_DEFAULT_PARAM_1711551367
[2024-03-27 14:59:16] Experiment session ended.EXECUTED: LFM-1B_ARTIST_20U50I_CKE_DEFAULT_PARAM_1711551367
[2024-03-27 15:00:06] Experiment session started.EXECUTING: LFM-1B_ARTIST_20U50I_CFKG_DEFAULT_PARAM_1711551367
[2024-03-27 15:03:30] Experiment session ended.EXECUTED: LFM-1B_ARTIST_20U50I_CFKG_DEFAULT_PARAM_1711551367
[2024-03-27 15:05:01] Experiment session started.EXECUTING: LFM-1B_ARTIST_20U50I_KGCN_DEFAULT_PARAM_1711551367
[2024-03-27 15:11:18] Experiment session ended.EXECUTED: LFM-1B_ARTIST_20U50I_KGCN_DEFAULT_PARAM_1711551367
[2024-03-27 15:14:11] Experiment session started.EXECUTING: LFM-1B_ARTIST_20U50I_KGIN_DEFAULT_PARAM_1711551367
[2024-03-27 15:14:26] ERROR: LFM-1B_ARTIST_20U50I_KGIN_DEFAULT_PARAM_1711551367. /mnt/batch/tasks/shared/LS_root/mounts/clusters/fontanagpu/code/sustainability-of-recsys/recsost_env/lib/python3.8/site-packages/torch_scatter/_version_cuda.so: undefined symbol: _ZN3c1017RegisterOperatorsD1Ev
[2024-03-27 15:14:26] Experiment session started.EXECUTING: LFM-1B_ARTIST_20U50I_KGNNLS_DEFAULT_PARAM_1711551367
[2024-03-27 15:21:34] Experiment session ended.EXECUTED: LFM-1B_ARTIST_20U50I_KGNNLS_DEFAULT_PARAM_1711551367
[2024-03-27 15:24:28] Experiment session started.EXECUTING: LFM-1B_ARTIST_20U50I_KTUP_DEFAULT_PARAM_1711551367
[2024-03-27 15:36:18] Experiment session ended.EXECUTED: LFM-1B_ARTIST_20U50I_KTUP_DEFAULT_PARAM_1711551367
[2024-03-27 15:40:38] Experiment session started.EXECUTING: LFM-1B_ARTIST_20U50I_MKR_DEFAULT_PARAM_1711551367
[2024-03-27 16:09:08] Experiment session ended.EXECUTED: LFM-1B_ARTIST_20U50I_MKR_DEFAULT_PARAM_1711551367
[2024-03-27 16:12:46] Experiment session started.EXECUTING: LFM-1B_ARTIST_20U50I_RIPPLENET_DEFAULT_PARAM_1711551367
[2024-03-27 17:57:13] Experiment session ended.EXECUTED: LFM-1B_ARTIST_20U50I_RIPPLENET_DEFAULT_PARAM_1711551367
[2024-03-27 19:15:43] Experiment session started.EXECUTING: LFM-1B_ARTIST_20U50I_RANDOM_DEFAULT_PARAM_1711566943
[2024-03-27 19:16:39] ERROR: LFM-1B_ARTIST_20U50I_RANDOM_DEFAULT_PARAM_1711566943. Expected all tensors to be on the same device, but found at least two devices, cuda:0 and cpu! (when checking argument for argument tensors in method wrapper_CUDA_cat)
[2024-03-27 19:16:39] Experiment session started.EXECUTING: LFM-1B_ARTIST_20U50I_SLIMELASTIC_DEFAULT_PARAM_1711566943
[2024-03-27 19:36:28] Experiment session started.EXECUTING: LFM-1B_ARTIST_20U50I_RANDOM_DEFAULT_PARAM_1711568188
[2024-03-27 19:37:23] ERROR: LFM-1B_ARTIST_20U50I_RANDOM_DEFAULT_PARAM_1711568188. Expected all tensors to be on the same device, but found at least two devices, cuda:0 and cpu! (when checking argument for argument tensors in method wrapper_CUDA_cat)
[2024-03-27 19:37:23] Experiment session started.EXECUTING: LFM-1B_ARTIST_20U50I_SLIMELASTIC_DEFAULT_PARAM_1711568188
[2024-03-27 19:40:41] Experiment session started.EXECUTING: LFM-1B_ARTIST_20U50I_RANDOM_DEFAULT_PARAM_1711568441
[2024-03-27 19:41:33] ERROR: LFM-1B_ARTIST_20U50I_RANDOM_DEFAULT_PARAM_1711568441. Expected all tensors to be on the same device, but found at least two devices, cuda:0 and cpu! (when checking argument for argument tensors in method wrapper_CUDA_cat)
[2024-03-27 19:41:33] Experiment session started.EXECUTING: LFM-1B_ARTIST_20U50I_SLIMELASTIC_DEFAULT_PARAM_1711568441
[2024-03-27 22:07:58] Experiment session started.EXECUTING: LFM-1B_ARTIST_20U50I_NCL_DEFAULT_PARAM_1711577277
[2024-03-27 22:08:57] ERROR: LFM-1B_ARTIST_20U50I_NCL_DEFAULT_PARAM_1711577277. No module named 'faiss'


[2024-03-28 13:56:33] Experiment session started.EXECUTING: LFM-1B_ARTIST_20U50I_BPR_DEFAULT_PARAM_1711634193
[2024-03-28 14:41:11] Experiment session ended.EXECUTED: LFM-1B_ARTIST_20U50I_BPR_DEFAULT_PARAM_1711634193
[2024-03-28 14:41:35] Experiment session started.EXECUTING: LFM-1B_ARTIST_20U50I_CFKG_DEFAULT_PARAM_1711634193
[2024-03-28 14:55:10] Experiment session ended.EXECUTED: LFM-1B_ARTIST_20U50I_CFKG_DEFAULT_PARAM_1711634193
[2024-03-28 14:55:46] Experiment session started.EXECUTING: LFM-1B_ARTIST_20U50I_CKE_DEFAULT_PARAM_1711634193
[2024-03-28 15:35:52] Experiment session ended.EXECUTED: LFM-1B_ARTIST_20U50I_CKE_DEFAULT_PARAM_1711634193
[2024-03-28 15:36:19] Experiment session started.EXECUTING: LFM-1B_ARTIST_20U50I_DMF_DEFAULT_PARAM_1711634193
[2024-03-28 16:07:49] Experiment session ended.EXECUTED: LFM-1B_ARTIST_20U50I_DMF_DEFAULT_PARAM_1711634193
[2024-03-28 16:08:20] Experiment session started.EXECUTING: LFM-1B_ARTIST_20U50I_ITEMKNN_DEFAULT_PARAM_1711634193
[2024-03-28 16:44:20] Experiment session ended.EXECUTED: LFM-1B_ARTIST_20U50I_ITEMKNN_DEFAULT_PARAM_1711634193
[2024-03-28 16:51:22] Experiment session started.EXECUTING: LFM-1B_ARTIST_20U50I_KGCN_DEFAULT_PARAM_1711634193
[2024-03-28 19:42:51] Experiment session ended.EXECUTED: LFM-1B_ARTIST_20U50I_KGCN_DEFAULT_PARAM_1711634193
[2024-03-28 19:45:18] Experiment session started.EXECUTING: LFM-1B_ARTIST_20U50I_KGNNLS_DEFAULT_PARAM_1711634193
[2024-03-29 03:52:55] Experiment session ended.EXECUTED: LFM-1B_ARTIST_20U50I_KGNNLS_DEFAULT_PARAM_1711634193
[2024-03-29 03:55:22] Experiment session started.EXECUTING: LFM-1B_ARTIST_20U50I_LINE_DEFAULT_PARAM_1711634193
[2024-03-31 15:44:49] Experiment session ended.EXECUTED: LFM-1B_ARTIST_20U50I_LINE_DEFAULT_PARAM_1711634193
[2024-03-31 15:45:14] Experiment session started.EXECUTING: LFM-1B_ARTIST_20U50I_MULTIDAE_DEFAULT_PARAM_1711634193
[2024-04-02 11:00:02] Experiment session started.EXECUTING: LFM-1B_ARTIST_20U50I_MULTIDAE_DEFAULT_PARAM_1712055602
[2024-04-02 11:52:07] Experiment session ended.EXECUTED: LFM-1B_ARTIST_20U50I_MULTIDAE_DEFAULT_PARAM_1712055602
[2024-04-02 13:29:11] Experiment session started.EXECUTING: LFM-1B_ARTIST_20U50I_LIGHTGCN_DEFAULT_PARAM_1712064551
[2024-04-02 14:45:17] Experiment session ended.EXECUTED: LFM-1B_ARTIST_20U50I_LIGHTGCN_DEFAULT_PARAM_1712064551
[2024-04-02 14:53:03] Experiment session started.EXECUTING: LFM-1B_ARTIST_20U50I_NGCF_DEFAULT_PARAM_1712069583
[2024-04-02 16:24:43] Experiment session ended.EXECUTED: LFM-1B_ARTIST_20U50I_NGCF_DEFAULT_PARAM_1712069583
[2024-04-02 16:28:44] Experiment session started.EXECUTING: LFM-1B_ARTIST_20U50I_DGCF_DEFAULT_PARAM_1712075324
[2024-04-02 16:34:56] Experiment session started.EXECUTING: LFM-1B_ARTIST_20U50I_RIPPLENET_DEFAULT_PARAM_1712075696
[2024-04-02 17:10:20] Experiment session ended.EXECUTED: LFM-1B_ARTIST_20U50I_RIPPLENET_DEFAULT_PARAM_1712075696
[2024-04-02 17:11:41] Experiment session started.EXECUTING: LFM-1B_ARTIST_20U50I_DGCF_DEFAULT_PARAM_1712075696
[2024-04-03 04:51:24] Experiment session ended.EXECUTED: LFM-1B_ARTIST_20U50I_DGCF_DEFAULT_PARAM_1712075696

[2024-04-03 11:07:04] Experiment session started.EXECUTING: LFM-1B_ARTIST_20U50I_BPR_DEFAULT_PARAM_1712142424
[2024-04-03 11:53:45] Experiment session ended.EXECUTED: LFM-1B_ARTIST_20U50I_BPR_DEFAULT_PARAM_1712142424
[2024-04-03 11:58:30] Experiment session started.EXECUTING: LFM-1B_ARTIST_20U50I_CFKG_DEFAULT_PARAM_1712145510
[2024-04-03 12:12:06] Experiment session ended.EXECUTED: LFM-1B_ARTIST_20U50I_CFKG_DEFAULT_PARAM_1712145510
[2024-04-03 12:16:51] Experiment session started.EXECUTING: LFM-1B_ARTIST_20U50I_CKE_DEFAULT_PARAM_1712146611
[2024-04-03 12:50:28] Experiment session ended.EXECUTED: LFM-1B_ARTIST_20U50I_CKE_DEFAULT_PARAM_1712146611
[2024-04-03 12:55:19] Experiment session started.EXECUTING: LFM-1B_ARTIST_20U50I_DMF_DEFAULT_PARAM_1712148918
[2024-04-03 13:15:57] Experiment session ended.EXECUTED: LFM-1B_ARTIST_20U50I_DMF_DEFAULT_PARAM_1712148918
[2024-04-03 13:20:21] Experiment session started.EXECUTING: LFM-1B_ARTIST_20U50I_ITEMKNN_DEFAULT_PARAM_1712150421
[2024-04-03 13:34:40] Experiment session ended.EXECUTED: LFM-1B_ARTIST_20U50I_ITEMKNN_DEFAULT_PARAM_1712150421
[2024-04-03 14:07:23] Experiment session started.EXECUTING: LFM-1B_ARTIST_20U50I_KGCN_DEFAULT_PARAM_1712153243
[2024-04-03 15:05:37] Experiment session ended.EXECUTED: LFM-1B_ARTIST_20U50I_KGCN_DEFAULT_PARAM_1712153243
[2024-04-03 15:12:20] Experiment session started.EXECUTING: LFM-1B_ARTIST_20U50I_KGNNLS_DEFAULT_PARAM_1712157140
[2024-04-03 16:11:44] Experiment session ended.EXECUTED: LFM-1B_ARTIST_20U50I_KGNNLS_DEFAULT_PARAM_1712157140
[2024-04-03 16:18:26] Experiment session started.EXECUTING: LFM-1B_ARTIST_20U50I_LINE_DEFAULT_PARAM_1712161106
[2024-04-03 16:33:35] Experiment session ended.EXECUTED: LFM-1B_ARTIST_20U50I_LINE_DEFAULT_PARAM_1712161106
[2024-04-03 16:38:05] Experiment session started.EXECUTING: LFM-1B_ARTIST_20U50I_MULTIDAE_DEFAULT_PARAM_1712162285
[2024-04-03 17:30:00] Experiment session ended.EXECUTED: LFM-1B_ARTIST_20U50I_MULTIDAE_DEFAULT_PARAM_1712162285
[2024-04-03 17:34:49] Experiment session started.EXECUTING: LFM-1B_ARTIST_20U50I_LIGHTGCN_DEFAULT_PARAM_1712165688
[2024-04-03 19:59:37] Experiment session ended.EXECUTED: LFM-1B_ARTIST_20U50I_LIGHTGCN_DEFAULT_PARAM_1712165688
[2024-04-03 20:04:57] Experiment session started.EXECUTING: LFM-1B_ARTIST_20U50I_NGCF_DEFAULT_PARAM_1712174697
[2024-04-03 21:23:32] Experiment session ended.EXECUTED: LFM-1B_ARTIST_20U50I_NGCF_DEFAULT_PARAM_1712174697
[2024-04-03 21:28:37] Experiment session started.EXECUTING: LFM-1B_ARTIST_20U50I_RIPPLENET_DEFAULT_PARAM_1712179716
[2024-04-03 22:03:13] Experiment session ended.EXECUTED: LFM-1B_ARTIST_20U50I_RIPPLENET_DEFAULT_PARAM_1712179716
[2024-04-03 22:08:37] Experiment session started.EXECUTING: LFM-1B_ARTIST_20U50I_DGCF_DEFAULT_PARAM_1712182117
[2024-04-04 18:47:04] Experiment session ended.EXECUTED: LFM-1B_ARTIST_20U50I_DGCF_DEFAULT_PARAM_1712182117
[2024-04-04 18:51:52] Experiment session started.EXECUTING: LFM-1B_ARTIST_20U50I_75STRAT_BPR_DEFAULT_PARAM_1712256712
[2024-04-04 19:32:02] Experiment session ended.EXECUTED: LFM-1B_ARTIST_20U50I_75STRAT_BPR_DEFAULT_PARAM_1712256712
[2024-04-04 19:36:05] Experiment session started.EXECUTING: LFM-1B_ARTIST_20U50I_75STRAT_CFKG_DEFAULT_PARAM_1712259365
[2024-04-04 19:59:35] Experiment session ended.EXECUTED: LFM-1B_ARTIST_20U50I_75STRAT_CFKG_DEFAULT_PARAM_1712259365
[2024-04-04 20:03:59] Experiment session started.EXECUTING: LFM-1B_ARTIST_20U50I_75STRAT_CKE_DEFAULT_PARAM_1712261039
[2024-04-04 20:42:06] Experiment session ended.EXECUTED: LFM-1B_ARTIST_20U50I_75STRAT_CKE_DEFAULT_PARAM_1712261039
[2024-04-04 20:46:16] Experiment session started.EXECUTING: LFM-1B_ARTIST_20U50I_75STRAT_DMF_DEFAULT_PARAM_1712263576
[2024-04-04 21:04:55] Experiment session ended.EXECUTED: LFM-1B_ARTIST_20U50I_75STRAT_DMF_DEFAULT_PARAM_1712263576
[2024-04-04 21:09:16] Experiment session started.EXECUTING: LFM-1B_ARTIST_20U50I_75STRAT_ITEMKNN_DEFAULT_PARAM_1712264956
[2024-04-04 21:21:11] Experiment session ended.EXECUTED: LFM-1B_ARTIST_20U50I_75STRAT_ITEMKNN_DEFAULT_PARAM_1712264956
[2024-04-04 21:31:34] Experiment session started.EXECUTING: LFM-1B_ARTIST_20U50I_75STRAT_KGCN_DEFAULT_PARAM_1712266294
[2024-04-04 22:11:57] Experiment session ended.EXECUTED: LFM-1B_ARTIST_20U50I_75STRAT_KGCN_DEFAULT_PARAM_1712266294
[2024-04-04 22:18:06] Experiment session started.EXECUTING: LFM-1B_ARTIST_20U50I_75STRAT_KGNNLS_DEFAULT_PARAM_1712269085
[2024-04-04 22:59:11] Experiment session ended.EXECUTED: LFM-1B_ARTIST_20U50I_75STRAT_KGNNLS_DEFAULT_PARAM_1712269085
[2024-04-04 23:05:05] Experiment session started.EXECUTING: LFM-1B_ARTIST_20U50I_75STRAT_LINE_DEFAULT_PARAM_1712271905
[2024-04-04 23:20:56] Experiment session ended.EXECUTED: LFM-1B_ARTIST_20U50I_75STRAT_LINE_DEFAULT_PARAM_1712271905
[2024-04-04 23:24:59] Experiment session started.EXECUTING: LFM-1B_ARTIST_20U50I_75STRAT_MULTIDAE_DEFAULT_PARAM_1712273098
[2024-04-05 00:06:34] Experiment session ended.EXECUTED: LFM-1B_ARTIST_20U50I_75STRAT_MULTIDAE_DEFAULT_PARAM_1712273098
[2024-04-05 00:11:37] Experiment session started.EXECUTING: LFM-1B_ARTIST_20U50I_75STRAT_LIGHTGCN_DEFAULT_PARAM_1712275896
[2024-04-05 01:38:31] Experiment session ended.EXECUTED: LFM-1B_ARTIST_20U50I_75STRAT_LIGHTGCN_DEFAULT_PARAM_1712275896
[2024-04-05 01:42:45] Experiment session started.EXECUTING: LFM-1B_ARTIST_20U50I_75STRAT_NGCF_DEFAULT_PARAM_1712281364
[2024-04-05 02:30:53] Experiment session ended.EXECUTED: LFM-1B_ARTIST_20U50I_75STRAT_NGCF_DEFAULT_PARAM_1712281364
[2024-04-05 02:34:55] Experiment session started.EXECUTING: LFM-1B_ARTIST_20U50I_75STRAT_RIPPLENET_DEFAULT_PARAM_1712284495
[2024-04-05 03:05:28] Experiment session ended.EXECUTED: LFM-1B_ARTIST_20U50I_75STRAT_RIPPLENET_DEFAULT_PARAM_1712284495
[2024-04-05 03:10:19] Experiment session started.EXECUTING: LFM-1B_ARTIST_20U50I_75STRAT_DGCF_DEFAULT_PARAM_1712286619
[2024-04-05 14:44:19] Experiment session ended.EXECUTED: LFM-1B_ARTIST_20U50I_75STRAT_DGCF_DEFAULT_PARAM_1712286619
[2024-04-05 14:48:40] Experiment session started.EXECUTING: LFM-1B_ARTIST_20U50I_50STRAT_BPR_DEFAULT_PARAM_1712328519
[2024-04-05 15:22:34] Experiment session ended.EXECUTED: LFM-1B_ARTIST_20U50I_50STRAT_BPR_DEFAULT_PARAM_1712328519
[2024-04-05 15:26:41] Experiment session started.EXECUTING: LFM-1B_ARTIST_20U50I_50STRAT_CFKG_DEFAULT_PARAM_1712330801
[2024-04-05 15:37:39] Experiment session ended.EXECUTED: LFM-1B_ARTIST_20U50I_50STRAT_CFKG_DEFAULT_PARAM_1712330801
[2024-04-05 15:42:32] Experiment session started.EXECUTING: LFM-1B_ARTIST_20U50I_50STRAT_CKE_DEFAULT_PARAM_1712331752
[2024-04-05 16:06:26] Experiment session ended.EXECUTED: LFM-1B_ARTIST_20U50I_50STRAT_CKE_DEFAULT_PARAM_1712331752
[2024-04-05 16:10:44] Experiment session started.EXECUTING: LFM-1B_ARTIST_20U50I_50STRAT_DMF_DEFAULT_PARAM_1712333444
[2024-04-05 16:34:33] Experiment session ended.EXECUTED: LFM-1B_ARTIST_20U50I_50STRAT_DMF_DEFAULT_PARAM_1712333444
[2024-04-05 16:39:08] Experiment session started.EXECUTING: LFM-1B_ARTIST_20U50I_50STRAT_ITEMKNN_DEFAULT_PARAM_1712335148
[2024-04-05 16:47:32] Experiment session ended.EXECUTED: LFM-1B_ARTIST_20U50I_50STRAT_ITEMKNN_DEFAULT_PARAM_1712335148
[2024-04-05 16:54:28] Experiment session started.EXECUTING: LFM-1B_ARTIST_20U50I_50STRAT_KGCN_DEFAULT_PARAM_1712336067
[2024-04-05 17:41:11] Experiment session ended.EXECUTED: LFM-1B_ARTIST_20U50I_50STRAT_KGCN_DEFAULT_PARAM_1712336067
[2024-04-05 17:47:12] Experiment session started.EXECUTING: LFM-1B_ARTIST_20U50I_50STRAT_KGNNLS_DEFAULT_PARAM_1712339232
[2024-04-05 18:35:50] Experiment session ended.EXECUTED: LFM-1B_ARTIST_20U50I_50STRAT_KGNNLS_DEFAULT_PARAM_1712339232
[2024-04-05 18:41:36] Experiment session started.EXECUTING: LFM-1B_ARTIST_20U50I_50STRAT_LINE_DEFAULT_PARAM_1712342496
[2024-04-05 18:51:58] Experiment session ended.EXECUTED: LFM-1B_ARTIST_20U50I_50STRAT_LINE_DEFAULT_PARAM_1712342496
[2024-04-05 18:56:17] Experiment session started.EXECUTING: LFM-1B_ARTIST_20U50I_50STRAT_MULTIDAE_DEFAULT_PARAM_1712343376
[2024-04-05 19:23:20] Experiment session ended.EXECUTED: LFM-1B_ARTIST_20U50I_50STRAT_MULTIDAE_DEFAULT_PARAM_1712343376
[2024-04-05 19:28:03] Experiment session started.EXECUTING: LFM-1B_ARTIST_20U50I_50STRAT_LIGHTGCN_DEFAULT_PARAM_1712345283
[2024-04-05 20:21:36] Experiment session ended.EXECUTED: LFM-1B_ARTIST_20U50I_50STRAT_LIGHTGCN_DEFAULT_PARAM_1712345283
[2024-04-05 20:25:34] Experiment session started.EXECUTING: LFM-1B_ARTIST_20U50I_50STRAT_NGCF_DEFAULT_PARAM_1712348734
[2024-04-05 21:08:49] Experiment session ended.EXECUTED: LFM-1B_ARTIST_20U50I_50STRAT_NGCF_DEFAULT_PARAM_1712348734
[2024-04-05 21:13:19] Experiment session started.EXECUTING: LFM-1B_ARTIST_20U50I_50STRAT_RIPPLENET_DEFAULT_PARAM_1712351598
[2024-04-05 21:26:26] Experiment session ended.EXECUTED: LFM-1B_ARTIST_20U50I_50STRAT_RIPPLENET_DEFAULT_PARAM_1712351598
[2024-04-05 21:31:30] Experiment session started.EXECUTING: LFM-1B_ARTIST_20U50I_50STRAT_DGCF_DEFAULT_PARAM_1712352690
[2024-04-06 02:24:07] Experiment session ended.EXECUTED: LFM-1B_ARTIST_20U50I_50STRAT_DGCF_DEFAULT_PARAM_1712352690
[2024-04-06 02:28:23] Experiment session started.EXECUTING: LFM-1B_ARTIST_20U50I_25STRAT_BPR_DEFAULT_PARAM_1712370502
[2024-04-06 02:36:41] Experiment session ended.EXECUTED: LFM-1B_ARTIST_20U50I_25STRAT_BPR_DEFAULT_PARAM_1712370502
[2024-04-06 02:40:30] Experiment session started.EXECUTING: LFM-1B_ARTIST_20U50I_25STRAT_CFKG_DEFAULT_PARAM_1712371230
[2024-04-06 02:47:19] Experiment session ended.EXECUTED: LFM-1B_ARTIST_20U50I_25STRAT_CFKG_DEFAULT_PARAM_1712371230
[2024-04-06 02:51:24] Experiment session started.EXECUTING: LFM-1B_ARTIST_20U50I_25STRAT_CKE_DEFAULT_PARAM_1712371884
[2024-04-06 03:01:36] Experiment session ended.EXECUTED: LFM-1B_ARTIST_20U50I_25STRAT_CKE_DEFAULT_PARAM_1712371884
[2024-04-06 03:05:38] Experiment session started.EXECUTING: LFM-1B_ARTIST_20U50I_25STRAT_DMF_DEFAULT_PARAM_1712372738
[2024-04-06 03:15:50] Experiment session ended.EXECUTED: LFM-1B_ARTIST_20U50I_25STRAT_DMF_DEFAULT_PARAM_1712372738
[2024-04-06 03:19:49] Experiment session started.EXECUTING: LFM-1B_ARTIST_20U50I_25STRAT_ITEMKNN_DEFAULT_PARAM_1712373589
[2024-04-06 03:24:09] Experiment session ended.EXECUTED: LFM-1B_ARTIST_20U50I_25STRAT_ITEMKNN_DEFAULT_PARAM_1712373589
[2024-04-06 03:28:59] Experiment session started.EXECUTING: LFM-1B_ARTIST_20U50I_25STRiAT_KGCN_DEFAULT_PARAM_1712374139
[2024-04-06 03:50:09] Experiment session ended.EXECUTED: LFM-1B_ARTIST_20U50I_25STRAT_KGCN_DEFAULT_PARAM_1712374139
[2024-04-06 03:54:55] Experiment session started.EXECUTING: LFM-1B_ARTIST_20U50I_25STRAT_KGNNLS_DEFAULT_PARAM_1712375695
[2024-04-06 04:16:38] Experiment session ended.EXECUTED: LFM-1B_ARTIST_20U50I_25STRAT_KGNNLS_DEFAULT_PARAM_1712375695
[2024-04-06 04:21:38] Experiment session started.EXECUTING: LFM-1B_ARTIST_20U50I_25STRAT_LINE_DEFAULT_PARAM_1712377298
[2024-04-06 04:28:48] Experiment session ended.EXECUTED: LFM-1B_ARTIST_20U50I_25STRAT_LINE_DEFAULT_PARAM_1712377298
[2024-04-06 04:32:43] Experiment session started.EXECUTING: LFM-1B_ARTIST_20U50I_25STRAT_MULTIDAE_DEFAULT_PARAM_1712377963
[2024-04-06 04:49:10] Experiment session ended.EXECUTED: LFM-1B_ARTIST_20U50I_25STRAT_MULTIDAE_DEFAULT_PARAM_1712377963
[2024-04-06 04:53:25] Experiment session started.EXECUTING: LFM-1B_ARTIST_20U50I_25STRAT_LIGHTGCN_DEFAULT_PARAM_1712379205
[2024-04-06 05:28:10] Experiment session ended.EXECUTED: LFM-1B_ARTIST_20U50I_25STRAT_LIGHTGCN_DEFAULT_PARAM_1712379205
[2024-04-06 05:32:11] Experiment session started.EXECUTING: LFM-1B_ARTIST_20U50I_25STRAT_NGCF_DEFAULT_PARAM_1712381531
[2024-04-06 05:56:19] Experiment session ended.EXECUTED: LFM-1B_ARTIST_20U50I_25STRAT_NGCF_DEFAULT_PARAM_1712381531
[2024-04-06 06:00:34] Experiment session started.EXECUTING: LFM-1B_ARTIST_20U50I_25STRAT_RIPPLENET_DEFAULT_PARAM_1712383234
[2024-04-06 06:09:04] Experiment session ended.EXECUTED: LFM-1B_ARTIST_20U50I_25STRAT_RIPPLENET_DEFAULT_PARAM_1712383234
[2024-04-06 06:13:34] Experiment session started.EXECUTING: LFM-1B_ARTIST_20U50I_25STRAT_DGCF_DEFAULT_PARAM_1712384014
[2024-04-06 07:19:02] Experiment session ended.EXECUTED: LFM-1B_ARTIST_20U50I_25STRAT_DGCF_DEFAULT_PARAM_1712384014
[2024-04-09 10:51:16] Experiment session started.EXECUTING: MIND_NGCF_DEFAULT_PARAM_1712659876
[2024-04-09 10:51:28] ERROR: MIND_NGCF_DEFAULT_PARAM_1712659876. Neither [data/mind] exists in the device nor [mind] a known dataset name.
[2024-04-09 11:00:01] Experiment session started.EXECUTING: MIND_NGCF_DEFAULT_PARAM_1712660401
[2024-04-09 12:24:06] Experiment session ended.EXECUTED: MIND_NGCF_DEFAULT_PARAM_1712660401
[2024-04-15 11:46:50] Experiment session started.EXECUTING: ML-10M_CORE5_ITEMKNN_DEFAULT_PARAM_1713181609
[2024-04-15 12:09:24] Experiment session ended.EXECUTED: ML-10M_CORE5_ITEMKNN_DEFAULT_PARAM_1713181609
[2024-04-15 12:26:31] Experiment session started.EXECUTING: ML-10M_CORE5_BPR_DEFAULT_PARAM_1713183990
[2024-04-15 14:56:38] Experiment session ended.EXECUTED: ML-10M_CORE5_BPR_DEFAULT_PARAM_1713183990
[2024-04-15 15:05:02] Experiment session started.EXECUTING: ML-10M_CORE5_CFKG_DEFAULT_PARAM_1713193502
[2024-04-15 17:13:16] Experiment session ended.EXECUTED: ML-10M_CORE5_CFKG_DEFAULT_PARAM_1713193502
[2024-04-15 17:22:15] Experiment session started.EXECUTING: ML-10M_CORE5_CKE_DEFAULT_PARAM_1713201734
[2024-04-15 20:43:44] Experiment session ended.EXECUTED: ML-10M_CORE5_CKE_DEFAULT_PARAM_1713201734
[2024-04-15 20:51:30] Experiment session started.EXECUTING: ML-10M_CORE5_DMF_DEFAULT_PARAM_1713214290
[2024-04-15 20:53:08] ERROR: ML-10M_CORE5_DMF_DEFAULT_PARAM_1713214290. CUDA out of memory. Tried to allocate 1.51 GiB. GPU 0 has a total capacity of 15.57 GiB of which 1.30 GiB is free. Process 6552 has 158.00 MiB memory in use. Including non-PyTorch memory, this process has 14.11 GiB memory in use. Of the allocated memory 14.01 GiB is allocated by PyTorch, and 5.66 MiB is reserved by PyTorch but unallocated. If reserved but unallocated memory is large try setting PYTORCH_CUDA_ALLOC_CONF=expandable_segments:True to avoid fragmentation.  See documentation for Memory Management  (https://pytorch.org/docs/stable/notes/cuda.html#environment-variables)
[2024-04-15 20:56:56] Experiment session started.EXECUTING: ML-10M_CORE5_KGCN_DEFAULT_PARAM_1713214616
[2024-04-16 03:40:36] Experiment session ended.EXECUTED: ML-10M_CORE5_KGCN_DEFAULT_PARAM_1713214616
[2024-04-16 03:53:54] Experiment session started.EXECUTING: ML-10M_CORE5_KGNNLS_DEFAULT_PARAM_1713239634


[2024-04-16 07:47:44] Experiment session started.EXECUTING: ML-10M_60U10I_ITEMKNN_DEFAULT_PARAM_1713253664
[2024-04-16 08:08:11] Experiment session ended.EXECUTED: ML-10M_60U10I_ITEMKNN_DEFAULT_PARAM_1713253664
[2024-04-16 08:21:21] Experiment session started.EXECUTING: ML-10M_60U10I_BPR_DEFAULT_PARAM_1713255680
[2024-04-16 08:29:17] Experiment session ended.EXECUTED: ML-10M_60U10I_BPR_DEFAULT_PARAM_1713255680
[2024-04-16 08:36:29] Experiment session started.EXECUTING: ML-10M_60U10I_CFKG_DEFAULT_PARAM_1713256589
[2024-04-16 08:46:27] Experiment session ended.EXECUTED: ML-10M_60U10I_CFKG_DEFAULT_PARAM_1713256589
[2024-04-16 08:54:46] Experiment session started.EXECUTING: ML-10M_60U10I_CKE_DEFAULT_PARAM_1713257685
[2024-04-16 09:04:42] Experiment session ended.EXECUTED: ML-10M_60U10I_CKE_DEFAULT_PARAM_1713257685
[2024-04-16 09:12:00] Experiment session started.EXECUTING: ML-10M_60U10I_DMF_DEFAULT_PARAM_1713258720
[2024-04-16 09:23:40] Experiment session ended.EXECUTED: ML-10M_60U10I_DMF_DEFAULT_PARAM_1713258720
[2024-04-16 09:31:41] Experiment session started.EXECUTING: ML-10M_60U10I_KGCN_DEFAULT_PARAM_1713259901
[2024-04-16 09:49:44] Experiment session ended.EXECUTED: ML-10M_60U10I_KGCN_DEFAULT_PARAM_1713259901
[2024-04-16 10:02:26] Experiment session started.EXECUTING: ML-10M_60U10I_KGNNLS_DEFAULT_PARAM_1713261746


[2024-04-16 10:30:07] Experiment session started.EXECUTING: ML-10M_50U10I_ITEMKNN_DEFAULT_PARAM_1713263407
[2024-04-16 10:42:48] Experiment session ended.EXECUTED: ML-10M_50U10I_ITEMKNN_DEFAULT_PARAM_1713263407
[2024-04-16 10:52:55] Experiment session started.EXECUTING: ML-10M_50U10I_BPR_DEFAULT_PARAM_1713264774
[2024-04-16 10:59:26] Experiment session ended.EXECUTED: ML-10M_50U10I_BPR_DEFAULT_PARAM_1713264774
[2024-04-16 11:05:52] Experiment session started.EXECUTING: ML-10M_50U10I_CFKG_DEFAULT_PARAM_1713265552
[2024-04-16 11:13:51] Experiment session ended.EXECUTED: ML-10M_50U10I_CFKG_DEFAULT_PARAM_1713265552
[2024-04-16 11:20:44] Experiment session started.EXECUTING: ML-10M_50U10I_CKE_DEFAULT_PARAM_1713266444
[2024-04-16 11:28:47] Experiment session ended.EXECUTED: ML-10M_50U10I_CKE_DEFAULT_PARAM_1713266444
[2024-04-16 11:35:42] Experiment session started.EXECUTING: ML-10M_50U10I_DMF_DEFAULT_PARAM_1713267342
[2024-04-16 11:45:12] Experiment session ended.EXECUTED: ML-10M_50U10I_DMF_DEFAULT_PARAM_1713267342
[2024-04-16 11:52:29] Experiment session started.EXECUTING: ML-10M_50U10I_KGCN_DEFAULT_PARAM_1713268349
[2024-04-16 12:07:35] Experiment session ended.EXECUTED: ML-10M_50U10I_KGCN_DEFAULT_PARAM_1713268349
[2024-04-16 12:17:53] Experiment session started.EXECUTING: ML-10M_50U10I_KGNNLS_DEFAULT_PARAM_1713269873
[2024-04-16 12:34:01] Experiment session ended.EXECUTED: ML-10M_50U10I_KGNNLS_DEFAULT_PARAM_1713269873
[2024-04-16 12:44:30] Experiment session started.EXECUTING: ML-10M_50U10I_LINE_DEFAULT_PARAM_1713271470
[2024-04-16 12:52:54] Experiment session ended.EXECUTED: ML-10M_50U10I_LINE_DEFAULT_PARAM_1713271470
[2024-04-16 13:01:00] Experiment session started.EXECUTING: ML-10M_50U10I_MULTIDAE_DEFAULT_PARAM_1713272459
[2024-04-16 13:08:51] Experiment session ended.EXECUTED: ML-10M_50U10I_MULTIDAE_DEFAULT_PARAM_1713272459
[2024-04-16 13:15:48] Experiment session started.EXECUTING: ML-10M_50U10I_LIGHTGCN_DEFAULT_PARAM_1713273347
[2024-04-16 13:38:49] Experiment session ended.EXECUTED: ML-10M_50U10I_LIGHTGCN_DEFAULT_PARAM_1713273347
[2024-04-16 13:45:29] Experiment session started.EXECUTING: ML-10M_50U10I_NGCF_DEFAULT_PARAM_1713275129
[2024-04-16 14:18:49] Experiment session ended.EXECUTED: ML-10M_50U10I_NGCF_DEFAULT_PARAM_1713275129
[2024-04-16 14:27:02] Experiment session started.EXECUTING: ML-10M_50U10I_RIPPLENET_DEFAULT_PARAM_1713277622
[2024-04-16 14:55:05] Experiment session ended.EXECUTED: ML-10M_50U10I_RIPPLENET_DEFAULT_PARAM_1713277622
[2024-04-16 15:05:48] Experiment session started.EXECUTING: ML-10M_50U10I_DGCF_DEFAULT_PARAM_1713279947
[2024-04-16 15:07:47] ERROR: ML-10M_50U10I_DGCF_DEFAULT_PARAM_1713279947. CUDA out of memory. Tried to allocate 696.00 MiB. GPU 0 has a total capacity of 15.57 GiB of which 561.44 MiB is free. Process 6552 has 158.00 MiB memory in use. Including non-PyTorch memory, this process has 14.87 GiB memory in use. Of the allocated memory 14.64 GiB is allocated by PyTorch, and 120.71 MiB is reserved by PyTorch but unallocated. If reserved but unallocated memory is large try setting PYTORCH_CUDA_ALLOC_CONF=expandable_segments:True to avoid fragmentation.  See documentation for Memory Management  (https://pytorch.org/docs/stable/notes/cuda.html#environment-variables)


[2024-04-16 15:22:06] Experiment session started.EXECUTING: ML-10M_40U10I_DGCF_DEFAULT_PARAM_1713280926
[2024-04-16 15:23:58] ERROR: ML-10M_40U10I_DGCF_DEFAULT_PARAM_1713280926. CUDA out of memory. Tried to allocate 546.00 MiB. GPU 0 has a total capacity of 15.57 GiB of which 353.44 MiB is free. Process 6552 has 158.00 MiB memory in use. Including non-PyTorch memory, this process has 15.07 GiB memory in use. Of the allocated memory 14.47 GiB is allocated by PyTorch, and 496.33 MiB is reserved by PyTorch but unallocated. If reserved but unallocated memory is large try setting PYTORCH_CUDA_ALLOC_CONF=expandable_segments:True to avoid fragmentation.  See documentation for Memory Management  (https://pytorch.org/docs/stable/notes/cuda.html#environment-variables)



[2024-04-16 15:33:09] Experiment session started.EXECUTING: ML-10M_50U10I_ITEMKNN_DEFAULT_PARAM_1713281588
[2024-04-16 15:46:28] Experiment session ended.EXECUTED: ML-10M_50U10I_ITEMKNN_DEFAULT_PARAM_1713281588
[2024-04-16 15:56:12] Experiment session started.EXECUTING: ML-10M_50U10I_BPR_DEFAULT_PARAM_1713282972
[2024-04-16 17:36:04] Experiment session ended.EXECUTED: ML-10M_50U10I_BPR_DEFAULT_PARAM_1713282972
[2024-04-16 17:42:10] Experiment session started.EXECUTING: ML-10M_50U10I_CFKG_DEFAULT_PARAM_1713289330
[2024-04-16 19:17:36] Experiment session ended.EXECUTED: ML-10M_50U10I_CFKG_DEFAULT_PARAM_1713289330
[2024-04-16 19:24:04] Experiment session started.EXECUTING: ML-10M_50U10I_CKE_DEFAULT_PARAM_1713295444
[2024-04-16 22:15:11] Experiment session ended.EXECUTED: ML-10M_50U10I_CKE_DEFAULT_PARAM_1713295444
[2024-04-16 22:21:37] Experiment session started.EXECUTING: ML-10M_50U10I_DMF_DEFAULT_PARAM_1713306097
[2024-04-16 23:38:20] Experiment session ended.EXECUTED: ML-10M_50U10I_DMF_DEFAULT_PARAM_1713306097
[2024-04-16 23:44:54] Experiment session started.EXECUTING: ML-10M_50U10I_KGCN_DEFAULT_PARAM_1713311094
[2024-04-17 03:40:20] Experiment session ended.EXECUTED: ML-10M_50U10I_KGCN_DEFAULT_PARAM_1713311094
[2024-04-17 03:50:15] Experiment session started.EXECUTING: ML-10M_50U10I_KGNNLS_DEFAULT_PARAM_1713325815
[2024-04-17 13:15:46] Experiment session ended.EXECUTED: ML-10M_50U10I_KGNNLS_DEFAULT_PARAM_1713325815
[2024-04-17 13:26:30] Experiment session started.EXECUTING: ML-10M_50U10I_LINE_DEFAULT_PARAM_1713360390
[2024-04-17 14:16:37] Experiment session ended.EXECUTED: ML-10M_50U10I_LINE_DEFAULT_PARAM_1713360390
[2024-04-17 14:23:12] Experiment session started.EXECUTING: ML-10M_50U10I_MULTIDAE_DEFAULT_PARAM_1713363792
[2024-04-17 16:32:22] Experiment session ended.EXECUTED: ML-10M_50U10I_MULTIDAE_DEFAULT_PARAM_1713363792
[2024-04-17 16:39:05] Experiment session started.EXECUTING: ML-10M_50U10I_LIGHTGCN_DEFAULT_PARAM_1713371945
[2024-04-18 18:22:42] Experiment session ended.EXECUTED: ML-10M_50U10I_LIGHTGCN_DEFAULT_PARAM_1713371945

[2024-04-18 19:57:00] Experiment session started.EXECUTING: ML-10M_50U10I_NGCF_DEFAULT_PARAM_1713470220
