Sat 06 Apr 2024 03:29:09 INFO  ['src/default_tracker.py', '--dataset=LFM-1b_artist_20U50I_25strat', '--model=KGCN']
Sat 06 Apr 2024 03:29:09 INFO  
General Hyper Parameters:
gpu_id = 0
use_gpu = True
seed = 2020
state = INFO
reproducibility = True
data_path = data/LFM-1b_artist_20U50I_25strat
checkpoint_dir = saved/LFM-1b_artist_20U50I_25strat/KGCN
show_progress = True
save_dataset = False
dataset_save_path = None
save_dataloaders = False
dataloaders_save_path = None
log_wandb = False

Training Hyper Parameters:
epochs = 200
train_batch_size = 2048
learner = adam
learning_rate = 0.001
train_neg_sample_args = {'distribution': 'uniform', 'sample_num': 1, 'dynamic': False, 'candidate_num': 0, 'alpha': 1.0}
eval_step = 1
stopping_step = 10
clip_grad_norm = None
weight_decay = 0.0
loss_decimal_place = 4

Evaluation Hyper Parameters:
eval_args = {'split': {'RS': [0.8, 0.1, 0.1]}, 'order': 'RO', 'group_by': 'user', 'mode': {'valid': 'full', 'test': 'full'}}
repeatable = False
metrics = ['Recall', 'MRR', 'NDCG', 'Hit', 'Precision']
topk = [10]
valid_metric = MRR@10
valid_metric_bigger = True
eval_batch_size = 4096
metric_decimal_place = 4

Dataset Hyper Parameters:
field_separator = 	
seq_separator =  
USER_ID_FIELD = user_id
ITEM_ID_FIELD = item_id
RATING_FIELD = rating
TIME_FIELD = timestamp
seq_len = None
LABEL_FIELD = label
threshold = None
NEG_PREFIX = neg_
load_col = {'inter': ['user_id', 'item_id', 'rating', 'timestamp'], 'kg': ['head_id', 'relation_id', 'tail_id'], 'link': ['item_id', 'entity_id']}
unload_col = None
unused_col = None
additional_feat_suffix = None
rm_dup_inter = None
val_interval = None
filter_inter_by_user_or_item = True
user_inter_num_interval = [0,inf)
item_inter_num_interval = [0,inf)
alias_of_user_id = None
alias_of_item_id = None
alias_of_entity_id = None
alias_of_relation_id = None
preload_weight = None
normalize_field = None
normalize_all = None
ITEM_LIST_LENGTH_FIELD = item_length
LIST_SUFFIX = _list
MAX_ITEM_LIST_LENGTH = 50
POSITION_FIELD = position_id
HEAD_ENTITY_ID_FIELD = head_id
TAIL_ENTITY_ID_FIELD = tail_id
RELATION_ID_FIELD = relation_id
ENTITY_ID_FIELD = entity_id
benchmark_filename = None

Other Hyper Parameters: 
worker = 0
wandb_project = recbole
shuffle = True
require_pow = False
enable_amp = False
enable_scaler = False
transform = None
embedding_size = 64
n_iter = 1
aggregator = sum
reg_weight = 1e-07
neighbor_sample_size = 4
numerical_features = []
discretization = None
kg_reverse_r = False
entity_kg_num_interval = [0,inf)
relation_kg_num_interval = [0,inf)
MODEL_TYPE = ModelType.KNOWLEDGE
encoding = utf-8
device = cuda
my_log_file = /mnt/batch/tasks/shared/LS_root/mounts/clusters/fontanagpu/code/sustainability-of-recsys/log/carbon_default.log
MODEL_INPUT_TYPE = InputType.PAIRWISE
eval_type = EvaluatorType.RANKING
single_spec = True
local_rank = 0
valid_neg_sample_args = {'distribution': 'uniform', 'sample_num': 'none'}
test_neg_sample_args = {'distribution': 'uniform', 'sample_num': 'none'}


Sat 06 Apr 2024 03:29:14 INFO  LFM-1b_artist_20U50I_25strat
The number of users: 17111
Average actions of users: 5.287258912916423
The number of items: 9445
Average actions of items: 9.579097839898347
The number of inters: 90465
The sparsity of the dataset: 99.9440238230253%
Remain Fields: ['entity_id', 'user_id', 'item_id', 'head_id', 'relation_id', 'tail_id']
The number of entities: 32908
The number of relations: 7
The number of triples: 29822
The number of items that have been linked to KG: 9444
Sat 06 Apr 2024 03:29:15 INFO  [Training]: train_batch_size = [2048] train_neg_sample_args: [{'distribution': 'uniform', 'sample_num': 1, 'dynamic': False, 'candidate_num': 0, 'alpha': 1.0}]
Sat 06 Apr 2024 03:29:15 INFO  [Evaluation]: eval_batch_size = [4096] eval_args: [{'split': {'RS': [0.8, 0.1, 0.1]}, 'order': 'RO', 'group_by': 'user', 'mode': {'valid': 'full', 'test': 'full'}}]
Sat 06 Apr 2024 03:29:17 INFO  KGCN(
  (user_embedding): Embedding(17111, 64)
  (entity_embedding): Embedding(32908, 64)
  (relation_embedding): Embedding(8, 64)
  (softmax): Softmax(dim=-1)
  (linear_layers): ModuleList(
    (0): Linear(in_features=64, out_features=64, bias=True)
  )
  (ReLU): ReLU()
  (Tanh): Tanh()
  (bce_loss): BCEWithLogitsLoss()
  (l2_loss): EmbLoss()
)
Trainable parameters: 3205888
Sat 06 Apr 2024 03:29:23 INFO  FLOPs: 4747.0
Sat 06 Apr 2024 03:29:54 INFO  epoch 0 training [time: 4.66s, train loss: 22.1807]
Sat 06 Apr 2024 03:30:51 INFO  epoch 0 evaluating [time: 56.52s, valid_score: 0.000800]
Sat 06 Apr 2024 03:30:51 INFO  valid result: 
recall@10 : 0.0033    mrr@10 : 0.0008    ndcg@10 : 0.0014    hit@10 : 0.0033    precision@10 : 0.0003
Sat 06 Apr 2024 03:30:51 INFO  Saving current: saved/LFM-1b_artist_20U50I_25strat/KGCN/KGCN-Apr-06-2024_03-29-23.pth
Sat 06 Apr 2024 03:30:52 INFO  epoch 1 training [time: 0.99s, train loss: 22.1405]
Sat 06 Apr 2024 03:31:48 INFO  epoch 1 evaluating [time: 55.57s, valid_score: 0.027400]
Sat 06 Apr 2024 03:31:48 INFO  valid result: 
recall@10 : 0.0742    mrr@10 : 0.0274    ndcg@10 : 0.0377    hit@10 : 0.0776    precision@10 : 0.0078
Sat 06 Apr 2024 03:31:48 INFO  Saving current: saved/LFM-1b_artist_20U50I_25strat/KGCN/KGCN-Apr-06-2024_03-29-23.pth
Sat 06 Apr 2024 03:31:50 INFO  epoch 2 training [time: 1.03s, train loss: 21.3499]
Sat 06 Apr 2024 03:32:45 INFO  epoch 2 evaluating [time: 55.69s, valid_score: 0.035100]
Sat 06 Apr 2024 03:32:45 INFO  valid result: 
recall@10 : 0.1068    mrr@10 : 0.0351    ndcg@10 : 0.051    hit@10 : 0.1102    precision@10 : 0.0111
Sat 06 Apr 2024 03:32:46 INFO  Saving current: saved/LFM-1b_artist_20U50I_25strat/KGCN/KGCN-Apr-06-2024_03-29-23.pth
Sat 06 Apr 2024 03:32:47 INFO  epoch 3 training [time: 1.00s, train loss: 17.1080]
Sat 06 Apr 2024 03:33:42 INFO  epoch 3 evaluating [time: 55.62s, valid_score: 0.037700]
Sat 06 Apr 2024 03:33:42 INFO  valid result: 
recall@10 : 0.1158    mrr@10 : 0.0377    ndcg@10 : 0.055    hit@10 : 0.1197    precision@10 : 0.012
Sat 06 Apr 2024 03:33:43 INFO  Saving current: saved/LFM-1b_artist_20U50I_25strat/KGCN/KGCN-Apr-06-2024_03-29-23.pth
Sat 06 Apr 2024 03:33:44 INFO  epoch 4 training [time: 0.96s, train loss: 13.9234]
Sat 06 Apr 2024 03:34:39 INFO  epoch 4 evaluating [time: 55.46s, valid_score: 0.038700]
Sat 06 Apr 2024 03:34:39 INFO  valid result: 
recall@10 : 0.1204    mrr@10 : 0.0387    ndcg@10 : 0.0569    hit@10 : 0.124    precision@10 : 0.0124
Sat 06 Apr 2024 03:34:40 INFO  Saving current: saved/LFM-1b_artist_20U50I_25strat/KGCN/KGCN-Apr-06-2024_03-29-23.pth
Sat 06 Apr 2024 03:34:41 INFO  epoch 5 training [time: 1.00s, train loss: 13.0146]
Sat 06 Apr 2024 03:35:37 INFO  epoch 5 evaluating [time: 55.81s, valid_score: 0.041200]
Sat 06 Apr 2024 03:35:37 INFO  valid result: 
recall@10 : 0.1204    mrr@10 : 0.0412    ndcg@10 : 0.0588    hit@10 : 0.1242    precision@10 : 0.0125
Sat 06 Apr 2024 03:35:38 INFO  Saving current: saved/LFM-1b_artist_20U50I_25strat/KGCN/KGCN-Apr-06-2024_03-29-23.pth
Sat 06 Apr 2024 03:35:39 INFO  epoch 6 training [time: 1.02s, train loss: 12.6545]
Sat 06 Apr 2024 03:36:34 INFO  epoch 6 evaluating [time: 55.57s, valid_score: 0.041200]
Sat 06 Apr 2024 03:36:34 INFO  valid result: 
recall@10 : 0.123    mrr@10 : 0.0412    ndcg@10 : 0.0595    hit@10 : 0.1267    precision@10 : 0.0127
Sat 06 Apr 2024 03:36:35 INFO  Saving current: saved/LFM-1b_artist_20U50I_25strat/KGCN/KGCN-Apr-06-2024_03-29-23.pth
Sat 06 Apr 2024 03:36:36 INFO  epoch 7 training [time: 0.99s, train loss: 12.2923]
Sat 06 Apr 2024 03:37:31 INFO  epoch 7 evaluating [time: 55.69s, valid_score: 0.041700]
Sat 06 Apr 2024 03:37:31 INFO  valid result: 
recall@10 : 0.128    mrr@10 : 0.0417    ndcg@10 : 0.061    hit@10 : 0.1315    precision@10 : 0.0132
Sat 06 Apr 2024 03:37:32 INFO  Saving current: saved/LFM-1b_artist_20U50I_25strat/KGCN/KGCN-Apr-06-2024_03-29-23.pth
Sat 06 Apr 2024 03:37:33 INFO  epoch 8 training [time: 1.07s, train loss: 12.1281]
Sat 06 Apr 2024 03:38:29 INFO  epoch 8 evaluating [time: 56.20s, valid_score: 0.041900]
Sat 06 Apr 2024 03:38:29 INFO  valid result: 
recall@10 : 0.129    mrr@10 : 0.0419    ndcg@10 : 0.0613    hit@10 : 0.1327    precision@10 : 0.0133
Sat 06 Apr 2024 03:38:30 INFO  Saving current: saved/LFM-1b_artist_20U50I_25strat/KGCN/KGCN-Apr-06-2024_03-29-23.pth
Sat 06 Apr 2024 03:38:31 INFO  epoch 9 training [time: 1.01s, train loss: 11.9999]
Sat 06 Apr 2024 03:39:27 INFO  epoch 9 evaluating [time: 55.65s, valid_score: 0.041600]
Sat 06 Apr 2024 03:39:27 INFO  valid result: 
recall@10 : 0.1294    mrr@10 : 0.0416    ndcg@10 : 0.0611    hit@10 : 0.1333    precision@10 : 0.0133
Sat 06 Apr 2024 03:39:28 INFO  epoch 10 training [time: 1.13s, train loss: 11.9186]
Sat 06 Apr 2024 03:40:24 INFO  epoch 10 evaluating [time: 55.97s, valid_score: 0.041600]
Sat 06 Apr 2024 03:40:24 INFO  valid result: 
recall@10 : 0.1276    mrr@10 : 0.0416    ndcg@10 : 0.0607    hit@10 : 0.1314    precision@10 : 0.0132
Sat 06 Apr 2024 03:40:25 INFO  epoch 11 training [time: 1.35s, train loss: 11.7834]
Sat 06 Apr 2024 03:41:21 INFO  epoch 11 evaluating [time: 55.58s, valid_score: 0.041600]
Sat 06 Apr 2024 03:41:21 INFO  valid result: 
recall@10 : 0.125    mrr@10 : 0.0416    ndcg@10 : 0.0601    hit@10 : 0.1286    precision@10 : 0.0129
Sat 06 Apr 2024 03:41:22 INFO  epoch 12 training [time: 1.13s, train loss: 11.7583]
Sat 06 Apr 2024 03:42:18 INFO  epoch 12 evaluating [time: 56.15s, valid_score: 0.040000]
Sat 06 Apr 2024 03:42:18 INFO  valid result: 
recall@10 : 0.1206    mrr@10 : 0.04    ndcg@10 : 0.0579    hit@10 : 0.1243    precision@10 : 0.0125
Sat 06 Apr 2024 03:42:19 INFO  epoch 13 training [time: 1.20s, train loss: 11.6572]
Sat 06 Apr 2024 03:43:15 INFO  epoch 13 evaluating [time: 55.51s, valid_score: 0.039800]
Sat 06 Apr 2024 03:43:15 INFO  valid result: 
recall@10 : 0.1195    mrr@10 : 0.0398    ndcg@10 : 0.0575    hit@10 : 0.1231    precision@10 : 0.0123
Sat 06 Apr 2024 03:43:16 INFO  epoch 14 training [time: 1.17s, train loss: 11.4774]
Sat 06 Apr 2024 03:44:12 INFO  epoch 14 evaluating [time: 55.73s, valid_score: 0.039300]
Sat 06 Apr 2024 03:44:12 INFO  valid result: 
recall@10 : 0.1194    mrr@10 : 0.0393    ndcg@10 : 0.0571    hit@10 : 0.1228    precision@10 : 0.0123
Sat 06 Apr 2024 03:44:13 INFO  epoch 15 training [time: 1.12s, train loss: 11.3485]
Sat 06 Apr 2024 03:45:08 INFO  epoch 15 evaluating [time: 55.68s, valid_score: 0.038000]
Sat 06 Apr 2024 03:45:08 INFO  valid result: 
recall@10 : 0.1191    mrr@10 : 0.038    ndcg@10 : 0.0561    hit@10 : 0.1225    precision@10 : 0.0123
Sat 06 Apr 2024 03:45:10 INFO  epoch 16 training [time: 1.24s, train loss: 11.1892]
Sat 06 Apr 2024 03:46:05 INFO  epoch 16 evaluating [time: 55.82s, valid_score: 0.038000]
Sat 06 Apr 2024 03:46:05 INFO  valid result: 
recall@10 : 0.1163    mrr@10 : 0.038    ndcg@10 : 0.0555    hit@10 : 0.1196    precision@10 : 0.012
Sat 06 Apr 2024 03:46:06 INFO  epoch 17 training [time: 1.10s, train loss: 11.0024]
Sat 06 Apr 2024 03:47:02 INFO  epoch 17 evaluating [time: 55.43s, valid_score: 0.037200]
Sat 06 Apr 2024 03:47:02 INFO  valid result: 
recall@10 : 0.1158    mrr@10 : 0.0372    ndcg@10 : 0.0548    hit@10 : 0.1191    precision@10 : 0.0119
Sat 06 Apr 2024 03:47:03 INFO  epoch 18 training [time: 1.11s, train loss: 10.8415]
Sat 06 Apr 2024 03:47:59 INFO  epoch 18 evaluating [time: 55.62s, valid_score: 0.036200]
Sat 06 Apr 2024 03:47:59 INFO  valid result: 
recall@10 : 0.1153    mrr@10 : 0.0362    ndcg@10 : 0.0539    hit@10 : 0.1184    precision@10 : 0.0118
Sat 06 Apr 2024 03:48:00 INFO  epoch 19 training [time: 1.07s, train loss: 10.7164]
Sat 06 Apr 2024 03:48:55 INFO  epoch 19 evaluating [time: 55.69s, valid_score: 0.036500]
Sat 06 Apr 2024 03:48:55 INFO  valid result: 
recall@10 : 0.1141    mrr@10 : 0.0365    ndcg@10 : 0.0539    hit@10 : 0.1174    precision@10 : 0.0117
Sat 06 Apr 2024 03:48:55 INFO  Finished training, best eval result in epoch 8
Sat 06 Apr 2024 03:48:57 INFO  Loading model structure and parameters from saved/LFM-1b_artist_20U50I_25strat/KGCN/KGCN-Apr-06-2024_03-29-23.pth
Sat 06 Apr 2024 03:50:08 INFO  The running environment of this training is as follows:
+-------------+----------------+
| Environment |     Usage      |
+=============+================+
| CPU         |     1.00 %     |
+-------------+----------------+
| GPU         | 0.16 G/14.58 G |
+-------------+----------------+
| Memory      | 1.45 G/27.41 G |
+-------------+----------------+
Sat 06 Apr 2024 03:50:08 INFO  best valid : OrderedDict([('recall@10', 0.129), ('mrr@10', 0.0419), ('ndcg@10', 0.0613), ('hit@10', 0.1327), ('precision@10', 0.0133)])
Sat 06 Apr 2024 03:50:08 INFO  test result: OrderedDict([('recall@10', 0.1299), ('mrr@10', 0.0423), ('ndcg@10', 0.0621), ('hit@10', 0.1327), ('precision@10', 0.0133)])
Sat 06 Apr 2024 03:50:09 INFO  
General Hyper Parameters:
gpu_id = 0
use_gpu = True
seed = 2020
state = INFO
reproducibility = True
data_path = data/LFM-1b_artist_20U50I_25strat
checkpoint_dir = saved/LFM-1b_artist_20U50I_25strat/KGCN
show_progress = True
save_dataset = False
dataset_save_path = None
save_dataloaders = False
dataloaders_save_path = None
log_wandb = False

Training Hyper Parameters:
epochs = 200
train_batch_size = 2048
learner = adam
learning_rate = 0.001
train_neg_sample_args = {'distribution': 'uniform', 'sample_num': 1, 'dynamic': False, 'candidate_num': 0, 'alpha': 1.0}
eval_step = 1
stopping_step = 10
clip_grad_norm = None
weight_decay = 0.0
loss_decimal_place = 4

Evaluation Hyper Parameters:
eval_args = {'split': {'RS': [0.8, 0.1, 0.1]}, 'order': 'RO', 'group_by': 'user', 'mode': {'valid': 'full', 'test': 'full'}}
repeatable = False
metrics = ['Recall', 'MRR', 'NDCG', 'Hit', 'Precision']
topk = [10]
valid_metric = MRR@10
valid_metric_bigger = True
eval_batch_size = 4096
metric_decimal_place = 4

Dataset Hyper Parameters:
field_separator = 	
seq_separator =  
USER_ID_FIELD = user_id
ITEM_ID_FIELD = item_id
RATING_FIELD = rating
TIME_FIELD = timestamp
seq_len = None
LABEL_FIELD = label
threshold = None
NEG_PREFIX = neg_
load_col = {'inter': ['user_id', 'item_id', 'rating', 'timestamp'], 'kg': ['head_id', 'relation_id', 'tail_id'], 'link': ['item_id', 'entity_id']}
unload_col = None
unused_col = None
additional_feat_suffix = None
rm_dup_inter = None
val_interval = None
filter_inter_by_user_or_item = True
user_inter_num_interval = [0,inf)
item_inter_num_interval = [0,inf)
alias_of_user_id = None
alias_of_item_id = None
alias_of_entity_id = None
alias_of_relation_id = None
preload_weight = None
normalize_field = None
normalize_all = None
ITEM_LIST_LENGTH_FIELD = item_length
LIST_SUFFIX = _list
MAX_ITEM_LIST_LENGTH = 50
POSITION_FIELD = position_id
HEAD_ENTITY_ID_FIELD = head_id
TAIL_ENTITY_ID_FIELD = tail_id
RELATION_ID_FIELD = relation_id
ENTITY_ID_FIELD = entity_id
benchmark_filename = None

Other Hyper Parameters: 
worker = 0
wandb_project = recbole
shuffle = True
require_pow = False
enable_amp = False
enable_scaler = False
transform = None
embedding_size = 64
n_iter = 1
aggregator = sum
reg_weight = 1e-07
neighbor_sample_size = 4
numerical_features = []
discretization = None
kg_reverse_r = False
entity_kg_num_interval = [0,inf)
relation_kg_num_interval = [0,inf)
MODEL_TYPE = ModelType.KNOWLEDGE
encoding = utf-8
device = cuda
my_log_file = /mnt/batch/tasks/shared/LS_root/mounts/clusters/fontanagpu/code/sustainability-of-recsys/log/carbon_default.log
MODEL_INPUT_TYPE = InputType.PAIRWISE
eval_type = EvaluatorType.RANKING
single_spec = True
local_rank = 0
valid_neg_sample_args = {'distribution': 'uniform', 'sample_num': 'none'}
test_neg_sample_args = {'distribution': 'uniform', 'sample_num': 'none'}


Sat 06 Apr 2024 03:50:14 INFO  LFM-1b_artist_20U50I_25strat
The number of users: 17111
Average actions of users: 5.287258912916423
The number of items: 9445
Average actions of items: 9.579097839898347
The number of inters: 90465
The sparsity of the dataset: 99.9440238230253%
Remain Fields: ['entity_id', 'user_id', 'item_id', 'head_id', 'relation_id', 'tail_id']
The number of entities: 32908
The number of relations: 7
The number of triples: 29822
The number of items that have been linked to KG: 9444
Sat 06 Apr 2024 03:50:15 INFO  [Training]: train_batch_size = [2048] train_neg_sample_args: [{'distribution': 'uniform', 'sample_num': 1, 'dynamic': False, 'candidate_num': 0, 'alpha': 1.0}]
Sat 06 Apr 2024 03:50:15 INFO  [Evaluation]: eval_batch_size = [4096] eval_args: [{'split': {'RS': [0.8, 0.1, 0.1]}, 'order': 'RO', 'group_by': 'user', 'mode': {'valid': 'full', 'test': 'full'}}]
Sat 06 Apr 2024 03:50:17 INFO  Loading model structure and parameters from saved/LFM-1b_artist_20U50I_25strat/KGCN/KGCN-Apr-06-2024_03-29-23.pth
