Fri 10 May 2024 00:56:21 INFO  ['src/default_tracker2.py', '--dataset=amazon_books_60core_kg', '--model=KGCN', '--max_emission_step=-1']
Fri 10 May 2024 00:56:21 INFO  
General Hyper Parameters:
gpu_id = 0
use_gpu = True
seed = 2020
state = INFO
reproducibility = True
data_path = data/amazon_books_60core_kg
checkpoint_dir = saved/amazon_books_60core_kg/KGCN
show_progress = True
save_dataset = False
dataset_save_path = None
save_dataloaders = False
dataloaders_save_path = None
log_wandb = False

Training Hyper Parameters:
epochs = 200
train_batch_size = 2048
learner = adam
learning_rate = 0.001
train_neg_sample_args = {'distribution': 'uniform', 'sample_num': 1, 'dynamic': False, 'candidate_num': 0, 'alpha': 1.0}
eval_step = 1
stopping_step = 10
clip_grad_norm = None
weight_decay = 0.0
loss_decimal_place = 4

Evaluation Hyper Parameters:
eval_args = {'split': {'RS': [0.8, 0.1, 0.1]}, 'order': 'RO', 'group_by': 'user', 'mode': {'valid': 'full', 'test': 'full'}}
repeatable = False
metrics = ['Recall', 'MRR', 'NDCG', 'Hit', 'MAP', 'Precision', 'GAUC', 'ItemCoverage', 'AveragePopularity', 'GiniIndex', 'ShannonEntropy', 'TailPercentage']
topk = [10]
valid_metric = MRR@10
valid_metric_bigger = True
eval_batch_size = 4096
metric_decimal_place = 4

Dataset Hyper Parameters:
field_separator = 	
seq_separator =  
USER_ID_FIELD = user_id
ITEM_ID_FIELD = item_id
RATING_FIELD = rating
TIME_FIELD = timestamp
seq_len = None
LABEL_FIELD = label
threshold = None
NEG_PREFIX = neg_
load_col = {'inter': ['user_id', 'item_id', 'rating', 'timestamp'], 'kg': ['head_id', 'relation_id', 'tail_id'], 'link': ['item_id', 'entity_id']}
unload_col = None
unused_col = None
additional_feat_suffix = None
rm_dup_inter = None
val_interval = None
filter_inter_by_user_or_item = True
user_inter_num_interval = [0,inf)
item_inter_num_interval = [0,inf)
alias_of_user_id = None
alias_of_item_id = None
alias_of_entity_id = None
alias_of_relation_id = None
preload_weight = None
normalize_field = None
normalize_all = None
ITEM_LIST_LENGTH_FIELD = item_length
LIST_SUFFIX = _list
MAX_ITEM_LIST_LENGTH = 50
POSITION_FIELD = position_id
HEAD_ENTITY_ID_FIELD = head_id
TAIL_ENTITY_ID_FIELD = tail_id
RELATION_ID_FIELD = relation_id
ENTITY_ID_FIELD = entity_id
benchmark_filename = None

Other Hyper Parameters: 
worker = 0
wandb_project = recbole
shuffle = True
require_pow = False
enable_amp = False
enable_scaler = False
transform = None
embedding_size = 64
n_iter = 1
aggregator = sum
reg_weight = 1e-07
neighbor_sample_size = 4
numerical_features = []
discretization = None
kg_reverse_r = False
entity_kg_num_interval = [0,inf)
relation_kg_num_interval = [0,inf)
MODEL_TYPE = ModelType.KNOWLEDGE
encoding = utf-8
device = cuda:1
my_log_file = /home/fontana/Tesi/log/carbon_default.log
max_emission_step = -1
MODEL_INPUT_TYPE = InputType.PAIRWISE
eval_type = EvaluatorType.RANKING
single_spec = True
local_rank = 0
valid_neg_sample_args = {'distribution': 'uniform', 'sample_num': 'none'}
test_neg_sample_args = {'distribution': 'uniform', 'sample_num': 'none'}


Fri 10 May 2024 00:56:29 INFO  amazon_books_60core_kg
The number of users: 20201
Average actions of users: 17.4280198019802
The number of items: 10879
Average actions of items: 32.36311822026108
The number of inters: 352046
The sparsity of the dataset: 99.83980920055674%
Remain Fields: ['entity_id', 'user_id', 'item_id', 'rating', 'head_id', 'tail_id', 'relation_id']
The number of entities: 26316
The number of relations: 18
The number of triples: 96476
The number of items that have been linked to KG: 10878
Fri 10 May 2024 00:56:31 INFO  [Training]: train_batch_size = [2048] train_neg_sample_args: [{'distribution': 'uniform', 'sample_num': 1, 'dynamic': False, 'candidate_num': 0, 'alpha': 1.0}]
Fri 10 May 2024 00:56:31 INFO  [Evaluation]: eval_batch_size = [4096] eval_args: [{'split': {'RS': [0.8, 0.1, 0.1]}, 'order': 'RO', 'group_by': 'user', 'mode': {'valid': 'full', 'test': 'full'}}]
Fri 10 May 2024 00:56:36 INFO  KGCN(
  (user_embedding): Embedding(20201, 64)
  (entity_embedding): Embedding(26316, 64)
  (relation_embedding): Embedding(19, 64)
  (softmax): Softmax(dim=-1)
  (linear_layers): ModuleList(
    (0): Linear(in_features=64, out_features=64, bias=True)
  )
  (ReLU): ReLU()
  (Tanh): Tanh()
  (bce_loss): BCEWithLogitsLoss()
  (l2_loss): EmbLoss()
)
Trainable parameters: 2982464
Fri 10 May 2024 00:56:36 INFO  FLOPs: 4747.0
Fri 10 May 2024 00:56:45 INFO  epoch 0 training [time: 4.41s, train loss: 95.5340]
Fri 10 May 2024 00:58:44 INFO  epoch 0 evaluating [time: 118.66s, valid_score: 0.014800]
Fri 10 May 2024 00:58:44 INFO  valid result: 
recall@10 : 0.0249    mrr@10 : 0.0148    ndcg@10 : 0.0144    hit@10 : 0.0388    map@10 : 0.0094    precision@10 : 0.0042    gauc : 0.7262    itemcoverage@10 : 0.1443    averagepopularity@10 : 245.7713    giniindex@10 : 0.9916    shannonentropy@10 : 0.0029    tailpercentage@10 : 0.0375
Fri 10 May 2024 00:58:44 INFO  Saving current: saved/amazon_books_60core_kg/KGCN/KGCN-May-10-2024_00-56-36.pth
Fri 10 May 2024 00:58:49 INFO  epoch 1 training [time: 4.49s, train loss: 77.3418]
Fri 10 May 2024 01:00:46 INFO  epoch 1 evaluating [time: 117.93s, valid_score: 0.017500]
Fri 10 May 2024 01:00:46 INFO  valid result: 
recall@10 : 0.0274    mrr@10 : 0.0175    ndcg@10 : 0.0161    hit@10 : 0.0468    map@10 : 0.0101    precision@10 : 0.005    gauc : 0.7971    itemcoverage@10 : 0.0548    averagepopularity@10 : 234.0436    giniindex@10 : 0.9914    shannonentropy@10 : 0.0081    tailpercentage@10 : 0.0204
Fri 10 May 2024 01:00:47 INFO  Saving current: saved/amazon_books_60core_kg/KGCN/KGCN-May-10-2024_00-56-36.pth
Fri 10 May 2024 01:00:51 INFO  epoch 2 training [time: 4.52s, train loss: 68.8336]
Fri 10 May 2024 01:02:50 INFO  epoch 2 evaluating [time: 118.48s, valid_score: 0.018200]
Fri 10 May 2024 01:02:50 INFO  valid result: 
recall@10 : 0.0296    mrr@10 : 0.0182    ndcg@10 : 0.0169    hit@10 : 0.0502    map@10 : 0.0104    precision@10 : 0.0053    gauc : 0.8151    itemcoverage@10 : 0.0679    averagepopularity@10 : 248.7147    giniindex@10 : 0.9918    shannonentropy@10 : 0.0064    tailpercentage@10 : 0.0098
Fri 10 May 2024 01:02:50 INFO  Saving current: saved/amazon_books_60core_kg/KGCN/KGCN-May-10-2024_00-56-36.pth
Fri 10 May 2024 01:02:54 INFO  epoch 3 training [time: 4.26s, train loss: 65.4667]
Fri 10 May 2024 01:04:52 INFO  epoch 3 evaluating [time: 118.00s, valid_score: 0.019300]
Fri 10 May 2024 01:04:52 INFO  valid result: 
recall@10 : 0.0303    mrr@10 : 0.0193    ndcg@10 : 0.0179    hit@10 : 0.052    map@10 : 0.0114    precision@10 : 0.0056    gauc : 0.8275    itemcoverage@10 : 0.0832    averagepopularity@10 : 258.375    giniindex@10 : 0.9918    shannonentropy@10 : 0.0052    tailpercentage@10 : 0.0035
Fri 10 May 2024 01:04:52 INFO  Saving current: saved/amazon_books_60core_kg/KGCN/KGCN-May-10-2024_00-56-36.pth
Fri 10 May 2024 01:04:57 INFO  epoch 4 training [time: 4.61s, train loss: 62.5917]
Fri 10 May 2024 01:06:55 INFO  epoch 4 evaluating [time: 118.24s, valid_score: 0.020000]
Fri 10 May 2024 01:06:55 INFO  valid result: 
recall@10 : 0.0323    mrr@10 : 0.02    ndcg@10 : 0.0187    hit@10 : 0.0547    map@10 : 0.0117    precision@10 : 0.0059    gauc : 0.8367    itemcoverage@10 : 0.0967    averagepopularity@10 : 260.1998    giniindex@10 : 0.9912    shannonentropy@10 : 0.0045    tailpercentage@10 : 0.0019
Fri 10 May 2024 01:06:56 INFO  Saving current: saved/amazon_books_60core_kg/KGCN/KGCN-May-10-2024_00-56-36.pth
Fri 10 May 2024 01:07:00 INFO  epoch 5 training [time: 4.59s, train loss: 60.1192]
Fri 10 May 2024 01:08:59 INFO  epoch 5 evaluating [time: 118.44s, valid_score: 0.021100]
Fri 10 May 2024 01:08:59 INFO  valid result: 
recall@10 : 0.0344    mrr@10 : 0.0211    ndcg@10 : 0.0198    hit@10 : 0.0576    map@10 : 0.0122    precision@10 : 0.0062    gauc : 0.8456    itemcoverage@10 : 0.1138    averagepopularity@10 : 259.6703    giniindex@10 : 0.99    shannonentropy@10 : 0.0039    tailpercentage@10 : 0.0011
Fri 10 May 2024 01:08:59 INFO  Saving current: saved/amazon_books_60core_kg/KGCN/KGCN-May-10-2024_00-56-36.pth
Fri 10 May 2024 01:09:03 INFO  epoch 6 training [time: 4.39s, train loss: 57.7750]
Fri 10 May 2024 01:11:02 INFO  epoch 6 evaluating [time: 118.52s, valid_score: 0.021800]
Fri 10 May 2024 01:11:02 INFO  valid result: 
recall@10 : 0.0355    mrr@10 : 0.0218    ndcg@10 : 0.0205    hit@10 : 0.0607    map@10 : 0.0127    precision@10 : 0.0065    gauc : 0.8543    itemcoverage@10 : 0.1289    averagepopularity@10 : 254.6067    giniindex@10 : 0.9886    shannonentropy@10 : 0.0035    tailpercentage@10 : 0.0006
Fri 10 May 2024 01:11:02 INFO  Saving current: saved/amazon_books_60core_kg/KGCN/KGCN-May-10-2024_00-56-36.pth
Fri 10 May 2024 01:11:06 INFO  epoch 7 training [time: 4.00s, train loss: 55.6191]
Fri 10 May 2024 01:13:04 INFO  epoch 7 evaluating [time: 118.37s, valid_score: 0.023100]
Fri 10 May 2024 01:13:04 INFO  valid result: 
recall@10 : 0.0371    mrr@10 : 0.0231    ndcg@10 : 0.0215    hit@10 : 0.0635    map@10 : 0.0134    precision@10 : 0.0069    gauc : 0.8616    itemcoverage@10 : 0.1396    averagepopularity@10 : 248.1086    giniindex@10 : 0.9869    shannonentropy@10 : 0.0033    tailpercentage@10 : 0.0003
Fri 10 May 2024 01:13:05 INFO  Saving current: saved/amazon_books_60core_kg/KGCN/KGCN-May-10-2024_00-56-36.pth
Fri 10 May 2024 01:13:09 INFO  epoch 8 training [time: 4.53s, train loss: 53.4912]
Fri 10 May 2024 01:15:08 INFO  epoch 8 evaluating [time: 118.44s, valid_score: 0.023600]
Fri 10 May 2024 01:15:08 INFO  valid result: 
recall@10 : 0.0379    mrr@10 : 0.0236    ndcg@10 : 0.0221    hit@10 : 0.0653    map@10 : 0.0138    precision@10 : 0.0071    gauc : 0.8675    itemcoverage@10 : 0.1552    averagepopularity@10 : 235.5464    giniindex@10 : 0.9849    shannonentropy@10 : 0.0031    tailpercentage@10 : 0.0002
Fri 10 May 2024 01:15:08 INFO  Saving current: saved/amazon_books_60core_kg/KGCN/KGCN-May-10-2024_00-56-36.pth
Fri 10 May 2024 01:15:12 INFO  epoch 9 training [time: 4.59s, train loss: 51.8690]
Fri 10 May 2024 01:17:11 INFO  epoch 9 evaluating [time: 118.33s, valid_score: 0.024700]
Fri 10 May 2024 01:17:11 INFO  valid result: 
recall@10 : 0.0399    mrr@10 : 0.0247    ndcg@10 : 0.0231    hit@10 : 0.0687    map@10 : 0.0143    precision@10 : 0.0074    gauc : 0.8713    itemcoverage@10 : 0.157    averagepopularity@10 : 232.8754    giniindex@10 : 0.9837    shannonentropy@10 : 0.0031    tailpercentage@10 : 0.0001
Fri 10 May 2024 01:17:11 INFO  Saving current: saved/amazon_books_60core_kg/KGCN/KGCN-May-10-2024_00-56-36.pth
Fri 10 May 2024 01:17:15 INFO  epoch 10 training [time: 4.26s, train loss: 50.4833]
Fri 10 May 2024 01:19:14 INFO  epoch 10 evaluating [time: 118.44s, valid_score: 0.024700]
Fri 10 May 2024 01:19:14 INFO  valid result: 
recall@10 : 0.0398    mrr@10 : 0.0247    ndcg@10 : 0.0232    hit@10 : 0.0684    map@10 : 0.0146    precision@10 : 0.0074    gauc : 0.8744    itemcoverage@10 : 0.1608    averagepopularity@10 : 229.6759    giniindex@10 : 0.9828    shannonentropy@10 : 0.003    tailpercentage@10 : 0.0002
Fri 10 May 2024 01:19:14 INFO  Saving current: saved/amazon_books_60core_kg/KGCN/KGCN-May-10-2024_00-56-36.pth
Fri 10 May 2024 01:19:18 INFO  epoch 11 training [time: 4.53s, train loss: 49.1555]
Fri 10 May 2024 01:21:17 INFO  epoch 11 evaluating [time: 118.21s, valid_score: 0.025000]
Fri 10 May 2024 01:21:17 INFO  valid result: 
recall@10 : 0.0418    mrr@10 : 0.025    ndcg@10 : 0.024    hit@10 : 0.0708    map@10 : 0.0149    precision@10 : 0.0077    gauc : 0.8771    itemcoverage@10 : 0.1624    averagepopularity@10 : 228.8953    giniindex@10 : 0.982    shannonentropy@10 : 0.003    tailpercentage@10 : 0.0002
Fri 10 May 2024 01:21:17 INFO  Saving current: saved/amazon_books_60core_kg/KGCN/KGCN-May-10-2024_00-56-36.pth
Fri 10 May 2024 01:21:21 INFO  epoch 12 training [time: 4.44s, train loss: 48.0079]
Fri 10 May 2024 01:23:20 INFO  epoch 12 evaluating [time: 118.56s, valid_score: 0.025100]
Fri 10 May 2024 01:23:20 INFO  valid result: 
recall@10 : 0.0429    mrr@10 : 0.0251    ndcg@10 : 0.024    hit@10 : 0.0738    map@10 : 0.0144    precision@10 : 0.008    gauc : 0.8793    itemcoverage@10 : 0.1696    averagepopularity@10 : 224.4904    giniindex@10 : 0.981    shannonentropy@10 : 0.0029    tailpercentage@10 : 0.0002
Fri 10 May 2024 01:23:20 INFO  Saving current: saved/amazon_books_60core_kg/KGCN/KGCN-May-10-2024_00-56-36.pth
Fri 10 May 2024 01:23:25 INFO  epoch 13 training [time: 4.49s, train loss: 47.1477]
Fri 10 May 2024 01:25:25 INFO  epoch 13 evaluating [time: 119.84s, valid_score: 0.025100]
Fri 10 May 2024 01:25:25 INFO  valid result: 
recall@10 : 0.0428    mrr@10 : 0.0251    ndcg@10 : 0.024    hit@10 : 0.0733    map@10 : 0.0145    precision@10 : 0.0079    gauc : 0.8813    itemcoverage@10 : 0.173    averagepopularity@10 : 225.4458    giniindex@10 : 0.9807    shannonentropy@10 : 0.0029    tailpercentage@10 : 0.0002
Fri 10 May 2024 01:25:25 INFO  Saving current: saved/amazon_books_60core_kg/KGCN/KGCN-May-10-2024_00-56-36.pth
Fri 10 May 2024 01:25:29 INFO  epoch 14 training [time: 4.54s, train loss: 46.1724]
Fri 10 May 2024 01:27:27 INFO  epoch 14 evaluating [time: 118.04s, valid_score: 0.025500]
Fri 10 May 2024 01:27:27 INFO  valid result: 
recall@10 : 0.0432    mrr@10 : 0.0255    ndcg@10 : 0.0242    hit@10 : 0.0745    map@10 : 0.0144    precision@10 : 0.0081    gauc : 0.883    itemcoverage@10 : 0.1758    averagepopularity@10 : 221.6867    giniindex@10 : 0.9798    shannonentropy@10 : 0.0029    tailpercentage@10 : 0.0002
Fri 10 May 2024 01:27:28 INFO  Saving current: saved/amazon_books_60core_kg/KGCN/KGCN-May-10-2024_00-56-36.pth
Fri 10 May 2024 01:27:32 INFO  epoch 15 training [time: 4.53s, train loss: 45.1614]
Fri 10 May 2024 01:29:31 INFO  epoch 15 evaluating [time: 118.94s, valid_score: 0.026100]
Fri 10 May 2024 01:29:31 INFO  valid result: 
recall@10 : 0.0439    mrr@10 : 0.0261    ndcg@10 : 0.0248    hit@10 : 0.0753    map@10 : 0.015    precision@10 : 0.0082    gauc : 0.8847    itemcoverage@10 : 0.1807    averagepopularity@10 : 217.1658    giniindex@10 : 0.9786    shannonentropy@10 : 0.0028    tailpercentage@10 : 0.0004
Fri 10 May 2024 01:29:31 INFO  Saving current: saved/amazon_books_60core_kg/KGCN/KGCN-May-10-2024_00-56-36.pth
Fri 10 May 2024 01:29:36 INFO  epoch 16 training [time: 4.49s, train loss: 44.2863]
Fri 10 May 2024 01:31:34 INFO  epoch 16 evaluating [time: 118.43s, valid_score: 0.026600]
Fri 10 May 2024 01:31:34 INFO  valid result: 
recall@10 : 0.0453    mrr@10 : 0.0266    ndcg@10 : 0.0252    hit@10 : 0.0773    map@10 : 0.015    precision@10 : 0.0084    gauc : 0.8863    itemcoverage@10 : 0.1904    averagepopularity@10 : 216.2355    giniindex@10 : 0.9777    shannonentropy@10 : 0.0027    tailpercentage@10 : 0.0005
Fri 10 May 2024 01:31:35 INFO  Saving current: saved/amazon_books_60core_kg/KGCN/KGCN-May-10-2024_00-56-36.pth
Fri 10 May 2024 01:31:39 INFO  epoch 17 training [time: 4.57s, train loss: 43.6443]
Fri 10 May 2024 01:33:37 INFO  epoch 17 evaluating [time: 118.34s, valid_score: 0.026800]
Fri 10 May 2024 01:33:37 INFO  valid result: 
recall@10 : 0.0447    mrr@10 : 0.0268    ndcg@10 : 0.0253    hit@10 : 0.0762    map@10 : 0.0153    precision@10 : 0.0083    gauc : 0.8878    itemcoverage@10 : 0.1945    averagepopularity@10 : 214.1246    giniindex@10 : 0.9769    shannonentropy@10 : 0.0027    tailpercentage@10 : 0.0005
Fri 10 May 2024 01:33:38 INFO  Saving current: saved/amazon_books_60core_kg/KGCN/KGCN-May-10-2024_00-56-36.pth
Fri 10 May 2024 01:33:42 INFO  epoch 18 training [time: 4.66s, train loss: 42.7722]
Fri 10 May 2024 01:35:40 INFO  epoch 18 evaluating [time: 117.70s, valid_score: 0.026600]
Fri 10 May 2024 01:35:40 INFO  valid result: 
recall@10 : 0.0456    mrr@10 : 0.0266    ndcg@10 : 0.0253    hit@10 : 0.078    map@10 : 0.015    precision@10 : 0.0084    gauc : 0.8896    itemcoverage@10 : 0.2058    averagepopularity@10 : 210.7945    giniindex@10 : 0.9751    shannonentropy@10 : 0.0025    tailpercentage@10 : 0.0005
Fri 10 May 2024 01:35:45 INFO  epoch 19 training [time: 4.67s, train loss: 42.0938]
Fri 10 May 2024 01:37:43 INFO  epoch 19 evaluating [time: 118.24s, valid_score: 0.027300]
Fri 10 May 2024 01:37:43 INFO  valid result: 
recall@10 : 0.0465    mrr@10 : 0.0273    ndcg@10 : 0.026    hit@10 : 0.0796    map@10 : 0.0155    precision@10 : 0.0087    gauc : 0.891    itemcoverage@10 : 0.2143    averagepopularity@10 : 208.7801    giniindex@10 : 0.9744    shannonentropy@10 : 0.0025    tailpercentage@10 : 0.0006
Fri 10 May 2024 01:37:43 INFO  Saving current: saved/amazon_books_60core_kg/KGCN/KGCN-May-10-2024_00-56-36.pth
Fri 10 May 2024 01:37:48 INFO  epoch 20 training [time: 4.55s, train loss: 41.3410]
Fri 10 May 2024 01:39:46 INFO  epoch 20 evaluating [time: 118.26s, valid_score: 0.028800]
Fri 10 May 2024 01:39:46 INFO  valid result: 
recall@10 : 0.0465    mrr@10 : 0.0288    ndcg@10 : 0.0266    hit@10 : 0.0802    map@10 : 0.0162    precision@10 : 0.0088    gauc : 0.8925    itemcoverage@10 : 0.2224    averagepopularity@10 : 207.3178    giniindex@10 : 0.9734    shannonentropy@10 : 0.0024    tailpercentage@10 : 0.0005
Fri 10 May 2024 01:39:46 INFO  Saving current: saved/amazon_books_60core_kg/KGCN/KGCN-May-10-2024_00-56-36.pth
Fri 10 May 2024 01:39:51 INFO  epoch 21 training [time: 4.71s, train loss: 40.5158]
Fri 10 May 2024 01:41:49 INFO  epoch 21 evaluating [time: 118.50s, valid_score: 0.028200]
Fri 10 May 2024 01:41:49 INFO  valid result: 
recall@10 : 0.0473    mrr@10 : 0.0282    ndcg@10 : 0.0265    hit@10 : 0.081    map@10 : 0.0158    precision@10 : 0.0089    gauc : 0.8933    itemcoverage@10 : 0.232    averagepopularity@10 : 202.2149    giniindex@10 : 0.971    shannonentropy@10 : 0.0023    tailpercentage@10 : 0.0005
Fri 10 May 2024 01:41:54 INFO  epoch 22 training [time: 4.55s, train loss: 39.8707]
Fri 10 May 2024 01:43:53 INFO  epoch 22 evaluating [time: 118.71s, valid_score: 0.029200]
Fri 10 May 2024 01:43:53 INFO  valid result: 
recall@10 : 0.0485    mrr@10 : 0.0292    ndcg@10 : 0.0274    hit@10 : 0.0832    map@10 : 0.0165    precision@10 : 0.0091    gauc : 0.8947    itemcoverage@10 : 0.2462    averagepopularity@10 : 199.7212    giniindex@10 : 0.9693    shannonentropy@10 : 0.0022    tailpercentage@10 : 0.0005
Fri 10 May 2024 01:43:53 INFO  Saving current: saved/amazon_books_60core_kg/KGCN/KGCN-May-10-2024_00-56-36.pth
Fri 10 May 2024 01:43:58 INFO  epoch 23 training [time: 4.58s, train loss: 39.4352]
Fri 10 May 2024 01:45:56 INFO  epoch 23 evaluating [time: 118.55s, valid_score: 0.029500]
Fri 10 May 2024 01:45:56 INFO  valid result: 
recall@10 : 0.0498    mrr@10 : 0.0295    ndcg@10 : 0.0281    hit@10 : 0.0852    map@10 : 0.017    precision@10 : 0.0093    gauc : 0.8954    itemcoverage@10 : 0.2518    averagepopularity@10 : 199.5506    giniindex@10 : 0.9683    shannonentropy@10 : 0.0022    tailpercentage@10 : 0.0005
Fri 10 May 2024 01:45:56 INFO  Saving current: saved/amazon_books_60core_kg/KGCN/KGCN-May-10-2024_00-56-36.pth
Fri 10 May 2024 01:46:01 INFO  epoch 24 training [time: 4.44s, train loss: 38.8460]
Fri 10 May 2024 01:47:59 INFO  epoch 24 evaluating [time: 117.99s, valid_score: 0.029900]
Fri 10 May 2024 01:47:59 INFO  valid result: 
recall@10 : 0.0486    mrr@10 : 0.0299    ndcg@10 : 0.0281    hit@10 : 0.0836    map@10 : 0.0172    precision@10 : 0.0092    gauc : 0.8963    itemcoverage@10 : 0.2604    averagepopularity@10 : 196.7196    giniindex@10 : 0.9667    shannonentropy@10 : 0.0021    tailpercentage@10 : 0.0005
Fri 10 May 2024 01:47:59 INFO  Saving current: saved/amazon_books_60core_kg/KGCN/KGCN-May-10-2024_00-56-36.pth
Fri 10 May 2024 01:48:04 INFO  epoch 25 training [time: 4.66s, train loss: 38.1564]
Fri 10 May 2024 01:50:02 INFO  epoch 25 evaluating [time: 118.40s, valid_score: 0.030100]
Fri 10 May 2024 01:50:02 INFO  valid result: 
recall@10 : 0.0489    mrr@10 : 0.0301    ndcg@10 : 0.0281    hit@10 : 0.0844    map@10 : 0.0171    precision@10 : 0.0093    gauc : 0.8972    itemcoverage@10 : 0.268    averagepopularity@10 : 195.7173    giniindex@10 : 0.9652    shannonentropy@10 : 0.0021    tailpercentage@10 : 0.0005
Fri 10 May 2024 01:50:02 INFO  Saving current: saved/amazon_books_60core_kg/KGCN/KGCN-May-10-2024_00-56-36.pth
Fri 10 May 2024 01:50:07 INFO  epoch 26 training [time: 4.61s, train loss: 37.4961]
Fri 10 May 2024 01:52:06 INFO  epoch 26 evaluating [time: 118.56s, valid_score: 0.031000]
Fri 10 May 2024 01:52:06 INFO  valid result: 
recall@10 : 0.0512    mrr@10 : 0.031    ndcg@10 : 0.0292    hit@10 : 0.0875    map@10 : 0.0177    precision@10 : 0.0096    gauc : 0.8979    itemcoverage@10 : 0.2802    averagepopularity@10 : 192.1731    giniindex@10 : 0.9633    shannonentropy@10 : 0.002    tailpercentage@10 : 0.0005
Fri 10 May 2024 01:52:06 INFO  Saving current: saved/amazon_books_60core_kg/KGCN/KGCN-May-10-2024_00-56-36.pth
Fri 10 May 2024 01:52:10 INFO  epoch 27 training [time: 4.63s, train loss: 37.0519]
Fri 10 May 2024 01:54:09 INFO  epoch 27 evaluating [time: 118.34s, valid_score: 0.031800]
Fri 10 May 2024 01:54:09 INFO  valid result: 
recall@10 : 0.0513    mrr@10 : 0.0318    ndcg@10 : 0.0298    hit@10 : 0.0878    map@10 : 0.0184    precision@10 : 0.0097    gauc : 0.8986    itemcoverage@10 : 0.2882    averagepopularity@10 : 192.5201    giniindex@10 : 0.9616    shannonentropy@10 : 0.0019    tailpercentage@10 : 0.0006
Fri 10 May 2024 01:54:09 INFO  Saving current: saved/amazon_books_60core_kg/KGCN/KGCN-May-10-2024_00-56-36.pth
Fri 10 May 2024 01:54:13 INFO  epoch 28 training [time: 4.23s, train loss: 36.4226]
Fri 10 May 2024 01:56:13 INFO  epoch 28 evaluating [time: 119.23s, valid_score: 0.031100]
Fri 10 May 2024 01:56:13 INFO  valid result: 
recall@10 : 0.0506    mrr@10 : 0.0311    ndcg@10 : 0.0293    hit@10 : 0.086    map@10 : 0.0182    precision@10 : 0.0095    gauc : 0.8993    itemcoverage@10 : 0.2963    averagepopularity@10 : 188.322    giniindex@10 : 0.96    shannonentropy@10 : 0.0019    tailpercentage@10 : 0.0006
Fri 10 May 2024 01:56:17 INFO  epoch 29 training [time: 4.04s, train loss: 35.8977]
Fri 10 May 2024 01:58:15 INFO  epoch 29 evaluating [time: 118.32s, valid_score: 0.031300]
Fri 10 May 2024 01:58:15 INFO  valid result: 
recall@10 : 0.0506    mrr@10 : 0.0313    ndcg@10 : 0.0294    hit@10 : 0.0879    map@10 : 0.0181    precision@10 : 0.0097    gauc : 0.8999    itemcoverage@10 : 0.3035    averagepopularity@10 : 187.5666    giniindex@10 : 0.9578    shannonentropy@10 : 0.0019    tailpercentage@10 : 0.0006
Fri 10 May 2024 01:58:19 INFO  epoch 30 training [time: 4.60s, train loss: 35.6585]
Fri 10 May 2024 02:00:18 INFO  epoch 30 evaluating [time: 118.13s, valid_score: 0.031500]
Fri 10 May 2024 02:00:18 INFO  valid result: 
recall@10 : 0.0517    mrr@10 : 0.0315    ndcg@10 : 0.0297    hit@10 : 0.0882    map@10 : 0.0183    precision@10 : 0.0098    gauc : 0.9004    itemcoverage@10 : 0.3157    averagepopularity@10 : 185.4338    giniindex@10 : 0.9555    shannonentropy@10 : 0.0018    tailpercentage@10 : 0.0007
Fri 10 May 2024 02:00:22 INFO  epoch 31 training [time: 4.54s, train loss: 35.2613]
Fri 10 May 2024 02:02:21 INFO  epoch 31 evaluating [time: 118.89s, valid_score: 0.032600]
Fri 10 May 2024 02:02:21 INFO  valid result: 
recall@10 : 0.0512    mrr@10 : 0.0326    ndcg@10 : 0.0301    hit@10 : 0.0889    map@10 : 0.0187    precision@10 : 0.0098    gauc : 0.9009    itemcoverage@10 : 0.3247    averagepopularity@10 : 184.1781    giniindex@10 : 0.9545    shannonentropy@10 : 0.0018    tailpercentage@10 : 0.0008
Fri 10 May 2024 02:02:21 INFO  Saving current: saved/amazon_books_60core_kg/KGCN/KGCN-May-10-2024_00-56-36.pth
Fri 10 May 2024 02:02:26 INFO  epoch 32 training [time: 4.68s, train loss: 34.6519]
Fri 10 May 2024 02:04:25 INFO  epoch 32 evaluating [time: 118.83s, valid_score: 0.032200]
Fri 10 May 2024 02:04:25 INFO  valid result: 
recall@10 : 0.0526    mrr@10 : 0.0322    ndcg@10 : 0.0301    hit@10 : 0.0905    map@10 : 0.0183    precision@10 : 0.01    gauc : 0.9013    itemcoverage@10 : 0.331    averagepopularity@10 : 182.7411    giniindex@10 : 0.9536    shannonentropy@10 : 0.0017    tailpercentage@10 : 0.0008
Fri 10 May 2024 02:04:29 INFO  epoch 33 training [time: 4.47s, train loss: 34.2082]
Fri 10 May 2024 02:06:28 INFO  epoch 33 evaluating [time: 118.40s, valid_score: 0.032500]
Fri 10 May 2024 02:06:28 INFO  valid result: 
recall@10 : 0.0529    mrr@10 : 0.0325    ndcg@10 : 0.0304    hit@10 : 0.0906    map@10 : 0.0186    precision@10 : 0.0099    gauc : 0.9017    itemcoverage@10 : 0.3414    averagepopularity@10 : 179.61    giniindex@10 : 0.9512    shannonentropy@10 : 0.0017    tailpercentage@10 : 0.0009
Fri 10 May 2024 02:06:32 INFO  epoch 34 training [time: 4.52s, train loss: 33.7650]
Fri 10 May 2024 02:08:31 INFO  epoch 34 evaluating [time: 118.88s, valid_score: 0.033800]
Fri 10 May 2024 02:08:31 INFO  valid result: 
recall@10 : 0.0529    mrr@10 : 0.0338    ndcg@10 : 0.0313    hit@10 : 0.0914    map@10 : 0.0196    precision@10 : 0.0101    gauc : 0.9021    itemcoverage@10 : 0.3462    averagepopularity@10 : 181.3515    giniindex@10 : 0.9504    shannonentropy@10 : 0.0017    tailpercentage@10 : 0.001
Fri 10 May 2024 02:08:31 INFO  Saving current: saved/amazon_books_60core_kg/KGCN/KGCN-May-10-2024_00-56-36.pth
Fri 10 May 2024 02:08:36 INFO  epoch 35 training [time: 4.49s, train loss: 33.3430]
Fri 10 May 2024 02:10:35 INFO  epoch 35 evaluating [time: 119.31s, valid_score: 0.033700]
Fri 10 May 2024 02:10:35 INFO  valid result: 
recall@10 : 0.0547    mrr@10 : 0.0337    ndcg@10 : 0.0318    hit@10 : 0.0929    map@10 : 0.0197    precision@10 : 0.0103    gauc : 0.9026    itemcoverage@10 : 0.3596    averagepopularity@10 : 178.0807    giniindex@10 : 0.9482    shannonentropy@10 : 0.0016    tailpercentage@10 : 0.0009
Fri 10 May 2024 02:10:40 INFO  epoch 36 training [time: 4.51s, train loss: 32.9298]
Fri 10 May 2024 02:12:38 INFO  epoch 36 evaluating [time: 118.72s, valid_score: 0.034400]
Fri 10 May 2024 02:12:38 INFO  valid result: 
recall@10 : 0.0557    mrr@10 : 0.0344    ndcg@10 : 0.0324    hit@10 : 0.0941    map@10 : 0.0202    precision@10 : 0.0104    gauc : 0.9029    itemcoverage@10 : 0.3676    averagepopularity@10 : 176.8391    giniindex@10 : 0.9459    shannonentropy@10 : 0.0016    tailpercentage@10 : 0.001
Fri 10 May 2024 02:12:39 INFO  Saving current: saved/amazon_books_60core_kg/KGCN/KGCN-May-10-2024_00-56-36.pth
Fri 10 May 2024 02:12:43 INFO  epoch 37 training [time: 4.61s, train loss: 32.6746]
Fri 10 May 2024 02:14:42 INFO  epoch 37 evaluating [time: 118.55s, valid_score: 0.034000]
Fri 10 May 2024 02:14:42 INFO  valid result: 
recall@10 : 0.0551    mrr@10 : 0.034    ndcg@10 : 0.032    hit@10 : 0.0932    map@10 : 0.0199    precision@10 : 0.0103    gauc : 0.9031    itemcoverage@10 : 0.3766    averagepopularity@10 : 174.9514    giniindex@10 : 0.9442    shannonentropy@10 : 0.0016    tailpercentage@10 : 0.001
Fri 10 May 2024 02:14:46 INFO  epoch 38 training [time: 4.52s, train loss: 32.1701]
Fri 10 May 2024 02:16:45 INFO  epoch 38 evaluating [time: 118.74s, valid_score: 0.033200]
Fri 10 May 2024 02:16:45 INFO  valid result: 
recall@10 : 0.0543    mrr@10 : 0.0332    ndcg@10 : 0.0313    hit@10 : 0.093    map@10 : 0.0192    precision@10 : 0.0103    gauc : 0.9033    itemcoverage@10 : 0.3828    averagepopularity@10 : 172.5023    giniindex@10 : 0.9423    shannonentropy@10 : 0.0016    tailpercentage@10 : 0.0009
Fri 10 May 2024 02:16:50 INFO  epoch 39 training [time: 4.52s, train loss: 31.8443]
Fri 10 May 2024 02:18:48 INFO  epoch 39 evaluating [time: 118.93s, valid_score: 0.032800]
Fri 10 May 2024 02:18:48 INFO  valid result: 
recall@10 : 0.0547    mrr@10 : 0.0328    ndcg@10 : 0.0312    hit@10 : 0.0931    map@10 : 0.0191    precision@10 : 0.0103    gauc : 0.9035    itemcoverage@10 : 0.3959    averagepopularity@10 : 172.6683    giniindex@10 : 0.9405    shannonentropy@10 : 0.0015    tailpercentage@10 : 0.0009
Fri 10 May 2024 02:18:53 INFO  epoch 40 training [time: 4.49s, train loss: 31.5047]
Fri 10 May 2024 02:20:51 INFO  epoch 40 evaluating [time: 118.52s, valid_score: 0.034100]
Fri 10 May 2024 02:20:51 INFO  valid result: 
recall@10 : 0.0568    mrr@10 : 0.0341    ndcg@10 : 0.0325    hit@10 : 0.0963    map@10 : 0.02    precision@10 : 0.0106    gauc : 0.9038    itemcoverage@10 : 0.4058    averagepopularity@10 : 172.8456    giniindex@10 : 0.9389    shannonentropy@10 : 0.0015    tailpercentage@10 : 0.0009
Fri 10 May 2024 02:20:56 INFO  epoch 41 training [time: 4.59s, train loss: 31.2288]
Fri 10 May 2024 02:22:55 INFO  epoch 41 evaluating [time: 118.46s, valid_score: 0.035200]
Fri 10 May 2024 02:22:55 INFO  valid result: 
recall@10 : 0.0574    mrr@10 : 0.0352    ndcg@10 : 0.0332    hit@10 : 0.0971    map@10 : 0.0206    precision@10 : 0.0108    gauc : 0.9041    itemcoverage@10 : 0.4124    averagepopularity@10 : 171.3137    giniindex@10 : 0.9368    shannonentropy@10 : 0.0015    tailpercentage@10 : 0.0009
Fri 10 May 2024 02:22:55 INFO  Saving current: saved/amazon_books_60core_kg/KGCN/KGCN-May-10-2024_00-56-36.pth
Fri 10 May 2024 02:22:59 INFO  epoch 42 training [time: 4.65s, train loss: 30.8329]
Fri 10 May 2024 02:24:58 INFO  epoch 42 evaluating [time: 118.61s, valid_score: 0.035900]
Fri 10 May 2024 02:24:58 INFO  valid result: 
recall@10 : 0.0575    mrr@10 : 0.0359    ndcg@10 : 0.0334    hit@10 : 0.0968    map@10 : 0.0209    precision@10 : 0.0106    gauc : 0.9044    itemcoverage@10 : 0.4199    averagepopularity@10 : 171.5766    giniindex@10 : 0.9354    shannonentropy@10 : 0.0014    tailpercentage@10 : 0.001
Fri 10 May 2024 02:24:58 INFO  Saving current: saved/amazon_books_60core_kg/KGCN/KGCN-May-10-2024_00-56-36.pth
Fri 10 May 2024 02:25:03 INFO  epoch 43 training [time: 4.52s, train loss: 30.5207]
Fri 10 May 2024 02:27:02 INFO  epoch 43 evaluating [time: 118.83s, valid_score: 0.035500]
Fri 10 May 2024 02:27:02 INFO  valid result: 
recall@10 : 0.0571    mrr@10 : 0.0355    ndcg@10 : 0.0332    hit@10 : 0.0966    map@10 : 0.0207    precision@10 : 0.0107    gauc : 0.9047    itemcoverage@10 : 0.4204    averagepopularity@10 : 170.4031    giniindex@10 : 0.9341    shannonentropy@10 : 0.0014    tailpercentage@10 : 0.0011
Fri 10 May 2024 02:27:06 INFO  epoch 44 training [time: 4.55s, train loss: 30.0492]
Fri 10 May 2024 02:29:05 INFO  epoch 44 evaluating [time: 118.68s, valid_score: 0.034700]
Fri 10 May 2024 02:29:05 INFO  valid result: 
recall@10 : 0.0563    mrr@10 : 0.0347    ndcg@10 : 0.0326    hit@10 : 0.0953    map@10 : 0.0202    precision@10 : 0.0105    gauc : 0.9049    itemcoverage@10 : 0.4348    averagepopularity@10 : 167.4906    giniindex@10 : 0.9314    shannonentropy@10 : 0.0014    tailpercentage@10 : 0.0012
Fri 10 May 2024 02:29:09 INFO  epoch 45 training [time: 4.57s, train loss: 30.0031]
Fri 10 May 2024 02:31:08 INFO  epoch 45 evaluating [time: 118.65s, valid_score: 0.035000]
Fri 10 May 2024 02:31:08 INFO  valid result: 
recall@10 : 0.0572    mrr@10 : 0.035    ndcg@10 : 0.033    hit@10 : 0.097    map@10 : 0.0205    precision@10 : 0.0107    gauc : 0.9051    itemcoverage@10 : 0.4428    averagepopularity@10 : 168.8057    giniindex@10 : 0.9298    shannonentropy@10 : 0.0014    tailpercentage@10 : 0.001
Fri 10 May 2024 02:31:12 INFO  epoch 46 training [time: 3.82s, train loss: 29.5651]
Fri 10 May 2024 02:33:11 INFO  epoch 46 evaluating [time: 118.99s, valid_score: 0.036200]
Fri 10 May 2024 02:33:11 INFO  valid result: 
recall@10 : 0.0574    mrr@10 : 0.0362    ndcg@10 : 0.0338    hit@10 : 0.0975    map@10 : 0.0213    precision@10 : 0.0107    gauc : 0.9052    itemcoverage@10 : 0.4489    averagepopularity@10 : 165.4861    giniindex@10 : 0.9274    shannonentropy@10 : 0.0014    tailpercentage@10 : 0.0011
Fri 10 May 2024 02:33:11 INFO  Saving current: saved/amazon_books_60core_kg/KGCN/KGCN-May-10-2024_00-56-36.pth
Fri 10 May 2024 02:33:15 INFO  epoch 47 training [time: 4.22s, train loss: 29.2138]
Fri 10 May 2024 02:35:14 INFO  epoch 47 evaluating [time: 118.83s, valid_score: 0.036000]
Fri 10 May 2024 02:35:14 INFO  valid result: 
recall@10 : 0.0591    mrr@10 : 0.036    ndcg@10 : 0.0342    hit@10 : 0.0992    map@10 : 0.0213    precision@10 : 0.0109    gauc : 0.9052    itemcoverage@10 : 0.4555    averagepopularity@10 : 163.9494    giniindex@10 : 0.9258    shannonentropy@10 : 0.0014    tailpercentage@10 : 0.0012
Fri 10 May 2024 02:35:19 INFO  epoch 48 training [time: 4.69s, train loss: 28.9137]
Fri 10 May 2024 02:37:18 INFO  epoch 48 evaluating [time: 119.04s, valid_score: 0.036400]
Fri 10 May 2024 02:37:18 INFO  valid result: 
recall@10 : 0.0593    mrr@10 : 0.0364    ndcg@10 : 0.0343    hit@10 : 0.1001    map@10 : 0.0213    precision@10 : 0.011    gauc : 0.9052    itemcoverage@10 : 0.46    averagepopularity@10 : 164.0939    giniindex@10 : 0.9247    shannonentropy@10 : 0.0013    tailpercentage@10 : 0.0012
Fri 10 May 2024 02:37:18 INFO  Saving current: saved/amazon_books_60core_kg/KGCN/KGCN-May-10-2024_00-56-36.pth
Fri 10 May 2024 02:37:23 INFO  epoch 49 training [time: 4.58s, train loss: 28.6742]
Fri 10 May 2024 02:39:22 INFO  epoch 49 evaluating [time: 119.48s, valid_score: 0.036500]
Fri 10 May 2024 02:39:22 INFO  valid result: 
recall@10 : 0.0584    mrr@10 : 0.0365    ndcg@10 : 0.0341    hit@10 : 0.0988    map@10 : 0.0212    precision@10 : 0.0109    gauc : 0.9053    itemcoverage@10 : 0.4668    averagepopularity@10 : 161.6373    giniindex@10 : 0.9228    shannonentropy@10 : 0.0013    tailpercentage@10 : 0.0012
Fri 10 May 2024 02:39:23 INFO  Saving current: saved/amazon_books_60core_kg/KGCN/KGCN-May-10-2024_00-56-36.pth
Fri 10 May 2024 02:39:27 INFO  epoch 50 training [time: 4.62s, train loss: 28.4012]
Fri 10 May 2024 02:41:26 INFO  epoch 50 evaluating [time: 119.22s, valid_score: 0.036800]
Fri 10 May 2024 02:41:26 INFO  valid result: 
recall@10 : 0.0594    mrr@10 : 0.0368    ndcg@10 : 0.0345    hit@10 : 0.0997    map@10 : 0.0215    precision@10 : 0.011    gauc : 0.9054    itemcoverage@10 : 0.4739    averagepopularity@10 : 161.7093    giniindex@10 : 0.9212    shannonentropy@10 : 0.0013    tailpercentage@10 : 0.0011
Fri 10 May 2024 02:41:27 INFO  Saving current: saved/amazon_books_60core_kg/KGCN/KGCN-May-10-2024_00-56-36.pth
Fri 10 May 2024 02:41:31 INFO  epoch 51 training [time: 4.58s, train loss: 28.2224]
Fri 10 May 2024 02:43:30 INFO  epoch 51 evaluating [time: 118.73s, valid_score: 0.037100]
Fri 10 May 2024 02:43:30 INFO  valid result: 
recall@10 : 0.0608    mrr@10 : 0.0371    ndcg@10 : 0.0351    hit@10 : 0.1012    map@10 : 0.0219    precision@10 : 0.0112    gauc : 0.9056    itemcoverage@10 : 0.4774    averagepopularity@10 : 163.235    giniindex@10 : 0.92    shannonentropy@10 : 0.0013    tailpercentage@10 : 0.0012
Fri 10 May 2024 02:43:30 INFO  Saving current: saved/amazon_books_60core_kg/KGCN/KGCN-May-10-2024_00-56-36.pth
Fri 10 May 2024 02:43:35 INFO  epoch 52 training [time: 4.52s, train loss: 27.8229]
Fri 10 May 2024 02:45:34 INFO  epoch 52 evaluating [time: 119.31s, valid_score: 0.036900]
Fri 10 May 2024 02:45:34 INFO  valid result: 
recall@10 : 0.0609    mrr@10 : 0.0369    ndcg@10 : 0.035    hit@10 : 0.1011    map@10 : 0.0219    precision@10 : 0.0112    gauc : 0.9056    itemcoverage@10 : 0.4916    averagepopularity@10 : 158.7942    giniindex@10 : 0.9165    shannonentropy@10 : 0.0013    tailpercentage@10 : 0.0011
Fri 10 May 2024 02:45:38 INFO  epoch 53 training [time: 4.07s, train loss: 27.5732]
Fri 10 May 2024 02:47:37 INFO  epoch 53 evaluating [time: 119.35s, valid_score: 0.036300]
Fri 10 May 2024 02:47:37 INFO  valid result: 
recall@10 : 0.0604    mrr@10 : 0.0363    ndcg@10 : 0.0346    hit@10 : 0.1007    map@10 : 0.0214    precision@10 : 0.0111    gauc : 0.9058    itemcoverage@10 : 0.4977    averagepopularity@10 : 159.5805    giniindex@10 : 0.9152    shannonentropy@10 : 0.0013    tailpercentage@10 : 0.0012
Fri 10 May 2024 02:47:42 INFO  epoch 54 training [time: 4.61s, train loss: 27.2952]
Fri 10 May 2024 02:49:41 INFO  epoch 54 evaluating [time: 118.83s, valid_score: 0.037100]
Fri 10 May 2024 02:49:41 INFO  valid result: 
recall@10 : 0.0596    mrr@10 : 0.0371    ndcg@10 : 0.0349    hit@10 : 0.0994    map@10 : 0.022    precision@10 : 0.011    gauc : 0.9058    itemcoverage@10 : 0.5024    averagepopularity@10 : 159.001    giniindex@10 : 0.9134    shannonentropy@10 : 0.0013    tailpercentage@10 : 0.0013
Fri 10 May 2024 02:49:41 INFO  Saving current: saved/amazon_books_60core_kg/KGCN/KGCN-May-10-2024_00-56-36.pth
Fri 10 May 2024 02:49:46 INFO  epoch 55 training [time: 4.67s, train loss: 26.9784]
Fri 10 May 2024 02:51:45 INFO  epoch 55 evaluating [time: 118.89s, valid_score: 0.037000]
Fri 10 May 2024 02:51:45 INFO  valid result: 
recall@10 : 0.0595    mrr@10 : 0.037    ndcg@10 : 0.0349    hit@10 : 0.0993    map@10 : 0.0221    precision@10 : 0.011    gauc : 0.9057    itemcoverage@10 : 0.5096    averagepopularity@10 : 158.1566    giniindex@10 : 0.9119    shannonentropy@10 : 0.0012    tailpercentage@10 : 0.0014
Fri 10 May 2024 02:51:49 INFO  epoch 56 training [time: 4.69s, train loss: 26.7821]
Fri 10 May 2024 02:53:48 INFO  epoch 56 evaluating [time: 119.16s, valid_score: 0.037300]
Fri 10 May 2024 02:53:48 INFO  valid result: 
recall@10 : 0.0611    mrr@10 : 0.0373    ndcg@10 : 0.0354    hit@10 : 0.1016    map@10 : 0.0221    precision@10 : 0.0112    gauc : 0.9058    itemcoverage@10 : 0.5136    averagepopularity@10 : 156.3449    giniindex@10 : 0.9091    shannonentropy@10 : 0.0012    tailpercentage@10 : 0.0013
Fri 10 May 2024 02:53:49 INFO  Saving current: saved/amazon_books_60core_kg/KGCN/KGCN-May-10-2024_00-56-36.pth
Fri 10 May 2024 02:53:53 INFO  epoch 57 training [time: 4.57s, train loss: 26.7492]
Fri 10 May 2024 02:55:53 INFO  epoch 57 evaluating [time: 119.22s, valid_score: 0.037300]
Fri 10 May 2024 02:55:53 INFO  valid result: 
recall@10 : 0.0609    mrr@10 : 0.0373    ndcg@10 : 0.0353    hit@10 : 0.1013    map@10 : 0.0222    precision@10 : 0.0111    gauc : 0.906    itemcoverage@10 : 0.5182    averagepopularity@10 : 157.3747    giniindex@10 : 0.908    shannonentropy@10 : 0.0012    tailpercentage@10 : 0.0012
Fri 10 May 2024 02:55:53 INFO  Saving current: saved/amazon_books_60core_kg/KGCN/KGCN-May-10-2024_00-56-36.pth
Fri 10 May 2024 02:55:57 INFO  epoch 58 training [time: 4.65s, train loss: 26.3217]
Fri 10 May 2024 02:57:56 INFO  epoch 58 evaluating [time: 118.83s, valid_score: 0.038300]
Fri 10 May 2024 02:57:56 INFO  valid result: 
recall@10 : 0.0617    mrr@10 : 0.0383    ndcg@10 : 0.0362    hit@10 : 0.1028    map@10 : 0.023    precision@10 : 0.0114    gauc : 0.906    itemcoverage@10 : 0.5225    averagepopularity@10 : 155.9495    giniindex@10 : 0.906    shannonentropy@10 : 0.0012    tailpercentage@10 : 0.0011
Fri 10 May 2024 02:57:57 INFO  Saving current: saved/amazon_books_60core_kg/KGCN/KGCN-May-10-2024_00-56-36.pth
Fri 10 May 2024 02:58:01 INFO  epoch 59 training [time: 4.77s, train loss: 26.0203]
Fri 10 May 2024 03:00:00 INFO  epoch 59 evaluating [time: 118.66s, valid_score: 0.037900]
Fri 10 May 2024 03:00:00 INFO  valid result: 
recall@10 : 0.0613    mrr@10 : 0.0379    ndcg@10 : 0.0359    hit@10 : 0.1022    map@10 : 0.0227    precision@10 : 0.0113    gauc : 0.9061    itemcoverage@10 : 0.5285    averagepopularity@10 : 155.0847    giniindex@10 : 0.9045    shannonentropy@10 : 0.0012    tailpercentage@10 : 0.0012
Fri 10 May 2024 03:00:05 INFO  epoch 60 training [time: 4.63s, train loss: 25.7762]
Fri 10 May 2024 03:02:04 INFO  epoch 60 evaluating [time: 118.95s, valid_score: 0.038400]
Fri 10 May 2024 03:02:04 INFO  valid result: 
recall@10 : 0.0608    mrr@10 : 0.0384    ndcg@10 : 0.036    hit@10 : 0.1009    map@10 : 0.023    precision@10 : 0.0112    gauc : 0.9062    itemcoverage@10 : 0.5307    averagepopularity@10 : 155.7267    giniindex@10 : 0.9037    shannonentropy@10 : 0.0012    tailpercentage@10 : 0.0012
Fri 10 May 2024 03:02:04 INFO  Saving current: saved/amazon_books_60core_kg/KGCN/KGCN-May-10-2024_00-56-36.pth
Fri 10 May 2024 03:02:09 INFO  epoch 61 training [time: 4.70s, train loss: 25.4631]
Fri 10 May 2024 03:04:07 INFO  epoch 61 evaluating [time: 118.93s, valid_score: 0.038000]
Fri 10 May 2024 03:04:07 INFO  valid result: 
recall@10 : 0.0609    mrr@10 : 0.038    ndcg@10 : 0.0357    hit@10 : 0.1012    map@10 : 0.0225    precision@10 : 0.0112    gauc : 0.9062    itemcoverage@10 : 0.5366    averagepopularity@10 : 152.7921    giniindex@10 : 0.9006    shannonentropy@10 : 0.0012    tailpercentage@10 : 0.0011
Fri 10 May 2024 03:04:12 INFO  epoch 62 training [time: 4.54s, train loss: 25.3896]
Fri 10 May 2024 03:06:11 INFO  epoch 62 evaluating [time: 119.44s, valid_score: 0.038600]
Fri 10 May 2024 03:06:11 INFO  valid result: 
recall@10 : 0.0625    mrr@10 : 0.0386    ndcg@10 : 0.0365    hit@10 : 0.1039    map@10 : 0.023    precision@10 : 0.0115    gauc : 0.9062    itemcoverage@10 : 0.5353    averagepopularity@10 : 155.5276    giniindex@10 : 0.9013    shannonentropy@10 : 0.0012    tailpercentage@10 : 0.0012
Fri 10 May 2024 03:06:12 INFO  Saving current: saved/amazon_books_60core_kg/KGCN/KGCN-May-10-2024_00-56-36.pth
Fri 10 May 2024 03:06:16 INFO  epoch 63 training [time: 4.58s, train loss: 25.0431]
Fri 10 May 2024 03:08:15 INFO  epoch 63 evaluating [time: 118.98s, valid_score: 0.039000]
Fri 10 May 2024 03:08:15 INFO  valid result: 
recall@10 : 0.0628    mrr@10 : 0.039    ndcg@10 : 0.0368    hit@10 : 0.1039    map@10 : 0.0234    precision@10 : 0.0114    gauc : 0.9062    itemcoverage@10 : 0.5418    averagepopularity@10 : 155.2453    giniindex@10 : 0.8988    shannonentropy@10 : 0.0012    tailpercentage@10 : 0.0012
Fri 10 May 2024 03:08:15 INFO  Saving current: saved/amazon_books_60core_kg/KGCN/KGCN-May-10-2024_00-56-36.pth
Fri 10 May 2024 03:08:20 INFO  epoch 64 training [time: 4.52s, train loss: 24.8740]
Fri 10 May 2024 03:10:19 INFO  epoch 64 evaluating [time: 119.18s, valid_score: 0.039100]
Fri 10 May 2024 03:10:19 INFO  valid result: 
recall@10 : 0.0624    mrr@10 : 0.0391    ndcg@10 : 0.0368    hit@10 : 0.1029    map@10 : 0.0236    precision@10 : 0.0114    gauc : 0.9063    itemcoverage@10 : 0.5464    averagepopularity@10 : 153.9298    giniindex@10 : 0.8981    shannonentropy@10 : 0.0012    tailpercentage@10 : 0.0012
Fri 10 May 2024 03:10:19 INFO  Saving current: saved/amazon_books_60core_kg/KGCN/KGCN-May-10-2024_00-56-36.pth
Fri 10 May 2024 03:10:24 INFO  epoch 65 training [time: 4.56s, train loss: 24.5946]
Fri 10 May 2024 03:12:23 INFO  epoch 65 evaluating [time: 119.07s, valid_score: 0.037700]
Fri 10 May 2024 03:12:23 INFO  valid result: 
recall@10 : 0.0623    mrr@10 : 0.0377    ndcg@10 : 0.0358    hit@10 : 0.1036    map@10 : 0.0222    precision@10 : 0.0114    gauc : 0.9062    itemcoverage@10 : 0.552    averagepopularity@10 : 150.4125    giniindex@10 : 0.8952    shannonentropy@10 : 0.0012    tailpercentage@10 : 0.0013
Fri 10 May 2024 03:12:27 INFO  epoch 66 training [time: 3.94s, train loss: 24.4167]
Fri 10 May 2024 03:14:26 INFO  epoch 66 evaluating [time: 118.82s, valid_score: 0.038900]
Fri 10 May 2024 03:14:26 INFO  valid result: 
recall@10 : 0.0621    mrr@10 : 0.0389    ndcg@10 : 0.0366    hit@10 : 0.1027    map@10 : 0.0233    precision@10 : 0.0113    gauc : 0.9064    itemcoverage@10 : 0.5533    averagepopularity@10 : 151.7535    giniindex@10 : 0.8952    shannonentropy@10 : 0.0012    tailpercentage@10 : 0.0013
Fri 10 May 2024 03:14:30 INFO  epoch 67 training [time: 4.48s, train loss: 24.2613]
Fri 10 May 2024 03:16:30 INFO  epoch 67 evaluating [time: 119.35s, valid_score: 0.039300]
Fri 10 May 2024 03:16:30 INFO  valid result: 
recall@10 : 0.0629    mrr@10 : 0.0393    ndcg@10 : 0.037    hit@10 : 0.1033    map@10 : 0.0236    precision@10 : 0.0114    gauc : 0.9063    itemcoverage@10 : 0.5603    averagepopularity@10 : 149.1095    giniindex@10 : 0.8919    shannonentropy@10 : 0.0012    tailpercentage@10 : 0.0013
Fri 10 May 2024 03:16:30 INFO  Saving current: saved/amazon_books_60core_kg/KGCN/KGCN-May-10-2024_00-56-36.pth
Fri 10 May 2024 03:16:34 INFO  epoch 68 training [time: 4.56s, train loss: 23.9687]
Fri 10 May 2024 03:18:33 INFO  epoch 68 evaluating [time: 118.84s, valid_score: 0.040000]
Fri 10 May 2024 03:18:33 INFO  valid result: 
recall@10 : 0.0648    mrr@10 : 0.04    ndcg@10 : 0.0379    hit@10 : 0.106    map@10 : 0.0242    precision@10 : 0.0116    gauc : 0.9062    itemcoverage@10 : 0.5616    averagepopularity@10 : 150.2511    giniindex@10 : 0.8918    shannonentropy@10 : 0.0012    tailpercentage@10 : 0.0015
Fri 10 May 2024 03:18:34 INFO  Saving current: saved/amazon_books_60core_kg/KGCN/KGCN-May-10-2024_00-56-36.pth
Fri 10 May 2024 03:18:38 INFO  epoch 69 training [time: 4.63s, train loss: 23.8354]
Fri 10 May 2024 03:20:37 INFO  epoch 69 evaluating [time: 118.36s, valid_score: 0.039600]
Fri 10 May 2024 03:20:37 INFO  valid result: 
recall@10 : 0.0639    mrr@10 : 0.0396    ndcg@10 : 0.0373    hit@10 : 0.1056    map@10 : 0.0236    precision@10 : 0.0115    gauc : 0.9062    itemcoverage@10 : 0.5653    averagepopularity@10 : 151.0614    giniindex@10 : 0.8916    shannonentropy@10 : 0.0012    tailpercentage@10 : 0.0015
Fri 10 May 2024 03:20:41 INFO  epoch 70 training [time: 4.42s, train loss: 23.6537]
Fri 10 May 2024 03:22:39 INFO  epoch 70 evaluating [time: 118.24s, valid_score: 0.039800]
Fri 10 May 2024 03:22:39 INFO  valid result: 
recall@10 : 0.0644    mrr@10 : 0.0398    ndcg@10 : 0.0376    hit@10 : 0.106    map@10 : 0.0239    precision@10 : 0.0116    gauc : 0.9062    itemcoverage@10 : 0.5704    averagepopularity@10 : 148.7285    giniindex@10 : 0.8891    shannonentropy@10 : 0.0011    tailpercentage@10 : 0.0014
Fri 10 May 2024 03:22:44 INFO  epoch 71 training [time: 4.56s, train loss: 23.3666]
Fri 10 May 2024 03:24:42 INFO  epoch 71 evaluating [time: 118.58s, valid_score: 0.039900]
Fri 10 May 2024 03:24:42 INFO  valid result: 
recall@10 : 0.0638    mrr@10 : 0.0399    ndcg@10 : 0.0375    hit@10 : 0.1052    map@10 : 0.0239    precision@10 : 0.0116    gauc : 0.9061    itemcoverage@10 : 0.5765    averagepopularity@10 : 149.2757    giniindex@10 : 0.8877    shannonentropy@10 : 0.0011    tailpercentage@10 : 0.0015
Fri 10 May 2024 03:24:47 INFO  epoch 72 training [time: 4.52s, train loss: 23.2834]
Fri 10 May 2024 03:26:45 INFO  epoch 72 evaluating [time: 118.35s, valid_score: 0.040800]
Fri 10 May 2024 03:26:45 INFO  valid result: 
recall@10 : 0.0654    mrr@10 : 0.0408    ndcg@10 : 0.0384    hit@10 : 0.107    map@10 : 0.0245    precision@10 : 0.0118    gauc : 0.9062    itemcoverage@10 : 0.5777    averagepopularity@10 : 147.1339    giniindex@10 : 0.8851    shannonentropy@10 : 0.0011    tailpercentage@10 : 0.0015
Fri 10 May 2024 03:26:46 INFO  Saving current: saved/amazon_books_60core_kg/KGCN/KGCN-May-10-2024_00-56-36.pth
Fri 10 May 2024 03:26:50 INFO  epoch 73 training [time: 4.58s, train loss: 23.1498]
Fri 10 May 2024 03:28:49 INFO  epoch 73 evaluating [time: 118.57s, valid_score: 0.040100]
Fri 10 May 2024 03:28:49 INFO  valid result: 
recall@10 : 0.0654    mrr@10 : 0.0401    ndcg@10 : 0.0381    hit@10 : 0.1065    map@10 : 0.0244    precision@10 : 0.0117    gauc : 0.906    itemcoverage@10 : 0.581    averagepopularity@10 : 146.3298    giniindex@10 : 0.8828    shannonentropy@10 : 0.0011    tailpercentage@10 : 0.0015
Fri 10 May 2024 03:28:53 INFO  epoch 74 training [time: 4.54s, train loss: 22.9251]
Fri 10 May 2024 03:30:51 INFO  epoch 74 evaluating [time: 118.10s, valid_score: 0.039800]
Fri 10 May 2024 03:30:51 INFO  valid result: 
recall@10 : 0.0655    mrr@10 : 0.0398    ndcg@10 : 0.0379    hit@10 : 0.1067    map@10 : 0.024    precision@10 : 0.0117    gauc : 0.906    itemcoverage@10 : 0.5859    averagepopularity@10 : 143.6612    giniindex@10 : 0.8811    shannonentropy@10 : 0.0011    tailpercentage@10 : 0.0015
Fri 10 May 2024 03:30:56 INFO  epoch 75 training [time: 4.78s, train loss: 22.7402]
Fri 10 May 2024 03:32:56 INFO  epoch 75 evaluating [time: 119.44s, valid_score: 0.040100]
Fri 10 May 2024 03:32:56 INFO  valid result: 
recall@10 : 0.0658    mrr@10 : 0.0401    ndcg@10 : 0.038    hit@10 : 0.1079    map@10 : 0.0239    precision@10 : 0.0119    gauc : 0.906    itemcoverage@10 : 0.5882    averagepopularity@10 : 145.3354    giniindex@10 : 0.88    shannonentropy@10 : 0.0011    tailpercentage@10 : 0.0015
Fri 10 May 2024 03:33:00 INFO  epoch 76 training [time: 4.62s, train loss: 22.6125]
Fri 10 May 2024 03:34:59 INFO  epoch 76 evaluating [time: 118.49s, valid_score: 0.039400]
Fri 10 May 2024 03:34:59 INFO  valid result: 
recall@10 : 0.0654    mrr@10 : 0.0394    ndcg@10 : 0.0378    hit@10 : 0.1076    map@10 : 0.0238    precision@10 : 0.0118    gauc : 0.9061    itemcoverage@10 : 0.5937    averagepopularity@10 : 143.8625    giniindex@10 : 0.8777    shannonentropy@10 : 0.0011    tailpercentage@10 : 0.0016
Fri 10 May 2024 03:35:03 INFO  epoch 77 training [time: 4.59s, train loss: 22.4586]
Fri 10 May 2024 03:37:02 INFO  epoch 77 evaluating [time: 118.82s, valid_score: 0.039600]
Fri 10 May 2024 03:37:02 INFO  valid result: 
recall@10 : 0.0659    mrr@10 : 0.0396    ndcg@10 : 0.038    hit@10 : 0.1079    map@10 : 0.0239    precision@10 : 0.012    gauc : 0.906    itemcoverage@10 : 0.5904    averagepopularity@10 : 143.7789    giniindex@10 : 0.879    shannonentropy@10 : 0.0011    tailpercentage@10 : 0.0015
Fri 10 May 2024 03:37:07 INFO  epoch 78 training [time: 4.52s, train loss: 22.2391]
Fri 10 May 2024 03:39:07 INFO  epoch 78 evaluating [time: 120.26s, valid_score: 0.040200]
Fri 10 May 2024 03:39:07 INFO  valid result: 
recall@10 : 0.0666    mrr@10 : 0.0402    ndcg@10 : 0.0383    hit@10 : 0.1076    map@10 : 0.0241    precision@10 : 0.0119    gauc : 0.9061    itemcoverage@10 : 0.5967    averagepopularity@10 : 143.3663    giniindex@10 : 0.878    shannonentropy@10 : 0.0011    tailpercentage@10 : 0.0017
Fri 10 May 2024 03:39:11 INFO  epoch 79 training [time: 4.54s, train loss: 22.0473]
Fri 10 May 2024 03:41:11 INFO  epoch 79 evaluating [time: 119.42s, valid_score: 0.040500]
Fri 10 May 2024 03:41:11 INFO  valid result: 
recall@10 : 0.068    mrr@10 : 0.0405    ndcg@10 : 0.039    hit@10 : 0.1099    map@10 : 0.0245    precision@10 : 0.0121    gauc : 0.9061    itemcoverage@10 : 0.5984    averagepopularity@10 : 143.5219    giniindex@10 : 0.8762    shannonentropy@10 : 0.0011    tailpercentage@10 : 0.0018
Fri 10 May 2024 03:41:15 INFO  epoch 80 training [time: 4.50s, train loss: 21.9497]
Fri 10 May 2024 03:43:14 INFO  epoch 80 evaluating [time: 118.54s, valid_score: 0.040200]
Fri 10 May 2024 03:43:14 INFO  valid result: 
recall@10 : 0.0678    mrr@10 : 0.0402    ndcg@10 : 0.0387    hit@10 : 0.109    map@10 : 0.0243    precision@10 : 0.012    gauc : 0.9061    itemcoverage@10 : 0.6035    averagepopularity@10 : 142.0717    giniindex@10 : 0.8738    shannonentropy@10 : 0.0011    tailpercentage@10 : 0.0017
Fri 10 May 2024 03:43:18 INFO  epoch 81 training [time: 4.57s, train loss: 21.7831]
Fri 10 May 2024 03:45:17 INFO  epoch 81 evaluating [time: 118.94s, valid_score: 0.040800]
Fri 10 May 2024 03:45:17 INFO  valid result: 
recall@10 : 0.067    mrr@10 : 0.0408    ndcg@10 : 0.0388    hit@10 : 0.1094    map@10 : 0.0245    precision@10 : 0.012    gauc : 0.9061    itemcoverage@10 : 0.61    averagepopularity@10 : 140.8983    giniindex@10 : 0.8723    shannonentropy@10 : 0.0011    tailpercentage@10 : 0.0018
Fri 10 May 2024 03:45:18 INFO  Saving current: saved/amazon_books_60core_kg/KGCN/KGCN-May-10-2024_00-56-36.pth
Fri 10 May 2024 03:45:22 INFO  epoch 82 training [time: 4.52s, train loss: 21.5272]
Fri 10 May 2024 03:47:21 INFO  epoch 82 evaluating [time: 119.12s, valid_score: 0.040600]
Fri 10 May 2024 03:47:21 INFO  valid result: 
recall@10 : 0.0679    mrr@10 : 0.0406    ndcg@10 : 0.0391    hit@10 : 0.1095    map@10 : 0.0247    precision@10 : 0.012    gauc : 0.9061    itemcoverage@10 : 0.6095    averagepopularity@10 : 141.8334    giniindex@10 : 0.8724    shannonentropy@10 : 0.0011    tailpercentage@10 : 0.0017
Fri 10 May 2024 03:47:26 INFO  epoch 83 training [time: 4.51s, train loss: 21.4483]
Fri 10 May 2024 03:49:25 INFO  epoch 83 evaluating [time: 119.01s, valid_score: 0.039700]
Fri 10 May 2024 03:49:25 INFO  valid result: 
recall@10 : 0.0667    mrr@10 : 0.0397    ndcg@10 : 0.0382    hit@10 : 0.1085    map@10 : 0.0239    precision@10 : 0.0119    gauc : 0.906    itemcoverage@10 : 0.6134    averagepopularity@10 : 140.5169    giniindex@10 : 0.8704    shannonentropy@10 : 0.0011    tailpercentage@10 : 0.0017
Fri 10 May 2024 03:49:29 INFO  epoch 84 training [time: 4.53s, train loss: 21.2844]
Fri 10 May 2024 03:51:28 INFO  epoch 84 evaluating [time: 119.19s, valid_score: 0.040100]
Fri 10 May 2024 03:51:28 INFO  valid result: 
recall@10 : 0.0663    mrr@10 : 0.0401    ndcg@10 : 0.0384    hit@10 : 0.1082    map@10 : 0.0243    precision@10 : 0.0118    gauc : 0.906    itemcoverage@10 : 0.6162    averagepopularity@10 : 141.6064    giniindex@10 : 0.8696    shannonentropy@10 : 0.0011    tailpercentage@10 : 0.0018
Fri 10 May 2024 03:51:33 INFO  epoch 85 training [time: 4.48s, train loss: 21.1471]
Fri 10 May 2024 03:53:32 INFO  epoch 85 evaluating [time: 118.74s, valid_score: 0.040500]
Fri 10 May 2024 03:53:32 INFO  valid result: 
recall@10 : 0.067    mrr@10 : 0.0405    ndcg@10 : 0.0388    hit@10 : 0.1102    map@10 : 0.0245    precision@10 : 0.012    gauc : 0.9058    itemcoverage@10 : 0.6222    averagepopularity@10 : 141.4984    giniindex@10 : 0.8674    shannonentropy@10 : 0.0011    tailpercentage@10 : 0.0018
Fri 10 May 2024 03:53:36 INFO  epoch 86 training [time: 4.71s, train loss: 21.0048]
Fri 10 May 2024 03:55:36 INFO  epoch 86 evaluating [time: 119.96s, valid_score: 0.041000]
Fri 10 May 2024 03:55:36 INFO  valid result: 
recall@10 : 0.0669    mrr@10 : 0.041    ndcg@10 : 0.039    hit@10 : 0.1087    map@10 : 0.0249    precision@10 : 0.0119    gauc : 0.9057    itemcoverage@10 : 0.6264    averagepopularity@10 : 140.1145    giniindex@10 : 0.8657    shannonentropy@10 : 0.0011    tailpercentage@10 : 0.0018
Fri 10 May 2024 03:55:37 INFO  Saving current: saved/amazon_books_60core_kg/KGCN/KGCN-May-10-2024_00-56-36.pth
Fri 10 May 2024 03:55:41 INFO  epoch 87 training [time: 4.69s, train loss: 20.8861]
Fri 10 May 2024 03:57:42 INFO  epoch 87 evaluating [time: 120.20s, valid_score: 0.040600]
Fri 10 May 2024 03:57:42 INFO  valid result: 
recall@10 : 0.0678    mrr@10 : 0.0406    ndcg@10 : 0.039    hit@10 : 0.1097    map@10 : 0.0247    precision@10 : 0.012    gauc : 0.9058    itemcoverage@10 : 0.6266    averagepopularity@10 : 140.3234    giniindex@10 : 0.8647    shannonentropy@10 : 0.0011    tailpercentage@10 : 0.0018
Fri 10 May 2024 03:57:46 INFO  epoch 88 training [time: 4.50s, train loss: 20.7669]
Fri 10 May 2024 03:59:46 INFO  epoch 88 evaluating [time: 119.95s, valid_score: 0.039800]
Fri 10 May 2024 03:59:46 INFO  valid result: 
recall@10 : 0.0681    mrr@10 : 0.0398    ndcg@10 : 0.0386    hit@10 : 0.1095    map@10 : 0.0242    precision@10 : 0.0119    gauc : 0.9057    itemcoverage@10 : 0.63    averagepopularity@10 : 138.611    giniindex@10 : 0.8624    shannonentropy@10 : 0.0011    tailpercentage@10 : 0.0017
Fri 10 May 2024 03:59:51 INFO  epoch 89 training [time: 4.54s, train loss: 20.7413]
Fri 10 May 2024 04:01:50 INFO  epoch 89 evaluating [time: 119.26s, valid_score: 0.040100]
Fri 10 May 2024 04:01:50 INFO  valid result: 
recall@10 : 0.0679    mrr@10 : 0.0401    ndcg@10 : 0.0389    hit@10 : 0.1099    map@10 : 0.0245    precision@10 : 0.012    gauc : 0.9057    itemcoverage@10 : 0.6326    averagepopularity@10 : 139.1408    giniindex@10 : 0.8629    shannonentropy@10 : 0.0011    tailpercentage@10 : 0.0018
Fri 10 May 2024 04:01:54 INFO  epoch 90 training [time: 4.58s, train loss: 20.4557]
Fri 10 May 2024 04:03:53 INFO  epoch 90 evaluating [time: 118.85s, valid_score: 0.039600]
Fri 10 May 2024 04:03:53 INFO  valid result: 
recall@10 : 0.0678    mrr@10 : 0.0396    ndcg@10 : 0.0386    hit@10 : 0.1095    map@10 : 0.0242    precision@10 : 0.012    gauc : 0.9057    itemcoverage@10 : 0.6339    averagepopularity@10 : 138.3441    giniindex@10 : 0.8617    shannonentropy@10 : 0.0011    tailpercentage@10 : 0.0018
Fri 10 May 2024 04:03:58 INFO  epoch 91 training [time: 4.57s, train loss: 20.4134]
Fri 10 May 2024 04:05:58 INFO  epoch 91 evaluating [time: 119.99s, valid_score: 0.040400]
Fri 10 May 2024 04:05:58 INFO  valid result: 
recall@10 : 0.0669    mrr@10 : 0.0404    ndcg@10 : 0.0387    hit@10 : 0.1076    map@10 : 0.0246    precision@10 : 0.0118    gauc : 0.9055    itemcoverage@10 : 0.6364    averagepopularity@10 : 138.1264    giniindex@10 : 0.8613    shannonentropy@10 : 0.0011    tailpercentage@10 : 0.0019
Fri 10 May 2024 04:06:02 INFO  epoch 92 training [time: 4.60s, train loss: 20.2769]
Fri 10 May 2024 04:08:01 INFO  epoch 92 evaluating [time: 118.69s, valid_score: 0.040300]
Fri 10 May 2024 04:08:01 INFO  valid result: 
recall@10 : 0.0678    mrr@10 : 0.0403    ndcg@10 : 0.0388    hit@10 : 0.1091    map@10 : 0.0245    precision@10 : 0.0119    gauc : 0.9056    itemcoverage@10 : 0.6422    averagepopularity@10 : 137.6745    giniindex@10 : 0.8589    shannonentropy@10 : 0.0011    tailpercentage@10 : 0.0019
Fri 10 May 2024 04:08:06 INFO  epoch 93 training [time: 4.50s, train loss: 20.0910]
Fri 10 May 2024 04:10:05 INFO  epoch 93 evaluating [time: 119.17s, valid_score: 0.040500]
Fri 10 May 2024 04:10:05 INFO  valid result: 
recall@10 : 0.0692    mrr@10 : 0.0405    ndcg@10 : 0.0393    hit@10 : 0.1108    map@10 : 0.0248    precision@10 : 0.0122    gauc : 0.9057    itemcoverage@10 : 0.6438    averagepopularity@10 : 137.542    giniindex@10 : 0.8591    shannonentropy@10 : 0.0011    tailpercentage@10 : 0.002
Fri 10 May 2024 04:10:09 INFO  epoch 94 training [time: 4.58s, train loss: 19.8666]
Fri 10 May 2024 04:12:08 INFO  epoch 94 evaluating [time: 118.87s, valid_score: 0.040000]
Fri 10 May 2024 04:12:08 INFO  valid result: 
recall@10 : 0.069    mrr@10 : 0.04    ndcg@10 : 0.0391    hit@10 : 0.1099    map@10 : 0.0245    precision@10 : 0.012    gauc : 0.9055    itemcoverage@10 : 0.6468    averagepopularity@10 : 136.7784    giniindex@10 : 0.8567    shannonentropy@10 : 0.001    tailpercentage@10 : 0.002
Fri 10 May 2024 04:12:13 INFO  epoch 95 training [time: 4.36s, train loss: 19.8508]
Fri 10 May 2024 04:14:12 INFO  epoch 95 evaluating [time: 119.49s, valid_score: 0.039800]
Fri 10 May 2024 04:14:12 INFO  valid result: 
recall@10 : 0.0677    mrr@10 : 0.0398    ndcg@10 : 0.0385    hit@10 : 0.1083    map@10 : 0.0243    precision@10 : 0.0118    gauc : 0.9055    itemcoverage@10 : 0.6447    averagepopularity@10 : 137.8132    giniindex@10 : 0.8569    shannonentropy@10 : 0.0011    tailpercentage@10 : 0.002
Fri 10 May 2024 04:14:16 INFO  epoch 96 training [time: 3.79s, train loss: 19.6521]
Fri 10 May 2024 04:16:15 INFO  epoch 96 evaluating [time: 119.53s, valid_score: 0.040300]
Fri 10 May 2024 04:16:15 INFO  valid result: 
recall@10 : 0.069    mrr@10 : 0.0403    ndcg@10 : 0.0391    hit@10 : 0.1105    map@10 : 0.0246    precision@10 : 0.0121    gauc : 0.9054    itemcoverage@10 : 0.6459    averagepopularity@10 : 136.855    giniindex@10 : 0.8561    shannonentropy@10 : 0.0011    tailpercentage@10 : 0.0021
Fri 10 May 2024 04:16:20 INFO  epoch 97 training [time: 4.68s, train loss: 19.4917]
Fri 10 May 2024 04:18:19 INFO  epoch 97 evaluating [time: 119.08s, valid_score: 0.040200]
Fri 10 May 2024 04:18:19 INFO  valid result: 
recall@10 : 0.0687    mrr@10 : 0.0402    ndcg@10 : 0.0391    hit@10 : 0.1101    map@10 : 0.0246    precision@10 : 0.012    gauc : 0.9054    itemcoverage@10 : 0.6493    averagepopularity@10 : 135.5529    giniindex@10 : 0.8547    shannonentropy@10 : 0.001    tailpercentage@10 : 0.0021
Fri 10 May 2024 04:18:19 INFO  Finished training, best eval result in epoch 86
Fri 10 May 2024 04:18:19 INFO  Loading model structure and parameters from saved/amazon_books_60core_kg/KGCN/KGCN-May-10-2024_00-56-36.pth
Fri 10 May 2024 04:20:29 INFO  The running environment of this training is as follows:
+-------------+----------------+
| Environment |     Usage      |
+=============+================+
| CPU         |    12.80 %     |
+-------------+----------------+
| GPU         | 0.16 G/11.93 G |
+-------------+----------------+
| Memory      | 2.25 G/31.23 G |
+-------------+----------------+
Fri 10 May 2024 04:20:29 INFO  best valid : OrderedDict([('recall@10', 0.0669), ('mrr@10', 0.041), ('ndcg@10', 0.039), ('hit@10', 0.1087), ('map@10', 0.0249), ('precision@10', 0.0119), ('gauc', 0.9057), ('itemcoverage@10', 0.6264), ('averagepopularity@10', 140.1145), ('giniindex@10', 0.8657), ('shannonentropy@10', 0.0011), ('tailpercentage@10', 0.0018)])
Fri 10 May 2024 04:20:29 INFO  test result: OrderedDict([('recall@10', 0.0644), ('mrr@10', 0.038), ('ndcg@10', 0.0373), ('hit@10', 0.1027), ('map@10', 0.0238), ('precision@10', 0.0114), ('gauc', 0.9011), ('itemcoverage@10', 0.6426), ('averagepopularity@10', 140.0346), ('giniindex@10', 0.8637), ('shannonentropy@10', 0.001), ('tailpercentage@10', 0.0024)])
Fri 10 May 2024 04:20:29 INFO  
General Hyper Parameters:
gpu_id = 0
use_gpu = True
seed = 2020
state = INFO
reproducibility = True
data_path = data/amazon_books_60core_kg
checkpoint_dir = saved/amazon_books_60core_kg/KGCN
show_progress = True
save_dataset = False
dataset_save_path = None
save_dataloaders = False
dataloaders_save_path = None
log_wandb = False

Training Hyper Parameters:
epochs = 200
train_batch_size = 2048
learner = adam
learning_rate = 0.001
train_neg_sample_args = {'distribution': 'uniform', 'sample_num': 1, 'dynamic': False, 'candidate_num': 0, 'alpha': 1.0}
eval_step = 1
stopping_step = 10
clip_grad_norm = None
weight_decay = 0.0
loss_decimal_place = 4

Evaluation Hyper Parameters:
eval_args = {'split': {'RS': [0.8, 0.1, 0.1]}, 'order': 'RO', 'group_by': 'user', 'mode': {'valid': 'full', 'test': 'full'}}
repeatable = False
metrics = ['Recall', 'MRR', 'NDCG', 'Hit', 'MAP', 'Precision', 'GAUC', 'ItemCoverage', 'AveragePopularity', 'GiniIndex', 'ShannonEntropy', 'TailPercentage']
topk = [10]
valid_metric = MRR@10
valid_metric_bigger = True
eval_batch_size = 4096
metric_decimal_place = 4

Dataset Hyper Parameters:
field_separator = 	
seq_separator =  
USER_ID_FIELD = user_id
ITEM_ID_FIELD = item_id
RATING_FIELD = rating
TIME_FIELD = timestamp
seq_len = None
LABEL_FIELD = label
threshold = None
NEG_PREFIX = neg_
load_col = {'inter': ['user_id', 'item_id', 'rating', 'timestamp'], 'kg': ['head_id', 'relation_id', 'tail_id'], 'link': ['item_id', 'entity_id']}
unload_col = None
unused_col = None
additional_feat_suffix = None
rm_dup_inter = None
val_interval = None
filter_inter_by_user_or_item = True
user_inter_num_interval = [0,inf)
item_inter_num_interval = [0,inf)
alias_of_user_id = None
alias_of_item_id = None
alias_of_entity_id = None
alias_of_relation_id = None
preload_weight = None
normalize_field = None
normalize_all = None
ITEM_LIST_LENGTH_FIELD = item_length
LIST_SUFFIX = _list
MAX_ITEM_LIST_LENGTH = 50
POSITION_FIELD = position_id
HEAD_ENTITY_ID_FIELD = head_id
TAIL_ENTITY_ID_FIELD = tail_id
RELATION_ID_FIELD = relation_id
ENTITY_ID_FIELD = entity_id
benchmark_filename = None

Other Hyper Parameters: 
worker = 0
wandb_project = recbole
shuffle = True
require_pow = False
enable_amp = False
enable_scaler = False
transform = None
embedding_size = 64
n_iter = 1
aggregator = sum
reg_weight = 1e-07
neighbor_sample_size = 4
numerical_features = []
discretization = None
kg_reverse_r = False
entity_kg_num_interval = [0,inf)
relation_kg_num_interval = [0,inf)
MODEL_TYPE = ModelType.KNOWLEDGE
encoding = utf-8
device = cuda:1
my_log_file = /home/fontana/Tesi/log/carbon_default.log
max_emission_step = -1
MODEL_INPUT_TYPE = InputType.PAIRWISE
eval_type = EvaluatorType.RANKING
single_spec = True
local_rank = 0
valid_neg_sample_args = {'distribution': 'uniform', 'sample_num': 'none'}
test_neg_sample_args = {'distribution': 'uniform', 'sample_num': 'none'}


Fri 10 May 2024 04:20:38 INFO  amazon_books_60core_kg
The number of users: 20201
Average actions of users: 17.4280198019802
The number of items: 10879
Average actions of items: 32.36311822026108
The number of inters: 352046
The sparsity of the dataset: 99.83980920055674%
Remain Fields: ['entity_id', 'user_id', 'item_id', 'rating', 'head_id', 'tail_id', 'relation_id']
The number of entities: 26316
The number of relations: 18
The number of triples: 96476
The number of items that have been linked to KG: 10878
Fri 10 May 2024 04:20:40 INFO  [Training]: train_batch_size = [2048] train_neg_sample_args: [{'distribution': 'uniform', 'sample_num': 1, 'dynamic': False, 'candidate_num': 0, 'alpha': 1.0}]
Fri 10 May 2024 04:20:40 INFO  [Evaluation]: eval_batch_size = [4096] eval_args: [{'split': {'RS': [0.8, 0.1, 0.1]}, 'order': 'RO', 'group_by': 'user', 'mode': {'valid': 'full', 'test': 'full'}}]
Fri 10 May 2024 04:20:42 INFO  Loading model structure and parameters from saved/amazon_books_60core_kg/KGCN/KGCN-May-10-2024_00-56-36.pth
