Wed 03 Apr 2024 14:07:36 INFO  ['src/default_tracker.py', '--dataset=LFM-1b_artist_20U50I', '--model=KGCN']
Wed 03 Apr 2024 14:07:36 INFO  
General Hyper Parameters:
gpu_id = 0
use_gpu = True
seed = 2020
state = INFO
reproducibility = True
data_path = data/LFM-1b_artist_20U50I
checkpoint_dir = saved/LFM-1b_artist_20U50I/KGCN
show_progress = True
save_dataset = False
dataset_save_path = None
save_dataloaders = False
dataloaders_save_path = None
log_wandb = False

Training Hyper Parameters:
epochs = 200
train_batch_size = 2048
learner = adam
learning_rate = 0.001
train_neg_sample_args = {'distribution': 'uniform', 'sample_num': 1, 'dynamic': False, 'candidate_num': 0, 'alpha': 1.0}
eval_step = 1
stopping_step = 10
clip_grad_norm = None
weight_decay = 0.0
loss_decimal_place = 4

Evaluation Hyper Parameters:
eval_args = {'split': {'RS': [0.8, 0.1, 0.1]}, 'order': 'RO', 'group_by': 'user', 'mode': {'valid': 'full', 'test': 'full'}}
repeatable = False
metrics = ['Recall', 'MRR', 'NDCG', 'Hit', 'Precision']
topk = [10]
valid_metric = MRR@10
valid_metric_bigger = True
eval_batch_size = 4096
metric_decimal_place = 4

Dataset Hyper Parameters:
field_separator = 	
seq_separator =  
USER_ID_FIELD = user_id
ITEM_ID_FIELD = item_id
RATING_FIELD = rating
TIME_FIELD = timestamp
seq_len = None
LABEL_FIELD = label
threshold = None
NEG_PREFIX = neg_
load_col = {'inter': ['user_id', 'item_id', 'rating', 'timestamp'], 'kg': ['head_id', 'relation_id', 'tail_id'], 'link': ['item_id', 'entity_id']}
unload_col = None
unused_col = None
additional_feat_suffix = None
rm_dup_inter = None
val_interval = None
filter_inter_by_user_or_item = True
user_inter_num_interval = [0,inf)
item_inter_num_interval = [0,inf)
alias_of_user_id = None
alias_of_item_id = None
alias_of_entity_id = None
alias_of_relation_id = None
preload_weight = None
normalize_field = None
normalize_all = None
ITEM_LIST_LENGTH_FIELD = item_length
LIST_SUFFIX = _list
MAX_ITEM_LIST_LENGTH = 50
POSITION_FIELD = position_id
HEAD_ENTITY_ID_FIELD = head_id
TAIL_ENTITY_ID_FIELD = tail_id
RELATION_ID_FIELD = relation_id
ENTITY_ID_FIELD = entity_id
benchmark_filename = None

Other Hyper Parameters: 
worker = 0
wandb_project = recbole
shuffle = True
require_pow = False
enable_amp = False
enable_scaler = False
transform = None
embedding_size = 64
n_iter = 1
aggregator = sum
reg_weight = 1e-07
neighbor_sample_size = 4
numerical_features = []
discretization = None
kg_reverse_r = False
entity_kg_num_interval = [0,inf)
relation_kg_num_interval = [0,inf)
MODEL_TYPE = ModelType.KNOWLEDGE
encoding = utf-8
device = cuda
my_log_file = /mnt/batch/tasks/shared/LS_root/mounts/clusters/fontanagpu/code/sustainability-of-recsys/log/carbon_default.log
MODEL_INPUT_TYPE = InputType.PAIRWISE
eval_type = EvaluatorType.RANKING
single_spec = True
local_rank = 0
valid_neg_sample_args = {'distribution': 'uniform', 'sample_num': 'none'}
test_neg_sample_args = {'distribution': 'uniform', 'sample_num': 'none'}


Wed 03 Apr 2024 14:07:44 INFO  LFM-1b_artist_20U50I
The number of users: 19426
Average actions of users: 19.186718146718146
The number of items: 15510
Average actions of items: 24.03133664323941
The number of inters: 372702
The sparsity of the dataset: 99.87630089964973%
Remain Fields: ['entity_id', 'user_id', 'item_id', 'head_id', 'relation_id', 'tail_id']
The number of entities: 50666
The number of relations: 7
The number of triples: 46827
The number of items that have been linked to KG: 15509
Wed 03 Apr 2024 14:07:46 INFO  [Training]: train_batch_size = [2048] train_neg_sample_args: [{'distribution': 'uniform', 'sample_num': 1, 'dynamic': False, 'candidate_num': 0, 'alpha': 1.0}]
Wed 03 Apr 2024 14:07:46 INFO  [Evaluation]: eval_batch_size = [4096] eval_args: [{'split': {'RS': [0.8, 0.1, 0.1]}, 'order': 'RO', 'group_by': 'user', 'mode': {'valid': 'full', 'test': 'full'}}]
Wed 03 Apr 2024 14:07:48 INFO  KGCN(
  (user_embedding): Embedding(19426, 64)
  (entity_embedding): Embedding(50666, 64)
  (relation_embedding): Embedding(8, 64)
  (softmax): Softmax(dim=-1)
  (linear_layers): ModuleList(
    (0): Linear(in_features=64, out_features=64, bias=True)
  )
  (ReLU): ReLU()
  (Tanh): Tanh()
  (bce_loss): BCEWithLogitsLoss()
  (l2_loss): EmbLoss()
)
Trainable parameters: 4490560
Wed 03 Apr 2024 14:07:56 INFO  FLOPs: 4747.0
Wed 03 Apr 2024 14:08:41 INFO  epoch 0 training [time: 8.25s, train loss: 89.2050]
Wed 03 Apr 2024 14:11:01 INFO  epoch 0 evaluating [time: 139.75s, valid_score: 0.100900]
Wed 03 Apr 2024 14:11:01 INFO  valid result: 
recall@10 : 0.164    mrr@10 : 0.1009    ndcg@10 : 0.0964    hit@10 : 0.253    precision@10 : 0.0291
Wed 03 Apr 2024 14:11:02 INFO  Saving current: saved/LFM-1b_artist_20U50I/KGCN/KGCN-Apr-03-2024_14-07-56.pth
Wed 03 Apr 2024 14:11:05 INFO  epoch 1 training [time: 3.75s, train loss: 54.0250]
Wed 03 Apr 2024 14:13:24 INFO  epoch 1 evaluating [time: 139.04s, valid_score: 0.103700]
Wed 03 Apr 2024 14:13:24 INFO  valid result: 
recall@10 : 0.1697    mrr@10 : 0.1037    ndcg@10 : 0.0999    hit@10 : 0.2571    precision@10 : 0.0294
Wed 03 Apr 2024 14:13:26 INFO  Saving current: saved/LFM-1b_artist_20U50I/KGCN/KGCN-Apr-03-2024_14-07-56.pth
Wed 03 Apr 2024 14:13:29 INFO  epoch 2 training [time: 3.83s, train loss: 51.1110]
Wed 03 Apr 2024 14:15:48 INFO  epoch 2 evaluating [time: 138.78s, valid_score: 0.103900]
Wed 03 Apr 2024 14:15:48 INFO  valid result: 
recall@10 : 0.1701    mrr@10 : 0.1039    ndcg@10 : 0.0999    hit@10 : 0.2568    precision@10 : 0.0293
Wed 03 Apr 2024 14:15:49 INFO  Saving current: saved/LFM-1b_artist_20U50I/KGCN/KGCN-Apr-03-2024_14-07-56.pth
Wed 03 Apr 2024 14:15:53 INFO  epoch 3 training [time: 4.05s, train loss: 50.2349]
Wed 03 Apr 2024 14:18:18 INFO  epoch 3 evaluating [time: 144.73s, valid_score: 0.104300]
Wed 03 Apr 2024 14:18:18 INFO  valid result: 
recall@10 : 0.1707    mrr@10 : 0.1043    ndcg@10 : 0.1002    hit@10 : 0.2575    precision@10 : 0.0293
Wed 03 Apr 2024 14:18:19 INFO  Saving current: saved/LFM-1b_artist_20U50I/KGCN/KGCN-Apr-03-2024_14-07-56.pth
Wed 03 Apr 2024 14:18:22 INFO  epoch 4 training [time: 3.69s, train loss: 49.7409]
Wed 03 Apr 2024 14:20:41 INFO  epoch 4 evaluating [time: 139.05s, valid_score: 0.102500]
Wed 03 Apr 2024 14:20:41 INFO  valid result: 
recall@10 : 0.1621    mrr@10 : 0.1025    ndcg@10 : 0.0968    hit@10 : 0.2483    precision@10 : 0.0283
Wed 03 Apr 2024 14:20:45 INFO  epoch 5 training [time: 3.90s, train loss: 49.1231]
Wed 03 Apr 2024 14:23:04 INFO  epoch 5 evaluating [time: 138.38s, valid_score: 0.101200]
Wed 03 Apr 2024 14:23:04 INFO  valid result: 
recall@10 : 0.1711    mrr@10 : 0.1012    ndcg@10 : 0.099    hit@10 : 0.2573    precision@10 : 0.0293
Wed 03 Apr 2024 14:23:08 INFO  epoch 6 training [time: 3.97s, train loss: 48.7045]
Wed 03 Apr 2024 14:25:28 INFO  epoch 6 evaluating [time: 140.22s, valid_score: 0.105100]
Wed 03 Apr 2024 14:25:28 INFO  valid result: 
recall@10 : 0.1704    mrr@10 : 0.1051    ndcg@10 : 0.1006    hit@10 : 0.2568    precision@10 : 0.0293
Wed 03 Apr 2024 14:25:29 INFO  Saving current: saved/LFM-1b_artist_20U50I/KGCN/KGCN-Apr-03-2024_14-07-56.pth
Wed 03 Apr 2024 14:25:33 INFO  epoch 7 training [time: 3.89s, train loss: 48.2090]
Wed 03 Apr 2024 14:27:51 INFO  epoch 7 evaluating [time: 137.85s, valid_score: 0.104800]
Wed 03 Apr 2024 14:27:51 INFO  valid result: 
recall@10 : 0.1695    mrr@10 : 0.1048    ndcg@10 : 0.1002    hit@10 : 0.2555    precision@10 : 0.0293
Wed 03 Apr 2024 14:27:55 INFO  epoch 8 training [time: 3.97s, train loss: 47.7799]
Wed 03 Apr 2024 14:30:13 INFO  epoch 8 evaluating [time: 138.02s, valid_score: 0.104700]
Wed 03 Apr 2024 14:30:13 INFO  valid result: 
recall@10 : 0.1686    mrr@10 : 0.1047    ndcg@10 : 0.0998    hit@10 : 0.2551    precision@10 : 0.0291
Wed 03 Apr 2024 14:30:16 INFO  epoch 9 training [time: 3.87s, train loss: 47.6116]
Wed 03 Apr 2024 14:32:34 INFO  epoch 9 evaluating [time: 137.80s, valid_score: 0.104900]
Wed 03 Apr 2024 14:32:34 INFO  valid result: 
recall@10 : 0.1671    mrr@10 : 0.1049    ndcg@10 : 0.0996    hit@10 : 0.2534    precision@10 : 0.029
Wed 03 Apr 2024 14:32:38 INFO  epoch 10 training [time: 3.83s, train loss: 47.4234]
Wed 03 Apr 2024 14:34:56 INFO  epoch 10 evaluating [time: 137.92s, valid_score: 0.105900]
Wed 03 Apr 2024 14:34:56 INFO  valid result: 
recall@10 : 0.1716    mrr@10 : 0.1059    ndcg@10 : 0.1014    hit@10 : 0.2592    precision@10 : 0.0296
Wed 03 Apr 2024 14:34:57 INFO  Saving current: saved/LFM-1b_artist_20U50I/KGCN/KGCN-Apr-03-2024_14-07-56.pth
Wed 03 Apr 2024 14:35:01 INFO  epoch 11 training [time: 3.74s, train loss: 47.0888]
Wed 03 Apr 2024 14:37:19 INFO  epoch 11 evaluating [time: 138.17s, valid_score: 0.106400]
Wed 03 Apr 2024 14:37:19 INFO  valid result: 
recall@10 : 0.1723    mrr@10 : 0.1064    ndcg@10 : 0.1019    hit@10 : 0.2598    precision@10 : 0.0297
Wed 03 Apr 2024 14:37:20 INFO  Saving current: saved/LFM-1b_artist_20U50I/KGCN/KGCN-Apr-03-2024_14-07-56.pth
Wed 03 Apr 2024 14:37:23 INFO  epoch 12 training [time: 3.68s, train loss: 46.9136]
Wed 03 Apr 2024 14:39:41 INFO  epoch 12 evaluating [time: 137.52s, valid_score: 0.105700]
Wed 03 Apr 2024 14:39:41 INFO  valid result: 
recall@10 : 0.1726    mrr@10 : 0.1057    ndcg@10 : 0.1016    hit@10 : 0.2605    precision@10 : 0.0299
Wed 03 Apr 2024 14:39:45 INFO  epoch 13 training [time: 3.86s, train loss: 46.4696]
Wed 03 Apr 2024 14:42:02 INFO  epoch 13 evaluating [time: 137.20s, valid_score: 0.105000]
Wed 03 Apr 2024 14:42:02 INFO  valid result: 
recall@10 : 0.1727    mrr@10 : 0.105    ndcg@10 : 0.1016    hit@10 : 0.261    precision@10 : 0.0299
Wed 03 Apr 2024 14:42:06 INFO  epoch 14 training [time: 3.94s, train loss: 45.8623]
Wed 03 Apr 2024 14:44:23 INFO  epoch 14 evaluating [time: 136.96s, valid_score: 0.102700]
Wed 03 Apr 2024 14:44:23 INFO  valid result: 
recall@10 : 0.1698    mrr@10 : 0.1027    ndcg@10 : 0.0992    hit@10 : 0.2561    precision@10 : 0.0294
Wed 03 Apr 2024 14:44:27 INFO  epoch 15 training [time: 3.78s, train loss: 44.9688]
Wed 03 Apr 2024 14:46:44 INFO  epoch 15 evaluating [time: 137.01s, valid_score: 0.101100]
Wed 03 Apr 2024 14:46:44 INFO  valid result: 
recall@10 : 0.1671    mrr@10 : 0.1011    ndcg@10 : 0.0976    hit@10 : 0.2532    precision@10 : 0.029
Wed 03 Apr 2024 14:46:47 INFO  epoch 16 training [time: 3.82s, train loss: 44.0439]
Wed 03 Apr 2024 14:49:04 INFO  epoch 16 evaluating [time: 136.84s, valid_score: 0.099300]
Wed 03 Apr 2024 14:49:04 INFO  valid result: 
recall@10 : 0.1663    mrr@10 : 0.0993    ndcg@10 : 0.0964    hit@10 : 0.254    precision@10 : 0.029
Wed 03 Apr 2024 14:49:08 INFO  epoch 17 training [time: 3.79s, train loss: 43.1379]
Wed 03 Apr 2024 14:51:25 INFO  epoch 17 evaluating [time: 137.02s, valid_score: 0.099700]
Wed 03 Apr 2024 14:51:25 INFO  valid result: 
recall@10 : 0.1671    mrr@10 : 0.0997    ndcg@10 : 0.0971    hit@10 : 0.2548    precision@10 : 0.0293
Wed 03 Apr 2024 14:51:29 INFO  epoch 18 training [time: 3.82s, train loss: 41.8844]
Wed 03 Apr 2024 14:53:46 INFO  epoch 18 evaluating [time: 136.76s, valid_score: 0.102900]
Wed 03 Apr 2024 14:53:46 INFO  valid result: 
recall@10 : 0.1719    mrr@10 : 0.1029    ndcg@10 : 0.1    hit@10 : 0.2613    precision@10 : 0.03
Wed 03 Apr 2024 14:53:50 INFO  epoch 19 training [time: 3.89s, train loss: 40.5933]
Wed 03 Apr 2024 14:56:08 INFO  epoch 19 evaluating [time: 137.95s, valid_score: 0.105400]
Wed 03 Apr 2024 14:56:08 INFO  valid result: 
recall@10 : 0.1714    mrr@10 : 0.1054    ndcg@10 : 0.1016    hit@10 : 0.2614    precision@10 : 0.0302
Wed 03 Apr 2024 14:56:11 INFO  epoch 20 training [time: 3.93s, train loss: 39.4347]
Wed 03 Apr 2024 14:58:28 INFO  epoch 20 evaluating [time: 136.45s, valid_score: 0.105600]
Wed 03 Apr 2024 14:58:28 INFO  valid result: 
recall@10 : 0.1761    mrr@10 : 0.1056    ndcg@10 : 0.1028    hit@10 : 0.2668    precision@10 : 0.0308
Wed 03 Apr 2024 14:58:32 INFO  epoch 21 training [time: 3.76s, train loss: 38.2370]
Wed 03 Apr 2024 15:00:49 INFO  epoch 21 evaluating [time: 136.91s, valid_score: 0.103900]
Wed 03 Apr 2024 15:00:49 INFO  valid result: 
recall@10 : 0.175    mrr@10 : 0.1039    ndcg@10 : 0.1013    hit@10 : 0.2656    precision@10 : 0.0307
Wed 03 Apr 2024 15:00:52 INFO  epoch 22 training [time: 3.86s, train loss: 37.0386]
Wed 03 Apr 2024 15:03:09 INFO  epoch 22 evaluating [time: 136.55s, valid_score: 0.105100]
Wed 03 Apr 2024 15:03:09 INFO  valid result: 
recall@10 : 0.1766    mrr@10 : 0.1051    ndcg@10 : 0.1027    hit@10 : 0.2686    precision@10 : 0.0309
Wed 03 Apr 2024 15:03:09 INFO  Finished training, best eval result in epoch 11
Wed 03 Apr 2024 15:03:10 INFO  Loading model structure and parameters from saved/LFM-1b_artist_20U50I/KGCN/KGCN-Apr-03-2024_14-07-56.pth
Wed 03 Apr 2024 15:05:37 INFO  The running environment of this training is as follows:
+-------------+----------------+
| Environment |     Usage      |
+=============+================+
| CPU         |     6.00 %     |
+-------------+----------------+
| GPU         | 0.23 G/14.58 G |
+-------------+----------------+
| Memory      | 1.73 G/27.41 G |
+-------------+----------------+
Wed 03 Apr 2024 15:05:37 INFO  best valid : OrderedDict([('recall@10', 0.1723), ('mrr@10', 0.1064), ('ndcg@10', 0.1019), ('hit@10', 0.2598), ('precision@10', 0.0297)])
Wed 03 Apr 2024 15:05:37 INFO  test result: OrderedDict([('recall@10', 0.1742), ('mrr@10', 0.106), ('ndcg@10', 0.1021), ('hit@10', 0.2595), ('precision@10', 0.0299)])
Wed 03 Apr 2024 15:05:38 INFO  
General Hyper Parameters:
gpu_id = 0
use_gpu = True
seed = 2020
state = INFO
reproducibility = True
data_path = data/LFM-1b_artist_20U50I
checkpoint_dir = saved/LFM-1b_artist_20U50I/KGCN
show_progress = True
save_dataset = False
dataset_save_path = None
save_dataloaders = False
dataloaders_save_path = None
log_wandb = False

Training Hyper Parameters:
epochs = 100
train_batch_size = 2048
learner = adam
learning_rate = 0.001
train_neg_sample_args = {'distribution': 'uniform', 'sample_num': 1, 'dynamic': False, 'candidate_num': 0, 'alpha': 1.0}
eval_step = 1
stopping_step = 10
clip_grad_norm = None
weight_decay = 0.0
loss_decimal_place = 4

Evaluation Hyper Parameters:
eval_args = {'split': {'RS': [0.8, 0.1, 0.1]}, 'order': 'RO', 'group_by': 'user', 'mode': {'valid': 'full', 'test': 'full'}}
repeatable = False
metrics = ['Recall', 'MRR', 'NDCG', 'Hit', 'Precision']
topk = [10]
valid_metric = MRR@10
valid_metric_bigger = True
eval_batch_size = 4096
metric_decimal_place = 4

Dataset Hyper Parameters:
field_separator = 	
seq_separator =  
USER_ID_FIELD = user_id
ITEM_ID_FIELD = item_id
RATING_FIELD = rating
TIME_FIELD = timestamp
seq_len = None
LABEL_FIELD = label
threshold = None
NEG_PREFIX = neg_
load_col = {'inter': ['user_id', 'item_id', 'rating', 'timestamp'], 'kg': ['head_id', 'relation_id', 'tail_id'], 'link': ['item_id', 'entity_id']}
unload_col = None
unused_col = None
additional_feat_suffix = None
rm_dup_inter = None
val_interval = None
filter_inter_by_user_or_item = True
user_inter_num_interval = [0,inf)
item_inter_num_interval = [0,inf)
alias_of_user_id = None
alias_of_item_id = None
alias_of_entity_id = None
alias_of_relation_id = None
preload_weight = None
normalize_field = None
normalize_all = None
ITEM_LIST_LENGTH_FIELD = item_length
LIST_SUFFIX = _list
MAX_ITEM_LIST_LENGTH = 50
POSITION_FIELD = position_id
HEAD_ENTITY_ID_FIELD = head_id
TAIL_ENTITY_ID_FIELD = tail_id
RELATION_ID_FIELD = relation_id
ENTITY_ID_FIELD = entity_id
benchmark_filename = None

Other Hyper Parameters: 
worker = 0
wandb_project = recbole
shuffle = True
require_pow = False
enable_amp = False
enable_scaler = False
transform = None
embedding_size = 64
n_iter = 1
aggregator = sum
reg_weight = 1e-07
neighbor_sample_size = 4
numerical_features = []
discretization = None
kg_reverse_r = False
entity_kg_num_interval = [0,inf)
relation_kg_num_interval = [0,inf)
MODEL_TYPE = ModelType.KNOWLEDGE
encoding = utf-8
device = cuda
my_log_file = /mnt/batch/tasks/shared/LS_root/mounts/clusters/fontanagpu/code/sustainability-of-recsys/log/carbon_default_default.log
MODEL_INPUT_TYPE = InputType.PAIRWISE
eval_type = EvaluatorType.RANKING
single_spec = True
local_rank = 0
valid_neg_sample_args = {'distribution': 'uniform', 'sample_num': 'none'}
test_neg_sample_args = {'distribution': 'uniform', 'sample_num': 'none'}


Wed 03 Apr 2024 15:05:46 INFO  LFM-1b_artist_20U50I
The number of users: 19426
Average actions of users: 19.186718146718146
The number of items: 15510
Average actions of items: 24.03133664323941
The number of inters: 372702
The sparsity of the dataset: 99.87630089964973%
Remain Fields: ['entity_id', 'user_id', 'item_id', 'head_id', 'relation_id', 'tail_id']
The number of entities: 50666
The number of relations: 7
The number of triples: 46827
The number of items that have been linked to KG: 15509
Wed 03 Apr 2024 15:05:47 INFO  [Training]: train_batch_size = [2048] train_neg_sample_args: [{'distribution': 'uniform', 'sample_num': 1, 'dynamic': False, 'candidate_num': 0, 'alpha': 1.0}]
Wed 03 Apr 2024 15:05:47 INFO  [Evaluation]: eval_batch_size = [4096] eval_args: [{'split': {'RS': [0.8, 0.1, 0.1]}, 'order': 'RO', 'group_by': 'user', 'mode': {'valid': 'full', 'test': 'full'}}]
Wed 03 Apr 2024 15:05:50 INFO  Loading model structure and parameters from saved/LFM-1b_artist_20U50I/KGCN/KGCN-Mar-28-2024_16-51-41.pth
