Fri 05 Apr 2024 16:54:39 INFO  ['src/default_tracker.py', '--dataset=LFM-1b_artist_20U50I_50strat', '--model=KGCN']
Fri 05 Apr 2024 16:54:39 INFO  
General Hyper Parameters:
gpu_id = 0
use_gpu = True
seed = 2020
state = INFO
reproducibility = True
data_path = data/LFM-1b_artist_20U50I_50strat
checkpoint_dir = saved/LFM-1b_artist_20U50I_50strat/KGCN
show_progress = True
save_dataset = False
dataset_save_path = None
save_dataloaders = False
dataloaders_save_path = None
log_wandb = False

Training Hyper Parameters:
epochs = 200
train_batch_size = 2048
learner = adam
learning_rate = 0.001
train_neg_sample_args = {'distribution': 'uniform', 'sample_num': 1, 'dynamic': False, 'candidate_num': 0, 'alpha': 1.0}
eval_step = 1
stopping_step = 10
clip_grad_norm = None
weight_decay = 0.0
loss_decimal_place = 4

Evaluation Hyper Parameters:
eval_args = {'split': {'RS': [0.8, 0.1, 0.1]}, 'order': 'RO', 'group_by': 'user', 'mode': {'valid': 'full', 'test': 'full'}}
repeatable = False
metrics = ['Recall', 'MRR', 'NDCG', 'Hit', 'Precision']
topk = [10]
valid_metric = MRR@10
valid_metric_bigger = True
eval_batch_size = 4096
metric_decimal_place = 4

Dataset Hyper Parameters:
field_separator = 	
seq_separator =  
USER_ID_FIELD = user_id
ITEM_ID_FIELD = item_id
RATING_FIELD = rating
TIME_FIELD = timestamp
seq_len = None
LABEL_FIELD = label
threshold = None
NEG_PREFIX = neg_
load_col = {'inter': ['user_id', 'item_id', 'rating', 'timestamp'], 'kg': ['head_id', 'relation_id', 'tail_id'], 'link': ['item_id', 'entity_id']}
unload_col = None
unused_col = None
additional_feat_suffix = None
rm_dup_inter = None
val_interval = None
filter_inter_by_user_or_item = True
user_inter_num_interval = [0,inf)
item_inter_num_interval = [0,inf)
alias_of_user_id = None
alias_of_item_id = None
alias_of_entity_id = None
alias_of_relation_id = None
preload_weight = None
normalize_field = None
normalize_all = None
ITEM_LIST_LENGTH_FIELD = item_length
LIST_SUFFIX = _list
MAX_ITEM_LIST_LENGTH = 50
POSITION_FIELD = position_id
HEAD_ENTITY_ID_FIELD = head_id
TAIL_ENTITY_ID_FIELD = tail_id
RELATION_ID_FIELD = relation_id
ENTITY_ID_FIELD = entity_id
benchmark_filename = None

Other Hyper Parameters: 
worker = 0
wandb_project = recbole
shuffle = True
require_pow = False
enable_amp = False
enable_scaler = False
transform = None
embedding_size = 64
n_iter = 1
aggregator = sum
reg_weight = 1e-07
neighbor_sample_size = 4
numerical_features = []
discretization = None
kg_reverse_r = False
entity_kg_num_interval = [0,inf)
relation_kg_num_interval = [0,inf)
MODEL_TYPE = ModelType.KNOWLEDGE
encoding = utf-8
device = cuda
my_log_file = /mnt/batch/tasks/shared/LS_root/mounts/clusters/fontanagpu/code/sustainability-of-recsys/log/carbon_default.log
MODEL_INPUT_TYPE = InputType.PAIRWISE
eval_type = EvaluatorType.RANKING
single_spec = True
local_rank = 0
valid_neg_sample_args = {'distribution': 'uniform', 'sample_num': 'none'}
test_neg_sample_args = {'distribution': 'uniform', 'sample_num': 'none'}


Fri 05 Apr 2024 16:54:46 INFO  LFM-1b_artist_20U50I_50strat
The number of users: 18495
Average actions of users: 9.852492700335244
The number of items: 12523
Average actions of items: 14.551349624660597
The number of inters: 182212
The sparsity of the dataset: 99.92132907458927%
Remain Fields: ['entity_id', 'user_id', 'item_id', 'head_id', 'relation_id', 'tail_id']
The number of entities: 42032
The number of relations: 7
The number of triples: 38491
The number of items that have been linked to KG: 12522
Fri 05 Apr 2024 16:54:47 INFO  [Training]: train_batch_size = [2048] train_neg_sample_args: [{'distribution': 'uniform', 'sample_num': 1, 'dynamic': False, 'candidate_num': 0, 'alpha': 1.0}]
Fri 05 Apr 2024 16:54:47 INFO  [Evaluation]: eval_batch_size = [4096] eval_args: [{'split': {'RS': [0.8, 0.1, 0.1]}, 'order': 'RO', 'group_by': 'user', 'mode': {'valid': 'full', 'test': 'full'}}]
Fri 05 Apr 2024 16:54:49 INFO  KGCN(
  (user_embedding): Embedding(18495, 64)
  (entity_embedding): Embedding(42032, 64)
  (relation_embedding): Embedding(8, 64)
  (softmax): Softmax(dim=-1)
  (linear_layers): ModuleList(
    (0): Linear(in_features=64, out_features=64, bias=True)
  )
  (ReLU): ReLU()
  (Tanh): Tanh()
  (bce_loss): BCEWithLogitsLoss()
  (l2_loss): EmbLoss()
)
Trainable parameters: 3878400
Fri 05 Apr 2024 16:54:57 INFO  FLOPs: 4747.0
Fri 05 Apr 2024 16:55:34 INFO  epoch 0 training [time: 4.88s, train loss: 48.4839]
Fri 05 Apr 2024 16:57:10 INFO  epoch 0 evaluating [time: 95.78s, valid_score: 0.048700]
Fri 05 Apr 2024 16:57:10 INFO  valid result: 
recall@10 : 0.1193    mrr@10 : 0.0487    ndcg@10 : 0.0615    hit@10 : 0.1406    precision@10 : 0.0145
Fri 05 Apr 2024 16:57:11 INFO  Saving current: saved/LFM-1b_artist_20U50I_50strat/KGCN/KGCN-Apr-05-2024_16-54-57.pth
Fri 05 Apr 2024 16:57:13 INFO  epoch 1 training [time: 1.92s, train loss: 39.0609]
Fri 05 Apr 2024 16:58:49 INFO  epoch 1 evaluating [time: 96.66s, valid_score: 0.057900]
Fri 05 Apr 2024 16:58:49 INFO  valid result: 
recall@10 : 0.1431    mrr@10 : 0.0579    ndcg@10 : 0.0739    hit@10 : 0.1646    precision@10 : 0.0169
Fri 05 Apr 2024 16:58:50 INFO  Saving current: saved/LFM-1b_artist_20U50I_50strat/KGCN/KGCN-Apr-05-2024_16-54-57.pth
Fri 05 Apr 2024 16:58:52 INFO  epoch 2 training [time: 1.94s, train loss: 27.7328]
Fri 05 Apr 2024 17:00:28 INFO  epoch 2 evaluating [time: 95.86s, valid_score: 0.058400]
Fri 05 Apr 2024 17:00:28 INFO  valid result: 
recall@10 : 0.146    mrr@10 : 0.0584    ndcg@10 : 0.0751    hit@10 : 0.1678    precision@10 : 0.0172
Fri 05 Apr 2024 17:00:28 INFO  Saving current: saved/LFM-1b_artist_20U50I_50strat/KGCN/KGCN-Apr-05-2024_16-54-57.pth
Fri 05 Apr 2024 17:00:30 INFO  epoch 3 training [time: 1.86s, train loss: 26.2499]
Fri 05 Apr 2024 17:02:06 INFO  epoch 3 evaluating [time: 95.59s, valid_score: 0.057500]
Fri 05 Apr 2024 17:02:06 INFO  valid result: 
recall@10 : 0.1449    mrr@10 : 0.0575    ndcg@10 : 0.0742    hit@10 : 0.166    precision@10 : 0.017
Fri 05 Apr 2024 17:02:08 INFO  epoch 4 training [time: 1.97s, train loss: 25.5740]
Fri 05 Apr 2024 17:03:43 INFO  epoch 4 evaluating [time: 95.53s, valid_score: 0.057600]
Fri 05 Apr 2024 17:03:43 INFO  valid result: 
recall@10 : 0.1457    mrr@10 : 0.0576    ndcg@10 : 0.0745    hit@10 : 0.1672    precision@10 : 0.0172
Fri 05 Apr 2024 17:03:45 INFO  epoch 5 training [time: 2.02s, train loss: 25.2309]
Fri 05 Apr 2024 17:05:21 INFO  epoch 5 evaluating [time: 95.25s, valid_score: 0.057900]
Fri 05 Apr 2024 17:05:21 INFO  valid result: 
recall@10 : 0.1463    mrr@10 : 0.0579    ndcg@10 : 0.0748    hit@10 : 0.168    precision@10 : 0.0172
Fri 05 Apr 2024 17:05:23 INFO  epoch 6 training [time: 2.04s, train loss: 25.1379]
Fri 05 Apr 2024 17:06:58 INFO  epoch 6 evaluating [time: 95.20s, valid_score: 0.058400]
Fri 05 Apr 2024 17:06:58 INFO  valid result: 
recall@10 : 0.1464    mrr@10 : 0.0584    ndcg@10 : 0.0752    hit@10 : 0.1681    precision@10 : 0.0173
Fri 05 Apr 2024 17:06:59 INFO  Saving current: saved/LFM-1b_artist_20U50I_50strat/KGCN/KGCN-Apr-05-2024_16-54-57.pth
Fri 05 Apr 2024 17:07:00 INFO  epoch 7 training [time: 1.89s, train loss: 25.0634]
Fri 05 Apr 2024 17:08:36 INFO  epoch 7 evaluating [time: 95.37s, valid_score: 0.058600]
Fri 05 Apr 2024 17:08:36 INFO  valid result: 
recall@10 : 0.1472    mrr@10 : 0.0586    ndcg@10 : 0.0756    hit@10 : 0.169    precision@10 : 0.0174
Fri 05 Apr 2024 17:08:36 INFO  Saving current: saved/LFM-1b_artist_20U50I_50strat/KGCN/KGCN-Apr-05-2024_16-54-57.pth
Fri 05 Apr 2024 17:08:38 INFO  epoch 8 training [time: 1.88s, train loss: 24.7440]
Fri 05 Apr 2024 17:10:14 INFO  epoch 8 evaluating [time: 95.74s, valid_score: 0.058800]
Fri 05 Apr 2024 17:10:14 INFO  valid result: 
recall@10 : 0.1483    mrr@10 : 0.0588    ndcg@10 : 0.0758    hit@10 : 0.1704    precision@10 : 0.0175
Fri 05 Apr 2024 17:10:15 INFO  Saving current: saved/LFM-1b_artist_20U50I_50strat/KGCN/KGCN-Apr-05-2024_16-54-57.pth
Fri 05 Apr 2024 17:10:17 INFO  epoch 9 training [time: 1.92s, train loss: 24.5943]
Fri 05 Apr 2024 17:11:52 INFO  epoch 9 evaluating [time: 95.31s, valid_score: 0.058400]
Fri 05 Apr 2024 17:11:52 INFO  valid result: 
recall@10 : 0.1473    mrr@10 : 0.0584    ndcg@10 : 0.0755    hit@10 : 0.1689    precision@10 : 0.0174
Fri 05 Apr 2024 17:11:54 INFO  epoch 10 training [time: 1.96s, train loss: 24.4777]
Fri 05 Apr 2024 17:13:29 INFO  epoch 10 evaluating [time: 95.45s, valid_score: 0.058200]
Fri 05 Apr 2024 17:13:29 INFO  valid result: 
recall@10 : 0.1478    mrr@10 : 0.0582    ndcg@10 : 0.0754    hit@10 : 0.1702    precision@10 : 0.0175
Fri 05 Apr 2024 17:13:31 INFO  epoch 11 training [time: 1.95s, train loss: 24.2442]
Fri 05 Apr 2024 17:15:07 INFO  epoch 11 evaluating [time: 95.38s, valid_score: 0.057900]
Fri 05 Apr 2024 17:15:07 INFO  valid result: 
recall@10 : 0.1474    mrr@10 : 0.0579    ndcg@10 : 0.0752    hit@10 : 0.1693    precision@10 : 0.0174
Fri 05 Apr 2024 17:15:09 INFO  epoch 12 training [time: 1.94s, train loss: 24.1272]
Fri 05 Apr 2024 17:16:44 INFO  epoch 12 evaluating [time: 95.35s, valid_score: 0.058400]
Fri 05 Apr 2024 17:16:44 INFO  valid result: 
recall@10 : 0.147    mrr@10 : 0.0584    ndcg@10 : 0.0754    hit@10 : 0.1689    precision@10 : 0.0173
Fri 05 Apr 2024 17:16:46 INFO  epoch 13 training [time: 2.00s, train loss: 23.9622]
Fri 05 Apr 2024 17:18:21 INFO  epoch 13 evaluating [time: 95.21s, valid_score: 0.058100]
Fri 05 Apr 2024 17:18:21 INFO  valid result: 
recall@10 : 0.1466    mrr@10 : 0.0581    ndcg@10 : 0.0752    hit@10 : 0.1682    precision@10 : 0.0173
Fri 05 Apr 2024 17:18:23 INFO  epoch 14 training [time: 1.99s, train loss: 23.8396]
Fri 05 Apr 2024 17:19:58 INFO  epoch 14 evaluating [time: 95.02s, valid_score: 0.058200]
Fri 05 Apr 2024 17:19:58 INFO  valid result: 
recall@10 : 0.1468    mrr@10 : 0.0582    ndcg@10 : 0.0753    hit@10 : 0.1689    precision@10 : 0.0173
Fri 05 Apr 2024 17:20:00 INFO  epoch 15 training [time: 1.93s, train loss: 23.6891]
Fri 05 Apr 2024 17:21:35 INFO  epoch 15 evaluating [time: 95.09s, valid_score: 0.058900]
Fri 05 Apr 2024 17:21:35 INFO  valid result: 
recall@10 : 0.1489    mrr@10 : 0.0589    ndcg@10 : 0.0761    hit@10 : 0.1713    precision@10 : 0.0176
Fri 05 Apr 2024 17:21:36 INFO  Saving current: saved/LFM-1b_artist_20U50I_50strat/KGCN/KGCN-Apr-05-2024_16-54-57.pth
Fri 05 Apr 2024 17:21:38 INFO  epoch 16 training [time: 1.85s, train loss: 23.5306]
Fri 05 Apr 2024 17:23:13 INFO  epoch 16 evaluating [time: 95.12s, valid_score: 0.058700]
Fri 05 Apr 2024 17:23:13 INFO  valid result: 
recall@10 : 0.1488    mrr@10 : 0.0587    ndcg@10 : 0.076    hit@10 : 0.1709    precision@10 : 0.0175
Fri 05 Apr 2024 17:23:15 INFO  epoch 17 training [time: 2.00s, train loss: 23.3932]
Fri 05 Apr 2024 17:24:50 INFO  epoch 17 evaluating [time: 94.70s, valid_score: 0.058600]
Fri 05 Apr 2024 17:24:50 INFO  valid result: 
recall@10 : 0.1493    mrr@10 : 0.0586    ndcg@10 : 0.0761    hit@10 : 0.1718    precision@10 : 0.0176
Fri 05 Apr 2024 17:24:52 INFO  epoch 18 training [time: 1.93s, train loss: 23.3749]
Fri 05 Apr 2024 17:26:26 INFO  epoch 18 evaluating [time: 94.57s, valid_score: 0.058100]
Fri 05 Apr 2024 17:26:26 INFO  valid result: 
recall@10 : 0.1472    mrr@10 : 0.0581    ndcg@10 : 0.0752    hit@10 : 0.1695    precision@10 : 0.0174
Fri 05 Apr 2024 17:26:28 INFO  epoch 19 training [time: 1.98s, train loss: 23.2088]
Fri 05 Apr 2024 17:28:03 INFO  epoch 19 evaluating [time: 94.58s, valid_score: 0.058200]
Fri 05 Apr 2024 17:28:03 INFO  valid result: 
recall@10 : 0.1487    mrr@10 : 0.0582    ndcg@10 : 0.0756    hit@10 : 0.1712    precision@10 : 0.0176
Fri 05 Apr 2024 17:28:05 INFO  epoch 20 training [time: 2.02s, train loss: 23.1367]
Fri 05 Apr 2024 17:29:40 INFO  epoch 20 evaluating [time: 95.73s, valid_score: 0.058600]
Fri 05 Apr 2024 17:29:40 INFO  valid result: 
recall@10 : 0.1487    mrr@10 : 0.0586    ndcg@10 : 0.0759    hit@10 : 0.1713    precision@10 : 0.0176
Fri 05 Apr 2024 17:29:42 INFO  epoch 21 training [time: 2.00s, train loss: 22.7688]
Fri 05 Apr 2024 17:31:17 INFO  epoch 21 evaluating [time: 94.41s, valid_score: 0.058300]
Fri 05 Apr 2024 17:31:17 INFO  valid result: 
recall@10 : 0.1467    mrr@10 : 0.0583    ndcg@10 : 0.0753    hit@10 : 0.169    precision@10 : 0.0173
Fri 05 Apr 2024 17:31:19 INFO  epoch 22 training [time: 2.00s, train loss: 22.5422]
Fri 05 Apr 2024 17:32:54 INFO  epoch 22 evaluating [time: 94.83s, valid_score: 0.058300]
Fri 05 Apr 2024 17:32:54 INFO  valid result: 
recall@10 : 0.1472    mrr@10 : 0.0583    ndcg@10 : 0.0754    hit@10 : 0.17    precision@10 : 0.0175
Fri 05 Apr 2024 17:32:56 INFO  epoch 23 training [time: 2.04s, train loss: 22.0956]
Fri 05 Apr 2024 17:34:30 INFO  epoch 23 evaluating [time: 94.62s, valid_score: 0.057700]
Fri 05 Apr 2024 17:34:30 INFO  valid result: 
recall@10 : 0.1433    mrr@10 : 0.0577    ndcg@10 : 0.0739    hit@10 : 0.1655    precision@10 : 0.017
Fri 05 Apr 2024 17:34:33 INFO  epoch 24 training [time: 2.13s, train loss: 21.8077]
Fri 05 Apr 2024 17:36:07 INFO  epoch 24 evaluating [time: 94.66s, valid_score: 0.057500]
Fri 05 Apr 2024 17:36:07 INFO  valid result: 
recall@10 : 0.1456    mrr@10 : 0.0575    ndcg@10 : 0.0745    hit@10 : 0.1676    precision@10 : 0.0172
Fri 05 Apr 2024 17:36:10 INFO  epoch 25 training [time: 2.53s, train loss: 21.4110]
Fri 05 Apr 2024 17:37:44 INFO  epoch 25 evaluating [time: 94.52s, valid_score: 0.058100]
Fri 05 Apr 2024 17:37:44 INFO  valid result: 
recall@10 : 0.1479    mrr@10 : 0.0581    ndcg@10 : 0.0756    hit@10 : 0.17    precision@10 : 0.0175
Fri 05 Apr 2024 17:37:46 INFO  epoch 26 training [time: 2.08s, train loss: 20.9336]
Fri 05 Apr 2024 17:39:21 INFO  epoch 26 evaluating [time: 94.43s, valid_score: 0.057800]
Fri 05 Apr 2024 17:39:21 INFO  valid result: 
recall@10 : 0.1463    mrr@10 : 0.0578    ndcg@10 : 0.075    hit@10 : 0.1679    precision@10 : 0.0173
Fri 05 Apr 2024 17:39:21 INFO  Finished training, best eval result in epoch 15
Fri 05 Apr 2024 17:39:22 INFO  Loading model structure and parameters from saved/LFM-1b_artist_20U50I_50strat/KGCN/KGCN-Apr-05-2024_16-54-57.pth
Fri 05 Apr 2024 17:41:10 INFO  The running environment of this training is as follows:
+-------------+----------------+
| Environment |     Usage      |
+=============+================+
| CPU         |     3.50 %     |
+-------------+----------------+
| GPU         | 0.21 G/14.58 G |
+-------------+----------------+
| Memory      | 1.66 G/27.41 G |
+-------------+----------------+
Fri 05 Apr 2024 17:41:10 INFO  best valid : OrderedDict([('recall@10', 0.1489), ('mrr@10', 0.0589), ('ndcg@10', 0.0761), ('hit@10', 0.1713), ('precision@10', 0.0176)])
Fri 05 Apr 2024 17:41:10 INFO  test result: OrderedDict([('recall@10', 0.1542), ('mrr@10', 0.0589), ('ndcg@10', 0.0776), ('hit@10', 0.1736), ('precision@10', 0.0177)])
Fri 05 Apr 2024 17:41:11 INFO  
General Hyper Parameters:
gpu_id = 0
use_gpu = True
seed = 2020
state = INFO
reproducibility = True
data_path = data/LFM-1b_artist_20U50I_50strat
checkpoint_dir = saved/LFM-1b_artist_20U50I_50strat/KGCN
show_progress = True
save_dataset = False
dataset_save_path = None
save_dataloaders = False
dataloaders_save_path = None
log_wandb = False

Training Hyper Parameters:
epochs = 200
train_batch_size = 2048
learner = adam
learning_rate = 0.001
train_neg_sample_args = {'distribution': 'uniform', 'sample_num': 1, 'dynamic': False, 'candidate_num': 0, 'alpha': 1.0}
eval_step = 1
stopping_step = 10
clip_grad_norm = None
weight_decay = 0.0
loss_decimal_place = 4

Evaluation Hyper Parameters:
eval_args = {'split': {'RS': [0.8, 0.1, 0.1]}, 'order': 'RO', 'group_by': 'user', 'mode': {'valid': 'full', 'test': 'full'}}
repeatable = False
metrics = ['Recall', 'MRR', 'NDCG', 'Hit', 'Precision']
topk = [10]
valid_metric = MRR@10
valid_metric_bigger = True
eval_batch_size = 4096
metric_decimal_place = 4

Dataset Hyper Parameters:
field_separator = 	
seq_separator =  
USER_ID_FIELD = user_id
ITEM_ID_FIELD = item_id
RATING_FIELD = rating
TIME_FIELD = timestamp
seq_len = None
LABEL_FIELD = label
threshold = None
NEG_PREFIX = neg_
load_col = {'inter': ['user_id', 'item_id', 'rating', 'timestamp'], 'kg': ['head_id', 'relation_id', 'tail_id'], 'link': ['item_id', 'entity_id']}
unload_col = None
unused_col = None
additional_feat_suffix = None
rm_dup_inter = None
val_interval = None
filter_inter_by_user_or_item = True
user_inter_num_interval = [0,inf)
item_inter_num_interval = [0,inf)
alias_of_user_id = None
alias_of_item_id = None
alias_of_entity_id = None
alias_of_relation_id = None
preload_weight = None
normalize_field = None
normalize_all = None
ITEM_LIST_LENGTH_FIELD = item_length
LIST_SUFFIX = _list
MAX_ITEM_LIST_LENGTH = 50
POSITION_FIELD = position_id
HEAD_ENTITY_ID_FIELD = head_id
TAIL_ENTITY_ID_FIELD = tail_id
RELATION_ID_FIELD = relation_id
ENTITY_ID_FIELD = entity_id
benchmark_filename = None

Other Hyper Parameters: 
worker = 0
wandb_project = recbole
shuffle = True
require_pow = False
enable_amp = False
enable_scaler = False
transform = None
embedding_size = 64
n_iter = 1
aggregator = sum
reg_weight = 1e-07
neighbor_sample_size = 4
numerical_features = []
discretization = None
kg_reverse_r = False
entity_kg_num_interval = [0,inf)
relation_kg_num_interval = [0,inf)
MODEL_TYPE = ModelType.KNOWLEDGE
encoding = utf-8
device = cuda
my_log_file = /mnt/batch/tasks/shared/LS_root/mounts/clusters/fontanagpu/code/sustainability-of-recsys/log/carbon_default.log
MODEL_INPUT_TYPE = InputType.PAIRWISE
eval_type = EvaluatorType.RANKING
single_spec = True
local_rank = 0
valid_neg_sample_args = {'distribution': 'uniform', 'sample_num': 'none'}
test_neg_sample_args = {'distribution': 'uniform', 'sample_num': 'none'}


Fri 05 Apr 2024 17:41:17 INFO  LFM-1b_artist_20U50I_50strat
The number of users: 18495
Average actions of users: 9.852492700335244
The number of items: 12523
Average actions of items: 14.551349624660597
The number of inters: 182212
The sparsity of the dataset: 99.92132907458927%
Remain Fields: ['entity_id', 'user_id', 'item_id', 'head_id', 'relation_id', 'tail_id']
The number of entities: 42032
The number of relations: 7
The number of triples: 38491
The number of items that have been linked to KG: 12522
Fri 05 Apr 2024 17:41:18 INFO  [Training]: train_batch_size = [2048] train_neg_sample_args: [{'distribution': 'uniform', 'sample_num': 1, 'dynamic': False, 'candidate_num': 0, 'alpha': 1.0}]
Fri 05 Apr 2024 17:41:18 INFO  [Evaluation]: eval_batch_size = [4096] eval_args: [{'split': {'RS': [0.8, 0.1, 0.1]}, 'order': 'RO', 'group_by': 'user', 'mode': {'valid': 'full', 'test': 'full'}}]
Fri 05 Apr 2024 17:41:21 INFO  Loading model structure and parameters from saved/LFM-1b_artist_20U50I_50strat/KGCN/KGCN-Apr-05-2024_16-54-57.pth
