Thu 04 Apr 2024 21:31:45 INFO  ['src/default_tracker.py', '--dataset=LFM-1b_artist_20U50I_75strat', '--model=KGCN']
Thu 04 Apr 2024 21:31:45 INFO  
General Hyper Parameters:
gpu_id = 0
use_gpu = True
seed = 2020
state = INFO
reproducibility = True
data_path = data/LFM-1b_artist_20U50I_75strat
checkpoint_dir = saved/LFM-1b_artist_20U50I_75strat/KGCN
show_progress = True
save_dataset = False
dataset_save_path = None
save_dataloaders = False
dataloaders_save_path = None
log_wandb = False

Training Hyper Parameters:
epochs = 200
train_batch_size = 2048
learner = adam
learning_rate = 0.001
train_neg_sample_args = {'distribution': 'uniform', 'sample_num': 1, 'dynamic': False, 'candidate_num': 0, 'alpha': 1.0}
eval_step = 1
stopping_step = 10
clip_grad_norm = None
weight_decay = 0.0
loss_decimal_place = 4

Evaluation Hyper Parameters:
eval_args = {'split': {'RS': [0.8, 0.1, 0.1]}, 'order': 'RO', 'group_by': 'user', 'mode': {'valid': 'full', 'test': 'full'}}
repeatable = False
metrics = ['Recall', 'MRR', 'NDCG', 'Hit', 'Precision']
topk = [10]
valid_metric = MRR@10
valid_metric_bigger = True
eval_batch_size = 4096
metric_decimal_place = 4

Dataset Hyper Parameters:
field_separator = 	
seq_separator =  
USER_ID_FIELD = user_id
ITEM_ID_FIELD = item_id
RATING_FIELD = rating
TIME_FIELD = timestamp
seq_len = None
LABEL_FIELD = label
threshold = None
NEG_PREFIX = neg_
load_col = {'inter': ['user_id', 'item_id', 'rating', 'timestamp'], 'kg': ['head_id', 'relation_id', 'tail_id'], 'link': ['item_id', 'entity_id']}
unload_col = None
unused_col = None
additional_feat_suffix = None
rm_dup_inter = None
val_interval = None
filter_inter_by_user_or_item = True
user_inter_num_interval = [0,inf)
item_inter_num_interval = [0,inf)
alias_of_user_id = None
alias_of_item_id = None
alias_of_entity_id = None
alias_of_relation_id = None
preload_weight = None
normalize_field = None
normalize_all = None
ITEM_LIST_LENGTH_FIELD = item_length
LIST_SUFFIX = _list
MAX_ITEM_LIST_LENGTH = 50
POSITION_FIELD = position_id
HEAD_ENTITY_ID_FIELD = head_id
TAIL_ENTITY_ID_FIELD = tail_id
RELATION_ID_FIELD = relation_id
ENTITY_ID_FIELD = entity_id
benchmark_filename = None

Other Hyper Parameters: 
worker = 0
wandb_project = recbole
shuffle = True
require_pow = False
enable_amp = False
enable_scaler = False
transform = None
embedding_size = 64
n_iter = 1
aggregator = sum
reg_weight = 1e-07
neighbor_sample_size = 4
numerical_features = []
discretization = None
kg_reverse_r = False
entity_kg_num_interval = [0,inf)
relation_kg_num_interval = [0,inf)
MODEL_TYPE = ModelType.KNOWLEDGE
encoding = utf-8
device = cuda
my_log_file = /mnt/batch/tasks/shared/LS_root/mounts/clusters/fontanagpu/code/sustainability-of-recsys/log/carbon_default.log
MODEL_INPUT_TYPE = InputType.PAIRWISE
eval_type = EvaluatorType.RANKING
single_spec = True
local_rank = 0
valid_neg_sample_args = {'distribution': 'uniform', 'sample_num': 'none'}
test_neg_sample_args = {'distribution': 'uniform', 'sample_num': 'none'}


Thu 04 Apr 2024 21:31:52 INFO  LFM-1b_artist_20U50I_75strat
The number of users: 19103
Average actions of users: 14.47455763794367
The number of items: 14328
Average actions of items: 19.298736651078382
The number of inters: 276493
The sparsity of the dataset: 99.8989824125718%
Remain Fields: ['entity_id', 'user_id', 'item_id', 'head_id', 'relation_id', 'tail_id']
The number of entities: 47309
The number of relations: 7
The number of triples: 43559
The number of items that have been linked to KG: 14327
Thu 04 Apr 2024 21:31:54 INFO  [Training]: train_batch_size = [2048] train_neg_sample_args: [{'distribution': 'uniform', 'sample_num': 1, 'dynamic': False, 'candidate_num': 0, 'alpha': 1.0}]
Thu 04 Apr 2024 21:31:54 INFO  [Evaluation]: eval_batch_size = [4096] eval_args: [{'split': {'RS': [0.8, 0.1, 0.1]}, 'order': 'RO', 'group_by': 'user', 'mode': {'valid': 'full', 'test': 'full'}}]
Thu 04 Apr 2024 21:31:56 INFO  KGCN(
  (user_embedding): Embedding(19103, 64)
  (entity_embedding): Embedding(47309, 64)
  (relation_embedding): Embedding(8, 64)
  (softmax): Softmax(dim=-1)
  (linear_layers): ModuleList(
    (0): Linear(in_features=64, out_features=64, bias=True)
  )
  (ReLU): ReLU()
  (Tanh): Tanh()
  (bce_loss): BCEWithLogitsLoss()
  (l2_loss): EmbLoss()
)
Trainable parameters: 4255040
Thu 04 Apr 2024 21:32:03 INFO  FLOPs: 4747.0
Thu 04 Apr 2024 21:32:44 INFO  epoch 0 training [time: 6.63s, train loss: 72.7491]
Thu 04 Apr 2024 21:34:45 INFO  epoch 0 evaluating [time: 121.36s, valid_score: 0.076500]
Thu 04 Apr 2024 21:34:45 INFO  valid result: 
recall@10 : 0.1476    mrr@10 : 0.0765    ndcg@10 : 0.083    hit@10 : 0.2008    precision@10 : 0.0216
Thu 04 Apr 2024 21:34:46 INFO  Saving current: saved/LFM-1b_artist_20U50I_75strat/KGCN/KGCN-Apr-04-2024_21-32-03.pth
Thu 04 Apr 2024 21:34:49 INFO  epoch 1 training [time: 2.72s, train loss: 44.1540]
Thu 04 Apr 2024 21:36:49 INFO  epoch 1 evaluating [time: 120.59s, valid_score: 0.078000]
Thu 04 Apr 2024 21:36:49 INFO  valid result: 
recall@10 : 0.1536    mrr@10 : 0.078    ndcg@10 : 0.0852    hit@10 : 0.2071    precision@10 : 0.022
Thu 04 Apr 2024 21:36:50 INFO  Saving current: saved/LFM-1b_artist_20U50I_75strat/KGCN/KGCN-Apr-04-2024_21-32-03.pth
Thu 04 Apr 2024 21:36:53 INFO  epoch 2 training [time: 2.66s, train loss: 39.4304]
Thu 04 Apr 2024 21:38:53 INFO  epoch 2 evaluating [time: 120.60s, valid_score: 0.078600]
Thu 04 Apr 2024 21:38:53 INFO  valid result: 
recall@10 : 0.1562    mrr@10 : 0.0786    ndcg@10 : 0.0862    hit@10 : 0.2085    precision@10 : 0.0221
Thu 04 Apr 2024 21:38:54 INFO  Saving current: saved/LFM-1b_artist_20U50I_75strat/KGCN/KGCN-Apr-04-2024_21-32-03.pth
Thu 04 Apr 2024 21:38:56 INFO  epoch 3 training [time: 2.71s, train loss: 38.2865]
Thu 04 Apr 2024 21:40:57 INFO  epoch 3 evaluating [time: 120.62s, valid_score: 0.078100]
Thu 04 Apr 2024 21:40:57 INFO  valid result: 
recall@10 : 0.154    mrr@10 : 0.0781    ndcg@10 : 0.0854    hit@10 : 0.2063    precision@10 : 0.0219
Thu 04 Apr 2024 21:41:00 INFO  epoch 4 training [time: 2.85s, train loss: 37.8621]
Thu 04 Apr 2024 21:43:01 INFO  epoch 4 evaluating [time: 120.57s, valid_score: 0.077800]
Thu 04 Apr 2024 21:43:01 INFO  valid result: 
recall@10 : 0.1608    mrr@10 : 0.0778    ndcg@10 : 0.0868    hit@10 : 0.2134    precision@10 : 0.0226
Thu 04 Apr 2024 21:43:03 INFO  epoch 5 training [time: 2.80s, train loss: 37.5944]
Thu 04 Apr 2024 21:45:04 INFO  epoch 5 evaluating [time: 120.98s, valid_score: 0.078400]
Thu 04 Apr 2024 21:45:04 INFO  valid result: 
recall@10 : 0.1593    mrr@10 : 0.0784    ndcg@10 : 0.0867    hit@10 : 0.212    precision@10 : 0.0225
Thu 04 Apr 2024 21:45:07 INFO  epoch 6 training [time: 2.78s, train loss: 37.2741]
Thu 04 Apr 2024 21:47:08 INFO  epoch 6 evaluating [time: 120.58s, valid_score: 0.079500]
Thu 04 Apr 2024 21:47:08 INFO  valid result: 
recall@10 : 0.1602    mrr@10 : 0.0795    ndcg@10 : 0.0878    hit@10 : 0.2127    precision@10 : 0.0225
Thu 04 Apr 2024 21:47:09 INFO  Saving current: saved/LFM-1b_artist_20U50I_75strat/KGCN/KGCN-Apr-04-2024_21-32-03.pth
Thu 04 Apr 2024 21:47:11 INFO  epoch 7 training [time: 2.82s, train loss: 36.9043]
Thu 04 Apr 2024 21:49:12 INFO  epoch 7 evaluating [time: 120.59s, valid_score: 0.078500]
Thu 04 Apr 2024 21:49:12 INFO  valid result: 
recall@10 : 0.1583    mrr@10 : 0.0785    ndcg@10 : 0.087    hit@10 : 0.2103    precision@10 : 0.0223
Thu 04 Apr 2024 21:49:15 INFO  epoch 8 training [time: 2.82s, train loss: 36.5005]
Thu 04 Apr 2024 21:51:16 INFO  epoch 8 evaluating [time: 120.86s, valid_score: 0.078800]
Thu 04 Apr 2024 21:51:16 INFO  valid result: 
recall@10 : 0.1578    mrr@10 : 0.0788    ndcg@10 : 0.0872    hit@10 : 0.2093    precision@10 : 0.0222
Thu 04 Apr 2024 21:51:19 INFO  epoch 9 training [time: 2.91s, train loss: 36.4535]
Thu 04 Apr 2024 21:53:20 INFO  epoch 9 evaluating [time: 121.18s, valid_score: 0.078600]
Thu 04 Apr 2024 21:53:20 INFO  valid result: 
recall@10 : 0.1553    mrr@10 : 0.0786    ndcg@10 : 0.0864    hit@10 : 0.2068    precision@10 : 0.0219
Thu 04 Apr 2024 21:53:23 INFO  epoch 10 training [time: 2.85s, train loss: 36.1480]
Thu 04 Apr 2024 21:55:24 INFO  epoch 10 evaluating [time: 121.11s, valid_score: 0.077400]
Thu 04 Apr 2024 21:55:24 INFO  valid result: 
recall@10 : 0.1582    mrr@10 : 0.0774    ndcg@10 : 0.0864    hit@10 : 0.2107    precision@10 : 0.0224
Thu 04 Apr 2024 21:55:26 INFO  epoch 11 training [time: 2.84s, train loss: 35.8849]
Thu 04 Apr 2024 21:57:27 INFO  epoch 11 evaluating [time: 120.66s, valid_score: 0.075600]
Thu 04 Apr 2024 21:57:27 INFO  valid result: 
recall@10 : 0.1566    mrr@10 : 0.0756    ndcg@10 : 0.0849    hit@10 : 0.2091    precision@10 : 0.0222
Thu 04 Apr 2024 21:57:30 INFO  epoch 12 training [time: 2.97s, train loss: 35.6638]
Thu 04 Apr 2024 21:59:31 INFO  epoch 12 evaluating [time: 120.44s, valid_score: 0.075900]
Thu 04 Apr 2024 21:59:31 INFO  valid result: 
recall@10 : 0.1566    mrr@10 : 0.0759    ndcg@10 : 0.085    hit@10 : 0.2085    precision@10 : 0.0221
Thu 04 Apr 2024 21:59:33 INFO  epoch 13 training [time: 2.82s, train loss: 35.5246]
Thu 04 Apr 2024 22:01:34 INFO  epoch 13 evaluating [time: 120.37s, valid_score: 0.077600]
Thu 04 Apr 2024 22:01:34 INFO  valid result: 
recall@10 : 0.156    mrr@10 : 0.0776    ndcg@10 : 0.0858    hit@10 : 0.2082    precision@10 : 0.0221
Thu 04 Apr 2024 22:01:37 INFO  epoch 14 training [time: 2.95s, train loss: 35.2218]
Thu 04 Apr 2024 22:03:37 INFO  epoch 14 evaluating [time: 120.23s, valid_score: 0.075500]
Thu 04 Apr 2024 22:03:37 INFO  valid result: 
recall@10 : 0.1584    mrr@10 : 0.0755    ndcg@10 : 0.085    hit@10 : 0.211    precision@10 : 0.0224
Thu 04 Apr 2024 22:03:40 INFO  epoch 15 training [time: 2.87s, train loss: 35.1232]
Thu 04 Apr 2024 22:05:40 INFO  epoch 15 evaluating [time: 120.32s, valid_score: 0.075200]
Thu 04 Apr 2024 22:05:40 INFO  valid result: 
recall@10 : 0.1551    mrr@10 : 0.0752    ndcg@10 : 0.0842    hit@10 : 0.2073    precision@10 : 0.022
Thu 04 Apr 2024 22:05:43 INFO  epoch 16 training [time: 2.78s, train loss: 34.7175]
Thu 04 Apr 2024 22:07:43 INFO  epoch 16 evaluating [time: 119.90s, valid_score: 0.072300]
Thu 04 Apr 2024 22:07:43 INFO  valid result: 
recall@10 : 0.153    mrr@10 : 0.0723    ndcg@10 : 0.0819    hit@10 : 0.2038    precision@10 : 0.0217
Thu 04 Apr 2024 22:07:46 INFO  epoch 17 training [time: 2.76s, train loss: 34.1148]
Thu 04 Apr 2024 22:09:45 INFO  epoch 17 evaluating [time: 119.41s, valid_score: 0.069300]
Thu 04 Apr 2024 22:09:45 INFO  valid result: 
recall@10 : 0.1528    mrr@10 : 0.0693    ndcg@10 : 0.0799    hit@10 : 0.2038    precision@10 : 0.0218
Thu 04 Apr 2024 22:09:45 INFO  Finished training, best eval result in epoch 6
Thu 04 Apr 2024 22:09:46 INFO  Loading model structure and parameters from saved/LFM-1b_artist_20U50I_75strat/KGCN/KGCN-Apr-04-2024_21-32-03.pth
Thu 04 Apr 2024 22:11:56 INFO  The running environment of this training is as follows:
+-------------+----------------+
| Environment |     Usage      |
+=============+================+
| CPU         |     1.00 %     |
+-------------+----------------+
| GPU         | 0.22 G/14.58 G |
+-------------+----------------+
| Memory      | 1.70 G/27.41 G |
+-------------+----------------+
Thu 04 Apr 2024 22:11:56 INFO  best valid : OrderedDict([('recall@10', 0.1602), ('mrr@10', 0.0795), ('ndcg@10', 0.0878), ('hit@10', 0.2127), ('precision@10', 0.0225)])
Thu 04 Apr 2024 22:11:56 INFO  test result: OrderedDict([('recall@10', 0.1598), ('mrr@10', 0.0809), ('ndcg@10', 0.0885), ('hit@10', 0.2097), ('precision@10', 0.0224)])
Thu 04 Apr 2024 22:11:57 INFO  
General Hyper Parameters:
gpu_id = 0
use_gpu = True
seed = 2020
state = INFO
reproducibility = True
data_path = data/LFM-1b_artist_20U50I_75strat
checkpoint_dir = saved/LFM-1b_artist_20U50I_75strat/KGCN
show_progress = True
save_dataset = False
dataset_save_path = None
save_dataloaders = False
dataloaders_save_path = None
log_wandb = False

Training Hyper Parameters:
epochs = 200
train_batch_size = 2048
learner = adam
learning_rate = 0.001
train_neg_sample_args = {'distribution': 'uniform', 'sample_num': 1, 'dynamic': False, 'candidate_num': 0, 'alpha': 1.0}
eval_step = 1
stopping_step = 10
clip_grad_norm = None
weight_decay = 0.0
loss_decimal_place = 4

Evaluation Hyper Parameters:
eval_args = {'split': {'RS': [0.8, 0.1, 0.1]}, 'order': 'RO', 'group_by': 'user', 'mode': {'valid': 'full', 'test': 'full'}}
repeatable = False
metrics = ['Recall', 'MRR', 'NDCG', 'Hit', 'Precision']
topk = [10]
valid_metric = MRR@10
valid_metric_bigger = True
eval_batch_size = 4096
metric_decimal_place = 4

Dataset Hyper Parameters:
field_separator = 	
seq_separator =  
USER_ID_FIELD = user_id
ITEM_ID_FIELD = item_id
RATING_FIELD = rating
TIME_FIELD = timestamp
seq_len = None
LABEL_FIELD = label
threshold = None
NEG_PREFIX = neg_
load_col = {'inter': ['user_id', 'item_id', 'rating', 'timestamp'], 'kg': ['head_id', 'relation_id', 'tail_id'], 'link': ['item_id', 'entity_id']}
unload_col = None
unused_col = None
additional_feat_suffix = None
rm_dup_inter = None
val_interval = None
filter_inter_by_user_or_item = True
user_inter_num_interval = [0,inf)
item_inter_num_interval = [0,inf)
alias_of_user_id = None
alias_of_item_id = None
alias_of_entity_id = None
alias_of_relation_id = None
preload_weight = None
normalize_field = None
normalize_all = None
ITEM_LIST_LENGTH_FIELD = item_length
LIST_SUFFIX = _list
MAX_ITEM_LIST_LENGTH = 50
POSITION_FIELD = position_id
HEAD_ENTITY_ID_FIELD = head_id
TAIL_ENTITY_ID_FIELD = tail_id
RELATION_ID_FIELD = relation_id
ENTITY_ID_FIELD = entity_id
benchmark_filename = None

Other Hyper Parameters: 
worker = 0
wandb_project = recbole
shuffle = True
require_pow = False
enable_amp = False
enable_scaler = False
transform = None
embedding_size = 64
n_iter = 1
aggregator = sum
reg_weight = 1e-07
neighbor_sample_size = 4
numerical_features = []
discretization = None
kg_reverse_r = False
entity_kg_num_interval = [0,inf)
relation_kg_num_interval = [0,inf)
MODEL_TYPE = ModelType.KNOWLEDGE
encoding = utf-8
device = cuda
my_log_file = /mnt/batch/tasks/shared/LS_root/mounts/clusters/fontanagpu/code/sustainability-of-recsys/log/carbon_default.log
MODEL_INPUT_TYPE = InputType.PAIRWISE
eval_type = EvaluatorType.RANKING
single_spec = True
local_rank = 0
valid_neg_sample_args = {'distribution': 'uniform', 'sample_num': 'none'}
test_neg_sample_args = {'distribution': 'uniform', 'sample_num': 'none'}


Thu 04 Apr 2024 22:12:04 INFO  LFM-1b_artist_20U50I_75strat
The number of users: 19103
Average actions of users: 14.47455763794367
The number of items: 14328
Average actions of items: 19.298736651078382
The number of inters: 276493
The sparsity of the dataset: 99.8989824125718%
Remain Fields: ['entity_id', 'user_id', 'item_id', 'head_id', 'relation_id', 'tail_id']
The number of entities: 47309
The number of relations: 7
The number of triples: 43559
The number of items that have been linked to KG: 14327
Thu 04 Apr 2024 22:12:05 INFO  [Training]: train_batch_size = [2048] train_neg_sample_args: [{'distribution': 'uniform', 'sample_num': 1, 'dynamic': False, 'candidate_num': 0, 'alpha': 1.0}]
Thu 04 Apr 2024 22:12:05 INFO  [Evaluation]: eval_batch_size = [4096] eval_args: [{'split': {'RS': [0.8, 0.1, 0.1]}, 'order': 'RO', 'group_by': 'user', 'mode': {'valid': 'full', 'test': 'full'}}]
Thu 04 Apr 2024 22:12:08 INFO  Loading model structure and parameters from saved/LFM-1b_artist_20U50I_75strat/KGCN/KGCN-Apr-04-2024_21-32-03.pth
