Tue 16 Apr 2024 23:45:03 INFO  ['src/default_tracker.py', '--dataset=ml-10m_50U10I', '--model=KGCN']
Tue 16 Apr 2024 23:45:03 INFO  
General Hyper Parameters:
gpu_id = 0
use_gpu = True
seed = 2020
state = INFO
reproducibility = True
data_path = data/ml-10m_50U10I
checkpoint_dir = saved/ml-10m_50U10I/KGCN
show_progress = True
save_dataset = False
dataset_save_path = None
save_dataloaders = False
dataloaders_save_path = None
log_wandb = False

Training Hyper Parameters:
epochs = 200
train_batch_size = 2048
learner = adam
learning_rate = 0.001
train_neg_sample_args = {'distribution': 'uniform', 'sample_num': 1, 'dynamic': False, 'candidate_num': 0, 'alpha': 1.0}
eval_step = 1
stopping_step = 10
clip_grad_norm = None
weight_decay = 0.0
loss_decimal_place = 4

Evaluation Hyper Parameters:
eval_args = {'split': {'RS': [0.8, 0.1, 0.1]}, 'order': 'RO', 'group_by': 'user', 'mode': {'valid': 'full', 'test': 'full'}}
repeatable = False
metrics = ['Recall', 'MRR', 'NDCG', 'Hit', 'MAP', 'Precision', 'GAUC', 'ItemCoverage', 'AveragePopularity', 'GiniIndex', 'ShannonEntropy', 'TailPercentage']
topk = [10]
valid_metric = MRR@10
valid_metric_bigger = True
eval_batch_size = 4096
metric_decimal_place = 4

Dataset Hyper Parameters:
field_separator = 	
seq_separator =  
USER_ID_FIELD = user_id
ITEM_ID_FIELD = item_id
RATING_FIELD = rating
TIME_FIELD = timestamp
seq_len = None
LABEL_FIELD = label
threshold = None
NEG_PREFIX = neg_
load_col = {'inter': ['user_id', 'item_id', 'rating', 'timestamp'], 'kg': ['head_id', 'relation_id', 'tail_id'], 'link': ['item_id', 'entity_id']}
unload_col = None
unused_col = None
additional_feat_suffix = None
rm_dup_inter = None
val_interval = None
filter_inter_by_user_or_item = True
user_inter_num_interval = [0,inf)
item_inter_num_interval = [0,inf)
alias_of_user_id = None
alias_of_item_id = None
alias_of_entity_id = None
alias_of_relation_id = None
preload_weight = None
normalize_field = None
normalize_all = None
ITEM_LIST_LENGTH_FIELD = item_length
LIST_SUFFIX = _list
MAX_ITEM_LIST_LENGTH = 50
POSITION_FIELD = position_id
HEAD_ENTITY_ID_FIELD = head_id
TAIL_ENTITY_ID_FIELD = tail_id
RELATION_ID_FIELD = relation_id
ENTITY_ID_FIELD = entity_id
benchmark_filename = None

Other Hyper Parameters: 
worker = 0
wandb_project = recbole
shuffle = True
require_pow = False
enable_amp = False
enable_scaler = False
transform = None
embedding_size = 64
n_iter = 1
aggregator = sum
reg_weight = 1e-07
neighbor_sample_size = 4
numerical_features = []
discretization = None
kg_reverse_r = False
entity_kg_num_interval = [0,inf)
relation_kg_num_interval = [0,inf)
MODEL_TYPE = ModelType.KNOWLEDGE
encoding = utf-8
device = cuda
my_log_file = /mnt/batch/tasks/shared/LS_root/mounts/clusters/fontanagpu/code/sustainability-of-recsys/log/carbon_default.log
MODEL_INPUT_TYPE = InputType.PAIRWISE
eval_type = EvaluatorType.RANKING
single_spec = True
local_rank = 0
valid_neg_sample_args = {'distribution': 'uniform', 'sample_num': 'none'}
test_neg_sample_args = {'distribution': 'uniform', 'sample_num': 'none'}


Tue 16 Apr 2024 23:45:29 INFO  ml-10m_50U10I
The number of users: 50001
Average actions of users: 140.97052
The number of items: 9938
Average actions of items: 709.3213243433632
The number of inters: 7048526
The sparsity of the dataset: 98.58152847005447%
Remain Fields: ['entity_id', 'user_id', 'item_id', 'rating', 'head_id', 'relation_id', 'tail_id']
The number of entities: 175647
The number of relations: 33
The number of triples: 521125
The number of items that have been linked to KG: 9937
Tue 16 Apr 2024 23:45:51 INFO  [Training]: train_batch_size = [2048] train_neg_sample_args: [{'distribution': 'uniform', 'sample_num': 1, 'dynamic': False, 'candidate_num': 0, 'alpha': 1.0}]
Tue 16 Apr 2024 23:45:51 INFO  [Evaluation]: eval_batch_size = [4096] eval_args: [{'split': {'RS': [0.8, 0.1, 0.1]}, 'order': 'RO', 'group_by': 'user', 'mode': {'valid': 'full', 'test': 'full'}}]
Tue 16 Apr 2024 23:45:59 INFO  KGCN(
  (user_embedding): Embedding(50001, 64)
  (entity_embedding): Embedding(175647, 64)
  (relation_embedding): Embedding(34, 64)
  (softmax): Softmax(dim=-1)
  (linear_layers): ModuleList(
    (0): Linear(in_features=64, out_features=64, bias=True)
  )
  (ReLU): ReLU()
  (Tanh): Tanh()
  (bce_loss): BCEWithLogitsLoss()
  (l2_loss): EmbLoss()
)
Trainable parameters: 14447808
Tue 16 Apr 2024 23:46:06 INFO  FLOPs: 4747.0
Tue 16 Apr 2024 23:47:53 INFO  epoch 0 training [time: 76.03s, train loss: 1081.4754]
Tue 16 Apr 2024 23:53:48 INFO  epoch 0 evaluating [time: 354.53s, valid_score: 0.219400]
Tue 16 Apr 2024 23:53:48 INFO  valid result: 
recall@10 : 0.0941    mrr@10 : 0.2194    ndcg@10 : 0.1165    hit@10 : 0.4679    map@10 : 0.0581    precision@10 : 0.0864    gauc : 0.9165    itemcoverage@10 : 0.0334    averagepopularity@10 : 15964.9464    giniindex@10 : 0.9977    shannonentropy@10 : 0.0102    tailpercentage@10 : 0.0001
Tue 16 Apr 2024 23:53:50 INFO  Saving current: saved/ml-10m_50U10I/KGCN/KGCN-Apr-16-2024_23-46-06.pth
Tue 16 Apr 2024 23:55:02 INFO  epoch 1 training [time: 72.48s, train loss: 909.3584]
Wed 17 Apr 2024 00:00:56 INFO  epoch 1 evaluating [time: 353.81s, valid_score: 0.238400]
Wed 17 Apr 2024 00:00:56 INFO  valid result: 
recall@10 : 0.1132    mrr@10 : 0.2384    ndcg@10 : 0.1333    hit@10 : 0.5063    map@10 : 0.0684    precision@10 : 0.0974    gauc : 0.9335    itemcoverage@10 : 0.0586    averagepopularity@10 : 14667.9667    giniindex@10 : 0.9959    shannonentropy@10 : 0.0068    tailpercentage@10 : 0.0
Wed 17 Apr 2024 00:00:57 INFO  Saving current: saved/ml-10m_50U10I/KGCN/KGCN-Apr-16-2024_23-46-06.pth
Wed 17 Apr 2024 00:02:11 INFO  epoch 2 training [time: 73.37s, train loss: 807.3447]
Wed 17 Apr 2024 00:08:05 INFO  epoch 2 evaluating [time: 354.42s, valid_score: 0.251900]
Wed 17 Apr 2024 00:08:05 INFO  valid result: 
recall@10 : 0.1175    mrr@10 : 0.2519    ndcg@10 : 0.1403    hit@10 : 0.5257    map@10 : 0.0722    precision@10 : 0.1031    gauc : 0.9423    itemcoverage@10 : 0.0912    averagepopularity@10 : 12787.5571    giniindex@10 : 0.9923    shannonentropy@10 : 0.0051    tailpercentage@10 : 0.0
Wed 17 Apr 2024 00:08:07 INFO  Saving current: saved/ml-10m_50U10I/KGCN/KGCN-Apr-16-2024_23-46-06.pth
Wed 17 Apr 2024 00:09:20 INFO  epoch 3 training [time: 73.02s, train loss: 763.5245]
Wed 17 Apr 2024 00:15:14 INFO  epoch 3 evaluating [time: 354.76s, valid_score: 0.264000]
Wed 17 Apr 2024 00:15:14 INFO  valid result: 
recall@10 : 0.1222    mrr@10 : 0.264    ndcg@10 : 0.1473    hit@10 : 0.5445    map@10 : 0.0759    precision@10 : 0.1091    gauc : 0.9474    itemcoverage@10 : 0.1366    averagepopularity@10 : 12394.1967    giniindex@10 : 0.9904    shannonentropy@10 : 0.0035    tailpercentage@10 : 0.0
Wed 17 Apr 2024 00:15:16 INFO  Saving current: saved/ml-10m_50U10I/KGCN/KGCN-Apr-16-2024_23-46-06.pth
Wed 17 Apr 2024 00:16:29 INFO  epoch 4 training [time: 72.68s, train loss: 725.8058]
Wed 17 Apr 2024 00:22:23 INFO  epoch 4 evaluating [time: 354.43s, valid_score: 0.276600]
Wed 17 Apr 2024 00:22:23 INFO  valid result: 
recall@10 : 0.127    mrr@10 : 0.2766    ndcg@10 : 0.154    hit@10 : 0.5666    map@10 : 0.0794    precision@10 : 0.114    gauc : 0.9505    itemcoverage@10 : 0.1647    averagepopularity@10 : 11734.5873    giniindex@10 : 0.9871    shannonentropy@10 : 0.0031    tailpercentage@10 : 0.0
Wed 17 Apr 2024 00:22:25 INFO  Saving current: saved/ml-10m_50U10I/KGCN/KGCN-Apr-16-2024_23-46-06.pth
Wed 17 Apr 2024 00:23:38 INFO  epoch 5 training [time: 72.90s, train loss: 699.1800]
Wed 17 Apr 2024 00:29:33 INFO  epoch 5 evaluating [time: 355.45s, valid_score: 0.290600]
Wed 17 Apr 2024 00:29:33 INFO  valid result: 
recall@10 : 0.1398    mrr@10 : 0.2906    ndcg@10 : 0.1654    hit@10 : 0.5901    map@10 : 0.0869    precision@10 : 0.1212    gauc : 0.953    itemcoverage@10 : 0.1896    averagepopularity@10 : 11297.688    giniindex@10 : 0.984    shannonentropy@10 : 0.0028    tailpercentage@10 : 0.0
Wed 17 Apr 2024 00:29:35 INFO  Saving current: saved/ml-10m_50U10I/KGCN/KGCN-Apr-16-2024_23-46-06.pth
Wed 17 Apr 2024 00:30:49 INFO  epoch 6 training [time: 73.48s, train loss: 676.4387]
Wed 17 Apr 2024 00:36:46 INFO  epoch 6 evaluating [time: 357.47s, valid_score: 0.302000]
Wed 17 Apr 2024 00:36:46 INFO  valid result: 
recall@10 : 0.147    mrr@10 : 0.302    ndcg@10 : 0.1725    hit@10 : 0.6088    map@10 : 0.0908    precision@10 : 0.1258    gauc : 0.9548    itemcoverage@10 : 0.221    averagepopularity@10 : 10602.7784    giniindex@10 : 0.9802    shannonentropy@10 : 0.0025    tailpercentage@10 : 0.0
Wed 17 Apr 2024 00:36:48 INFO  Saving current: saved/ml-10m_50U10I/KGCN/KGCN-Apr-16-2024_23-46-06.pth
Wed 17 Apr 2024 00:38:01 INFO  epoch 7 training [time: 73.16s, train loss: 656.2443]
Wed 17 Apr 2024 00:43:53 INFO  epoch 7 evaluating [time: 352.58s, valid_score: 0.312100]
Wed 17 Apr 2024 00:43:53 INFO  valid result: 
recall@10 : 0.1533    mrr@10 : 0.3121    ndcg@10 : 0.1793    hit@10 : 0.622    map@10 : 0.0952    precision@10 : 0.1292    gauc : 0.9562    itemcoverage@10 : 0.24    averagepopularity@10 : 10345.1851    giniindex@10 : 0.9773    shannonentropy@10 : 0.0023    tailpercentage@10 : 0.0
Wed 17 Apr 2024 00:43:55 INFO  Saving current: saved/ml-10m_50U10I/KGCN/KGCN-Apr-16-2024_23-46-06.pth
Wed 17 Apr 2024 00:45:07 INFO  epoch 8 training [time: 72.52s, train loss: 640.9063]
Wed 17 Apr 2024 00:51:00 INFO  epoch 8 evaluating [time: 353.00s, valid_score: 0.321900]
Wed 17 Apr 2024 00:51:00 INFO  valid result: 
recall@10 : 0.16    mrr@10 : 0.3219    ndcg@10 : 0.1863    hit@10 : 0.6329    map@10 : 0.1003    precision@10 : 0.1327    gauc : 0.9572    itemcoverage@10 : 0.252    averagepopularity@10 : 10180.89    giniindex@10 : 0.9749    shannonentropy@10 : 0.0023    tailpercentage@10 : 0.0
Wed 17 Apr 2024 00:51:02 INFO  Saving current: saved/ml-10m_50U10I/KGCN/KGCN-Apr-16-2024_23-46-06.pth
Wed 17 Apr 2024 00:52:15 INFO  epoch 9 training [time: 73.36s, train loss: 626.1748]
Wed 17 Apr 2024 00:58:08 INFO  epoch 9 evaluating [time: 352.95s, valid_score: 0.322400]
Wed 17 Apr 2024 00:58:08 INFO  valid result: 
recall@10 : 0.1641    mrr@10 : 0.3224    ndcg@10 : 0.1888    hit@10 : 0.6387    map@10 : 0.1017    precision@10 : 0.1342    gauc : 0.9579    itemcoverage@10 : 0.2698    averagepopularity@10 : 9853.8444    giniindex@10 : 0.9722    shannonentropy@10 : 0.0021    tailpercentage@10 : 0.0
Wed 17 Apr 2024 00:58:10 INFO  Saving current: saved/ml-10m_50U10I/KGCN/KGCN-Apr-16-2024_23-46-06.pth
Wed 17 Apr 2024 00:59:22 INFO  epoch 10 training [time: 72.44s, train loss: 614.7012]
Wed 17 Apr 2024 01:05:15 INFO  epoch 10 evaluating [time: 352.42s, valid_score: 0.323900]
Wed 17 Apr 2024 01:05:15 INFO  valid result: 
recall@10 : 0.1667    mrr@10 : 0.3239    ndcg@10 : 0.1903    hit@10 : 0.6435    map@10 : 0.1024    precision@10 : 0.1356    gauc : 0.9585    itemcoverage@10 : 0.2788    averagepopularity@10 : 9475.9011    giniindex@10 : 0.9694    shannonentropy@10 : 0.0021    tailpercentage@10 : 0.0
Wed 17 Apr 2024 01:05:16 INFO  Saving current: saved/ml-10m_50U10I/KGCN/KGCN-Apr-16-2024_23-46-06.pth
Wed 17 Apr 2024 01:06:29 INFO  epoch 11 training [time: 72.21s, train loss: 604.4962]
Wed 17 Apr 2024 01:12:22 INFO  epoch 11 evaluating [time: 352.92s, valid_score: 0.327900]
Wed 17 Apr 2024 01:12:22 INFO  valid result: 
recall@10 : 0.169    mrr@10 : 0.3279    ndcg@10 : 0.1929    hit@10 : 0.6478    map@10 : 0.1041    precision@10 : 0.1374    gauc : 0.9588    itemcoverage@10 : 0.2903    averagepopularity@10 : 9581.9256    giniindex@10 : 0.9684    shannonentropy@10 : 0.002    tailpercentage@10 : 0.0
Wed 17 Apr 2024 01:12:23 INFO  Saving current: saved/ml-10m_50U10I/KGCN/KGCN-Apr-16-2024_23-46-06.pth
Wed 17 Apr 2024 01:13:35 INFO  epoch 12 training [time: 71.80s, train loss: 596.2381]
Wed 17 Apr 2024 01:19:29 INFO  epoch 12 evaluating [time: 353.78s, valid_score: 0.324700]
Wed 17 Apr 2024 01:19:29 INFO  valid result: 
recall@10 : 0.1686    mrr@10 : 0.3247    ndcg@10 : 0.1915    hit@10 : 0.6473    map@10 : 0.1031    precision@10 : 0.1363    gauc : 0.959    itemcoverage@10 : 0.3086    averagepopularity@10 : 9130.9819    giniindex@10 : 0.9645    shannonentropy@10 : 0.002    tailpercentage@10 : 0.0
Wed 17 Apr 2024 01:20:41 INFO  epoch 13 training [time: 71.95s, train loss: 587.3319]
Wed 17 Apr 2024 01:26:32 INFO  epoch 13 evaluating [time: 351.70s, valid_score: 0.323800]
Wed 17 Apr 2024 01:26:32 INFO  valid result: 
recall@10 : 0.1683    mrr@10 : 0.3238    ndcg@10 : 0.191    hit@10 : 0.6482    map@10 : 0.1026    precision@10 : 0.1365    gauc : 0.9591    itemcoverage@10 : 0.3107    averagepopularity@10 : 9164.4806    giniindex@10 : 0.9647    shannonentropy@10 : 0.0019    tailpercentage@10 : 0.0
Wed 17 Apr 2024 01:27:45 INFO  epoch 14 training [time: 72.89s, train loss: 580.2485]
Wed 17 Apr 2024 01:33:41 INFO  epoch 14 evaluating [time: 356.26s, valid_score: 0.327600]
Wed 17 Apr 2024 01:33:41 INFO  valid result: 
recall@10 : 0.1701    mrr@10 : 0.3276    ndcg@10 : 0.1931    hit@10 : 0.6511    map@10 : 0.1043    precision@10 : 0.1368    gauc : 0.9593    itemcoverage@10 : 0.3205    averagepopularity@10 : 9088.1702    giniindex@10 : 0.9628    shannonentropy@10 : 0.0019    tailpercentage@10 : 0.0
Wed 17 Apr 2024 01:34:54 INFO  epoch 15 training [time: 72.60s, train loss: 573.5476]
Wed 17 Apr 2024 01:40:49 INFO  epoch 15 evaluating [time: 354.63s, valid_score: 0.323500]
Wed 17 Apr 2024 01:40:49 INFO  valid result: 
recall@10 : 0.1702    mrr@10 : 0.3235    ndcg@10 : 0.1915    hit@10 : 0.6502    map@10 : 0.103    precision@10 : 0.1364    gauc : 0.9593    itemcoverage@10 : 0.3337    averagepopularity@10 : 8649.6663    giniindex@10 : 0.9591    shannonentropy@10 : 0.0019    tailpercentage@10 : 0.0
Wed 17 Apr 2024 01:42:02 INFO  epoch 16 training [time: 72.95s, train loss: 567.9721]
Wed 17 Apr 2024 01:47:57 INFO  epoch 16 evaluating [time: 355.90s, valid_score: 0.327000]
Wed 17 Apr 2024 01:47:57 INFO  valid result: 
recall@10 : 0.1709    mrr@10 : 0.327    ndcg@10 : 0.193    hit@10 : 0.653    map@10 : 0.1039    precision@10 : 0.1371    gauc : 0.9594    itemcoverage@10 : 0.3412    averagepopularity@10 : 8647.2687    giniindex@10 : 0.9587    shannonentropy@10 : 0.0018    tailpercentage@10 : 0.0
Wed 17 Apr 2024 01:49:10 INFO  epoch 17 training [time: 72.75s, train loss: 562.6798]
Wed 17 Apr 2024 01:55:05 INFO  epoch 17 evaluating [time: 354.41s, valid_score: 0.323000]
Wed 17 Apr 2024 01:55:05 INFO  valid result: 
recall@10 : 0.1697    mrr@10 : 0.323    ndcg@10 : 0.1913    hit@10 : 0.6527    map@10 : 0.1025    precision@10 : 0.1368    gauc : 0.9595    itemcoverage@10 : 0.3452    averagepopularity@10 : 8486.7787    giniindex@10 : 0.9569    shannonentropy@10 : 0.0018    tailpercentage@10 : 0.0
Wed 17 Apr 2024 01:56:16 INFO  epoch 18 training [time: 71.77s, train loss: 557.7640]
Wed 17 Apr 2024 02:02:13 INFO  epoch 18 evaluating [time: 356.30s, valid_score: 0.327900]
Wed 17 Apr 2024 02:02:13 INFO  valid result: 
recall@10 : 0.1735    mrr@10 : 0.3279    ndcg@10 : 0.195    hit@10 : 0.6556    map@10 : 0.1053    precision@10 : 0.1386    gauc : 0.9596    itemcoverage@10 : 0.3527    averagepopularity@10 : 8570.6711    giniindex@10 : 0.9571    shannonentropy@10 : 0.0018    tailpercentage@10 : 0.0
Wed 17 Apr 2024 02:02:15 INFO  Saving current: saved/ml-10m_50U10I/KGCN/KGCN-Apr-16-2024_23-46-06.pth
Wed 17 Apr 2024 02:03:28 INFO  epoch 19 training [time: 72.66s, train loss: 553.6332]
Wed 17 Apr 2024 02:09:22 INFO  epoch 19 evaluating [time: 354.33s, valid_score: 0.324200]
Wed 17 Apr 2024 02:09:22 INFO  valid result: 
recall@10 : 0.1719    mrr@10 : 0.3242    ndcg@10 : 0.1926    hit@10 : 0.6554    map@10 : 0.1034    precision@10 : 0.1375    gauc : 0.9595    itemcoverage@10 : 0.3579    averagepopularity@10 : 8501.5635    giniindex@10 : 0.9557    shannonentropy@10 : 0.0017    tailpercentage@10 : 0.0
Wed 17 Apr 2024 02:10:34 INFO  epoch 20 training [time: 72.28s, train loss: 548.6805]
Wed 17 Apr 2024 02:16:28 INFO  epoch 20 evaluating [time: 353.63s, valid_score: 0.328700]
Wed 17 Apr 2024 02:16:28 INFO  valid result: 
recall@10 : 0.1741    mrr@10 : 0.3287    ndcg@10 : 0.1955    hit@10 : 0.6564    map@10 : 0.1058    precision@10 : 0.1386    gauc : 0.9595    itemcoverage@10 : 0.3618    averagepopularity@10 : 8497.2985    giniindex@10 : 0.9543    shannonentropy@10 : 0.0017    tailpercentage@10 : 0.0
Wed 17 Apr 2024 02:16:30 INFO  Saving current: saved/ml-10m_50U10I/KGCN/KGCN-Apr-16-2024_23-46-06.pth
Wed 17 Apr 2024 02:17:42 INFO  epoch 21 training [time: 72.69s, train loss: 544.7257]
Wed 17 Apr 2024 02:23:37 INFO  epoch 21 evaluating [time: 355.18s, valid_score: 0.323700]
Wed 17 Apr 2024 02:23:37 INFO  valid result: 
recall@10 : 0.1723    mrr@10 : 0.3237    ndcg@10 : 0.1929    hit@10 : 0.6554    map@10 : 0.1036    precision@10 : 0.1378    gauc : 0.9596    itemcoverage@10 : 0.369    averagepopularity@10 : 8325.3043    giniindex@10 : 0.9531    shannonentropy@10 : 0.0017    tailpercentage@10 : 0.0
Wed 17 Apr 2024 02:24:51 INFO  epoch 22 training [time: 73.07s, train loss: 541.2429]
Wed 17 Apr 2024 02:30:43 INFO  epoch 22 evaluating [time: 352.91s, valid_score: 0.323900]
Wed 17 Apr 2024 02:30:43 INFO  valid result: 
recall@10 : 0.1716    mrr@10 : 0.3239    ndcg@10 : 0.1924    hit@10 : 0.6542    map@10 : 0.1035    precision@10 : 0.1369    gauc : 0.9596    itemcoverage@10 : 0.3745    averagepopularity@10 : 8254.8172    giniindex@10 : 0.9521    shannonentropy@10 : 0.0017    tailpercentage@10 : 0.0
Wed 17 Apr 2024 02:31:56 INFO  epoch 23 training [time: 72.97s, train loss: 537.3613]
Wed 17 Apr 2024 02:37:51 INFO  epoch 23 evaluating [time: 354.62s, valid_score: 0.324000]
Wed 17 Apr 2024 02:37:51 INFO  valid result: 
recall@10 : 0.1731    mrr@10 : 0.324    ndcg@10 : 0.1926    hit@10 : 0.6573    map@10 : 0.1029    precision@10 : 0.1378    gauc : 0.9595    itemcoverage@10 : 0.3798    averagepopularity@10 : 8243.6791    giniindex@10 : 0.952    shannonentropy@10 : 0.0017    tailpercentage@10 : 0.0
Wed 17 Apr 2024 02:39:03 INFO  epoch 24 training [time: 72.33s, train loss: 534.8027]
Wed 17 Apr 2024 02:44:55 INFO  epoch 24 evaluating [time: 351.36s, valid_score: 0.322500]
Wed 17 Apr 2024 02:44:55 INFO  valid result: 
recall@10 : 0.1716    mrr@10 : 0.3225    ndcg@10 : 0.1907    hit@10 : 0.6548    map@10 : 0.1016    precision@10 : 0.1361    gauc : 0.9595    itemcoverage@10 : 0.3902    averagepopularity@10 : 8049.8685    giniindex@10 : 0.949    shannonentropy@10 : 0.0016    tailpercentage@10 : 0.0
Wed 17 Apr 2024 02:46:07 INFO  epoch 25 training [time: 72.55s, train loss: 531.5585]
Wed 17 Apr 2024 02:51:59 INFO  epoch 25 evaluating [time: 351.64s, valid_score: 0.322700]
Wed 17 Apr 2024 02:51:59 INFO  valid result: 
recall@10 : 0.1727    mrr@10 : 0.3227    ndcg@10 : 0.1919    hit@10 : 0.6568    map@10 : 0.1024    precision@10 : 0.1371    gauc : 0.9595    itemcoverage@10 : 0.3915    averagepopularity@10 : 7994.3967    giniindex@10 : 0.9485    shannonentropy@10 : 0.0016    tailpercentage@10 : 0.0
Wed 17 Apr 2024 02:53:11 INFO  epoch 26 training [time: 72.30s, train loss: 527.5376]
Wed 17 Apr 2024 02:59:05 INFO  epoch 26 evaluating [time: 353.93s, valid_score: 0.322300]
Wed 17 Apr 2024 02:59:05 INFO  valid result: 
recall@10 : 0.1725    mrr@10 : 0.3223    ndcg@10 : 0.1917    hit@10 : 0.6555    map@10 : 0.1026    precision@10 : 0.1364    gauc : 0.9594    itemcoverage@10 : 0.4004    averagepopularity@10 : 7852.2578    giniindex@10 : 0.9462    shannonentropy@10 : 0.0016    tailpercentage@10 : 0.0
Wed 17 Apr 2024 03:00:18 INFO  epoch 27 training [time: 72.54s, train loss: 524.4419]
Wed 17 Apr 2024 03:06:12 INFO  epoch 27 evaluating [time: 354.45s, valid_score: 0.322600]
Wed 17 Apr 2024 03:06:12 INFO  valid result: 
recall@10 : 0.1746    mrr@10 : 0.3226    ndcg@10 : 0.1929    hit@10 : 0.6583    map@10 : 0.1035    precision@10 : 0.1371    gauc : 0.9595    itemcoverage@10 : 0.408    averagepopularity@10 : 7744.1811    giniindex@10 : 0.9446    shannonentropy@10 : 0.0016    tailpercentage@10 : 0.0
Wed 17 Apr 2024 03:07:26 INFO  epoch 28 training [time: 73.61s, train loss: 521.9511]
Wed 17 Apr 2024 03:13:16 INFO  epoch 28 evaluating [time: 350.55s, valid_score: 0.325400]
Wed 17 Apr 2024 03:13:16 INFO  valid result: 
recall@10 : 0.1742    mrr@10 : 0.3254    ndcg@10 : 0.194    hit@10 : 0.6591    map@10 : 0.1043    precision@10 : 0.1377    gauc : 0.9596    itemcoverage@10 : 0.4045    averagepopularity@10 : 7925.6618    giniindex@10 : 0.9464    shannonentropy@10 : 0.0016    tailpercentage@10 : 0.0
Wed 17 Apr 2024 03:14:28 INFO  epoch 29 training [time: 71.69s, train loss: 519.5549]
Wed 17 Apr 2024 03:20:19 INFO  epoch 29 evaluating [time: 350.73s, valid_score: 0.326800]
Wed 17 Apr 2024 03:20:19 INFO  valid result: 
recall@10 : 0.1744    mrr@10 : 0.3268    ndcg@10 : 0.1943    hit@10 : 0.6608    map@10 : 0.1045    precision@10 : 0.1377    gauc : 0.9596    itemcoverage@10 : 0.4075    averagepopularity@10 : 7992.6167    giniindex@10 : 0.9466    shannonentropy@10 : 0.0016    tailpercentage@10 : 0.0
Wed 17 Apr 2024 03:21:32 INFO  epoch 30 training [time: 73.42s, train loss: 516.7938]
Wed 17 Apr 2024 03:27:21 INFO  epoch 30 evaluating [time: 349.05s, valid_score: 0.325700]
Wed 17 Apr 2024 03:27:21 INFO  valid result: 
recall@10 : 0.1762    mrr@10 : 0.3257    ndcg@10 : 0.1949    hit@10 : 0.6622    map@10 : 0.1046    precision@10 : 0.1387    gauc : 0.9596    itemcoverage@10 : 0.4147    averagepopularity@10 : 7975.1996    giniindex@10 : 0.9463    shannonentropy@10 : 0.0016    tailpercentage@10 : 0.0
Wed 17 Apr 2024 03:28:34 INFO  epoch 31 training [time: 72.57s, train loss: 514.1548]
Wed 17 Apr 2024 03:34:24 INFO  epoch 31 evaluating [time: 350.39s, valid_score: 0.326700]
Wed 17 Apr 2024 03:34:24 INFO  valid result: 
recall@10 : 0.1759    mrr@10 : 0.3267    ndcg@10 : 0.1951    hit@10 : 0.6614    map@10 : 0.1052    precision@10 : 0.1378    gauc : 0.9596    itemcoverage@10 : 0.4126    averagepopularity@10 : 7811.9654    giniindex@10 : 0.9444    shannonentropy@10 : 0.0016    tailpercentage@10 : 0.0
Wed 17 Apr 2024 03:34:24 INFO  Finished training, best eval result in epoch 20
Wed 17 Apr 2024 03:34:28 INFO  Loading model structure and parameters from saved/ml-10m_50U10I/KGCN/KGCN-Apr-16-2024_23-46-06.pth
Wed 17 Apr 2024 03:40:19 INFO  The running environment of this training is as follows:
+-------------+----------------+
| Environment |     Usage      |
+=============+================+
| CPU         |     0.50 %     |
+-------------+----------------+
| GPU         | 0.49 G/15.57 G |
+-------------+----------------+
| Memory      | 3.24 G/27.41 G |
+-------------+----------------+
Wed 17 Apr 2024 03:40:19 INFO  best valid : OrderedDict([('recall@10', 0.1741), ('mrr@10', 0.3287), ('ndcg@10', 0.1955), ('hit@10', 0.6564), ('map@10', 0.1058), ('precision@10', 0.1386), ('gauc', 0.9595), ('itemcoverage@10', 0.3618), ('averagepopularity@10', 8497.2985), ('giniindex@10', 0.9543), ('shannonentropy@10', 0.0017), ('tailpercentage@10', 0.0)])
Wed 17 Apr 2024 03:40:19 INFO  test result: OrderedDict([('recall@10', 0.1945), ('mrr@10', 0.3895), ('ndcg@10', 0.2394), ('hit@10', 0.6775), ('map@10', 0.1443), ('precision@10', 0.1691), ('gauc', 0.9618), ('itemcoverage@10', 0.3755), ('averagepopularity@10', 8203.5607), ('giniindex@10', 0.9506), ('shannonentropy@10', 0.0017), ('tailpercentage@10', 0.0)])
Wed 17 Apr 2024 03:40:23 INFO  
General Hyper Parameters:
gpu_id = 0
use_gpu = True
seed = 2020
state = INFO
reproducibility = True
data_path = data/ml-10m_50U10I
checkpoint_dir = saved/ml-10m_50U10I/KGCN
show_progress = True
save_dataset = False
dataset_save_path = None
save_dataloaders = False
dataloaders_save_path = None
log_wandb = False

Training Hyper Parameters:
epochs = 200
train_batch_size = 2048
learner = adam
learning_rate = 0.001
train_neg_sample_args = {'distribution': 'uniform', 'sample_num': 1, 'dynamic': False, 'candidate_num': 0, 'alpha': 1.0}
eval_step = 1
stopping_step = 10
clip_grad_norm = None
weight_decay = 0.0
loss_decimal_place = 4

Evaluation Hyper Parameters:
eval_args = {'split': {'RS': [0.8, 0.1, 0.1]}, 'order': 'RO', 'group_by': 'user', 'mode': {'valid': 'full', 'test': 'full'}}
repeatable = False
metrics = ['Recall', 'MRR', 'NDCG', 'Hit', 'MAP', 'Precision', 'GAUC', 'ItemCoverage', 'AveragePopularity', 'GiniIndex', 'ShannonEntropy', 'TailPercentage']
topk = [10]
valid_metric = MRR@10
valid_metric_bigger = True
eval_batch_size = 4096
metric_decimal_place = 4

Dataset Hyper Parameters:
field_separator = 	
seq_separator =  
USER_ID_FIELD = user_id
ITEM_ID_FIELD = item_id
RATING_FIELD = rating
TIME_FIELD = timestamp
seq_len = None
LABEL_FIELD = label
threshold = None
NEG_PREFIX = neg_
load_col = {'inter': ['user_id', 'item_id', 'rating', 'timestamp'], 'kg': ['head_id', 'relation_id', 'tail_id'], 'link': ['item_id', 'entity_id']}
unload_col = None
unused_col = None
additional_feat_suffix = None
rm_dup_inter = None
val_interval = None
filter_inter_by_user_or_item = True
user_inter_num_interval = [0,inf)
item_inter_num_interval = [0,inf)
alias_of_user_id = None
alias_of_item_id = None
alias_of_entity_id = None
alias_of_relation_id = None
preload_weight = None
normalize_field = None
normalize_all = None
ITEM_LIST_LENGTH_FIELD = item_length
LIST_SUFFIX = _list
MAX_ITEM_LIST_LENGTH = 50
POSITION_FIELD = position_id
HEAD_ENTITY_ID_FIELD = head_id
TAIL_ENTITY_ID_FIELD = tail_id
RELATION_ID_FIELD = relation_id
ENTITY_ID_FIELD = entity_id
benchmark_filename = None

Other Hyper Parameters: 
worker = 0
wandb_project = recbole
shuffle = True
require_pow = False
enable_amp = False
enable_scaler = False
transform = None
embedding_size = 64
n_iter = 1
aggregator = sum
reg_weight = 1e-07
neighbor_sample_size = 4
numerical_features = []
discretization = None
kg_reverse_r = False
entity_kg_num_interval = [0,inf)
relation_kg_num_interval = [0,inf)
MODEL_TYPE = ModelType.KNOWLEDGE
encoding = utf-8
device = cuda
my_log_file = /mnt/batch/tasks/shared/LS_root/mounts/clusters/fontanagpu/code/sustainability-of-recsys/log/carbon_default.log
MODEL_INPUT_TYPE = InputType.PAIRWISE
eval_type = EvaluatorType.RANKING
single_spec = True
local_rank = 0
valid_neg_sample_args = {'distribution': 'uniform', 'sample_num': 'none'}
test_neg_sample_args = {'distribution': 'uniform', 'sample_num': 'none'}


Wed 17 Apr 2024 03:40:50 INFO  ml-10m_50U10I
The number of users: 50001
Average actions of users: 140.97052
The number of items: 9938
Average actions of items: 709.3213243433632
The number of inters: 7048526
The sparsity of the dataset: 98.58152847005447%
Remain Fields: ['entity_id', 'user_id', 'item_id', 'rating', 'head_id', 'relation_id', 'tail_id']
The number of entities: 175647
The number of relations: 33
The number of triples: 521125
The number of items that have been linked to KG: 9937
Wed 17 Apr 2024 03:41:12 INFO  [Training]: train_batch_size = [2048] train_neg_sample_args: [{'distribution': 'uniform', 'sample_num': 1, 'dynamic': False, 'candidate_num': 0, 'alpha': 1.0}]
Wed 17 Apr 2024 03:41:12 INFO  [Evaluation]: eval_batch_size = [4096] eval_args: [{'split': {'RS': [0.8, 0.1, 0.1]}, 'order': 'RO', 'group_by': 'user', 'mode': {'valid': 'full', 'test': 'full'}}]
Wed 17 Apr 2024 03:41:21 INFO  Loading model structure and parameters from saved/ml-10m_50U10I/KGCN/KGCN-Apr-16-2024_23-46-06.pth
