Thu 04 Apr 2024 19:36:17 INFO  ['src/default_tracker.py', '--dataset=LFM-1b_artist_20U50I_75strat', '--model=CFKG']
Thu 04 Apr 2024 19:36:17 INFO  
General Hyper Parameters:
gpu_id = 0
use_gpu = True
seed = 2020
state = INFO
reproducibility = True
data_path = data/LFM-1b_artist_20U50I_75strat
checkpoint_dir = saved/LFM-1b_artist_20U50I_75strat/CFKG
show_progress = True
save_dataset = False
dataset_save_path = None
save_dataloaders = False
dataloaders_save_path = None
log_wandb = False

Training Hyper Parameters:
epochs = 200
train_batch_size = 2048
learner = adam
learning_rate = 0.001
train_neg_sample_args = {'distribution': 'uniform', 'sample_num': 1, 'dynamic': False, 'candidate_num': 0, 'alpha': 1.0}
eval_step = 1
stopping_step = 10
clip_grad_norm = None
weight_decay = 0.0
loss_decimal_place = 4

Evaluation Hyper Parameters:
eval_args = {'split': {'RS': [0.8, 0.1, 0.1]}, 'order': 'RO', 'group_by': 'user', 'mode': {'valid': 'full', 'test': 'full'}}
repeatable = False
metrics = ['Recall', 'MRR', 'NDCG', 'Hit', 'Precision']
topk = [10]
valid_metric = MRR@10
valid_metric_bigger = True
eval_batch_size = 4096
metric_decimal_place = 4

Dataset Hyper Parameters:
field_separator = 	
seq_separator =  
USER_ID_FIELD = user_id
ITEM_ID_FIELD = item_id
RATING_FIELD = rating
TIME_FIELD = timestamp
seq_len = None
LABEL_FIELD = label
threshold = None
NEG_PREFIX = neg_
load_col = {'inter': ['user_id', 'item_id', 'rating', 'timestamp'], 'kg': ['head_id', 'relation_id', 'tail_id'], 'link': ['item_id', 'entity_id']}
unload_col = None
unused_col = None
additional_feat_suffix = None
rm_dup_inter = None
val_interval = None
filter_inter_by_user_or_item = True
user_inter_num_interval = [0,inf)
item_inter_num_interval = [0,inf)
alias_of_user_id = None
alias_of_item_id = None
alias_of_entity_id = None
alias_of_relation_id = None
preload_weight = None
normalize_field = None
normalize_all = None
ITEM_LIST_LENGTH_FIELD = item_length
LIST_SUFFIX = _list
MAX_ITEM_LIST_LENGTH = 50
POSITION_FIELD = position_id
HEAD_ENTITY_ID_FIELD = head_id
TAIL_ENTITY_ID_FIELD = tail_id
RELATION_ID_FIELD = relation_id
ENTITY_ID_FIELD = entity_id
benchmark_filename = None

Other Hyper Parameters: 
worker = 0
wandb_project = recbole
shuffle = True
require_pow = False
enable_amp = False
enable_scaler = False
transform = None
embedding_size = 64
loss_function = inner_product
margin = 1.0
numerical_features = []
discretization = None
kg_reverse_r = False
entity_kg_num_interval = [0,inf)
relation_kg_num_interval = [0,inf)
MODEL_TYPE = ModelType.KNOWLEDGE
encoding = utf-8
device = cuda
my_log_file = /mnt/batch/tasks/shared/LS_root/mounts/clusters/fontanagpu/code/sustainability-of-recsys/log/carbon_default.log
MODEL_INPUT_TYPE = InputType.PAIRWISE
eval_type = EvaluatorType.RANKING
single_spec = True
local_rank = 0
valid_neg_sample_args = {'distribution': 'uniform', 'sample_num': 'none'}
test_neg_sample_args = {'distribution': 'uniform', 'sample_num': 'none'}


Thu 04 Apr 2024 19:36:23 INFO  LFM-1b_artist_20U50I_75strat
The number of users: 19103
Average actions of users: 14.47455763794367
The number of items: 14328
Average actions of items: 19.298736651078382
The number of inters: 276493
The sparsity of the dataset: 99.8989824125718%
Remain Fields: ['entity_id', 'user_id', 'item_id', 'head_id', 'relation_id', 'tail_id']
The number of entities: 47309
The number of relations: 7
The number of triples: 43559
The number of items that have been linked to KG: 14327
Thu 04 Apr 2024 19:36:25 INFO  [Training]: train_batch_size = [2048] train_neg_sample_args: [{'distribution': 'uniform', 'sample_num': 1, 'dynamic': False, 'candidate_num': 0, 'alpha': 1.0}]
Thu 04 Apr 2024 19:36:25 INFO  [Evaluation]: eval_batch_size = [4096] eval_args: [{'split': {'RS': [0.8, 0.1, 0.1]}, 'order': 'RO', 'group_by': 'user', 'mode': {'valid': 'full', 'test': 'full'}}]
Thu 04 Apr 2024 19:36:26 INFO  CFKG(
  (user_embedding): Embedding(19103, 64)
  (entity_embedding): Embedding(47309, 64)
  (relation_embedding): Embedding(8, 64)
  (rec_loss): InnerProductLoss()
)
Trainable parameters: 4250880
Thu 04 Apr 2024 19:36:32 INFO  FLOPs: 128.0
Thu 04 Apr 2024 19:37:07 INFO  epoch 0 training [time: 3.83s, train loss: 136.9378]
Thu 04 Apr 2024 19:37:38 INFO  epoch 0 evaluating [time: 30.78s, valid_score: 0.061900]
Thu 04 Apr 2024 19:37:38 INFO  valid result: 
recall@10 : 0.1497    mrr@10 : 0.0619    ndcg@10 : 0.0749    hit@10 : 0.198    precision@10 : 0.0212
Thu 04 Apr 2024 19:37:39 INFO  Saving current: saved/LFM-1b_artist_20U50I_75strat/CFKG/CFKG-Apr-04-2024_19-36-32.pth
Thu 04 Apr 2024 19:37:41 INFO  epoch 1 training [time: 1.85s, train loss: 108.1993]
Thu 04 Apr 2024 19:38:11 INFO  epoch 1 evaluating [time: 29.88s, valid_score: 0.072100]
Thu 04 Apr 2024 19:38:11 INFO  valid result: 
recall@10 : 0.1605    mrr@10 : 0.0721    ndcg@10 : 0.0828    hit@10 : 0.2142    precision@10 : 0.0228
Thu 04 Apr 2024 19:38:11 INFO  Saving current: saved/LFM-1b_artist_20U50I_75strat/CFKG/CFKG-Apr-04-2024_19-36-32.pth
Thu 04 Apr 2024 19:38:13 INFO  epoch 2 training [time: 1.86s, train loss: 97.1504]
Thu 04 Apr 2024 19:38:43 INFO  epoch 2 evaluating [time: 29.79s, valid_score: 0.065000]
Thu 04 Apr 2024 19:38:43 INFO  valid result: 
recall@10 : 0.1615    mrr@10 : 0.065    ndcg@10 : 0.0799    hit@10 : 0.2146    precision@10 : 0.0229
Thu 04 Apr 2024 19:38:45 INFO  epoch 3 training [time: 1.91s, train loss: 92.6884]
Thu 04 Apr 2024 19:39:15 INFO  epoch 3 evaluating [time: 29.86s, valid_score: 0.079200]
Thu 04 Apr 2024 19:39:15 INFO  valid result: 
recall@10 : 0.1642    mrr@10 : 0.0792    ndcg@10 : 0.0886    hit@10 : 0.2174    precision@10 : 0.0232
Thu 04 Apr 2024 19:39:15 INFO  Saving current: saved/LFM-1b_artist_20U50I_75strat/CFKG/CFKG-Apr-04-2024_19-36-32.pth
Thu 04 Apr 2024 19:39:17 INFO  epoch 4 training [time: 1.80s, train loss: 89.9019]
Thu 04 Apr 2024 19:39:47 INFO  epoch 4 evaluating [time: 29.72s, valid_score: 0.077600]
Thu 04 Apr 2024 19:39:47 INFO  valid result: 
recall@10 : 0.16    mrr@10 : 0.0776    ndcg@10 : 0.0862    hit@10 : 0.2141    precision@10 : 0.0228
Thu 04 Apr 2024 19:39:49 INFO  epoch 5 training [time: 1.96s, train loss: 87.7062]
Thu 04 Apr 2024 19:40:19 INFO  epoch 5 evaluating [time: 29.94s, valid_score: 0.079700]
Thu 04 Apr 2024 19:40:19 INFO  valid result: 
recall@10 : 0.1623    mrr@10 : 0.0797    ndcg@10 : 0.0884    hit@10 : 0.2159    precision@10 : 0.0229
Thu 04 Apr 2024 19:40:19 INFO  Saving current: saved/LFM-1b_artist_20U50I_75strat/CFKG/CFKG-Apr-04-2024_19-36-32.pth
Thu 04 Apr 2024 19:40:21 INFO  epoch 6 training [time: 1.82s, train loss: 85.7855]
Thu 04 Apr 2024 19:40:51 INFO  epoch 6 evaluating [time: 30.04s, valid_score: 0.079100]
Thu 04 Apr 2024 19:40:51 INFO  valid result: 
recall@10 : 0.1596    mrr@10 : 0.0791    ndcg@10 : 0.0875    hit@10 : 0.2133    precision@10 : 0.0228
Thu 04 Apr 2024 19:40:53 INFO  epoch 7 training [time: 1.92s, train loss: 84.0819]
Thu 04 Apr 2024 19:41:23 INFO  epoch 7 evaluating [time: 29.96s, valid_score: 0.079100]
Thu 04 Apr 2024 19:41:23 INFO  valid result: 
recall@10 : 0.1498    mrr@10 : 0.0791    ndcg@10 : 0.0852    hit@10 : 0.2034    precision@10 : 0.0218
Thu 04 Apr 2024 19:41:25 INFO  epoch 8 training [time: 1.92s, train loss: 82.4757]
Thu 04 Apr 2024 19:41:55 INFO  epoch 8 evaluating [time: 30.01s, valid_score: 0.078500]
Thu 04 Apr 2024 19:41:55 INFO  valid result: 
recall@10 : 0.1517    mrr@10 : 0.0785    ndcg@10 : 0.0853    hit@10 : 0.2053    precision@10 : 0.022
Thu 04 Apr 2024 19:41:57 INFO  epoch 9 training [time: 1.92s, train loss: 81.2445]
Thu 04 Apr 2024 19:42:27 INFO  epoch 9 evaluating [time: 29.99s, valid_score: 0.079800]
Thu 04 Apr 2024 19:42:27 INFO  valid result: 
recall@10 : 0.1593    mrr@10 : 0.0798    ndcg@10 : 0.0879    hit@10 : 0.213    precision@10 : 0.0227
Thu 04 Apr 2024 19:42:28 INFO  Saving current: saved/LFM-1b_artist_20U50I_75strat/CFKG/CFKG-Apr-04-2024_19-36-32.pth
Thu 04 Apr 2024 19:42:29 INFO  epoch 10 training [time: 1.79s, train loss: 79.9176]
Thu 04 Apr 2024 19:42:59 INFO  epoch 10 evaluating [time: 30.10s, valid_score: 0.078000]
Thu 04 Apr 2024 19:42:59 INFO  valid result: 
recall@10 : 0.1562    mrr@10 : 0.078    ndcg@10 : 0.0856    hit@10 : 0.2103    precision@10 : 0.0225
Thu 04 Apr 2024 19:43:01 INFO  epoch 11 training [time: 1.93s, train loss: 79.1200]
Thu 04 Apr 2024 19:43:32 INFO  epoch 11 evaluating [time: 30.14s, valid_score: 0.077700]
Thu 04 Apr 2024 19:43:32 INFO  valid result: 
recall@10 : 0.1575    mrr@10 : 0.0777    ndcg@10 : 0.0857    hit@10 : 0.2099    precision@10 : 0.0223
Thu 04 Apr 2024 19:43:34 INFO  epoch 12 training [time: 2.01s, train loss: 78.1607]
Thu 04 Apr 2024 19:44:04 INFO  epoch 12 evaluating [time: 30.10s, valid_score: 0.078100]
Thu 04 Apr 2024 19:44:04 INFO  valid result: 
recall@10 : 0.1599    mrr@10 : 0.0781    ndcg@10 : 0.0865    hit@10 : 0.212    precision@10 : 0.0226
Thu 04 Apr 2024 19:44:06 INFO  epoch 13 training [time: 1.98s, train loss: 77.3260]
Thu 04 Apr 2024 19:44:36 INFO  epoch 13 evaluating [time: 30.11s, valid_score: 0.077600]
Thu 04 Apr 2024 19:44:36 INFO  valid result: 
recall@10 : 0.1576    mrr@10 : 0.0776    ndcg@10 : 0.0859    hit@10 : 0.2106    precision@10 : 0.0224
Thu 04 Apr 2024 19:44:38 INFO  epoch 14 training [time: 1.93s, train loss: 76.8633]
Thu 04 Apr 2024 19:45:08 INFO  epoch 14 evaluating [time: 30.19s, valid_score: 0.077000]
Thu 04 Apr 2024 19:45:08 INFO  valid result: 
recall@10 : 0.1561    mrr@10 : 0.077    ndcg@10 : 0.0848    hit@10 : 0.2082    precision@10 : 0.0222
Thu 04 Apr 2024 19:45:10 INFO  epoch 15 training [time: 2.02s, train loss: 76.0552]
Thu 04 Apr 2024 19:45:40 INFO  epoch 15 evaluating [time: 30.12s, valid_score: 0.077500]
Thu 04 Apr 2024 19:45:40 INFO  valid result: 
recall@10 : 0.1595    mrr@10 : 0.0775    ndcg@10 : 0.0861    hit@10 : 0.2135    precision@10 : 0.0227
Thu 04 Apr 2024 19:45:42 INFO  epoch 16 training [time: 1.92s, train loss: 75.4735]
Thu 04 Apr 2024 19:46:12 INFO  epoch 16 evaluating [time: 29.97s, valid_score: 0.079700]
Thu 04 Apr 2024 19:46:12 INFO  valid result: 
recall@10 : 0.1609    mrr@10 : 0.0797    ndcg@10 : 0.0881    hit@10 : 0.2148    precision@10 : 0.0229
Thu 04 Apr 2024 19:46:14 INFO  epoch 17 training [time: 1.89s, train loss: 74.8478]
Thu 04 Apr 2024 19:46:44 INFO  epoch 17 evaluating [time: 29.72s, valid_score: 0.079200]
Thu 04 Apr 2024 19:46:44 INFO  valid result: 
recall@10 : 0.1619    mrr@10 : 0.0792    ndcg@10 : 0.0882    hit@10 : 0.215    precision@10 : 0.023
Thu 04 Apr 2024 19:46:46 INFO  epoch 18 training [time: 2.00s, train loss: 74.2876]
Thu 04 Apr 2024 19:47:15 INFO  epoch 18 evaluating [time: 29.60s, valid_score: 0.079800]
Thu 04 Apr 2024 19:47:15 INFO  valid result: 
recall@10 : 0.1583    mrr@10 : 0.0798    ndcg@10 : 0.0878    hit@10 : 0.211    precision@10 : 0.0224
Thu 04 Apr 2024 19:47:16 INFO  Saving current: saved/LFM-1b_artist_20U50I_75strat/CFKG/CFKG-Apr-04-2024_19-36-32.pth
Thu 04 Apr 2024 19:47:18 INFO  epoch 19 training [time: 1.80s, train loss: 73.7663]
Thu 04 Apr 2024 19:47:47 INFO  epoch 19 evaluating [time: 29.82s, valid_score: 0.079900]
Thu 04 Apr 2024 19:47:47 INFO  valid result: 
recall@10 : 0.1587    mrr@10 : 0.0799    ndcg@10 : 0.0877    hit@10 : 0.2114    precision@10 : 0.0225
Thu 04 Apr 2024 19:47:48 INFO  Saving current: saved/LFM-1b_artist_20U50I_75strat/CFKG/CFKG-Apr-04-2024_19-36-32.pth
Thu 04 Apr 2024 19:47:50 INFO  epoch 20 training [time: 1.86s, train loss: 73.0277]
Thu 04 Apr 2024 19:48:20 INFO  epoch 20 evaluating [time: 29.86s, valid_score: 0.076600]
Thu 04 Apr 2024 19:48:20 INFO  valid result: 
recall@10 : 0.1603    mrr@10 : 0.0766    ndcg@10 : 0.086    hit@10 : 0.2134    precision@10 : 0.0228
Thu 04 Apr 2024 19:48:22 INFO  epoch 21 training [time: 1.91s, train loss: 72.5213]
Thu 04 Apr 2024 19:48:51 INFO  epoch 21 evaluating [time: 29.79s, valid_score: 0.078200]
Thu 04 Apr 2024 19:48:51 INFO  valid result: 
recall@10 : 0.1584    mrr@10 : 0.0782    ndcg@10 : 0.0866    hit@10 : 0.2118    precision@10 : 0.0226
Thu 04 Apr 2024 19:48:53 INFO  epoch 22 training [time: 1.94s, train loss: 71.8723]
Thu 04 Apr 2024 19:49:23 INFO  epoch 22 evaluating [time: 29.89s, valid_score: 0.078600]
Thu 04 Apr 2024 19:49:23 INFO  valid result: 
recall@10 : 0.1596    mrr@10 : 0.0786    ndcg@10 : 0.0874    hit@10 : 0.2134    precision@10 : 0.0226
Thu 04 Apr 2024 19:49:25 INFO  epoch 23 training [time: 1.94s, train loss: 70.9654]
Thu 04 Apr 2024 19:49:55 INFO  epoch 23 evaluating [time: 30.00s, valid_score: 0.077900]
Thu 04 Apr 2024 19:49:55 INFO  valid result: 
recall@10 : 0.1598    mrr@10 : 0.0779    ndcg@10 : 0.0873    hit@10 : 0.2129    precision@10 : 0.0227
Thu 04 Apr 2024 19:49:57 INFO  epoch 24 training [time: 2.07s, train loss: 70.1873]
Thu 04 Apr 2024 19:50:27 INFO  epoch 24 evaluating [time: 29.96s, valid_score: 0.077400]
Thu 04 Apr 2024 19:50:27 INFO  valid result: 
recall@10 : 0.157    mrr@10 : 0.0774    ndcg@10 : 0.0863    hit@10 : 0.2111    precision@10 : 0.0225
Thu 04 Apr 2024 19:50:29 INFO  epoch 25 training [time: 2.05s, train loss: 69.4218]
Thu 04 Apr 2024 19:50:59 INFO  epoch 25 evaluating [time: 30.12s, valid_score: 0.076900]
Thu 04 Apr 2024 19:50:59 INFO  valid result: 
recall@10 : 0.1536    mrr@10 : 0.0769    ndcg@10 : 0.0846    hit@10 : 0.2072    precision@10 : 0.0221
Thu 04 Apr 2024 19:51:01 INFO  epoch 26 training [time: 1.96s, train loss: 68.6352]
Thu 04 Apr 2024 19:51:31 INFO  epoch 26 evaluating [time: 30.00s, valid_score: 0.080400]
Thu 04 Apr 2024 19:51:31 INFO  valid result: 
recall@10 : 0.1612    mrr@10 : 0.0804    ndcg@10 : 0.0886    hit@10 : 0.2147    precision@10 : 0.0229
Thu 04 Apr 2024 19:51:32 INFO  Saving current: saved/LFM-1b_artist_20U50I_75strat/CFKG/CFKG-Apr-04-2024_19-36-32.pth
Thu 04 Apr 2024 19:51:34 INFO  epoch 27 training [time: 1.81s, train loss: 67.5955]
Thu 04 Apr 2024 19:52:04 INFO  epoch 27 evaluating [time: 30.14s, valid_score: 0.078800]
Thu 04 Apr 2024 19:52:04 INFO  valid result: 
recall@10 : 0.1602    mrr@10 : 0.0788    ndcg@10 : 0.0872    hit@10 : 0.2136    precision@10 : 0.0229
Thu 04 Apr 2024 19:52:06 INFO  epoch 28 training [time: 2.03s, train loss: 66.7489]
Thu 04 Apr 2024 19:52:36 INFO  epoch 28 evaluating [time: 30.09s, valid_score: 0.079900]
Thu 04 Apr 2024 19:52:36 INFO  valid result: 
recall@10 : 0.1537    mrr@10 : 0.0799    ndcg@10 : 0.0865    hit@10 : 0.2073    precision@10 : 0.0222
Thu 04 Apr 2024 19:52:38 INFO  epoch 29 training [time: 1.97s, train loss: 65.7172]
Thu 04 Apr 2024 19:53:08 INFO  epoch 29 evaluating [time: 30.16s, valid_score: 0.081300]
Thu 04 Apr 2024 19:53:08 INFO  valid result: 
recall@10 : 0.1607    mrr@10 : 0.0813    ndcg@10 : 0.0891    hit@10 : 0.2148    precision@10 : 0.0229
Thu 04 Apr 2024 19:53:09 INFO  Saving current: saved/LFM-1b_artist_20U50I_75strat/CFKG/CFKG-Apr-04-2024_19-36-32.pth
Thu 04 Apr 2024 19:53:11 INFO  epoch 30 training [time: 1.83s, train loss: 64.6155]
Thu 04 Apr 2024 19:53:41 INFO  epoch 30 evaluating [time: 30.21s, valid_score: 0.078000]
Thu 04 Apr 2024 19:53:41 INFO  valid result: 
recall@10 : 0.1598    mrr@10 : 0.078    ndcg@10 : 0.0865    hit@10 : 0.2132    precision@10 : 0.0228
Thu 04 Apr 2024 19:53:43 INFO  epoch 31 training [time: 1.91s, train loss: 63.4436]
Thu 04 Apr 2024 19:54:13 INFO  epoch 31 evaluating [time: 30.07s, valid_score: 0.077100]
Thu 04 Apr 2024 19:54:13 INFO  valid result: 
recall@10 : 0.1598    mrr@10 : 0.0771    ndcg@10 : 0.0858    hit@10 : 0.2132    precision@10 : 0.0228
Thu 04 Apr 2024 19:54:15 INFO  epoch 32 training [time: 1.93s, train loss: 62.1649]
Thu 04 Apr 2024 19:54:45 INFO  epoch 32 evaluating [time: 30.12s, valid_score: 0.076300]
Thu 04 Apr 2024 19:54:45 INFO  valid result: 
recall@10 : 0.162    mrr@10 : 0.0763    ndcg@10 : 0.0858    hit@10 : 0.2156    precision@10 : 0.023
Thu 04 Apr 2024 19:54:47 INFO  epoch 33 training [time: 1.92s, train loss: 60.7937]
Thu 04 Apr 2024 19:55:17 INFO  epoch 33 evaluating [time: 30.13s, valid_score: 0.076300]
Thu 04 Apr 2024 19:55:17 INFO  valid result: 
recall@10 : 0.1634    mrr@10 : 0.0763    ndcg@10 : 0.0861    hit@10 : 0.217    precision@10 : 0.0232
Thu 04 Apr 2024 19:55:19 INFO  epoch 34 training [time: 2.05s, train loss: 59.7100]
Thu 04 Apr 2024 19:55:49 INFO  epoch 34 evaluating [time: 29.96s, valid_score: 0.076200]
Thu 04 Apr 2024 19:55:49 INFO  valid result: 
recall@10 : 0.1615    mrr@10 : 0.0762    ndcg@10 : 0.0857    hit@10 : 0.215    precision@10 : 0.023
Thu 04 Apr 2024 19:55:51 INFO  epoch 35 training [time: 1.98s, train loss: 58.2059]
Thu 04 Apr 2024 19:56:21 INFO  epoch 35 evaluating [time: 30.05s, valid_score: 0.076700]
Thu 04 Apr 2024 19:56:21 INFO  valid result: 
recall@10 : 0.1602    mrr@10 : 0.0767    ndcg@10 : 0.0859    hit@10 : 0.2137    precision@10 : 0.0227
Thu 04 Apr 2024 19:56:23 INFO  epoch 36 training [time: 2.00s, train loss: 56.9764]
Thu 04 Apr 2024 19:56:53 INFO  epoch 36 evaluating [time: 29.59s, valid_score: 0.074600]
Thu 04 Apr 2024 19:56:53 INFO  valid result: 
recall@10 : 0.1602    mrr@10 : 0.0746    ndcg@10 : 0.0843    hit@10 : 0.2136    precision@10 : 0.0227
Thu 04 Apr 2024 19:56:55 INFO  epoch 37 training [time: 2.05s, train loss: 55.6341]
Thu 04 Apr 2024 19:57:26 INFO  epoch 37 evaluating [time: 31.12s, valid_score: 0.077200]
Thu 04 Apr 2024 19:57:26 INFO  valid result: 
recall@10 : 0.1616    mrr@10 : 0.0772    ndcg@10 : 0.0866    hit@10 : 0.2153    precision@10 : 0.023
Thu 04 Apr 2024 19:57:28 INFO  epoch 38 training [time: 1.94s, train loss: 54.2314]
Thu 04 Apr 2024 19:57:57 INFO  epoch 38 evaluating [time: 29.55s, valid_score: 0.074200]
Thu 04 Apr 2024 19:57:57 INFO  valid result: 
recall@10 : 0.1612    mrr@10 : 0.0742    ndcg@10 : 0.0842    hit@10 : 0.2147    precision@10 : 0.0229
Thu 04 Apr 2024 19:57:59 INFO  epoch 39 training [time: 1.93s, train loss: 52.7642]
Thu 04 Apr 2024 19:58:29 INFO  epoch 39 evaluating [time: 29.45s, valid_score: 0.074900]
Thu 04 Apr 2024 19:58:29 INFO  valid result: 
recall@10 : 0.161    mrr@10 : 0.0749    ndcg@10 : 0.0845    hit@10 : 0.214    precision@10 : 0.0228
Thu 04 Apr 2024 19:58:31 INFO  epoch 40 training [time: 1.97s, train loss: 51.2135]
Thu 04 Apr 2024 19:59:00 INFO  epoch 40 evaluating [time: 29.50s, valid_score: 0.076000]
Thu 04 Apr 2024 19:59:00 INFO  valid result: 
recall@10 : 0.1598    mrr@10 : 0.076    ndcg@10 : 0.0851    hit@10 : 0.2147    precision@10 : 0.0229
Thu 04 Apr 2024 19:59:00 INFO  Finished training, best eval result in epoch 29
Thu 04 Apr 2024 19:59:01 INFO  Loading model structure and parameters from saved/LFM-1b_artist_20U50I_75strat/CFKG/CFKG-Apr-04-2024_19-36-32.pth
Thu 04 Apr 2024 19:59:34 INFO  The running environment of this training is as follows:
+-------------+----------------+
| Environment |     Usage      |
+=============+================+
| CPU         |     1.00 %     |
+-------------+----------------+
| GPU         | 0.15 G/14.58 G |
+-------------+----------------+
| Memory      | 1.40 G/27.41 G |
+-------------+----------------+
Thu 04 Apr 2024 19:59:34 INFO  best valid : OrderedDict([('recall@10', 0.1607), ('mrr@10', 0.0813), ('ndcg@10', 0.0891), ('hit@10', 0.2148), ('precision@10', 0.0229)])
Thu 04 Apr 2024 19:59:34 INFO  test result: OrderedDict([('recall@10', 0.1632), ('mrr@10', 0.082), ('ndcg@10', 0.0902), ('hit@10', 0.2141), ('precision@10', 0.0229)])
Thu 04 Apr 2024 19:59:35 INFO  
General Hyper Parameters:
gpu_id = 0
use_gpu = True
seed = 2020
state = INFO
reproducibility = True
data_path = data/LFM-1b_artist_20U50I_75strat
checkpoint_dir = saved/LFM-1b_artist_20U50I_75strat/CFKG
show_progress = True
save_dataset = False
dataset_save_path = None
save_dataloaders = False
dataloaders_save_path = None
log_wandb = False

Training Hyper Parameters:
epochs = 200
train_batch_size = 2048
learner = adam
learning_rate = 0.001
train_neg_sample_args = {'distribution': 'uniform', 'sample_num': 1, 'dynamic': False, 'candidate_num': 0, 'alpha': 1.0}
eval_step = 1
stopping_step = 10
clip_grad_norm = None
weight_decay = 0.0
loss_decimal_place = 4

Evaluation Hyper Parameters:
eval_args = {'split': {'RS': [0.8, 0.1, 0.1]}, 'order': 'RO', 'group_by': 'user', 'mode': {'valid': 'full', 'test': 'full'}}
repeatable = False
metrics = ['Recall', 'MRR', 'NDCG', 'Hit', 'Precision']
topk = [10]
valid_metric = MRR@10
valid_metric_bigger = True
eval_batch_size = 4096
metric_decimal_place = 4

Dataset Hyper Parameters:
field_separator = 	
seq_separator =  
USER_ID_FIELD = user_id
ITEM_ID_FIELD = item_id
RATING_FIELD = rating
TIME_FIELD = timestamp
seq_len = None
LABEL_FIELD = label
threshold = None
NEG_PREFIX = neg_
load_col = {'inter': ['user_id', 'item_id', 'rating', 'timestamp'], 'kg': ['head_id', 'relation_id', 'tail_id'], 'link': ['item_id', 'entity_id']}
unload_col = None
unused_col = None
additional_feat_suffix = None
rm_dup_inter = None
val_interval = None
filter_inter_by_user_or_item = True
user_inter_num_interval = [0,inf)
item_inter_num_interval = [0,inf)
alias_of_user_id = None
alias_of_item_id = None
alias_of_entity_id = None
alias_of_relation_id = None
preload_weight = None
normalize_field = None
normalize_all = None
ITEM_LIST_LENGTH_FIELD = item_length
LIST_SUFFIX = _list
MAX_ITEM_LIST_LENGTH = 50
POSITION_FIELD = position_id
HEAD_ENTITY_ID_FIELD = head_id
TAIL_ENTITY_ID_FIELD = tail_id
RELATION_ID_FIELD = relation_id
ENTITY_ID_FIELD = entity_id
benchmark_filename = None

Other Hyper Parameters: 
worker = 0
wandb_project = recbole
shuffle = True
require_pow = False
enable_amp = False
enable_scaler = False
transform = None
embedding_size = 64
loss_function = inner_product
margin = 1.0
numerical_features = []
discretization = None
kg_reverse_r = False
entity_kg_num_interval = [0,inf)
relation_kg_num_interval = [0,inf)
MODEL_TYPE = ModelType.KNOWLEDGE
encoding = utf-8
device = cuda
my_log_file = /mnt/batch/tasks/shared/LS_root/mounts/clusters/fontanagpu/code/sustainability-of-recsys/log/carbon_default.log
MODEL_INPUT_TYPE = InputType.PAIRWISE
eval_type = EvaluatorType.RANKING
single_spec = True
local_rank = 0
valid_neg_sample_args = {'distribution': 'uniform', 'sample_num': 'none'}
test_neg_sample_args = {'distribution': 'uniform', 'sample_num': 'none'}


Thu 04 Apr 2024 19:59:42 INFO  LFM-1b_artist_20U50I_75strat
The number of users: 19103
Average actions of users: 14.47455763794367
The number of items: 14328
Average actions of items: 19.298736651078382
The number of inters: 276493
The sparsity of the dataset: 99.8989824125718%
Remain Fields: ['entity_id', 'user_id', 'item_id', 'head_id', 'relation_id', 'tail_id']
The number of entities: 47309
The number of relations: 7
The number of triples: 43559
The number of items that have been linked to KG: 14327
Thu 04 Apr 2024 19:59:43 INFO  [Training]: train_batch_size = [2048] train_neg_sample_args: [{'distribution': 'uniform', 'sample_num': 1, 'dynamic': False, 'candidate_num': 0, 'alpha': 1.0}]
Thu 04 Apr 2024 19:59:43 INFO  [Evaluation]: eval_batch_size = [4096] eval_args: [{'split': {'RS': [0.8, 0.1, 0.1]}, 'order': 'RO', 'group_by': 'user', 'mode': {'valid': 'full', 'test': 'full'}}]
Thu 04 Apr 2024 19:59:44 INFO  Loading model structure and parameters from saved/LFM-1b_artist_20U50I_75strat/CFKG/CFKG-Apr-04-2024_19-36-32.pth
