Wed 08 May 2024 22:00:11 INFO  ['src/default_tracker2.py', '--dataset=LFM-1b_artist_20U50I_25strat', '--model=CFKG', '--max_emission_step=-1']
Wed 08 May 2024 22:00:11 INFO  
General Hyper Parameters:
gpu_id = 0
use_gpu = True
seed = 2020
state = INFO
reproducibility = True
data_path = data/LFM-1b_artist_20U50I_25strat
checkpoint_dir = saved/LFM-1b_artist_20U50I_25strat/CFKG
show_progress = True
save_dataset = False
dataset_save_path = None
save_dataloaders = False
dataloaders_save_path = None
log_wandb = False

Training Hyper Parameters:
epochs = 200
train_batch_size = 2048
learner = adam
learning_rate = 0.001
train_neg_sample_args = {'distribution': 'uniform', 'sample_num': 1, 'dynamic': False, 'candidate_num': 0, 'alpha': 1.0}
eval_step = 1
stopping_step = 10
clip_grad_norm = None
weight_decay = 0.0
loss_decimal_place = 4

Evaluation Hyper Parameters:
eval_args = {'split': {'RS': [0.8, 0.1, 0.1]}, 'order': 'RO', 'group_by': 'user', 'mode': {'valid': 'full', 'test': 'full'}}
repeatable = False
metrics = ['Recall', 'MRR', 'NDCG', 'Hit', 'MAP', 'Precision', 'GAUC', 'ItemCoverage', 'AveragePopularity', 'GiniIndex', 'ShannonEntropy', 'TailPercentage']
topk = [10]
valid_metric = MRR@10
valid_metric_bigger = True
eval_batch_size = 4096
metric_decimal_place = 4

Dataset Hyper Parameters:
field_separator = 	
seq_separator =  
USER_ID_FIELD = user_id
ITEM_ID_FIELD = item_id
RATING_FIELD = rating
TIME_FIELD = timestamp
seq_len = None
LABEL_FIELD = label
threshold = None
NEG_PREFIX = neg_
load_col = {'inter': ['user_id', 'item_id', 'rating', 'timestamp'], 'kg': ['head_id', 'relation_id', 'tail_id'], 'link': ['item_id', 'entity_id']}
unload_col = None
unused_col = None
additional_feat_suffix = None
rm_dup_inter = None
val_interval = None
filter_inter_by_user_or_item = True
user_inter_num_interval = [0,inf)
item_inter_num_interval = [0,inf)
alias_of_user_id = None
alias_of_item_id = None
alias_of_entity_id = None
alias_of_relation_id = None
preload_weight = None
normalize_field = None
normalize_all = None
ITEM_LIST_LENGTH_FIELD = item_length
LIST_SUFFIX = _list
MAX_ITEM_LIST_LENGTH = 50
POSITION_FIELD = position_id
HEAD_ENTITY_ID_FIELD = head_id
TAIL_ENTITY_ID_FIELD = tail_id
RELATION_ID_FIELD = relation_id
ENTITY_ID_FIELD = entity_id
benchmark_filename = None

Other Hyper Parameters: 
worker = 0
wandb_project = recbole
shuffle = True
require_pow = False
enable_amp = False
enable_scaler = False
transform = None
embedding_size = 64
loss_function = inner_product
margin = 1.0
numerical_features = []
discretization = None
kg_reverse_r = False
entity_kg_num_interval = [0,inf)
relation_kg_num_interval = [0,inf)
MODEL_TYPE = ModelType.KNOWLEDGE
encoding = utf-8
device = cuda:1
my_log_file = /home/fontana/Tesi/log/carbon_default.log
max_emission_step = -1
MODEL_INPUT_TYPE = InputType.PAIRWISE
eval_type = EvaluatorType.RANKING
single_spec = True
local_rank = 0
valid_neg_sample_args = {'distribution': 'uniform', 'sample_num': 'none'}
test_neg_sample_args = {'distribution': 'uniform', 'sample_num': 'none'}


Wed 08 May 2024 22:00:18 INFO  LFM-1b_artist_20U50I_25strat
The number of users: 17111
Average actions of users: 5.287258912916423
The number of items: 9445
Average actions of items: 9.579097839898347
The number of inters: 90465
The sparsity of the dataset: 99.9440238230253%
Remain Fields: ['entity_id', 'user_id', 'item_id', 'head_id', 'relation_id', 'tail_id']
The number of entities: 32908
The number of relations: 7
The number of triples: 29822
The number of items that have been linked to KG: 9444
Wed 08 May 2024 22:00:19 INFO  [Training]: train_batch_size = [2048] train_neg_sample_args: [{'distribution': 'uniform', 'sample_num': 1, 'dynamic': False, 'candidate_num': 0, 'alpha': 1.0}]
Wed 08 May 2024 22:00:19 INFO  [Evaluation]: eval_batch_size = [4096] eval_args: [{'split': {'RS': [0.8, 0.1, 0.1]}, 'order': 'RO', 'group_by': 'user', 'mode': {'valid': 'full', 'test': 'full'}}]
Wed 08 May 2024 22:00:22 INFO  CFKG(
  (user_embedding): Embedding(17111, 64)
  (entity_embedding): Embedding(32908, 64)
  (relation_embedding): Embedding(8, 64)
  (rec_loss): InnerProductLoss()
)
Trainable parameters: 3201728
Wed 08 May 2024 22:00:22 INFO  FLOPs: 128.0
Wed 08 May 2024 22:00:28 INFO  epoch 0 training [time: 0.66s, train loss: 43.4124]
Wed 08 May 2024 22:01:08 INFO  epoch 0 evaluating [time: 39.80s, valid_score: 0.015000]
Wed 08 May 2024 22:01:08 INFO  valid result: 
recall@10 : 0.0696    mrr@10 : 0.015    ndcg@10 : 0.0271    hit@10 : 0.0725    map@10 : 0.0144    precision@10 : 0.0073    gauc : 0.8706    itemcoverage@10 : 0.0019    averagepopularity@10 : 387.6891    giniindex@10 : 0.9989    shannonentropy@10 : 0.1372    tailpercentage@10 : 0.0
Wed 08 May 2024 22:01:08 INFO  Saving current: saved/LFM-1b_artist_20U50I_25strat/CFKG/CFKG-May-08-2024_22-00-23.pth
Wed 08 May 2024 22:01:09 INFO  epoch 1 training [time: 0.62s, train loss: 40.6849]
Wed 08 May 2024 22:01:48 INFO  epoch 1 evaluating [time: 39.96s, valid_score: 0.034600]
Wed 08 May 2024 22:01:48 INFO  valid result: 
recall@10 : 0.1189    mrr@10 : 0.0346    ndcg@10 : 0.0535    hit@10 : 0.1224    map@10 : 0.0338    precision@10 : 0.0123    gauc : 0.8743    itemcoverage@10 : 0.0018    averagepopularity@10 : 604.7149    giniindex@10 : 0.9989    shannonentropy@10 : 0.1432    tailpercentage@10 : 0.0
Wed 08 May 2024 22:01:49 INFO  Saving current: saved/LFM-1b_artist_20U50I_25strat/CFKG/CFKG-May-08-2024_22-00-23.pth
Wed 08 May 2024 22:01:49 INFO  epoch 2 training [time: 0.64s, train loss: 37.5658]
Wed 08 May 2024 22:02:31 INFO  epoch 2 evaluating [time: 41.06s, valid_score: 0.044400]
Wed 08 May 2024 22:02:31 INFO  valid result: 
recall@10 : 0.1282    mrr@10 : 0.0444    ndcg@10 : 0.063    hit@10 : 0.1318    map@10 : 0.0432    precision@10 : 0.0132    gauc : 0.8746    itemcoverage@10 : 0.0019    averagepopularity@10 : 641.1683    giniindex@10 : 0.9989    shannonentropy@10 : 0.135    tailpercentage@10 : 0.0
Wed 08 May 2024 22:02:31 INFO  Saving current: saved/LFM-1b_artist_20U50I_25strat/CFKG/CFKG-May-08-2024_22-00-23.pth
Wed 08 May 2024 22:02:31 INFO  epoch 3 training [time: 0.70s, train loss: 34.8616]
Wed 08 May 2024 22:03:13 INFO  epoch 3 evaluating [time: 41.30s, valid_score: 0.044000]
Wed 08 May 2024 22:03:13 INFO  valid result: 
recall@10 : 0.1292    mrr@10 : 0.044    ndcg@10 : 0.063    hit@10 : 0.1328    map@10 : 0.0426    precision@10 : 0.0133    gauc : 0.8742    itemcoverage@10 : 0.0018    averagepopularity@10 : 646.2713    giniindex@10 : 0.9989    shannonentropy@10 : 0.1431    tailpercentage@10 : 0.0
Wed 08 May 2024 22:03:13 INFO  epoch 4 training [time: 0.66s, train loss: 32.9633]
Wed 08 May 2024 22:03:55 INFO  epoch 4 evaluating [time: 41.12s, valid_score: 0.044100]
Wed 08 May 2024 22:03:55 INFO  valid result: 
recall@10 : 0.1368    mrr@10 : 0.0441    ndcg@10 : 0.0649    hit@10 : 0.1405    map@10 : 0.0428    precision@10 : 0.0141    gauc : 0.8738    itemcoverage@10 : 0.0017    averagepopularity@10 : 687.7743    giniindex@10 : 0.9989    shannonentropy@10 : 0.1524    tailpercentage@10 : 0.0
Wed 08 May 2024 22:03:55 INFO  epoch 5 training [time: 0.70s, train loss: 31.5851]
Wed 08 May 2024 22:04:36 INFO  epoch 5 evaluating [time: 41.05s, valid_score: 0.045100]
Wed 08 May 2024 22:04:36 INFO  valid result: 
recall@10 : 0.1367    mrr@10 : 0.0451    ndcg@10 : 0.0656    hit@10 : 0.1403    map@10 : 0.0438    precision@10 : 0.0141    gauc : 0.8736    itemcoverage@10 : 0.0017    averagepopularity@10 : 687.3502    giniindex@10 : 0.9989    shannonentropy@10 : 0.1524    tailpercentage@10 : 0.0
Wed 08 May 2024 22:04:37 INFO  Saving current: saved/LFM-1b_artist_20U50I_25strat/CFKG/CFKG-May-08-2024_22-00-23.pth
Wed 08 May 2024 22:04:37 INFO  epoch 6 training [time: 0.69s, train loss: 30.6557]
Wed 08 May 2024 22:05:18 INFO  epoch 6 evaluating [time: 41.07s, valid_score: 0.047700]
Wed 08 May 2024 22:05:18 INFO  valid result: 
recall@10 : 0.1363    mrr@10 : 0.0477    ndcg@10 : 0.0674    hit@10 : 0.1398    map@10 : 0.0464    precision@10 : 0.014    gauc : 0.8735    itemcoverage@10 : 0.0018    averagepopularity@10 : 686.8872    giniindex@10 : 0.9989    shannonentropy@10 : 0.1441    tailpercentage@10 : 0.0
Wed 08 May 2024 22:05:19 INFO  Saving current: saved/LFM-1b_artist_20U50I_25strat/CFKG/CFKG-May-08-2024_22-00-23.pth
Wed 08 May 2024 22:05:19 INFO  epoch 7 training [time: 0.70s, train loss: 29.9681]
Wed 08 May 2024 22:06:00 INFO  epoch 7 evaluating [time: 40.94s, valid_score: 0.047000]
Wed 08 May 2024 22:06:00 INFO  valid result: 
recall@10 : 0.1376    mrr@10 : 0.047    ndcg@10 : 0.0671    hit@10 : 0.1411    map@10 : 0.0458    precision@10 : 0.0141    gauc : 0.8734    itemcoverage@10 : 0.0018    averagepopularity@10 : 691.1949    giniindex@10 : 0.9989    shannonentropy@10 : 0.1434    tailpercentage@10 : 0.0
Wed 08 May 2024 22:06:01 INFO  epoch 8 training [time: 0.67s, train loss: 29.3320]
Wed 08 May 2024 22:06:42 INFO  epoch 8 evaluating [time: 40.92s, valid_score: 0.046600]
Wed 08 May 2024 22:06:42 INFO  valid result: 
recall@10 : 0.1366    mrr@10 : 0.0466    ndcg@10 : 0.0666    hit@10 : 0.1403    map@10 : 0.0454    precision@10 : 0.0141    gauc : 0.8737    itemcoverage@10 : 0.0018    averagepopularity@10 : 688.3164    giniindex@10 : 0.9989    shannonentropy@10 : 0.1434    tailpercentage@10 : 0.0
Wed 08 May 2024 22:06:43 INFO  epoch 9 training [time: 0.70s, train loss: 28.9297]
Wed 08 May 2024 22:07:24 INFO  epoch 9 evaluating [time: 41.18s, valid_score: 0.044400]
Wed 08 May 2024 22:07:24 INFO  valid result: 
recall@10 : 0.1363    mrr@10 : 0.0444    ndcg@10 : 0.065    hit@10 : 0.14    map@10 : 0.0433    precision@10 : 0.014    gauc : 0.8738    itemcoverage@10 : 0.0018    averagepopularity@10 : 687.8124    giniindex@10 : 0.9989    shannonentropy@10 : 0.1435    tailpercentage@10 : 0.0
Wed 08 May 2024 22:07:24 INFO  epoch 10 training [time: 0.68s, train loss: 28.7137]
Wed 08 May 2024 22:08:05 INFO  epoch 10 evaluating [time: 40.95s, valid_score: 0.045500]
Wed 08 May 2024 22:08:05 INFO  valid result: 
recall@10 : 0.1366    mrr@10 : 0.0455    ndcg@10 : 0.066    hit@10 : 0.1403    map@10 : 0.0444    precision@10 : 0.0141    gauc : 0.8736    itemcoverage@10 : 0.0018    averagepopularity@10 : 688.319    giniindex@10 : 0.9989    shannonentropy@10 : 0.1434    tailpercentage@10 : 0.0
Wed 08 May 2024 22:08:06 INFO  epoch 11 training [time: 0.68s, train loss: 28.2968]
Wed 08 May 2024 22:08:47 INFO  epoch 11 evaluating [time: 41.24s, valid_score: 0.047100]
Wed 08 May 2024 22:08:47 INFO  valid result: 
recall@10 : 0.1373    mrr@10 : 0.0471    ndcg@10 : 0.0674    hit@10 : 0.1409    map@10 : 0.046    precision@10 : 0.0141    gauc : 0.8738    itemcoverage@10 : 0.0018    averagepopularity@10 : 692.1689    giniindex@10 : 0.9989    shannonentropy@10 : 0.1434    tailpercentage@10 : 0.0
Wed 08 May 2024 22:08:48 INFO  epoch 12 training [time: 0.66s, train loss: 28.1394]
Wed 08 May 2024 22:09:29 INFO  epoch 12 evaluating [time: 41.13s, valid_score: 0.047000]
Wed 08 May 2024 22:09:29 INFO  valid result: 
recall@10 : 0.1349    mrr@10 : 0.047    ndcg@10 : 0.0668    hit@10 : 0.1382    map@10 : 0.0459    precision@10 : 0.0138    gauc : 0.8738    itemcoverage@10 : 0.0018    averagepopularity@10 : 684.3143    giniindex@10 : 0.9989    shannonentropy@10 : 0.1445    tailpercentage@10 : 0.0
Wed 08 May 2024 22:09:30 INFO  epoch 13 training [time: 0.64s, train loss: 27.9243]
Wed 08 May 2024 22:10:11 INFO  epoch 13 evaluating [time: 41.15s, valid_score: 0.046800]
Wed 08 May 2024 22:10:11 INFO  valid result: 
recall@10 : 0.1339    mrr@10 : 0.0468    ndcg@10 : 0.0665    hit@10 : 0.1372    map@10 : 0.0457    precision@10 : 0.0137    gauc : 0.8735    itemcoverage@10 : 0.0019    averagepopularity@10 : 689.2362    giniindex@10 : 0.9989    shannonentropy@10 : 0.1355    tailpercentage@10 : 0.0
Wed 08 May 2024 22:10:12 INFO  epoch 14 training [time: 0.69s, train loss: 27.5776]
Wed 08 May 2024 22:10:53 INFO  epoch 14 evaluating [time: 41.15s, valid_score: 0.047200]
Wed 08 May 2024 22:10:53 INFO  valid result: 
recall@10 : 0.1351    mrr@10 : 0.0472    ndcg@10 : 0.067    hit@10 : 0.1387    map@10 : 0.046    precision@10 : 0.0139    gauc : 0.8735    itemcoverage@10 : 0.0018    averagepopularity@10 : 692.262    giniindex@10 : 0.9989    shannonentropy@10 : 0.1438    tailpercentage@10 : 0.0
Wed 08 May 2024 22:10:53 INFO  epoch 15 training [time: 0.68s, train loss: 27.3088]
Wed 08 May 2024 22:11:35 INFO  epoch 15 evaluating [time: 41.09s, valid_score: 0.046700]
Wed 08 May 2024 22:11:35 INFO  valid result: 
recall@10 : 0.1328    mrr@10 : 0.0467    ndcg@10 : 0.0661    hit@10 : 0.1363    map@10 : 0.0456    precision@10 : 0.0137    gauc : 0.8737    itemcoverage@10 : 0.0018    averagepopularity@10 : 685.6221    giniindex@10 : 0.9989    shannonentropy@10 : 0.1436    tailpercentage@10 : 0.0
Wed 08 May 2024 22:11:35 INFO  epoch 16 training [time: 0.70s, train loss: 27.1523]
Wed 08 May 2024 22:12:17 INFO  epoch 16 evaluating [time: 41.27s, valid_score: 0.047200]
Wed 08 May 2024 22:12:17 INFO  valid result: 
recall@10 : 0.1345    mrr@10 : 0.0472    ndcg@10 : 0.0669    hit@10 : 0.138    map@10 : 0.046    precision@10 : 0.0138    gauc : 0.8738    itemcoverage@10 : 0.0018    averagepopularity@10 : 690.4741    giniindex@10 : 0.9989    shannonentropy@10 : 0.1438    tailpercentage@10 : 0.0
Wed 08 May 2024 22:12:17 INFO  epoch 17 training [time: 0.69s, train loss: 26.8325]
Wed 08 May 2024 22:12:58 INFO  epoch 17 evaluating [time: 40.95s, valid_score: 0.046800]
Wed 08 May 2024 22:12:58 INFO  valid result: 
recall@10 : 0.1324    mrr@10 : 0.0468    ndcg@10 : 0.0661    hit@10 : 0.1358    map@10 : 0.0457    precision@10 : 0.0136    gauc : 0.8738    itemcoverage@10 : 0.0018    averagepopularity@10 : 678.8138    giniindex@10 : 0.9989    shannonentropy@10 : 0.1439    tailpercentage@10 : 0.0
Wed 08 May 2024 22:12:58 INFO  Finished training, best eval result in epoch 6
Wed 08 May 2024 22:12:58 INFO  Loading model structure and parameters from saved/LFM-1b_artist_20U50I_25strat/CFKG/CFKG-May-08-2024_22-00-23.pth
Wed 08 May 2024 22:13:52 INFO  The running environment of this training is as follows:
+-------------+----------------+
| Environment |     Usage      |
+=============+================+
| CPU         |    13.40 %     |
+-------------+----------------+
| GPU         | 0.13 G/11.93 G |
+-------------+----------------+
| Memory      | 2.34 G/31.23 G |
+-------------+----------------+
Wed 08 May 2024 22:13:52 INFO  best valid : OrderedDict([('recall@10', 0.1363), ('mrr@10', 0.0477), ('ndcg@10', 0.0674), ('hit@10', 0.1398), ('map@10', 0.0464), ('precision@10', 0.014), ('gauc', 0.8735), ('itemcoverage@10', 0.0018), ('averagepopularity@10', 686.8872), ('giniindex@10', 0.9989), ('shannonentropy@10', 0.1441), ('tailpercentage@10', 0.0)])
Wed 08 May 2024 22:13:52 INFO  test result: OrderedDict([('recall@10', 0.1387), ('mrr@10', 0.0483), ('ndcg@10', 0.0687), ('hit@10', 0.1413), ('map@10', 0.0474), ('precision@10', 0.0142), ('gauc', 0.8773), ('itemcoverage@10', 0.0018), ('averagepopularity@10', 686.1384), ('giniindex@10', 0.9989), ('shannonentropy@10', 0.1444), ('tailpercentage@10', 0.0)])
Wed 08 May 2024 22:13:52 INFO  
General Hyper Parameters:
gpu_id = 0
use_gpu = True
seed = 2020
state = INFO
reproducibility = True
data_path = data/LFM-1b_artist_20U50I_25strat
checkpoint_dir = saved/LFM-1b_artist_20U50I_25strat/CFKG
show_progress = True
save_dataset = False
dataset_save_path = None
save_dataloaders = False
dataloaders_save_path = None
log_wandb = False

Training Hyper Parameters:
epochs = 200
train_batch_size = 2048
learner = adam
learning_rate = 0.001
train_neg_sample_args = {'distribution': 'uniform', 'sample_num': 1, 'dynamic': False, 'candidate_num': 0, 'alpha': 1.0}
eval_step = 1
stopping_step = 10
clip_grad_norm = None
weight_decay = 0.0
loss_decimal_place = 4

Evaluation Hyper Parameters:
eval_args = {'split': {'RS': [0.8, 0.1, 0.1]}, 'order': 'RO', 'group_by': 'user', 'mode': {'valid': 'full', 'test': 'full'}}
repeatable = False
metrics = ['Recall', 'MRR', 'NDCG', 'Hit', 'MAP', 'Precision', 'GAUC', 'ItemCoverage', 'AveragePopularity', 'GiniIndex', 'ShannonEntropy', 'TailPercentage']
topk = [10]
valid_metric = MRR@10
valid_metric_bigger = True
eval_batch_size = 4096
metric_decimal_place = 4

Dataset Hyper Parameters:
field_separator = 	
seq_separator =  
USER_ID_FIELD = user_id
ITEM_ID_FIELD = item_id
RATING_FIELD = rating
TIME_FIELD = timestamp
seq_len = None
LABEL_FIELD = label
threshold = None
NEG_PREFIX = neg_
load_col = {'inter': ['user_id', 'item_id', 'rating', 'timestamp'], 'kg': ['head_id', 'relation_id', 'tail_id'], 'link': ['item_id', 'entity_id']}
unload_col = None
unused_col = None
additional_feat_suffix = None
rm_dup_inter = None
val_interval = None
filter_inter_by_user_or_item = True
user_inter_num_interval = [0,inf)
item_inter_num_interval = [0,inf)
alias_of_user_id = None
alias_of_item_id = None
alias_of_entity_id = None
alias_of_relation_id = None
preload_weight = None
normalize_field = None
normalize_all = None
ITEM_LIST_LENGTH_FIELD = item_length
LIST_SUFFIX = _list
MAX_ITEM_LIST_LENGTH = 50
POSITION_FIELD = position_id
HEAD_ENTITY_ID_FIELD = head_id
TAIL_ENTITY_ID_FIELD = tail_id
RELATION_ID_FIELD = relation_id
ENTITY_ID_FIELD = entity_id
benchmark_filename = None

Other Hyper Parameters: 
worker = 0
wandb_project = recbole
shuffle = True
require_pow = False
enable_amp = False
enable_scaler = False
transform = None
embedding_size = 64
loss_function = inner_product
margin = 1.0
numerical_features = []
discretization = None
kg_reverse_r = False
entity_kg_num_interval = [0,inf)
relation_kg_num_interval = [0,inf)
MODEL_TYPE = ModelType.KNOWLEDGE
encoding = utf-8
device = cuda:1
my_log_file = /home/fontana/Tesi/log/carbon_default.log
max_emission_step = -1
MODEL_INPUT_TYPE = InputType.PAIRWISE
eval_type = EvaluatorType.RANKING
single_spec = True
local_rank = 0
valid_neg_sample_args = {'distribution': 'uniform', 'sample_num': 'none'}
test_neg_sample_args = {'distribution': 'uniform', 'sample_num': 'none'}


Wed 08 May 2024 22:14:00 INFO  LFM-1b_artist_20U50I_25strat
The number of users: 17111
Average actions of users: 5.287258912916423
The number of items: 9445
Average actions of items: 9.579097839898347
The number of inters: 90465
The sparsity of the dataset: 99.9440238230253%
Remain Fields: ['entity_id', 'user_id', 'item_id', 'head_id', 'relation_id', 'tail_id']
The number of entities: 32908
The number of relations: 7
The number of triples: 29822
The number of items that have been linked to KG: 9444
Wed 08 May 2024 22:14:01 INFO  [Training]: train_batch_size = [2048] train_neg_sample_args: [{'distribution': 'uniform', 'sample_num': 1, 'dynamic': False, 'candidate_num': 0, 'alpha': 1.0}]
Wed 08 May 2024 22:14:01 INFO  [Evaluation]: eval_batch_size = [4096] eval_args: [{'split': {'RS': [0.8, 0.1, 0.1]}, 'order': 'RO', 'group_by': 'user', 'mode': {'valid': 'full', 'test': 'full'}}]
Wed 08 May 2024 22:14:01 INFO  Loading model structure and parameters from saved/LFM-1b_artist_20U50I_25strat/CFKG/CFKG-May-08-2024_22-00-23.pth
