Thu 09 May 2024 10:02:43 INFO  ['src/default_tracker2.py', '--dataset=amazon_books_60core_kg', '--model=CFKG', '--max_emission_step=6']
Thu 09 May 2024 10:02:43 INFO  
General Hyper Parameters:
gpu_id = 0
use_gpu = True
seed = 2020
state = INFO
reproducibility = True
data_path = data/amazon_books_60core_kg
checkpoint_dir = saved/amazon_books_60core_kg/CFKG
show_progress = True
save_dataset = False
dataset_save_path = None
save_dataloaders = False
dataloaders_save_path = None
log_wandb = False

Training Hyper Parameters:
epochs = 200
train_batch_size = 2048
learner = adam
learning_rate = 0.001
train_neg_sample_args = {'distribution': 'uniform', 'sample_num': 1, 'dynamic': False, 'candidate_num': 0, 'alpha': 1.0}
eval_step = 1
stopping_step = 10
clip_grad_norm = None
weight_decay = 0.0
loss_decimal_place = 4

Evaluation Hyper Parameters:
eval_args = {'split': {'RS': [0.8, 0.1, 0.1]}, 'order': 'RO', 'group_by': 'user', 'mode': {'valid': 'full', 'test': 'full'}}
repeatable = False
metrics = ['Recall', 'MRR', 'NDCG', 'Hit', 'MAP', 'Precision', 'GAUC', 'ItemCoverage', 'AveragePopularity', 'GiniIndex', 'ShannonEntropy', 'TailPercentage']
topk = [10]
valid_metric = MRR@10
valid_metric_bigger = True
eval_batch_size = 4096
metric_decimal_place = 4

Dataset Hyper Parameters:
field_separator = 	
seq_separator =  
USER_ID_FIELD = user_id
ITEM_ID_FIELD = item_id
RATING_FIELD = rating
TIME_FIELD = timestamp
seq_len = None
LABEL_FIELD = label
threshold = None
NEG_PREFIX = neg_
load_col = {'inter': ['user_id', 'item_id', 'rating', 'timestamp'], 'kg': ['head_id', 'relation_id', 'tail_id'], 'link': ['item_id', 'entity_id']}
unload_col = None
unused_col = None
additional_feat_suffix = None
rm_dup_inter = None
val_interval = None
filter_inter_by_user_or_item = True
user_inter_num_interval = [0,inf)
item_inter_num_interval = [0,inf)
alias_of_user_id = None
alias_of_item_id = None
alias_of_entity_id = None
alias_of_relation_id = None
preload_weight = None
normalize_field = None
normalize_all = None
ITEM_LIST_LENGTH_FIELD = item_length
LIST_SUFFIX = _list
MAX_ITEM_LIST_LENGTH = 50
POSITION_FIELD = position_id
HEAD_ENTITY_ID_FIELD = head_id
TAIL_ENTITY_ID_FIELD = tail_id
RELATION_ID_FIELD = relation_id
ENTITY_ID_FIELD = entity_id
benchmark_filename = None

Other Hyper Parameters: 
worker = 0
wandb_project = recbole
shuffle = True
require_pow = False
enable_amp = False
enable_scaler = False
transform = None
embedding_size = 64
loss_function = inner_product
margin = 1.0
numerical_features = []
discretization = None
kg_reverse_r = False
entity_kg_num_interval = [0,inf)
relation_kg_num_interval = [0,inf)
MODEL_TYPE = ModelType.KNOWLEDGE
encoding = utf-8
device = cuda:1
my_log_file = /home/fontana/Tesi/log/carbon_default.log
max_emission_step = 6
MODEL_INPUT_TYPE = InputType.PAIRWISE
eval_type = EvaluatorType.RANKING
single_spec = True
local_rank = 0
valid_neg_sample_args = {'distribution': 'uniform', 'sample_num': 'none'}
test_neg_sample_args = {'distribution': 'uniform', 'sample_num': 'none'}


Thu 09 May 2024 10:02:51 INFO  amazon_books_60core_kg
The number of users: 20201
Average actions of users: 17.4280198019802
The number of items: 10879
Average actions of items: 32.36311822026108
The number of inters: 352046
The sparsity of the dataset: 99.83980920055674%
Remain Fields: ['entity_id', 'user_id', 'item_id', 'rating', 'head_id', 'tail_id', 'relation_id']
The number of entities: 26316
The number of relations: 18
The number of triples: 96476
The number of items that have been linked to KG: 10878
Thu 09 May 2024 10:02:54 INFO  [Training]: train_batch_size = [2048] train_neg_sample_args: [{'distribution': 'uniform', 'sample_num': 1, 'dynamic': False, 'candidate_num': 0, 'alpha': 1.0}]
Thu 09 May 2024 10:02:54 INFO  [Evaluation]: eval_batch_size = [4096] eval_args: [{'split': {'RS': [0.8, 0.1, 0.1]}, 'order': 'RO', 'group_by': 'user', 'mode': {'valid': 'full', 'test': 'full'}}]
Thu 09 May 2024 10:02:57 INFO  CFKG(
  (user_embedding): Embedding(20201, 64)
  (entity_embedding): Embedding(26316, 64)
  (relation_embedding): Embedding(19, 64)
  (rec_loss): InnerProductLoss()
)
Trainable parameters: 2978304
Thu 09 May 2024 10:02:57 INFO  FLOPs: 128.0
Thu 09 May 2024 10:03:05 INFO  epoch 0 training [time: 3.05s, train loss: 178.8218]
Thu 09 May 2024 10:04:15 INFO  epoch 0 evaluating [time: 70.00s, valid_score: 0.009600]
Thu 09 May 2024 10:04:15 INFO  valid result: 
recall@10 : 0.0193    mrr@10 : 0.0096    ndcg@10 : 0.0101    hit@10 : 0.03    map@10 : 0.0059    precision@10 : 0.0031    gauc : 0.7382    itemcoverage@10 : 0.002    averagepopularity@10 : 402.8468    giniindex@10 : 0.9991    shannonentropy@10 : 0.1084    tailpercentage@10 : 0.0
Thu 09 May 2024 10:04:15 INFO  Saving current: saved/amazon_books_60core_kg/CFKG/CFKG-May-09-2024_10-02-57.pth
Thu 09 May 2024 10:04:18 INFO  epoch 1 training [time: 2.87s, train loss: 153.3989]
Thu 09 May 2024 10:05:28 INFO  epoch 1 evaluating [time: 69.84s, valid_score: 0.011400]
Thu 09 May 2024 10:05:28 INFO  valid result: 
recall@10 : 0.0198    mrr@10 : 0.0114    ndcg@10 : 0.0115    hit@10 : 0.0302    map@10 : 0.0076    precision@10 : 0.0032    gauc : 0.7431    itemcoverage@10 : 0.0022    averagepopularity@10 : 411.9313    giniindex@10 : 0.9991    shannonentropy@10 : 0.0997    tailpercentage@10 : 0.0
Thu 09 May 2024 10:05:28 INFO  Saving current: saved/amazon_books_60core_kg/CFKG/CFKG-May-09-2024_10-02-57.pth
Thu 09 May 2024 10:05:31 INFO  epoch 2 training [time: 2.63s, train loss: 140.0790]
Thu 09 May 2024 10:06:41 INFO  epoch 2 evaluating [time: 70.40s, valid_score: 0.009500]
Thu 09 May 2024 10:06:41 INFO  valid result: 
recall@10 : 0.0208    mrr@10 : 0.0095    ndcg@10 : 0.0105    hit@10 : 0.0302    map@10 : 0.0062    precision@10 : 0.0032    gauc : 0.7472    itemcoverage@10 : 0.0029    averagepopularity@10 : 394.9852    giniindex@10 : 0.999    shannonentropy@10 : 0.0793    tailpercentage@10 : 0.0
Thu 09 May 2024 10:06:44 INFO  epoch 3 training [time: 2.99s, train loss: 131.4814]
Thu 09 May 2024 10:07:54 INFO  epoch 3 evaluating [time: 69.85s, valid_score: 0.011600]
Thu 09 May 2024 10:07:54 INFO  valid result: 
recall@10 : 0.0213    mrr@10 : 0.0116    ndcg@10 : 0.0118    hit@10 : 0.0339    map@10 : 0.0074    precision@10 : 0.0036    gauc : 0.7521    itemcoverage@10 : 0.0039    averagepopularity@10 : 396.7939    giniindex@10 : 0.999    shannonentropy@10 : 0.0614    tailpercentage@10 : 0.0
Thu 09 May 2024 10:07:54 INFO  Saving current: saved/amazon_books_60core_kg/CFKG/CFKG-May-09-2024_10-02-57.pth
Thu 09 May 2024 10:07:57 INFO  epoch 4 training [time: 2.96s, train loss: 124.5066]
Thu 09 May 2024 10:09:07 INFO  epoch 4 evaluating [time: 69.74s, valid_score: 0.012600]
Thu 09 May 2024 10:09:07 INFO  valid result: 
recall@10 : 0.0229    mrr@10 : 0.0126    ndcg@10 : 0.0127    hit@10 : 0.0365    map@10 : 0.008    precision@10 : 0.0038    gauc : 0.7581    itemcoverage@10 : 0.0054    averagepopularity@10 : 396.089    giniindex@10 : 0.9988    shannonentropy@10 : 0.0473    tailpercentage@10 : 0.0
Thu 09 May 2024 10:09:07 INFO  Saving current: saved/amazon_books_60core_kg/CFKG/CFKG-May-09-2024_10-02-57.pth
Thu 09 May 2024 10:09:10 INFO  epoch 5 training [time: 2.89s, train loss: 118.6070]
Thu 09 May 2024 10:10:20 INFO  epoch 5 evaluating [time: 69.74s, valid_score: 0.011800]
Thu 09 May 2024 10:10:20 INFO  valid result: 
recall@10 : 0.0228    mrr@10 : 0.0118    ndcg@10 : 0.012    hit@10 : 0.0373    map@10 : 0.0069    precision@10 : 0.004    gauc : 0.7647    itemcoverage@10 : 0.0084    averagepopularity@10 : 397.4151    giniindex@10 : 0.9988    shannonentropy@10 : 0.0313    tailpercentage@10 : 0.0
Thu 09 May 2024 10:10:23 INFO  epoch 6 training [time: 2.99s, train loss: 113.5303]
Thu 09 May 2024 10:11:33 INFO  epoch 6 evaluating [time: 69.87s, valid_score: 0.012100]
Thu 09 May 2024 10:11:33 INFO  valid result: 
recall@10 : 0.0244    mrr@10 : 0.0121    ndcg@10 : 0.0125    hit@10 : 0.0397    map@10 : 0.0071    precision@10 : 0.0042    gauc : 0.772    itemcoverage@10 : 0.0123    averagepopularity@10 : 376.6873    giniindex@10 : 0.9986    shannonentropy@10 : 0.0226    tailpercentage@10 : 0.0
Thu 09 May 2024 10:11:36 INFO  epoch 7 training [time: 2.98s, train loss: 109.1722]
Thu 09 May 2024 10:12:46 INFO  epoch 7 evaluating [time: 70.00s, valid_score: 0.012700]
Thu 09 May 2024 10:12:46 INFO  valid result: 
recall@10 : 0.0234    mrr@10 : 0.0127    ndcg@10 : 0.0124    hit@10 : 0.0414    map@10 : 0.0069    precision@10 : 0.0044    gauc : 0.7806    itemcoverage@10 : 0.0175    averagepopularity@10 : 368.963    giniindex@10 : 0.9983    shannonentropy@10 : 0.0169    tailpercentage@10 : 0.0001
Thu 09 May 2024 10:12:46 INFO  Saving current: saved/amazon_books_60core_kg/CFKG/CFKG-May-09-2024_10-02-57.pth
Thu 09 May 2024 10:12:49 INFO  epoch 8 training [time: 2.97s, train loss: 105.5364]
Thu 09 May 2024 10:13:59 INFO  epoch 8 evaluating [time: 70.14s, valid_score: 0.014400]
Thu 09 May 2024 10:13:59 INFO  valid result: 
recall@10 : 0.0261    mrr@10 : 0.0144    ndcg@10 : 0.0141    hit@10 : 0.0446    map@10 : 0.0083    precision@10 : 0.0047    gauc : 0.7891    itemcoverage@10 : 0.021    averagepopularity@10 : 364.4775    giniindex@10 : 0.9981    shannonentropy@10 : 0.0146    tailpercentage@10 : 0.0001
Thu 09 May 2024 10:13:59 INFO  Saving current: saved/amazon_books_60core_kg/CFKG/CFKG-May-09-2024_10-02-57.pth
Thu 09 May 2024 10:13:59 INFO  Finished training, max emissions step reached
Thu 09 May 2024 10:13:59 INFO  Loading model structure and parameters from saved/amazon_books_60core_kg/CFKG/CFKG-May-09-2024_10-02-57.pth
Thu 09 May 2024 10:15:17 INFO  The running environment of this training is as follows:
+-------------+----------------+
| Environment |     Usage      |
+=============+================+
| CPU         |    15.30 %     |
+-------------+----------------+
| GPU         | 0.11 G/11.93 G |
+-------------+----------------+
| Memory      | 2.25 G/31.23 G |
+-------------+----------------+
Thu 09 May 2024 10:15:17 INFO  best valid : OrderedDict([('recall@10', 0.0261), ('mrr@10', 0.0144), ('ndcg@10', 0.0141), ('hit@10', 0.0446), ('map@10', 0.0083), ('precision@10', 0.0047), ('gauc', 0.7891), ('itemcoverage@10', 0.021), ('averagepopularity@10', 364.4775), ('giniindex@10', 0.9981), ('shannonentropy@10', 0.0146), ('tailpercentage@10', 0.0001)])
Thu 09 May 2024 10:15:17 INFO  test result: OrderedDict([('recall@10', 0.0243), ('mrr@10', 0.0144), ('ndcg@10', 0.0135), ('hit@10', 0.0414), ('map@10', 0.008), ('precision@10', 0.0045), ('gauc', 0.7824), ('itemcoverage@10', 0.0213), ('averagepopularity@10', 366.0359), ('giniindex@10', 0.9981), ('shannonentropy@10', 0.0143), ('tailpercentage@10', 0.0001)])
Thu 09 May 2024 10:15:17 INFO  
General Hyper Parameters:
gpu_id = 0
use_gpu = True
seed = 2020
state = INFO
reproducibility = True
data_path = data/amazon_books_60core_kg
checkpoint_dir = saved/amazon_books_60core_kg/CFKG
show_progress = True
save_dataset = False
dataset_save_path = None
save_dataloaders = False
dataloaders_save_path = None
log_wandb = False

Training Hyper Parameters:
epochs = 200
train_batch_size = 2048
learner = adam
learning_rate = 0.001
train_neg_sample_args = {'distribution': 'uniform', 'sample_num': 1, 'dynamic': False, 'candidate_num': 0, 'alpha': 1.0}
eval_step = 1
stopping_step = 10
clip_grad_norm = None
weight_decay = 0.0
loss_decimal_place = 4

Evaluation Hyper Parameters:
eval_args = {'split': {'RS': [0.8, 0.1, 0.1]}, 'order': 'RO', 'group_by': 'user', 'mode': {'valid': 'full', 'test': 'full'}}
repeatable = False
metrics = ['Recall', 'MRR', 'NDCG', 'Hit', 'MAP', 'Precision', 'GAUC', 'ItemCoverage', 'AveragePopularity', 'GiniIndex', 'ShannonEntropy', 'TailPercentage']
topk = [10]
valid_metric = MRR@10
valid_metric_bigger = True
eval_batch_size = 4096
metric_decimal_place = 4

Dataset Hyper Parameters:
field_separator = 	
seq_separator =  
USER_ID_FIELD = user_id
ITEM_ID_FIELD = item_id
RATING_FIELD = rating
TIME_FIELD = timestamp
seq_len = None
LABEL_FIELD = label
threshold = None
NEG_PREFIX = neg_
load_col = {'inter': ['user_id', 'item_id', 'rating', 'timestamp'], 'kg': ['head_id', 'relation_id', 'tail_id'], 'link': ['item_id', 'entity_id']}
unload_col = None
unused_col = None
additional_feat_suffix = None
rm_dup_inter = None
val_interval = None
filter_inter_by_user_or_item = True
user_inter_num_interval = [0,inf)
item_inter_num_interval = [0,inf)
alias_of_user_id = None
alias_of_item_id = None
alias_of_entity_id = None
alias_of_relation_id = None
preload_weight = None
normalize_field = None
normalize_all = None
ITEM_LIST_LENGTH_FIELD = item_length
LIST_SUFFIX = _list
MAX_ITEM_LIST_LENGTH = 50
POSITION_FIELD = position_id
HEAD_ENTITY_ID_FIELD = head_id
TAIL_ENTITY_ID_FIELD = tail_id
RELATION_ID_FIELD = relation_id
ENTITY_ID_FIELD = entity_id
benchmark_filename = None

Other Hyper Parameters: 
worker = 0
wandb_project = recbole
shuffle = True
require_pow = False
enable_amp = False
enable_scaler = False
transform = None
embedding_size = 64
loss_function = inner_product
margin = 1.0
numerical_features = []
discretization = None
kg_reverse_r = False
entity_kg_num_interval = [0,inf)
relation_kg_num_interval = [0,inf)
MODEL_TYPE = ModelType.KNOWLEDGE
encoding = utf-8
device = cuda:1
my_log_file = /home/fontana/Tesi/log/carbon_default.log
max_emission_step = 6
MODEL_INPUT_TYPE = InputType.PAIRWISE
eval_type = EvaluatorType.RANKING
single_spec = True
local_rank = 0
valid_neg_sample_args = {'distribution': 'uniform', 'sample_num': 'none'}
test_neg_sample_args = {'distribution': 'uniform', 'sample_num': 'none'}


Thu 09 May 2024 10:15:25 INFO  amazon_books_60core_kg
The number of users: 20201
Average actions of users: 17.4280198019802
The number of items: 10879
Average actions of items: 32.36311822026108
The number of inters: 352046
The sparsity of the dataset: 99.83980920055674%
Remain Fields: ['entity_id', 'user_id', 'item_id', 'rating', 'head_id', 'tail_id', 'relation_id']
The number of entities: 26316
The number of relations: 18
The number of triples: 96476
The number of items that have been linked to KG: 10878
Thu 09 May 2024 10:15:28 INFO  [Training]: train_batch_size = [2048] train_neg_sample_args: [{'distribution': 'uniform', 'sample_num': 1, 'dynamic': False, 'candidate_num': 0, 'alpha': 1.0}]
Thu 09 May 2024 10:15:28 INFO  [Evaluation]: eval_batch_size = [4096] eval_args: [{'split': {'RS': [0.8, 0.1, 0.1]}, 'order': 'RO', 'group_by': 'user', 'mode': {'valid': 'full', 'test': 'full'}}]
Thu 09 May 2024 10:15:28 INFO  Loading model structure and parameters from saved/amazon_books_60core_kg/CFKG/CFKG-May-09-2024_10-02-57.pth
