Thu 04 Apr 2024 20:04:11 INFO  ['src/default_tracker.py', '--dataset=LFM-1b_artist_20U50I_75strat', '--model=CKE']
Thu 04 Apr 2024 20:04:11 INFO  
General Hyper Parameters:
gpu_id = 0
use_gpu = True
seed = 2020
state = INFO
reproducibility = True
data_path = data/LFM-1b_artist_20U50I_75strat
checkpoint_dir = saved/LFM-1b_artist_20U50I_75strat/CKE
show_progress = True
save_dataset = False
dataset_save_path = None
save_dataloaders = False
dataloaders_save_path = None
log_wandb = False

Training Hyper Parameters:
epochs = 200
train_batch_size = 2048
learner = adam
learning_rate = 0.001
train_neg_sample_args = {'distribution': 'uniform', 'sample_num': 1, 'dynamic': False, 'candidate_num': 0, 'alpha': 1.0}
eval_step = 1
stopping_step = 10
clip_grad_norm = None
weight_decay = 0.0
loss_decimal_place = 4

Evaluation Hyper Parameters:
eval_args = {'split': {'RS': [0.8, 0.1, 0.1]}, 'order': 'RO', 'group_by': 'user', 'mode': {'valid': 'full', 'test': 'full'}}
repeatable = False
metrics = ['Recall', 'MRR', 'NDCG', 'Hit', 'Precision']
topk = [10]
valid_metric = MRR@10
valid_metric_bigger = True
eval_batch_size = 4096
metric_decimal_place = 4

Dataset Hyper Parameters:
field_separator = 	
seq_separator =  
USER_ID_FIELD = user_id
ITEM_ID_FIELD = item_id
RATING_FIELD = rating
TIME_FIELD = timestamp
seq_len = None
LABEL_FIELD = label
threshold = None
NEG_PREFIX = neg_
load_col = {'inter': ['user_id', 'item_id', 'rating', 'timestamp'], 'kg': ['head_id', 'relation_id', 'tail_id'], 'link': ['item_id', 'entity_id']}
unload_col = None
unused_col = None
additional_feat_suffix = None
rm_dup_inter = None
val_interval = None
filter_inter_by_user_or_item = True
user_inter_num_interval = [0,inf)
item_inter_num_interval = [0,inf)
alias_of_user_id = None
alias_of_item_id = None
alias_of_entity_id = None
alias_of_relation_id = None
preload_weight = None
normalize_field = None
normalize_all = None
ITEM_LIST_LENGTH_FIELD = item_length
LIST_SUFFIX = _list
MAX_ITEM_LIST_LENGTH = 50
POSITION_FIELD = position_id
HEAD_ENTITY_ID_FIELD = head_id
TAIL_ENTITY_ID_FIELD = tail_id
RELATION_ID_FIELD = relation_id
ENTITY_ID_FIELD = entity_id
benchmark_filename = None

Other Hyper Parameters: 
worker = 0
wandb_project = recbole
shuffle = True
require_pow = False
enable_amp = False
enable_scaler = False
transform = None
embedding_size = 64
kg_embedding_size = 64
reg_weights = [0.01, 0.01]
numerical_features = []
discretization = None
kg_reverse_r = False
entity_kg_num_interval = [0,inf)
relation_kg_num_interval = [0,inf)
MODEL_TYPE = ModelType.KNOWLEDGE
encoding = utf-8
device = cuda
my_log_file = /mnt/batch/tasks/shared/LS_root/mounts/clusters/fontanagpu/code/sustainability-of-recsys/log/carbon_default.log
MODEL_INPUT_TYPE = InputType.PAIRWISE
eval_type = EvaluatorType.RANKING
single_spec = True
local_rank = 0
valid_neg_sample_args = {'distribution': 'uniform', 'sample_num': 'none'}
test_neg_sample_args = {'distribution': 'uniform', 'sample_num': 'none'}


Thu 04 Apr 2024 20:04:17 INFO  LFM-1b_artist_20U50I_75strat
The number of users: 19103
Average actions of users: 14.47455763794367
The number of items: 14328
Average actions of items: 19.298736651078382
The number of inters: 276493
The sparsity of the dataset: 99.8989824125718%
Remain Fields: ['entity_id', 'user_id', 'item_id', 'head_id', 'relation_id', 'tail_id']
The number of entities: 47309
The number of relations: 7
The number of triples: 43559
The number of items that have been linked to KG: 14327
Thu 04 Apr 2024 20:04:19 INFO  [Training]: train_batch_size = [2048] train_neg_sample_args: [{'distribution': 'uniform', 'sample_num': 1, 'dynamic': False, 'candidate_num': 0, 'alpha': 1.0}]
Thu 04 Apr 2024 20:04:19 INFO  [Evaluation]: eval_batch_size = [4096] eval_args: [{'split': {'RS': [0.8, 0.1, 0.1]}, 'order': 'RO', 'group_by': 'user', 'mode': {'valid': 'full', 'test': 'full'}}]
Thu 04 Apr 2024 20:04:19 INFO  CKE(
  (user_embedding): Embedding(19103, 64)
  (item_embedding): Embedding(14328, 64)
  (entity_embedding): Embedding(47309, 64)
  (relation_embedding): Embedding(7, 64)
  (trans_w): Embedding(7, 4096)
  (rec_loss): BPRLoss()
  (kg_loss): BPRLoss()
  (reg_loss): EmbLoss()
)
Trainable parameters: 5196480
Thu 04 Apr 2024 20:04:25 INFO  FLOPs: 192.0
Thu 04 Apr 2024 20:05:03 INFO  epoch 0 training [time: 7.07s, train_loss1: 75.4740, train_loss2: 32.0384, train_loss3: 0.1091]
Thu 04 Apr 2024 20:05:24 INFO  epoch 0 evaluating [time: 21.03s, valid_score: 0.068400]
Thu 04 Apr 2024 20:05:24 INFO  valid result: 
recall@10 : 0.1292    mrr@10 : 0.0684    ndcg@10 : 0.0725    hit@10 : 0.1823    precision@10 : 0.0197
Thu 04 Apr 2024 20:05:25 INFO  Saving current: saved/LFM-1b_artist_20U50I_75strat/CKE/CKE-Apr-04-2024_20-04-26.pth
Thu 04 Apr 2024 20:05:28 INFO  epoch 1 training [time: 3.60s, train_loss1: 67.7595, train_loss2: 13.1455, train_loss3: 0.1296]
Thu 04 Apr 2024 20:05:48 INFO  epoch 1 evaluating [time: 20.19s, valid_score: 0.078900]
Thu 04 Apr 2024 20:05:48 INFO  valid result: 
recall@10 : 0.1559    mrr@10 : 0.0789    ndcg@10 : 0.0866    hit@10 : 0.2103    precision@10 : 0.0225
Thu 04 Apr 2024 20:05:49 INFO  Saving current: saved/LFM-1b_artist_20U50I_75strat/CKE/CKE-Apr-04-2024_20-04-26.pth
Thu 04 Apr 2024 20:05:53 INFO  epoch 2 training [time: 3.50s, train_loss1: 41.8209, train_loss2: 11.8844, train_loss3: 0.1711]
Thu 04 Apr 2024 20:06:13 INFO  epoch 2 evaluating [time: 20.35s, valid_score: 0.078800]
Thu 04 Apr 2024 20:06:13 INFO  valid result: 
recall@10 : 0.1569    mrr@10 : 0.0788    ndcg@10 : 0.0868    hit@10 : 0.21    precision@10 : 0.0224
Thu 04 Apr 2024 20:06:17 INFO  epoch 3 training [time: 3.67s, train_loss1: 28.6138, train_loss2: 11.1784, train_loss3: 0.1972]
Thu 04 Apr 2024 20:06:37 INFO  epoch 3 evaluating [time: 20.34s, valid_score: 0.079000]
Thu 04 Apr 2024 20:06:37 INFO  valid result: 
recall@10 : 0.1578    mrr@10 : 0.079    ndcg@10 : 0.0872    hit@10 : 0.2116    precision@10 : 0.0226
Thu 04 Apr 2024 20:06:38 INFO  Saving current: saved/LFM-1b_artist_20U50I_75strat/CKE/CKE-Apr-04-2024_20-04-26.pth
Thu 04 Apr 2024 20:06:41 INFO  epoch 4 training [time: 3.59s, train_loss1: 24.4032, train_loss2: 10.6791, train_loss3: 0.2109]
Thu 04 Apr 2024 20:07:02 INFO  epoch 4 evaluating [time: 20.30s, valid_score: 0.079400]
Thu 04 Apr 2024 20:07:02 INFO  valid result: 
recall@10 : 0.158    mrr@10 : 0.0794    ndcg@10 : 0.0875    hit@10 : 0.2121    precision@10 : 0.0226
Thu 04 Apr 2024 20:07:03 INFO  Saving current: saved/LFM-1b_artist_20U50I_75strat/CKE/CKE-Apr-04-2024_20-04-26.pth
Thu 04 Apr 2024 20:07:06 INFO  epoch 5 training [time: 3.54s, train_loss1: 22.5873, train_loss2: 10.3242, train_loss3: 0.2193]
Thu 04 Apr 2024 20:07:27 INFO  epoch 5 evaluating [time: 20.39s, valid_score: 0.080000]
Thu 04 Apr 2024 20:07:27 INFO  valid result: 
recall@10 : 0.1593    mrr@10 : 0.08    ndcg@10 : 0.0881    hit@10 : 0.2136    precision@10 : 0.0227
Thu 04 Apr 2024 20:07:28 INFO  Saving current: saved/LFM-1b_artist_20U50I_75strat/CKE/CKE-Apr-04-2024_20-04-26.pth
Thu 04 Apr 2024 20:07:31 INFO  epoch 6 training [time: 3.56s, train_loss1: 21.5320, train_loss2: 10.0747, train_loss3: 0.2249]
Thu 04 Apr 2024 20:07:52 INFO  epoch 6 evaluating [time: 20.45s, valid_score: 0.080200]
Thu 04 Apr 2024 20:07:52 INFO  valid result: 
recall@10 : 0.1603    mrr@10 : 0.0802    ndcg@10 : 0.0885    hit@10 : 0.2147    precision@10 : 0.0229
Thu 04 Apr 2024 20:07:52 INFO  Saving current: saved/LFM-1b_artist_20U50I_75strat/CKE/CKE-Apr-04-2024_20-04-26.pth
Thu 04 Apr 2024 20:07:56 INFO  epoch 7 training [time: 3.54s, train_loss1: 20.8112, train_loss2: 9.8886, train_loss3: 0.2291]
Thu 04 Apr 2024 20:08:16 INFO  epoch 7 evaluating [time: 20.49s, valid_score: 0.080400]
Thu 04 Apr 2024 20:08:16 INFO  valid result: 
recall@10 : 0.1577    mrr@10 : 0.0804    ndcg@10 : 0.0879    hit@10 : 0.212    precision@10 : 0.0226
Thu 04 Apr 2024 20:08:17 INFO  Saving current: saved/LFM-1b_artist_20U50I_75strat/CKE/CKE-Apr-04-2024_20-04-26.pth
Thu 04 Apr 2024 20:08:21 INFO  epoch 8 training [time: 3.53s, train_loss1: 20.0923, train_loss2: 9.7113, train_loss3: 0.2322]
Thu 04 Apr 2024 20:08:41 INFO  epoch 8 evaluating [time: 20.46s, valid_score: 0.080600]
Thu 04 Apr 2024 20:08:41 INFO  valid result: 
recall@10 : 0.1578    mrr@10 : 0.0806    ndcg@10 : 0.088    hit@10 : 0.2116    precision@10 : 0.0226
Thu 04 Apr 2024 20:08:42 INFO  Saving current: saved/LFM-1b_artist_20U50I_75strat/CKE/CKE-Apr-04-2024_20-04-26.pth
Thu 04 Apr 2024 20:08:45 INFO  epoch 9 training [time: 3.55s, train_loss1: 19.8757, train_loss2: 9.5931, train_loss3: 0.2350]
Thu 04 Apr 2024 20:09:06 INFO  epoch 9 evaluating [time: 20.50s, valid_score: 0.080200]
Thu 04 Apr 2024 20:09:06 INFO  valid result: 
recall@10 : 0.1576    mrr@10 : 0.0802    ndcg@10 : 0.0878    hit@10 : 0.2117    precision@10 : 0.0226
Thu 04 Apr 2024 20:09:10 INFO  epoch 10 training [time: 3.60s, train_loss1: 19.3390, train_loss2: 9.4988, train_loss3: 0.2368]
Thu 04 Apr 2024 20:09:30 INFO  epoch 10 evaluating [time: 20.60s, valid_score: 0.080400]
Thu 04 Apr 2024 20:09:30 INFO  valid result: 
recall@10 : 0.1576    mrr@10 : 0.0804    ndcg@10 : 0.0879    hit@10 : 0.2117    precision@10 : 0.0226
Thu 04 Apr 2024 20:09:34 INFO  epoch 11 training [time: 3.68s, train_loss1: 18.8537, train_loss2: 9.4083, train_loss3: 0.2386]
Thu 04 Apr 2024 20:09:54 INFO  epoch 11 evaluating [time: 20.52s, valid_score: 0.081000]
Thu 04 Apr 2024 20:09:54 INFO  valid result: 
recall@10 : 0.1605    mrr@10 : 0.081    ndcg@10 : 0.0888    hit@10 : 0.2153    precision@10 : 0.0229
Thu 04 Apr 2024 20:09:55 INFO  Saving current: saved/LFM-1b_artist_20U50I_75strat/CKE/CKE-Apr-04-2024_20-04-26.pth
Thu 04 Apr 2024 20:09:59 INFO  epoch 12 training [time: 3.53s, train_loss1: 18.3816, train_loss2: 9.3591, train_loss3: 0.2401]
Thu 04 Apr 2024 20:10:19 INFO  epoch 12 evaluating [time: 20.51s, valid_score: 0.080800]
Thu 04 Apr 2024 20:10:19 INFO  valid result: 
recall@10 : 0.1603    mrr@10 : 0.0808    ndcg@10 : 0.0886    hit@10 : 0.2146    precision@10 : 0.0229
Thu 04 Apr 2024 20:10:23 INFO  epoch 13 training [time: 3.63s, train_loss1: 17.7629, train_loss2: 9.3024, train_loss3: 0.2417]
Thu 04 Apr 2024 20:10:43 INFO  epoch 13 evaluating [time: 20.54s, valid_score: 0.081000]
Thu 04 Apr 2024 20:10:43 INFO  valid result: 
recall@10 : 0.1621    mrr@10 : 0.081    ndcg@10 : 0.0892    hit@10 : 0.2166    precision@10 : 0.0231
Thu 04 Apr 2024 20:10:44 INFO  Saving current: saved/LFM-1b_artist_20U50I_75strat/CKE/CKE-Apr-04-2024_20-04-26.pth
Thu 04 Apr 2024 20:10:48 INFO  epoch 14 training [time: 3.53s, train_loss1: 17.5957, train_loss2: 9.2945, train_loss3: 0.2434]
Thu 04 Apr 2024 20:11:08 INFO  epoch 14 evaluating [time: 20.50s, valid_score: 0.079900]
Thu 04 Apr 2024 20:11:08 INFO  valid result: 
recall@10 : 0.1594    mrr@10 : 0.0799    ndcg@10 : 0.0874    hit@10 : 0.2143    precision@10 : 0.0228
Thu 04 Apr 2024 20:11:12 INFO  epoch 15 training [time: 3.65s, train_loss1: 17.0584, train_loss2: 9.2021, train_loss3: 0.2447]
Thu 04 Apr 2024 20:11:32 INFO  epoch 15 evaluating [time: 20.53s, valid_score: 0.079900]
Thu 04 Apr 2024 20:11:32 INFO  valid result: 
recall@10 : 0.1635    mrr@10 : 0.0799    ndcg@10 : 0.0883    hit@10 : 0.2189    precision@10 : 0.0233
Thu 04 Apr 2024 20:11:36 INFO  epoch 16 training [time: 3.62s, train_loss1: 16.6057, train_loss2: 9.1533, train_loss3: 0.2461]
Thu 04 Apr 2024 20:11:57 INFO  epoch 16 evaluating [time: 20.55s, valid_score: 0.081900]
Thu 04 Apr 2024 20:11:57 INFO  valid result: 
recall@10 : 0.166    mrr@10 : 0.0819    ndcg@10 : 0.0905    hit@10 : 0.2224    precision@10 : 0.0237
Thu 04 Apr 2024 20:11:57 INFO  Saving current: saved/LFM-1b_artist_20U50I_75strat/CKE/CKE-Apr-04-2024_20-04-26.pth
Thu 04 Apr 2024 20:12:01 INFO  epoch 17 training [time: 3.52s, train_loss1: 16.1309, train_loss2: 9.1306, train_loss3: 0.2474]
Thu 04 Apr 2024 20:12:21 INFO  epoch 17 evaluating [time: 20.57s, valid_score: 0.082700]
Thu 04 Apr 2024 20:12:21 INFO  valid result: 
recall@10 : 0.1677    mrr@10 : 0.0827    ndcg@10 : 0.0915    hit@10 : 0.2243    precision@10 : 0.0239
Thu 04 Apr 2024 20:12:22 INFO  Saving current: saved/LFM-1b_artist_20U50I_75strat/CKE/CKE-Apr-04-2024_20-04-26.pth
Thu 04 Apr 2024 20:12:26 INFO  epoch 18 training [time: 3.51s, train_loss1: 15.5807, train_loss2: 9.1043, train_loss3: 0.2487]
Thu 04 Apr 2024 20:12:46 INFO  epoch 18 evaluating [time: 20.54s, valid_score: 0.083100]
Thu 04 Apr 2024 20:12:46 INFO  valid result: 
recall@10 : 0.167    mrr@10 : 0.0831    ndcg@10 : 0.0915    hit@10 : 0.2238    precision@10 : 0.0239
Thu 04 Apr 2024 20:12:47 INFO  Saving current: saved/LFM-1b_artist_20U50I_75strat/CKE/CKE-Apr-04-2024_20-04-26.pth
Thu 04 Apr 2024 20:12:50 INFO  epoch 19 training [time: 3.51s, train_loss1: 15.1428, train_loss2: 9.0932, train_loss3: 0.2503]
Thu 04 Apr 2024 20:13:11 INFO  epoch 19 evaluating [time: 20.51s, valid_score: 0.085300]
Thu 04 Apr 2024 20:13:11 INFO  valid result: 
recall@10 : 0.1653    mrr@10 : 0.0853    ndcg@10 : 0.0926    hit@10 : 0.2226    precision@10 : 0.0238
Thu 04 Apr 2024 20:13:12 INFO  Saving current: saved/LFM-1b_artist_20U50I_75strat/CKE/CKE-Apr-04-2024_20-04-26.pth
Thu 04 Apr 2024 20:13:15 INFO  epoch 20 training [time: 3.52s, train_loss1: 14.5500, train_loss2: 9.0729, train_loss3: 0.2515]
Thu 04 Apr 2024 20:13:36 INFO  epoch 20 evaluating [time: 20.56s, valid_score: 0.083500]
Thu 04 Apr 2024 20:13:36 INFO  valid result: 
recall@10 : 0.1669    mrr@10 : 0.0835    ndcg@10 : 0.0916    hit@10 : 0.2244    precision@10 : 0.0241
Thu 04 Apr 2024 20:13:39 INFO  epoch 21 training [time: 3.61s, train_loss1: 14.1358, train_loss2: 9.0812, train_loss3: 0.2529]
Thu 04 Apr 2024 20:13:59 INFO  epoch 21 evaluating [time: 20.23s, valid_score: 0.085700]
Thu 04 Apr 2024 20:13:59 INFO  valid result: 
recall@10 : 0.1684    mrr@10 : 0.0857    ndcg@10 : 0.0934    hit@10 : 0.2269    precision@10 : 0.0244
Thu 04 Apr 2024 20:14:00 INFO  Saving current: saved/LFM-1b_artist_20U50I_75strat/CKE/CKE-Apr-04-2024_20-04-26.pth
Thu 04 Apr 2024 20:14:04 INFO  epoch 22 training [time: 3.54s, train_loss1: 13.6042, train_loss2: 9.0238, train_loss3: 0.2544]
Thu 04 Apr 2024 20:14:24 INFO  epoch 22 evaluating [time: 20.24s, valid_score: 0.088000]
Thu 04 Apr 2024 20:14:24 INFO  valid result: 
recall@10 : 0.1687    mrr@10 : 0.088    ndcg@10 : 0.095    hit@10 : 0.2278    precision@10 : 0.0245
Thu 04 Apr 2024 20:14:25 INFO  Saving current: saved/LFM-1b_artist_20U50I_75strat/CKE/CKE-Apr-04-2024_20-04-26.pth
Thu 04 Apr 2024 20:14:28 INFO  epoch 23 training [time: 3.51s, train_loss1: 13.1028, train_loss2: 9.0037, train_loss3: 0.2560]
Thu 04 Apr 2024 20:14:49 INFO  epoch 23 evaluating [time: 20.32s, valid_score: 0.087400]
Thu 04 Apr 2024 20:14:49 INFO  valid result: 
recall@10 : 0.1692    mrr@10 : 0.0874    ndcg@10 : 0.0947    hit@10 : 0.2292    precision@10 : 0.0247
Thu 04 Apr 2024 20:14:52 INFO  epoch 24 training [time: 3.62s, train_loss1: 12.5428, train_loss2: 8.9866, train_loss3: 0.2575]
Thu 04 Apr 2024 20:15:13 INFO  epoch 24 evaluating [time: 20.52s, valid_score: 0.088600]
Thu 04 Apr 2024 20:15:13 INFO  valid result: 
recall@10 : 0.1725    mrr@10 : 0.0886    ndcg@10 : 0.0966    hit@10 : 0.2332    precision@10 : 0.025
Thu 04 Apr 2024 20:15:14 INFO  Saving current: saved/LFM-1b_artist_20U50I_75strat/CKE/CKE-Apr-04-2024_20-04-26.pth
Thu 04 Apr 2024 20:15:17 INFO  epoch 25 training [time: 3.53s, train_loss1: 12.0419, train_loss2: 8.9849, train_loss3: 0.2591]
Thu 04 Apr 2024 20:15:38 INFO  epoch 25 evaluating [time: 20.47s, valid_score: 0.086800]
Thu 04 Apr 2024 20:15:38 INFO  valid result: 
recall@10 : 0.1757    mrr@10 : 0.0868    ndcg@10 : 0.0956    hit@10 : 0.237    precision@10 : 0.0254
Thu 04 Apr 2024 20:15:41 INFO  epoch 26 training [time: 3.61s, train_loss1: 11.6482, train_loss2: 8.9594, train_loss3: 0.2609]
Thu 04 Apr 2024 20:16:02 INFO  epoch 26 evaluating [time: 20.46s, valid_score: 0.087900]
Thu 04 Apr 2024 20:16:02 INFO  valid result: 
recall@10 : 0.1752    mrr@10 : 0.0879    ndcg@10 : 0.0961    hit@10 : 0.2369    precision@10 : 0.0255
Thu 04 Apr 2024 20:16:05 INFO  epoch 27 training [time: 3.71s, train_loss1: 11.1501, train_loss2: 8.9657, train_loss3: 0.2623]
Thu 04 Apr 2024 20:16:26 INFO  epoch 27 evaluating [time: 20.49s, valid_score: 0.087300]
Thu 04 Apr 2024 20:16:26 INFO  valid result: 
recall@10 : 0.173    mrr@10 : 0.0873    ndcg@10 : 0.0952    hit@10 : 0.2349    precision@10 : 0.0254
Thu 04 Apr 2024 20:16:29 INFO  epoch 28 training [time: 3.63s, train_loss1: 10.6146, train_loss2: 8.9505, train_loss3: 0.2639]
Thu 04 Apr 2024 20:16:50 INFO  epoch 28 evaluating [time: 20.45s, valid_score: 0.088900]
Thu 04 Apr 2024 20:16:50 INFO  valid result: 
recall@10 : 0.17    mrr@10 : 0.0889    ndcg@10 : 0.0957    hit@10 : 0.2329    precision@10 : 0.0252
Thu 04 Apr 2024 20:16:51 INFO  Saving current: saved/LFM-1b_artist_20U50I_75strat/CKE/CKE-Apr-04-2024_20-04-26.pth
Thu 04 Apr 2024 20:16:54 INFO  epoch 29 training [time: 3.52s, train_loss1: 10.2269, train_loss2: 8.9475, train_loss3: 0.2657]
Thu 04 Apr 2024 20:17:15 INFO  epoch 29 evaluating [time: 20.49s, valid_score: 0.092400]
Thu 04 Apr 2024 20:17:15 INFO  valid result: 
recall@10 : 0.1786    mrr@10 : 0.0924    ndcg@10 : 0.0999    hit@10 : 0.2413    precision@10 : 0.0261
Thu 04 Apr 2024 20:17:16 INFO  Saving current: saved/LFM-1b_artist_20U50I_75strat/CKE/CKE-Apr-04-2024_20-04-26.pth
Thu 04 Apr 2024 20:17:19 INFO  epoch 30 training [time: 3.62s, train_loss1: 9.7887, train_loss2: 8.9499, train_loss3: 0.2674]
Thu 04 Apr 2024 20:17:40 INFO  epoch 30 evaluating [time: 20.54s, valid_score: 0.091500]
Thu 04 Apr 2024 20:17:40 INFO  valid result: 
recall@10 : 0.1798    mrr@10 : 0.0915    ndcg@10 : 0.0995    hit@10 : 0.2428    precision@10 : 0.0263
Thu 04 Apr 2024 20:17:43 INFO  epoch 31 training [time: 3.68s, train_loss1: 9.4079, train_loss2: 8.9578, train_loss3: 0.2693]
Thu 04 Apr 2024 20:18:04 INFO  epoch 31 evaluating [time: 20.51s, valid_score: 0.094300]
Thu 04 Apr 2024 20:18:04 INFO  valid result: 
recall@10 : 0.177    mrr@10 : 0.0943    ndcg@10 : 0.1007    hit@10 : 0.24    precision@10 : 0.026
Thu 04 Apr 2024 20:18:05 INFO  Saving current: saved/LFM-1b_artist_20U50I_75strat/CKE/CKE-Apr-04-2024_20-04-26.pth
Thu 04 Apr 2024 20:18:08 INFO  epoch 32 training [time: 3.52s, train_loss1: 9.0346, train_loss2: 8.8906, train_loss3: 0.2709]
Thu 04 Apr 2024 20:18:29 INFO  epoch 32 evaluating [time: 20.49s, valid_score: 0.090700]
Thu 04 Apr 2024 20:18:29 INFO  valid result: 
recall@10 : 0.1818    mrr@10 : 0.0907    ndcg@10 : 0.0993    hit@10 : 0.2457    precision@10 : 0.0267
Thu 04 Apr 2024 20:18:32 INFO  epoch 33 training [time: 3.66s, train_loss1: 8.4750, train_loss2: 8.9040, train_loss3: 0.2727]
Thu 04 Apr 2024 20:18:53 INFO  epoch 33 evaluating [time: 20.49s, valid_score: 0.089300]
Thu 04 Apr 2024 20:18:53 INFO  valid result: 
recall@10 : 0.1855    mrr@10 : 0.0893    ndcg@10 : 0.0993    hit@10 : 0.2497    precision@10 : 0.027
Thu 04 Apr 2024 20:18:57 INFO  epoch 34 training [time: 3.62s, train_loss1: 8.3324, train_loss2: 8.8893, train_loss3: 0.2743]
Thu 04 Apr 2024 20:19:17 INFO  epoch 34 evaluating [time: 20.52s, valid_score: 0.088500]
Thu 04 Apr 2024 20:19:17 INFO  valid result: 
recall@10 : 0.1825    mrr@10 : 0.0885    ndcg@10 : 0.0981    hit@10 : 0.2468    precision@10 : 0.0268
Thu 04 Apr 2024 20:19:21 INFO  epoch 35 training [time: 3.68s, train_loss1: 7.8064, train_loss2: 8.8633, train_loss3: 0.2761]
Thu 04 Apr 2024 20:19:41 INFO  epoch 35 evaluating [time: 20.57s, valid_score: 0.089800]
Thu 04 Apr 2024 20:19:41 INFO  valid result: 
recall@10 : 0.1836    mrr@10 : 0.0898    ndcg@10 : 0.0993    hit@10 : 0.2483    precision@10 : 0.027
Thu 04 Apr 2024 20:19:45 INFO  epoch 36 training [time: 3.69s, train_loss1: 7.5909, train_loss2: 8.8622, train_loss3: 0.2778]
Thu 04 Apr 2024 20:20:06 INFO  epoch 36 evaluating [time: 20.69s, valid_score: 0.088800]
Thu 04 Apr 2024 20:20:06 INFO  valid result: 
recall@10 : 0.1839    mrr@10 : 0.0888    ndcg@10 : 0.0988    hit@10 : 0.2487    precision@10 : 0.027
Thu 04 Apr 2024 20:20:09 INFO  epoch 37 training [time: 3.65s, train_loss1: 7.3493, train_loss2: 8.8641, train_loss3: 0.2793]
Thu 04 Apr 2024 20:20:30 INFO  epoch 37 evaluating [time: 20.53s, valid_score: 0.092200]
Thu 04 Apr 2024 20:20:30 INFO  valid result: 
recall@10 : 0.1872    mrr@10 : 0.0922    ndcg@10 : 0.102    hit@10 : 0.2529    precision@10 : 0.0274
Thu 04 Apr 2024 20:20:33 INFO  epoch 38 training [time: 3.64s, train_loss1: 6.9869, train_loss2: 8.8651, train_loss3: 0.2809]
Thu 04 Apr 2024 20:20:54 INFO  epoch 38 evaluating [time: 20.58s, valid_score: 0.091900]
Thu 04 Apr 2024 20:20:54 INFO  valid result: 
recall@10 : 0.1889    mrr@10 : 0.0919    ndcg@10 : 0.1018    hit@10 : 0.2544    precision@10 : 0.0276
Thu 04 Apr 2024 20:20:58 INFO  epoch 39 training [time: 3.63s, train_loss1: 6.7934, train_loss2: 8.8717, train_loss3: 0.2825]
Thu 04 Apr 2024 20:21:18 INFO  epoch 39 evaluating [time: 20.52s, valid_score: 0.091900]
Thu 04 Apr 2024 20:21:18 INFO  valid result: 
recall@10 : 0.1852    mrr@10 : 0.0919    ndcg@10 : 0.1008    hit@10 : 0.2507    precision@10 : 0.0273
Thu 04 Apr 2024 20:21:22 INFO  epoch 40 training [time: 3.69s, train_loss1: 6.4627, train_loss2: 8.8233, train_loss3: 0.2840]
Thu 04 Apr 2024 20:21:42 INFO  epoch 40 evaluating [time: 20.53s, valid_score: 0.095800]
Thu 04 Apr 2024 20:21:42 INFO  valid result: 
recall@10 : 0.189    mrr@10 : 0.0958    ndcg@10 : 0.1045    hit@10 : 0.2544    precision@10 : 0.0277
Thu 04 Apr 2024 20:21:43 INFO  Saving current: saved/LFM-1b_artist_20U50I_75strat/CKE/CKE-Apr-04-2024_20-04-26.pth
Thu 04 Apr 2024 20:21:47 INFO  epoch 41 training [time: 3.63s, train_loss1: 6.1772, train_loss2: 8.8212, train_loss3: 0.2856]
Thu 04 Apr 2024 20:22:07 INFO  epoch 41 evaluating [time: 20.50s, valid_score: 0.098100]
Thu 04 Apr 2024 20:22:07 INFO  valid result: 
recall@10 : 0.194    mrr@10 : 0.0981    ndcg@10 : 0.1071    hit@10 : 0.2603    precision@10 : 0.0282
Thu 04 Apr 2024 20:22:08 INFO  Saving current: saved/LFM-1b_artist_20U50I_75strat/CKE/CKE-Apr-04-2024_20-04-26.pth
Thu 04 Apr 2024 20:22:12 INFO  epoch 42 training [time: 3.88s, train_loss1: 6.0395, train_loss2: 8.8036, train_loss3: 0.2870]
Thu 04 Apr 2024 20:22:33 INFO  epoch 42 evaluating [time: 20.49s, valid_score: 0.096600]
Thu 04 Apr 2024 20:22:33 INFO  valid result: 
recall@10 : 0.1951    mrr@10 : 0.0966    ndcg@10 : 0.1062    hit@10 : 0.2612    precision@10 : 0.0284
Thu 04 Apr 2024 20:22:36 INFO  epoch 43 training [time: 3.74s, train_loss1: 5.7218, train_loss2: 8.7821, train_loss3: 0.2885]
Thu 04 Apr 2024 20:22:57 INFO  epoch 43 evaluating [time: 20.67s, valid_score: 0.094700]
Thu 04 Apr 2024 20:22:57 INFO  valid result: 
recall@10 : 0.1916    mrr@10 : 0.0947    ndcg@10 : 0.1041    hit@10 : 0.2581    precision@10 : 0.0281
Thu 04 Apr 2024 20:23:01 INFO  epoch 44 training [time: 3.75s, train_loss1: 5.4578, train_loss2: 8.7532, train_loss3: 0.2901]
Thu 04 Apr 2024 20:23:21 INFO  epoch 44 evaluating [time: 20.54s, valid_score: 0.095400]
Thu 04 Apr 2024 20:23:21 INFO  valid result: 
recall@10 : 0.1901    mrr@10 : 0.0954    ndcg@10 : 0.1045    hit@10 : 0.2565    precision@10 : 0.0279
Thu 04 Apr 2024 20:23:25 INFO  epoch 45 training [time: 3.79s, train_loss1: 5.2518, train_loss2: 8.8286, train_loss3: 0.2919]
Thu 04 Apr 2024 20:23:46 INFO  epoch 45 evaluating [time: 20.56s, valid_score: 0.100000]
Thu 04 Apr 2024 20:23:46 INFO  valid result: 
recall@10 : 0.1951    mrr@10 : 0.1    ndcg@10 : 0.1089    hit@10 : 0.262    precision@10 : 0.0285
Thu 04 Apr 2024 20:23:47 INFO  Saving current: saved/LFM-1b_artist_20U50I_75strat/CKE/CKE-Apr-04-2024_20-04-26.pth
Thu 04 Apr 2024 20:23:50 INFO  epoch 46 training [time: 3.63s, train_loss1: 5.1188, train_loss2: 8.7583, train_loss3: 0.2932]
Thu 04 Apr 2024 20:24:11 INFO  epoch 46 evaluating [time: 20.56s, valid_score: 0.100600]
Thu 04 Apr 2024 20:24:11 INFO  valid result: 
recall@10 : 0.1956    mrr@10 : 0.1006    ndcg@10 : 0.1093    hit@10 : 0.2634    precision@10 : 0.0285
Thu 04 Apr 2024 20:24:12 INFO  Saving current: saved/LFM-1b_artist_20U50I_75strat/CKE/CKE-Apr-04-2024_20-04-26.pth
Thu 04 Apr 2024 20:24:15 INFO  epoch 47 training [time: 3.59s, train_loss1: 5.0186, train_loss2: 8.7618, train_loss3: 0.2946]
Thu 04 Apr 2024 20:24:36 INFO  epoch 47 evaluating [time: 20.53s, valid_score: 0.101000]
Thu 04 Apr 2024 20:24:36 INFO  valid result: 
recall@10 : 0.1954    mrr@10 : 0.101    ndcg@10 : 0.1096    hit@10 : 0.2623    precision@10 : 0.0285
Thu 04 Apr 2024 20:24:37 INFO  Saving current: saved/LFM-1b_artist_20U50I_75strat/CKE/CKE-Apr-04-2024_20-04-26.pth
Thu 04 Apr 2024 20:24:40 INFO  epoch 48 training [time: 3.70s, train_loss1: 4.7346, train_loss2: 8.8123, train_loss3: 0.2962]
Thu 04 Apr 2024 20:25:01 INFO  epoch 48 evaluating [time: 20.54s, valid_score: 0.102100]
Thu 04 Apr 2024 20:25:01 INFO  valid result: 
recall@10 : 0.1955    mrr@10 : 0.1021    ndcg@10 : 0.1105    hit@10 : 0.2628    precision@10 : 0.0285
Thu 04 Apr 2024 20:25:02 INFO  Saving current: saved/LFM-1b_artist_20U50I_75strat/CKE/CKE-Apr-04-2024_20-04-26.pth
Thu 04 Apr 2024 20:25:06 INFO  epoch 49 training [time: 3.69s, train_loss1: 4.6169, train_loss2: 8.7256, train_loss3: 0.2977]
Thu 04 Apr 2024 20:25:26 INFO  epoch 49 evaluating [time: 20.51s, valid_score: 0.102600]
Thu 04 Apr 2024 20:25:26 INFO  valid result: 
recall@10 : 0.1924    mrr@10 : 0.1026    ndcg@10 : 0.1101    hit@10 : 0.2592    precision@10 : 0.0281
Thu 04 Apr 2024 20:25:27 INFO  Saving current: saved/LFM-1b_artist_20U50I_75strat/CKE/CKE-Apr-04-2024_20-04-26.pth
Thu 04 Apr 2024 20:25:31 INFO  epoch 50 training [time: 3.55s, train_loss1: 4.4214, train_loss2: 8.7538, train_loss3: 0.2990]
Thu 04 Apr 2024 20:25:51 INFO  epoch 50 evaluating [time: 20.55s, valid_score: 0.102500]
Thu 04 Apr 2024 20:25:51 INFO  valid result: 
recall@10 : 0.1964    mrr@10 : 0.1025    ndcg@10 : 0.1109    hit@10 : 0.2634    precision@10 : 0.0286
Thu 04 Apr 2024 20:25:55 INFO  epoch 51 training [time: 3.76s, train_loss1: 4.3003, train_loss2: 8.7263, train_loss3: 0.3003]
Thu 04 Apr 2024 20:26:15 INFO  epoch 51 evaluating [time: 20.51s, valid_score: 0.100500]
Thu 04 Apr 2024 20:26:15 INFO  valid result: 
recall@10 : 0.1985    mrr@10 : 0.1005    ndcg@10 : 0.1101    hit@10 : 0.2666    precision@10 : 0.029
Thu 04 Apr 2024 20:26:19 INFO  epoch 52 training [time: 3.79s, train_loss1: 4.0927, train_loss2: 8.7381, train_loss3: 0.3018]
Thu 04 Apr 2024 20:26:40 INFO  epoch 52 evaluating [time: 20.53s, valid_score: 0.102700]
Thu 04 Apr 2024 20:26:40 INFO  valid result: 
recall@10 : 0.2003    mrr@10 : 0.1027    ndcg@10 : 0.1119    hit@10 : 0.2685    precision@10 : 0.0291
Thu 04 Apr 2024 20:26:41 INFO  Saving current: saved/LFM-1b_artist_20U50I_75strat/CKE/CKE-Apr-04-2024_20-04-26.pth
Thu 04 Apr 2024 20:26:44 INFO  epoch 53 training [time: 3.65s, train_loss1: 4.0699, train_loss2: 8.7313, train_loss3: 0.3032]
Thu 04 Apr 2024 20:27:05 INFO  epoch 53 evaluating [time: 20.60s, valid_score: 0.102300]
Thu 04 Apr 2024 20:27:05 INFO  valid result: 
recall@10 : 0.199    mrr@10 : 0.1023    ndcg@10 : 0.1112    hit@10 : 0.2677    precision@10 : 0.0291
Thu 04 Apr 2024 20:27:09 INFO  epoch 54 training [time: 3.79s, train_loss1: 3.8840, train_loss2: 8.7531, train_loss3: 0.3045]
Thu 04 Apr 2024 20:27:31 INFO  epoch 54 evaluating [time: 22.10s, valid_score: 0.103100]
Thu 04 Apr 2024 20:27:31 INFO  valid result: 
recall@10 : 0.1998    mrr@10 : 0.1031    ndcg@10 : 0.1119    hit@10 : 0.2687    precision@10 : 0.0292
Thu 04 Apr 2024 20:27:32 INFO  Saving current: saved/LFM-1b_artist_20U50I_75strat/CKE/CKE-Apr-04-2024_20-04-26.pth
Thu 04 Apr 2024 20:27:35 INFO  epoch 55 training [time: 3.65s, train_loss1: 3.7370, train_loss2: 8.6797, train_loss3: 0.3059]
Thu 04 Apr 2024 20:27:56 INFO  epoch 55 evaluating [time: 20.64s, valid_score: 0.104900]
Thu 04 Apr 2024 20:27:56 INFO  valid result: 
recall@10 : 0.1985    mrr@10 : 0.1049    ndcg@10 : 0.1131    hit@10 : 0.2672    precision@10 : 0.029
Thu 04 Apr 2024 20:27:57 INFO  Saving current: saved/LFM-1b_artist_20U50I_75strat/CKE/CKE-Apr-04-2024_20-04-26.pth
Thu 04 Apr 2024 20:28:00 INFO  epoch 56 training [time: 3.68s, train_loss1: 3.5936, train_loss2: 8.6989, train_loss3: 0.3074]
Thu 04 Apr 2024 20:28:21 INFO  epoch 56 evaluating [time: 20.57s, valid_score: 0.104700]
Thu 04 Apr 2024 20:28:21 INFO  valid result: 
recall@10 : 0.1974    mrr@10 : 0.1047    ndcg@10 : 0.1127    hit@10 : 0.266    precision@10 : 0.0289
Thu 04 Apr 2024 20:28:25 INFO  epoch 57 training [time: 3.69s, train_loss1: 3.5156, train_loss2: 8.7245, train_loss3: 0.3087]
Thu 04 Apr 2024 20:28:45 INFO  epoch 57 evaluating [time: 20.56s, valid_score: 0.104300]
Thu 04 Apr 2024 20:28:45 INFO  valid result: 
recall@10 : 0.2021    mrr@10 : 0.1043    ndcg@10 : 0.1134    hit@10 : 0.2711    precision@10 : 0.0293
Thu 04 Apr 2024 20:28:49 INFO  epoch 58 training [time: 3.72s, train_loss1: 3.4320, train_loss2: 8.7113, train_loss3: 0.3098]
Thu 04 Apr 2024 20:29:09 INFO  epoch 58 evaluating [time: 20.51s, valid_score: 0.104200]
Thu 04 Apr 2024 20:29:09 INFO  valid result: 
recall@10 : 0.1996    mrr@10 : 0.1042    ndcg@10 : 0.1128    hit@10 : 0.2684    precision@10 : 0.0291
Thu 04 Apr 2024 20:29:13 INFO  epoch 59 training [time: 3.65s, train_loss1: 3.2996, train_loss2: 8.6523, train_loss3: 0.3110]
Thu 04 Apr 2024 20:29:34 INFO  epoch 59 evaluating [time: 20.54s, valid_score: 0.105500]
Thu 04 Apr 2024 20:29:34 INFO  valid result: 
recall@10 : 0.1996    mrr@10 : 0.1055    ndcg@10 : 0.1141    hit@10 : 0.2683    precision@10 : 0.0291
Thu 04 Apr 2024 20:29:34 INFO  Saving current: saved/LFM-1b_artist_20U50I_75strat/CKE/CKE-Apr-04-2024_20-04-26.pth
Thu 04 Apr 2024 20:29:38 INFO  epoch 60 training [time: 3.60s, train_loss1: 3.2148, train_loss2: 8.6938, train_loss3: 0.3125]
Thu 04 Apr 2024 20:29:59 INFO  epoch 60 evaluating [time: 20.63s, valid_score: 0.104800]
Thu 04 Apr 2024 20:29:59 INFO  valid result: 
recall@10 : 0.1996    mrr@10 : 0.1048    ndcg@10 : 0.1135    hit@10 : 0.268    precision@10 : 0.0291
Thu 04 Apr 2024 20:30:02 INFO  epoch 61 training [time: 3.69s, train_loss1: 3.1414, train_loss2: 8.6888, train_loss3: 0.3137]
Thu 04 Apr 2024 20:30:23 INFO  epoch 61 evaluating [time: 20.62s, valid_score: 0.105900]
Thu 04 Apr 2024 20:30:23 INFO  valid result: 
recall@10 : 0.2042    mrr@10 : 0.1059    ndcg@10 : 0.1152    hit@10 : 0.2729    precision@10 : 0.0296
Thu 04 Apr 2024 20:30:24 INFO  Saving current: saved/LFM-1b_artist_20U50I_75strat/CKE/CKE-Apr-04-2024_20-04-26.pth
Thu 04 Apr 2024 20:30:27 INFO  epoch 62 training [time: 3.59s, train_loss1: 3.0353, train_loss2: 8.6594, train_loss3: 0.3149]
Thu 04 Apr 2024 20:30:48 INFO  epoch 62 evaluating [time: 20.62s, valid_score: 0.105400]
Thu 04 Apr 2024 20:30:48 INFO  valid result: 
recall@10 : 0.2027    mrr@10 : 0.1054    ndcg@10 : 0.1145    hit@10 : 0.2719    precision@10 : 0.0294
Thu 04 Apr 2024 20:30:51 INFO  epoch 63 training [time: 3.70s, train_loss1: 2.9657, train_loss2: 8.6369, train_loss3: 0.3161]
Thu 04 Apr 2024 20:31:12 INFO  epoch 63 evaluating [time: 20.58s, valid_score: 0.105400]
Thu 04 Apr 2024 20:31:12 INFO  valid result: 
recall@10 : 0.206    mrr@10 : 0.1054    ndcg@10 : 0.1152    hit@10 : 0.2744    precision@10 : 0.0297
Thu 04 Apr 2024 20:31:16 INFO  epoch 64 training [time: 3.76s, train_loss1: 2.8902, train_loss2: 8.6482, train_loss3: 0.3172]
Thu 04 Apr 2024 20:31:36 INFO  epoch 64 evaluating [time: 20.58s, valid_score: 0.107100]
Thu 04 Apr 2024 20:31:36 INFO  valid result: 
recall@10 : 0.2042    mrr@10 : 0.1071    ndcg@10 : 0.1162    hit@10 : 0.2723    precision@10 : 0.0295
Thu 04 Apr 2024 20:31:37 INFO  Saving current: saved/LFM-1b_artist_20U50I_75strat/CKE/CKE-Apr-04-2024_20-04-26.pth
Thu 04 Apr 2024 20:31:41 INFO  epoch 65 training [time: 3.53s, train_loss1: 2.7699, train_loss2: 8.6874, train_loss3: 0.3184]
Thu 04 Apr 2024 20:32:01 INFO  epoch 65 evaluating [time: 20.64s, valid_score: 0.105800]
Thu 04 Apr 2024 20:32:01 INFO  valid result: 
recall@10 : 0.2044    mrr@10 : 0.1058    ndcg@10 : 0.1153    hit@10 : 0.2728    precision@10 : 0.0296
Thu 04 Apr 2024 20:32:05 INFO  epoch 66 training [time: 3.69s, train_loss1: 2.7791, train_loss2: 8.6694, train_loss3: 0.3195]
Thu 04 Apr 2024 20:32:25 INFO  epoch 66 evaluating [time: 20.63s, valid_score: 0.107400]
Thu 04 Apr 2024 20:32:25 INFO  valid result: 
recall@10 : 0.2082    mrr@10 : 0.1074    ndcg@10 : 0.1176    hit@10 : 0.2765    precision@10 : 0.0301
Thu 04 Apr 2024 20:32:26 INFO  Saving current: saved/LFM-1b_artist_20U50I_75strat/CKE/CKE-Apr-04-2024_20-04-26.pth
Thu 04 Apr 2024 20:32:30 INFO  epoch 67 training [time: 3.53s, train_loss1: 2.6976, train_loss2: 8.6471, train_loss3: 0.3206]
Thu 04 Apr 2024 20:32:50 INFO  epoch 67 evaluating [time: 20.54s, valid_score: 0.106600]
Thu 04 Apr 2024 20:32:50 INFO  valid result: 
recall@10 : 0.2055    mrr@10 : 0.1066    ndcg@10 : 0.1164    hit@10 : 0.2745    precision@10 : 0.0298
Thu 04 Apr 2024 20:32:54 INFO  epoch 68 training [time: 3.65s, train_loss1: 2.6295, train_loss2: 8.6943, train_loss3: 0.3217]
Thu 04 Apr 2024 20:33:14 INFO  epoch 68 evaluating [time: 20.55s, valid_score: 0.106200]
Thu 04 Apr 2024 20:33:14 INFO  valid result: 
recall@10 : 0.2068    mrr@10 : 0.1062    ndcg@10 : 0.1164    hit@10 : 0.2748    precision@10 : 0.0298
Thu 04 Apr 2024 20:33:18 INFO  epoch 69 training [time: 3.65s, train_loss1: 2.5552, train_loss2: 8.6554, train_loss3: 0.3227]
Thu 04 Apr 2024 20:33:39 INFO  epoch 69 evaluating [time: 20.59s, valid_score: 0.106300]
Thu 04 Apr 2024 20:33:39 INFO  valid result: 
recall@10 : 0.2076    mrr@10 : 0.1063    ndcg@10 : 0.1167    hit@10 : 0.2753    precision@10 : 0.0299
Thu 04 Apr 2024 20:33:42 INFO  epoch 70 training [time: 3.67s, train_loss1: 2.4993, train_loss2: 8.5942, train_loss3: 0.3240]
Thu 04 Apr 2024 20:34:03 INFO  epoch 70 evaluating [time: 20.56s, valid_score: 0.107800]
Thu 04 Apr 2024 20:34:03 INFO  valid result: 
recall@10 : 0.2059    mrr@10 : 0.1078    ndcg@10 : 0.1173    hit@10 : 0.2739    precision@10 : 0.0297
Thu 04 Apr 2024 20:34:04 INFO  Saving current: saved/LFM-1b_artist_20U50I_75strat/CKE/CKE-Apr-04-2024_20-04-26.pth
Thu 04 Apr 2024 20:34:07 INFO  epoch 71 training [time: 3.56s, train_loss1: 2.4049, train_loss2: 8.6415, train_loss3: 0.3251]
Thu 04 Apr 2024 20:34:28 INFO  epoch 71 evaluating [time: 20.57s, valid_score: 0.108900]
Thu 04 Apr 2024 20:34:28 INFO  valid result: 
recall@10 : 0.207    mrr@10 : 0.1089    ndcg@10 : 0.118    hit@10 : 0.2752    precision@10 : 0.0299
Thu 04 Apr 2024 20:34:28 INFO  Saving current: saved/LFM-1b_artist_20U50I_75strat/CKE/CKE-Apr-04-2024_20-04-26.pth
Thu 04 Apr 2024 20:34:32 INFO  epoch 72 training [time: 3.56s, train_loss1: 2.3737, train_loss2: 8.6445, train_loss3: 0.3262]
Thu 04 Apr 2024 20:34:52 INFO  epoch 72 evaluating [time: 20.52s, valid_score: 0.107900]
Thu 04 Apr 2024 20:34:52 INFO  valid result: 
recall@10 : 0.2087    mrr@10 : 0.1079    ndcg@10 : 0.118    hit@10 : 0.2774    precision@10 : 0.03
Thu 04 Apr 2024 20:34:56 INFO  epoch 73 training [time: 3.75s, train_loss1: 2.2903, train_loss2: 8.6462, train_loss3: 0.3272]
Thu 04 Apr 2024 20:35:17 INFO  epoch 73 evaluating [time: 20.69s, valid_score: 0.107700]
Thu 04 Apr 2024 20:35:17 INFO  valid result: 
recall@10 : 0.2087    mrr@10 : 0.1077    ndcg@10 : 0.1178    hit@10 : 0.2775    precision@10 : 0.0301
Thu 04 Apr 2024 20:35:21 INFO  epoch 74 training [time: 3.72s, train_loss1: 2.2062, train_loss2: 8.6160, train_loss3: 0.3283]
Thu 04 Apr 2024 20:35:41 INFO  epoch 74 evaluating [time: 20.55s, valid_score: 0.106600]
Thu 04 Apr 2024 20:35:41 INFO  valid result: 
recall@10 : 0.2082    mrr@10 : 0.1066    ndcg@10 : 0.117    hit@10 : 0.277    precision@10 : 0.0301
Thu 04 Apr 2024 20:35:45 INFO  epoch 75 training [time: 3.67s, train_loss1: 2.2317, train_loss2: 8.5878, train_loss3: 0.3294]
Thu 04 Apr 2024 20:36:05 INFO  epoch 75 evaluating [time: 20.57s, valid_score: 0.106900]
Thu 04 Apr 2024 20:36:05 INFO  valid result: 
recall@10 : 0.2067    mrr@10 : 0.1069    ndcg@10 : 0.117    hit@10 : 0.275    precision@10 : 0.0299
Thu 04 Apr 2024 20:36:09 INFO  epoch 76 training [time: 3.70s, train_loss1: 2.2302, train_loss2: 8.5836, train_loss3: 0.3302]
Thu 04 Apr 2024 20:36:29 INFO  epoch 76 evaluating [time: 20.31s, valid_score: 0.107200]
Thu 04 Apr 2024 20:36:29 INFO  valid result: 
recall@10 : 0.2075    mrr@10 : 0.1072    ndcg@10 : 0.1175    hit@10 : 0.275    precision@10 : 0.0298
Thu 04 Apr 2024 20:36:33 INFO  epoch 77 training [time: 3.64s, train_loss1: 2.1045, train_loss2: 8.5895, train_loss3: 0.3312]
Thu 04 Apr 2024 20:36:53 INFO  epoch 77 evaluating [time: 20.34s, valid_score: 0.108600]
Thu 04 Apr 2024 20:36:53 INFO  valid result: 
recall@10 : 0.2093    mrr@10 : 0.1086    ndcg@10 : 0.119    hit@10 : 0.2787    precision@10 : 0.0302
Thu 04 Apr 2024 20:36:57 INFO  epoch 78 training [time: 3.68s, train_loss1: 2.1007, train_loss2: 8.5901, train_loss3: 0.3322]
Thu 04 Apr 2024 20:37:17 INFO  epoch 78 evaluating [time: 20.37s, valid_score: 0.109900]
Thu 04 Apr 2024 20:37:17 INFO  valid result: 
recall@10 : 0.212    mrr@10 : 0.1099    ndcg@10 : 0.1207    hit@10 : 0.2813    precision@10 : 0.0305
Thu 04 Apr 2024 20:37:18 INFO  Saving current: saved/LFM-1b_artist_20U50I_75strat/CKE/CKE-Apr-04-2024_20-04-26.pth
Thu 04 Apr 2024 20:37:22 INFO  epoch 79 training [time: 3.55s, train_loss1: 2.0454, train_loss2: 8.6125, train_loss3: 0.3332]
Thu 04 Apr 2024 20:37:42 INFO  epoch 79 evaluating [time: 20.32s, valid_score: 0.108700]
Thu 04 Apr 2024 20:37:42 INFO  valid result: 
recall@10 : 0.2113    mrr@10 : 0.1087    ndcg@10 : 0.1197    hit@10 : 0.2804    precision@10 : 0.0305
Thu 04 Apr 2024 20:37:46 INFO  epoch 80 training [time: 3.66s, train_loss1: 2.0281, train_loss2: 8.5965, train_loss3: 0.3342]
Thu 04 Apr 2024 20:38:06 INFO  epoch 80 evaluating [time: 20.33s, valid_score: 0.108000]
Thu 04 Apr 2024 20:38:06 INFO  valid result: 
recall@10 : 0.2079    mrr@10 : 0.108    ndcg@10 : 0.1182    hit@10 : 0.2761    precision@10 : 0.0299
Thu 04 Apr 2024 20:38:10 INFO  epoch 81 training [time: 3.63s, train_loss1: 1.9545, train_loss2: 8.5794, train_loss3: 0.3351]
Thu 04 Apr 2024 20:38:30 INFO  epoch 81 evaluating [time: 20.26s, valid_score: 0.107800]
Thu 04 Apr 2024 20:38:30 INFO  valid result: 
recall@10 : 0.2079    mrr@10 : 0.1078    ndcg@10 : 0.1178    hit@10 : 0.2773    precision@10 : 0.03
Thu 04 Apr 2024 20:38:34 INFO  epoch 82 training [time: 3.65s, train_loss1: 1.9288, train_loss2: 8.5782, train_loss3: 0.3360]
Thu 04 Apr 2024 20:38:54 INFO  epoch 82 evaluating [time: 20.30s, valid_score: 0.107800]
Thu 04 Apr 2024 20:38:54 INFO  valid result: 
recall@10 : 0.2098    mrr@10 : 0.1078    ndcg@10 : 0.1184    hit@10 : 0.2787    precision@10 : 0.0302
Thu 04 Apr 2024 20:38:58 INFO  epoch 83 training [time: 3.61s, train_loss1: 1.8457, train_loss2: 8.5696, train_loss3: 0.3369]
Thu 04 Apr 2024 20:39:18 INFO  epoch 83 evaluating [time: 20.20s, valid_score: 0.107900]
Thu 04 Apr 2024 20:39:18 INFO  valid result: 
recall@10 : 0.2113    mrr@10 : 0.1079    ndcg@10 : 0.1188    hit@10 : 0.2793    precision@10 : 0.0303
Thu 04 Apr 2024 20:39:21 INFO  epoch 84 training [time: 3.67s, train_loss1: 1.8617, train_loss2: 8.5746, train_loss3: 0.3378]
Thu 04 Apr 2024 20:39:42 INFO  epoch 84 evaluating [time: 20.21s, valid_score: 0.107100]
Thu 04 Apr 2024 20:39:42 INFO  valid result: 
recall@10 : 0.2097    mrr@10 : 0.1071    ndcg@10 : 0.1179    hit@10 : 0.2772    precision@10 : 0.03
Thu 04 Apr 2024 20:39:45 INFO  epoch 85 training [time: 3.64s, train_loss1: 1.8527, train_loss2: 8.5797, train_loss3: 0.3388]
Thu 04 Apr 2024 20:40:06 INFO  epoch 85 evaluating [time: 20.38s, valid_score: 0.106300]
Thu 04 Apr 2024 20:40:06 INFO  valid result: 
recall@10 : 0.2094    mrr@10 : 0.1063    ndcg@10 : 0.1172    hit@10 : 0.2768    precision@10 : 0.03
Thu 04 Apr 2024 20:40:09 INFO  epoch 86 training [time: 3.59s, train_loss1: 1.7908, train_loss2: 8.5647, train_loss3: 0.3397]
Thu 04 Apr 2024 20:40:29 INFO  epoch 86 evaluating [time: 20.23s, valid_score: 0.108500]
Thu 04 Apr 2024 20:40:29 INFO  valid result: 
recall@10 : 0.2117    mrr@10 : 0.1085    ndcg@10 : 0.1194    hit@10 : 0.2797    precision@10 : 0.0303
Thu 04 Apr 2024 20:40:33 INFO  epoch 87 training [time: 3.61s, train_loss1: 1.7284, train_loss2: 8.5628, train_loss3: 0.3406]
Thu 04 Apr 2024 20:40:53 INFO  epoch 87 evaluating [time: 20.18s, valid_score: 0.108800]
Thu 04 Apr 2024 20:40:53 INFO  valid result: 
recall@10 : 0.2117    mrr@10 : 0.1088    ndcg@10 : 0.1197    hit@10 : 0.2789    precision@10 : 0.0303
Thu 04 Apr 2024 20:40:57 INFO  epoch 88 training [time: 3.65s, train_loss1: 1.7043, train_loss2: 8.5337, train_loss3: 0.3415]
Thu 04 Apr 2024 20:41:17 INFO  epoch 88 evaluating [time: 20.20s, valid_score: 0.109200]
Thu 04 Apr 2024 20:41:17 INFO  valid result: 
recall@10 : 0.2099    mrr@10 : 0.1092    ndcg@10 : 0.1198    hit@10 : 0.2778    precision@10 : 0.0302
Thu 04 Apr 2024 20:41:21 INFO  epoch 89 training [time: 3.62s, train_loss1: 1.6613, train_loss2: 8.5787, train_loss3: 0.3423]
Thu 04 Apr 2024 20:41:41 INFO  epoch 89 evaluating [time: 20.23s, valid_score: 0.108200]
Thu 04 Apr 2024 20:41:41 INFO  valid result: 
recall@10 : 0.2101    mrr@10 : 0.1082    ndcg@10 : 0.1189    hit@10 : 0.2777    precision@10 : 0.0301
Thu 04 Apr 2024 20:41:41 INFO  Finished training, best eval result in epoch 78
Thu 04 Apr 2024 20:41:42 INFO  Loading model structure and parameters from saved/LFM-1b_artist_20U50I_75strat/CKE/CKE-Apr-04-2024_20-04-26.pth
Thu 04 Apr 2024 20:42:05 INFO  The running environment of this training is as follows:
+-------------+----------------+
| Environment |     Usage      |
+=============+================+
| CPU         |     1.70 %     |
+-------------+----------------+
| GPU         | 0.25 G/14.58 G |
+-------------+----------------+
| Memory      | 1.54 G/27.41 G |
+-------------+----------------+
Thu 04 Apr 2024 20:42:05 INFO  best valid : OrderedDict([('recall@10', 0.212), ('mrr@10', 0.1099), ('ndcg@10', 0.1207), ('hit@10', 0.2813), ('precision@10', 0.0305)])
Thu 04 Apr 2024 20:42:05 INFO  test result: OrderedDict([('recall@10', 0.2046), ('mrr@10', 0.1072), ('ndcg@10', 0.1171), ('hit@10', 0.2674), ('precision@10', 0.0291)])
Thu 04 Apr 2024 20:42:07 INFO  
General Hyper Parameters:
gpu_id = 0
use_gpu = True
seed = 2020
state = INFO
reproducibility = True
data_path = data/LFM-1b_artist_20U50I_75strat
checkpoint_dir = saved/LFM-1b_artist_20U50I_75strat/CKE
show_progress = True
save_dataset = False
dataset_save_path = None
save_dataloaders = False
dataloaders_save_path = None
log_wandb = False

Training Hyper Parameters:
epochs = 200
train_batch_size = 2048
learner = adam
learning_rate = 0.001
train_neg_sample_args = {'distribution': 'uniform', 'sample_num': 1, 'dynamic': False, 'candidate_num': 0, 'alpha': 1.0}
eval_step = 1
stopping_step = 10
clip_grad_norm = None
weight_decay = 0.0
loss_decimal_place = 4

Evaluation Hyper Parameters:
eval_args = {'split': {'RS': [0.8, 0.1, 0.1]}, 'order': 'RO', 'group_by': 'user', 'mode': {'valid': 'full', 'test': 'full'}}
repeatable = False
metrics = ['Recall', 'MRR', 'NDCG', 'Hit', 'Precision']
topk = [10]
valid_metric = MRR@10
valid_metric_bigger = True
eval_batch_size = 4096
metric_decimal_place = 4

Dataset Hyper Parameters:
field_separator = 	
seq_separator =  
USER_ID_FIELD = user_id
ITEM_ID_FIELD = item_id
RATING_FIELD = rating
TIME_FIELD = timestamp
seq_len = None
LABEL_FIELD = label
threshold = None
NEG_PREFIX = neg_
load_col = {'inter': ['user_id', 'item_id', 'rating', 'timestamp'], 'kg': ['head_id', 'relation_id', 'tail_id'], 'link': ['item_id', 'entity_id']}
unload_col = None
unused_col = None
additional_feat_suffix = None
rm_dup_inter = None
val_interval = None
filter_inter_by_user_or_item = True
user_inter_num_interval = [0,inf)
item_inter_num_interval = [0,inf)
alias_of_user_id = None
alias_of_item_id = None
alias_of_entity_id = None
alias_of_relation_id = None
preload_weight = None
normalize_field = None
normalize_all = None
ITEM_LIST_LENGTH_FIELD = item_length
LIST_SUFFIX = _list
MAX_ITEM_LIST_LENGTH = 50
POSITION_FIELD = position_id
HEAD_ENTITY_ID_FIELD = head_id
TAIL_ENTITY_ID_FIELD = tail_id
RELATION_ID_FIELD = relation_id
ENTITY_ID_FIELD = entity_id
benchmark_filename = None

Other Hyper Parameters: 
worker = 0
wandb_project = recbole
shuffle = True
require_pow = False
enable_amp = False
enable_scaler = False
transform = None
embedding_size = 64
kg_embedding_size = 64
reg_weights = [0.01, 0.01]
numerical_features = []
discretization = None
kg_reverse_r = False
entity_kg_num_interval = [0,inf)
relation_kg_num_interval = [0,inf)
MODEL_TYPE = ModelType.KNOWLEDGE
encoding = utf-8
device = cuda
my_log_file = /mnt/batch/tasks/shared/LS_root/mounts/clusters/fontanagpu/code/sustainability-of-recsys/log/carbon_default.log
MODEL_INPUT_TYPE = InputType.PAIRWISE
eval_type = EvaluatorType.RANKING
single_spec = True
local_rank = 0
valid_neg_sample_args = {'distribution': 'uniform', 'sample_num': 'none'}
test_neg_sample_args = {'distribution': 'uniform', 'sample_num': 'none'}


Thu 04 Apr 2024 20:42:14 INFO  LFM-1b_artist_20U50I_75strat
The number of users: 19103
Average actions of users: 14.47455763794367
The number of items: 14328
Average actions of items: 19.298736651078382
The number of inters: 276493
The sparsity of the dataset: 99.8989824125718%
Remain Fields: ['entity_id', 'user_id', 'item_id', 'head_id', 'relation_id', 'tail_id']
The number of entities: 47309
The number of relations: 7
The number of triples: 43559
The number of items that have been linked to KG: 14327
Thu 04 Apr 2024 20:42:15 INFO  [Training]: train_batch_size = [2048] train_neg_sample_args: [{'distribution': 'uniform', 'sample_num': 1, 'dynamic': False, 'candidate_num': 0, 'alpha': 1.0}]
Thu 04 Apr 2024 20:42:15 INFO  [Evaluation]: eval_batch_size = [4096] eval_args: [{'split': {'RS': [0.8, 0.1, 0.1]}, 'order': 'RO', 'group_by': 'user', 'mode': {'valid': 'full', 'test': 'full'}}]
Thu 04 Apr 2024 20:42:16 INFO  Loading model structure and parameters from saved/LFM-1b_artist_20U50I_75strat/CKE/CKE-Apr-04-2024_20-04-26.pth
