Fri 05 Apr 2024 15:42:46 INFO  ['src/default_tracker.py', '--dataset=LFM-1b_artist_20U50I_50strat', '--model=CKE']
Fri 05 Apr 2024 15:42:46 INFO  
General Hyper Parameters:
gpu_id = 0
use_gpu = True
seed = 2020
state = INFO
reproducibility = True
data_path = data/LFM-1b_artist_20U50I_50strat
checkpoint_dir = saved/LFM-1b_artist_20U50I_50strat/CKE
show_progress = True
save_dataset = False
dataset_save_path = None
save_dataloaders = False
dataloaders_save_path = None
log_wandb = False

Training Hyper Parameters:
epochs = 200
train_batch_size = 2048
learner = adam
learning_rate = 0.001
train_neg_sample_args = {'distribution': 'uniform', 'sample_num': 1, 'dynamic': False, 'candidate_num': 0, 'alpha': 1.0}
eval_step = 1
stopping_step = 10
clip_grad_norm = None
weight_decay = 0.0
loss_decimal_place = 4

Evaluation Hyper Parameters:
eval_args = {'split': {'RS': [0.8, 0.1, 0.1]}, 'order': 'RO', 'group_by': 'user', 'mode': {'valid': 'full', 'test': 'full'}}
repeatable = False
metrics = ['Recall', 'MRR', 'NDCG', 'Hit', 'Precision']
topk = [10]
valid_metric = MRR@10
valid_metric_bigger = True
eval_batch_size = 4096
metric_decimal_place = 4

Dataset Hyper Parameters:
field_separator = 	
seq_separator =  
USER_ID_FIELD = user_id
ITEM_ID_FIELD = item_id
RATING_FIELD = rating
TIME_FIELD = timestamp
seq_len = None
LABEL_FIELD = label
threshold = None
NEG_PREFIX = neg_
load_col = {'inter': ['user_id', 'item_id', 'rating', 'timestamp'], 'kg': ['head_id', 'relation_id', 'tail_id'], 'link': ['item_id', 'entity_id']}
unload_col = None
unused_col = None
additional_feat_suffix = None
rm_dup_inter = None
val_interval = None
filter_inter_by_user_or_item = True
user_inter_num_interval = [0,inf)
item_inter_num_interval = [0,inf)
alias_of_user_id = None
alias_of_item_id = None
alias_of_entity_id = None
alias_of_relation_id = None
preload_weight = None
normalize_field = None
normalize_all = None
ITEM_LIST_LENGTH_FIELD = item_length
LIST_SUFFIX = _list
MAX_ITEM_LIST_LENGTH = 50
POSITION_FIELD = position_id
HEAD_ENTITY_ID_FIELD = head_id
TAIL_ENTITY_ID_FIELD = tail_id
RELATION_ID_FIELD = relation_id
ENTITY_ID_FIELD = entity_id
benchmark_filename = None

Other Hyper Parameters: 
worker = 0
wandb_project = recbole
shuffle = True
require_pow = False
enable_amp = False
enable_scaler = False
transform = None
embedding_size = 64
kg_embedding_size = 64
reg_weights = [0.01, 0.01]
numerical_features = []
discretization = None
kg_reverse_r = False
entity_kg_num_interval = [0,inf)
relation_kg_num_interval = [0,inf)
MODEL_TYPE = ModelType.KNOWLEDGE
encoding = utf-8
device = cuda
my_log_file = /mnt/batch/tasks/shared/LS_root/mounts/clusters/fontanagpu/code/sustainability-of-recsys/log/carbon_default.log
MODEL_INPUT_TYPE = InputType.PAIRWISE
eval_type = EvaluatorType.RANKING
single_spec = True
local_rank = 0
valid_neg_sample_args = {'distribution': 'uniform', 'sample_num': 'none'}
test_neg_sample_args = {'distribution': 'uniform', 'sample_num': 'none'}


Fri 05 Apr 2024 15:42:53 INFO  LFM-1b_artist_20U50I_50strat
The number of users: 18495
Average actions of users: 9.852492700335244
The number of items: 12523
Average actions of items: 14.551349624660597
The number of inters: 182212
The sparsity of the dataset: 99.92132907458927%
Remain Fields: ['entity_id', 'user_id', 'item_id', 'head_id', 'relation_id', 'tail_id']
The number of entities: 42032
The number of relations: 7
The number of triples: 38491
The number of items that have been linked to KG: 12522
Fri 05 Apr 2024 15:42:54 INFO  [Training]: train_batch_size = [2048] train_neg_sample_args: [{'distribution': 'uniform', 'sample_num': 1, 'dynamic': False, 'candidate_num': 0, 'alpha': 1.0}]
Fri 05 Apr 2024 15:42:54 INFO  [Evaluation]: eval_batch_size = [4096] eval_args: [{'split': {'RS': [0.8, 0.1, 0.1]}, 'order': 'RO', 'group_by': 'user', 'mode': {'valid': 'full', 'test': 'full'}}]
Fri 05 Apr 2024 15:42:55 INFO  CKE(
  (user_embedding): Embedding(18495, 64)
  (item_embedding): Embedding(12523, 64)
  (entity_embedding): Embedding(42032, 64)
  (relation_embedding): Embedding(7, 64)
  (trans_w): Embedding(7, 4096)
  (rec_loss): BPRLoss()
  (kg_loss): BPRLoss()
  (reg_loss): EmbLoss()
)
Trainable parameters: 4704320
Fri 05 Apr 2024 15:43:02 INFO  FLOPs: 192.0
Fri 05 Apr 2024 15:43:44 INFO  epoch 0 training [time: 6.98s, train_loss1: 48.5153, train_loss2: 24.7985, train_loss3: 0.0678]
Fri 05 Apr 2024 15:44:04 INFO  epoch 0 evaluating [time: 19.31s, valid_score: 0.004500]
Fri 05 Apr 2024 15:44:04 INFO  valid result: 
recall@10 : 0.0098    mrr@10 : 0.0045    ndcg@10 : 0.0051    hit@10 : 0.0132    precision@10 : 0.0014
Fri 05 Apr 2024 15:44:05 INFO  Saving current: saved/LFM-1b_artist_20U50I_50strat/CKE/CKE-Apr-05-2024_15-43-03.pth
Fri 05 Apr 2024 15:44:07 INFO  epoch 1 training [time: 2.42s, train_loss1: 47.9488, train_loss2: 9.1898, train_loss3: 0.0715]
Fri 05 Apr 2024 15:44:25 INFO  epoch 1 evaluating [time: 18.21s, valid_score: 0.057100]
Fri 05 Apr 2024 15:44:25 INFO  valid result: 
recall@10 : 0.1352    mrr@10 : 0.0571    ndcg@10 : 0.0715    hit@10 : 0.1584    precision@10 : 0.0163
Fri 05 Apr 2024 15:44:26 INFO  Saving current: saved/LFM-1b_artist_20U50I_50strat/CKE/CKE-Apr-05-2024_15-43-03.pth
Fri 05 Apr 2024 15:44:29 INFO  epoch 2 training [time: 2.42s, train_loss1: 42.5677, train_loss2: 8.0376, train_loss3: 0.0842]
Fri 05 Apr 2024 15:44:47 INFO  epoch 2 evaluating [time: 18.30s, valid_score: 0.058800]
Fri 05 Apr 2024 15:44:47 INFO  valid result: 
recall@10 : 0.1452    mrr@10 : 0.0588    ndcg@10 : 0.0752    hit@10 : 0.1681    precision@10 : 0.0173
Fri 05 Apr 2024 15:44:48 INFO  Saving current: saved/LFM-1b_artist_20U50I_50strat/CKE/CKE-Apr-05-2024_15-43-03.pth
Fri 05 Apr 2024 15:44:50 INFO  epoch 3 training [time: 2.41s, train_loss1: 31.1446, train_loss2: 7.5664, train_loss3: 0.1019]
Fri 05 Apr 2024 15:45:09 INFO  epoch 3 evaluating [time: 18.44s, valid_score: 0.059200]
Fri 05 Apr 2024 15:45:09 INFO  valid result: 
recall@10 : 0.145    mrr@10 : 0.0592    ndcg@10 : 0.0755    hit@10 : 0.1681    precision@10 : 0.0173
Fri 05 Apr 2024 15:45:09 INFO  Saving current: saved/LFM-1b_artist_20U50I_50strat/CKE/CKE-Apr-05-2024_15-43-03.pth
Fri 05 Apr 2024 15:45:12 INFO  epoch 4 training [time: 2.37s, train_loss1: 22.9284, train_loss2: 7.2470, train_loss3: 0.1158]
Fri 05 Apr 2024 15:45:30 INFO  epoch 4 evaluating [time: 18.36s, valid_score: 0.059300]
Fri 05 Apr 2024 15:45:30 INFO  valid result: 
recall@10 : 0.1477    mrr@10 : 0.0593    ndcg@10 : 0.0762    hit@10 : 0.1705    precision@10 : 0.0175
Fri 05 Apr 2024 15:45:31 INFO  Saving current: saved/LFM-1b_artist_20U50I_50strat/CKE/CKE-Apr-05-2024_15-43-03.pth
Fri 05 Apr 2024 15:45:33 INFO  epoch 5 training [time: 2.42s, train_loss1: 18.9497, train_loss2: 7.0039, train_loss3: 0.1248]
Fri 05 Apr 2024 15:45:52 INFO  epoch 5 evaluating [time: 18.28s, valid_score: 0.059300]
Fri 05 Apr 2024 15:45:52 INFO  valid result: 
recall@10 : 0.147    mrr@10 : 0.0593    ndcg@10 : 0.076    hit@10 : 0.1698    precision@10 : 0.0175
Fri 05 Apr 2024 15:45:52 INFO  Saving current: saved/LFM-1b_artist_20U50I_50strat/CKE/CKE-Apr-05-2024_15-43-03.pth
Fri 05 Apr 2024 15:45:55 INFO  epoch 6 training [time: 2.41s, train_loss1: 16.9031, train_loss2: 6.7678, train_loss3: 0.1310]
Fri 05 Apr 2024 15:46:13 INFO  epoch 6 evaluating [time: 18.39s, valid_score: 0.059600]
Fri 05 Apr 2024 15:46:13 INFO  valid result: 
recall@10 : 0.1468    mrr@10 : 0.0596    ndcg@10 : 0.0763    hit@10 : 0.1698    precision@10 : 0.0175
Fri 05 Apr 2024 15:46:14 INFO  Saving current: saved/LFM-1b_artist_20U50I_50strat/CKE/CKE-Apr-05-2024_15-43-03.pth
Fri 05 Apr 2024 15:46:16 INFO  epoch 7 training [time: 2.39s, train_loss1: 15.8144, train_loss2: 6.6022, train_loss3: 0.1355]
Fri 05 Apr 2024 15:46:35 INFO  epoch 7 evaluating [time: 18.34s, valid_score: 0.060100]
Fri 05 Apr 2024 15:46:35 INFO  valid result: 
recall@10 : 0.147    mrr@10 : 0.0601    ndcg@10 : 0.0766    hit@10 : 0.1701    precision@10 : 0.0175
Fri 05 Apr 2024 15:46:35 INFO  Saving current: saved/LFM-1b_artist_20U50I_50strat/CKE/CKE-Apr-05-2024_15-43-03.pth
Fri 05 Apr 2024 15:46:38 INFO  epoch 8 training [time: 2.45s, train_loss1: 14.9626, train_loss2: 6.4678, train_loss3: 0.1389]
Fri 05 Apr 2024 15:46:56 INFO  epoch 8 evaluating [time: 18.35s, valid_score: 0.060200]
Fri 05 Apr 2024 15:46:56 INFO  valid result: 
recall@10 : 0.149    mrr@10 : 0.0602    ndcg@10 : 0.077    hit@10 : 0.1724    precision@10 : 0.0177
Fri 05 Apr 2024 15:46:57 INFO  Saving current: saved/LFM-1b_artist_20U50I_50strat/CKE/CKE-Apr-05-2024_15-43-03.pth
Fri 05 Apr 2024 15:46:59 INFO  epoch 9 training [time: 2.45s, train_loss1: 14.3864, train_loss2: 6.4096, train_loss3: 0.1416]
Fri 05 Apr 2024 15:47:18 INFO  epoch 9 evaluating [time: 18.38s, valid_score: 0.060200]
Fri 05 Apr 2024 15:47:18 INFO  valid result: 
recall@10 : 0.1492    mrr@10 : 0.0602    ndcg@10 : 0.0771    hit@10 : 0.172    precision@10 : 0.0176
Fri 05 Apr 2024 15:47:19 INFO  Saving current: saved/LFM-1b_artist_20U50I_50strat/CKE/CKE-Apr-05-2024_15-43-03.pth
Fri 05 Apr 2024 15:47:21 INFO  epoch 10 training [time: 2.43s, train_loss1: 13.9781, train_loss2: 6.2623, train_loss3: 0.1439]
Fri 05 Apr 2024 15:47:39 INFO  epoch 10 evaluating [time: 18.34s, valid_score: 0.061000]
Fri 05 Apr 2024 15:47:39 INFO  valid result: 
recall@10 : 0.1484    mrr@10 : 0.061    ndcg@10 : 0.0775    hit@10 : 0.1711    precision@10 : 0.0176
Fri 05 Apr 2024 15:47:40 INFO  Saving current: saved/LFM-1b_artist_20U50I_50strat/CKE/CKE-Apr-05-2024_15-43-03.pth
Fri 05 Apr 2024 15:47:42 INFO  epoch 11 training [time: 2.41s, train_loss1: 13.5818, train_loss2: 6.2144, train_loss3: 0.1457]
Fri 05 Apr 2024 15:48:01 INFO  epoch 11 evaluating [time: 18.34s, valid_score: 0.062100]
Fri 05 Apr 2024 15:48:01 INFO  valid result: 
recall@10 : 0.1495    mrr@10 : 0.0621    ndcg@10 : 0.0785    hit@10 : 0.1729    precision@10 : 0.0177
Fri 05 Apr 2024 15:48:02 INFO  Saving current: saved/LFM-1b_artist_20U50I_50strat/CKE/CKE-Apr-05-2024_15-43-03.pth
Fri 05 Apr 2024 15:48:04 INFO  epoch 12 training [time: 2.45s, train_loss1: 13.1403, train_loss2: 6.1565, train_loss3: 0.1473]
Fri 05 Apr 2024 15:48:22 INFO  epoch 12 evaluating [time: 18.30s, valid_score: 0.062700]
Fri 05 Apr 2024 15:48:22 INFO  valid result: 
recall@10 : 0.1487    mrr@10 : 0.0627    ndcg@10 : 0.0788    hit@10 : 0.1713    precision@10 : 0.0176
Fri 05 Apr 2024 15:48:23 INFO  Saving current: saved/LFM-1b_artist_20U50I_50strat/CKE/CKE-Apr-05-2024_15-43-03.pth
Fri 05 Apr 2024 15:48:26 INFO  epoch 13 training [time: 2.40s, train_loss1: 12.7884, train_loss2: 6.0884, train_loss3: 0.1487]
Fri 05 Apr 2024 15:48:44 INFO  epoch 13 evaluating [time: 18.38s, valid_score: 0.062900]
Fri 05 Apr 2024 15:48:44 INFO  valid result: 
recall@10 : 0.15    mrr@10 : 0.0629    ndcg@10 : 0.0793    hit@10 : 0.1726    precision@10 : 0.0177
Fri 05 Apr 2024 15:48:45 INFO  Saving current: saved/LFM-1b_artist_20U50I_50strat/CKE/CKE-Apr-05-2024_15-43-03.pth
Fri 05 Apr 2024 15:48:47 INFO  epoch 14 training [time: 2.45s, train_loss1: 12.4572, train_loss2: 6.0600, train_loss3: 0.1499]
Fri 05 Apr 2024 15:49:05 INFO  epoch 14 evaluating [time: 18.38s, valid_score: 0.063000]
Fri 05 Apr 2024 15:49:05 INFO  valid result: 
recall@10 : 0.1499    mrr@10 : 0.063    ndcg@10 : 0.0792    hit@10 : 0.1731    precision@10 : 0.0177
Fri 05 Apr 2024 15:49:06 INFO  Saving current: saved/LFM-1b_artist_20U50I_50strat/CKE/CKE-Apr-05-2024_15-43-03.pth
Fri 05 Apr 2024 15:49:09 INFO  epoch 15 training [time: 2.50s, train_loss1: 12.0154, train_loss2: 6.0033, train_loss3: 0.1511]
Fri 05 Apr 2024 15:49:27 INFO  epoch 15 evaluating [time: 18.35s, valid_score: 0.062300]
Fri 05 Apr 2024 15:49:27 INFO  valid result: 
recall@10 : 0.1489    mrr@10 : 0.0623    ndcg@10 : 0.0785    hit@10 : 0.1721    precision@10 : 0.0176
Fri 05 Apr 2024 15:49:30 INFO  epoch 16 training [time: 2.51s, train_loss1: 11.6717, train_loss2: 5.9654, train_loss3: 0.1523]
Fri 05 Apr 2024 15:49:48 INFO  epoch 16 evaluating [time: 18.38s, valid_score: 0.062900]
Fri 05 Apr 2024 15:49:48 INFO  valid result: 
recall@10 : 0.1502    mrr@10 : 0.0629    ndcg@10 : 0.0792    hit@10 : 0.1733    precision@10 : 0.0177
Fri 05 Apr 2024 15:49:51 INFO  epoch 17 training [time: 2.51s, train_loss1: 11.4001, train_loss2: 5.9356, train_loss3: 0.1533]
Fri 05 Apr 2024 15:50:09 INFO  epoch 17 evaluating [time: 18.45s, valid_score: 0.063400]
Fri 05 Apr 2024 15:50:09 INFO  valid result: 
recall@10 : 0.1504    mrr@10 : 0.0634    ndcg@10 : 0.0797    hit@10 : 0.1739    precision@10 : 0.0178
Fri 05 Apr 2024 15:50:10 INFO  Saving current: saved/LFM-1b_artist_20U50I_50strat/CKE/CKE-Apr-05-2024_15-43-03.pth
Fri 05 Apr 2024 15:50:12 INFO  epoch 18 training [time: 2.47s, train_loss1: 11.0583, train_loss2: 5.9250, train_loss3: 0.1544]
Fri 05 Apr 2024 15:50:31 INFO  epoch 18 evaluating [time: 18.34s, valid_score: 0.064000]
Fri 05 Apr 2024 15:50:31 INFO  valid result: 
recall@10 : 0.152    mrr@10 : 0.064    ndcg@10 : 0.0805    hit@10 : 0.1754    precision@10 : 0.018
Fri 05 Apr 2024 15:50:31 INFO  Saving current: saved/LFM-1b_artist_20U50I_50strat/CKE/CKE-Apr-05-2024_15-43-03.pth
Fri 05 Apr 2024 15:50:34 INFO  epoch 19 training [time: 2.57s, train_loss1: 10.7158, train_loss2: 5.8882, train_loss3: 0.1553]
Fri 05 Apr 2024 15:50:52 INFO  epoch 19 evaluating [time: 18.23s, valid_score: 0.064300]
Fri 05 Apr 2024 15:50:52 INFO  valid result: 
recall@10 : 0.1528    mrr@10 : 0.0643    ndcg@10 : 0.0809    hit@10 : 0.1765    precision@10 : 0.0181
Fri 05 Apr 2024 15:50:53 INFO  Saving current: saved/LFM-1b_artist_20U50I_50strat/CKE/CKE-Apr-05-2024_15-43-03.pth
Fri 05 Apr 2024 15:50:56 INFO  epoch 20 training [time: 2.54s, train_loss1: 10.3666, train_loss2: 5.8778, train_loss3: 0.1563]
Fri 05 Apr 2024 15:51:14 INFO  epoch 20 evaluating [time: 18.39s, valid_score: 0.064800]
Fri 05 Apr 2024 15:51:14 INFO  valid result: 
recall@10 : 0.1546    mrr@10 : 0.0648    ndcg@10 : 0.0818    hit@10 : 0.1788    precision@10 : 0.0183
Fri 05 Apr 2024 15:51:15 INFO  Saving current: saved/LFM-1b_artist_20U50I_50strat/CKE/CKE-Apr-05-2024_15-43-03.pth
Fri 05 Apr 2024 15:51:17 INFO  epoch 21 training [time: 2.47s, train_loss1: 10.0636, train_loss2: 5.8783, train_loss3: 0.1572]
Fri 05 Apr 2024 15:51:40 INFO  epoch 21 evaluating [time: 22.55s, valid_score: 0.064900]
Fri 05 Apr 2024 15:51:40 INFO  valid result: 
recall@10 : 0.1533    mrr@10 : 0.0649    ndcg@10 : 0.0813    hit@10 : 0.1774    precision@10 : 0.0181
Fri 05 Apr 2024 15:51:41 INFO  Saving current: saved/LFM-1b_artist_20U50I_50strat/CKE/CKE-Apr-05-2024_15-43-03.pth
Fri 05 Apr 2024 15:51:43 INFO  epoch 22 training [time: 2.48s, train_loss1: 9.7345, train_loss2: 5.8266, train_loss3: 0.1581]
Fri 05 Apr 2024 15:52:01 INFO  epoch 22 evaluating [time: 18.29s, valid_score: 0.064700]
Fri 05 Apr 2024 15:52:01 INFO  valid result: 
recall@10 : 0.152    mrr@10 : 0.0647    ndcg@10 : 0.0809    hit@10 : 0.1763    precision@10 : 0.018
Fri 05 Apr 2024 15:52:04 INFO  epoch 23 training [time: 2.74s, train_loss1: 9.3753, train_loss2: 5.8311, train_loss3: 0.1590]
Fri 05 Apr 2024 15:52:22 INFO  epoch 23 evaluating [time: 18.21s, valid_score: 0.064500]
Fri 05 Apr 2024 15:52:22 INFO  valid result: 
recall@10 : 0.1505    mrr@10 : 0.0645    ndcg@10 : 0.0805    hit@10 : 0.1746    precision@10 : 0.0179
Fri 05 Apr 2024 15:52:25 INFO  epoch 24 training [time: 2.61s, train_loss1: 9.2259, train_loss2: 5.8365, train_loss3: 0.1600]
Fri 05 Apr 2024 15:52:43 INFO  epoch 24 evaluating [time: 18.36s, valid_score: 0.064800]
Fri 05 Apr 2024 15:52:43 INFO  valid result: 
recall@10 : 0.1533    mrr@10 : 0.0648    ndcg@10 : 0.0814    hit@10 : 0.1774    precision@10 : 0.0182
Fri 05 Apr 2024 15:52:46 INFO  epoch 25 training [time: 2.72s, train_loss1: 8.8794, train_loss2: 5.8007, train_loss3: 0.1608]
Fri 05 Apr 2024 15:53:04 INFO  epoch 25 evaluating [time: 18.34s, valid_score: 0.065100]
Fri 05 Apr 2024 15:53:04 INFO  valid result: 
recall@10 : 0.1561    mrr@10 : 0.0651    ndcg@10 : 0.082    hit@10 : 0.1804    precision@10 : 0.0185
Fri 05 Apr 2024 15:53:05 INFO  Saving current: saved/LFM-1b_artist_20U50I_50strat/CKE/CKE-Apr-05-2024_15-43-03.pth
Fri 05 Apr 2024 15:53:08 INFO  epoch 26 training [time: 2.47s, train_loss1: 8.5552, train_loss2: 5.8031, train_loss3: 0.1616]
Fri 05 Apr 2024 15:53:26 INFO  epoch 26 evaluating [time: 18.43s, valid_score: 0.064900]
Fri 05 Apr 2024 15:53:26 INFO  valid result: 
recall@10 : 0.1564    mrr@10 : 0.0649    ndcg@10 : 0.0821    hit@10 : 0.1808    precision@10 : 0.0186
Fri 05 Apr 2024 15:53:29 INFO  epoch 27 training [time: 2.55s, train_loss1: 8.2886, train_loss2: 5.7902, train_loss3: 0.1624]
Fri 05 Apr 2024 15:53:47 INFO  epoch 27 evaluating [time: 18.18s, valid_score: 0.064800]
Fri 05 Apr 2024 15:53:47 INFO  valid result: 
recall@10 : 0.1549    mrr@10 : 0.0648    ndcg@10 : 0.0815    hit@10 : 0.1802    precision@10 : 0.0184
Fri 05 Apr 2024 15:53:50 INFO  epoch 28 training [time: 2.69s, train_loss1: 7.9446, train_loss2: 5.7378, train_loss3: 0.1632]
Fri 05 Apr 2024 15:54:08 INFO  epoch 28 evaluating [time: 18.18s, valid_score: 0.065700]
Fri 05 Apr 2024 15:54:08 INFO  valid result: 
recall@10 : 0.1573    mrr@10 : 0.0657    ndcg@10 : 0.0828    hit@10 : 0.1824    precision@10 : 0.0187
Fri 05 Apr 2024 15:54:09 INFO  Saving current: saved/LFM-1b_artist_20U50I_50strat/CKE/CKE-Apr-05-2024_15-43-03.pth
Fri 05 Apr 2024 15:54:11 INFO  epoch 29 training [time: 2.43s, train_loss1: 7.6109, train_loss2: 5.7643, train_loss3: 0.1641]
Fri 05 Apr 2024 15:54:29 INFO  epoch 29 evaluating [time: 18.12s, valid_score: 0.065800]
Fri 05 Apr 2024 15:54:29 INFO  valid result: 
recall@10 : 0.159    mrr@10 : 0.0658    ndcg@10 : 0.0833    hit@10 : 0.1838    precision@10 : 0.0189
Fri 05 Apr 2024 15:54:30 INFO  Saving current: saved/LFM-1b_artist_20U50I_50strat/CKE/CKE-Apr-05-2024_15-43-03.pth
Fri 05 Apr 2024 15:54:32 INFO  epoch 30 training [time: 2.48s, train_loss1: 7.3027, train_loss2: 5.7491, train_loss3: 0.1650]
Fri 05 Apr 2024 15:54:51 INFO  epoch 30 evaluating [time: 18.23s, valid_score: 0.066000]
Fri 05 Apr 2024 15:54:51 INFO  valid result: 
recall@10 : 0.1588    mrr@10 : 0.066    ndcg@10 : 0.0834    hit@10 : 0.1838    precision@10 : 0.0189
Fri 05 Apr 2024 15:54:52 INFO  Saving current: saved/LFM-1b_artist_20U50I_50strat/CKE/CKE-Apr-05-2024_15-43-03.pth
Fri 05 Apr 2024 15:54:54 INFO  epoch 31 training [time: 2.57s, train_loss1: 7.1341, train_loss2: 5.7492, train_loss3: 0.1660]
Fri 05 Apr 2024 15:55:13 INFO  epoch 31 evaluating [time: 18.39s, valid_score: 0.065700]
Fri 05 Apr 2024 15:55:13 INFO  valid result: 
recall@10 : 0.1606    mrr@10 : 0.0657    ndcg@10 : 0.0837    hit@10 : 0.1855    precision@10 : 0.0191
Fri 05 Apr 2024 15:55:15 INFO  epoch 32 training [time: 2.73s, train_loss1: 6.9553, train_loss2: 5.7468, train_loss3: 0.1668]
Fri 05 Apr 2024 15:55:33 INFO  epoch 32 evaluating [time: 18.24s, valid_score: 0.066500]
Fri 05 Apr 2024 15:55:33 INFO  valid result: 
recall@10 : 0.1623    mrr@10 : 0.0665    ndcg@10 : 0.0846    hit@10 : 0.1876    precision@10 : 0.0192
Fri 05 Apr 2024 15:55:34 INFO  Saving current: saved/LFM-1b_artist_20U50I_50strat/CKE/CKE-Apr-05-2024_15-43-03.pth
Fri 05 Apr 2024 15:55:37 INFO  epoch 33 training [time: 2.48s, train_loss1: 6.6283, train_loss2: 5.7456, train_loss3: 0.1676]
Fri 05 Apr 2024 15:55:55 INFO  epoch 33 evaluating [time: 18.24s, valid_score: 0.066800]
Fri 05 Apr 2024 15:55:55 INFO  valid result: 
recall@10 : 0.1609    mrr@10 : 0.0668    ndcg@10 : 0.0845    hit@10 : 0.186    precision@10 : 0.0191
Fri 05 Apr 2024 15:55:56 INFO  Saving current: saved/LFM-1b_artist_20U50I_50strat/CKE/CKE-Apr-05-2024_15-43-03.pth
Fri 05 Apr 2024 15:55:58 INFO  epoch 34 training [time: 2.44s, train_loss1: 6.4113, train_loss2: 5.7324, train_loss3: 0.1685]
Fri 05 Apr 2024 15:56:17 INFO  epoch 34 evaluating [time: 18.21s, valid_score: 0.066800]
Fri 05 Apr 2024 15:56:17 INFO  valid result: 
recall@10 : 0.1628    mrr@10 : 0.0668    ndcg@10 : 0.0849    hit@10 : 0.1879    precision@10 : 0.0193
Fri 05 Apr 2024 15:56:17 INFO  Saving current: saved/LFM-1b_artist_20U50I_50strat/CKE/CKE-Apr-05-2024_15-43-03.pth
Fri 05 Apr 2024 15:56:20 INFO  epoch 35 training [time: 2.55s, train_loss1: 6.1456, train_loss2: 5.7401, train_loss3: 0.1694]
Fri 05 Apr 2024 15:56:38 INFO  epoch 35 evaluating [time: 18.36s, valid_score: 0.067300]
Fri 05 Apr 2024 15:56:38 INFO  valid result: 
recall@10 : 0.162    mrr@10 : 0.0673    ndcg@10 : 0.0851    hit@10 : 0.1869    precision@10 : 0.0192
Fri 05 Apr 2024 15:56:39 INFO  Saving current: saved/LFM-1b_artist_20U50I_50strat/CKE/CKE-Apr-05-2024_15-43-03.pth
Fri 05 Apr 2024 15:56:41 INFO  epoch 36 training [time: 2.47s, train_loss1: 5.9622, train_loss2: 5.6949, train_loss3: 0.1704]
Fri 05 Apr 2024 15:57:00 INFO  epoch 36 evaluating [time: 18.26s, valid_score: 0.068000]
Fri 05 Apr 2024 15:57:00 INFO  valid result: 
recall@10 : 0.1615    mrr@10 : 0.068    ndcg@10 : 0.0856    hit@10 : 0.1867    precision@10 : 0.0192
Fri 05 Apr 2024 15:57:01 INFO  Saving current: saved/LFM-1b_artist_20U50I_50strat/CKE/CKE-Apr-05-2024_15-43-03.pth
Fri 05 Apr 2024 15:57:03 INFO  epoch 37 training [time: 2.44s, train_loss1: 5.7217, train_loss2: 5.6963, train_loss3: 0.1712]
Fri 05 Apr 2024 15:57:21 INFO  epoch 37 evaluating [time: 18.30s, valid_score: 0.067100]
Fri 05 Apr 2024 15:57:21 INFO  valid result: 
recall@10 : 0.1605    mrr@10 : 0.0671    ndcg@10 : 0.0845    hit@10 : 0.1857    precision@10 : 0.0191
Fri 05 Apr 2024 15:57:24 INFO  epoch 38 training [time: 2.66s, train_loss1: 5.5880, train_loss2: 5.7024, train_loss3: 0.1720]
Fri 05 Apr 2024 15:57:42 INFO  epoch 38 evaluating [time: 18.34s, valid_score: 0.066600]
Fri 05 Apr 2024 15:57:42 INFO  valid result: 
recall@10 : 0.1611    mrr@10 : 0.0666    ndcg@10 : 0.0843    hit@10 : 0.1865    precision@10 : 0.0192
Fri 05 Apr 2024 15:57:45 INFO  epoch 39 training [time: 2.61s, train_loss1: 5.3400, train_loss2: 5.7011, train_loss3: 0.1729]
Fri 05 Apr 2024 15:58:03 INFO  epoch 39 evaluating [time: 18.33s, valid_score: 0.067400]
Fri 05 Apr 2024 15:58:03 INFO  valid result: 
recall@10 : 0.1606    mrr@10 : 0.0674    ndcg@10 : 0.0848    hit@10 : 0.1856    precision@10 : 0.0191
Fri 05 Apr 2024 15:58:06 INFO  epoch 40 training [time: 2.59s, train_loss1: 5.1825, train_loss2: 5.6909, train_loss3: 0.1737]
Fri 05 Apr 2024 15:58:24 INFO  epoch 40 evaluating [time: 18.20s, valid_score: 0.069000]
Fri 05 Apr 2024 15:58:24 INFO  valid result: 
recall@10 : 0.1622    mrr@10 : 0.069    ndcg@10 : 0.0864    hit@10 : 0.1876    precision@10 : 0.0193
Fri 05 Apr 2024 15:58:25 INFO  Saving current: saved/LFM-1b_artist_20U50I_50strat/CKE/CKE-Apr-05-2024_15-43-03.pth
Fri 05 Apr 2024 15:58:27 INFO  epoch 41 training [time: 2.42s, train_loss1: 5.0225, train_loss2: 5.7042, train_loss3: 0.1746]
Fri 05 Apr 2024 15:58:47 INFO  epoch 41 evaluating [time: 19.70s, valid_score: 0.068600]
Fri 05 Apr 2024 15:58:47 INFO  valid result: 
recall@10 : 0.1622    mrr@10 : 0.0686    ndcg@10 : 0.0862    hit@10 : 0.1877    precision@10 : 0.0193
Fri 05 Apr 2024 15:58:50 INFO  epoch 42 training [time: 2.58s, train_loss1: 4.8111, train_loss2: 5.6901, train_loss3: 0.1753]
Fri 05 Apr 2024 15:59:08 INFO  epoch 42 evaluating [time: 18.09s, valid_score: 0.068600]
Fri 05 Apr 2024 15:59:08 INFO  valid result: 
recall@10 : 0.1625    mrr@10 : 0.0686    ndcg@10 : 0.0862    hit@10 : 0.1879    precision@10 : 0.0193
Fri 05 Apr 2024 15:59:10 INFO  epoch 43 training [time: 2.59s, train_loss1: 4.6456, train_loss2: 5.6878, train_loss3: 0.1762]
Fri 05 Apr 2024 15:59:28 INFO  epoch 43 evaluating [time: 18.13s, valid_score: 0.068500]
Fri 05 Apr 2024 15:59:28 INFO  valid result: 
recall@10 : 0.1638    mrr@10 : 0.0685    ndcg@10 : 0.0864    hit@10 : 0.1891    precision@10 : 0.0195
Fri 05 Apr 2024 15:59:31 INFO  epoch 44 training [time: 2.53s, train_loss1: 4.5126, train_loss2: 5.6715, train_loss3: 0.1769]
Fri 05 Apr 2024 15:59:49 INFO  epoch 44 evaluating [time: 18.07s, valid_score: 0.068000]
Fri 05 Apr 2024 15:59:49 INFO  valid result: 
recall@10 : 0.1646    mrr@10 : 0.068    ndcg@10 : 0.0863    hit@10 : 0.1897    precision@10 : 0.0195
Fri 05 Apr 2024 15:59:52 INFO  epoch 45 training [time: 2.58s, train_loss1: 4.3528, train_loss2: 5.6955, train_loss3: 0.1777]
Fri 05 Apr 2024 16:00:10 INFO  epoch 45 evaluating [time: 18.18s, valid_score: 0.068100]
Fri 05 Apr 2024 16:00:10 INFO  valid result: 
recall@10 : 0.1636    mrr@10 : 0.0681    ndcg@10 : 0.0862    hit@10 : 0.1886    precision@10 : 0.0194
Fri 05 Apr 2024 16:00:12 INFO  epoch 46 training [time: 2.61s, train_loss1: 4.1792, train_loss2: 5.6445, train_loss3: 0.1786]
Fri 05 Apr 2024 16:00:30 INFO  epoch 46 evaluating [time: 17.98s, valid_score: 0.069000]
Fri 05 Apr 2024 16:00:30 INFO  valid result: 
recall@10 : 0.163    mrr@10 : 0.069    ndcg@10 : 0.0866    hit@10 : 0.1887    precision@10 : 0.0194
Fri 05 Apr 2024 16:00:31 INFO  Saving current: saved/LFM-1b_artist_20U50I_50strat/CKE/CKE-Apr-05-2024_15-43-03.pth
Fri 05 Apr 2024 16:00:34 INFO  epoch 47 training [time: 2.42s, train_loss1: 4.0356, train_loss2: 5.6582, train_loss3: 0.1794]
Fri 05 Apr 2024 16:00:52 INFO  epoch 47 evaluating [time: 18.01s, valid_score: 0.068900]
Fri 05 Apr 2024 16:00:52 INFO  valid result: 
recall@10 : 0.1668    mrr@10 : 0.0689    ndcg@10 : 0.0873    hit@10 : 0.193    precision@10 : 0.0198
Fri 05 Apr 2024 16:00:54 INFO  epoch 48 training [time: 2.52s, train_loss1: 3.8896, train_loss2: 5.6699, train_loss3: 0.1802]
Fri 05 Apr 2024 16:01:12 INFO  epoch 48 evaluating [time: 17.96s, valid_score: 0.069000]
Fri 05 Apr 2024 16:01:12 INFO  valid result: 
recall@10 : 0.1672    mrr@10 : 0.069    ndcg@10 : 0.0875    hit@10 : 0.1932    precision@10 : 0.0198
Fri 05 Apr 2024 16:01:13 INFO  Saving current: saved/LFM-1b_artist_20U50I_50strat/CKE/CKE-Apr-05-2024_15-43-03.pth
Fri 05 Apr 2024 16:01:15 INFO  epoch 49 training [time: 2.41s, train_loss1: 3.7870, train_loss2: 5.6395, train_loss3: 0.1809]
Fri 05 Apr 2024 16:01:33 INFO  epoch 49 evaluating [time: 18.02s, valid_score: 0.069700]
Fri 05 Apr 2024 16:01:33 INFO  valid result: 
recall@10 : 0.1656    mrr@10 : 0.0697    ndcg@10 : 0.0877    hit@10 : 0.1908    precision@10 : 0.0196
Fri 05 Apr 2024 16:01:35 INFO  Saving current: saved/LFM-1b_artist_20U50I_50strat/CKE/CKE-Apr-05-2024_15-43-03.pth
Fri 05 Apr 2024 16:01:38 INFO  epoch 50 training [time: 2.84s, train_loss1: 3.6498, train_loss2: 5.6552, train_loss3: 0.1817]
Fri 05 Apr 2024 16:01:56 INFO  epoch 50 evaluating [time: 17.94s, valid_score: 0.068900]
Fri 05 Apr 2024 16:01:56 INFO  valid result: 
recall@10 : 0.166    mrr@10 : 0.0689    ndcg@10 : 0.0873    hit@10 : 0.1912    precision@10 : 0.0197
Fri 05 Apr 2024 16:01:59 INFO  epoch 51 training [time: 2.78s, train_loss1: 3.5886, train_loss2: 5.6467, train_loss3: 0.1824]
Fri 05 Apr 2024 16:02:17 INFO  epoch 51 evaluating [time: 17.95s, valid_score: 0.070500]
Fri 05 Apr 2024 16:02:17 INFO  valid result: 
recall@10 : 0.1668    mrr@10 : 0.0705    ndcg@10 : 0.0887    hit@10 : 0.1923    precision@10 : 0.0198
Fri 05 Apr 2024 16:02:18 INFO  Saving current: saved/LFM-1b_artist_20U50I_50strat/CKE/CKE-Apr-05-2024_15-43-03.pth
Fri 05 Apr 2024 16:02:20 INFO  epoch 52 training [time: 2.44s, train_loss1: 3.4730, train_loss2: 5.6545, train_loss3: 0.1831]
Fri 05 Apr 2024 16:02:38 INFO  epoch 52 evaluating [time: 17.97s, valid_score: 0.069900]
Fri 05 Apr 2024 16:02:38 INFO  valid result: 
recall@10 : 0.1659    mrr@10 : 0.0699    ndcg@10 : 0.0879    hit@10 : 0.1917    precision@10 : 0.0197
Fri 05 Apr 2024 16:02:41 INFO  epoch 53 training [time: 2.56s, train_loss1: 3.3518, train_loss2: 5.6467, train_loss3: 0.1839]
Fri 05 Apr 2024 16:02:59 INFO  epoch 53 evaluating [time: 17.92s, valid_score: 0.068800]
Fri 05 Apr 2024 16:02:59 INFO  valid result: 
recall@10 : 0.1654    mrr@10 : 0.0688    ndcg@10 : 0.0871    hit@10 : 0.1912    precision@10 : 0.0196
Fri 05 Apr 2024 16:03:01 INFO  epoch 54 training [time: 2.59s, train_loss1: 3.2341, train_loss2: 5.6484, train_loss3: 0.1846]
Fri 05 Apr 2024 16:03:19 INFO  epoch 54 evaluating [time: 18.01s, valid_score: 0.069800]
Fri 05 Apr 2024 16:03:19 INFO  valid result: 
recall@10 : 0.1655    mrr@10 : 0.0698    ndcg@10 : 0.0879    hit@10 : 0.1912    precision@10 : 0.0196
Fri 05 Apr 2024 16:03:22 INFO  epoch 55 training [time: 2.53s, train_loss1: 3.1107, train_loss2: 5.6625, train_loss3: 0.1853]
Fri 05 Apr 2024 16:03:40 INFO  epoch 55 evaluating [time: 18.01s, valid_score: 0.069700]
Fri 05 Apr 2024 16:03:40 INFO  valid result: 
recall@10 : 0.1654    mrr@10 : 0.0697    ndcg@10 : 0.0878    hit@10 : 0.1912    precision@10 : 0.0197
Fri 05 Apr 2024 16:03:42 INFO  epoch 56 training [time: 2.55s, train_loss1: 3.0549, train_loss2: 5.6733, train_loss3: 0.1860]
Fri 05 Apr 2024 16:04:00 INFO  epoch 56 evaluating [time: 17.88s, valid_score: 0.069800]
Fri 05 Apr 2024 16:04:00 INFO  valid result: 
recall@10 : 0.165    mrr@10 : 0.0698    ndcg@10 : 0.0876    hit@10 : 0.1906    precision@10 : 0.0196
Fri 05 Apr 2024 16:04:03 INFO  epoch 57 training [time: 2.50s, train_loss1: 2.9802, train_loss2: 5.6411, train_loss3: 0.1868]
Fri 05 Apr 2024 16:04:21 INFO  epoch 57 evaluating [time: 17.97s, valid_score: 0.069300]
Fri 05 Apr 2024 16:04:21 INFO  valid result: 
recall@10 : 0.1661    mrr@10 : 0.0693    ndcg@10 : 0.0875    hit@10 : 0.1925    precision@10 : 0.0198
Fri 05 Apr 2024 16:04:23 INFO  epoch 58 training [time: 2.58s, train_loss1: 2.8407, train_loss2: 5.6331, train_loss3: 0.1876]
Fri 05 Apr 2024 16:04:41 INFO  epoch 58 evaluating [time: 17.97s, valid_score: 0.068700]
Fri 05 Apr 2024 16:04:41 INFO  valid result: 
recall@10 : 0.1651    mrr@10 : 0.0687    ndcg@10 : 0.087    hit@10 : 0.191    precision@10 : 0.0196
Fri 05 Apr 2024 16:04:44 INFO  epoch 59 training [time: 2.58s, train_loss1: 2.7748, train_loss2: 5.6491, train_loss3: 0.1883]
Fri 05 Apr 2024 16:05:02 INFO  epoch 59 evaluating [time: 18.04s, valid_score: 0.069000]
Fri 05 Apr 2024 16:05:02 INFO  valid result: 
recall@10 : 0.1636    mrr@10 : 0.069    ndcg@10 : 0.0869    hit@10 : 0.1895    precision@10 : 0.0195
Fri 05 Apr 2024 16:05:04 INFO  epoch 60 training [time: 2.50s, train_loss1: 2.6607, train_loss2: 5.6001, train_loss3: 0.1890]
Fri 05 Apr 2024 16:05:22 INFO  epoch 60 evaluating [time: 17.84s, valid_score: 0.069500]
Fri 05 Apr 2024 16:05:22 INFO  valid result: 
recall@10 : 0.1652    mrr@10 : 0.0695    ndcg@10 : 0.0877    hit@10 : 0.1907    precision@10 : 0.0196
Fri 05 Apr 2024 16:05:25 INFO  epoch 61 training [time: 2.51s, train_loss1: 2.6019, train_loss2: 5.6366, train_loss3: 0.1898]
Fri 05 Apr 2024 16:05:43 INFO  epoch 61 evaluating [time: 17.88s, valid_score: 0.070400]
Fri 05 Apr 2024 16:05:43 INFO  valid result: 
recall@10 : 0.1656    mrr@10 : 0.0704    ndcg@10 : 0.0882    hit@10 : 0.1916    precision@10 : 0.0197
Fri 05 Apr 2024 16:05:45 INFO  epoch 62 training [time: 2.52s, train_loss1: 2.5801, train_loss2: 5.5973, train_loss3: 0.1903]
Fri 05 Apr 2024 16:06:03 INFO  epoch 62 evaluating [time: 17.87s, valid_score: 0.069400]
Fri 05 Apr 2024 16:06:03 INFO  valid result: 
recall@10 : 0.1645    mrr@10 : 0.0694    ndcg@10 : 0.0873    hit@10 : 0.1902    precision@10 : 0.0196
Fri 05 Apr 2024 16:06:03 INFO  Finished training, best eval result in epoch 51
Fri 05 Apr 2024 16:06:04 INFO  Loading model structure and parameters from saved/LFM-1b_artist_20U50I_50strat/CKE/CKE-Apr-05-2024_15-43-03.pth
Fri 05 Apr 2024 16:06:26 INFO  The running environment of this training is as follows:
+-------------+----------------+
| Environment |     Usage      |
+=============+================+
| CPU         |     5.70 %     |
+-------------+----------------+
| GPU         | 0.20 G/14.58 G |
+-------------+----------------+
| Memory      | 1.59 G/27.41 G |
+-------------+----------------+
Fri 05 Apr 2024 16:06:26 INFO  best valid : OrderedDict([('recall@10', 0.1668), ('mrr@10', 0.0705), ('ndcg@10', 0.0887), ('hit@10', 0.1923), ('precision@10', 0.0198)])
Fri 05 Apr 2024 16:06:26 INFO  test result: OrderedDict([('recall@10', 0.1725), ('mrr@10', 0.0703), ('ndcg@10', 0.0903), ('hit@10', 0.1952), ('precision@10', 0.02)])
Fri 05 Apr 2024 16:06:27 INFO  
General Hyper Parameters:
gpu_id = 0
use_gpu = True
seed = 2020
state = INFO
reproducibility = True
data_path = data/LFM-1b_artist_20U50I_50strat
checkpoint_dir = saved/LFM-1b_artist_20U50I_50strat/CKE
show_progress = True
save_dataset = False
dataset_save_path = None
save_dataloaders = False
dataloaders_save_path = None
log_wandb = False

Training Hyper Parameters:
epochs = 200
train_batch_size = 2048
learner = adam
learning_rate = 0.001
train_neg_sample_args = {'distribution': 'uniform', 'sample_num': 1, 'dynamic': False, 'candidate_num': 0, 'alpha': 1.0}
eval_step = 1
stopping_step = 10
clip_grad_norm = None
weight_decay = 0.0
loss_decimal_place = 4

Evaluation Hyper Parameters:
eval_args = {'split': {'RS': [0.8, 0.1, 0.1]}, 'order': 'RO', 'group_by': 'user', 'mode': {'valid': 'full', 'test': 'full'}}
repeatable = False
metrics = ['Recall', 'MRR', 'NDCG', 'Hit', 'Precision']
topk = [10]
valid_metric = MRR@10
valid_metric_bigger = True
eval_batch_size = 4096
metric_decimal_place = 4

Dataset Hyper Parameters:
field_separator = 	
seq_separator =  
USER_ID_FIELD = user_id
ITEM_ID_FIELD = item_id
RATING_FIELD = rating
TIME_FIELD = timestamp
seq_len = None
LABEL_FIELD = label
threshold = None
NEG_PREFIX = neg_
load_col = {'inter': ['user_id', 'item_id', 'rating', 'timestamp'], 'kg': ['head_id', 'relation_id', 'tail_id'], 'link': ['item_id', 'entity_id']}
unload_col = None
unused_col = None
additional_feat_suffix = None
rm_dup_inter = None
val_interval = None
filter_inter_by_user_or_item = True
user_inter_num_interval = [0,inf)
item_inter_num_interval = [0,inf)
alias_of_user_id = None
alias_of_item_id = None
alias_of_entity_id = None
alias_of_relation_id = None
preload_weight = None
normalize_field = None
normalize_all = None
ITEM_LIST_LENGTH_FIELD = item_length
LIST_SUFFIX = _list
MAX_ITEM_LIST_LENGTH = 50
POSITION_FIELD = position_id
HEAD_ENTITY_ID_FIELD = head_id
TAIL_ENTITY_ID_FIELD = tail_id
RELATION_ID_FIELD = relation_id
ENTITY_ID_FIELD = entity_id
benchmark_filename = None

Other Hyper Parameters: 
worker = 0
wandb_project = recbole
shuffle = True
require_pow = False
enable_amp = False
enable_scaler = False
transform = None
embedding_size = 64
kg_embedding_size = 64
reg_weights = [0.01, 0.01]
numerical_features = []
discretization = None
kg_reverse_r = False
entity_kg_num_interval = [0,inf)
relation_kg_num_interval = [0,inf)
MODEL_TYPE = ModelType.KNOWLEDGE
encoding = utf-8
device = cuda
my_log_file = /mnt/batch/tasks/shared/LS_root/mounts/clusters/fontanagpu/code/sustainability-of-recsys/log/carbon_default.log
MODEL_INPUT_TYPE = InputType.PAIRWISE
eval_type = EvaluatorType.RANKING
single_spec = True
local_rank = 0
valid_neg_sample_args = {'distribution': 'uniform', 'sample_num': 'none'}
test_neg_sample_args = {'distribution': 'uniform', 'sample_num': 'none'}


Fri 05 Apr 2024 16:06:33 INFO  LFM-1b_artist_20U50I_50strat
The number of users: 18495
Average actions of users: 9.852492700335244
The number of items: 12523
Average actions of items: 14.551349624660597
The number of inters: 182212
The sparsity of the dataset: 99.92132907458927%
Remain Fields: ['entity_id', 'user_id', 'item_id', 'head_id', 'relation_id', 'tail_id']
The number of entities: 42032
The number of relations: 7
The number of triples: 38491
The number of items that have been linked to KG: 12522
Fri 05 Apr 2024 16:06:34 INFO  [Training]: train_batch_size = [2048] train_neg_sample_args: [{'distribution': 'uniform', 'sample_num': 1, 'dynamic': False, 'candidate_num': 0, 'alpha': 1.0}]
Fri 05 Apr 2024 16:06:34 INFO  [Evaluation]: eval_batch_size = [4096] eval_args: [{'split': {'RS': [0.8, 0.1, 0.1]}, 'order': 'RO', 'group_by': 'user', 'mode': {'valid': 'full', 'test': 'full'}}]
Fri 05 Apr 2024 16:06:35 INFO  Loading model structure and parameters from saved/LFM-1b_artist_20U50I_50strat/CKE/CKE-Apr-05-2024_15-43-03.pth
