Thu 09 May 2024 10:16:41 INFO  ['src/default_tracker2.py', '--dataset=amazon_books_60core_kg', '--model=CKE', '--max_emission_step=6']
Thu 09 May 2024 10:16:41 INFO  
General Hyper Parameters:
gpu_id = 0
use_gpu = True
seed = 2020
state = INFO
reproducibility = True
data_path = data/amazon_books_60core_kg
checkpoint_dir = saved/amazon_books_60core_kg/CKE
show_progress = True
save_dataset = False
dataset_save_path = None
save_dataloaders = False
dataloaders_save_path = None
log_wandb = False

Training Hyper Parameters:
epochs = 200
train_batch_size = 2048
learner = adam
learning_rate = 0.001
train_neg_sample_args = {'distribution': 'uniform', 'sample_num': 1, 'dynamic': False, 'candidate_num': 0, 'alpha': 1.0}
eval_step = 1
stopping_step = 10
clip_grad_norm = None
weight_decay = 0.0
loss_decimal_place = 4

Evaluation Hyper Parameters:
eval_args = {'split': {'RS': [0.8, 0.1, 0.1]}, 'order': 'RO', 'group_by': 'user', 'mode': {'valid': 'full', 'test': 'full'}}
repeatable = False
metrics = ['Recall', 'MRR', 'NDCG', 'Hit', 'MAP', 'Precision', 'GAUC', 'ItemCoverage', 'AveragePopularity', 'GiniIndex', 'ShannonEntropy', 'TailPercentage']
topk = [10]
valid_metric = MRR@10
valid_metric_bigger = True
eval_batch_size = 4096
metric_decimal_place = 4

Dataset Hyper Parameters:
field_separator = 	
seq_separator =  
USER_ID_FIELD = user_id
ITEM_ID_FIELD = item_id
RATING_FIELD = rating
TIME_FIELD = timestamp
seq_len = None
LABEL_FIELD = label
threshold = None
NEG_PREFIX = neg_
load_col = {'inter': ['user_id', 'item_id', 'rating', 'timestamp'], 'kg': ['head_id', 'relation_id', 'tail_id'], 'link': ['item_id', 'entity_id']}
unload_col = None
unused_col = None
additional_feat_suffix = None
rm_dup_inter = None
val_interval = None
filter_inter_by_user_or_item = True
user_inter_num_interval = [0,inf)
item_inter_num_interval = [0,inf)
alias_of_user_id = None
alias_of_item_id = None
alias_of_entity_id = None
alias_of_relation_id = None
preload_weight = None
normalize_field = None
normalize_all = None
ITEM_LIST_LENGTH_FIELD = item_length
LIST_SUFFIX = _list
MAX_ITEM_LIST_LENGTH = 50
POSITION_FIELD = position_id
HEAD_ENTITY_ID_FIELD = head_id
TAIL_ENTITY_ID_FIELD = tail_id
RELATION_ID_FIELD = relation_id
ENTITY_ID_FIELD = entity_id
benchmark_filename = None

Other Hyper Parameters: 
worker = 0
wandb_project = recbole
shuffle = True
require_pow = False
enable_amp = False
enable_scaler = False
transform = None
embedding_size = 64
kg_embedding_size = 64
reg_weights = [0.01, 0.01]
numerical_features = []
discretization = None
kg_reverse_r = False
entity_kg_num_interval = [0,inf)
relation_kg_num_interval = [0,inf)
MODEL_TYPE = ModelType.KNOWLEDGE
encoding = utf-8
device = cuda:1
my_log_file = /home/fontana/Tesi/log/carbon_default.log
max_emission_step = 6
MODEL_INPUT_TYPE = InputType.PAIRWISE
eval_type = EvaluatorType.RANKING
single_spec = True
local_rank = 0
valid_neg_sample_args = {'distribution': 'uniform', 'sample_num': 'none'}
test_neg_sample_args = {'distribution': 'uniform', 'sample_num': 'none'}


Thu 09 May 2024 10:16:48 INFO  amazon_books_60core_kg
The number of users: 20201
Average actions of users: 17.4280198019802
The number of items: 10879
Average actions of items: 32.36311822026108
The number of inters: 352046
The sparsity of the dataset: 99.83980920055674%
Remain Fields: ['entity_id', 'user_id', 'item_id', 'rating', 'head_id', 'tail_id', 'relation_id']
The number of entities: 26316
The number of relations: 18
The number of triples: 96476
The number of items that have been linked to KG: 10878
Thu 09 May 2024 10:16:51 INFO  [Training]: train_batch_size = [2048] train_neg_sample_args: [{'distribution': 'uniform', 'sample_num': 1, 'dynamic': False, 'candidate_num': 0, 'alpha': 1.0}]
Thu 09 May 2024 10:16:51 INFO  [Evaluation]: eval_batch_size = [4096] eval_args: [{'split': {'RS': [0.8, 0.1, 0.1]}, 'order': 'RO', 'group_by': 'user', 'mode': {'valid': 'full', 'test': 'full'}}]
Thu 09 May 2024 10:16:54 INFO  CKE(
  (user_embedding): Embedding(20201, 64)
  (item_embedding): Embedding(10879, 64)
  (entity_embedding): Embedding(26316, 64)
  (relation_embedding): Embedding(18, 64)
  (trans_w): Embedding(18, 4096)
  (rec_loss): BPRLoss()
  (kg_loss): BPRLoss()
  (reg_loss): EmbLoss()
)
Trainable parameters: 3748224
Thu 09 May 2024 10:16:54 INFO  FLOPs: 192.0
Thu 09 May 2024 10:17:05 INFO  epoch 0 training [time: 5.57s, train_loss1: 96.2939, train_loss2: 36.5231, train_loss3: 0.1397]
Thu 09 May 2024 10:18:00 INFO  epoch 0 evaluating [time: 54.90s, valid_score: 0.014800]
Thu 09 May 2024 10:18:00 INFO  valid result: 
recall@10 : 0.0231    mrr@10 : 0.0148    ndcg@10 : 0.0135    hit@10 : 0.0403    map@10 : 0.0084    precision@10 : 0.0044    gauc : 0.6794    itemcoverage@10 : 0.8891    averagepopularity@10 : 120.3171    giniindex@10 : 0.7397    shannonentropy@10 : 0.0008    tailpercentage@10 : 0.0454
Thu 09 May 2024 10:18:00 INFO  Saving current: saved/amazon_books_60core_kg/CKE/CKE-May-09-2024_10-16-55.pth
Thu 09 May 2024 10:18:06 INFO  epoch 1 training [time: 5.55s, train_loss1: 93.1375, train_loss2: 14.0661, train_loss3: 0.1547]
Thu 09 May 2024 10:19:00 INFO  epoch 1 evaluating [time: 54.68s, valid_score: 0.024100]
Thu 09 May 2024 10:19:00 INFO  valid result: 
recall@10 : 0.0375    mrr@10 : 0.0241    ndcg@10 : 0.0222    hit@10 : 0.0649    map@10 : 0.014    precision@10 : 0.0071    gauc : 0.8079    itemcoverage@10 : 0.3411    averagepopularity@10 : 263.1137    giniindex@10 : 0.9787    shannonentropy@10 : 0.0013    tailpercentage@10 : 0.0052
Thu 09 May 2024 10:19:01 INFO  Saving current: saved/amazon_books_60core_kg/CKE/CKE-May-09-2024_10-16-55.pth
Thu 09 May 2024 10:19:06 INFO  epoch 2 training [time: 5.35s, train_loss1: 78.7686, train_loss2: 11.5976, train_loss3: 0.1898]
Thu 09 May 2024 10:20:00 INFO  epoch 2 evaluating [time: 54.42s, valid_score: 0.026100]
Thu 09 May 2024 10:20:00 INFO  valid result: 
recall@10 : 0.0426    mrr@10 : 0.0261    ndcg@10 : 0.0247    hit@10 : 0.0725    map@10 : 0.0154    precision@10 : 0.0079    gauc : 0.8297    itemcoverage@10 : 0.1974    averagepopularity@10 : 269.1452    giniindex@10 : 0.9882    shannonentropy@10 : 0.0022    tailpercentage@10 : 0.0041
Thu 09 May 2024 10:20:01 INFO  Saving current: saved/amazon_books_60core_kg/CKE/CKE-May-09-2024_10-16-55.pth
Thu 09 May 2024 10:20:06 INFO  epoch 3 training [time: 5.66s, train_loss1: 62.4064, train_loss2: 10.4115, train_loss3: 0.2221]
Thu 09 May 2024 10:21:01 INFO  epoch 3 evaluating [time: 54.82s, valid_score: 0.027900]
Thu 09 May 2024 10:21:01 INFO  valid result: 
recall@10 : 0.0455    mrr@10 : 0.0279    ndcg@10 : 0.0265    hit@10 : 0.0773    map@10 : 0.0166    precision@10 : 0.0084    gauc : 0.8429    itemcoverage@10 : 0.1469    averagepopularity@10 : 261.2245    giniindex@10 : 0.9893    shannonentropy@10 : 0.003    tailpercentage@10 : 0.0024
Thu 09 May 2024 10:21:02 INFO  Saving current: saved/amazon_books_60core_kg/CKE/CKE-May-09-2024_10-16-55.pth
Thu 09 May 2024 10:21:07 INFO  epoch 4 training [time: 5.82s, train_loss1: 51.6037, train_loss2: 9.6222, train_loss3: 0.2445]
Thu 09 May 2024 10:22:02 INFO  epoch 4 evaluating [time: 54.80s, valid_score: 0.030000]
Thu 09 May 2024 10:22:02 INFO  valid result: 
recall@10 : 0.049    mrr@10 : 0.03    ndcg@10 : 0.0287    hit@10 : 0.0821    map@10 : 0.0182    precision@10 : 0.009    gauc : 0.8536    itemcoverage@10 : 0.1298    averagepopularity@10 : 252.3772    giniindex@10 : 0.989    shannonentropy@10 : 0.0035    tailpercentage@10 : 0.0013
Thu 09 May 2024 10:22:03 INFO  Saving current: saved/amazon_books_60core_kg/CKE/CKE-May-09-2024_10-16-55.pth
Thu 09 May 2024 10:22:08 INFO  epoch 5 training [time: 5.36s, train_loss1: 44.5692, train_loss2: 9.1434, train_loss3: 0.2605]
Thu 09 May 2024 10:23:02 INFO  epoch 5 evaluating [time: 54.30s, valid_score: 0.031200]
Thu 09 May 2024 10:23:02 INFO  valid result: 
recall@10 : 0.0524    mrr@10 : 0.0312    ndcg@10 : 0.0301    hit@10 : 0.0881    map@10 : 0.0187    precision@10 : 0.0096    gauc : 0.8619    itemcoverage@10 : 0.1235    averagepopularity@10 : 242.425    giniindex@10 : 0.9881    shannonentropy@10 : 0.0038    tailpercentage@10 : 0.0003
Thu 09 May 2024 10:23:03 INFO  Saving current: saved/amazon_books_60core_kg/CKE/CKE-May-09-2024_10-16-55.pth
Thu 09 May 2024 10:23:08 INFO  epoch 6 training [time: 5.66s, train_loss1: 39.7139, train_loss2: 8.7396, train_loss3: 0.2726]
Thu 09 May 2024 10:24:03 INFO  epoch 6 evaluating [time: 55.09s, valid_score: 0.032100]
Thu 09 May 2024 10:24:03 INFO  valid result: 
recall@10 : 0.0534    mrr@10 : 0.0321    ndcg@10 : 0.031    hit@10 : 0.0894    map@10 : 0.0195    precision@10 : 0.0098    gauc : 0.8686    itemcoverage@10 : 0.1241    averagepopularity@10 : 231.9609    giniindex@10 : 0.9868    shannonentropy@10 : 0.0038    tailpercentage@10 : 0.0002
Thu 09 May 2024 10:24:04 INFO  Saving current: saved/amazon_books_60core_kg/CKE/CKE-May-09-2024_10-16-55.pth
Thu 09 May 2024 10:24:04 INFO  Finished training, max emissions step reached
Thu 09 May 2024 10:24:04 INFO  Loading model structure and parameters from saved/amazon_books_60core_kg/CKE/CKE-May-09-2024_10-16-55.pth
Thu 09 May 2024 10:25:04 INFO  The running environment of this training is as follows:
+-------------+----------------+
| Environment |     Usage      |
+=============+================+
| CPU         |    15.80 %     |
+-------------+----------------+
| GPU         | 0.21 G/11.93 G |
+-------------+----------------+
| Memory      | 2.24 G/31.23 G |
+-------------+----------------+
Thu 09 May 2024 10:25:04 INFO  best valid : OrderedDict([('recall@10', 0.0534), ('mrr@10', 0.0321), ('ndcg@10', 0.031), ('hit@10', 0.0894), ('map@10', 0.0195), ('precision@10', 0.0098), ('gauc', 0.8686), ('itemcoverage@10', 0.1241), ('averagepopularity@10', 231.9609), ('giniindex@10', 0.9868), ('shannonentropy@10', 0.0038), ('tailpercentage@10', 0.0002)])
Thu 09 May 2024 10:25:04 INFO  test result: OrderedDict([('recall@10', 0.0532), ('mrr@10', 0.0332), ('ndcg@10', 0.0309), ('hit@10', 0.0883), ('map@10', 0.0193), ('precision@10', 0.0098), ('gauc', 0.8615), ('itemcoverage@10', 0.1331), ('averagepopularity@10', 229.8594), ('giniindex@10', 0.9862), ('shannonentropy@10', 0.0036), ('tailpercentage@10', 0.0002)])
Thu 09 May 2024 10:25:04 INFO  
General Hyper Parameters:
gpu_id = 0
use_gpu = True
seed = 2020
state = INFO
reproducibility = True
data_path = data/amazon_books_60core_kg
checkpoint_dir = saved/amazon_books_60core_kg/CKE
show_progress = True
save_dataset = False
dataset_save_path = None
save_dataloaders = False
dataloaders_save_path = None
log_wandb = False

Training Hyper Parameters:
epochs = 200
train_batch_size = 2048
learner = adam
learning_rate = 0.001
train_neg_sample_args = {'distribution': 'uniform', 'sample_num': 1, 'dynamic': False, 'candidate_num': 0, 'alpha': 1.0}
eval_step = 1
stopping_step = 10
clip_grad_norm = None
weight_decay = 0.0
loss_decimal_place = 4

Evaluation Hyper Parameters:
eval_args = {'split': {'RS': [0.8, 0.1, 0.1]}, 'order': 'RO', 'group_by': 'user', 'mode': {'valid': 'full', 'test': 'full'}}
repeatable = False
metrics = ['Recall', 'MRR', 'NDCG', 'Hit', 'MAP', 'Precision', 'GAUC', 'ItemCoverage', 'AveragePopularity', 'GiniIndex', 'ShannonEntropy', 'TailPercentage']
topk = [10]
valid_metric = MRR@10
valid_metric_bigger = True
eval_batch_size = 4096
metric_decimal_place = 4

Dataset Hyper Parameters:
field_separator = 	
seq_separator =  
USER_ID_FIELD = user_id
ITEM_ID_FIELD = item_id
RATING_FIELD = rating
TIME_FIELD = timestamp
seq_len = None
LABEL_FIELD = label
threshold = None
NEG_PREFIX = neg_
load_col = {'inter': ['user_id', 'item_id', 'rating', 'timestamp'], 'kg': ['head_id', 'relation_id', 'tail_id'], 'link': ['item_id', 'entity_id']}
unload_col = None
unused_col = None
additional_feat_suffix = None
rm_dup_inter = None
val_interval = None
filter_inter_by_user_or_item = True
user_inter_num_interval = [0,inf)
item_inter_num_interval = [0,inf)
alias_of_user_id = None
alias_of_item_id = None
alias_of_entity_id = None
alias_of_relation_id = None
preload_weight = None
normalize_field = None
normalize_all = None
ITEM_LIST_LENGTH_FIELD = item_length
LIST_SUFFIX = _list
MAX_ITEM_LIST_LENGTH = 50
POSITION_FIELD = position_id
HEAD_ENTITY_ID_FIELD = head_id
TAIL_ENTITY_ID_FIELD = tail_id
RELATION_ID_FIELD = relation_id
ENTITY_ID_FIELD = entity_id
benchmark_filename = None

Other Hyper Parameters: 
worker = 0
wandb_project = recbole
shuffle = True
require_pow = False
enable_amp = False
enable_scaler = False
transform = None
embedding_size = 64
kg_embedding_size = 64
reg_weights = [0.01, 0.01]
numerical_features = []
discretization = None
kg_reverse_r = False
entity_kg_num_interval = [0,inf)
relation_kg_num_interval = [0,inf)
MODEL_TYPE = ModelType.KNOWLEDGE
encoding = utf-8
device = cuda:1
my_log_file = /home/fontana/Tesi/log/carbon_default.log
max_emission_step = 6
MODEL_INPUT_TYPE = InputType.PAIRWISE
eval_type = EvaluatorType.RANKING
single_spec = True
local_rank = 0
valid_neg_sample_args = {'distribution': 'uniform', 'sample_num': 'none'}
test_neg_sample_args = {'distribution': 'uniform', 'sample_num': 'none'}


Thu 09 May 2024 10:25:12 INFO  amazon_books_60core_kg
The number of users: 20201
Average actions of users: 17.4280198019802
The number of items: 10879
Average actions of items: 32.36311822026108
The number of inters: 352046
The sparsity of the dataset: 99.83980920055674%
Remain Fields: ['entity_id', 'user_id', 'item_id', 'rating', 'head_id', 'tail_id', 'relation_id']
The number of entities: 26316
The number of relations: 18
The number of triples: 96476
The number of items that have been linked to KG: 10878
Thu 09 May 2024 10:25:14 INFO  [Training]: train_batch_size = [2048] train_neg_sample_args: [{'distribution': 'uniform', 'sample_num': 1, 'dynamic': False, 'candidate_num': 0, 'alpha': 1.0}]
Thu 09 May 2024 10:25:14 INFO  [Evaluation]: eval_batch_size = [4096] eval_args: [{'split': {'RS': [0.8, 0.1, 0.1]}, 'order': 'RO', 'group_by': 'user', 'mode': {'valid': 'full', 'test': 'full'}}]
Thu 09 May 2024 10:25:15 INFO  Loading model structure and parameters from saved/amazon_books_60core_kg/CKE/CKE-May-09-2024_10-16-55.pth
