Wed 08 May 2024 18:14:48 INFO  ['src/default_tracker2.py', '--dataset=LFM-1b_artist_20U50I_25strat', '--model=CKE', '--max_emission_step=7']
Wed 08 May 2024 18:14:48 INFO  
General Hyper Parameters:
gpu_id = 0
use_gpu = True
seed = 2020
state = INFO
reproducibility = True
data_path = data/LFM-1b_artist_20U50I_25strat
checkpoint_dir = saved/LFM-1b_artist_20U50I_25strat/CKE
show_progress = True
save_dataset = False
dataset_save_path = None
save_dataloaders = False
dataloaders_save_path = None
log_wandb = False

Training Hyper Parameters:
epochs = 200
train_batch_size = 2048
learner = adam
learning_rate = 0.001
train_neg_sample_args = {'distribution': 'uniform', 'sample_num': 1, 'dynamic': False, 'candidate_num': 0, 'alpha': 1.0}
eval_step = 1
stopping_step = 10
clip_grad_norm = None
weight_decay = 0.0
loss_decimal_place = 4

Evaluation Hyper Parameters:
eval_args = {'split': {'RS': [0.8, 0.1, 0.1]}, 'order': 'RO', 'group_by': 'user', 'mode': {'valid': 'full', 'test': 'full'}}
repeatable = False
metrics = ['Recall', 'MRR', 'NDCG', 'Hit', 'MAP', 'Precision', 'GAUC', 'ItemCoverage', 'AveragePopularity', 'GiniIndex', 'ShannonEntropy', 'TailPercentage']
topk = [10]
valid_metric = MRR@10
valid_metric_bigger = True
eval_batch_size = 4096
metric_decimal_place = 4

Dataset Hyper Parameters:
field_separator = 	
seq_separator =  
USER_ID_FIELD = user_id
ITEM_ID_FIELD = item_id
RATING_FIELD = rating
TIME_FIELD = timestamp
seq_len = None
LABEL_FIELD = label
threshold = None
NEG_PREFIX = neg_
load_col = {'inter': ['user_id', 'item_id', 'rating', 'timestamp'], 'kg': ['head_id', 'relation_id', 'tail_id'], 'link': ['item_id', 'entity_id']}
unload_col = None
unused_col = None
additional_feat_suffix = None
rm_dup_inter = None
val_interval = None
filter_inter_by_user_or_item = True
user_inter_num_interval = [0,inf)
item_inter_num_interval = [0,inf)
alias_of_user_id = None
alias_of_item_id = None
alias_of_entity_id = None
alias_of_relation_id = None
preload_weight = None
normalize_field = None
normalize_all = None
ITEM_LIST_LENGTH_FIELD = item_length
LIST_SUFFIX = _list
MAX_ITEM_LIST_LENGTH = 50
POSITION_FIELD = position_id
HEAD_ENTITY_ID_FIELD = head_id
TAIL_ENTITY_ID_FIELD = tail_id
RELATION_ID_FIELD = relation_id
ENTITY_ID_FIELD = entity_id
benchmark_filename = None

Other Hyper Parameters: 
worker = 0
wandb_project = recbole
shuffle = True
require_pow = False
enable_amp = False
enable_scaler = False
transform = None
embedding_size = 64
kg_embedding_size = 64
reg_weights = [0.01, 0.01]
numerical_features = []
discretization = None
kg_reverse_r = False
entity_kg_num_interval = [0,inf)
relation_kg_num_interval = [0,inf)
MODEL_TYPE = ModelType.KNOWLEDGE
encoding = utf-8
device = cuda:1
my_log_file = /home/fontana/Tesi/log/carbon_default.log
max_emission_step = 7
MODEL_INPUT_TYPE = InputType.PAIRWISE
eval_type = EvaluatorType.RANKING
single_spec = True
local_rank = 0
valid_neg_sample_args = {'distribution': 'uniform', 'sample_num': 'none'}
test_neg_sample_args = {'distribution': 'uniform', 'sample_num': 'none'}


Wed 08 May 2024 18:14:56 INFO  LFM-1b_artist_20U50I_25strat
The number of users: 17111
Average actions of users: 5.287258912916423
The number of items: 9445
Average actions of items: 9.579097839898347
The number of inters: 90465
The sparsity of the dataset: 99.9440238230253%
Remain Fields: ['entity_id', 'user_id', 'item_id', 'head_id', 'relation_id', 'tail_id']
The number of entities: 32908
The number of relations: 7
The number of triples: 29822
The number of items that have been linked to KG: 9444
Wed 08 May 2024 18:14:57 INFO  [Training]: train_batch_size = [2048] train_neg_sample_args: [{'distribution': 'uniform', 'sample_num': 1, 'dynamic': False, 'candidate_num': 0, 'alpha': 1.0}]
Wed 08 May 2024 18:14:57 INFO  [Evaluation]: eval_batch_size = [4096] eval_args: [{'split': {'RS': [0.8, 0.1, 0.1]}, 'order': 'RO', 'group_by': 'user', 'mode': {'valid': 'full', 'test': 'full'}}]
Wed 08 May 2024 18:15:00 INFO  CKE(
  (user_embedding): Embedding(17111, 64)
  (item_embedding): Embedding(9445, 64)
  (entity_embedding): Embedding(32908, 64)
  (relation_embedding): Embedding(7, 64)
  (trans_w): Embedding(7, 4096)
  (rec_loss): BPRLoss()
  (kg_loss): BPRLoss()
  (reg_loss): EmbLoss()
)
Trainable parameters: 3834816
Wed 08 May 2024 18:15:00 INFO  FLOPs: 192.0
Wed 08 May 2024 18:15:07 INFO  epoch 0 training [time: 1.51s, train_loss1: 22.1803, train_loss2: 16.1845, train_loss3: 0.0315]
Wed 08 May 2024 18:15:40 INFO  epoch 0 evaluating [time: 32.67s, valid_score: 0.000400]
Wed 08 May 2024 18:15:40 INFO  valid result: 
recall@10 : 0.0014    mrr@10 : 0.0004    ndcg@10 : 0.0006    hit@10 : 0.0014    map@10 : 0.0004    precision@10 : 0.0001    gauc : 0.5076    itemcoverage@10 : 0.9412    averagepopularity@10 : 6.9186    giniindex@10 : 0.5111    shannonentropy@10 : 0.001    tailpercentage@10 : 0.0837
Wed 08 May 2024 18:15:40 INFO  Saving current: saved/LFM-1b_artist_20U50I_25strat/CKE/CKE-May-08-2024_18-15-01.pth
Wed 08 May 2024 18:15:41 INFO  epoch 1 training [time: 1.38s, train_loss1: 22.1319, train_loss2: 5.6628, train_loss3: 0.0320]
Wed 08 May 2024 18:16:14 INFO  epoch 1 evaluating [time: 32.50s, valid_score: 0.005900]
Wed 08 May 2024 18:16:14 INFO  valid result: 
recall@10 : 0.0125    mrr@10 : 0.0059    ndcg@10 : 0.0074    hit@10 : 0.0131    map@10 : 0.0057    precision@10 : 0.0013    gauc : 0.5381    itemcoverage@10 : 0.8865    averagepopularity@10 : 67.9163    giniindex@10 : 0.6543    shannonentropy@10 : 0.001    tailpercentage@10 : 0.0473
Wed 08 May 2024 18:16:14 INFO  Saving current: saved/LFM-1b_artist_20U50I_25strat/CKE/CKE-May-08-2024_18-15-01.pth
Wed 08 May 2024 18:16:15 INFO  epoch 2 training [time: 1.36s, train_loss1: 22.0291, train_loss2: 4.3030, train_loss3: 0.0329]
Wed 08 May 2024 18:16:48 INFO  epoch 2 evaluating [time: 32.95s, valid_score: 0.020000]
Wed 08 May 2024 18:16:48 INFO  valid result: 
recall@10 : 0.0512    mrr@10 : 0.02    ndcg@10 : 0.0269    hit@10 : 0.0533    map@10 : 0.0192    precision@10 : 0.0053    gauc : 0.6208    itemcoverage@10 : 0.4768    averagepopularity@10 : 258.2056    giniindex@10 : 0.9439    shannonentropy@10 : 0.0013    tailpercentage@10 : 0.0047
Wed 08 May 2024 18:16:49 INFO  Saving current: saved/LFM-1b_artist_20U50I_25strat/CKE/CKE-May-08-2024_18-15-01.pth
Wed 08 May 2024 18:16:50 INFO  epoch 3 training [time: 1.33s, train_loss1: 21.7560, train_loss2: 3.8916, train_loss3: 0.0345]
Wed 08 May 2024 18:17:23 INFO  epoch 3 evaluating [time: 32.67s, valid_score: 0.027200]
Wed 08 May 2024 18:17:23 INFO  valid result: 
recall@10 : 0.0772    mrr@10 : 0.0272    ndcg@10 : 0.0383    hit@10 : 0.0804    map@10 : 0.0262    precision@10 : 0.0081    gauc : 0.7296    itemcoverage@10 : 0.2093    averagepopularity@10 : 383.8415    giniindex@10 : 0.9851    shannonentropy@10 : 0.0025    tailpercentage@10 : 0.0007
Wed 08 May 2024 18:17:23 INFO  Saving current: saved/LFM-1b_artist_20U50I_25strat/CKE/CKE-May-08-2024_18-15-01.pth
Wed 08 May 2024 18:17:24 INFO  epoch 4 training [time: 1.35s, train_loss1: 21.1202, train_loss2: 3.6889, train_loss3: 0.0368]
Wed 08 May 2024 18:17:57 INFO  epoch 4 evaluating [time: 32.68s, valid_score: 0.031400]
Wed 08 May 2024 18:17:57 INFO  valid result: 
recall@10 : 0.0909    mrr@10 : 0.0314    ndcg@10 : 0.0447    hit@10 : 0.0943    map@10 : 0.0304    precision@10 : 0.0094    gauc : 0.7991    itemcoverage@10 : 0.1586    averagepopularity@10 : 453.7226    giniindex@10 : 0.9915    shannonentropy@10 : 0.0029    tailpercentage@10 : 0.0004
Wed 08 May 2024 18:17:57 INFO  Saving current: saved/LFM-1b_artist_20U50I_25strat/CKE/CKE-May-08-2024_18-15-01.pth
Wed 08 May 2024 18:17:59 INFO  epoch 5 training [time: 1.36s, train_loss1: 19.9295, train_loss2: 3.5336, train_loss3: 0.0396]
Wed 08 May 2024 18:18:32 INFO  epoch 5 evaluating [time: 32.71s, valid_score: 0.033700]
Wed 08 May 2024 18:18:32 INFO  valid result: 
recall@10 : 0.0969    mrr@10 : 0.0337    ndcg@10 : 0.0478    hit@10 : 0.1002    map@10 : 0.0327    precision@10 : 0.0101    gauc : 0.8316    itemcoverage@10 : 0.1521    averagepopularity@10 : 490.0893    giniindex@10 : 0.9933    shannonentropy@10 : 0.0028    tailpercentage@10 : 0.0005
Wed 08 May 2024 18:18:32 INFO  Saving current: saved/LFM-1b_artist_20U50I_25strat/CKE/CKE-May-08-2024_18-15-01.pth
Wed 08 May 2024 18:18:33 INFO  epoch 6 training [time: 1.32s, train_loss1: 18.1648, train_loss2: 3.4681, train_loss3: 0.0428]
Wed 08 May 2024 18:19:06 INFO  epoch 6 evaluating [time: 32.51s, valid_score: 0.035600]
Wed 08 May 2024 18:19:06 INFO  valid result: 
recall@10 : 0.1016    mrr@10 : 0.0356    ndcg@10 : 0.0503    hit@10 : 0.1053    map@10 : 0.0345    precision@10 : 0.0106    gauc : 0.8453    itemcoverage@10 : 0.1587    averagepopularity@10 : 510.9239    giniindex@10 : 0.9939    shannonentropy@10 : 0.0026    tailpercentage@10 : 0.0006
Wed 08 May 2024 18:19:06 INFO  Saving current: saved/LFM-1b_artist_20U50I_25strat/CKE/CKE-May-08-2024_18-15-01.pth
Wed 08 May 2024 18:19:08 INFO  epoch 7 training [time: 1.38s, train_loss1: 16.0590, train_loss2: 3.3884, train_loss3: 0.0461]
Wed 08 May 2024 18:19:40 INFO  epoch 7 evaluating [time: 32.55s, valid_score: 0.036000]
Wed 08 May 2024 18:19:40 INFO  valid result: 
recall@10 : 0.1042    mrr@10 : 0.036    ndcg@10 : 0.0512    hit@10 : 0.1081    map@10 : 0.0349    precision@10 : 0.0109    gauc : 0.8505    itemcoverage@10 : 0.166    averagepopularity@10 : 519.4936    giniindex@10 : 0.9939    shannonentropy@10 : 0.0024    tailpercentage@10 : 0.0009
Wed 08 May 2024 18:19:40 INFO  Saving current: saved/LFM-1b_artist_20U50I_25strat/CKE/CKE-May-08-2024_18-15-01.pth
Wed 08 May 2024 18:19:42 INFO  epoch 8 training [time: 1.36s, train_loss1: 13.9965, train_loss2: 3.2985, train_loss3: 0.0492]
Wed 08 May 2024 18:20:14 INFO  epoch 8 evaluating [time: 32.70s, valid_score: 0.036100]
Wed 08 May 2024 18:20:14 INFO  valid result: 
recall@10 : 0.1043    mrr@10 : 0.0361    ndcg@10 : 0.0513    hit@10 : 0.1081    map@10 : 0.0349    precision@10 : 0.0109    gauc : 0.8528    itemcoverage@10 : 0.1712    averagepopularity@10 : 522.8745    giniindex@10 : 0.9939    shannonentropy@10 : 0.0023    tailpercentage@10 : 0.0014
Wed 08 May 2024 18:20:15 INFO  Saving current: saved/LFM-1b_artist_20U50I_25strat/CKE/CKE-May-08-2024_18-15-01.pth
Wed 08 May 2024 18:20:16 INFO  epoch 9 training [time: 1.33s, train_loss1: 12.2377, train_loss2: 3.2449, train_loss3: 0.0521]
Wed 08 May 2024 18:20:49 INFO  epoch 9 evaluating [time: 32.65s, valid_score: 0.035800]
Wed 08 May 2024 18:20:49 INFO  valid result: 
recall@10 : 0.104    mrr@10 : 0.0358    ndcg@10 : 0.051    hit@10 : 0.1081    map@10 : 0.0347    precision@10 : 0.0109    gauc : 0.8546    itemcoverage@10 : 0.166    averagepopularity@10 : 523.7069    giniindex@10 : 0.9941    shannonentropy@10 : 0.0024    tailpercentage@10 : 0.0019
Wed 08 May 2024 18:20:50 INFO  epoch 10 training [time: 1.34s, train_loss1: 10.8585, train_loss2: 3.1972, train_loss3: 0.0546]
Wed 08 May 2024 18:21:23 INFO  epoch 10 evaluating [time: 32.50s, valid_score: 0.035900]
Wed 08 May 2024 18:21:23 INFO  valid result: 
recall@10 : 0.1036    mrr@10 : 0.0359    ndcg@10 : 0.0509    hit@10 : 0.1075    map@10 : 0.0347    precision@10 : 0.0108    gauc : 0.8554    itemcoverage@10 : 0.1581    averagepopularity@10 : 524.4014    giniindex@10 : 0.9944    shannonentropy@10 : 0.0025    tailpercentage@10 : 0.0019
Wed 08 May 2024 18:21:24 INFO  epoch 11 training [time: 1.34s, train_loss1: 9.7659, train_loss2: 3.1284, train_loss3: 0.0567]
Wed 08 May 2024 18:21:58 INFO  epoch 11 evaluating [time: 33.66s, valid_score: 0.036100]
Wed 08 May 2024 18:21:58 INFO  valid result: 
recall@10 : 0.1053    mrr@10 : 0.0361    ndcg@10 : 0.0515    hit@10 : 0.1093    map@10 : 0.035    precision@10 : 0.011    gauc : 0.8557    itemcoverage@10 : 0.1495    averagepopularity@10 : 524.6844    giniindex@10 : 0.9946    shannonentropy@10 : 0.0026    tailpercentage@10 : 0.0019
Wed 08 May 2024 18:21:58 INFO  Saving current: saved/LFM-1b_artist_20U50I_25strat/CKE/CKE-May-08-2024_18-15-01.pth
Wed 08 May 2024 18:21:59 INFO  epoch 12 training [time: 1.36s, train_loss1: 8.9527, train_loss2: 3.0820, train_loss3: 0.0586]
Wed 08 May 2024 18:22:32 INFO  epoch 12 evaluating [time: 32.82s, valid_score: 0.036100]
Wed 08 May 2024 18:22:32 INFO  valid result: 
recall@10 : 0.1051    mrr@10 : 0.0361    ndcg@10 : 0.0514    hit@10 : 0.109    map@10 : 0.0349    precision@10 : 0.0109    gauc : 0.8556    itemcoverage@10 : 0.1479    averagepopularity@10 : 521.8962    giniindex@10 : 0.9946    shannonentropy@10 : 0.0026    tailpercentage@10 : 0.002
Wed 08 May 2024 18:22:33 INFO  Saving current: saved/LFM-1b_artist_20U50I_25strat/CKE/CKE-May-08-2024_18-15-01.pth
Wed 08 May 2024 18:22:33 INFO  Finished training, max emissions step reached
Wed 08 May 2024 18:22:33 INFO  Loading model structure and parameters from saved/LFM-1b_artist_20U50I_25strat/CKE/CKE-May-08-2024_18-15-01.pth
Wed 08 May 2024 18:23:15 INFO  The running environment of this training is as follows:
+-------------+----------------+
| Environment |     Usage      |
+=============+================+
| CPU         |    13.60 %     |
+-------------+----------------+
| GPU         | 0.24 G/11.93 G |
+-------------+----------------+
| Memory      | 2.34 G/31.23 G |
+-------------+----------------+
Wed 08 May 2024 18:23:15 INFO  best valid : OrderedDict([('recall@10', 0.1051), ('mrr@10', 0.0361), ('ndcg@10', 0.0514), ('hit@10', 0.109), ('map@10', 0.0349), ('precision@10', 0.0109), ('gauc', 0.8556), ('itemcoverage@10', 0.1479), ('averagepopularity@10', 521.8962), ('giniindex@10', 0.9946), ('shannonentropy@10', 0.0026), ('tailpercentage@10', 0.002)])
Wed 08 May 2024 18:23:15 INFO  test result: OrderedDict([('recall@10', 0.1078), ('mrr@10', 0.0376), ('ndcg@10', 0.0532), ('hit@10', 0.1108), ('map@10', 0.0364), ('precision@10', 0.0111), ('gauc', 0.8489), ('itemcoverage@10', 0.1929), ('averagepopularity@10', 507.6022), ('giniindex@10', 0.9929), ('shannonentropy@10', 0.0021), ('tailpercentage@10', 0.0027)])
Wed 08 May 2024 18:23:15 INFO  
General Hyper Parameters:
gpu_id = 0
use_gpu = True
seed = 2020
state = INFO
reproducibility = True
data_path = data/LFM-1b_artist_20U50I_25strat
checkpoint_dir = saved/LFM-1b_artist_20U50I_25strat/CKE
show_progress = True
save_dataset = False
dataset_save_path = None
save_dataloaders = False
dataloaders_save_path = None
log_wandb = False

Training Hyper Parameters:
epochs = 200
train_batch_size = 2048
learner = adam
learning_rate = 0.001
train_neg_sample_args = {'distribution': 'uniform', 'sample_num': 1, 'dynamic': False, 'candidate_num': 0, 'alpha': 1.0}
eval_step = 1
stopping_step = 10
clip_grad_norm = None
weight_decay = 0.0
loss_decimal_place = 4

Evaluation Hyper Parameters:
eval_args = {'split': {'RS': [0.8, 0.1, 0.1]}, 'order': 'RO', 'group_by': 'user', 'mode': {'valid': 'full', 'test': 'full'}}
repeatable = False
metrics = ['Recall', 'MRR', 'NDCG', 'Hit', 'MAP', 'Precision', 'GAUC', 'ItemCoverage', 'AveragePopularity', 'GiniIndex', 'ShannonEntropy', 'TailPercentage']
topk = [10]
valid_metric = MRR@10
valid_metric_bigger = True
eval_batch_size = 4096
metric_decimal_place = 4

Dataset Hyper Parameters:
field_separator = 	
seq_separator =  
USER_ID_FIELD = user_id
ITEM_ID_FIELD = item_id
RATING_FIELD = rating
TIME_FIELD = timestamp
seq_len = None
LABEL_FIELD = label
threshold = None
NEG_PREFIX = neg_
load_col = {'inter': ['user_id', 'item_id', 'rating', 'timestamp'], 'kg': ['head_id', 'relation_id', 'tail_id'], 'link': ['item_id', 'entity_id']}
unload_col = None
unused_col = None
additional_feat_suffix = None
rm_dup_inter = None
val_interval = None
filter_inter_by_user_or_item = True
user_inter_num_interval = [0,inf)
item_inter_num_interval = [0,inf)
alias_of_user_id = None
alias_of_item_id = None
alias_of_entity_id = None
alias_of_relation_id = None
preload_weight = None
normalize_field = None
normalize_all = None
ITEM_LIST_LENGTH_FIELD = item_length
LIST_SUFFIX = _list
MAX_ITEM_LIST_LENGTH = 50
POSITION_FIELD = position_id
HEAD_ENTITY_ID_FIELD = head_id
TAIL_ENTITY_ID_FIELD = tail_id
RELATION_ID_FIELD = relation_id
ENTITY_ID_FIELD = entity_id
benchmark_filename = None

Other Hyper Parameters: 
worker = 0
wandb_project = recbole
shuffle = True
require_pow = False
enable_amp = False
enable_scaler = False
transform = None
embedding_size = 64
kg_embedding_size = 64
reg_weights = [0.01, 0.01]
numerical_features = []
discretization = None
kg_reverse_r = False
entity_kg_num_interval = [0,inf)
relation_kg_num_interval = [0,inf)
MODEL_TYPE = ModelType.KNOWLEDGE
encoding = utf-8
device = cuda:1
my_log_file = /home/fontana/Tesi/log/carbon_default.log
max_emission_step = 7
MODEL_INPUT_TYPE = InputType.PAIRWISE
eval_type = EvaluatorType.RANKING
single_spec = True
local_rank = 0
valid_neg_sample_args = {'distribution': 'uniform', 'sample_num': 'none'}
test_neg_sample_args = {'distribution': 'uniform', 'sample_num': 'none'}


Wed 08 May 2024 18:23:23 INFO  LFM-1b_artist_20U50I_25strat
The number of users: 17111
Average actions of users: 5.287258912916423
The number of items: 9445
Average actions of items: 9.579097839898347
The number of inters: 90465
The sparsity of the dataset: 99.9440238230253%
Remain Fields: ['entity_id', 'user_id', 'item_id', 'head_id', 'relation_id', 'tail_id']
The number of entities: 32908
The number of relations: 7
The number of triples: 29822
The number of items that have been linked to KG: 9444
Wed 08 May 2024 18:23:24 INFO  [Training]: train_batch_size = [2048] train_neg_sample_args: [{'distribution': 'uniform', 'sample_num': 1, 'dynamic': False, 'candidate_num': 0, 'alpha': 1.0}]
Wed 08 May 2024 18:23:24 INFO  [Evaluation]: eval_batch_size = [4096] eval_args: [{'split': {'RS': [0.8, 0.1, 0.1]}, 'order': 'RO', 'group_by': 'user', 'mode': {'valid': 'full', 'test': 'full'}}]
Wed 08 May 2024 18:23:24 INFO  Loading model structure and parameters from saved/LFM-1b_artist_20U50I_25strat/CKE/CKE-May-08-2024_18-15-01.pth
