Wed 27 Mar 2024 14:56:20 INFO  ['src/default_tracker.py']
Wed 27 Mar 2024 14:56:20 INFO  
General Hyper Parameters:
gpu_id = 0
use_gpu = True
seed = 42
state = INFO
reproducibility = True
data_path = data/LFM-1b_artist_20U50I
checkpoint_dir = saved/LFM-1b_artist_20U50I/CKE
show_progress = True
save_dataset = False
dataset_save_path = None
save_dataloaders = False
dataloaders_save_path = None
log_wandb = False

Training Hyper Parameters:
epochs = 1
train_batch_size = 4096
learner = adam
learning_rate = 0.001
train_neg_sample_args = {'distribution': 'uniform', 'sample_num': 1, 'dynamic': False, 'candidate_num': 0, 'alpha': 1.0}
eval_step = 1
stopping_step = 10
clip_grad_norm = None
weight_decay = 0.0
loss_decimal_place = 4

Evaluation Hyper Parameters:
eval_args = {'split': {'RS': [0.8, 0.1, 0.1]}, 'order': 'RO', 'group_by': 'user', 'mode': {'valid': 'full', 'test': 'full'}}
repeatable = False
metrics = ['Recall', 'MRR', 'NDCG', 'Hit', 'MAP', 'Precision', 'GAUC', 'ItemCoverage', 'AveragePopularity', 'GiniIndex', 'ShannonEntropy', 'TailPercentage']
topk = [10]
valid_metric = MRR@10
valid_metric_bigger = True
eval_batch_size = 1024
metric_decimal_place = 4

Dataset Hyper Parameters:
field_separator = 	
seq_separator =  
USER_ID_FIELD = user_id
ITEM_ID_FIELD = item_id
RATING_FIELD = rating
TIME_FIELD = timestamp
seq_len = None
LABEL_FIELD = label
threshold = None
NEG_PREFIX = neg_
load_col = {'inter': ['user_id', 'item_id', 'rating', 'timestamp'], 'kg': ['head_id', 'relation_id', 'tail_id'], 'link': ['item_id', 'entity_id']}
unload_col = None
unused_col = None
additional_feat_suffix = None
rm_dup_inter = None
val_interval = None
filter_inter_by_user_or_item = True
user_inter_num_interval = [0,inf)
item_inter_num_interval = [0,inf)
alias_of_user_id = None
alias_of_item_id = None
alias_of_entity_id = None
alias_of_relation_id = None
preload_weight = None
normalize_field = None
normalize_all = None
ITEM_LIST_LENGTH_FIELD = item_length
LIST_SUFFIX = _list
MAX_ITEM_LIST_LENGTH = 50
POSITION_FIELD = position_id
HEAD_ENTITY_ID_FIELD = head_id
TAIL_ENTITY_ID_FIELD = tail_id
RELATION_ID_FIELD = relation_id
ENTITY_ID_FIELD = entity_id
benchmark_filename = None

Other Hyper Parameters: 
worker = 0
wandb_project = recbole
shuffle = True
require_pow = False
enable_amp = False
enable_scaler = False
transform = None
embedding_size = 64
kg_embedding_size = 64
reg_weights = [0.01, 0.01]
numerical_features = []
discretization = None
kg_reverse_r = False
entity_kg_num_interval = [0,inf)
relation_kg_num_interval = [0,inf)
MODEL_TYPE = ModelType.KNOWLEDGE
encoding = utf-8
device = cuda
my_log_file = /mnt/batch/tasks/shared/LS_root/mounts/clusters/fontanagpu/code/sustainability-of-recsys/log/carbon_default.log
MODEL_INPUT_TYPE = InputType.PAIRWISE
eval_type = EvaluatorType.RANKING
single_spec = True
local_rank = 0
valid_neg_sample_args = {'distribution': 'uniform', 'sample_num': 'none'}
test_neg_sample_args = {'distribution': 'uniform', 'sample_num': 'none'}


Wed 27 Mar 2024 14:56:28 INFO  LFM-1b_artist_20U50I
The number of users: 19426
Average actions of users: 19.186718146718146
The number of items: 15510
Average actions of items: 24.03133664323941
The number of inters: 372702
The sparsity of the dataset: 99.87630089964973%
Remain Fields: ['entity_id', 'user_id', 'item_id', 'head_id', 'relation_id', 'tail_id']
The number of entities: 50666
The number of relations: 7
The number of triples: 46827
The number of items that have been linked to KG: 15509
Wed 27 Mar 2024 14:56:30 INFO  [Training]: train_batch_size = [4096] train_neg_sample_args: [{'distribution': 'uniform', 'sample_num': 1, 'dynamic': False, 'candidate_num': 0, 'alpha': 1.0}]
Wed 27 Mar 2024 14:56:30 INFO  [Evaluation]: eval_batch_size = [1024] eval_args: [{'split': {'RS': [0.8, 0.1, 0.1]}, 'order': 'RO', 'group_by': 'user', 'mode': {'valid': 'full', 'test': 'full'}}]
Wed 27 Mar 2024 14:56:30 INFO  CKE(
  (user_embedding): Embedding(19426, 64)
  (item_embedding): Embedding(15510, 64)
  (entity_embedding): Embedding(50666, 64)
  (relation_embedding): Embedding(7, 64)
  (trans_w): Embedding(7, 4096)
  (rec_loss): BPRLoss()
  (kg_loss): BPRLoss()
  (reg_loss): EmbLoss()
)
Trainable parameters: 5507648
Wed 27 Mar 2024 14:56:37 INFO  FLOPs: 192.0
Wed 27 Mar 2024 14:57:27 INFO  epoch 0 training [time: 9.74s, train_loss1: 51.2628, train_loss2: 20.1899, train_loss3: 0.0523]
Wed 27 Mar 2024 14:58:19 INFO  epoch 0 evaluating [time: 51.58s, valid_score: 0.075400]
Wed 27 Mar 2024 14:58:19 INFO  valid result: 
recall@10 : 0.1096    mrr@10 : 0.0754    ndcg@10 : 0.0669    hit@10 : 0.1909    map@10 : 0.0417    precision@10 : 0.0224    gauc : 0.8049    itemcoverage@10 : 0.7195    averagepopularity@10 : 1601.6682    giniindex@10 : 0.8942    shannonentropy@10 : 0.0005    tailpercentage@10 : 0.0202
Wed 27 Mar 2024 14:58:19 INFO  Saving current: saved/LFM-1b_artist_20U50I/CKE/CKE-Mar-27-2024_14-56-38.pth
Wed 27 Mar 2024 14:58:20 INFO  Loading model structure and parameters from saved/LFM-1b_artist_20U50I/CKE/CKE-Mar-27-2024_14-56-38.pth
Wed 27 Mar 2024 14:59:15 INFO  The running environment of this training is as follows:
+-------------+----------------+
| Environment |     Usage      |
+=============+================+
| CPU         |     1.50 %     |
+-------------+----------------+
| GPU         | 0.34 G/15.57 G |
+-------------+----------------+
| Memory      | 1.56 G/27.41 G |
+-------------+----------------+
Wed 27 Mar 2024 14:59:15 INFO  best valid : OrderedDict([('recall@10', 0.1096), ('mrr@10', 0.0754), ('ndcg@10', 0.0669), ('hit@10', 0.1909), ('map@10', 0.0417), ('precision@10', 0.0224), ('gauc', 0.8049), ('itemcoverage@10', 0.7195), ('averagepopularity@10', 1601.6682), ('giniindex@10', 0.8942), ('shannonentropy@10', 0.0005), ('tailpercentage@10', 0.0202)])
Wed 27 Mar 2024 14:59:15 INFO  test result: OrderedDict([('recall@10', 0.1096), ('mrr@10', 0.0769), ('ndcg@10', 0.0676), ('hit@10', 0.1866), ('map@10', 0.0426), ('precision@10', 0.0223), ('gauc', 0.8014), ('itemcoverage@10', 0.7496), ('averagepopularity@10', 1520.0959), ('giniindex@10', 0.8818), ('shannonentropy@10', 0.0005), ('tailpercentage@10', 0.0223)])
Wed 27 Mar 2024 14:59:17 INFO  
General Hyper Parameters:
gpu_id = 0
use_gpu = True
seed = 42
state = INFO
reproducibility = True
data_path = data/LFM-1b_artist_20U50I
checkpoint_dir = saved/LFM-1b_artist_20U50I/CKE
show_progress = True
save_dataset = False
dataset_save_path = None
save_dataloaders = False
dataloaders_save_path = None
log_wandb = False

Training Hyper Parameters:
epochs = 1
train_batch_size = 4096
learner = adam
learning_rate = 0.001
train_neg_sample_args = {'distribution': 'uniform', 'sample_num': 1, 'dynamic': False, 'candidate_num': 0, 'alpha': 1.0}
eval_step = 1
stopping_step = 10
clip_grad_norm = None
weight_decay = 0.0
loss_decimal_place = 4

Evaluation Hyper Parameters:
eval_args = {'split': {'RS': [0.8, 0.1, 0.1]}, 'order': 'RO', 'group_by': 'user', 'mode': {'valid': 'full', 'test': 'full'}}
repeatable = False
metrics = ['Recall', 'MRR', 'NDCG', 'Hit', 'MAP', 'Precision', 'GAUC', 'ItemCoverage', 'AveragePopularity', 'GiniIndex', 'ShannonEntropy', 'TailPercentage']
topk = [10]
valid_metric = MRR@10
valid_metric_bigger = True
eval_batch_size = 1024
metric_decimal_place = 4

Dataset Hyper Parameters:
field_separator = 	
seq_separator =  
USER_ID_FIELD = user_id
ITEM_ID_FIELD = item_id
RATING_FIELD = rating
TIME_FIELD = timestamp
seq_len = None
LABEL_FIELD = label
threshold = None
NEG_PREFIX = neg_
load_col = {'inter': ['user_id', 'item_id', 'rating', 'timestamp'], 'kg': ['head_id', 'relation_id', 'tail_id'], 'link': ['item_id', 'entity_id']}
unload_col = None
unused_col = None
additional_feat_suffix = None
rm_dup_inter = None
val_interval = None
filter_inter_by_user_or_item = True
user_inter_num_interval = [0,inf)
item_inter_num_interval = [0,inf)
alias_of_user_id = None
alias_of_item_id = None
alias_of_entity_id = None
alias_of_relation_id = None
preload_weight = None
normalize_field = None
normalize_all = None
ITEM_LIST_LENGTH_FIELD = item_length
LIST_SUFFIX = _list
MAX_ITEM_LIST_LENGTH = 50
POSITION_FIELD = position_id
HEAD_ENTITY_ID_FIELD = head_id
TAIL_ENTITY_ID_FIELD = tail_id
RELATION_ID_FIELD = relation_id
ENTITY_ID_FIELD = entity_id
benchmark_filename = None

Other Hyper Parameters: 
worker = 0
wandb_project = recbole
shuffle = True
require_pow = False
enable_amp = False
enable_scaler = False
transform = None
embedding_size = 64
kg_embedding_size = 64
reg_weights = [0.01, 0.01]
numerical_features = []
discretization = None
kg_reverse_r = False
entity_kg_num_interval = [0,inf)
relation_kg_num_interval = [0,inf)
MODEL_TYPE = ModelType.KNOWLEDGE
encoding = utf-8
device = cuda
my_log_file = /mnt/batch/tasks/shared/LS_root/mounts/clusters/fontanagpu/code/sustainability-of-recsys/log/carbon_default.log
MODEL_INPUT_TYPE = InputType.PAIRWISE
eval_type = EvaluatorType.RANKING
single_spec = True
local_rank = 0
valid_neg_sample_args = {'distribution': 'uniform', 'sample_num': 'none'}
test_neg_sample_args = {'distribution': 'uniform', 'sample_num': 'none'}


Wed 27 Mar 2024 14:59:25 INFO  LFM-1b_artist_20U50I
The number of users: 19426
Average actions of users: 19.186718146718146
The number of items: 15510
Average actions of items: 24.03133664323941
The number of inters: 372702
The sparsity of the dataset: 99.87630089964973%
Remain Fields: ['entity_id', 'user_id', 'item_id', 'head_id', 'relation_id', 'tail_id']
The number of entities: 50666
The number of relations: 7
The number of triples: 46827
The number of items that have been linked to KG: 15509
Wed 27 Mar 2024 14:59:26 INFO  [Training]: train_batch_size = [4096] train_neg_sample_args: [{'distribution': 'uniform', 'sample_num': 1, 'dynamic': False, 'candidate_num': 0, 'alpha': 1.0}]
Wed 27 Mar 2024 14:59:26 INFO  [Evaluation]: eval_batch_size = [1024] eval_args: [{'split': {'RS': [0.8, 0.1, 0.1]}, 'order': 'RO', 'group_by': 'user', 'mode': {'valid': 'full', 'test': 'full'}}]
Wed 27 Mar 2024 14:59:28 INFO  Loading model structure and parameters from saved/LFM-1b_artist_20U50I/CKE/CKE-Mar-27-2024_14-56-38.pth
Wed 27 Mar 2024 15:00:08 INFO  ['src/default_tracker.py']
Wed 27 Mar 2024 15:00:08 INFO  
General Hyper Parameters:
gpu_id = 0
use_gpu = True
seed = 42
state = INFO
reproducibility = True
data_path = data/LFM-1b_artist_20U50I
checkpoint_dir = saved/LFM-1b_artist_20U50I/CFKG
show_progress = True
save_dataset = False
dataset_save_path = None
save_dataloaders = False
dataloaders_save_path = None
log_wandb = False

Training Hyper Parameters:
epochs = 1
train_batch_size = 4096
learner = adam
learning_rate = 0.001
train_neg_sample_args = {'distribution': 'uniform', 'sample_num': 1, 'dynamic': False, 'candidate_num': 0, 'alpha': 1.0}
eval_step = 1
stopping_step = 10
clip_grad_norm = None
weight_decay = 0.0
loss_decimal_place = 4

Evaluation Hyper Parameters:
eval_args = {'split': {'RS': [0.8, 0.1, 0.1]}, 'order': 'RO', 'group_by': 'user', 'mode': {'valid': 'full', 'test': 'full'}}
repeatable = False
metrics = ['Recall', 'MRR', 'NDCG', 'Hit', 'MAP', 'Precision', 'GAUC', 'ItemCoverage', 'AveragePopularity', 'GiniIndex', 'ShannonEntropy', 'TailPercentage']
topk = [10]
valid_metric = MRR@10
valid_metric_bigger = True
eval_batch_size = 1024
metric_decimal_place = 4

Dataset Hyper Parameters:
field_separator = 	
seq_separator =  
USER_ID_FIELD = user_id
ITEM_ID_FIELD = item_id
RATING_FIELD = rating
TIME_FIELD = timestamp
seq_len = None
LABEL_FIELD = label
threshold = None
NEG_PREFIX = neg_
load_col = {'inter': ['user_id', 'item_id', 'rating', 'timestamp'], 'kg': ['head_id', 'relation_id', 'tail_id'], 'link': ['item_id', 'entity_id']}
unload_col = None
unused_col = None
additional_feat_suffix = None
rm_dup_inter = None
val_interval = None
filter_inter_by_user_or_item = True
user_inter_num_interval = [0,inf)
item_inter_num_interval = [0,inf)
alias_of_user_id = None
alias_of_item_id = None
alias_of_entity_id = None
alias_of_relation_id = None
preload_weight = None
normalize_field = None
normalize_all = None
ITEM_LIST_LENGTH_FIELD = item_length
LIST_SUFFIX = _list
MAX_ITEM_LIST_LENGTH = 50
POSITION_FIELD = position_id
HEAD_ENTITY_ID_FIELD = head_id
TAIL_ENTITY_ID_FIELD = tail_id
RELATION_ID_FIELD = relation_id
ENTITY_ID_FIELD = entity_id
benchmark_filename = None

Other Hyper Parameters: 
worker = 0
wandb_project = recbole
shuffle = True
require_pow = False
enable_amp = False
enable_scaler = False
transform = None
embedding_size = 64
loss_function = inner_product
margin = 1.0
numerical_features = []
discretization = None
kg_reverse_r = False
entity_kg_num_interval = [0,inf)
relation_kg_num_interval = [0,inf)
MODEL_TYPE = ModelType.KNOWLEDGE
encoding = utf-8
device = cuda
my_log_file = /mnt/batch/tasks/shared/LS_root/mounts/clusters/fontanagpu/code/sustainability-of-recsys/log/carbon_default.log
MODEL_INPUT_TYPE = InputType.PAIRWISE
eval_type = EvaluatorType.RANKING
single_spec = True
local_rank = 0
valid_neg_sample_args = {'distribution': 'uniform', 'sample_num': 'none'}
test_neg_sample_args = {'distribution': 'uniform', 'sample_num': 'none'}


Wed 27 Mar 2024 15:00:16 INFO  LFM-1b_artist_20U50I
The number of users: 19426
Average actions of users: 19.186718146718146
The number of items: 15510
Average actions of items: 24.03133664323941
The number of inters: 372702
The sparsity of the dataset: 99.87630089964973%
Remain Fields: ['entity_id', 'user_id', 'item_id', 'head_id', 'relation_id', 'tail_id']
The number of entities: 50666
The number of relations: 7
The number of triples: 46827
The number of items that have been linked to KG: 15509
Wed 27 Mar 2024 15:00:18 INFO  [Training]: train_batch_size = [4096] train_neg_sample_args: [{'distribution': 'uniform', 'sample_num': 1, 'dynamic': False, 'candidate_num': 0, 'alpha': 1.0}]
Wed 27 Mar 2024 15:00:18 INFO  [Evaluation]: eval_batch_size = [1024] eval_args: [{'split': {'RS': [0.8, 0.1, 0.1]}, 'order': 'RO', 'group_by': 'user', 'mode': {'valid': 'full', 'test': 'full'}}]
Wed 27 Mar 2024 15:00:18 INFO  CFKG(
  (user_embedding): Embedding(19426, 64)
  (entity_embedding): Embedding(50666, 64)
  (relation_embedding): Embedding(8, 64)
  (rec_loss): InnerProductLoss()
)
Trainable parameters: 4486400
Wed 27 Mar 2024 15:00:18 INFO  FLOPs: 128.0
Wed 27 Mar 2024 15:00:20 INFO  epoch 0 training [time: 2.07s, train loss: 94.6955]
Wed 27 Mar 2024 15:01:51 INFO  epoch 0 evaluating [time: 90.62s, valid_score: 0.047700]
Wed 27 Mar 2024 15:01:51 INFO  valid result: 
recall@10 : 0.1272    mrr@10 : 0.0477    ndcg@10 : 0.0583    hit@10 : 0.203    map@10 : 0.0289    precision@10 : 0.0229    gauc : 0.9125    itemcoverage@10 : 0.0022    averagepopularity@10 : 2441.0975    giniindex@10 : 0.9992    shannonentropy@10 : 0.078    tailpercentage@10 : 0.0
Wed 27 Mar 2024 15:01:52 INFO  Saving current: saved/LFM-1b_artist_20U50I/CFKG/CFKG-Mar-27-2024_15-00-18.pth
Wed 27 Mar 2024 15:01:52 INFO  Loading model structure and parameters from saved/LFM-1b_artist_20U50I/CFKG/CFKG-Mar-27-2024_15-00-18.pth
Wed 27 Mar 2024 15:03:29 INFO  The running environment of this training is as follows:
+-------------+----------------+
| Environment |     Usage      |
+=============+================+
| CPU         |     0.20 %     |
+-------------+----------------+
| GPU         | 0.34 G/15.57 G |
+-------------+----------------+
| Memory      | 1.65 G/27.41 G |
+-------------+----------------+
Wed 27 Mar 2024 15:03:29 INFO  best valid : OrderedDict([('recall@10', 0.1272), ('mrr@10', 0.0477), ('ndcg@10', 0.0583), ('hit@10', 0.203), ('map@10', 0.0289), ('precision@10', 0.0229), ('gauc', 0.9125), ('itemcoverage@10', 0.0022), ('averagepopularity@10', 2441.0975), ('giniindex@10', 0.9992), ('shannonentropy@10', 0.078), ('tailpercentage@10', 0.0)])
Wed 27 Mar 2024 15:03:29 INFO  test result: OrderedDict([('recall@10', 0.1258), ('mrr@10', 0.0471), ('ndcg@10', 0.0576), ('hit@10', 0.1973), ('map@10', 0.0287), ('precision@10', 0.0225), ('gauc', 0.9146), ('itemcoverage@10', 0.0026), ('averagepopularity@10', 2424.7063), ('giniindex@10', 0.9992), ('shannonentropy@10', 0.0654), ('tailpercentage@10', 0.0)])
Wed 27 Mar 2024 15:03:31 INFO  
General Hyper Parameters:
gpu_id = 0
use_gpu = True
seed = 42
state = INFO
reproducibility = True
data_path = data/LFM-1b_artist_20U50I
checkpoint_dir = saved/LFM-1b_artist_20U50I/CFKG
show_progress = True
save_dataset = False
dataset_save_path = None
save_dataloaders = False
dataloaders_save_path = None
log_wandb = False

Training Hyper Parameters:
epochs = 1
train_batch_size = 4096
learner = adam
learning_rate = 0.001
train_neg_sample_args = {'distribution': 'uniform', 'sample_num': 1, 'dynamic': False, 'candidate_num': 0, 'alpha': 1.0}
eval_step = 1
stopping_step = 10
clip_grad_norm = None
weight_decay = 0.0
loss_decimal_place = 4

Evaluation Hyper Parameters:
eval_args = {'split': {'RS': [0.8, 0.1, 0.1]}, 'order': 'RO', 'group_by': 'user', 'mode': {'valid': 'full', 'test': 'full'}}
repeatable = False
metrics = ['Recall', 'MRR', 'NDCG', 'Hit', 'MAP', 'Precision', 'GAUC', 'ItemCoverage', 'AveragePopularity', 'GiniIndex', 'ShannonEntropy', 'TailPercentage']
topk = [10]
valid_metric = MRR@10
valid_metric_bigger = True
eval_batch_size = 1024
metric_decimal_place = 4

Dataset Hyper Parameters:
field_separator = 	
seq_separator =  
USER_ID_FIELD = user_id
ITEM_ID_FIELD = item_id
RATING_FIELD = rating
TIME_FIELD = timestamp
seq_len = None
LABEL_FIELD = label
threshold = None
NEG_PREFIX = neg_
load_col = {'inter': ['user_id', 'item_id', 'rating', 'timestamp'], 'kg': ['head_id', 'relation_id', 'tail_id'], 'link': ['item_id', 'entity_id']}
unload_col = None
unused_col = None
additional_feat_suffix = None
rm_dup_inter = None
val_interval = None
filter_inter_by_user_or_item = True
user_inter_num_interval = [0,inf)
item_inter_num_interval = [0,inf)
alias_of_user_id = None
alias_of_item_id = None
alias_of_entity_id = None
alias_of_relation_id = None
preload_weight = None
normalize_field = None
normalize_all = None
ITEM_LIST_LENGTH_FIELD = item_length
LIST_SUFFIX = _list
MAX_ITEM_LIST_LENGTH = 50
POSITION_FIELD = position_id
HEAD_ENTITY_ID_FIELD = head_id
TAIL_ENTITY_ID_FIELD = tail_id
RELATION_ID_FIELD = relation_id
ENTITY_ID_FIELD = entity_id
benchmark_filename = None

Other Hyper Parameters: 
worker = 0
wandb_project = recbole
shuffle = True
require_pow = False
enable_amp = False
enable_scaler = False
transform = None
embedding_size = 64
loss_function = inner_product
margin = 1.0
numerical_features = []
discretization = None
kg_reverse_r = False
entity_kg_num_interval = [0,inf)
relation_kg_num_interval = [0,inf)
MODEL_TYPE = ModelType.KNOWLEDGE
encoding = utf-8
device = cuda
my_log_file = /mnt/batch/tasks/shared/LS_root/mounts/clusters/fontanagpu/code/sustainability-of-recsys/log/carbon_default.log
MODEL_INPUT_TYPE = InputType.PAIRWISE
eval_type = EvaluatorType.RANKING
single_spec = True
local_rank = 0
valid_neg_sample_args = {'distribution': 'uniform', 'sample_num': 'none'}
test_neg_sample_args = {'distribution': 'uniform', 'sample_num': 'none'}


Wed 27 Mar 2024 15:03:39 INFO  LFM-1b_artist_20U50I
The number of users: 19426
Average actions of users: 19.186718146718146
The number of items: 15510
Average actions of items: 24.03133664323941
The number of inters: 372702
The sparsity of the dataset: 99.87630089964973%
Remain Fields: ['entity_id', 'user_id', 'item_id', 'head_id', 'relation_id', 'tail_id']
The number of entities: 50666
The number of relations: 7
The number of triples: 46827
The number of items that have been linked to KG: 15509
Wed 27 Mar 2024 15:03:40 INFO  [Training]: train_batch_size = [4096] train_neg_sample_args: [{'distribution': 'uniform', 'sample_num': 1, 'dynamic': False, 'candidate_num': 0, 'alpha': 1.0}]
Wed 27 Mar 2024 15:03:40 INFO  [Evaluation]: eval_batch_size = [1024] eval_args: [{'split': {'RS': [0.8, 0.1, 0.1]}, 'order': 'RO', 'group_by': 'user', 'mode': {'valid': 'full', 'test': 'full'}}]
Wed 27 Mar 2024 15:03:41 INFO  Loading model structure and parameters from saved/LFM-1b_artist_20U50I/CFKG/CFKG-Mar-27-2024_15-00-18.pth
Wed 27 Mar 2024 15:05:04 INFO  ['src/default_tracker.py']
Wed 27 Mar 2024 15:05:04 INFO  
General Hyper Parameters:
gpu_id = 0
use_gpu = True
seed = 42
state = INFO
reproducibility = True
data_path = data/LFM-1b_artist_20U50I
checkpoint_dir = saved/LFM-1b_artist_20U50I/KGCN
show_progress = True
save_dataset = False
dataset_save_path = None
save_dataloaders = False
dataloaders_save_path = None
log_wandb = False

Training Hyper Parameters:
epochs = 1
train_batch_size = 4096
learner = adam
learning_rate = 0.001
train_neg_sample_args = {'distribution': 'uniform', 'sample_num': 1, 'dynamic': False, 'candidate_num': 0, 'alpha': 1.0}
eval_step = 1
stopping_step = 10
clip_grad_norm = None
weight_decay = 0.0
loss_decimal_place = 4

Evaluation Hyper Parameters:
eval_args = {'split': {'RS': [0.8, 0.1, 0.1]}, 'order': 'RO', 'group_by': 'user', 'mode': {'valid': 'full', 'test': 'full'}}
repeatable = False
metrics = ['Recall', 'MRR', 'NDCG', 'Hit', 'MAP', 'Precision', 'GAUC', 'ItemCoverage', 'AveragePopularity', 'GiniIndex', 'ShannonEntropy', 'TailPercentage']
topk = [10]
valid_metric = MRR@10
valid_metric_bigger = True
eval_batch_size = 1024
metric_decimal_place = 4

Dataset Hyper Parameters:
field_separator = 	
seq_separator =  
USER_ID_FIELD = user_id
ITEM_ID_FIELD = item_id
RATING_FIELD = rating
TIME_FIELD = timestamp
seq_len = None
LABEL_FIELD = label
threshold = None
NEG_PREFIX = neg_
load_col = {'inter': ['user_id', 'item_id', 'rating', 'timestamp'], 'kg': ['head_id', 'relation_id', 'tail_id'], 'link': ['item_id', 'entity_id']}
unload_col = None
unused_col = None
additional_feat_suffix = None
rm_dup_inter = None
val_interval = None
filter_inter_by_user_or_item = True
user_inter_num_interval = [0,inf)
item_inter_num_interval = [0,inf)
alias_of_user_id = None
alias_of_item_id = None
alias_of_entity_id = None
alias_of_relation_id = None
preload_weight = None
normalize_field = None
normalize_all = None
ITEM_LIST_LENGTH_FIELD = item_length
LIST_SUFFIX = _list
MAX_ITEM_LIST_LENGTH = 50
POSITION_FIELD = position_id
HEAD_ENTITY_ID_FIELD = head_id
TAIL_ENTITY_ID_FIELD = tail_id
RELATION_ID_FIELD = relation_id
ENTITY_ID_FIELD = entity_id
benchmark_filename = None

Other Hyper Parameters: 
worker = 0
wandb_project = recbole
shuffle = True
require_pow = False
enable_amp = False
enable_scaler = False
transform = None
embedding_size = 64
n_iter = 1
aggregator = sum
reg_weight = 1e-07
neighbor_sample_size = 4
numerical_features = []
discretization = None
kg_reverse_r = False
entity_kg_num_interval = [0,inf)
relation_kg_num_interval = [0,inf)
MODEL_TYPE = ModelType.KNOWLEDGE
encoding = utf-8
device = cuda
my_log_file = /mnt/batch/tasks/shared/LS_root/mounts/clusters/fontanagpu/code/sustainability-of-recsys/log/carbon_default.log
MODEL_INPUT_TYPE = InputType.PAIRWISE
eval_type = EvaluatorType.RANKING
single_spec = True
local_rank = 0
valid_neg_sample_args = {'distribution': 'uniform', 'sample_num': 'none'}
test_neg_sample_args = {'distribution': 'uniform', 'sample_num': 'none'}


Wed 27 Mar 2024 15:05:12 INFO  LFM-1b_artist_20U50I
The number of users: 19426
Average actions of users: 19.186718146718146
The number of items: 15510
Average actions of items: 24.03133664323941
The number of inters: 372702
The sparsity of the dataset: 99.87630089964973%
Remain Fields: ['entity_id', 'user_id', 'item_id', 'head_id', 'relation_id', 'tail_id']
The number of entities: 50666
The number of relations: 7
The number of triples: 46827
The number of items that have been linked to KG: 15509
Wed 27 Mar 2024 15:05:13 INFO  [Training]: train_batch_size = [4096] train_neg_sample_args: [{'distribution': 'uniform', 'sample_num': 1, 'dynamic': False, 'candidate_num': 0, 'alpha': 1.0}]
Wed 27 Mar 2024 15:05:13 INFO  [Evaluation]: eval_batch_size = [1024] eval_args: [{'split': {'RS': [0.8, 0.1, 0.1]}, 'order': 'RO', 'group_by': 'user', 'mode': {'valid': 'full', 'test': 'full'}}]
Wed 27 Mar 2024 15:05:15 INFO  KGCN(
  (user_embedding): Embedding(19426, 64)
  (entity_embedding): Embedding(50666, 64)
  (relation_embedding): Embedding(8, 64)
  (softmax): Softmax(dim=-1)
  (linear_layers): ModuleList(
    (0): Linear(in_features=64, out_features=64, bias=True)
  )
  (ReLU): ReLU()
  (Tanh): Tanh()
  (bce_loss): BCEWithLogitsLoss()
  (l2_loss): EmbLoss()
)
Trainable parameters: 4490560
Wed 27 Mar 2024 15:05:15 INFO  FLOPs: 4747.0
Wed 27 Mar 2024 15:05:19 INFO  epoch 0 training [time: 3.28s, train loss: 50.5059]
Wed 27 Mar 2024 15:08:17 INFO  epoch 0 evaluating [time: 178.75s, valid_score: 0.099500]
Wed 27 Mar 2024 15:08:17 INFO  valid result: 
recall@10 : 0.1612    mrr@10 : 0.0995    ndcg@10 : 0.094    hit@10 : 0.248    map@10 : 0.0598    precision@10 : 0.0285    gauc : 0.893    itemcoverage@10 : 0.1132    averagepopularity@10 : 2956.8201    giniindex@10 : 0.9975    shannonentropy@10 : 0.0018    tailpercentage@10 : 0.0051
Wed 27 Mar 2024 15:08:18 INFO  Saving current: saved/LFM-1b_artist_20U50I/KGCN/KGCN-Mar-27-2024_15-05-15.pth
Wed 27 Mar 2024 15:08:18 INFO  Loading model structure and parameters from saved/LFM-1b_artist_20U50I/KGCN/KGCN-Mar-27-2024_15-05-15.pth
Wed 27 Mar 2024 15:11:18 INFO  The running environment of this training is as follows:
+-------------+----------------+
| Environment |     Usage      |
+=============+================+
| CPU         |     0.00 %     |
+-------------+----------------+
| GPU         | 0.34 G/15.57 G |
+-------------+----------------+
| Memory      | 1.70 G/27.41 G |
+-------------+----------------+
Wed 27 Mar 2024 15:11:18 INFO  best valid : OrderedDict([('recall@10', 0.1612), ('mrr@10', 0.0995), ('ndcg@10', 0.094), ('hit@10', 0.248), ('map@10', 0.0598), ('precision@10', 0.0285), ('gauc', 0.893), ('itemcoverage@10', 0.1132), ('averagepopularity@10', 2956.8201), ('giniindex@10', 0.9975), ('shannonentropy@10', 0.0018), ('tailpercentage@10', 0.0051)])
Wed 27 Mar 2024 15:11:18 INFO  test result: OrderedDict([('recall@10', 0.1641), ('mrr@10', 0.1014), ('ndcg@10', 0.0961), ('hit@10', 0.2485), ('map@10', 0.0615), ('precision@10', 0.0289), ('gauc', 0.8902), ('itemcoverage@10', 0.1356), ('averagepopularity@10', 2892.9289), ('giniindex@10', 0.9968), ('shannonentropy@10', 0.0015), ('tailpercentage@10', 0.0067)])
Wed 27 Mar 2024 15:11:19 INFO  
General Hyper Parameters:
gpu_id = 0
use_gpu = True
seed = 42
state = INFO
reproducibility = True
data_path = data/LFM-1b_artist_20U50I
checkpoint_dir = saved/LFM-1b_artist_20U50I/KGCN
show_progress = True
save_dataset = False
dataset_save_path = None
save_dataloaders = False
dataloaders_save_path = None
log_wandb = False

Training Hyper Parameters:
epochs = 1
train_batch_size = 4096
learner = adam
learning_rate = 0.001
train_neg_sample_args = {'distribution': 'uniform', 'sample_num': 1, 'dynamic': False, 'candidate_num': 0, 'alpha': 1.0}
eval_step = 1
stopping_step = 10
clip_grad_norm = None
weight_decay = 0.0
loss_decimal_place = 4

Evaluation Hyper Parameters:
eval_args = {'split': {'RS': [0.8, 0.1, 0.1]}, 'order': 'RO', 'group_by': 'user', 'mode': {'valid': 'full', 'test': 'full'}}
repeatable = False
metrics = ['Recall', 'MRR', 'NDCG', 'Hit', 'MAP', 'Precision', 'GAUC', 'ItemCoverage', 'AveragePopularity', 'GiniIndex', 'ShannonEntropy', 'TailPercentage']
topk = [10]
valid_metric = MRR@10
valid_metric_bigger = True
eval_batch_size = 1024
metric_decimal_place = 4

Dataset Hyper Parameters:
field_separator = 	
seq_separator =  
USER_ID_FIELD = user_id
ITEM_ID_FIELD = item_id
RATING_FIELD = rating
TIME_FIELD = timestamp
seq_len = None
LABEL_FIELD = label
threshold = None
NEG_PREFIX = neg_
load_col = {'inter': ['user_id', 'item_id', 'rating', 'timestamp'], 'kg': ['head_id', 'relation_id', 'tail_id'], 'link': ['item_id', 'entity_id']}
unload_col = None
unused_col = None
additional_feat_suffix = None
rm_dup_inter = None
val_interval = None
filter_inter_by_user_or_item = True
user_inter_num_interval = [0,inf)
item_inter_num_interval = [0,inf)
alias_of_user_id = None
alias_of_item_id = None
alias_of_entity_id = None
alias_of_relation_id = None
preload_weight = None
normalize_field = None
normalize_all = None
ITEM_LIST_LENGTH_FIELD = item_length
LIST_SUFFIX = _list
MAX_ITEM_LIST_LENGTH = 50
POSITION_FIELD = position_id
HEAD_ENTITY_ID_FIELD = head_id
TAIL_ENTITY_ID_FIELD = tail_id
RELATION_ID_FIELD = relation_id
ENTITY_ID_FIELD = entity_id
benchmark_filename = None

Other Hyper Parameters: 
worker = 0
wandb_project = recbole
shuffle = True
require_pow = False
enable_amp = False
enable_scaler = False
transform = None
embedding_size = 64
n_iter = 1
aggregator = sum
reg_weight = 1e-07
neighbor_sample_size = 4
numerical_features = []
discretization = None
kg_reverse_r = False
entity_kg_num_interval = [0,inf)
relation_kg_num_interval = [0,inf)
MODEL_TYPE = ModelType.KNOWLEDGE
encoding = utf-8
device = cuda
my_log_file = /mnt/batch/tasks/shared/LS_root/mounts/clusters/fontanagpu/code/sustainability-of-recsys/log/carbon_default.log
MODEL_INPUT_TYPE = InputType.PAIRWISE
eval_type = EvaluatorType.RANKING
single_spec = True
local_rank = 0
valid_neg_sample_args = {'distribution': 'uniform', 'sample_num': 'none'}
test_neg_sample_args = {'distribution': 'uniform', 'sample_num': 'none'}


Wed 27 Mar 2024 15:11:27 INFO  LFM-1b_artist_20U50I
The number of users: 19426
Average actions of users: 19.186718146718146
The number of items: 15510
Average actions of items: 24.03133664323941
The number of inters: 372702
The sparsity of the dataset: 99.87630089964973%
Remain Fields: ['entity_id', 'user_id', 'item_id', 'head_id', 'relation_id', 'tail_id']
The number of entities: 50666
The number of relations: 7
The number of triples: 46827
The number of items that have been linked to KG: 15509
Wed 27 Mar 2024 15:11:29 INFO  [Training]: train_batch_size = [4096] train_neg_sample_args: [{'distribution': 'uniform', 'sample_num': 1, 'dynamic': False, 'candidate_num': 0, 'alpha': 1.0}]
Wed 27 Mar 2024 15:11:29 INFO  [Evaluation]: eval_batch_size = [1024] eval_args: [{'split': {'RS': [0.8, 0.1, 0.1]}, 'order': 'RO', 'group_by': 'user', 'mode': {'valid': 'full', 'test': 'full'}}]
Wed 27 Mar 2024 15:11:32 INFO  Loading model structure and parameters from saved/LFM-1b_artist_20U50I/KGCN/KGCN-Mar-27-2024_15-05-15.pth
Wed 27 Mar 2024 15:14:13 INFO  ['src/default_tracker.py']
Wed 27 Mar 2024 15:14:13 INFO  
General Hyper Parameters:
gpu_id = 0
use_gpu = True
seed = 42
state = INFO
reproducibility = True
data_path = data/LFM-1b_artist_20U50I
checkpoint_dir = saved/LFM-1b_artist_20U50I/KGIN
show_progress = True
save_dataset = False
dataset_save_path = None
save_dataloaders = False
dataloaders_save_path = None
log_wandb = False

Training Hyper Parameters:
epochs = 1
train_batch_size = 4096
learner = adam
learning_rate = 0.001
train_neg_sample_args = {'distribution': 'uniform', 'sample_num': 1, 'dynamic': False, 'candidate_num': 0, 'alpha': 1.0}
eval_step = 1
stopping_step = 10
clip_grad_norm = None
weight_decay = 0.0
loss_decimal_place = 4

Evaluation Hyper Parameters:
eval_args = {'split': {'RS': [0.8, 0.1, 0.1]}, 'order': 'RO', 'group_by': 'user', 'mode': {'valid': 'full', 'test': 'full'}}
repeatable = False
metrics = ['Recall', 'MRR', 'NDCG', 'Hit', 'MAP', 'Precision', 'GAUC', 'ItemCoverage', 'AveragePopularity', 'GiniIndex', 'ShannonEntropy', 'TailPercentage']
topk = [10]
valid_metric = MRR@10
valid_metric_bigger = True
eval_batch_size = 1024
metric_decimal_place = 4

Dataset Hyper Parameters:
field_separator = 	
seq_separator =  
USER_ID_FIELD = user_id
ITEM_ID_FIELD = item_id
RATING_FIELD = rating
TIME_FIELD = timestamp
seq_len = None
LABEL_FIELD = label
threshold = None
NEG_PREFIX = neg_
load_col = {'inter': ['user_id', 'item_id', 'rating', 'timestamp'], 'kg': ['head_id', 'relation_id', 'tail_id'], 'link': ['item_id', 'entity_id']}
unload_col = None
unused_col = None
additional_feat_suffix = None
rm_dup_inter = None
val_interval = None
filter_inter_by_user_or_item = True
user_inter_num_interval = [0,inf)
item_inter_num_interval = [0,inf)
alias_of_user_id = None
alias_of_item_id = None
alias_of_entity_id = None
alias_of_relation_id = None
preload_weight = None
normalize_field = None
normalize_all = None
ITEM_LIST_LENGTH_FIELD = item_length
LIST_SUFFIX = _list
MAX_ITEM_LIST_LENGTH = 50
POSITION_FIELD = position_id
HEAD_ENTITY_ID_FIELD = head_id
TAIL_ENTITY_ID_FIELD = tail_id
RELATION_ID_FIELD = relation_id
ENTITY_ID_FIELD = entity_id
benchmark_filename = None

Other Hyper Parameters: 
worker = 0
wandb_project = recbole
shuffle = True
require_pow = False
enable_amp = False
enable_scaler = False
transform = None
embedding_size = 64
reg_weight = 1e-05
node_dropout_rate = 0.5
mess_dropout_rate = 0.0
sim_regularity = 0.0001
context_hops = 2
n_factors = 4
ind = cosine
temperature = 0.2
numerical_features = []
discretization = None
kg_reverse_r = False
entity_kg_num_interval = [0,inf)
relation_kg_num_interval = [0,inf)
MODEL_TYPE = ModelType.KNOWLEDGE
encoding = utf-8
device = cuda
my_log_file = /mnt/batch/tasks/shared/LS_root/mounts/clusters/fontanagpu/code/sustainability-of-recsys/log/carbon_default.log
MODEL_INPUT_TYPE = InputType.PAIRWISE
eval_type = EvaluatorType.RANKING
single_spec = True
local_rank = 0
valid_neg_sample_args = {'distribution': 'uniform', 'sample_num': 'none'}
test_neg_sample_args = {'distribution': 'uniform', 'sample_num': 'none'}


Wed 27 Mar 2024 15:14:21 INFO  LFM-1b_artist_20U50I
The number of users: 19426
Average actions of users: 19.186718146718146
The number of items: 15510
Average actions of items: 24.03133664323941
The number of inters: 372702
The sparsity of the dataset: 99.87630089964973%
Remain Fields: ['entity_id', 'user_id', 'item_id', 'head_id', 'relation_id', 'tail_id']
The number of entities: 50666
The number of relations: 7
The number of triples: 46827
The number of items that have been linked to KG: 15509
Wed 27 Mar 2024 15:14:23 INFO  [Training]: train_batch_size = [4096] train_neg_sample_args: [{'distribution': 'uniform', 'sample_num': 1, 'dynamic': False, 'candidate_num': 0, 'alpha': 1.0}]
Wed 27 Mar 2024 15:14:23 INFO  [Evaluation]: eval_batch_size = [1024] eval_args: [{'split': {'RS': [0.8, 0.1, 0.1]}, 'order': 'RO', 'group_by': 'user', 'mode': {'valid': 'full', 'test': 'full'}}]
Wed 27 Mar 2024 15:14:26 INFO  KGIN(
  (user_embedding): Embedding(19426, 64)
  (entity_embedding): Embedding(50666, 64)
  (latent_embedding): Embedding(4, 64)
  (gcn): GraphConv(
    (relation_embedding): Embedding(7, 64)
    (convs): ModuleList(
      (0-1): 2 x Aggregator()
    )
    (node_dropout): SparseDropout()
    (mess_dropout): Dropout(p=0.0, inplace=False)
  )
  (mf_loss): BPRLoss()
  (reg_loss): EmbLoss()
)
Trainable parameters: 4486620
Wed 27 Mar 2024 15:14:29 INFO  ['src/default_tracker.py']
Wed 27 Mar 2024 15:14:29 INFO  
General Hyper Parameters:
gpu_id = 0
use_gpu = True
seed = 42
state = INFO
reproducibility = True
data_path = data/LFM-1b_artist_20U50I
checkpoint_dir = saved/LFM-1b_artist_20U50I/KGNNLS
show_progress = True
save_dataset = False
dataset_save_path = None
save_dataloaders = False
dataloaders_save_path = None
log_wandb = False

Training Hyper Parameters:
epochs = 1
train_batch_size = 4096
learner = adam
learning_rate = 0.001
train_neg_sample_args = {'distribution': 'uniform', 'sample_num': 1, 'dynamic': False, 'candidate_num': 0, 'alpha': 1.0}
eval_step = 1
stopping_step = 10
clip_grad_norm = None
weight_decay = 0.0
loss_decimal_place = 4

Evaluation Hyper Parameters:
eval_args = {'split': {'RS': [0.8, 0.1, 0.1]}, 'order': 'RO', 'group_by': 'user', 'mode': {'valid': 'full', 'test': 'full'}}
repeatable = False
metrics = ['Recall', 'MRR', 'NDCG', 'Hit', 'MAP', 'Precision', 'GAUC', 'ItemCoverage', 'AveragePopularity', 'GiniIndex', 'ShannonEntropy', 'TailPercentage']
topk = [10]
valid_metric = MRR@10
valid_metric_bigger = True
eval_batch_size = 1024
metric_decimal_place = 4

Dataset Hyper Parameters:
field_separator = 	
seq_separator =  
USER_ID_FIELD = user_id
ITEM_ID_FIELD = item_id
RATING_FIELD = rating
TIME_FIELD = timestamp
seq_len = None
LABEL_FIELD = label
threshold = None
NEG_PREFIX = neg_
load_col = {'inter': ['user_id', 'item_id', 'rating', 'timestamp'], 'kg': ['head_id', 'relation_id', 'tail_id'], 'link': ['item_id', 'entity_id']}
unload_col = None
unused_col = None
additional_feat_suffix = None
rm_dup_inter = None
val_interval = None
filter_inter_by_user_or_item = True
user_inter_num_interval = [0,inf)
item_inter_num_interval = [0,inf)
alias_of_user_id = None
alias_of_item_id = None
alias_of_entity_id = None
alias_of_relation_id = None
preload_weight = None
normalize_field = None
normalize_all = None
ITEM_LIST_LENGTH_FIELD = item_length
LIST_SUFFIX = _list
MAX_ITEM_LIST_LENGTH = 50
POSITION_FIELD = position_id
HEAD_ENTITY_ID_FIELD = head_id
TAIL_ENTITY_ID_FIELD = tail_id
RELATION_ID_FIELD = relation_id
ENTITY_ID_FIELD = entity_id
benchmark_filename = None

Other Hyper Parameters: 
worker = 0
wandb_project = recbole
shuffle = True
require_pow = False
enable_amp = False
enable_scaler = False
transform = None
embedding_size = 64
n_iter = 1
aggregator = sum
reg_weight = 1e-07
neighbor_sample_size = 4
ls_weight = 0.5
numerical_features = []
discretization = None
kg_reverse_r = False
entity_kg_num_interval = [0,inf)
relation_kg_num_interval = [0,inf)
MODEL_TYPE = ModelType.KNOWLEDGE
encoding = utf-8
device = cuda
my_log_file = /mnt/batch/tasks/shared/LS_root/mounts/clusters/fontanagpu/code/sustainability-of-recsys/log/carbon_default.log
MODEL_INPUT_TYPE = InputType.PAIRWISE
eval_type = EvaluatorType.RANKING
single_spec = True
local_rank = 0
valid_neg_sample_args = {'distribution': 'uniform', 'sample_num': 'none'}
test_neg_sample_args = {'distribution': 'uniform', 'sample_num': 'none'}


Wed 27 Mar 2024 15:14:37 INFO  LFM-1b_artist_20U50I
The number of users: 19426
Average actions of users: 19.186718146718146
The number of items: 15510
Average actions of items: 24.03133664323941
The number of inters: 372702
The sparsity of the dataset: 99.87630089964973%
Remain Fields: ['entity_id', 'user_id', 'item_id', 'head_id', 'relation_id', 'tail_id']
The number of entities: 50666
The number of relations: 7
The number of triples: 46827
The number of items that have been linked to KG: 15509
Wed 27 Mar 2024 15:14:39 INFO  [Training]: train_batch_size = [4096] train_neg_sample_args: [{'distribution': 'uniform', 'sample_num': 1, 'dynamic': False, 'candidate_num': 0, 'alpha': 1.0}]
Wed 27 Mar 2024 15:14:39 INFO  [Evaluation]: eval_batch_size = [1024] eval_args: [{'split': {'RS': [0.8, 0.1, 0.1]}, 'order': 'RO', 'group_by': 'user', 'mode': {'valid': 'full', 'test': 'full'}}]
Wed 27 Mar 2024 15:14:41 INFO  KGNNLS(
  (user_embedding): Embedding(19426, 64)
  (entity_embedding): Embedding(50666, 64)
  (relation_embedding): Embedding(8, 64)
  (softmax): Softmax(dim=-1)
  (linear_layers): ModuleList(
    (0): Linear(in_features=64, out_features=64, bias=True)
  )
  (ReLU): ReLU()
  (Tanh): Tanh()
  (bce_loss): BCEWithLogitsLoss()
  (l2_loss): EmbLoss()
)
Trainable parameters: 4490560
Wed 27 Mar 2024 15:14:42 INFO  FLOPs: 4747.0
Wed 27 Mar 2024 15:14:46 INFO  epoch 0 training [time: 4.45s, train loss: 76.2245]
Wed 27 Mar 2024 15:18:04 INFO  epoch 0 evaluating [time: 197.08s, valid_score: 0.099500]
Wed 27 Mar 2024 15:18:04 INFO  valid result: 
recall@10 : 0.1612    mrr@10 : 0.0995    ndcg@10 : 0.094    hit@10 : 0.248    map@10 : 0.0598    precision@10 : 0.0285    gauc : 0.893    itemcoverage@10 : 0.1132    averagepopularity@10 : 2956.8201    giniindex@10 : 0.9975    shannonentropy@10 : 0.0018    tailpercentage@10 : 0.0051
Wed 27 Mar 2024 15:18:04 INFO  Saving current: saved/LFM-1b_artist_20U50I/KGNNLS/KGNNLS-Mar-27-2024_15-14-42.pth
Wed 27 Mar 2024 15:18:04 INFO  Loading model structure and parameters from saved/LFM-1b_artist_20U50I/KGNNLS/KGNNLS-Mar-27-2024_15-14-42.pth
Wed 27 Mar 2024 15:21:33 INFO  The running environment of this training is as follows:
+-------------+----------------+
| Environment |     Usage      |
+=============+================+
| CPU         |     0.70 %     |
+-------------+----------------+
| GPU         | 0.34 G/15.57 G |
+-------------+----------------+
| Memory      | 1.84 G/27.41 G |
+-------------+----------------+
Wed 27 Mar 2024 15:21:33 INFO  best valid : OrderedDict([('recall@10', 0.1612), ('mrr@10', 0.0995), ('ndcg@10', 0.094), ('hit@10', 0.248), ('map@10', 0.0598), ('precision@10', 0.0285), ('gauc', 0.893), ('itemcoverage@10', 0.1132), ('averagepopularity@10', 2956.8201), ('giniindex@10', 0.9975), ('shannonentropy@10', 0.0018), ('tailpercentage@10', 0.0051)])
Wed 27 Mar 2024 15:21:33 INFO  test result: OrderedDict([('recall@10', 0.1641), ('mrr@10', 0.1014), ('ndcg@10', 0.0961), ('hit@10', 0.2485), ('map@10', 0.0615), ('precision@10', 0.0289), ('gauc', 0.8902), ('itemcoverage@10', 0.1356), ('averagepopularity@10', 2892.9289), ('giniindex@10', 0.9968), ('shannonentropy@10', 0.0015), ('tailpercentage@10', 0.0067)])
Wed 27 Mar 2024 15:21:35 INFO  
General Hyper Parameters:
gpu_id = 0
use_gpu = True
seed = 42
state = INFO
reproducibility = True
data_path = data/LFM-1b_artist_20U50I
checkpoint_dir = saved/LFM-1b_artist_20U50I/KGNNLS
show_progress = True
save_dataset = False
dataset_save_path = None
save_dataloaders = False
dataloaders_save_path = None
log_wandb = False

Training Hyper Parameters:
epochs = 1
train_batch_size = 4096
learner = adam
learning_rate = 0.001
train_neg_sample_args = {'distribution': 'uniform', 'sample_num': 1, 'dynamic': False, 'candidate_num': 0, 'alpha': 1.0}
eval_step = 1
stopping_step = 10
clip_grad_norm = None
weight_decay = 0.0
loss_decimal_place = 4

Evaluation Hyper Parameters:
eval_args = {'split': {'RS': [0.8, 0.1, 0.1]}, 'order': 'RO', 'group_by': 'user', 'mode': {'valid': 'full', 'test': 'full'}}
repeatable = False
metrics = ['Recall', 'MRR', 'NDCG', 'Hit', 'MAP', 'Precision', 'GAUC', 'ItemCoverage', 'AveragePopularity', 'GiniIndex', 'ShannonEntropy', 'TailPercentage']
topk = [10]
valid_metric = MRR@10
valid_metric_bigger = True
eval_batch_size = 1024
metric_decimal_place = 4

Dataset Hyper Parameters:
field_separator = 	
seq_separator =  
USER_ID_FIELD = user_id
ITEM_ID_FIELD = item_id
RATING_FIELD = rating
TIME_FIELD = timestamp
seq_len = None
LABEL_FIELD = label
threshold = None
NEG_PREFIX = neg_
load_col = {'inter': ['user_id', 'item_id', 'rating', 'timestamp'], 'kg': ['head_id', 'relation_id', 'tail_id'], 'link': ['item_id', 'entity_id']}
unload_col = None
unused_col = None
additional_feat_suffix = None
rm_dup_inter = None
val_interval = None
filter_inter_by_user_or_item = True
user_inter_num_interval = [0,inf)
item_inter_num_interval = [0,inf)
alias_of_user_id = None
alias_of_item_id = None
alias_of_entity_id = None
alias_of_relation_id = None
preload_weight = None
normalize_field = None
normalize_all = None
ITEM_LIST_LENGTH_FIELD = item_length
LIST_SUFFIX = _list
MAX_ITEM_LIST_LENGTH = 50
POSITION_FIELD = position_id
HEAD_ENTITY_ID_FIELD = head_id
TAIL_ENTITY_ID_FIELD = tail_id
RELATION_ID_FIELD = relation_id
ENTITY_ID_FIELD = entity_id
benchmark_filename = None

Other Hyper Parameters: 
worker = 0
wandb_project = recbole
shuffle = True
require_pow = False
enable_amp = False
enable_scaler = False
transform = None
embedding_size = 64
n_iter = 1
aggregator = sum
reg_weight = 1e-07
neighbor_sample_size = 4
ls_weight = 0.5
numerical_features = []
discretization = None
kg_reverse_r = False
entity_kg_num_interval = [0,inf)
relation_kg_num_interval = [0,inf)
MODEL_TYPE = ModelType.KNOWLEDGE
encoding = utf-8
device = cuda
my_log_file = /mnt/batch/tasks/shared/LS_root/mounts/clusters/fontanagpu/code/sustainability-of-recsys/log/carbon_default.log
MODEL_INPUT_TYPE = InputType.PAIRWISE
eval_type = EvaluatorType.RANKING
single_spec = True
local_rank = 0
valid_neg_sample_args = {'distribution': 'uniform', 'sample_num': 'none'}
test_neg_sample_args = {'distribution': 'uniform', 'sample_num': 'none'}


Wed 27 Mar 2024 15:21:43 INFO  LFM-1b_artist_20U50I
The number of users: 19426
Average actions of users: 19.186718146718146
The number of items: 15510
Average actions of items: 24.03133664323941
The number of inters: 372702
The sparsity of the dataset: 99.87630089964973%
Remain Fields: ['entity_id', 'user_id', 'item_id', 'head_id', 'relation_id', 'tail_id']
The number of entities: 50666
The number of relations: 7
The number of triples: 46827
The number of items that have been linked to KG: 15509
Wed 27 Mar 2024 15:21:45 INFO  [Training]: train_batch_size = [4096] train_neg_sample_args: [{'distribution': 'uniform', 'sample_num': 1, 'dynamic': False, 'candidate_num': 0, 'alpha': 1.0}]
Wed 27 Mar 2024 15:21:45 INFO  [Evaluation]: eval_batch_size = [1024] eval_args: [{'split': {'RS': [0.8, 0.1, 0.1]}, 'order': 'RO', 'group_by': 'user', 'mode': {'valid': 'full', 'test': 'full'}}]
Wed 27 Mar 2024 15:21:49 INFO  Loading model structure and parameters from saved/LFM-1b_artist_20U50I/KGNNLS/KGNNLS-Mar-27-2024_15-14-42.pth
Wed 27 Mar 2024 15:24:30 INFO  ['src/default_tracker.py']
Wed 27 Mar 2024 15:24:30 INFO  
General Hyper Parameters:
gpu_id = 0
use_gpu = True
seed = 42
state = INFO
reproducibility = True
data_path = data/LFM-1b_artist_20U50I
checkpoint_dir = saved/LFM-1b_artist_20U50I/KTUP
show_progress = True
save_dataset = False
dataset_save_path = None
save_dataloaders = False
dataloaders_save_path = None
log_wandb = False

Training Hyper Parameters:
epochs = 1
train_batch_size = 4096
learner = adam
learning_rate = 0.001
train_neg_sample_args = {'distribution': 'uniform', 'sample_num': 1, 'dynamic': False, 'candidate_num': 0, 'alpha': 1.0}
eval_step = 1
stopping_step = 10
clip_grad_norm = None
weight_decay = 0.0
loss_decimal_place = 4

Evaluation Hyper Parameters:
eval_args = {'split': {'RS': [0.8, 0.1, 0.1]}, 'order': 'RO', 'group_by': 'user', 'mode': {'valid': 'full', 'test': 'full'}}
repeatable = False
metrics = ['Recall', 'MRR', 'NDCG', 'Hit', 'MAP', 'Precision', 'GAUC', 'ItemCoverage', 'AveragePopularity', 'GiniIndex', 'ShannonEntropy', 'TailPercentage']
topk = [10]
valid_metric = MRR@10
valid_metric_bigger = True
eval_batch_size = 1024
metric_decimal_place = 4

Dataset Hyper Parameters:
field_separator = 	
seq_separator =  
USER_ID_FIELD = user_id
ITEM_ID_FIELD = item_id
RATING_FIELD = rating
TIME_FIELD = timestamp
seq_len = None
LABEL_FIELD = label
threshold = None
NEG_PREFIX = neg_
load_col = {'inter': ['user_id', 'item_id', 'rating', 'timestamp'], 'kg': ['head_id', 'relation_id', 'tail_id'], 'link': ['item_id', 'entity_id']}
unload_col = None
unused_col = None
additional_feat_suffix = None
rm_dup_inter = None
val_interval = None
filter_inter_by_user_or_item = True
user_inter_num_interval = [0,inf)
item_inter_num_interval = [0,inf)
alias_of_user_id = None
alias_of_item_id = None
alias_of_entity_id = None
alias_of_relation_id = None
preload_weight = None
normalize_field = None
normalize_all = None
ITEM_LIST_LENGTH_FIELD = item_length
LIST_SUFFIX = _list
MAX_ITEM_LIST_LENGTH = 50
POSITION_FIELD = position_id
HEAD_ENTITY_ID_FIELD = head_id
TAIL_ENTITY_ID_FIELD = tail_id
RELATION_ID_FIELD = relation_id
ENTITY_ID_FIELD = entity_id
benchmark_filename = None

Other Hyper Parameters: 
worker = 0
wandb_project = recbole
shuffle = True
require_pow = False
enable_amp = False
enable_scaler = False
transform = None
train_rec_step = 5
train_kg_step = 5
embedding_size = 64
use_st_gumbel = True
L1_flag = False
margin = 1.0
kg_weight = 1.0
align_weight = 1.0
numerical_features = []
discretization = None
kg_reverse_r = False
entity_kg_num_interval = [0,inf)
relation_kg_num_interval = [0,inf)
MODEL_TYPE = ModelType.KNOWLEDGE
encoding = utf-8
device = cuda
my_log_file = /mnt/batch/tasks/shared/LS_root/mounts/clusters/fontanagpu/code/sustainability-of-recsys/log/carbon_default.log
MODEL_INPUT_TYPE = InputType.PAIRWISE
eval_type = EvaluatorType.RANKING
single_spec = True
local_rank = 0
valid_neg_sample_args = {'distribution': 'uniform', 'sample_num': 'none'}
test_neg_sample_args = {'distribution': 'uniform', 'sample_num': 'none'}


Wed 27 Mar 2024 15:24:38 INFO  LFM-1b_artist_20U50I
The number of users: 19426
Average actions of users: 19.186718146718146
The number of items: 15510
Average actions of items: 24.03133664323941
The number of inters: 372702
The sparsity of the dataset: 99.87630089964973%
Remain Fields: ['entity_id', 'user_id', 'item_id', 'head_id', 'relation_id', 'tail_id']
The number of entities: 50666
The number of relations: 7
The number of triples: 46827
The number of items that have been linked to KG: 15509
Wed 27 Mar 2024 15:24:40 INFO  [Training]: train_batch_size = [4096] train_neg_sample_args: [{'distribution': 'uniform', 'sample_num': 1, 'dynamic': False, 'candidate_num': 0, 'alpha': 1.0}]
Wed 27 Mar 2024 15:24:40 INFO  [Evaluation]: eval_batch_size = [1024] eval_args: [{'split': {'RS': [0.8, 0.1, 0.1]}, 'order': 'RO', 'group_by': 'user', 'mode': {'valid': 'full', 'test': 'full'}}]
Wed 27 Mar 2024 15:24:40 INFO  KTUP(
  (user_embedding): Embedding(19426, 64)
  (item_embedding): Embedding(15510, 64)
  (pref_embedding): Embedding(7, 64)
  (pref_norm_embedding): Embedding(7, 64)
  (entity_embedding): Embedding(50666, 64)
  (relation_embedding): Embedding(7, 64)
  (relation_norm_embedding): Embedding(7, 64)
  (rec_loss): BPRLoss()
  (kg_loss): MarginRankingLoss()
  (reg_loss): EmbMarginLoss()
)
Trainable parameters: 5480320
Wed 27 Mar 2024 15:24:41 INFO  FLOPs: 192.0
Wed 27 Mar 2024 15:24:44 INFO  epoch 0 training [time: 2.98s, train_loss1: 42.5468, train_loss2: 0.2527, train_loss3: 51.4714]
Wed 27 Mar 2024 15:30:18 INFO  epoch 0 evaluating [time: 333.86s, valid_score: 0.012100]
Wed 27 Mar 2024 15:30:18 INFO  valid result: 
recall@10 : 0.0214    mrr@10 : 0.0121    ndcg@10 : 0.0116    hit@10 : 0.0382    map@10 : 0.0068    precision@10 : 0.0039    gauc : 0.8554    itemcoverage@10 : 0.2732    averagepopularity@10 : 483.9068    giniindex@10 : 0.9583    shannonentropy@10 : 0.0016    tailpercentage@10 : 0.0013
Wed 27 Mar 2024 15:30:19 INFO  Saving current: saved/LFM-1b_artist_20U50I/KTUP/KTUP-Mar-27-2024_15-24-41.pth
Wed 27 Mar 2024 15:30:19 INFO  Loading model structure and parameters from saved/LFM-1b_artist_20U50I/KTUP/KTUP-Mar-27-2024_15-24-41.pth
Wed 27 Mar 2024 15:36:17 INFO  The running environment of this training is as follows:
+-------------+----------------+
| Environment |     Usage      |
+=============+================+
| CPU         |     1.50 %     |
+-------------+----------------+
| GPU         | 0.34 G/15.57 G |
+-------------+----------------+
| Memory      | 1.87 G/27.41 G |
+-------------+----------------+
Wed 27 Mar 2024 15:36:17 INFO  best valid : OrderedDict([('recall@10', 0.0214), ('mrr@10', 0.0121), ('ndcg@10', 0.0116), ('hit@10', 0.0382), ('map@10', 0.0068), ('precision@10', 0.0039), ('gauc', 0.8554), ('itemcoverage@10', 0.2732), ('averagepopularity@10', 483.9068), ('giniindex@10', 0.9583), ('shannonentropy@10', 0.0016), ('tailpercentage@10', 0.0013)])
Wed 27 Mar 2024 15:36:17 INFO  test result: OrderedDict([('recall@10', 0.0209), ('mrr@10', 0.0121), ('ndcg@10', 0.0114), ('hit@10', 0.0359), ('map@10', 0.0068), ('precision@10', 0.0037), ('gauc', 0.8581), ('itemcoverage@10', 0.2802), ('averagepopularity@10', 482.1819), ('giniindex@10', 0.958), ('shannonentropy@10', 0.0015), ('tailpercentage@10', 0.0013)])
Wed 27 Mar 2024 15:36:19 INFO  
General Hyper Parameters:
gpu_id = 0
use_gpu = True
seed = 42
state = INFO
reproducibility = True
data_path = data/LFM-1b_artist_20U50I
checkpoint_dir = saved/LFM-1b_artist_20U50I/KTUP
show_progress = True
save_dataset = False
dataset_save_path = None
save_dataloaders = False
dataloaders_save_path = None
log_wandb = False

Training Hyper Parameters:
epochs = 1
train_batch_size = 4096
learner = adam
learning_rate = 0.001
train_neg_sample_args = {'distribution': 'uniform', 'sample_num': 1, 'dynamic': False, 'candidate_num': 0, 'alpha': 1.0}
eval_step = 1
stopping_step = 10
clip_grad_norm = None
weight_decay = 0.0
loss_decimal_place = 4

Evaluation Hyper Parameters:
eval_args = {'split': {'RS': [0.8, 0.1, 0.1]}, 'order': 'RO', 'group_by': 'user', 'mode': {'valid': 'full', 'test': 'full'}}
repeatable = False
metrics = ['Recall', 'MRR', 'NDCG', 'Hit', 'MAP', 'Precision', 'GAUC', 'ItemCoverage', 'AveragePopularity', 'GiniIndex', 'ShannonEntropy', 'TailPercentage']
topk = [10]
valid_metric = MRR@10
valid_metric_bigger = True
eval_batch_size = 1024
metric_decimal_place = 4

Dataset Hyper Parameters:
field_separator = 	
seq_separator =  
USER_ID_FIELD = user_id
ITEM_ID_FIELD = item_id
RATING_FIELD = rating
TIME_FIELD = timestamp
seq_len = None
LABEL_FIELD = label
threshold = None
NEG_PREFIX = neg_
load_col = {'inter': ['user_id', 'item_id', 'rating', 'timestamp'], 'kg': ['head_id', 'relation_id', 'tail_id'], 'link': ['item_id', 'entity_id']}
unload_col = None
unused_col = None
additional_feat_suffix = None
rm_dup_inter = None
val_interval = None
filter_inter_by_user_or_item = True
user_inter_num_interval = [0,inf)
item_inter_num_interval = [0,inf)
alias_of_user_id = None
alias_of_item_id = None
alias_of_entity_id = None
alias_of_relation_id = None
preload_weight = None
normalize_field = None
normalize_all = None
ITEM_LIST_LENGTH_FIELD = item_length
LIST_SUFFIX = _list
MAX_ITEM_LIST_LENGTH = 50
POSITION_FIELD = position_id
HEAD_ENTITY_ID_FIELD = head_id
TAIL_ENTITY_ID_FIELD = tail_id
RELATION_ID_FIELD = relation_id
ENTITY_ID_FIELD = entity_id
benchmark_filename = None

Other Hyper Parameters: 
worker = 0
wandb_project = recbole
shuffle = True
require_pow = False
enable_amp = False
enable_scaler = False
transform = None
train_rec_step = 5
train_kg_step = 5
embedding_size = 64
use_st_gumbel = True
L1_flag = False
margin = 1.0
kg_weight = 1.0
align_weight = 1.0
numerical_features = []
discretization = None
kg_reverse_r = False
entity_kg_num_interval = [0,inf)
relation_kg_num_interval = [0,inf)
MODEL_TYPE = ModelType.KNOWLEDGE
encoding = utf-8
device = cuda
my_log_file = /mnt/batch/tasks/shared/LS_root/mounts/clusters/fontanagpu/code/sustainability-of-recsys/log/carbon_default.log
MODEL_INPUT_TYPE = InputType.PAIRWISE
eval_type = EvaluatorType.RANKING
single_spec = True
local_rank = 0
valid_neg_sample_args = {'distribution': 'uniform', 'sample_num': 'none'}
test_neg_sample_args = {'distribution': 'uniform', 'sample_num': 'none'}


Wed 27 Mar 2024 15:36:27 INFO  LFM-1b_artist_20U50I
The number of users: 19426
Average actions of users: 19.186718146718146
The number of items: 15510
Average actions of items: 24.03133664323941
The number of inters: 372702
The sparsity of the dataset: 99.87630089964973%
Remain Fields: ['entity_id', 'user_id', 'item_id', 'head_id', 'relation_id', 'tail_id']
The number of entities: 50666
The number of relations: 7
The number of triples: 46827
The number of items that have been linked to KG: 15509
Wed 27 Mar 2024 15:36:29 INFO  [Training]: train_batch_size = [4096] train_neg_sample_args: [{'distribution': 'uniform', 'sample_num': 1, 'dynamic': False, 'candidate_num': 0, 'alpha': 1.0}]
Wed 27 Mar 2024 15:36:29 INFO  [Evaluation]: eval_batch_size = [1024] eval_args: [{'split': {'RS': [0.8, 0.1, 0.1]}, 'order': 'RO', 'group_by': 'user', 'mode': {'valid': 'full', 'test': 'full'}}]
Wed 27 Mar 2024 15:36:30 INFO  Loading model structure and parameters from saved/LFM-1b_artist_20U50I/KTUP/KTUP-Mar-27-2024_15-24-41.pth
Wed 27 Mar 2024 15:40:40 INFO  ['src/default_tracker.py']
Wed 27 Mar 2024 15:40:40 INFO  
General Hyper Parameters:
gpu_id = 0
use_gpu = True
seed = 42
state = INFO
reproducibility = True
data_path = data/LFM-1b_artist_20U50I
checkpoint_dir = saved/LFM-1b_artist_20U50I/MKR
show_progress = True
save_dataset = False
dataset_save_path = None
save_dataloaders = False
dataloaders_save_path = None
log_wandb = False

Training Hyper Parameters:
epochs = 1
train_batch_size = 4096
learner = adam
learning_rate = 0.001
train_neg_sample_args = {'distribution': 'uniform', 'sample_num': 1, 'dynamic': False, 'candidate_num': 0, 'alpha': 1.0}
eval_step = 1
stopping_step = 10
clip_grad_norm = None
weight_decay = 0.0
loss_decimal_place = 4

Evaluation Hyper Parameters:
eval_args = {'split': {'RS': [0.8, 0.1, 0.1]}, 'order': 'RO', 'group_by': 'user', 'mode': {'valid': 'full', 'test': 'full'}}
repeatable = False
metrics = ['Recall', 'MRR', 'NDCG', 'Hit', 'MAP', 'Precision', 'GAUC', 'ItemCoverage', 'AveragePopularity', 'GiniIndex', 'ShannonEntropy', 'TailPercentage']
topk = [10]
valid_metric = MRR@10
valid_metric_bigger = True
eval_batch_size = 1024
metric_decimal_place = 4

Dataset Hyper Parameters:
field_separator = 	
seq_separator =  
USER_ID_FIELD = user_id
ITEM_ID_FIELD = item_id
RATING_FIELD = rating
TIME_FIELD = timestamp
seq_len = None
LABEL_FIELD = label
threshold = None
NEG_PREFIX = neg_
load_col = {'inter': ['user_id', 'item_id', 'rating', 'timestamp'], 'kg': ['head_id', 'relation_id', 'tail_id'], 'link': ['item_id', 'entity_id']}
unload_col = None
unused_col = None
additional_feat_suffix = None
rm_dup_inter = None
val_interval = None
filter_inter_by_user_or_item = True
user_inter_num_interval = [0,inf)
item_inter_num_interval = [0,inf)
alias_of_user_id = None
alias_of_item_id = None
alias_of_entity_id = None
alias_of_relation_id = None
preload_weight = None
normalize_field = None
normalize_all = None
ITEM_LIST_LENGTH_FIELD = item_length
LIST_SUFFIX = _list
MAX_ITEM_LIST_LENGTH = 50
POSITION_FIELD = position_id
HEAD_ENTITY_ID_FIELD = head_id
TAIL_ENTITY_ID_FIELD = tail_id
RELATION_ID_FIELD = relation_id
ENTITY_ID_FIELD = entity_id
benchmark_filename = None

Other Hyper Parameters: 
worker = 0
wandb_project = recbole
shuffle = True
require_pow = False
enable_amp = False
enable_scaler = False
transform = None
embedding_size = 64
kg_embedding_size = 64
low_layers_num = 1
high_layers_num = 1
reg_weight = 1e-06
use_inner_product = True
kge_interval = 3
dropout_prob = 0.0
numerical_features = []
discretization = None
kg_reverse_r = False
entity_kg_num_interval = [0,inf)
relation_kg_num_interval = [0,inf)
MODEL_TYPE = ModelType.KNOWLEDGE
encoding = utf-8
device = cuda
my_log_file = /mnt/batch/tasks/shared/LS_root/mounts/clusters/fontanagpu/code/sustainability-of-recsys/log/carbon_default.log
MODEL_INPUT_TYPE = InputType.POINTWISE
eval_type = EvaluatorType.RANKING
single_spec = True
local_rank = 0
valid_neg_sample_args = {'distribution': 'uniform', 'sample_num': 'none'}
test_neg_sample_args = {'distribution': 'uniform', 'sample_num': 'none'}


Wed 27 Mar 2024 15:40:49 INFO  LFM-1b_artist_20U50I
The number of users: 19426
Average actions of users: 19.186718146718146
The number of items: 15510
Average actions of items: 24.03133664323941
The number of inters: 372702
The sparsity of the dataset: 99.87630089964973%
Remain Fields: ['entity_id', 'user_id', 'item_id', 'head_id', 'relation_id', 'tail_id']
The number of entities: 50666
The number of relations: 7
The number of triples: 46827
The number of items that have been linked to KG: 15509
Wed 27 Mar 2024 15:40:50 INFO  [Training]: train_batch_size = [4096] train_neg_sample_args: [{'distribution': 'uniform', 'sample_num': 1, 'dynamic': False, 'candidate_num': 0, 'alpha': 1.0}]
Wed 27 Mar 2024 15:40:50 INFO  [Evaluation]: eval_batch_size = [1024] eval_args: [{'split': {'RS': [0.8, 0.1, 0.1]}, 'order': 'RO', 'group_by': 'user', 'mode': {'valid': 'full', 'test': 'full'}}]
Wed 27 Mar 2024 15:40:50 INFO  MKR(
  (user_embeddings_lookup): Embedding(19426, 64)
  (item_embeddings_lookup): Embedding(50666, 64)
  (entity_embeddings_lookup): Embedding(50666, 64)
  (relation_embeddings_lookup): Embedding(7, 64)
  (user_mlp): MLPLayers(
    (mlp_layers): Sequential(
      (0): Dropout(p=0.0, inplace=False)
      (1): Linear(in_features=64, out_features=64, bias=True)
      (2): Sigmoid()
    )
  )
  (tail_mlp): MLPLayers(
    (mlp_layers): Sequential(
      (0): Dropout(p=0.0, inplace=False)
      (1): Linear(in_features=64, out_features=64, bias=True)
      (2): Sigmoid()
    )
  )
  (cc_unit): Sequential(
    (cc_unit0): CrossCompressUnit(
      (fc_vv): Linear(in_features=64, out_features=1, bias=True)
      (fc_ev): Linear(in_features=64, out_features=1, bias=True)
      (fc_ve): Linear(in_features=64, out_features=1, bias=True)
      (fc_ee): Linear(in_features=64, out_features=1, bias=True)
    )
  )
  (kge_mlp): MLPLayers(
    (mlp_layers): Sequential()
  )
  (kge_pred_mlp): MLPLayers(
    (mlp_layers): Sequential(
      (0): Dropout(p=0.0, inplace=False)
      (1): Linear(in_features=128, out_features=64, bias=True)
      (2): Sigmoid()
    )
  )
  (sigmoid_BCE): BCEWithLogitsLoss()
)
Trainable parameters: 7745796
Wed 27 Mar 2024 15:40:50 INFO  FLOPs: 20672.0
Wed 27 Mar 2024 15:40:50 INFO  Train RS
Wed 27 Mar 2024 15:40:58 INFO  Train KG
Wed 27 Mar 2024 15:40:59 INFO  epoch 0 training [time: 8.83s, train_loss1: 77.5796, train_loss2: -45334.8805]
Wed 27 Mar 2024 15:54:19 INFO  epoch 0 evaluating [time: 799.91s, valid_score: 0.096800]
Wed 27 Mar 2024 15:54:19 INFO  valid result: 
recall@10 : 0.1499    mrr@10 : 0.0968    ndcg@10 : 0.0903    hit@10 : 0.2335    map@10 : 0.0591    precision@10 : 0.0264    gauc : 0.914    itemcoverage@10 : 0.0023    averagepopularity@10 : 2897.6956    giniindex@10 : 0.9992    shannonentropy@10 : 0.0751    tailpercentage@10 : 0.0
Wed 27 Mar 2024 15:54:20 INFO  Saving current: saved/LFM-1b_artist_20U50I/MKR/MKR-Mar-27-2024_15-40-50.pth
Wed 27 Mar 2024 15:54:20 INFO  Loading model structure and parameters from saved/LFM-1b_artist_20U50I/MKR/MKR-Mar-27-2024_15-40-50.pth
Wed 27 Mar 2024 16:09:08 INFO  The running environment of this training is as follows:
+-------------+----------------+
| Environment |     Usage      |
+=============+================+
| CPU         |     3.50 %     |
+-------------+----------------+
| GPU         | 0.52 G/15.57 G |
+-------------+----------------+
| Memory      | 1.83 G/27.41 G |
+-------------+----------------+
Wed 27 Mar 2024 16:09:08 INFO  best valid : OrderedDict([('recall@10', 0.1499), ('mrr@10', 0.0968), ('ndcg@10', 0.0903), ('hit@10', 0.2335), ('map@10', 0.0591), ('precision@10', 0.0264), ('gauc', 0.914), ('itemcoverage@10', 0.0023), ('averagepopularity@10', 2897.6956), ('giniindex@10', 0.9992), ('shannonentropy@10', 0.0751), ('tailpercentage@10', 0.0)])
Wed 27 Mar 2024 16:09:08 INFO  test result: OrderedDict([('recall@10', 0.1532), ('mrr@10', 0.0973), ('ndcg@10', 0.0914), ('hit@10', 0.2336), ('map@10', 0.0597), ('precision@10', 0.0266), ('gauc', 0.9158), ('itemcoverage@10', 0.0028), ('averagepopularity@10', 2872.1497), ('giniindex@10', 0.9992), ('shannonentropy@10', 0.0636), ('tailpercentage@10', 0.0)])
Wed 27 Mar 2024 16:09:10 INFO  
General Hyper Parameters:
gpu_id = 0
use_gpu = True
seed = 42
state = INFO
reproducibility = True
data_path = data/LFM-1b_artist_20U50I
checkpoint_dir = saved/LFM-1b_artist_20U50I/MKR
show_progress = True
save_dataset = False
dataset_save_path = None
save_dataloaders = False
dataloaders_save_path = None
log_wandb = False

Training Hyper Parameters:
epochs = 1
train_batch_size = 4096
learner = adam
learning_rate = 0.001
train_neg_sample_args = {'distribution': 'uniform', 'sample_num': 1, 'dynamic': False, 'candidate_num': 0, 'alpha': 1.0}
eval_step = 1
stopping_step = 10
clip_grad_norm = None
weight_decay = 0.0
loss_decimal_place = 4

Evaluation Hyper Parameters:
eval_args = {'split': {'RS': [0.8, 0.1, 0.1]}, 'order': 'RO', 'group_by': 'user', 'mode': {'valid': 'full', 'test': 'full'}}
repeatable = False
metrics = ['Recall', 'MRR', 'NDCG', 'Hit', 'MAP', 'Precision', 'GAUC', 'ItemCoverage', 'AveragePopularity', 'GiniIndex', 'ShannonEntropy', 'TailPercentage']
topk = [10]
valid_metric = MRR@10
valid_metric_bigger = True
eval_batch_size = 1024
metric_decimal_place = 4

Dataset Hyper Parameters:
field_separator = 	
seq_separator =  
USER_ID_FIELD = user_id
ITEM_ID_FIELD = item_id
RATING_FIELD = rating
TIME_FIELD = timestamp
seq_len = None
LABEL_FIELD = label
threshold = None
NEG_PREFIX = neg_
load_col = {'inter': ['user_id', 'item_id', 'rating', 'timestamp'], 'kg': ['head_id', 'relation_id', 'tail_id'], 'link': ['item_id', 'entity_id']}
unload_col = None
unused_col = None
additional_feat_suffix = None
rm_dup_inter = None
val_interval = None
filter_inter_by_user_or_item = True
user_inter_num_interval = [0,inf)
item_inter_num_interval = [0,inf)
alias_of_user_id = None
alias_of_item_id = None
alias_of_entity_id = None
alias_of_relation_id = None
preload_weight = None
normalize_field = None
normalize_all = None
ITEM_LIST_LENGTH_FIELD = item_length
LIST_SUFFIX = _list
MAX_ITEM_LIST_LENGTH = 50
POSITION_FIELD = position_id
HEAD_ENTITY_ID_FIELD = head_id
TAIL_ENTITY_ID_FIELD = tail_id
RELATION_ID_FIELD = relation_id
ENTITY_ID_FIELD = entity_id
benchmark_filename = None

Other Hyper Parameters: 
worker = 0
wandb_project = recbole
shuffle = True
require_pow = False
enable_amp = False
enable_scaler = False
transform = None
embedding_size = 64
kg_embedding_size = 64
low_layers_num = 1
high_layers_num = 1
reg_weight = 1e-06
use_inner_product = True
kge_interval = 3
dropout_prob = 0.0
numerical_features = []
discretization = None
kg_reverse_r = False
entity_kg_num_interval = [0,inf)
relation_kg_num_interval = [0,inf)
MODEL_TYPE = ModelType.KNOWLEDGE
encoding = utf-8
device = cuda
my_log_file = /mnt/batch/tasks/shared/LS_root/mounts/clusters/fontanagpu/code/sustainability-of-recsys/log/carbon_default.log
MODEL_INPUT_TYPE = InputType.POINTWISE
eval_type = EvaluatorType.RANKING
single_spec = True
local_rank = 0
valid_neg_sample_args = {'distribution': 'uniform', 'sample_num': 'none'}
test_neg_sample_args = {'distribution': 'uniform', 'sample_num': 'none'}


Wed 27 Mar 2024 16:09:18 INFO  LFM-1b_artist_20U50I
The number of users: 19426
Average actions of users: 19.186718146718146
The number of items: 15510
Average actions of items: 24.03133664323941
The number of inters: 372702
The sparsity of the dataset: 99.87630089964973%
Remain Fields: ['entity_id', 'user_id', 'item_id', 'head_id', 'relation_id', 'tail_id']
The number of entities: 50666
The number of relations: 7
The number of triples: 46827
The number of items that have been linked to KG: 15509
Wed 27 Mar 2024 16:09:20 INFO  [Training]: train_batch_size = [4096] train_neg_sample_args: [{'distribution': 'uniform', 'sample_num': 1, 'dynamic': False, 'candidate_num': 0, 'alpha': 1.0}]
Wed 27 Mar 2024 16:09:20 INFO  [Evaluation]: eval_batch_size = [1024] eval_args: [{'split': {'RS': [0.8, 0.1, 0.1]}, 'order': 'RO', 'group_by': 'user', 'mode': {'valid': 'full', 'test': 'full'}}]
Wed 27 Mar 2024 16:09:21 INFO  Loading model structure and parameters from saved/LFM-1b_artist_20U50I/MKR/MKR-Mar-27-2024_15-40-50.pth
Wed 27 Mar 2024 16:12:49 INFO  ['src/default_tracker.py']
Wed 27 Mar 2024 16:12:49 INFO  
General Hyper Parameters:
gpu_id = 0
use_gpu = True
seed = 42
state = INFO
reproducibility = True
data_path = data/LFM-1b_artist_20U50I
checkpoint_dir = saved/LFM-1b_artist_20U50I/RippleNet
show_progress = True
save_dataset = False
dataset_save_path = None
save_dataloaders = False
dataloaders_save_path = None
log_wandb = False

Training Hyper Parameters:
epochs = 1
train_batch_size = 4096
learner = adam
learning_rate = 0.001
train_neg_sample_args = {'distribution': 'uniform', 'sample_num': 1, 'dynamic': False, 'candidate_num': 0, 'alpha': 1.0}
eval_step = 1
stopping_step = 10
clip_grad_norm = None
weight_decay = 0.0
loss_decimal_place = 4

Evaluation Hyper Parameters:
eval_args = {'split': {'RS': [0.8, 0.1, 0.1]}, 'order': 'RO', 'group_by': 'user', 'mode': {'valid': 'full', 'test': 'full'}}
repeatable = False
metrics = ['Recall', 'MRR', 'NDCG', 'Hit', 'MAP', 'Precision', 'GAUC', 'ItemCoverage', 'AveragePopularity', 'GiniIndex', 'ShannonEntropy', 'TailPercentage']
topk = [10]
valid_metric = MRR@10
valid_metric_bigger = True
eval_batch_size = 1024
metric_decimal_place = 4

Dataset Hyper Parameters:
field_separator = 	
seq_separator =  
USER_ID_FIELD = user_id
ITEM_ID_FIELD = item_id
RATING_FIELD = rating
TIME_FIELD = timestamp
seq_len = None
LABEL_FIELD = label
threshold = None
NEG_PREFIX = neg_
load_col = {'inter': ['user_id', 'item_id', 'rating', 'timestamp'], 'kg': ['head_id', 'relation_id', 'tail_id'], 'link': ['item_id', 'entity_id']}
unload_col = None
unused_col = None
additional_feat_suffix = None
rm_dup_inter = None
val_interval = None
filter_inter_by_user_or_item = True
user_inter_num_interval = [0,inf)
item_inter_num_interval = [0,inf)
alias_of_user_id = None
alias_of_item_id = None
alias_of_entity_id = None
alias_of_relation_id = None
preload_weight = None
normalize_field = None
normalize_all = None
ITEM_LIST_LENGTH_FIELD = item_length
LIST_SUFFIX = _list
MAX_ITEM_LIST_LENGTH = 50
POSITION_FIELD = position_id
HEAD_ENTITY_ID_FIELD = head_id
TAIL_ENTITY_ID_FIELD = tail_id
RELATION_ID_FIELD = relation_id
ENTITY_ID_FIELD = entity_id
benchmark_filename = None

Other Hyper Parameters: 
worker = 0
wandb_project = recbole
shuffle = True
require_pow = False
enable_amp = False
enable_scaler = False
transform = None
embedding_size = 64
n_hop = 2
n_memory = 16
kg_weight = 0.01
reg_weight = 1e-07
numerical_features = []
discretization = None
kg_reverse_r = False
entity_kg_num_interval = [0,inf)
relation_kg_num_interval = [0,inf)
MODEL_TYPE = ModelType.KNOWLEDGE
encoding = utf-8
device = cuda
my_log_file = /mnt/batch/tasks/shared/LS_root/mounts/clusters/fontanagpu/code/sustainability-of-recsys/log/carbon_default.log
MODEL_INPUT_TYPE = InputType.POINTWISE
eval_type = EvaluatorType.RANKING
single_spec = True
local_rank = 0
valid_neg_sample_args = {'distribution': 'uniform', 'sample_num': 'none'}
test_neg_sample_args = {'distribution': 'uniform', 'sample_num': 'none'}


Wed 27 Mar 2024 16:12:57 INFO  LFM-1b_artist_20U50I
The number of users: 19426
Average actions of users: 19.186718146718146
The number of items: 15510
Average actions of items: 24.03133664323941
The number of inters: 372702
The sparsity of the dataset: 99.87630089964973%
Remain Fields: ['entity_id', 'user_id', 'item_id', 'head_id', 'relation_id', 'tail_id']
The number of entities: 50666
The number of relations: 7
The number of triples: 46827
The number of items that have been linked to KG: 15509
Wed 27 Mar 2024 16:12:59 INFO  [Training]: train_batch_size = [4096] train_neg_sample_args: [{'distribution': 'uniform', 'sample_num': 1, 'dynamic': False, 'candidate_num': 0, 'alpha': 1.0}]
Wed 27 Mar 2024 16:12:59 INFO  [Evaluation]: eval_batch_size = [1024] eval_args: [{'split': {'RS': [0.8, 0.1, 0.1]}, 'order': 'RO', 'group_by': 'user', 'mode': {'valid': 'full', 'test': 'full'}}]
Wed 27 Mar 2024 16:13:02 INFO  0 among 19425 users are padded
Wed 27 Mar 2024 16:13:02 INFO  RippleNet(
  (entity_embedding): Embedding(50666, 64)
  (relation_embedding): Embedding(7, 4096)
  (transform_matrix): Linear(in_features=64, out_features=64, bias=False)
  (softmax): Softmax(dim=1)
  (sigmoid): Sigmoid()
  (rec_loss): BPRLoss()
  (l2_loss): EmbLoss()
  (loss): BCEWithLogitsLoss()
)
Trainable parameters: 3275392
Wed 27 Mar 2024 16:13:07 INFO  FLOPs: 143518.0
Wed 27 Mar 2024 16:14:18 INFO  epoch 0 training [time: 70.55s, train loss: 64.0647]
Wed 27 Mar 2024 17:04:14 INFO  epoch 0 evaluating [time: 2995.79s, valid_score: 0.087300]
Wed 27 Mar 2024 17:04:14 INFO  valid result: 
recall@10 : 0.1537    mrr@10 : 0.0873    ndcg@10 : 0.0868    hit@10 : 0.2393    map@10 : 0.0537    precision@10 : 0.0273    gauc : 0.9139    itemcoverage@10 : 0.0041    averagepopularity@10 : 2975.5127    giniindex@10 : 0.9992    shannonentropy@10 : 0.0432    tailpercentage@10 : 0.0
Wed 27 Mar 2024 17:04:18 INFO  Saving current: saved/LFM-1b_artist_20U50I/RippleNet/RippleNet-Mar-27-2024_16-13-07.pth
Wed 27 Mar 2024 17:04:26 INFO  Loading model structure and parameters from saved/LFM-1b_artist_20U50I/RippleNet/RippleNet-Mar-27-2024_16-13-07.pth
Wed 27 Mar 2024 17:57:12 INFO  The running environment of this training is as follows:
+-------------+----------------+
| Environment |     Usage      |
+=============+================+
| CPU         |     0.30 %     |
+-------------+----------------+
| GPU         | 5.81 G/15.57 G |
+-------------+----------------+
| Memory      | 1.94 G/27.41 G |
+-------------+----------------+
Wed 27 Mar 2024 17:57:12 INFO  best valid : OrderedDict([('recall@10', 0.1537), ('mrr@10', 0.0873), ('ndcg@10', 0.0868), ('hit@10', 0.2393), ('map@10', 0.0537), ('precision@10', 0.0273), ('gauc', 0.9139), ('itemcoverage@10', 0.0041), ('averagepopularity@10', 2975.5127), ('giniindex@10', 0.9992), ('shannonentropy@10', 0.0432), ('tailpercentage@10', 0.0)])
Wed 27 Mar 2024 17:57:12 INFO  test result: OrderedDict([('recall@10', 0.1562), ('mrr@10', 0.0889), ('ndcg@10', 0.0881), ('hit@10', 0.2379), ('map@10', 0.0547), ('precision@10', 0.0273), ('gauc', 0.9152), ('itemcoverage@10', 0.0055), ('averagepopularity@10', 2950.6355), ('giniindex@10', 0.9992), ('shannonentropy@10', 0.0325), ('tailpercentage@10', 0.0)])
Wed 27 Mar 2024 17:57:20 INFO  
General Hyper Parameters:
gpu_id = 0
use_gpu = True
seed = 42
state = INFO
reproducibility = True
data_path = data/LFM-1b_artist_20U50I
checkpoint_dir = saved/LFM-1b_artist_20U50I/RippleNet
show_progress = True
save_dataset = False
dataset_save_path = None
save_dataloaders = False
dataloaders_save_path = None
log_wandb = False

Training Hyper Parameters:
epochs = 1
train_batch_size = 4096
learner = adam
learning_rate = 0.001
train_neg_sample_args = {'distribution': 'uniform', 'sample_num': 1, 'dynamic': False, 'candidate_num': 0, 'alpha': 1.0}
eval_step = 1
stopping_step = 10
clip_grad_norm = None
weight_decay = 0.0
loss_decimal_place = 4

Evaluation Hyper Parameters:
eval_args = {'split': {'RS': [0.8, 0.1, 0.1]}, 'order': 'RO', 'group_by': 'user', 'mode': {'valid': 'full', 'test': 'full'}}
repeatable = False
metrics = ['Recall', 'MRR', 'NDCG', 'Hit', 'MAP', 'Precision', 'GAUC', 'ItemCoverage', 'AveragePopularity', 'GiniIndex', 'ShannonEntropy', 'TailPercentage']
topk = [10]
valid_metric = MRR@10
valid_metric_bigger = True
eval_batch_size = 1024
metric_decimal_place = 4

Dataset Hyper Parameters:
field_separator = 	
seq_separator =  
USER_ID_FIELD = user_id
ITEM_ID_FIELD = item_id
RATING_FIELD = rating
TIME_FIELD = timestamp
seq_len = None
LABEL_FIELD = label
threshold = None
NEG_PREFIX = neg_
load_col = {'inter': ['user_id', 'item_id', 'rating', 'timestamp'], 'kg': ['head_id', 'relation_id', 'tail_id'], 'link': ['item_id', 'entity_id']}
unload_col = None
unused_col = None
additional_feat_suffix = None
rm_dup_inter = None
val_interval = None
filter_inter_by_user_or_item = True
user_inter_num_interval = [0,inf)
item_inter_num_interval = [0,inf)
alias_of_user_id = None
alias_of_item_id = None
alias_of_entity_id = None
alias_of_relation_id = None
preload_weight = None
normalize_field = None
normalize_all = None
ITEM_LIST_LENGTH_FIELD = item_length
LIST_SUFFIX = _list
MAX_ITEM_LIST_LENGTH = 50
POSITION_FIELD = position_id
HEAD_ENTITY_ID_FIELD = head_id
TAIL_ENTITY_ID_FIELD = tail_id
RELATION_ID_FIELD = relation_id
ENTITY_ID_FIELD = entity_id
benchmark_filename = None

Other Hyper Parameters: 
worker = 0
wandb_project = recbole
shuffle = True
require_pow = False
enable_amp = False
enable_scaler = False
transform = None
embedding_size = 64
n_hop = 2
n_memory = 16
kg_weight = 0.01
reg_weight = 1e-07
numerical_features = []
discretization = None
kg_reverse_r = False
entity_kg_num_interval = [0,inf)
relation_kg_num_interval = [0,inf)
MODEL_TYPE = ModelType.KNOWLEDGE
encoding = utf-8
device = cuda
my_log_file = /mnt/batch/tasks/shared/LS_root/mounts/clusters/fontanagpu/code/sustainability-of-recsys/log/carbon_default.log
MODEL_INPUT_TYPE = InputType.POINTWISE
eval_type = EvaluatorType.RANKING
single_spec = True
local_rank = 0
valid_neg_sample_args = {'distribution': 'uniform', 'sample_num': 'none'}
test_neg_sample_args = {'distribution': 'uniform', 'sample_num': 'none'}


Wed 27 Mar 2024 17:57:28 INFO  LFM-1b_artist_20U50I
The number of users: 19426
Average actions of users: 19.186718146718146
The number of items: 15510
Average actions of items: 24.03133664323941
The number of inters: 372702
The sparsity of the dataset: 99.87630089964973%
Remain Fields: ['entity_id', 'user_id', 'item_id', 'head_id', 'relation_id', 'tail_id']
The number of entities: 50666
The number of relations: 7
The number of triples: 46827
The number of items that have been linked to KG: 15509
Wed 27 Mar 2024 17:57:30 INFO  [Training]: train_batch_size = [4096] train_neg_sample_args: [{'distribution': 'uniform', 'sample_num': 1, 'dynamic': False, 'candidate_num': 0, 'alpha': 1.0}]
Wed 27 Mar 2024 17:57:30 INFO  [Evaluation]: eval_batch_size = [1024] eval_args: [{'split': {'RS': [0.8, 0.1, 0.1]}, 'order': 'RO', 'group_by': 'user', 'mode': {'valid': 'full', 'test': 'full'}}]
Wed 27 Mar 2024 17:57:33 INFO  0 among 19425 users are padded
Wed 27 Mar 2024 17:57:41 INFO  Loading model structure and parameters from saved/LFM-1b_artist_20U50I/RippleNet/RippleNet-Mar-27-2024_16-13-07.pth
