Sat 06 Apr 2024 02:51:35 INFO  ['src/default_tracker.py', '--dataset=LFM-1b_artist_20U50I_25strat', '--model=CKE']
Sat 06 Apr 2024 02:51:35 INFO  
General Hyper Parameters:
gpu_id = 0
use_gpu = True
seed = 2020
state = INFO
reproducibility = True
data_path = data/LFM-1b_artist_20U50I_25strat
checkpoint_dir = saved/LFM-1b_artist_20U50I_25strat/CKE
show_progress = True
save_dataset = False
dataset_save_path = None
save_dataloaders = False
dataloaders_save_path = None
log_wandb = False

Training Hyper Parameters:
epochs = 200
train_batch_size = 2048
learner = adam
learning_rate = 0.001
train_neg_sample_args = {'distribution': 'uniform', 'sample_num': 1, 'dynamic': False, 'candidate_num': 0, 'alpha': 1.0}
eval_step = 1
stopping_step = 10
clip_grad_norm = None
weight_decay = 0.0
loss_decimal_place = 4

Evaluation Hyper Parameters:
eval_args = {'split': {'RS': [0.8, 0.1, 0.1]}, 'order': 'RO', 'group_by': 'user', 'mode': {'valid': 'full', 'test': 'full'}}
repeatable = False
metrics = ['Recall', 'MRR', 'NDCG', 'Hit', 'Precision']
topk = [10]
valid_metric = MRR@10
valid_metric_bigger = True
eval_batch_size = 4096
metric_decimal_place = 4

Dataset Hyper Parameters:
field_separator = 	
seq_separator =  
USER_ID_FIELD = user_id
ITEM_ID_FIELD = item_id
RATING_FIELD = rating
TIME_FIELD = timestamp
seq_len = None
LABEL_FIELD = label
threshold = None
NEG_PREFIX = neg_
load_col = {'inter': ['user_id', 'item_id', 'rating', 'timestamp'], 'kg': ['head_id', 'relation_id', 'tail_id'], 'link': ['item_id', 'entity_id']}
unload_col = None
unused_col = None
additional_feat_suffix = None
rm_dup_inter = None
val_interval = None
filter_inter_by_user_or_item = True
user_inter_num_interval = [0,inf)
item_inter_num_interval = [0,inf)
alias_of_user_id = None
alias_of_item_id = None
alias_of_entity_id = None
alias_of_relation_id = None
preload_weight = None
normalize_field = None
normalize_all = None
ITEM_LIST_LENGTH_FIELD = item_length
LIST_SUFFIX = _list
MAX_ITEM_LIST_LENGTH = 50
POSITION_FIELD = position_id
HEAD_ENTITY_ID_FIELD = head_id
TAIL_ENTITY_ID_FIELD = tail_id
RELATION_ID_FIELD = relation_id
ENTITY_ID_FIELD = entity_id
benchmark_filename = None

Other Hyper Parameters: 
worker = 0
wandb_project = recbole
shuffle = True
require_pow = False
enable_amp = False
enable_scaler = False
transform = None
embedding_size = 64
kg_embedding_size = 64
reg_weights = [0.01, 0.01]
numerical_features = []
discretization = None
kg_reverse_r = False
entity_kg_num_interval = [0,inf)
relation_kg_num_interval = [0,inf)
MODEL_TYPE = ModelType.KNOWLEDGE
encoding = utf-8
device = cuda
my_log_file = /mnt/batch/tasks/shared/LS_root/mounts/clusters/fontanagpu/code/sustainability-of-recsys/log/carbon_default.log
MODEL_INPUT_TYPE = InputType.PAIRWISE
eval_type = EvaluatorType.RANKING
single_spec = True
local_rank = 0
valid_neg_sample_args = {'distribution': 'uniform', 'sample_num': 'none'}
test_neg_sample_args = {'distribution': 'uniform', 'sample_num': 'none'}


Sat 06 Apr 2024 02:51:40 INFO  LFM-1b_artist_20U50I_25strat
The number of users: 17111
Average actions of users: 5.287258912916423
The number of items: 9445
Average actions of items: 9.579097839898347
The number of inters: 90465
The sparsity of the dataset: 99.9440238230253%
Remain Fields: ['entity_id', 'user_id', 'item_id', 'head_id', 'relation_id', 'tail_id']
The number of entities: 32908
The number of relations: 7
The number of triples: 29822
The number of items that have been linked to KG: 9444
Sat 06 Apr 2024 02:51:41 INFO  [Training]: train_batch_size = [2048] train_neg_sample_args: [{'distribution': 'uniform', 'sample_num': 1, 'dynamic': False, 'candidate_num': 0, 'alpha': 1.0}]
Sat 06 Apr 2024 02:51:41 INFO  [Evaluation]: eval_batch_size = [4096] eval_args: [{'split': {'RS': [0.8, 0.1, 0.1]}, 'order': 'RO', 'group_by': 'user', 'mode': {'valid': 'full', 'test': 'full'}}]
Sat 06 Apr 2024 02:51:42 INFO  CKE(
  (user_embedding): Embedding(17111, 64)
  (item_embedding): Embedding(9445, 64)
  (entity_embedding): Embedding(32908, 64)
  (relation_embedding): Embedding(7, 64)
  (trans_w): Embedding(7, 4096)
  (rec_loss): BPRLoss()
  (kg_loss): BPRLoss()
  (reg_loss): EmbLoss()
)
Trainable parameters: 3834816
Sat 06 Apr 2024 02:51:47 INFO  FLOPs: 192.0
Sat 06 Apr 2024 02:52:22 INFO  epoch 0 training [time: 4.84s, train_loss1: 22.1803, train_loss2: 16.1845, train_loss3: 0.0315]
Sat 06 Apr 2024 02:52:36 INFO  epoch 0 evaluating [time: 13.46s, valid_score: 0.000400]
Sat 06 Apr 2024 02:52:36 INFO  valid result: 
recall@10 : 0.0014    mrr@10 : 0.0004    ndcg@10 : 0.0006    hit@10 : 0.0014    precision@10 : 0.0001
Sat 06 Apr 2024 02:52:36 INFO  Saving current: saved/LFM-1b_artist_20U50I_25strat/CKE/CKE-Apr-06-2024_02-51-48.pth
Sat 06 Apr 2024 02:52:38 INFO  epoch 1 training [time: 1.22s, train_loss1: 22.1319, train_loss2: 5.6628, train_loss3: 0.0320]
Sat 06 Apr 2024 02:52:50 INFO  epoch 1 evaluating [time: 12.47s, valid_score: 0.005900]
Sat 06 Apr 2024 02:52:50 INFO  valid result: 
recall@10 : 0.0125    mrr@10 : 0.0059    ndcg@10 : 0.0074    hit@10 : 0.0131    precision@10 : 0.0013
Sat 06 Apr 2024 02:52:51 INFO  Saving current: saved/LFM-1b_artist_20U50I_25strat/CKE/CKE-Apr-06-2024_02-51-48.pth
Sat 06 Apr 2024 02:52:52 INFO  epoch 2 training [time: 1.24s, train_loss1: 22.0291, train_loss2: 4.3030, train_loss3: 0.0329]
Sat 06 Apr 2024 02:53:04 INFO  epoch 2 evaluating [time: 12.36s, valid_score: 0.020000]
Sat 06 Apr 2024 02:53:04 INFO  valid result: 
recall@10 : 0.0512    mrr@10 : 0.02    ndcg@10 : 0.0269    hit@10 : 0.0533    precision@10 : 0.0053
Sat 06 Apr 2024 02:53:05 INFO  Saving current: saved/LFM-1b_artist_20U50I_25strat/CKE/CKE-Apr-06-2024_02-51-48.pth
Sat 06 Apr 2024 02:53:06 INFO  epoch 3 training [time: 1.28s, train_loss1: 21.7560, train_loss2: 3.8916, train_loss3: 0.0345]
Sat 06 Apr 2024 02:53:19 INFO  epoch 3 evaluating [time: 12.39s, valid_score: 0.027200]
Sat 06 Apr 2024 02:53:19 INFO  valid result: 
recall@10 : 0.0772    mrr@10 : 0.0272    ndcg@10 : 0.0383    hit@10 : 0.0804    precision@10 : 0.0081
Sat 06 Apr 2024 02:53:19 INFO  Saving current: saved/LFM-1b_artist_20U50I_25strat/CKE/CKE-Apr-06-2024_02-51-48.pth
Sat 06 Apr 2024 02:53:21 INFO  epoch 4 training [time: 1.25s, train_loss1: 21.1202, train_loss2: 3.6889, train_loss3: 0.0368]
Sat 06 Apr 2024 02:53:33 INFO  epoch 4 evaluating [time: 12.41s, valid_score: 0.031400]
Sat 06 Apr 2024 02:53:33 INFO  valid result: 
recall@10 : 0.0909    mrr@10 : 0.0314    ndcg@10 : 0.0447    hit@10 : 0.0943    precision@10 : 0.0094
Sat 06 Apr 2024 02:53:34 INFO  Saving current: saved/LFM-1b_artist_20U50I_25strat/CKE/CKE-Apr-06-2024_02-51-48.pth
Sat 06 Apr 2024 02:53:35 INFO  epoch 5 training [time: 1.26s, train_loss1: 19.9295, train_loss2: 3.5336, train_loss3: 0.0396]
Sat 06 Apr 2024 02:53:47 INFO  epoch 5 evaluating [time: 12.38s, valid_score: 0.033700]
Sat 06 Apr 2024 02:53:47 INFO  valid result: 
recall@10 : 0.0969    mrr@10 : 0.0337    ndcg@10 : 0.0478    hit@10 : 0.1002    precision@10 : 0.0101
Sat 06 Apr 2024 02:53:48 INFO  Saving current: saved/LFM-1b_artist_20U50I_25strat/CKE/CKE-Apr-06-2024_02-51-48.pth
Sat 06 Apr 2024 02:53:49 INFO  epoch 6 training [time: 1.26s, train_loss1: 18.1648, train_loss2: 3.4681, train_loss3: 0.0428]
Sat 06 Apr 2024 02:54:02 INFO  epoch 6 evaluating [time: 12.39s, valid_score: 0.035600]
Sat 06 Apr 2024 02:54:02 INFO  valid result: 
recall@10 : 0.1016    mrr@10 : 0.0356    ndcg@10 : 0.0503    hit@10 : 0.1053    precision@10 : 0.0106
Sat 06 Apr 2024 02:54:02 INFO  Saving current: saved/LFM-1b_artist_20U50I_25strat/CKE/CKE-Apr-06-2024_02-51-48.pth
Sat 06 Apr 2024 02:54:04 INFO  epoch 7 training [time: 1.24s, train_loss1: 16.0590, train_loss2: 3.3884, train_loss3: 0.0461]
Sat 06 Apr 2024 02:54:16 INFO  epoch 7 evaluating [time: 12.39s, valid_score: 0.036000]
Sat 06 Apr 2024 02:54:16 INFO  valid result: 
recall@10 : 0.1042    mrr@10 : 0.036    ndcg@10 : 0.0512    hit@10 : 0.1081    precision@10 : 0.0109
Sat 06 Apr 2024 02:54:16 INFO  Saving current: saved/LFM-1b_artist_20U50I_25strat/CKE/CKE-Apr-06-2024_02-51-48.pth
Sat 06 Apr 2024 02:54:18 INFO  epoch 8 training [time: 1.28s, train_loss1: 13.9965, train_loss2: 3.2985, train_loss3: 0.0492]
Sat 06 Apr 2024 02:54:30 INFO  epoch 8 evaluating [time: 12.40s, valid_score: 0.036100]
Sat 06 Apr 2024 02:54:30 INFO  valid result: 
recall@10 : 0.1043    mrr@10 : 0.0361    ndcg@10 : 0.0513    hit@10 : 0.1081    precision@10 : 0.0109
Sat 06 Apr 2024 02:54:31 INFO  Saving current: saved/LFM-1b_artist_20U50I_25strat/CKE/CKE-Apr-06-2024_02-51-48.pth
Sat 06 Apr 2024 02:54:32 INFO  epoch 9 training [time: 1.25s, train_loss1: 12.2377, train_loss2: 3.2449, train_loss3: 0.0521]
Sat 06 Apr 2024 02:54:44 INFO  epoch 9 evaluating [time: 12.42s, valid_score: 0.035800]
Sat 06 Apr 2024 02:54:44 INFO  valid result: 
recall@10 : 0.104    mrr@10 : 0.0358    ndcg@10 : 0.051    hit@10 : 0.1081    precision@10 : 0.0109
Sat 06 Apr 2024 02:54:46 INFO  epoch 10 training [time: 1.39s, train_loss1: 10.8585, train_loss2: 3.1972, train_loss3: 0.0546]
Sat 06 Apr 2024 02:54:58 INFO  epoch 10 evaluating [time: 12.41s, valid_score: 0.035900]
Sat 06 Apr 2024 02:54:58 INFO  valid result: 
recall@10 : 0.1036    mrr@10 : 0.0359    ndcg@10 : 0.0509    hit@10 : 0.1075    precision@10 : 0.0108
Sat 06 Apr 2024 02:55:00 INFO  epoch 11 training [time: 1.42s, train_loss1: 9.7659, train_loss2: 3.1284, train_loss3: 0.0567]
Sat 06 Apr 2024 02:55:12 INFO  epoch 11 evaluating [time: 12.43s, valid_score: 0.036100]
Sat 06 Apr 2024 02:55:12 INFO  valid result: 
recall@10 : 0.1053    mrr@10 : 0.0361    ndcg@10 : 0.0515    hit@10 : 0.1093    precision@10 : 0.011
Sat 06 Apr 2024 02:55:13 INFO  Saving current: saved/LFM-1b_artist_20U50I_25strat/CKE/CKE-Apr-06-2024_02-51-48.pth
Sat 06 Apr 2024 02:55:14 INFO  epoch 12 training [time: 1.20s, train_loss1: 8.9527, train_loss2: 3.0820, train_loss3: 0.0586]
Sat 06 Apr 2024 02:55:26 INFO  epoch 12 evaluating [time: 12.42s, valid_score: 0.036100]
Sat 06 Apr 2024 02:55:26 INFO  valid result: 
recall@10 : 0.1051    mrr@10 : 0.0361    ndcg@10 : 0.0514    hit@10 : 0.109    precision@10 : 0.0109
Sat 06 Apr 2024 02:55:27 INFO  Saving current: saved/LFM-1b_artist_20U50I_25strat/CKE/CKE-Apr-06-2024_02-51-48.pth
Sat 06 Apr 2024 02:55:28 INFO  epoch 13 training [time: 1.24s, train_loss1: 8.3220, train_loss2: 3.0646, train_loss3: 0.0602]
Sat 06 Apr 2024 02:55:40 INFO  epoch 13 evaluating [time: 12.45s, valid_score: 0.035900]
Sat 06 Apr 2024 02:55:40 INFO  valid result: 
recall@10 : 0.1046    mrr@10 : 0.0359    ndcg@10 : 0.0512    hit@10 : 0.1084    precision@10 : 0.0109
Sat 06 Apr 2024 02:55:42 INFO  epoch 14 training [time: 1.40s, train_loss1: 7.6942, train_loss2: 3.0151, train_loss3: 0.0616]
Sat 06 Apr 2024 02:55:54 INFO  epoch 14 evaluating [time: 12.50s, valid_score: 0.036000]
Sat 06 Apr 2024 02:55:54 INFO  valid result: 
recall@10 : 0.1053    mrr@10 : 0.036    ndcg@10 : 0.0514    hit@10 : 0.1093    precision@10 : 0.011
Sat 06 Apr 2024 02:55:56 INFO  epoch 15 training [time: 1.36s, train_loss1: 7.2382, train_loss2: 2.9772, train_loss3: 0.0629]
Sat 06 Apr 2024 02:56:08 INFO  epoch 15 evaluating [time: 12.45s, valid_score: 0.036400]
Sat 06 Apr 2024 02:56:08 INFO  valid result: 
recall@10 : 0.1051    mrr@10 : 0.0364    ndcg@10 : 0.0517    hit@10 : 0.1091    precision@10 : 0.011
Sat 06 Apr 2024 02:56:09 INFO  Saving current: saved/LFM-1b_artist_20U50I_25strat/CKE/CKE-Apr-06-2024_02-51-48.pth
Sat 06 Apr 2024 02:56:10 INFO  epoch 16 training [time: 1.25s, train_loss1: 6.8580, train_loss2: 2.9529, train_loss3: 0.0640]
Sat 06 Apr 2024 02:56:23 INFO  epoch 16 evaluating [time: 12.45s, valid_score: 0.036300]
Sat 06 Apr 2024 02:56:23 INFO  valid result: 
recall@10 : 0.1051    mrr@10 : 0.0363    ndcg@10 : 0.0516    hit@10 : 0.1091    precision@10 : 0.011
Sat 06 Apr 2024 02:56:24 INFO  epoch 17 training [time: 1.33s, train_loss1: 6.4804, train_loss2: 2.9313, train_loss3: 0.0650]
Sat 06 Apr 2024 02:56:36 INFO  epoch 17 evaluating [time: 12.48s, valid_score: 0.036100]
Sat 06 Apr 2024 02:56:36 INFO  valid result: 
recall@10 : 0.1039    mrr@10 : 0.0361    ndcg@10 : 0.0512    hit@10 : 0.1079    precision@10 : 0.0108
Sat 06 Apr 2024 02:56:38 INFO  epoch 18 training [time: 1.36s, train_loss1: 6.1853, train_loss2: 2.9218, train_loss3: 0.0660]
Sat 06 Apr 2024 02:56:50 INFO  epoch 18 evaluating [time: 12.46s, valid_score: 0.035600]
Sat 06 Apr 2024 02:56:50 INFO  valid result: 
recall@10 : 0.1035    mrr@10 : 0.0356    ndcg@10 : 0.0507    hit@10 : 0.1075    precision@10 : 0.0108
Sat 06 Apr 2024 02:56:52 INFO  epoch 19 training [time: 1.39s, train_loss1: 5.9038, train_loss2: 2.9010, train_loss3: 0.0669]
Sat 06 Apr 2024 02:57:04 INFO  epoch 19 evaluating [time: 12.49s, valid_score: 0.036200]
Sat 06 Apr 2024 02:57:04 INFO  valid result: 
recall@10 : 0.1053    mrr@10 : 0.0362    ndcg@10 : 0.0515    hit@10 : 0.1095    precision@10 : 0.011
Sat 06 Apr 2024 02:57:06 INFO  epoch 20 training [time: 1.47s, train_loss1: 5.6119, train_loss2: 2.8773, train_loss3: 0.0676]
Sat 06 Apr 2024 02:57:18 INFO  epoch 20 evaluating [time: 12.49s, valid_score: 0.036200]
Sat 06 Apr 2024 02:57:18 INFO  valid result: 
recall@10 : 0.1058    mrr@10 : 0.0362    ndcg@10 : 0.0517    hit@10 : 0.1096    precision@10 : 0.011
Sat 06 Apr 2024 02:57:19 INFO  epoch 21 training [time: 1.35s, train_loss1: 5.3625, train_loss2: 2.8318, train_loss3: 0.0684]
Sat 06 Apr 2024 02:57:32 INFO  epoch 21 evaluating [time: 12.54s, valid_score: 0.036300]
Sat 06 Apr 2024 02:57:32 INFO  valid result: 
recall@10 : 0.1057    mrr@10 : 0.0363    ndcg@10 : 0.0517    hit@10 : 0.1095    precision@10 : 0.011
Sat 06 Apr 2024 02:57:33 INFO  epoch 22 training [time: 1.40s, train_loss1: 5.1663, train_loss2: 2.8380, train_loss3: 0.0692]
Sat 06 Apr 2024 02:57:46 INFO  epoch 22 evaluating [time: 12.58s, valid_score: 0.037000]
Sat 06 Apr 2024 02:57:46 INFO  valid result: 
recall@10 : 0.106    mrr@10 : 0.037    ndcg@10 : 0.0523    hit@10 : 0.1099    precision@10 : 0.011
Sat 06 Apr 2024 02:57:47 INFO  Saving current: saved/LFM-1b_artist_20U50I_25strat/CKE/CKE-Apr-06-2024_02-51-48.pth
Sat 06 Apr 2024 02:57:48 INFO  epoch 23 training [time: 1.26s, train_loss1: 4.9538, train_loss2: 2.8118, train_loss3: 0.0698]
Sat 06 Apr 2024 02:58:00 INFO  epoch 23 evaluating [time: 12.44s, valid_score: 0.037200]
Sat 06 Apr 2024 02:58:00 INFO  valid result: 
recall@10 : 0.1071    mrr@10 : 0.0372    ndcg@10 : 0.0527    hit@10 : 0.111    precision@10 : 0.0111
Sat 06 Apr 2024 02:58:01 INFO  Saving current: saved/LFM-1b_artist_20U50I_25strat/CKE/CKE-Apr-06-2024_02-51-48.pth
Sat 06 Apr 2024 02:58:02 INFO  epoch 24 training [time: 1.24s, train_loss1: 4.7638, train_loss2: 2.8349, train_loss3: 0.0704]
Sat 06 Apr 2024 02:58:14 INFO  epoch 24 evaluating [time: 12.45s, valid_score: 0.037300]
Sat 06 Apr 2024 02:58:14 INFO  valid result: 
recall@10 : 0.1067    mrr@10 : 0.0373    ndcg@10 : 0.0528    hit@10 : 0.1108    precision@10 : 0.0111
Sat 06 Apr 2024 02:58:15 INFO  Saving current: saved/LFM-1b_artist_20U50I_25strat/CKE/CKE-Apr-06-2024_02-51-48.pth
Sat 06 Apr 2024 02:58:16 INFO  epoch 25 training [time: 1.20s, train_loss1: 4.5745, train_loss2: 2.7691, train_loss3: 0.0710]
Sat 06 Apr 2024 02:58:29 INFO  epoch 25 evaluating [time: 12.48s, valid_score: 0.037400]
Sat 06 Apr 2024 02:58:29 INFO  valid result: 
recall@10 : 0.1054    mrr@10 : 0.0374    ndcg@10 : 0.0524    hit@10 : 0.1094    precision@10 : 0.011
Sat 06 Apr 2024 02:58:29 INFO  Saving current: saved/LFM-1b_artist_20U50I_25strat/CKE/CKE-Apr-06-2024_02-51-48.pth
Sat 06 Apr 2024 02:58:31 INFO  epoch 26 training [time: 1.22s, train_loss1: 4.3191, train_loss2: 2.7741, train_loss3: 0.0716]
Sat 06 Apr 2024 02:58:43 INFO  epoch 26 evaluating [time: 12.46s, valid_score: 0.037400]
Sat 06 Apr 2024 02:58:43 INFO  valid result: 
recall@10 : 0.1069    mrr@10 : 0.0374    ndcg@10 : 0.0528    hit@10 : 0.1109    precision@10 : 0.0111
Sat 06 Apr 2024 02:58:44 INFO  Saving current: saved/LFM-1b_artist_20U50I_25strat/CKE/CKE-Apr-06-2024_02-51-48.pth
Sat 06 Apr 2024 02:58:45 INFO  epoch 27 training [time: 1.30s, train_loss1: 4.1664, train_loss2: 2.7724, train_loss3: 0.0721]
Sat 06 Apr 2024 02:58:57 INFO  epoch 27 evaluating [time: 12.48s, valid_score: 0.037200]
Sat 06 Apr 2024 02:58:57 INFO  valid result: 
recall@10 : 0.1046    mrr@10 : 0.0372    ndcg@10 : 0.0521    hit@10 : 0.1086    precision@10 : 0.0109
Sat 06 Apr 2024 02:58:59 INFO  epoch 28 training [time: 1.34s, train_loss1: 4.0039, train_loss2: 2.7766, train_loss3: 0.0727]
Sat 06 Apr 2024 02:59:11 INFO  epoch 28 evaluating [time: 12.46s, valid_score: 0.037300]
Sat 06 Apr 2024 02:59:11 INFO  valid result: 
recall@10 : 0.1047    mrr@10 : 0.0373    ndcg@10 : 0.0522    hit@10 : 0.1085    precision@10 : 0.0109
Sat 06 Apr 2024 02:59:13 INFO  epoch 29 training [time: 1.35s, train_loss1: 3.8767, train_loss2: 2.7627, train_loss3: 0.0732]
Sat 06 Apr 2024 02:59:25 INFO  epoch 29 evaluating [time: 12.49s, valid_score: 0.036700]
Sat 06 Apr 2024 02:59:25 INFO  valid result: 
recall@10 : 0.1051    mrr@10 : 0.0367    ndcg@10 : 0.0519    hit@10 : 0.1089    precision@10 : 0.0109
Sat 06 Apr 2024 02:59:27 INFO  epoch 30 training [time: 1.39s, train_loss1: 3.7028, train_loss2: 2.7499, train_loss3: 0.0737]
Sat 06 Apr 2024 02:59:39 INFO  epoch 30 evaluating [time: 12.75s, valid_score: 0.036700]
Sat 06 Apr 2024 02:59:39 INFO  valid result: 
recall@10 : 0.104    mrr@10 : 0.0367    ndcg@10 : 0.0516    hit@10 : 0.1077    precision@10 : 0.0108
Sat 06 Apr 2024 02:59:41 INFO  epoch 31 training [time: 1.36s, train_loss1: 3.5739, train_loss2: 2.7565, train_loss3: 0.0742]
Sat 06 Apr 2024 02:59:53 INFO  epoch 31 evaluating [time: 12.54s, valid_score: 0.036300]
Sat 06 Apr 2024 02:59:53 INFO  valid result: 
recall@10 : 0.1035    mrr@10 : 0.0363    ndcg@10 : 0.0512    hit@10 : 0.107    precision@10 : 0.0107
Sat 06 Apr 2024 02:59:55 INFO  epoch 32 training [time: 1.39s, train_loss1: 3.3910, train_loss2: 2.7317, train_loss3: 0.0747]
Sat 06 Apr 2024 03:00:07 INFO  epoch 32 evaluating [time: 12.66s, valid_score: 0.036000]
Sat 06 Apr 2024 03:00:07 INFO  valid result: 
recall@10 : 0.1026    mrr@10 : 0.036    ndcg@10 : 0.0507    hit@10 : 0.1063    precision@10 : 0.0107
Sat 06 Apr 2024 03:00:09 INFO  epoch 33 training [time: 1.33s, train_loss1: 3.2676, train_loss2: 2.7468, train_loss3: 0.0751]
Sat 06 Apr 2024 03:00:21 INFO  epoch 33 evaluating [time: 12.55s, valid_score: 0.036200]
Sat 06 Apr 2024 03:00:21 INFO  valid result: 
recall@10 : 0.1029    mrr@10 : 0.0362    ndcg@10 : 0.0509    hit@10 : 0.1067    precision@10 : 0.0107
Sat 06 Apr 2024 03:00:22 INFO  epoch 34 training [time: 1.31s, train_loss1: 3.1639, train_loss2: 2.7198, train_loss3: 0.0755]
Sat 06 Apr 2024 03:00:35 INFO  epoch 34 evaluating [time: 12.57s, valid_score: 0.036100]
Sat 06 Apr 2024 03:00:35 INFO  valid result: 
recall@10 : 0.1031    mrr@10 : 0.0361    ndcg@10 : 0.0509    hit@10 : 0.1068    precision@10 : 0.0107
Sat 06 Apr 2024 03:00:36 INFO  epoch 35 training [time: 1.34s, train_loss1: 3.0022, train_loss2: 2.7057, train_loss3: 0.0759]
Sat 06 Apr 2024 03:00:49 INFO  epoch 35 evaluating [time: 12.57s, valid_score: 0.036200]
Sat 06 Apr 2024 03:00:49 INFO  valid result: 
recall@10 : 0.1038    mrr@10 : 0.0362    ndcg@10 : 0.0511    hit@10 : 0.1077    precision@10 : 0.0108
Sat 06 Apr 2024 03:00:50 INFO  epoch 36 training [time: 1.37s, train_loss1: 2.9541, train_loss2: 2.7234, train_loss3: 0.0764]
Sat 06 Apr 2024 03:01:03 INFO  epoch 36 evaluating [time: 12.58s, valid_score: 0.037000]
Sat 06 Apr 2024 03:01:03 INFO  valid result: 
recall@10 : 0.104    mrr@10 : 0.037    ndcg@10 : 0.0518    hit@10 : 0.1079    precision@10 : 0.0108
Sat 06 Apr 2024 03:01:04 INFO  epoch 37 training [time: 1.39s, train_loss1: 2.8443, train_loss2: 2.7122, train_loss3: 0.0768]
Sat 06 Apr 2024 03:01:17 INFO  epoch 37 evaluating [time: 12.57s, valid_score: 0.037300]
Sat 06 Apr 2024 03:01:17 INFO  valid result: 
recall@10 : 0.1038    mrr@10 : 0.0373    ndcg@10 : 0.052    hit@10 : 0.1077    precision@10 : 0.0108
Sat 06 Apr 2024 03:01:17 INFO  Finished training, best eval result in epoch 26
Sat 06 Apr 2024 03:01:18 INFO  Loading model structure and parameters from saved/LFM-1b_artist_20U50I_25strat/CKE/CKE-Apr-06-2024_02-51-48.pth
Sat 06 Apr 2024 03:01:35 INFO  The running environment of this training is as follows:
+-------------+----------------+
| Environment |     Usage      |
+=============+================+
| CPU         |     0.80 %     |
+-------------+----------------+
| GPU         | 0.23 G/14.58 G |
+-------------+----------------+
| Memory      | 1.39 G/27.41 G |
+-------------+----------------+
Sat 06 Apr 2024 03:01:35 INFO  best valid : OrderedDict([('recall@10', 0.1069), ('mrr@10', 0.0374), ('ndcg@10', 0.0528), ('hit@10', 0.1109), ('precision@10', 0.0111)])
Sat 06 Apr 2024 03:01:35 INFO  test result: OrderedDict([('recall@10', 0.1066), ('mrr@10', 0.0388), ('ndcg@10', 0.0539), ('hit@10', 0.1095), ('precision@10', 0.011)])
Sat 06 Apr 2024 03:01:37 INFO  
General Hyper Parameters:
gpu_id = 0
use_gpu = True
seed = 2020
state = INFO
reproducibility = True
data_path = data/LFM-1b_artist_20U50I_25strat
checkpoint_dir = saved/LFM-1b_artist_20U50I_25strat/CKE
show_progress = True
save_dataset = False
dataset_save_path = None
save_dataloaders = False
dataloaders_save_path = None
log_wandb = False

Training Hyper Parameters:
epochs = 200
train_batch_size = 2048
learner = adam
learning_rate = 0.001
train_neg_sample_args = {'distribution': 'uniform', 'sample_num': 1, 'dynamic': False, 'candidate_num': 0, 'alpha': 1.0}
eval_step = 1
stopping_step = 10
clip_grad_norm = None
weight_decay = 0.0
loss_decimal_place = 4

Evaluation Hyper Parameters:
eval_args = {'split': {'RS': [0.8, 0.1, 0.1]}, 'order': 'RO', 'group_by': 'user', 'mode': {'valid': 'full', 'test': 'full'}}
repeatable = False
metrics = ['Recall', 'MRR', 'NDCG', 'Hit', 'Precision']
topk = [10]
valid_metric = MRR@10
valid_metric_bigger = True
eval_batch_size = 4096
metric_decimal_place = 4

Dataset Hyper Parameters:
field_separator = 	
seq_separator =  
USER_ID_FIELD = user_id
ITEM_ID_FIELD = item_id
RATING_FIELD = rating
TIME_FIELD = timestamp
seq_len = None
LABEL_FIELD = label
threshold = None
NEG_PREFIX = neg_
load_col = {'inter': ['user_id', 'item_id', 'rating', 'timestamp'], 'kg': ['head_id', 'relation_id', 'tail_id'], 'link': ['item_id', 'entity_id']}
unload_col = None
unused_col = None
additional_feat_suffix = None
rm_dup_inter = None
val_interval = None
filter_inter_by_user_or_item = True
user_inter_num_interval = [0,inf)
item_inter_num_interval = [0,inf)
alias_of_user_id = None
alias_of_item_id = None
alias_of_entity_id = None
alias_of_relation_id = None
preload_weight = None
normalize_field = None
normalize_all = None
ITEM_LIST_LENGTH_FIELD = item_length
LIST_SUFFIX = _list
MAX_ITEM_LIST_LENGTH = 50
POSITION_FIELD = position_id
HEAD_ENTITY_ID_FIELD = head_id
TAIL_ENTITY_ID_FIELD = tail_id
RELATION_ID_FIELD = relation_id
ENTITY_ID_FIELD = entity_id
benchmark_filename = None

Other Hyper Parameters: 
worker = 0
wandb_project = recbole
shuffle = True
require_pow = False
enable_amp = False
enable_scaler = False
transform = None
embedding_size = 64
kg_embedding_size = 64
reg_weights = [0.01, 0.01]
numerical_features = []
discretization = None
kg_reverse_r = False
entity_kg_num_interval = [0,inf)
relation_kg_num_interval = [0,inf)
MODEL_TYPE = ModelType.KNOWLEDGE
encoding = utf-8
device = cuda
my_log_file = /mnt/batch/tasks/shared/LS_root/mounts/clusters/fontanagpu/code/sustainability-of-recsys/log/carbon_default.log
MODEL_INPUT_TYPE = InputType.PAIRWISE
eval_type = EvaluatorType.RANKING
single_spec = True
local_rank = 0
valid_neg_sample_args = {'distribution': 'uniform', 'sample_num': 'none'}
test_neg_sample_args = {'distribution': 'uniform', 'sample_num': 'none'}


Sat 06 Apr 2024 03:01:42 INFO  LFM-1b_artist_20U50I_25strat
The number of users: 17111
Average actions of users: 5.287258912916423
The number of items: 9445
Average actions of items: 9.579097839898347
The number of inters: 90465
The sparsity of the dataset: 99.9440238230253%
Remain Fields: ['entity_id', 'user_id', 'item_id', 'head_id', 'relation_id', 'tail_id']
The number of entities: 32908
The number of relations: 7
The number of triples: 29822
The number of items that have been linked to KG: 9444
Sat 06 Apr 2024 03:01:43 INFO  [Training]: train_batch_size = [2048] train_neg_sample_args: [{'distribution': 'uniform', 'sample_num': 1, 'dynamic': False, 'candidate_num': 0, 'alpha': 1.0}]
Sat 06 Apr 2024 03:01:43 INFO  [Evaluation]: eval_batch_size = [4096] eval_args: [{'split': {'RS': [0.8, 0.1, 0.1]}, 'order': 'RO', 'group_by': 'user', 'mode': {'valid': 'full', 'test': 'full'}}]
Sat 06 Apr 2024 03:01:43 INFO  Loading model structure and parameters from saved/LFM-1b_artist_20U50I_25strat/CKE/CKE-Apr-06-2024_02-51-48.pth
