Tue 16 Apr 2024 08:54:55 INFO  ['src/default_tracker.py', '--dataset=ml-10m_60U10I', '--model=CKE']
Tue 16 Apr 2024 08:54:55 INFO  
General Hyper Parameters:
gpu_id = 0
use_gpu = True
seed = 2020
state = INFO
reproducibility = True
data_path = data/ml-10m_60U10I
checkpoint_dir = saved/ml-10m_60U10I/CKE
show_progress = True
save_dataset = False
dataset_save_path = None
save_dataloaders = False
dataloaders_save_path = None
log_wandb = False

Training Hyper Parameters:
epochs = 1
train_batch_size = 2048
learner = adam
learning_rate = 0.001
train_neg_sample_args = {'distribution': 'uniform', 'sample_num': 1, 'dynamic': False, 'candidate_num': 0, 'alpha': 1.0}
eval_step = 1
stopping_step = 10
clip_grad_norm = None
weight_decay = 0.0
loss_decimal_place = 4

Evaluation Hyper Parameters:
eval_args = {'split': {'RS': [0.8, 0.1, 0.1]}, 'order': 'RO', 'group_by': 'user', 'mode': {'valid': 'full', 'test': 'full'}}
repeatable = False
metrics = ['Recall', 'MRR', 'NDCG', 'Hit', 'MAP', 'Precision', 'GAUC', 'ItemCoverage', 'AveragePopularity', 'GiniIndex', 'ShannonEntropy', 'TailPercentage']
topk = [10]
valid_metric = MRR@10
valid_metric_bigger = True
eval_batch_size = 4096
metric_decimal_place = 4

Dataset Hyper Parameters:
field_separator = 	
seq_separator =  
USER_ID_FIELD = user_id
ITEM_ID_FIELD = item_id
RATING_FIELD = rating
TIME_FIELD = timestamp
seq_len = None
LABEL_FIELD = label
threshold = None
NEG_PREFIX = neg_
load_col = {'inter': ['user_id', 'item_id', 'rating', 'timestamp'], 'kg': ['head_id', 'relation_id', 'tail_id'], 'link': ['item_id', 'entity_id']}
unload_col = None
unused_col = None
additional_feat_suffix = None
rm_dup_inter = None
val_interval = None
filter_inter_by_user_or_item = True
user_inter_num_interval = [0,inf)
item_inter_num_interval = [0,inf)
alias_of_user_id = None
alias_of_item_id = None
alias_of_entity_id = None
alias_of_relation_id = None
preload_weight = None
normalize_field = None
normalize_all = None
ITEM_LIST_LENGTH_FIELD = item_length
LIST_SUFFIX = _list
MAX_ITEM_LIST_LENGTH = 50
POSITION_FIELD = position_id
HEAD_ENTITY_ID_FIELD = head_id
TAIL_ENTITY_ID_FIELD = tail_id
RELATION_ID_FIELD = relation_id
ENTITY_ID_FIELD = entity_id
benchmark_filename = None

Other Hyper Parameters: 
worker = 0
wandb_project = recbole
shuffle = True
require_pow = False
enable_amp = False
enable_scaler = False
transform = None
embedding_size = 64
kg_embedding_size = 64
reg_weights = [0.01, 0.01]
numerical_features = []
discretization = None
kg_reverse_r = False
entity_kg_num_interval = [0,inf)
relation_kg_num_interval = [0,inf)
MODEL_TYPE = ModelType.KNOWLEDGE
encoding = utf-8
device = cuda
my_log_file = /mnt/batch/tasks/shared/LS_root/mounts/clusters/fontanagpu/code/sustainability-of-recsys/log/carbon_default.log
MODEL_INPUT_TYPE = InputType.PAIRWISE
eval_type = EvaluatorType.RANKING
single_spec = True
local_rank = 0
valid_neg_sample_args = {'distribution': 'uniform', 'sample_num': 'none'}
test_neg_sample_args = {'distribution': 'uniform', 'sample_num': 'none'}


Tue 16 Apr 2024 08:55:27 INFO  ml-10m_60U10I
The number of users: 60001
Average actions of users: 139.92561666666666
The number of items: 9939
Average actions of items: 844.7914067216744
The number of inters: 8395537
The sparsity of the dataset: 98.59217944851673%
Remain Fields: ['entity_id', 'user_id', 'item_id', 'rating', 'head_id', 'relation_id', 'tail_id']
The number of entities: 175587
The number of relations: 33
The number of triples: 521223
The number of items that have been linked to KG: 9938
Tue 16 Apr 2024 08:55:54 INFO  [Training]: train_batch_size = [2048] train_neg_sample_args: [{'distribution': 'uniform', 'sample_num': 1, 'dynamic': False, 'candidate_num': 0, 'alpha': 1.0}]
Tue 16 Apr 2024 08:55:54 INFO  [Evaluation]: eval_batch_size = [4096] eval_args: [{'split': {'RS': [0.8, 0.1, 0.1]}, 'order': 'RO', 'group_by': 'user', 'mode': {'valid': 'full', 'test': 'full'}}]
Tue 16 Apr 2024 08:55:55 INFO  CKE(
  (user_embedding): Embedding(60001, 64)
  (item_embedding): Embedding(9939, 64)
  (entity_embedding): Embedding(175587, 64)
  (relation_embedding): Embedding(33, 64)
  (trans_w): Embedding(33, 4096)
  (rec_loss): BPRLoss()
  (kg_loss): BPRLoss()
  (reg_loss): EmbLoss()
)
Trainable parameters: 15851008
Tue 16 Apr 2024 08:56:02 INFO  FLOPs: 192.0
Tue 16 Apr 2024 08:58:39 INFO  epoch 0 training [time: 121.48s, train_loss1: 896.6138, train_loss2: 471.5312, train_loss3: 6.7004]
Tue 16 Apr 2024 09:01:40 INFO  epoch 0 evaluating [time: 180.42s, valid_score: 0.220200]
Tue 16 Apr 2024 09:01:40 INFO  valid result: 
recall@10 : 0.0898    mrr@10 : 0.2202    ndcg@10 : 0.1153    hit@10 : 0.4678    map@10 : 0.0576    precision@10 : 0.0855    gauc : 0.9239    itemcoverage@10 : 0.0368    averagepopularity@10 : 19279.8553    giniindex@10 : 0.998    shannonentropy@10 : 0.0089    tailpercentage@10 : 0.0002
Tue 16 Apr 2024 09:01:42 INFO  Saving current: saved/ml-10m_60U10I/CKE/CKE-Apr-16-2024_08-56-02.pth
Tue 16 Apr 2024 09:01:43 INFO  Loading model structure and parameters from saved/ml-10m_60U10I/CKE/CKE-Apr-16-2024_08-56-02.pth
Tue 16 Apr 2024 09:04:41 INFO  The running environment of this training is as follows:
+-------------+----------------+
| Environment |     Usage      |
+=============+================+
| CPU         |     5.30 %     |
+-------------+----------------+
| GPU         | 0.53 G/15.57 G |
+-------------+----------------+
| Memory      | 3.56 G/27.41 G |
+-------------+----------------+
Tue 16 Apr 2024 09:04:41 INFO  best valid : OrderedDict([('recall@10', 0.0898), ('mrr@10', 0.2202), ('ndcg@10', 0.1153), ('hit@10', 0.4678), ('map@10', 0.0576), ('precision@10', 0.0855), ('gauc', 0.9239), ('itemcoverage@10', 0.0368), ('averagepopularity@10', 19279.8553), ('giniindex@10', 0.998), ('shannonentropy@10', 0.0089), ('tailpercentage@10', 0.0002)])
Tue 16 Apr 2024 09:04:41 INFO  test result: OrderedDict([('recall@10', 0.0968), ('mrr@10', 0.2534), ('ndcg@10', 0.1368), ('hit@10', 0.4842), ('map@10', 0.0754), ('precision@10', 0.1016), ('gauc', 0.9261), ('itemcoverage@10', 0.0452), ('averagepopularity@10', 18951.2006), ('giniindex@10', 0.9976), ('shannonentropy@10', 0.0076), ('tailpercentage@10', 0.0002)])
Tue 16 Apr 2024 09:04:45 INFO  
General Hyper Parameters:
gpu_id = 0
use_gpu = True
seed = 2020
state = INFO
reproducibility = True
data_path = data/ml-10m_60U10I
checkpoint_dir = saved/ml-10m_60U10I/CKE
show_progress = True
save_dataset = False
dataset_save_path = None
save_dataloaders = False
dataloaders_save_path = None
log_wandb = False

Training Hyper Parameters:
epochs = 1
train_batch_size = 2048
learner = adam
learning_rate = 0.001
train_neg_sample_args = {'distribution': 'uniform', 'sample_num': 1, 'dynamic': False, 'candidate_num': 0, 'alpha': 1.0}
eval_step = 1
stopping_step = 10
clip_grad_norm = None
weight_decay = 0.0
loss_decimal_place = 4

Evaluation Hyper Parameters:
eval_args = {'split': {'RS': [0.8, 0.1, 0.1]}, 'order': 'RO', 'group_by': 'user', 'mode': {'valid': 'full', 'test': 'full'}}
repeatable = False
metrics = ['Recall', 'MRR', 'NDCG', 'Hit', 'MAP', 'Precision', 'GAUC', 'ItemCoverage', 'AveragePopularity', 'GiniIndex', 'ShannonEntropy', 'TailPercentage']
topk = [10]
valid_metric = MRR@10
valid_metric_bigger = True
eval_batch_size = 4096
metric_decimal_place = 4

Dataset Hyper Parameters:
field_separator = 	
seq_separator =  
USER_ID_FIELD = user_id
ITEM_ID_FIELD = item_id
RATING_FIELD = rating
TIME_FIELD = timestamp
seq_len = None
LABEL_FIELD = label
threshold = None
NEG_PREFIX = neg_
load_col = {'inter': ['user_id', 'item_id', 'rating', 'timestamp'], 'kg': ['head_id', 'relation_id', 'tail_id'], 'link': ['item_id', 'entity_id']}
unload_col = None
unused_col = None
additional_feat_suffix = None
rm_dup_inter = None
val_interval = None
filter_inter_by_user_or_item = True
user_inter_num_interval = [0,inf)
item_inter_num_interval = [0,inf)
alias_of_user_id = None
alias_of_item_id = None
alias_of_entity_id = None
alias_of_relation_id = None
preload_weight = None
normalize_field = None
normalize_all = None
ITEM_LIST_LENGTH_FIELD = item_length
LIST_SUFFIX = _list
MAX_ITEM_LIST_LENGTH = 50
POSITION_FIELD = position_id
HEAD_ENTITY_ID_FIELD = head_id
TAIL_ENTITY_ID_FIELD = tail_id
RELATION_ID_FIELD = relation_id
ENTITY_ID_FIELD = entity_id
benchmark_filename = None

Other Hyper Parameters: 
worker = 0
wandb_project = recbole
shuffle = True
require_pow = False
enable_amp = False
enable_scaler = False
transform = None
embedding_size = 64
kg_embedding_size = 64
reg_weights = [0.01, 0.01]
numerical_features = []
discretization = None
kg_reverse_r = False
entity_kg_num_interval = [0,inf)
relation_kg_num_interval = [0,inf)
MODEL_TYPE = ModelType.KNOWLEDGE
encoding = utf-8
device = cuda
my_log_file = /mnt/batch/tasks/shared/LS_root/mounts/clusters/fontanagpu/code/sustainability-of-recsys/log/carbon_default.log
MODEL_INPUT_TYPE = InputType.PAIRWISE
eval_type = EvaluatorType.RANKING
single_spec = True
local_rank = 0
valid_neg_sample_args = {'distribution': 'uniform', 'sample_num': 'none'}
test_neg_sample_args = {'distribution': 'uniform', 'sample_num': 'none'}


Tue 16 Apr 2024 09:05:17 INFO  ml-10m_60U10I
The number of users: 60001
Average actions of users: 139.92561666666666
The number of items: 9939
Average actions of items: 844.7914067216744
The number of inters: 8395537
The sparsity of the dataset: 98.59217944851673%
Remain Fields: ['entity_id', 'user_id', 'item_id', 'rating', 'head_id', 'relation_id', 'tail_id']
The number of entities: 175587
The number of relations: 33
The number of triples: 521223
The number of items that have been linked to KG: 9938
Tue 16 Apr 2024 09:05:44 INFO  [Training]: train_batch_size = [2048] train_neg_sample_args: [{'distribution': 'uniform', 'sample_num': 1, 'dynamic': False, 'candidate_num': 0, 'alpha': 1.0}]
Tue 16 Apr 2024 09:05:44 INFO  [Evaluation]: eval_batch_size = [4096] eval_args: [{'split': {'RS': [0.8, 0.1, 0.1]}, 'order': 'RO', 'group_by': 'user', 'mode': {'valid': 'full', 'test': 'full'}}]
Tue 16 Apr 2024 09:05:48 INFO  Loading model structure and parameters from saved/ml-10m_60U10I/CKE/CKE-Apr-16-2024_08-56-02.pth
