Fri 10 May 2024 09:54:11 INFO  ['src/default_tracker2.py', '--dataset=amazon_books_60core_kg', '--model=MultiDAE', '--max_emission_step=-1']
Fri 10 May 2024 09:54:11 INFO  
General Hyper Parameters:
gpu_id = 0
use_gpu = True
seed = 2020
state = INFO
reproducibility = True
data_path = data/amazon_books_60core_kg
checkpoint_dir = saved/amazon_books_60core_kg/MultiDAE
show_progress = True
save_dataset = False
dataset_save_path = None
save_dataloaders = False
dataloaders_save_path = None
log_wandb = False

Training Hyper Parameters:
epochs = 200
train_batch_size = 2048
learner = adam
learning_rate = 0.001
train_neg_sample_args = {'distribution': 'uniform', 'sample_num': 1, 'dynamic': False, 'candidate_num': 0, 'alpha': 1.0}
eval_step = 1
stopping_step = 10
clip_grad_norm = None
weight_decay = 0.0
loss_decimal_place = 4

Evaluation Hyper Parameters:
eval_args = {'split': {'RS': [0.8, 0.1, 0.1]}, 'order': 'RO', 'group_by': 'user', 'mode': {'valid': 'full', 'test': 'full'}}
repeatable = False
metrics = ['Recall', 'MRR', 'NDCG', 'Hit', 'MAP', 'Precision', 'GAUC', 'ItemCoverage', 'AveragePopularity', 'GiniIndex', 'ShannonEntropy', 'TailPercentage']
topk = [10]
valid_metric = MRR@10
valid_metric_bigger = True
eval_batch_size = 4096
metric_decimal_place = 4

Dataset Hyper Parameters:
field_separator = 	
seq_separator =  
USER_ID_FIELD = user_id
ITEM_ID_FIELD = item_id
RATING_FIELD = rating
TIME_FIELD = timestamp
seq_len = None
LABEL_FIELD = label
threshold = None
NEG_PREFIX = neg_
load_col = {'inter': ['user_id', 'item_id']}
unload_col = None
unused_col = None
additional_feat_suffix = None
rm_dup_inter = None
val_interval = None
filter_inter_by_user_or_item = True
user_inter_num_interval = [0,inf)
item_inter_num_interval = [0,inf)
alias_of_user_id = None
alias_of_item_id = None
alias_of_entity_id = None
alias_of_relation_id = None
preload_weight = None
normalize_field = None
normalize_all = None
ITEM_LIST_LENGTH_FIELD = item_length
LIST_SUFFIX = _list
MAX_ITEM_LIST_LENGTH = 50
POSITION_FIELD = position_id
HEAD_ENTITY_ID_FIELD = head_id
TAIL_ENTITY_ID_FIELD = tail_id
RELATION_ID_FIELD = relation_id
ENTITY_ID_FIELD = entity_id
benchmark_filename = None

Other Hyper Parameters: 
worker = 0
wandb_project = recbole
shuffle = True
require_pow = False
enable_amp = False
enable_scaler = False
transform = None
mlp_hidden_size = [600]
latent_dimension = 64
dropout_prob = 0.5
numerical_features = []
discretization = None
kg_reverse_r = False
entity_kg_num_interval = [0,inf)
relation_kg_num_interval = [0,inf)
MODEL_TYPE = ModelType.GENERAL
encoding = utf-8
device = cuda:1
my_log_file = /home/fontana/Tesi/log/carbon_default.log
max_emission_step = -1
MODEL_INPUT_TYPE = InputType.PAIRWISE
eval_type = EvaluatorType.RANKING
single_spec = True
local_rank = 0
valid_neg_sample_args = {'distribution': 'uniform', 'sample_num': 'none'}
test_neg_sample_args = {'distribution': 'uniform', 'sample_num': 'none'}


Fri 10 May 2024 09:54:18 INFO  amazon_books_60core_kg
The number of users: 22156
Average actions of users: 66.16434213495825
The number of items: 54459
Average actions of items: 26.917459326453415
The number of inters: 1465871
The sparsity of the dataset: 99.87851162187994%
Remain Fields: ['user_id', 'item_id']
Fri 10 May 2024 09:54:22 INFO  [Training]: train_batch_size = [2048] train_neg_sample_args: [{'distribution': 'uniform', 'sample_num': 1, 'dynamic': False, 'candidate_num': 0, 'alpha': 1.0}]
Fri 10 May 2024 09:54:22 INFO  [Evaluation]: eval_batch_size = [4096] eval_args: [{'split': {'RS': [0.8, 0.1, 0.1]}, 'order': 'RO', 'group_by': 'user', 'mode': {'valid': 'full', 'test': 'full'}}]
Fri 10 May 2024 09:54:31 INFO  MultiDAE(
  (encoder): MLPLayers(
    (mlp_layers): Sequential(
      (0): Dropout(p=0.0, inplace=False)
      (1): Linear(in_features=54459, out_features=600, bias=True)
      (2): Tanh()
      (3): Dropout(p=0.0, inplace=False)
      (4): Linear(in_features=600, out_features=64, bias=True)
      (5): Tanh()
    )
  )
  (decoder): Sequential(
    (0): Linear(in_features=64, out_features=600, bias=True)
    (1): Tanh()
    (2): Linear(in_features=600, out_features=54459, bias=True)
  )
)
Trainable parameters: 65483323
Fri 10 May 2024 09:54:31 INFO  FLOPs: 65427600.0
Fri 10 May 2024 09:54:41 INFO  epoch 0 training [time: 3.91s, train loss: 6364.7399]
Fri 10 May 2024 09:56:57 INFO  epoch 0 evaluating [time: 136.39s, valid_score: 0.008400]
Fri 10 May 2024 09:56:57 INFO  valid result: 
recall@10 : 0.004    mrr@10 : 0.0084    ndcg@10 : 0.0038    hit@10 : 0.0285    map@10 : 0.0013    precision@10 : 0.0031    gauc : 0.7666    itemcoverage@10 : 0.0024    averagepopularity@10 : 266.7362    giniindex@10 : 0.9997    shannonentropy@10 : 0.025    tailpercentage@10 : 0.0
Fri 10 May 2024 09:57:00 INFO  Saving current: saved/amazon_books_60core_kg/MultiDAE/MultiDAE-May-10-2024_09-54-32.pth
Fri 10 May 2024 09:57:04 INFO  epoch 1 training [time: 3.84s, train loss: 6027.8615]
Fri 10 May 2024 09:59:19 INFO  epoch 1 evaluating [time: 135.30s, valid_score: 0.021800]
Fri 10 May 2024 09:59:19 INFO  valid result: 
recall@10 : 0.0086    mrr@10 : 0.0218    ndcg@10 : 0.0092    hit@10 : 0.0569    map@10 : 0.0038    precision@10 : 0.0065    gauc : 0.8503    itemcoverage@10 : 0.0121    averagepopularity@10 : 362.6907    giniindex@10 : 0.9991    shannonentropy@10 : 0.0062    tailpercentage@10 : 0.0036
Fri 10 May 2024 09:59:29 INFO  Saving current: saved/amazon_books_60core_kg/MultiDAE/MultiDAE-May-10-2024_09-54-32.pth
Fri 10 May 2024 09:59:33 INFO  epoch 2 training [time: 3.83s, train loss: 5754.3194]
Fri 10 May 2024 10:01:48 INFO  epoch 2 evaluating [time: 135.57s, valid_score: 0.026700]
Fri 10 May 2024 10:01:48 INFO  valid result: 
recall@10 : 0.0109    mrr@10 : 0.0267    ndcg@10 : 0.0114    hit@10 : 0.0716    map@10 : 0.0046    precision@10 : 0.0083    gauc : 0.8735    itemcoverage@10 : 0.0107    averagepopularity@10 : 335.5273    giniindex@10 : 0.9986    shannonentropy@10 : 0.0079    tailpercentage@10 : 0.0
Fri 10 May 2024 10:02:00 INFO  Saving current: saved/amazon_books_60core_kg/MultiDAE/MultiDAE-May-10-2024_09-54-32.pth
Fri 10 May 2024 10:02:04 INFO  epoch 3 training [time: 3.93s, train loss: 5577.0089]
Fri 10 May 2024 10:04:19 INFO  epoch 3 evaluating [time: 135.27s, valid_score: 0.029400]
Fri 10 May 2024 10:04:19 INFO  valid result: 
recall@10 : 0.0125    mrr@10 : 0.0294    ndcg@10 : 0.0129    hit@10 : 0.0798    map@10 : 0.0053    precision@10 : 0.0093    gauc : 0.8952    itemcoverage@10 : 0.0134    averagepopularity@10 : 240.2852    giniindex@10 : 0.9973    shannonentropy@10 : 0.0073    tailpercentage@10 : 0.0
Fri 10 May 2024 10:04:30 INFO  Saving current: saved/amazon_books_60core_kg/MultiDAE/MultiDAE-May-10-2024_09-54-32.pth
Fri 10 May 2024 10:04:34 INFO  epoch 4 training [time: 3.83s, train loss: 5451.1416]
Fri 10 May 2024 10:06:49 INFO  epoch 4 evaluating [time: 135.32s, valid_score: 0.037000]
Fri 10 May 2024 10:06:49 INFO  valid result: 
recall@10 : 0.0176    mrr@10 : 0.037    ndcg@10 : 0.017    hit@10 : 0.0984    map@10 : 0.0073    precision@10 : 0.0115    gauc : 0.9083    itemcoverage@10 : 0.0173    averagepopularity@10 : 243.3534    giniindex@10 : 0.9963    shannonentropy@10 : 0.0059    tailpercentage@10 : 0.0
Fri 10 May 2024 10:07:01 INFO  Saving current: saved/amazon_books_60core_kg/MultiDAE/MultiDAE-May-10-2024_09-54-32.pth
Fri 10 May 2024 10:07:04 INFO  epoch 5 training [time: 3.92s, train loss: 5353.6821]
Fri 10 May 2024 10:09:20 INFO  epoch 5 evaluating [time: 135.49s, valid_score: 0.040700]
Fri 10 May 2024 10:09:20 INFO  valid result: 
recall@10 : 0.0204    mrr@10 : 0.0407    ndcg@10 : 0.0191    hit@10 : 0.1079    map@10 : 0.0083    precision@10 : 0.0127    gauc : 0.9171    itemcoverage@10 : 0.0246    averagepopularity@10 : 208.3127    giniindex@10 : 0.9939    shannonentropy@10 : 0.0045    tailpercentage@10 : 0.0
Fri 10 May 2024 10:09:29 INFO  Saving current: saved/amazon_books_60core_kg/MultiDAE/MultiDAE-May-10-2024_09-54-32.pth
Fri 10 May 2024 10:09:33 INFO  epoch 6 training [time: 3.85s, train loss: 5262.4273]
Fri 10 May 2024 10:11:49 INFO  epoch 6 evaluating [time: 135.66s, valid_score: 0.046700]
Fri 10 May 2024 10:11:49 INFO  valid result: 
recall@10 : 0.0237    mrr@10 : 0.0467    ndcg@10 : 0.0222    hit@10 : 0.123    map@10 : 0.0097    precision@10 : 0.0147    gauc : 0.9235    itemcoverage@10 : 0.0331    averagepopularity@10 : 196.8731    giniindex@10 : 0.9919    shannonentropy@10 : 0.0035    tailpercentage@10 : 0.0
Fri 10 May 2024 10:11:57 INFO  Saving current: saved/amazon_books_60core_kg/MultiDAE/MultiDAE-May-10-2024_09-54-32.pth
Fri 10 May 2024 10:12:01 INFO  epoch 7 training [time: 3.85s, train loss: 5189.2237]
Fri 10 May 2024 10:14:17 INFO  epoch 7 evaluating [time: 135.57s, valid_score: 0.051800]
Fri 10 May 2024 10:14:17 INFO  valid result: 
recall@10 : 0.027    mrr@10 : 0.0518    ndcg@10 : 0.025    hit@10 : 0.1359    map@10 : 0.0112    precision@10 : 0.0162    gauc : 0.9285    itemcoverage@10 : 0.0476    averagepopularity@10 : 182.2734    giniindex@10 : 0.9882    shannonentropy@10 : 0.0026    tailpercentage@10 : 0.0
Fri 10 May 2024 10:14:24 INFO  Saving current: saved/amazon_books_60core_kg/MultiDAE/MultiDAE-May-10-2024_09-54-32.pth
Fri 10 May 2024 10:14:28 INFO  epoch 8 training [time: 3.90s, train loss: 5127.5267]
Fri 10 May 2024 10:16:43 INFO  epoch 8 evaluating [time: 135.37s, valid_score: 0.056000]
Fri 10 May 2024 10:16:43 INFO  valid result: 
recall@10 : 0.0296    mrr@10 : 0.056    ndcg@10 : 0.0271    hit@10 : 0.1445    map@10 : 0.0122    precision@10 : 0.0175    gauc : 0.9319    itemcoverage@10 : 0.0626    averagepopularity@10 : 168.5028    giniindex@10 : 0.9836    shannonentropy@10 : 0.0021    tailpercentage@10 : 0.0
Fri 10 May 2024 10:16:51 INFO  Saving current: saved/amazon_books_60core_kg/MultiDAE/MultiDAE-May-10-2024_09-54-32.pth
Fri 10 May 2024 10:16:55 INFO  epoch 9 training [time: 3.87s, train loss: 5075.5179]
Fri 10 May 2024 10:19:12 INFO  epoch 9 evaluating [time: 137.31s, valid_score: 0.059800]
Fri 10 May 2024 10:19:12 INFO  valid result: 
recall@10 : 0.0323    mrr@10 : 0.0598    ndcg@10 : 0.0295    hit@10 : 0.1549    map@10 : 0.0134    precision@10 : 0.0188    gauc : 0.9348    itemcoverage@10 : 0.0811    averagepopularity@10 : 159.4557    giniindex@10 : 0.9792    shannonentropy@10 : 0.0016    tailpercentage@10 : 0.0
Fri 10 May 2024 10:19:21 INFO  Saving current: saved/amazon_books_60core_kg/MultiDAE/MultiDAE-May-10-2024_09-54-32.pth
Fri 10 May 2024 10:19:25 INFO  epoch 10 training [time: 3.90s, train loss: 5020.5388]
Fri 10 May 2024 10:21:40 INFO  epoch 10 evaluating [time: 134.89s, valid_score: 0.062400]
Fri 10 May 2024 10:21:40 INFO  valid result: 
recall@10 : 0.0349    mrr@10 : 0.0624    ndcg@10 : 0.0313    hit@10 : 0.1653    map@10 : 0.0141    precision@10 : 0.0203    gauc : 0.9372    itemcoverage@10 : 0.1016    averagepopularity@10 : 149.2525    giniindex@10 : 0.973    shannonentropy@10 : 0.0014    tailpercentage@10 : 0.0002
Fri 10 May 2024 10:21:48 INFO  Saving current: saved/amazon_books_60core_kg/MultiDAE/MultiDAE-May-10-2024_09-54-32.pth
Fri 10 May 2024 10:21:52 INFO  epoch 11 training [time: 3.84s, train loss: 4982.8251]
Fri 10 May 2024 10:24:07 INFO  epoch 11 evaluating [time: 135.16s, valid_score: 0.067200]
Fri 10 May 2024 10:24:07 INFO  valid result: 
recall@10 : 0.0377    mrr@10 : 0.0672    ndcg@10 : 0.0339    hit@10 : 0.1744    map@10 : 0.0157    precision@10 : 0.0214    gauc : 0.9391    itemcoverage@10 : 0.1257    averagepopularity@10 : 140.4315    giniindex@10 : 0.9664    shannonentropy@10 : 0.0011    tailpercentage@10 : 0.0004
Fri 10 May 2024 10:24:15 INFO  Saving current: saved/amazon_books_60core_kg/MultiDAE/MultiDAE-May-10-2024_09-54-32.pth
Fri 10 May 2024 10:24:18 INFO  epoch 12 training [time: 3.83s, train loss: 4938.9814]
Fri 10 May 2024 10:26:34 INFO  epoch 12 evaluating [time: 135.31s, valid_score: 0.068700]
Fri 10 May 2024 10:26:34 INFO  valid result: 
recall@10 : 0.0393    mrr@10 : 0.0687    ndcg@10 : 0.0351    hit@10 : 0.18    map@10 : 0.0163    precision@10 : 0.0225    gauc : 0.9405    itemcoverage@10 : 0.1473    averagepopularity@10 : 133.7323    giniindex@10 : 0.9589    shannonentropy@10 : 0.001    tailpercentage@10 : 0.0005
Fri 10 May 2024 10:26:42 INFO  Saving current: saved/amazon_books_60core_kg/MultiDAE/MultiDAE-May-10-2024_09-54-32.pth
Fri 10 May 2024 10:26:46 INFO  epoch 13 training [time: 3.93s, train loss: 4909.8873]
Fri 10 May 2024 10:29:03 INFO  epoch 13 evaluating [time: 137.30s, valid_score: 0.072600]
Fri 10 May 2024 10:29:03 INFO  valid result: 
recall@10 : 0.0412    mrr@10 : 0.0726    ndcg@10 : 0.037    hit@10 : 0.1857    map@10 : 0.0173    precision@10 : 0.0233    gauc : 0.9415    itemcoverage@10 : 0.1679    averagepopularity@10 : 128.8242    giniindex@10 : 0.9524    shannonentropy@10 : 0.0009    tailpercentage@10 : 0.0007
Fri 10 May 2024 10:29:11 INFO  Saving current: saved/amazon_books_60core_kg/MultiDAE/MultiDAE-May-10-2024_09-54-32.pth
Fri 10 May 2024 10:29:15 INFO  epoch 14 training [time: 3.85s, train loss: 4878.6499]
Fri 10 May 2024 10:31:36 INFO  epoch 14 evaluating [time: 141.10s, valid_score: 0.074400]
Fri 10 May 2024 10:31:36 INFO  valid result: 
recall@10 : 0.042    mrr@10 : 0.0744    ndcg@10 : 0.0378    hit@10 : 0.1891    map@10 : 0.0177    precision@10 : 0.0238    gauc : 0.9423    itemcoverage@10 : 0.1874    averagepopularity@10 : 124.0922    giniindex@10 : 0.9455    shannonentropy@10 : 0.0008    tailpercentage@10 : 0.0007
Fri 10 May 2024 10:31:44 INFO  Saving current: saved/amazon_books_60core_kg/MultiDAE/MultiDAE-May-10-2024_09-54-32.pth
Fri 10 May 2024 10:31:48 INFO  epoch 15 training [time: 3.83s, train loss: 4858.1071]
Fri 10 May 2024 10:34:08 INFO  epoch 15 evaluating [time: 140.20s, valid_score: 0.077500]
Fri 10 May 2024 10:34:08 INFO  valid result: 
recall@10 : 0.0431    mrr@10 : 0.0775    ndcg@10 : 0.0393    hit@10 : 0.1953    map@10 : 0.0186    precision@10 : 0.0245    gauc : 0.943    itemcoverage@10 : 0.2056    averagepopularity@10 : 119.7912    giniindex@10 : 0.9389    shannonentropy@10 : 0.0007    tailpercentage@10 : 0.0009
Fri 10 May 2024 10:34:16 INFO  Saving current: saved/amazon_books_60core_kg/MultiDAE/MultiDAE-May-10-2024_09-54-32.pth
Fri 10 May 2024 10:34:20 INFO  epoch 16 training [time: 3.85s, train loss: 4831.9491]
Fri 10 May 2024 10:36:36 INFO  epoch 16 evaluating [time: 135.85s, valid_score: 0.078400]
Fri 10 May 2024 10:36:36 INFO  valid result: 
recall@10 : 0.0452    mrr@10 : 0.0784    ndcg@10 : 0.0404    hit@10 : 0.1992    map@10 : 0.0191    precision@10 : 0.025    gauc : 0.9436    itemcoverage@10 : 0.2225    averagepopularity@10 : 119.9871    giniindex@10 : 0.9339    shannonentropy@10 : 0.0007    tailpercentage@10 : 0.001
Fri 10 May 2024 10:36:43 INFO  Saving current: saved/amazon_books_60core_kg/MultiDAE/MultiDAE-May-10-2024_09-54-32.pth
Fri 10 May 2024 10:36:47 INFO  epoch 17 training [time: 3.83s, train loss: 4808.2652]
Fri 10 May 2024 10:39:03 INFO  epoch 17 evaluating [time: 135.72s, valid_score: 0.080600]
Fri 10 May 2024 10:39:03 INFO  valid result: 
recall@10 : 0.0461    mrr@10 : 0.0806    ndcg@10 : 0.0415    hit@10 : 0.2025    map@10 : 0.0197    precision@10 : 0.0257    gauc : 0.9441    itemcoverage@10 : 0.2386    averagepopularity@10 : 116.5614    giniindex@10 : 0.928    shannonentropy@10 : 0.0006    tailpercentage@10 : 0.0013
Fri 10 May 2024 10:39:10 INFO  Saving current: saved/amazon_books_60core_kg/MultiDAE/MultiDAE-May-10-2024_09-54-32.pth
Fri 10 May 2024 10:39:14 INFO  epoch 18 training [time: 3.88s, train loss: 4786.6911]
Fri 10 May 2024 10:41:30 INFO  epoch 18 evaluating [time: 135.41s, valid_score: 0.080800]
Fri 10 May 2024 10:41:30 INFO  valid result: 
recall@10 : 0.0465    mrr@10 : 0.0808    ndcg@10 : 0.0418    hit@10 : 0.204    map@10 : 0.02    precision@10 : 0.0259    gauc : 0.9446    itemcoverage@10 : 0.2556    averagepopularity@10 : 113.3948    giniindex@10 : 0.9211    shannonentropy@10 : 0.0006    tailpercentage@10 : 0.0014
Fri 10 May 2024 10:41:38 INFO  Saving current: saved/amazon_books_60core_kg/MultiDAE/MultiDAE-May-10-2024_09-54-32.pth
Fri 10 May 2024 10:41:42 INFO  epoch 19 training [time: 3.86s, train loss: 4765.1822]
Fri 10 May 2024 10:43:57 INFO  epoch 19 evaluating [time: 135.73s, valid_score: 0.083200]
Fri 10 May 2024 10:43:57 INFO  valid result: 
recall@10 : 0.0481    mrr@10 : 0.0832    ndcg@10 : 0.0432    hit@10 : 0.2088    map@10 : 0.0208    precision@10 : 0.0266    gauc : 0.9452    itemcoverage@10 : 0.2709    averagepopularity@10 : 111.321    giniindex@10 : 0.9155    shannonentropy@10 : 0.0006    tailpercentage@10 : 0.0016
Fri 10 May 2024 10:44:05 INFO  Saving current: saved/amazon_books_60core_kg/MultiDAE/MultiDAE-May-10-2024_09-54-32.pth
Fri 10 May 2024 10:44:08 INFO  epoch 20 training [time: 3.88s, train loss: 4744.1324]
Fri 10 May 2024 10:46:24 INFO  epoch 20 evaluating [time: 135.89s, valid_score: 0.084900]
Fri 10 May 2024 10:46:24 INFO  valid result: 
recall@10 : 0.0485    mrr@10 : 0.0849    ndcg@10 : 0.0437    hit@10 : 0.2109    map@10 : 0.0211    precision@10 : 0.0269    gauc : 0.9456    itemcoverage@10 : 0.289    averagepopularity@10 : 108.6572    giniindex@10 : 0.9077    shannonentropy@10 : 0.0006    tailpercentage@10 : 0.0019
Fri 10 May 2024 10:46:32 INFO  Saving current: saved/amazon_books_60core_kg/MultiDAE/MultiDAE-May-10-2024_09-54-32.pth
Fri 10 May 2024 10:46:36 INFO  epoch 21 training [time: 3.87s, train loss: 4722.8476]
Fri 10 May 2024 10:48:52 INFO  epoch 21 evaluating [time: 135.95s, valid_score: 0.086500]
Fri 10 May 2024 10:48:52 INFO  valid result: 
recall@10 : 0.0501    mrr@10 : 0.0865    ndcg@10 : 0.045    hit@10 : 0.2149    map@10 : 0.0218    precision@10 : 0.0275    gauc : 0.9461    itemcoverage@10 : 0.3046    averagepopularity@10 : 107.6442    giniindex@10 : 0.9018    shannonentropy@10 : 0.0005    tailpercentage@10 : 0.0021
Fri 10 May 2024 10:49:01 INFO  Saving current: saved/amazon_books_60core_kg/MultiDAE/MultiDAE-May-10-2024_09-54-32.pth
Fri 10 May 2024 10:49:05 INFO  epoch 22 training [time: 3.81s, train loss: 4702.8515]
Fri 10 May 2024 10:51:20 INFO  epoch 22 evaluating [time: 135.77s, valid_score: 0.086400]
Fri 10 May 2024 10:51:20 INFO  valid result: 
recall@10 : 0.0511    mrr@10 : 0.0864    ndcg@10 : 0.0451    hit@10 : 0.2179    map@10 : 0.0216    precision@10 : 0.0279    gauc : 0.9464    itemcoverage@10 : 0.3186    averagepopularity@10 : 105.0992    giniindex@10 : 0.8956    shannonentropy@10 : 0.0005    tailpercentage@10 : 0.0023
Fri 10 May 2024 10:51:24 INFO  epoch 23 training [time: 3.88s, train loss: 4681.1889]
Fri 10 May 2024 10:53:40 INFO  epoch 23 evaluating [time: 135.62s, valid_score: 0.086800]
Fri 10 May 2024 10:53:40 INFO  valid result: 
recall@10 : 0.0522    mrr@10 : 0.0868    ndcg@10 : 0.0457    hit@10 : 0.2195    map@10 : 0.0219    precision@10 : 0.028    gauc : 0.9467    itemcoverage@10 : 0.339    averagepopularity@10 : 102.0629    giniindex@10 : 0.8865    shannonentropy@10 : 0.0005    tailpercentage@10 : 0.0025
Fri 10 May 2024 10:53:48 INFO  Saving current: saved/amazon_books_60core_kg/MultiDAE/MultiDAE-May-10-2024_09-54-32.pth
Fri 10 May 2024 10:53:52 INFO  epoch 24 training [time: 3.86s, train loss: 4657.1470]
Fri 10 May 2024 10:56:08 INFO  epoch 24 evaluating [time: 136.04s, valid_score: 0.088700]
Fri 10 May 2024 10:56:08 INFO  valid result: 
recall@10 : 0.0528    mrr@10 : 0.0887    ndcg@10 : 0.0465    hit@10 : 0.2219    map@10 : 0.0224    precision@10 : 0.0285    gauc : 0.9469    itemcoverage@10 : 0.3553    averagepopularity@10 : 102.7812    giniindex@10 : 0.8806    shannonentropy@10 : 0.0005    tailpercentage@10 : 0.0027
Fri 10 May 2024 10:56:16 INFO  Saving current: saved/amazon_books_60core_kg/MultiDAE/MultiDAE-May-10-2024_09-54-32.pth
Fri 10 May 2024 10:56:20 INFO  epoch 25 training [time: 3.91s, train loss: 4644.9329]
Fri 10 May 2024 10:58:35 INFO  epoch 25 evaluating [time: 135.70s, valid_score: 0.089400]
Fri 10 May 2024 10:58:35 INFO  valid result: 
recall@10 : 0.0536    mrr@10 : 0.0894    ndcg@10 : 0.0471    hit@10 : 0.2241    map@10 : 0.0227    precision@10 : 0.0287    gauc : 0.9471    itemcoverage@10 : 0.3702    averagepopularity@10 : 98.2406    giniindex@10 : 0.8718    shannonentropy@10 : 0.0004    tailpercentage@10 : 0.0026
Fri 10 May 2024 10:58:43 INFO  Saving current: saved/amazon_books_60core_kg/MultiDAE/MultiDAE-May-10-2024_09-54-32.pth
Fri 10 May 2024 10:58:47 INFO  epoch 26 training [time: 3.82s, train loss: 4620.4922]
Fri 10 May 2024 11:01:03 INFO  epoch 26 evaluating [time: 135.74s, valid_score: 0.090000]
Fri 10 May 2024 11:01:03 INFO  valid result: 
recall@10 : 0.0537    mrr@10 : 0.09    ndcg@10 : 0.0473    hit@10 : 0.2241    map@10 : 0.0229    precision@10 : 0.0288    gauc : 0.9473    itemcoverage@10 : 0.3877    averagepopularity@10 : 96.9727    giniindex@10 : 0.8647    shannonentropy@10 : 0.0004    tailpercentage@10 : 0.0029
Fri 10 May 2024 11:01:10 INFO  Saving current: saved/amazon_books_60core_kg/MultiDAE/MultiDAE-May-10-2024_09-54-32.pth
Fri 10 May 2024 11:01:14 INFO  epoch 27 training [time: 3.83s, train loss: 4600.6909]
Fri 10 May 2024 11:03:30 INFO  epoch 27 evaluating [time: 136.44s, valid_score: 0.090400]
Fri 10 May 2024 11:03:30 INFO  valid result: 
recall@10 : 0.0541    mrr@10 : 0.0904    ndcg@10 : 0.0477    hit@10 : 0.2281    map@10 : 0.0231    precision@10 : 0.0291    gauc : 0.9475    itemcoverage@10 : 0.4013    averagepopularity@10 : 96.7765    giniindex@10 : 0.8583    shannonentropy@10 : 0.0004    tailpercentage@10 : 0.003
Fri 10 May 2024 11:03:38 INFO  Saving current: saved/amazon_books_60core_kg/MultiDAE/MultiDAE-May-10-2024_09-54-32.pth
Fri 10 May 2024 11:03:42 INFO  epoch 28 training [time: 3.84s, train loss: 4579.7133]
Fri 10 May 2024 11:05:58 INFO  epoch 28 evaluating [time: 136.06s, valid_score: 0.089900]
Fri 10 May 2024 11:05:58 INFO  valid result: 
recall@10 : 0.0549    mrr@10 : 0.0899    ndcg@10 : 0.048    hit@10 : 0.2279    map@10 : 0.0233    precision@10 : 0.0293    gauc : 0.9476    itemcoverage@10 : 0.4186    averagepopularity@10 : 92.6845    giniindex@10 : 0.8492    shannonentropy@10 : 0.0004    tailpercentage@10 : 0.0031
Fri 10 May 2024 11:06:02 INFO  epoch 29 training [time: 3.84s, train loss: 4564.2495]
Fri 10 May 2024 11:08:18 INFO  epoch 29 evaluating [time: 136.24s, valid_score: 0.090700]
Fri 10 May 2024 11:08:18 INFO  valid result: 
recall@10 : 0.0552    mrr@10 : 0.0907    ndcg@10 : 0.0484    hit@10 : 0.2285    map@10 : 0.0235    precision@10 : 0.0295    gauc : 0.9477    itemcoverage@10 : 0.4337    averagepopularity@10 : 90.9232    giniindex@10 : 0.8414    shannonentropy@10 : 0.0004    tailpercentage@10 : 0.0033
Fri 10 May 2024 11:08:25 INFO  Saving current: saved/amazon_books_60core_kg/MultiDAE/MultiDAE-May-10-2024_09-54-32.pth
Fri 10 May 2024 11:08:29 INFO  epoch 30 training [time: 3.81s, train loss: 4542.0480]
Fri 10 May 2024 11:10:46 INFO  epoch 30 evaluating [time: 136.73s, valid_score: 0.092200]
Fri 10 May 2024 11:10:46 INFO  valid result: 
recall@10 : 0.0558    mrr@10 : 0.0922    ndcg@10 : 0.0489    hit@10 : 0.2314    map@10 : 0.0238    precision@10 : 0.0297    gauc : 0.9478    itemcoverage@10 : 0.4466    averagepopularity@10 : 91.0667    giniindex@10 : 0.8351    shannonentropy@10 : 0.0004    tailpercentage@10 : 0.0035
Fri 10 May 2024 11:10:54 INFO  Saving current: saved/amazon_books_60core_kg/MultiDAE/MultiDAE-May-10-2024_09-54-32.pth
Fri 10 May 2024 11:10:58 INFO  epoch 31 training [time: 3.85s, train loss: 4528.5984]
Fri 10 May 2024 11:13:14 INFO  epoch 31 evaluating [time: 136.03s, valid_score: 0.091000]
Fri 10 May 2024 11:13:14 INFO  valid result: 
recall@10 : 0.0559    mrr@10 : 0.091    ndcg@10 : 0.0488    hit@10 : 0.2299    map@10 : 0.0238    precision@10 : 0.0297    gauc : 0.9479    itemcoverage@10 : 0.4592    averagepopularity@10 : 88.5984    giniindex@10 : 0.8283    shannonentropy@10 : 0.0004    tailpercentage@10 : 0.0038
Fri 10 May 2024 11:13:18 INFO  epoch 32 training [time: 3.86s, train loss: 4502.8926]
Fri 10 May 2024 11:15:35 INFO  epoch 32 evaluating [time: 137.26s, valid_score: 0.091800]
Fri 10 May 2024 11:15:35 INFO  valid result: 
recall@10 : 0.0565    mrr@10 : 0.0918    ndcg@10 : 0.0493    hit@10 : 0.2333    map@10 : 0.024    precision@10 : 0.0301    gauc : 0.948    itemcoverage@10 : 0.4721    averagepopularity@10 : 88.4893    giniindex@10 : 0.8222    shannonentropy@10 : 0.0004    tailpercentage@10 : 0.004
Fri 10 May 2024 11:15:39 INFO  epoch 33 training [time: 3.88s, train loss: 4483.0267]
Fri 10 May 2024 11:17:55 INFO  epoch 33 evaluating [time: 135.79s, valid_score: 0.092300]
Fri 10 May 2024 11:17:55 INFO  valid result: 
recall@10 : 0.0565    mrr@10 : 0.0923    ndcg@10 : 0.0495    hit@10 : 0.2317    map@10 : 0.0242    precision@10 : 0.0301    gauc : 0.948    itemcoverage@10 : 0.4875    averagepopularity@10 : 86.0461    giniindex@10 : 0.8128    shannonentropy@10 : 0.0004    tailpercentage@10 : 0.004
Fri 10 May 2024 11:18:03 INFO  Saving current: saved/amazon_books_60core_kg/MultiDAE/MultiDAE-May-10-2024_09-54-32.pth
Fri 10 May 2024 11:18:07 INFO  epoch 34 training [time: 3.88s, train loss: 4465.2781]
Fri 10 May 2024 11:20:25 INFO  epoch 34 evaluating [time: 137.36s, valid_score: 0.092900]
Fri 10 May 2024 11:20:25 INFO  valid result: 
recall@10 : 0.0574    mrr@10 : 0.0929    ndcg@10 : 0.05    hit@10 : 0.2355    map@10 : 0.0244    precision@10 : 0.0304    gauc : 0.9481    itemcoverage@10 : 0.4961    averagepopularity@10 : 84.9011    giniindex@10 : 0.8087    shannonentropy@10 : 0.0003    tailpercentage@10 : 0.0041
Fri 10 May 2024 11:20:34 INFO  Saving current: saved/amazon_books_60core_kg/MultiDAE/MultiDAE-May-10-2024_09-54-32.pth
Fri 10 May 2024 11:20:38 INFO  epoch 35 training [time: 3.80s, train loss: 4444.6149]
Fri 10 May 2024 11:23:03 INFO  epoch 35 evaluating [time: 144.60s, valid_score: 0.093500]
Fri 10 May 2024 11:23:03 INFO  valid result: 
recall@10 : 0.058    mrr@10 : 0.0935    ndcg@10 : 0.0504    hit@10 : 0.2366    map@10 : 0.0246    precision@10 : 0.0306    gauc : 0.9481    itemcoverage@10 : 0.5081    averagepopularity@10 : 84.9021    giniindex@10 : 0.8018    shannonentropy@10 : 0.0003    tailpercentage@10 : 0.004
Fri 10 May 2024 11:23:11 INFO  Saving current: saved/amazon_books_60core_kg/MultiDAE/MultiDAE-May-10-2024_09-54-32.pth
Fri 10 May 2024 11:23:15 INFO  epoch 36 training [time: 3.79s, train loss: 4424.4942]
Fri 10 May 2024 11:25:32 INFO  epoch 36 evaluating [time: 136.83s, valid_score: 0.094900]
Fri 10 May 2024 11:25:32 INFO  valid result: 
recall@10 : 0.0577    mrr@10 : 0.0949    ndcg@10 : 0.0507    hit@10 : 0.2357    map@10 : 0.025    precision@10 : 0.0305    gauc : 0.9482    itemcoverage@10 : 0.5172    averagepopularity@10 : 83.7922    giniindex@10 : 0.7967    shannonentropy@10 : 0.0003    tailpercentage@10 : 0.0044
Fri 10 May 2024 11:25:39 INFO  Saving current: saved/amazon_books_60core_kg/MultiDAE/MultiDAE-May-10-2024_09-54-32.pth
Fri 10 May 2024 11:25:43 INFO  epoch 37 training [time: 3.83s, train loss: 4400.9547]
Fri 10 May 2024 11:28:09 INFO  epoch 37 evaluating [time: 145.76s, valid_score: 0.093300]
Fri 10 May 2024 11:28:09 INFO  valid result: 
recall@10 : 0.0575    mrr@10 : 0.0933    ndcg@10 : 0.0504    hit@10 : 0.2342    map@10 : 0.0248    precision@10 : 0.0304    gauc : 0.9482    itemcoverage@10 : 0.5308    averagepopularity@10 : 82.385    giniindex@10 : 0.7879    shannonentropy@10 : 0.0003    tailpercentage@10 : 0.0044
Fri 10 May 2024 11:28:12 INFO  epoch 38 training [time: 3.78s, train loss: 4385.1132]
Fri 10 May 2024 11:30:37 INFO  epoch 38 evaluating [time: 144.95s, valid_score: 0.094900]
Fri 10 May 2024 11:30:37 INFO  valid result: 
recall@10 : 0.0588    mrr@10 : 0.0949    ndcg@10 : 0.0512    hit@10 : 0.2381    map@10 : 0.0253    precision@10 : 0.0307    gauc : 0.9482    itemcoverage@10 : 0.5428    averagepopularity@10 : 79.4368    giniindex@10 : 0.7816    shannonentropy@10 : 0.0003    tailpercentage@10 : 0.0045
Fri 10 May 2024 11:30:49 INFO  Saving current: saved/amazon_books_60core_kg/MultiDAE/MultiDAE-May-10-2024_09-54-32.pth
Fri 10 May 2024 11:30:53 INFO  epoch 39 training [time: 3.80s, train loss: 4361.4422]
Fri 10 May 2024 11:33:13 INFO  epoch 39 evaluating [time: 139.93s, valid_score: 0.094700]
Fri 10 May 2024 11:33:13 INFO  valid result: 
recall@10 : 0.059    mrr@10 : 0.0947    ndcg@10 : 0.0513    hit@10 : 0.2381    map@10 : 0.0253    precision@10 : 0.0309    gauc : 0.9481    itemcoverage@10 : 0.5497    averagepopularity@10 : 80.0659    giniindex@10 : 0.777    shannonentropy@10 : 0.0003    tailpercentage@10 : 0.0046
Fri 10 May 2024 11:33:17 INFO  epoch 40 training [time: 3.84s, train loss: 4346.2283]
Fri 10 May 2024 11:35:33 INFO  epoch 40 evaluating [time: 136.58s, valid_score: 0.094100]
Fri 10 May 2024 11:35:33 INFO  valid result: 
recall@10 : 0.0584    mrr@10 : 0.0941    ndcg@10 : 0.0507    hit@10 : 0.2375    map@10 : 0.0249    precision@10 : 0.0305    gauc : 0.948    itemcoverage@10 : 0.5584    averagepopularity@10 : 79.4271    giniindex@10 : 0.7716    shannonentropy@10 : 0.0003    tailpercentage@10 : 0.0044
Fri 10 May 2024 11:35:37 INFO  epoch 41 training [time: 3.85s, train loss: 4319.9619]
Fri 10 May 2024 11:37:59 INFO  epoch 41 evaluating [time: 141.65s, valid_score: 0.094300]
Fri 10 May 2024 11:37:59 INFO  valid result: 
recall@10 : 0.0588    mrr@10 : 0.0943    ndcg@10 : 0.0511    hit@10 : 0.2379    map@10 : 0.025    precision@10 : 0.0308    gauc : 0.948    itemcoverage@10 : 0.5699    averagepopularity@10 : 78.5288    giniindex@10 : 0.7648    shannonentropy@10 : 0.0003    tailpercentage@10 : 0.0045
Fri 10 May 2024 11:38:03 INFO  epoch 42 training [time: 3.80s, train loss: 4299.3636]
Fri 10 May 2024 11:40:26 INFO  epoch 42 evaluating [time: 143.79s, valid_score: 0.094500]
Fri 10 May 2024 11:40:26 INFO  valid result: 
recall@10 : 0.0592    mrr@10 : 0.0945    ndcg@10 : 0.0512    hit@10 : 0.2379    map@10 : 0.0252    precision@10 : 0.0307    gauc : 0.9479    itemcoverage@10 : 0.5792    averagepopularity@10 : 77.6412    giniindex@10 : 0.7589    shannonentropy@10 : 0.0003    tailpercentage@10 : 0.0044
Fri 10 May 2024 11:40:30 INFO  epoch 43 training [time: 3.84s, train loss: 4276.4342]
Fri 10 May 2024 11:42:54 INFO  epoch 43 evaluating [time: 143.70s, valid_score: 0.095100]
Fri 10 May 2024 11:42:54 INFO  valid result: 
recall@10 : 0.0594    mrr@10 : 0.0951    ndcg@10 : 0.0516    hit@10 : 0.2386    map@10 : 0.0256    precision@10 : 0.0308    gauc : 0.9479    itemcoverage@10 : 0.5839    averagepopularity@10 : 77.3729    giniindex@10 : 0.7574    shannonentropy@10 : 0.0003    tailpercentage@10 : 0.0044
Fri 10 May 2024 11:43:04 INFO  Saving current: saved/amazon_books_60core_kg/MultiDAE/MultiDAE-May-10-2024_09-54-32.pth
Fri 10 May 2024 11:43:08 INFO  epoch 44 training [time: 3.84s, train loss: 4256.4548]
Fri 10 May 2024 11:45:34 INFO  epoch 44 evaluating [time: 146.36s, valid_score: 0.093500]
Fri 10 May 2024 11:45:34 INFO  valid result: 
recall@10 : 0.0585    mrr@10 : 0.0935    ndcg@10 : 0.0506    hit@10 : 0.2368    map@10 : 0.0247    precision@10 : 0.0306    gauc : 0.9478    itemcoverage@10 : 0.5936    averagepopularity@10 : 76.6287    giniindex@10 : 0.7499    shannonentropy@10 : 0.0003    tailpercentage@10 : 0.0043
Fri 10 May 2024 11:45:38 INFO  epoch 45 training [time: 3.86s, train loss: 4236.1591]
Fri 10 May 2024 11:48:02 INFO  epoch 45 evaluating [time: 144.05s, valid_score: 0.092500]
Fri 10 May 2024 11:48:02 INFO  valid result: 
recall@10 : 0.0579    mrr@10 : 0.0925    ndcg@10 : 0.0501    hit@10 : 0.2359    map@10 : 0.0245    precision@10 : 0.0303    gauc : 0.9476    itemcoverage@10 : 0.5994    averagepopularity@10 : 74.0052    giniindex@10 : 0.7441    shannonentropy@10 : 0.0003    tailpercentage@10 : 0.0042
Fri 10 May 2024 11:48:06 INFO  epoch 46 training [time: 3.75s, train loss: 4215.4845]
Fri 10 May 2024 11:50:29 INFO  epoch 46 evaluating [time: 143.60s, valid_score: 0.091600]
Fri 10 May 2024 11:50:29 INFO  valid result: 
recall@10 : 0.058    mrr@10 : 0.0916    ndcg@10 : 0.0498    hit@10 : 0.2361    map@10 : 0.0241    precision@10 : 0.0304    gauc : 0.9476    itemcoverage@10 : 0.6052    averagepopularity@10 : 74.9231    giniindex@10 : 0.741    shannonentropy@10 : 0.0003    tailpercentage@10 : 0.0043
Fri 10 May 2024 11:50:33 INFO  epoch 47 training [time: 3.79s, train loss: 4191.0679]
Fri 10 May 2024 11:52:57 INFO  epoch 47 evaluating [time: 143.75s, valid_score: 0.092200]
Fri 10 May 2024 11:52:57 INFO  valid result: 
recall@10 : 0.0587    mrr@10 : 0.0922    ndcg@10 : 0.0504    hit@10 : 0.236    map@10 : 0.0248    precision@10 : 0.0303    gauc : 0.9474    itemcoverage@10 : 0.6086    averagepopularity@10 : 76.212    giniindex@10 : 0.7409    shannonentropy@10 : 0.0003    tailpercentage@10 : 0.0039
Fri 10 May 2024 11:53:01 INFO  epoch 48 training [time: 3.84s, train loss: 4175.5362]
Fri 10 May 2024 11:55:24 INFO  epoch 48 evaluating [time: 143.38s, valid_score: 0.091400]
Fri 10 May 2024 11:55:24 INFO  valid result: 
recall@10 : 0.0579    mrr@10 : 0.0914    ndcg@10 : 0.0499    hit@10 : 0.2345    map@10 : 0.0244    precision@10 : 0.0301    gauc : 0.9473    itemcoverage@10 : 0.6169    averagepopularity@10 : 74.0193    giniindex@10 : 0.7336    shannonentropy@10 : 0.0003    tailpercentage@10 : 0.004
Fri 10 May 2024 11:55:28 INFO  epoch 49 training [time: 3.80s, train loss: 4153.3182]
Fri 10 May 2024 11:57:52 INFO  epoch 49 evaluating [time: 143.68s, valid_score: 0.091700]
Fri 10 May 2024 11:57:52 INFO  valid result: 
recall@10 : 0.0588    mrr@10 : 0.0917    ndcg@10 : 0.0501    hit@10 : 0.2348    map@10 : 0.0244    precision@10 : 0.0304    gauc : 0.9472    itemcoverage@10 : 0.622    averagepopularity@10 : 73.3984    giniindex@10 : 0.7303    shannonentropy@10 : 0.0003    tailpercentage@10 : 0.0039
Fri 10 May 2024 11:57:56 INFO  epoch 50 training [time: 3.90s, train loss: 4132.1046]
Fri 10 May 2024 12:00:20 INFO  epoch 50 evaluating [time: 144.32s, valid_score: 0.091300]
Fri 10 May 2024 12:00:20 INFO  valid result: 
recall@10 : 0.0587    mrr@10 : 0.0913    ndcg@10 : 0.0499    hit@10 : 0.2356    map@10 : 0.0242    precision@10 : 0.0302    gauc : 0.947    itemcoverage@10 : 0.6255    averagepopularity@10 : 73.9318    giniindex@10 : 0.7293    shannonentropy@10 : 0.0003    tailpercentage@10 : 0.0039
Fri 10 May 2024 12:00:24 INFO  epoch 51 training [time: 3.81s, train loss: 4112.9299]
Fri 10 May 2024 12:02:48 INFO  epoch 51 evaluating [time: 143.98s, valid_score: 0.091500]
Fri 10 May 2024 12:02:48 INFO  valid result: 
recall@10 : 0.0583    mrr@10 : 0.0915    ndcg@10 : 0.05    hit@10 : 0.2348    map@10 : 0.0245    precision@10 : 0.0302    gauc : 0.9469    itemcoverage@10 : 0.6304    averagepopularity@10 : 73.4706    giniindex@10 : 0.7255    shannonentropy@10 : 0.0003    tailpercentage@10 : 0.0035
Fri 10 May 2024 12:02:52 INFO  epoch 52 training [time: 3.88s, train loss: 4091.6602]
Fri 10 May 2024 12:05:14 INFO  epoch 52 evaluating [time: 142.83s, valid_score: 0.090300]
Fri 10 May 2024 12:05:14 INFO  valid result: 
recall@10 : 0.0573    mrr@10 : 0.0903    ndcg@10 : 0.049    hit@10 : 0.2305    map@10 : 0.0239    precision@10 : 0.0293    gauc : 0.9468    itemcoverage@10 : 0.6334    averagepopularity@10 : 72.0868    giniindex@10 : 0.7225    shannonentropy@10 : 0.0003    tailpercentage@10 : 0.0033
Fri 10 May 2024 12:05:18 INFO  epoch 53 training [time: 3.85s, train loss: 4070.4572]
Fri 10 May 2024 12:07:42 INFO  epoch 53 evaluating [time: 143.83s, valid_score: 0.091300]
Fri 10 May 2024 12:07:42 INFO  valid result: 
recall@10 : 0.0574    mrr@10 : 0.0913    ndcg@10 : 0.0494    hit@10 : 0.231    map@10 : 0.0242    precision@10 : 0.0296    gauc : 0.9466    itemcoverage@10 : 0.6388    averagepopularity@10 : 72.3513    giniindex@10 : 0.7203    shannonentropy@10 : 0.0003    tailpercentage@10 : 0.0032
Fri 10 May 2024 12:07:46 INFO  epoch 54 training [time: 3.87s, train loss: 4052.0473]
Fri 10 May 2024 12:10:09 INFO  epoch 54 evaluating [time: 143.36s, valid_score: 0.089400]
Fri 10 May 2024 12:10:09 INFO  valid result: 
recall@10 : 0.0568    mrr@10 : 0.0894    ndcg@10 : 0.0484    hit@10 : 0.2324    map@10 : 0.0233    precision@10 : 0.0295    gauc : 0.9464    itemcoverage@10 : 0.6399    averagepopularity@10 : 72.4103    giniindex@10 : 0.7187    shannonentropy@10 : 0.0003    tailpercentage@10 : 0.003
Fri 10 May 2024 12:10:09 INFO  Finished training, best eval result in epoch 43
Fri 10 May 2024 12:10:14 INFO  Loading model structure and parameters from saved/amazon_books_60core_kg/MultiDAE/MultiDAE-May-10-2024_09-54-32.pth
Fri 10 May 2024 12:12:40 INFO  The running environment of this training is as follows:
+-------------+----------------+
| Environment |     Usage      |
+=============+================+
| CPU         |    21.10 %     |
+-------------+----------------+
| GPU         | 4.98 G/11.93 G |
+-------------+----------------+
| Memory      | 2.43 G/31.23 G |
+-------------+----------------+
Fri 10 May 2024 12:12:40 INFO  best valid : OrderedDict([('recall@10', 0.0594), ('mrr@10', 0.0951), ('ndcg@10', 0.0516), ('hit@10', 0.2386), ('map@10', 0.0256), ('precision@10', 0.0308), ('gauc', 0.9479), ('itemcoverage@10', 0.5839), ('averagepopularity@10', 77.3729), ('giniindex@10', 0.7574), ('shannonentropy@10', 0.0003), ('tailpercentage@10', 0.0044)])
Fri 10 May 2024 12:12:40 INFO  test result: OrderedDict([('recall@10', 0.0609), ('mrr@10', 0.1014), ('ndcg@10', 0.0543), ('hit@10', 0.247), ('map@10', 0.0272), ('precision@10', 0.0325), ('gauc', 0.9479), ('itemcoverage@10', 0.589), ('averagepopularity@10', 76.5618), ('giniindex@10', 0.7543), ('shannonentropy@10', 0.0003), ('tailpercentage@10', 0.005)])
Fri 10 May 2024 12:12:43 INFO  
General Hyper Parameters:
gpu_id = 0
use_gpu = True
seed = 2020
state = INFO
reproducibility = True
data_path = data/amazon_books_60core_kg
checkpoint_dir = saved/amazon_books_60core_kg/MultiDAE
show_progress = True
save_dataset = False
dataset_save_path = None
save_dataloaders = False
dataloaders_save_path = None
log_wandb = False

Training Hyper Parameters:
epochs = 200
train_batch_size = 2048
learner = adam
learning_rate = 0.001
train_neg_sample_args = {'distribution': 'uniform', 'sample_num': 1, 'dynamic': False, 'candidate_num': 0, 'alpha': 1.0}
eval_step = 1
stopping_step = 10
clip_grad_norm = None
weight_decay = 0.0
loss_decimal_place = 4

Evaluation Hyper Parameters:
eval_args = {'split': {'RS': [0.8, 0.1, 0.1]}, 'order': 'RO', 'group_by': 'user', 'mode': {'valid': 'full', 'test': 'full'}}
repeatable = False
metrics = ['Recall', 'MRR', 'NDCG', 'Hit', 'MAP', 'Precision', 'GAUC', 'ItemCoverage', 'AveragePopularity', 'GiniIndex', 'ShannonEntropy', 'TailPercentage']
topk = [10]
valid_metric = MRR@10
valid_metric_bigger = True
eval_batch_size = 4096
metric_decimal_place = 4

Dataset Hyper Parameters:
field_separator = 	
seq_separator =  
USER_ID_FIELD = user_id
ITEM_ID_FIELD = item_id
RATING_FIELD = rating
TIME_FIELD = timestamp
seq_len = None
LABEL_FIELD = label
threshold = None
NEG_PREFIX = neg_
load_col = {'inter': ['user_id', 'item_id']}
unload_col = None
unused_col = None
additional_feat_suffix = None
rm_dup_inter = None
val_interval = None
filter_inter_by_user_or_item = True
user_inter_num_interval = [0,inf)
item_inter_num_interval = [0,inf)
alias_of_user_id = None
alias_of_item_id = None
alias_of_entity_id = None
alias_of_relation_id = None
preload_weight = None
normalize_field = None
normalize_all = None
ITEM_LIST_LENGTH_FIELD = item_length
LIST_SUFFIX = _list
MAX_ITEM_LIST_LENGTH = 50
POSITION_FIELD = position_id
HEAD_ENTITY_ID_FIELD = head_id
TAIL_ENTITY_ID_FIELD = tail_id
RELATION_ID_FIELD = relation_id
ENTITY_ID_FIELD = entity_id
benchmark_filename = None

Other Hyper Parameters: 
worker = 0
wandb_project = recbole
shuffle = True
require_pow = False
enable_amp = False
enable_scaler = False
transform = None
mlp_hidden_size = [600]
latent_dimension = 64
dropout_prob = 0.5
numerical_features = []
discretization = None
kg_reverse_r = False
entity_kg_num_interval = [0,inf)
relation_kg_num_interval = [0,inf)
MODEL_TYPE = ModelType.GENERAL
encoding = utf-8
device = cuda:1
my_log_file = /home/fontana/Tesi/log/carbon_default.log
max_emission_step = -1
MODEL_INPUT_TYPE = InputType.PAIRWISE
eval_type = EvaluatorType.RANKING
single_spec = True
local_rank = 0
valid_neg_sample_args = {'distribution': 'uniform', 'sample_num': 'none'}
test_neg_sample_args = {'distribution': 'uniform', 'sample_num': 'none'}


Fri 10 May 2024 12:12:50 INFO  amazon_books_60core_kg
The number of users: 22156
Average actions of users: 66.16434213495825
The number of items: 54459
Average actions of items: 26.917459326453415
The number of inters: 1465871
The sparsity of the dataset: 99.87851162187994%
Remain Fields: ['user_id', 'item_id']
Fri 10 May 2024 12:12:57 INFO  [Training]: train_batch_size = [2048] train_neg_sample_args: [{'distribution': 'uniform', 'sample_num': 1, 'dynamic': False, 'candidate_num': 0, 'alpha': 1.0}]
Fri 10 May 2024 12:12:57 INFO  [Evaluation]: eval_batch_size = [4096] eval_args: [{'split': {'RS': [0.8, 0.1, 0.1]}, 'order': 'RO', 'group_by': 'user', 'mode': {'valid': 'full', 'test': 'full'}}]
Fri 10 May 2024 12:13:04 INFO  Loading model structure and parameters from saved/amazon_books_60core_kg/MultiDAE/MultiDAE-May-10-2024_09-54-32.pth
