Thu 04 Apr 2024 23:25:07 INFO  ['src/default_tracker.py', '--dataset=LFM-1b_artist_20U50I_75strat', '--model=MultiDAE']
Thu 04 Apr 2024 23:25:07 INFO  
General Hyper Parameters:
gpu_id = 0
use_gpu = True
seed = 2020
state = INFO
reproducibility = True
data_path = data/LFM-1b_artist_20U50I_75strat
checkpoint_dir = saved/LFM-1b_artist_20U50I_75strat/MultiDAE
show_progress = True
save_dataset = False
dataset_save_path = None
save_dataloaders = False
dataloaders_save_path = None
log_wandb = False

Training Hyper Parameters:
epochs = 200
train_batch_size = 2048
learner = adam
learning_rate = 0.001
train_neg_sample_args = {'distribution': 'uniform', 'sample_num': 1, 'dynamic': False, 'candidate_num': 0, 'alpha': 1.0}
eval_step = 1
stopping_step = 10
clip_grad_norm = None
weight_decay = 0.0
loss_decimal_place = 4

Evaluation Hyper Parameters:
eval_args = {'split': {'RS': [0.8, 0.1, 0.1]}, 'order': 'RO', 'group_by': 'user', 'mode': {'valid': 'full', 'test': 'full'}}
repeatable = False
metrics = ['Recall', 'MRR', 'NDCG', 'Hit', 'Precision']
topk = [10]
valid_metric = MRR@10
valid_metric_bigger = True
eval_batch_size = 4096
metric_decimal_place = 4

Dataset Hyper Parameters:
field_separator = 	
seq_separator =  
USER_ID_FIELD = user_id
ITEM_ID_FIELD = item_id
RATING_FIELD = rating
TIME_FIELD = timestamp
seq_len = None
LABEL_FIELD = label
threshold = None
NEG_PREFIX = neg_
load_col = {'inter': ['user_id', 'item_id']}
unload_col = None
unused_col = None
additional_feat_suffix = None
rm_dup_inter = None
val_interval = None
filter_inter_by_user_or_item = True
user_inter_num_interval = [0,inf)
item_inter_num_interval = [0,inf)
alias_of_user_id = None
alias_of_item_id = None
alias_of_entity_id = None
alias_of_relation_id = None
preload_weight = None
normalize_field = None
normalize_all = None
ITEM_LIST_LENGTH_FIELD = item_length
LIST_SUFFIX = _list
MAX_ITEM_LIST_LENGTH = 50
POSITION_FIELD = position_id
HEAD_ENTITY_ID_FIELD = head_id
TAIL_ENTITY_ID_FIELD = tail_id
RELATION_ID_FIELD = relation_id
ENTITY_ID_FIELD = entity_id
benchmark_filename = None

Other Hyper Parameters: 
worker = 0
wandb_project = recbole
shuffle = True
require_pow = False
enable_amp = False
enable_scaler = False
transform = None
mlp_hidden_size = [600]
latent_dimension = 64
dropout_prob = 0.5
numerical_features = []
discretization = None
kg_reverse_r = False
entity_kg_num_interval = [0,inf)
relation_kg_num_interval = [0,inf)
MODEL_TYPE = ModelType.GENERAL
encoding = utf-8
device = cuda
my_log_file = /mnt/batch/tasks/shared/LS_root/mounts/clusters/fontanagpu/code/sustainability-of-recsys/log/carbon_default.log
MODEL_INPUT_TYPE = InputType.PAIRWISE
eval_type = EvaluatorType.RANKING
single_spec = True
local_rank = 0
valid_neg_sample_args = {'distribution': 'uniform', 'sample_num': 'none'}
test_neg_sample_args = {'distribution': 'uniform', 'sample_num': 'none'}


Thu 04 Apr 2024 23:25:10 INFO  LFM-1b_artist_20U50I_75strat
The number of users: 19842
Average actions of users: 33.660097777329774
The number of items: 38933
Average actions of items: 17.154268981814447
The number of inters: 667850
The sparsity of the dataset: 99.91354788644381%
Remain Fields: ['user_id', 'item_id']
Thu 04 Apr 2024 23:25:12 INFO  [Training]: train_batch_size = [2048] train_neg_sample_args: [{'distribution': 'uniform', 'sample_num': 1, 'dynamic': False, 'candidate_num': 0, 'alpha': 1.0}]
Thu 04 Apr 2024 23:25:12 INFO  [Evaluation]: eval_batch_size = [4096] eval_args: [{'split': {'RS': [0.8, 0.1, 0.1]}, 'order': 'RO', 'group_by': 'user', 'mode': {'valid': 'full', 'test': 'full'}}]
Thu 04 Apr 2024 23:25:14 INFO  MultiDAE(
  (encoder): MLPLayers(
    (mlp_layers): Sequential(
      (0): Dropout(p=0.0, inplace=False)
      (1): Linear(in_features=38933, out_features=600, bias=True)
      (2): Tanh()
      (3): Dropout(p=0.0, inplace=False)
      (4): Linear(in_features=600, out_features=64, bias=True)
      (5): Tanh()
    )
  )
  (decoder): Sequential(
    (0): Linear(in_features=64, out_features=600, bias=True)
    (1): Tanh()
    (2): Linear(in_features=600, out_features=38933, bias=True)
  )
)
Trainable parameters: 46836597
Thu 04 Apr 2024 23:25:21 INFO  FLOPs: 46796400.0
Thu 04 Apr 2024 23:25:53 INFO  epoch 0 training [time: 3.60s, train loss: 2822.3282]
Thu 04 Apr 2024 23:26:34 INFO  epoch 0 evaluating [time: 40.53s, valid_score: 0.021000]
Thu 04 Apr 2024 23:26:34 INFO  valid result: 
recall@10 : 0.0219    mrr@10 : 0.021    ndcg@10 : 0.0146    hit@10 : 0.0602    precision@10 : 0.0064
Thu 04 Apr 2024 23:26:38 INFO  Saving current: saved/LFM-1b_artist_20U50I_75strat/MultiDAE/MultiDAE-Apr-04-2024_23-25-21.pth
Thu 04 Apr 2024 23:26:40 INFO  epoch 1 training [time: 1.53s, train loss: 2409.6485]
Thu 04 Apr 2024 23:27:20 INFO  epoch 1 evaluating [time: 39.93s, valid_score: 0.081700]
Thu 04 Apr 2024 23:27:20 INFO  valid result: 
recall@10 : 0.0871    mrr@10 : 0.0817    ndcg@10 : 0.0588    hit@10 : 0.2066    precision@10 : 0.0243
Thu 04 Apr 2024 23:27:24 INFO  Saving current: saved/LFM-1b_artist_20U50I_75strat/MultiDAE/MultiDAE-Apr-04-2024_23-25-21.pth
Thu 04 Apr 2024 23:27:25 INFO  epoch 2 training [time: 1.57s, train loss: 2323.0621]
Thu 04 Apr 2024 23:28:07 INFO  epoch 2 evaluating [time: 41.50s, valid_score: 0.081000]
Thu 04 Apr 2024 23:28:07 INFO  valid result: 
recall@10 : 0.0863    mrr@10 : 0.081    ndcg@10 : 0.058    hit@10 : 0.2048    precision@10 : 0.0241
Thu 04 Apr 2024 23:28:08 INFO  epoch 3 training [time: 1.53s, train loss: 2297.7963]
Thu 04 Apr 2024 23:28:48 INFO  epoch 3 evaluating [time: 39.92s, valid_score: 0.081300]
Thu 04 Apr 2024 23:28:48 INFO  valid result: 
recall@10 : 0.0857    mrr@10 : 0.0813    ndcg@10 : 0.0579    hit@10 : 0.2023    precision@10 : 0.0238
Thu 04 Apr 2024 23:28:50 INFO  epoch 4 training [time: 1.50s, train loss: 2284.9750]
Thu 04 Apr 2024 23:29:30 INFO  epoch 4 evaluating [time: 39.96s, valid_score: 0.081900]
Thu 04 Apr 2024 23:29:30 INFO  valid result: 
recall@10 : 0.0872    mrr@10 : 0.0819    ndcg@10 : 0.0586    hit@10 : 0.2063    precision@10 : 0.0243
Thu 04 Apr 2024 23:29:34 INFO  Saving current: saved/LFM-1b_artist_20U50I_75strat/MultiDAE/MultiDAE-Apr-04-2024_23-25-21.pth
Thu 04 Apr 2024 23:29:35 INFO  epoch 5 training [time: 1.55s, train loss: 2273.4038]
Thu 04 Apr 2024 23:30:15 INFO  epoch 5 evaluating [time: 40.03s, valid_score: 0.081600]
Thu 04 Apr 2024 23:30:15 INFO  valid result: 
recall@10 : 0.0861    mrr@10 : 0.0816    ndcg@10 : 0.0582    hit@10 : 0.2038    precision@10 : 0.024
Thu 04 Apr 2024 23:30:17 INFO  epoch 6 training [time: 1.59s, train loss: 2264.8359]
Thu 04 Apr 2024 23:30:57 INFO  epoch 6 evaluating [time: 40.06s, valid_score: 0.082400]
Thu 04 Apr 2024 23:30:57 INFO  valid result: 
recall@10 : 0.0877    mrr@10 : 0.0824    ndcg@10 : 0.0589    hit@10 : 0.2071    precision@10 : 0.0244
Thu 04 Apr 2024 23:31:01 INFO  Saving current: saved/LFM-1b_artist_20U50I_75strat/MultiDAE/MultiDAE-Apr-04-2024_23-25-21.pth
Thu 04 Apr 2024 23:31:03 INFO  epoch 7 training [time: 1.58s, train loss: 2254.1382]
Thu 04 Apr 2024 23:31:43 INFO  epoch 7 evaluating [time: 40.09s, valid_score: 0.083500]
Thu 04 Apr 2024 23:31:43 INFO  valid result: 
recall@10 : 0.088    mrr@10 : 0.0835    ndcg@10 : 0.0594    hit@10 : 0.2094    precision@10 : 0.0246
Thu 04 Apr 2024 23:31:47 INFO  Saving current: saved/LFM-1b_artist_20U50I_75strat/MultiDAE/MultiDAE-Apr-04-2024_23-25-21.pth
Thu 04 Apr 2024 23:31:49 INFO  epoch 8 training [time: 1.54s, train loss: 2234.1755]
Thu 04 Apr 2024 23:32:29 INFO  epoch 8 evaluating [time: 40.14s, valid_score: 0.089300]
Thu 04 Apr 2024 23:32:29 INFO  valid result: 
recall@10 : 0.0986    mrr@10 : 0.0893    ndcg@10 : 0.0651    hit@10 : 0.2292    precision@10 : 0.027
Thu 04 Apr 2024 23:32:34 INFO  Saving current: saved/LFM-1b_artist_20U50I_75strat/MultiDAE/MultiDAE-Apr-04-2024_23-25-21.pth
Thu 04 Apr 2024 23:32:35 INFO  epoch 9 training [time: 1.57s, train loss: 2206.0951]
Thu 04 Apr 2024 23:33:15 INFO  epoch 9 evaluating [time: 40.01s, valid_score: 0.097000]
Thu 04 Apr 2024 23:33:15 INFO  valid result: 
recall@10 : 0.1067    mrr@10 : 0.097    ndcg@10 : 0.0708    hit@10 : 0.2442    precision@10 : 0.0289
Thu 04 Apr 2024 23:33:20 INFO  Saving current: saved/LFM-1b_artist_20U50I_75strat/MultiDAE/MultiDAE-Apr-04-2024_23-25-21.pth
Thu 04 Apr 2024 23:33:21 INFO  epoch 10 training [time: 1.59s, train loss: 2177.7034]
Thu 04 Apr 2024 23:34:01 INFO  epoch 10 evaluating [time: 40.11s, valid_score: 0.103600]
Thu 04 Apr 2024 23:34:01 INFO  valid result: 
recall@10 : 0.1166    mrr@10 : 0.1036    ndcg@10 : 0.0775    hit@10 : 0.2595    precision@10 : 0.0311
Thu 04 Apr 2024 23:34:05 INFO  Saving current: saved/LFM-1b_artist_20U50I_75strat/MultiDAE/MultiDAE-Apr-04-2024_23-25-21.pth
Thu 04 Apr 2024 23:34:07 INFO  epoch 11 training [time: 1.60s, train loss: 2150.3945]
Thu 04 Apr 2024 23:34:47 INFO  epoch 11 evaluating [time: 40.06s, valid_score: 0.108800]
Thu 04 Apr 2024 23:34:47 INFO  valid result: 
recall@10 : 0.123    mrr@10 : 0.1088    ndcg@10 : 0.0818    hit@10 : 0.2714    precision@10 : 0.0324
Thu 04 Apr 2024 23:34:54 INFO  Saving current: saved/LFM-1b_artist_20U50I_75strat/MultiDAE/MultiDAE-Apr-04-2024_23-25-21.pth
Thu 04 Apr 2024 23:34:55 INFO  epoch 12 training [time: 1.60s, train loss: 2133.4079]
Thu 04 Apr 2024 23:35:35 INFO  epoch 12 evaluating [time: 40.00s, valid_score: 0.116000]
Thu 04 Apr 2024 23:35:35 INFO  valid result: 
recall@10 : 0.1323    mrr@10 : 0.116    ndcg@10 : 0.088    hit@10 : 0.2868    precision@10 : 0.0345
Thu 04 Apr 2024 23:35:40 INFO  Saving current: saved/LFM-1b_artist_20U50I_75strat/MultiDAE/MultiDAE-Apr-04-2024_23-25-21.pth
Thu 04 Apr 2024 23:35:41 INFO  epoch 13 training [time: 1.56s, train loss: 2107.6145]
Thu 04 Apr 2024 23:36:21 INFO  epoch 13 evaluating [time: 39.91s, valid_score: 0.118600]
Thu 04 Apr 2024 23:36:21 INFO  valid result: 
recall@10 : 0.1377    mrr@10 : 0.1186    ndcg@10 : 0.0913    hit@10 : 0.2932    precision@10 : 0.0355
Thu 04 Apr 2024 23:36:26 INFO  Saving current: saved/LFM-1b_artist_20U50I_75strat/MultiDAE/MultiDAE-Apr-04-2024_23-25-21.pth
Thu 04 Apr 2024 23:36:27 INFO  epoch 14 training [time: 1.62s, train loss: 2086.2926]
Thu 04 Apr 2024 23:37:07 INFO  epoch 14 evaluating [time: 40.06s, valid_score: 0.122100]
Thu 04 Apr 2024 23:37:07 INFO  valid result: 
recall@10 : 0.1419    mrr@10 : 0.1221    ndcg@10 : 0.0939    hit@10 : 0.2989    precision@10 : 0.0361
Thu 04 Apr 2024 23:37:13 INFO  Saving current: saved/LFM-1b_artist_20U50I_75strat/MultiDAE/MultiDAE-Apr-04-2024_23-25-21.pth
Thu 04 Apr 2024 23:37:14 INFO  epoch 15 training [time: 1.62s, train loss: 2074.8124]
Thu 04 Apr 2024 23:37:54 INFO  epoch 15 evaluating [time: 40.11s, valid_score: 0.126600]
Thu 04 Apr 2024 23:37:54 INFO  valid result: 
recall@10 : 0.1472    mrr@10 : 0.1266    ndcg@10 : 0.0978    hit@10 : 0.3092    precision@10 : 0.0375
Thu 04 Apr 2024 23:37:59 INFO  Saving current: saved/LFM-1b_artist_20U50I_75strat/MultiDAE/MultiDAE-Apr-04-2024_23-25-21.pth
Thu 04 Apr 2024 23:38:01 INFO  epoch 16 training [time: 1.60s, train loss: 2053.4758]
Thu 04 Apr 2024 23:38:41 INFO  epoch 16 evaluating [time: 40.09s, valid_score: 0.130300]
Thu 04 Apr 2024 23:38:41 INFO  valid result: 
recall@10 : 0.1527    mrr@10 : 0.1303    ndcg@10 : 0.1015    hit@10 : 0.3165    precision@10 : 0.0384
Thu 04 Apr 2024 23:38:46 INFO  Saving current: saved/LFM-1b_artist_20U50I_75strat/MultiDAE/MultiDAE-Apr-04-2024_23-25-21.pth
Thu 04 Apr 2024 23:38:47 INFO  epoch 17 training [time: 1.61s, train loss: 2043.7259]
Thu 04 Apr 2024 23:39:27 INFO  epoch 17 evaluating [time: 40.06s, valid_score: 0.133600]
Thu 04 Apr 2024 23:39:27 INFO  valid result: 
recall@10 : 0.157    mrr@10 : 0.1336    ndcg@10 : 0.1042    hit@10 : 0.3236    precision@10 : 0.0394
Thu 04 Apr 2024 23:39:31 INFO  Saving current: saved/LFM-1b_artist_20U50I_75strat/MultiDAE/MultiDAE-Apr-04-2024_23-25-21.pth
Thu 04 Apr 2024 23:39:33 INFO  epoch 18 training [time: 1.57s, train loss: 2033.6772]
Thu 04 Apr 2024 23:40:13 INFO  epoch 18 evaluating [time: 40.33s, valid_score: 0.135600]
Thu 04 Apr 2024 23:40:13 INFO  valid result: 
recall@10 : 0.1598    mrr@10 : 0.1356    ndcg@10 : 0.1064    hit@10 : 0.3269    precision@10 : 0.0398
Thu 04 Apr 2024 23:40:17 INFO  Saving current: saved/LFM-1b_artist_20U50I_75strat/MultiDAE/MultiDAE-Apr-04-2024_23-25-21.pth
Thu 04 Apr 2024 23:40:19 INFO  epoch 19 training [time: 1.60s, train loss: 2016.8012]
Thu 04 Apr 2024 23:40:59 INFO  epoch 19 evaluating [time: 40.15s, valid_score: 0.138200]
Thu 04 Apr 2024 23:40:59 INFO  valid result: 
recall@10 : 0.1626    mrr@10 : 0.1382    ndcg@10 : 0.1081    hit@10 : 0.3323    precision@10 : 0.0406
Thu 04 Apr 2024 23:41:03 INFO  Saving current: saved/LFM-1b_artist_20U50I_75strat/MultiDAE/MultiDAE-Apr-04-2024_23-25-21.pth
Thu 04 Apr 2024 23:41:05 INFO  epoch 20 training [time: 1.62s, train loss: 2006.3692]
Thu 04 Apr 2024 23:41:45 INFO  epoch 20 evaluating [time: 39.94s, valid_score: 0.139000]
Thu 04 Apr 2024 23:41:45 INFO  valid result: 
recall@10 : 0.1654    mrr@10 : 0.139    ndcg@10 : 0.1094    hit@10 : 0.3373    precision@10 : 0.0411
Thu 04 Apr 2024 23:41:49 INFO  Saving current: saved/LFM-1b_artist_20U50I_75strat/MultiDAE/MultiDAE-Apr-04-2024_23-25-21.pth
Thu 04 Apr 2024 23:41:51 INFO  epoch 21 training [time: 1.60s, train loss: 1999.8340]
Thu 04 Apr 2024 23:42:31 INFO  epoch 21 evaluating [time: 39.91s, valid_score: 0.140600]
Thu 04 Apr 2024 23:42:31 INFO  valid result: 
recall@10 : 0.1652    mrr@10 : 0.1406    ndcg@10 : 0.1101    hit@10 : 0.3381    precision@10 : 0.0413
Thu 04 Apr 2024 23:42:36 INFO  Saving current: saved/LFM-1b_artist_20U50I_75strat/MultiDAE/MultiDAE-Apr-04-2024_23-25-21.pth
Thu 04 Apr 2024 23:42:38 INFO  epoch 22 training [time: 1.59s, train loss: 1991.2501]
Thu 04 Apr 2024 23:43:18 INFO  epoch 22 evaluating [time: 39.79s, valid_score: 0.141600]
Thu 04 Apr 2024 23:43:18 INFO  valid result: 
recall@10 : 0.1691    mrr@10 : 0.1416    ndcg@10 : 0.1119    hit@10 : 0.3431    precision@10 : 0.0418
Thu 04 Apr 2024 23:43:22 INFO  Saving current: saved/LFM-1b_artist_20U50I_75strat/MultiDAE/MultiDAE-Apr-04-2024_23-25-21.pth
Thu 04 Apr 2024 23:43:23 INFO  epoch 23 training [time: 1.58s, train loss: 1983.6577]
Thu 04 Apr 2024 23:44:03 INFO  epoch 23 evaluating [time: 39.76s, valid_score: 0.143600]
Thu 04 Apr 2024 23:44:03 INFO  valid result: 
recall@10 : 0.1692    mrr@10 : 0.1436    ndcg@10 : 0.1127    hit@10 : 0.3435    precision@10 : 0.042
Thu 04 Apr 2024 23:44:07 INFO  Saving current: saved/LFM-1b_artist_20U50I_75strat/MultiDAE/MultiDAE-Apr-04-2024_23-25-21.pth
Thu 04 Apr 2024 23:44:08 INFO  epoch 24 training [time: 1.56s, train loss: 1979.9828]
Thu 04 Apr 2024 23:44:48 INFO  epoch 24 evaluating [time: 39.81s, valid_score: 0.145000]
Thu 04 Apr 2024 23:44:48 INFO  valid result: 
recall@10 : 0.1728    mrr@10 : 0.145    ndcg@10 : 0.1144    hit@10 : 0.3496    precision@10 : 0.0426
Thu 04 Apr 2024 23:44:53 INFO  Saving current: saved/LFM-1b_artist_20U50I_75strat/MultiDAE/MultiDAE-Apr-04-2024_23-25-21.pth
Thu 04 Apr 2024 23:44:54 INFO  epoch 25 training [time: 1.56s, train loss: 1965.3633]
Thu 04 Apr 2024 23:45:34 INFO  epoch 25 evaluating [time: 39.81s, valid_score: 0.146000]
Thu 04 Apr 2024 23:45:34 INFO  valid result: 
recall@10 : 0.1741    mrr@10 : 0.146    ndcg@10 : 0.1154    hit@10 : 0.3515    precision@10 : 0.0428
Thu 04 Apr 2024 23:45:38 INFO  Saving current: saved/LFM-1b_artist_20U50I_75strat/MultiDAE/MultiDAE-Apr-04-2024_23-25-21.pth
Thu 04 Apr 2024 23:45:40 INFO  epoch 26 training [time: 1.59s, train loss: 1960.3719]
Thu 04 Apr 2024 23:46:19 INFO  epoch 26 evaluating [time: 39.66s, valid_score: 0.145700]
Thu 04 Apr 2024 23:46:19 INFO  valid result: 
recall@10 : 0.1761    mrr@10 : 0.1457    ndcg@10 : 0.1159    hit@10 : 0.3531    precision@10 : 0.0431
Thu 04 Apr 2024 23:46:21 INFO  epoch 27 training [time: 1.56s, train loss: 1948.4150]
Thu 04 Apr 2024 23:47:01 INFO  epoch 27 evaluating [time: 39.77s, valid_score: 0.147300]
Thu 04 Apr 2024 23:47:01 INFO  valid result: 
recall@10 : 0.1776    mrr@10 : 0.1473    ndcg@10 : 0.1171    hit@10 : 0.3552    precision@10 : 0.0433
Thu 04 Apr 2024 23:47:06 INFO  Saving current: saved/LFM-1b_artist_20U50I_75strat/MultiDAE/MultiDAE-Apr-04-2024_23-25-21.pth
Thu 04 Apr 2024 23:47:08 INFO  epoch 28 training [time: 1.62s, train loss: 1939.3402]
Thu 04 Apr 2024 23:47:47 INFO  epoch 28 evaluating [time: 39.74s, valid_score: 0.147700]
Thu 04 Apr 2024 23:47:47 INFO  valid result: 
recall@10 : 0.1782    mrr@10 : 0.1477    ndcg@10 : 0.1174    hit@10 : 0.3556    precision@10 : 0.0432
Thu 04 Apr 2024 23:47:52 INFO  Saving current: saved/LFM-1b_artist_20U50I_75strat/MultiDAE/MultiDAE-Apr-04-2024_23-25-21.pth
Thu 04 Apr 2024 23:47:54 INFO  epoch 29 training [time: 1.58s, train loss: 1934.5616]
Thu 04 Apr 2024 23:48:33 INFO  epoch 29 evaluating [time: 39.54s, valid_score: 0.149400]
Thu 04 Apr 2024 23:48:33 INFO  valid result: 
recall@10 : 0.1797    mrr@10 : 0.1494    ndcg@10 : 0.1187    hit@10 : 0.3584    precision@10 : 0.0436
Thu 04 Apr 2024 23:48:39 INFO  Saving current: saved/LFM-1b_artist_20U50I_75strat/MultiDAE/MultiDAE-Apr-04-2024_23-25-21.pth
Thu 04 Apr 2024 23:48:40 INFO  epoch 30 training [time: 1.61s, train loss: 1923.5085]
Thu 04 Apr 2024 23:49:20 INFO  epoch 30 evaluating [time: 39.45s, valid_score: 0.149300]
Thu 04 Apr 2024 23:49:20 INFO  valid result: 
recall@10 : 0.1806    mrr@10 : 0.1493    ndcg@10 : 0.1192    hit@10 : 0.3594    precision@10 : 0.0439
Thu 04 Apr 2024 23:49:21 INFO  epoch 31 training [time: 1.56s, train loss: 1915.5540]
Thu 04 Apr 2024 23:50:01 INFO  epoch 31 evaluating [time: 39.48s, valid_score: 0.150300]
Thu 04 Apr 2024 23:50:01 INFO  valid result: 
recall@10 : 0.1827    mrr@10 : 0.1503    ndcg@10 : 0.1203    hit@10 : 0.3623    precision@10 : 0.0443
Thu 04 Apr 2024 23:50:05 INFO  Saving current: saved/LFM-1b_artist_20U50I_75strat/MultiDAE/MultiDAE-Apr-04-2024_23-25-21.pth
Thu 04 Apr 2024 23:50:07 INFO  epoch 32 training [time: 1.57s, train loss: 1907.7167]
Thu 04 Apr 2024 23:50:46 INFO  epoch 32 evaluating [time: 39.22s, valid_score: 0.150600]
Thu 04 Apr 2024 23:50:46 INFO  valid result: 
recall@10 : 0.1854    mrr@10 : 0.1506    ndcg@10 : 0.1215    hit@10 : 0.3662    precision@10 : 0.0448
Thu 04 Apr 2024 23:50:50 INFO  Saving current: saved/LFM-1b_artist_20U50I_75strat/MultiDAE/MultiDAE-Apr-04-2024_23-25-21.pth
Thu 04 Apr 2024 23:50:52 INFO  epoch 33 training [time: 1.57s, train loss: 1905.1764]
Thu 04 Apr 2024 23:51:31 INFO  epoch 33 evaluating [time: 39.32s, valid_score: 0.151400]
Thu 04 Apr 2024 23:51:31 INFO  valid result: 
recall@10 : 0.1855    mrr@10 : 0.1514    ndcg@10 : 0.1218    hit@10 : 0.3671    precision@10 : 0.0449
Thu 04 Apr 2024 23:51:36 INFO  Saving current: saved/LFM-1b_artist_20U50I_75strat/MultiDAE/MultiDAE-Apr-04-2024_23-25-21.pth
Thu 04 Apr 2024 23:51:38 INFO  epoch 34 training [time: 1.60s, train loss: 1889.9338]
Thu 04 Apr 2024 23:52:17 INFO  epoch 34 evaluating [time: 39.36s, valid_score: 0.152200]
Thu 04 Apr 2024 23:52:17 INFO  valid result: 
recall@10 : 0.1867    mrr@10 : 0.1522    ndcg@10 : 0.1226    hit@10 : 0.3687    precision@10 : 0.0451
Thu 04 Apr 2024 23:52:21 INFO  Saving current: saved/LFM-1b_artist_20U50I_75strat/MultiDAE/MultiDAE-Apr-04-2024_23-25-21.pth
Thu 04 Apr 2024 23:52:23 INFO  epoch 35 training [time: 1.60s, train loss: 1880.7421]
Thu 04 Apr 2024 23:53:02 INFO  epoch 35 evaluating [time: 39.34s, valid_score: 0.152800]
Thu 04 Apr 2024 23:53:02 INFO  valid result: 
recall@10 : 0.1867    mrr@10 : 0.1528    ndcg@10 : 0.1234    hit@10 : 0.3677    precision@10 : 0.045
Thu 04 Apr 2024 23:53:06 INFO  Saving current: saved/LFM-1b_artist_20U50I_75strat/MultiDAE/MultiDAE-Apr-04-2024_23-25-21.pth
Thu 04 Apr 2024 23:53:08 INFO  epoch 36 training [time: 1.59s, train loss: 1871.8634]
Thu 04 Apr 2024 23:53:47 INFO  epoch 36 evaluating [time: 39.35s, valid_score: 0.153100]
Thu 04 Apr 2024 23:53:47 INFO  valid result: 
recall@10 : 0.188    mrr@10 : 0.1531    ndcg@10 : 0.1238    hit@10 : 0.3703    precision@10 : 0.0454
Thu 04 Apr 2024 23:53:51 INFO  Saving current: saved/LFM-1b_artist_20U50I_75strat/MultiDAE/MultiDAE-Apr-04-2024_23-25-21.pth
Thu 04 Apr 2024 23:53:53 INFO  epoch 37 training [time: 1.58s, train loss: 1863.4632]
Thu 04 Apr 2024 23:54:32 INFO  epoch 37 evaluating [time: 39.33s, valid_score: 0.153200]
Thu 04 Apr 2024 23:54:32 INFO  valid result: 
recall@10 : 0.1881    mrr@10 : 0.1532    ndcg@10 : 0.1242    hit@10 : 0.3694    precision@10 : 0.0454
Thu 04 Apr 2024 23:54:38 INFO  Saving current: saved/LFM-1b_artist_20U50I_75strat/MultiDAE/MultiDAE-Apr-04-2024_23-25-21.pth
Thu 04 Apr 2024 23:54:39 INFO  epoch 38 training [time: 1.63s, train loss: 1859.5169]
Thu 04 Apr 2024 23:55:19 INFO  epoch 38 evaluating [time: 39.34s, valid_score: 0.153000]
Thu 04 Apr 2024 23:55:19 INFO  valid result: 
recall@10 : 0.1883    mrr@10 : 0.153    ndcg@10 : 0.1243    hit@10 : 0.3698    precision@10 : 0.0453
Thu 04 Apr 2024 23:55:20 INFO  epoch 39 training [time: 1.55s, train loss: 1847.5466]
Thu 04 Apr 2024 23:56:00 INFO  epoch 39 evaluating [time: 39.27s, valid_score: 0.153700]
Thu 04 Apr 2024 23:56:00 INFO  valid result: 
recall@10 : 0.1895    mrr@10 : 0.1537    ndcg@10 : 0.125    hit@10 : 0.3716    precision@10 : 0.0455
Thu 04 Apr 2024 23:56:03 INFO  Saving current: saved/LFM-1b_artist_20U50I_75strat/MultiDAE/MultiDAE-Apr-04-2024_23-25-21.pth
Thu 04 Apr 2024 23:56:05 INFO  epoch 40 training [time: 1.59s, train loss: 1843.9026]
Thu 04 Apr 2024 23:56:44 INFO  epoch 40 evaluating [time: 39.38s, valid_score: 0.154300]
Thu 04 Apr 2024 23:56:44 INFO  valid result: 
recall@10 : 0.1908    mrr@10 : 0.1543    ndcg@10 : 0.1256    hit@10 : 0.3733    precision@10 : 0.0458
Thu 04 Apr 2024 23:56:49 INFO  Saving current: saved/LFM-1b_artist_20U50I_75strat/MultiDAE/MultiDAE-Apr-04-2024_23-25-21.pth
Thu 04 Apr 2024 23:56:50 INFO  epoch 41 training [time: 1.59s, train loss: 1834.8939]
Thu 04 Apr 2024 23:57:30 INFO  epoch 41 evaluating [time: 39.29s, valid_score: 0.154200]
Thu 04 Apr 2024 23:57:30 INFO  valid result: 
recall@10 : 0.1905    mrr@10 : 0.1542    ndcg@10 : 0.1256    hit@10 : 0.372    precision@10 : 0.0456
Thu 04 Apr 2024 23:57:31 INFO  epoch 42 training [time: 1.59s, train loss: 1830.6395]
Thu 04 Apr 2024 23:58:11 INFO  epoch 42 evaluating [time: 39.73s, valid_score: 0.155100]
Thu 04 Apr 2024 23:58:11 INFO  valid result: 
recall@10 : 0.1907    mrr@10 : 0.1551    ndcg@10 : 0.126    hit@10 : 0.373    precision@10 : 0.0456
Thu 04 Apr 2024 23:58:15 INFO  Saving current: saved/LFM-1b_artist_20U50I_75strat/MultiDAE/MultiDAE-Apr-04-2024_23-25-21.pth
Thu 04 Apr 2024 23:58:17 INFO  epoch 43 training [time: 1.57s, train loss: 1819.1404]
Thu 04 Apr 2024 23:58:56 INFO  epoch 43 evaluating [time: 39.40s, valid_score: 0.154000]
Thu 04 Apr 2024 23:58:56 INFO  valid result: 
recall@10 : 0.1906    mrr@10 : 0.154    ndcg@10 : 0.1258    hit@10 : 0.3721    precision@10 : 0.0458
Thu 04 Apr 2024 23:58:58 INFO  epoch 44 training [time: 1.53s, train loss: 1812.8129]
Thu 04 Apr 2024 23:59:37 INFO  epoch 44 evaluating [time: 39.46s, valid_score: 0.153100]
Thu 04 Apr 2024 23:59:37 INFO  valid result: 
recall@10 : 0.191    mrr@10 : 0.1531    ndcg@10 : 0.1254    hit@10 : 0.3722    precision@10 : 0.0457
Thu 04 Apr 2024 23:59:39 INFO  epoch 45 training [time: 1.56s, train loss: 1810.0764]
Fri 05 Apr 2024 00:00:18 INFO  epoch 45 evaluating [time: 39.23s, valid_score: 0.153800]
Fri 05 Apr 2024 00:00:18 INFO  valid result: 
recall@10 : 0.1907    mrr@10 : 0.1538    ndcg@10 : 0.1256    hit@10 : 0.3725    precision@10 : 0.0457
Fri 05 Apr 2024 00:00:20 INFO  epoch 46 training [time: 1.55s, train loss: 1803.8269]
Fri 05 Apr 2024 00:00:59 INFO  epoch 46 evaluating [time: 39.04s, valid_score: 0.152600]
Fri 05 Apr 2024 00:00:59 INFO  valid result: 
recall@10 : 0.1891    mrr@10 : 0.1526    ndcg@10 : 0.1244    hit@10 : 0.3702    precision@10 : 0.0451
Fri 05 Apr 2024 00:01:00 INFO  epoch 47 training [time: 1.55s, train loss: 1793.3468]
Fri 05 Apr 2024 00:01:39 INFO  epoch 47 evaluating [time: 39.21s, valid_score: 0.153700]
Fri 05 Apr 2024 00:01:39 INFO  valid result: 
recall@10 : 0.1902    mrr@10 : 0.1537    ndcg@10 : 0.1256    hit@10 : 0.3715    precision@10 : 0.0454
Fri 05 Apr 2024 00:01:41 INFO  epoch 48 training [time: 1.58s, train loss: 1787.6314]
Fri 05 Apr 2024 00:02:20 INFO  epoch 48 evaluating [time: 39.17s, valid_score: 0.153000]
Fri 05 Apr 2024 00:02:20 INFO  valid result: 
recall@10 : 0.1901    mrr@10 : 0.153    ndcg@10 : 0.1249    hit@10 : 0.3736    precision@10 : 0.0455
Fri 05 Apr 2024 00:02:22 INFO  epoch 49 training [time: 1.57s, train loss: 1779.9699]
Fri 05 Apr 2024 00:03:01 INFO  epoch 49 evaluating [time: 39.29s, valid_score: 0.152800]
Fri 05 Apr 2024 00:03:01 INFO  valid result: 
recall@10 : 0.1889    mrr@10 : 0.1528    ndcg@10 : 0.1247    hit@10 : 0.369    precision@10 : 0.045
Fri 05 Apr 2024 00:03:03 INFO  epoch 50 training [time: 1.56s, train loss: 1772.2352]
Fri 05 Apr 2024 00:03:42 INFO  epoch 50 evaluating [time: 39.39s, valid_score: 0.152400]
Fri 05 Apr 2024 00:03:42 INFO  valid result: 
recall@10 : 0.1898    mrr@10 : 0.1524    ndcg@10 : 0.1247    hit@10 : 0.3705    precision@10 : 0.0453
Fri 05 Apr 2024 00:03:44 INFO  epoch 51 training [time: 1.59s, train loss: 1762.5806]
Fri 05 Apr 2024 00:04:23 INFO  epoch 51 evaluating [time: 39.35s, valid_score: 0.151400]
Fri 05 Apr 2024 00:04:23 INFO  valid result: 
recall@10 : 0.1898    mrr@10 : 0.1514    ndcg@10 : 0.1244    hit@10 : 0.3701    precision@10 : 0.0448
Fri 05 Apr 2024 00:04:25 INFO  epoch 52 training [time: 1.65s, train loss: 1755.8968]
Fri 05 Apr 2024 00:05:04 INFO  epoch 52 evaluating [time: 39.44s, valid_score: 0.151900]
Fri 05 Apr 2024 00:05:04 INFO  valid result: 
recall@10 : 0.1899    mrr@10 : 0.1519    ndcg@10 : 0.1248    hit@10 : 0.3705    precision@10 : 0.0451
Fri 05 Apr 2024 00:05:06 INFO  epoch 53 training [time: 1.58s, train loss: 1752.7692]
Fri 05 Apr 2024 00:05:45 INFO  epoch 53 evaluating [time: 39.23s, valid_score: 0.153000]
Fri 05 Apr 2024 00:05:45 INFO  valid result: 
recall@10 : 0.1895    mrr@10 : 0.153    ndcg@10 : 0.1248    hit@10 : 0.3705    precision@10 : 0.0448
Fri 05 Apr 2024 00:05:45 INFO  Finished training, best eval result in epoch 42
Fri 05 Apr 2024 00:05:53 INFO  Loading model structure and parameters from saved/LFM-1b_artist_20U50I_75strat/MultiDAE/MultiDAE-Apr-04-2024_23-25-21.pth
Fri 05 Apr 2024 00:06:34 INFO  The running environment of this training is as follows:
+-------------+----------------+
| Environment |     Usage      |
+=============+================+
| CPU         |     6.50 %     |
+-------------+----------------+
| GPU         | 2.44 G/14.58 G |
+-------------+----------------+
| Memory      | 1.37 G/27.41 G |
+-------------+----------------+
Fri 05 Apr 2024 00:06:34 INFO  best valid : OrderedDict([('recall@10', 0.1907), ('mrr@10', 0.1551), ('ndcg@10', 0.126), ('hit@10', 0.373), ('precision@10', 0.0456)])
Fri 05 Apr 2024 00:06:34 INFO  test result: OrderedDict([('recall@10', 0.196), ('mrr@10', 0.1595), ('ndcg@10', 0.1303), ('hit@10', 0.3771), ('precision@10', 0.0467)])
Fri 05 Apr 2024 00:06:42 INFO  
General Hyper Parameters:
gpu_id = 0
use_gpu = True
seed = 2020
state = INFO
reproducibility = True
data_path = data/LFM-1b_artist_20U50I_75strat
checkpoint_dir = saved/LFM-1b_artist_20U50I_75strat/MultiDAE
show_progress = True
save_dataset = False
dataset_save_path = None
save_dataloaders = False
dataloaders_save_path = None
log_wandb = False

Training Hyper Parameters:
epochs = 200
train_batch_size = 2048
learner = adam
learning_rate = 0.001
train_neg_sample_args = {'distribution': 'uniform', 'sample_num': 1, 'dynamic': False, 'candidate_num': 0, 'alpha': 1.0}
eval_step = 1
stopping_step = 10
clip_grad_norm = None
weight_decay = 0.0
loss_decimal_place = 4

Evaluation Hyper Parameters:
eval_args = {'split': {'RS': [0.8, 0.1, 0.1]}, 'order': 'RO', 'group_by': 'user', 'mode': {'valid': 'full', 'test': 'full'}}
repeatable = False
metrics = ['Recall', 'MRR', 'NDCG', 'Hit', 'Precision']
topk = [10]
valid_metric = MRR@10
valid_metric_bigger = True
eval_batch_size = 4096
metric_decimal_place = 4

Dataset Hyper Parameters:
field_separator = 	
seq_separator =  
USER_ID_FIELD = user_id
ITEM_ID_FIELD = item_id
RATING_FIELD = rating
TIME_FIELD = timestamp
seq_len = None
LABEL_FIELD = label
threshold = None
NEG_PREFIX = neg_
load_col = {'inter': ['user_id', 'item_id']}
unload_col = None
unused_col = None
additional_feat_suffix = None
rm_dup_inter = None
val_interval = None
filter_inter_by_user_or_item = True
user_inter_num_interval = [0,inf)
item_inter_num_interval = [0,inf)
alias_of_user_id = None
alias_of_item_id = None
alias_of_entity_id = None
alias_of_relation_id = None
preload_weight = None
normalize_field = None
normalize_all = None
ITEM_LIST_LENGTH_FIELD = item_length
LIST_SUFFIX = _list
MAX_ITEM_LIST_LENGTH = 50
POSITION_FIELD = position_id
HEAD_ENTITY_ID_FIELD = head_id
TAIL_ENTITY_ID_FIELD = tail_id
RELATION_ID_FIELD = relation_id
ENTITY_ID_FIELD = entity_id
benchmark_filename = None

Other Hyper Parameters: 
worker = 0
wandb_project = recbole
shuffle = True
require_pow = False
enable_amp = False
enable_scaler = False
transform = None
mlp_hidden_size = [600]
latent_dimension = 64
dropout_prob = 0.5
numerical_features = []
discretization = None
kg_reverse_r = False
entity_kg_num_interval = [0,inf)
relation_kg_num_interval = [0,inf)
MODEL_TYPE = ModelType.GENERAL
encoding = utf-8
device = cuda
my_log_file = /mnt/batch/tasks/shared/LS_root/mounts/clusters/fontanagpu/code/sustainability-of-recsys/log/carbon_default.log
MODEL_INPUT_TYPE = InputType.PAIRWISE
eval_type = EvaluatorType.RANKING
single_spec = True
local_rank = 0
valid_neg_sample_args = {'distribution': 'uniform', 'sample_num': 'none'}
test_neg_sample_args = {'distribution': 'uniform', 'sample_num': 'none'}


Fri 05 Apr 2024 00:06:44 INFO  LFM-1b_artist_20U50I_75strat
The number of users: 19842
Average actions of users: 33.660097777329774
The number of items: 38933
Average actions of items: 17.154268981814447
The number of inters: 667850
The sparsity of the dataset: 99.91354788644381%
Remain Fields: ['user_id', 'item_id']
Fri 05 Apr 2024 00:06:46 INFO  [Training]: train_batch_size = [2048] train_neg_sample_args: [{'distribution': 'uniform', 'sample_num': 1, 'dynamic': False, 'candidate_num': 0, 'alpha': 1.0}]
Fri 05 Apr 2024 00:06:46 INFO  [Evaluation]: eval_batch_size = [4096] eval_args: [{'split': {'RS': [0.8, 0.1, 0.1]}, 'order': 'RO', 'group_by': 'user', 'mode': {'valid': 'full', 'test': 'full'}}]
Fri 05 Apr 2024 00:06:56 INFO  Loading model structure and parameters from saved/LFM-1b_artist_20U50I_75strat/MultiDAE/MultiDAE-Apr-04-2024_23-25-21.pth
