Thu 09 May 2024 00:24:13 INFO  ['src/default_tracker2.py', '--dataset=LFM-1b_artist_20U50I_25strat', '--model=MultiDAE', '--max_emission_step=-1']
Thu 09 May 2024 00:24:13 INFO  
General Hyper Parameters:
gpu_id = 0
use_gpu = True
seed = 2020
state = INFO
reproducibility = True
data_path = data/LFM-1b_artist_20U50I_25strat
checkpoint_dir = saved/LFM-1b_artist_20U50I_25strat/MultiDAE
show_progress = True
save_dataset = False
dataset_save_path = None
save_dataloaders = False
dataloaders_save_path = None
log_wandb = False

Training Hyper Parameters:
epochs = 200
train_batch_size = 2048
learner = adam
learning_rate = 0.001
train_neg_sample_args = {'distribution': 'uniform', 'sample_num': 1, 'dynamic': False, 'candidate_num': 0, 'alpha': 1.0}
eval_step = 1
stopping_step = 10
clip_grad_norm = None
weight_decay = 0.0
loss_decimal_place = 4

Evaluation Hyper Parameters:
eval_args = {'split': {'RS': [0.8, 0.1, 0.1]}, 'order': 'RO', 'group_by': 'user', 'mode': {'valid': 'full', 'test': 'full'}}
repeatable = False
metrics = ['Recall', 'MRR', 'NDCG', 'Hit', 'MAP', 'Precision', 'GAUC', 'ItemCoverage', 'AveragePopularity', 'GiniIndex', 'ShannonEntropy', 'TailPercentage']
topk = [10]
valid_metric = MRR@10
valid_metric_bigger = True
eval_batch_size = 4096
metric_decimal_place = 4

Dataset Hyper Parameters:
field_separator = 	
seq_separator =  
USER_ID_FIELD = user_id
ITEM_ID_FIELD = item_id
RATING_FIELD = rating
TIME_FIELD = timestamp
seq_len = None
LABEL_FIELD = label
threshold = None
NEG_PREFIX = neg_
load_col = {'inter': ['user_id', 'item_id']}
unload_col = None
unused_col = None
additional_feat_suffix = None
rm_dup_inter = None
val_interval = None
filter_inter_by_user_or_item = True
user_inter_num_interval = [0,inf)
item_inter_num_interval = [0,inf)
alias_of_user_id = None
alias_of_item_id = None
alias_of_entity_id = None
alias_of_relation_id = None
preload_weight = None
normalize_field = None
normalize_all = None
ITEM_LIST_LENGTH_FIELD = item_length
LIST_SUFFIX = _list
MAX_ITEM_LIST_LENGTH = 50
POSITION_FIELD = position_id
HEAD_ENTITY_ID_FIELD = head_id
TAIL_ENTITY_ID_FIELD = tail_id
RELATION_ID_FIELD = relation_id
ENTITY_ID_FIELD = entity_id
benchmark_filename = None

Other Hyper Parameters: 
worker = 0
wandb_project = recbole
shuffle = True
require_pow = False
enable_amp = False
enable_scaler = False
transform = None
mlp_hidden_size = [600]
latent_dimension = 64
dropout_prob = 0.5
numerical_features = []
discretization = None
kg_reverse_r = False
entity_kg_num_interval = [0,inf)
relation_kg_num_interval = [0,inf)
MODEL_TYPE = ModelType.GENERAL
encoding = utf-8
device = cuda:1
my_log_file = /home/fontana/Tesi/log/carbon_default.log
max_emission_step = -1
MODEL_INPUT_TYPE = InputType.PAIRWISE
eval_type = EvaluatorType.RANKING
single_spec = True
local_rank = 0
valid_neg_sample_args = {'distribution': 'uniform', 'sample_num': 'none'}
test_neg_sample_args = {'distribution': 'uniform', 'sample_num': 'none'}


Thu 09 May 2024 00:24:14 INFO  LFM-1b_artist_20U50I_25strat
The number of users: 19842
Average actions of users: 11.01038254120256
The number of items: 24879
Average actions of items: 8.781131923788086
The number of inters: 218457
The sparsity of the dataset: 99.95574650251882%
Remain Fields: ['user_id', 'item_id']
Thu 09 May 2024 00:24:16 INFO  [Training]: train_batch_size = [2048] train_neg_sample_args: [{'distribution': 'uniform', 'sample_num': 1, 'dynamic': False, 'candidate_num': 0, 'alpha': 1.0}]
Thu 09 May 2024 00:24:16 INFO  [Evaluation]: eval_batch_size = [4096] eval_args: [{'split': {'RS': [0.8, 0.1, 0.1]}, 'order': 'RO', 'group_by': 'user', 'mode': {'valid': 'full', 'test': 'full'}}]
Thu 09 May 2024 00:24:20 INFO  MultiDAE(
  (encoder): MLPLayers(
    (mlp_layers): Sequential(
      (0): Dropout(p=0.0, inplace=False)
      (1): Linear(in_features=24879, out_features=600, bias=True)
      (2): Tanh()
      (3): Dropout(p=0.0, inplace=False)
      (4): Linear(in_features=600, out_features=64, bias=True)
      (5): Tanh()
    )
  )
  (decoder): Sequential(
    (0): Linear(in_features=64, out_features=600, bias=True)
    (1): Tanh()
    (2): Linear(in_features=600, out_features=24879, bias=True)
  )
)
Trainable parameters: 29957743
Thu 09 May 2024 00:24:20 INFO  FLOPs: 29931600.0
Thu 09 May 2024 00:24:25 INFO  epoch 0 training [time: 0.97s, train loss: 868.9142]
Thu 09 May 2024 00:25:31 INFO  epoch 0 evaluating [time: 65.60s, valid_score: 0.022100]
Thu 09 May 2024 00:25:31 INFO  valid result: 
recall@10 : 0.0462    mrr@10 : 0.0221    ndcg@10 : 0.0257    hit@10 : 0.0575    map@10 : 0.0179    precision@10 : 0.0058    gauc : 0.8699    itemcoverage@10 : 0.0008    averagepopularity@10 : 602.0096    giniindex@10 : 0.9996    shannonentropy@10 : 0.1291    tailpercentage@10 : 0.0
Thu 09 May 2024 00:25:32 INFO  Saving current: saved/LFM-1b_artist_20U50I_25strat/MultiDAE/MultiDAE-May-09-2024_00-24-21.pth
Thu 09 May 2024 00:25:33 INFO  epoch 1 training [time: 0.96s, train loss: 764.6512]
Thu 09 May 2024 00:26:39 INFO  epoch 1 evaluating [time: 65.71s, valid_score: 0.032400]
Thu 09 May 2024 00:26:39 INFO  valid result: 
recall@10 : 0.0793    mrr@10 : 0.0324    ndcg@10 : 0.0402    hit@10 : 0.0973    map@10 : 0.0261    precision@10 : 0.0099    gauc : 0.8701    itemcoverage@10 : 0.0007    averagepopularity@10 : 943.9479    giniindex@10 : 0.9996    shannonentropy@10 : 0.1364    tailpercentage@10 : 0.0
Thu 09 May 2024 00:26:44 INFO  Saving current: saved/LFM-1b_artist_20U50I_25strat/MultiDAE/MultiDAE-May-09-2024_00-24-21.pth
Thu 09 May 2024 00:26:45 INFO  epoch 2 training [time: 0.97s, train loss: 736.5920]
Thu 09 May 2024 00:27:50 INFO  epoch 2 evaluating [time: 65.74s, valid_score: 0.033900]
Thu 09 May 2024 00:27:50 INFO  valid result: 
recall@10 : 0.0779    mrr@10 : 0.0339    ndcg@10 : 0.041    hit@10 : 0.0961    map@10 : 0.0275    precision@10 : 0.0098    gauc : 0.8709    itemcoverage@10 : 0.0011    averagepopularity@10 : 941.1262    giniindex@10 : 0.9996    shannonentropy@10 : 0.0876    tailpercentage@10 : 0.0
Thu 09 May 2024 00:27:55 INFO  Saving current: saved/LFM-1b_artist_20U50I_25strat/MultiDAE/MultiDAE-May-09-2024_00-24-21.pth
Thu 09 May 2024 00:27:56 INFO  epoch 3 training [time: 0.97s, train loss: 728.6214]
Thu 09 May 2024 00:29:01 INFO  epoch 3 evaluating [time: 65.52s, valid_score: 0.034000]
Thu 09 May 2024 00:29:01 INFO  valid result: 
recall@10 : 0.0794    mrr@10 : 0.034    ndcg@10 : 0.0414    hit@10 : 0.0974    map@10 : 0.0276    precision@10 : 0.0099    gauc : 0.8711    itemcoverage@10 : 0.0011    averagepopularity@10 : 947.3073    giniindex@10 : 0.9996    shannonentropy@10 : 0.0876    tailpercentage@10 : 0.0
Thu 09 May 2024 00:29:05 INFO  Saving current: saved/LFM-1b_artist_20U50I_25strat/MultiDAE/MultiDAE-May-09-2024_00-24-21.pth
Thu 09 May 2024 00:29:06 INFO  epoch 4 training [time: 0.95s, train loss: 723.1730]
Thu 09 May 2024 00:30:12 INFO  epoch 4 evaluating [time: 66.03s, valid_score: 0.034300]
Thu 09 May 2024 00:30:12 INFO  valid result: 
recall@10 : 0.0801    mrr@10 : 0.0343    ndcg@10 : 0.0419    hit@10 : 0.0984    map@10 : 0.0279    precision@10 : 0.01    gauc : 0.871    itemcoverage@10 : 0.0016    averagepopularity@10 : 946.1658    giniindex@10 : 0.9996    shannonentropy@10 : 0.0629    tailpercentage@10 : 0.0001
Thu 09 May 2024 00:30:15 INFO  Saving current: saved/LFM-1b_artist_20U50I_25strat/MultiDAE/MultiDAE-May-09-2024_00-24-21.pth
Thu 09 May 2024 00:30:16 INFO  epoch 5 training [time: 0.97s, train loss: 719.2705]
Thu 09 May 2024 00:31:22 INFO  epoch 5 evaluating [time: 65.89s, valid_score: 0.034000]
Thu 09 May 2024 00:31:22 INFO  valid result: 
recall@10 : 0.0786    mrr@10 : 0.034    ndcg@10 : 0.0412    hit@10 : 0.0963    map@10 : 0.0276    precision@10 : 0.0098    gauc : 0.8711    itemcoverage@10 : 0.0017    averagepopularity@10 : 946.8852    giniindex@10 : 0.9996    shannonentropy@10 : 0.0585    tailpercentage@10 : 0.0002
Thu 09 May 2024 00:31:23 INFO  epoch 6 training [time: 0.98s, train loss: 716.9186]
Thu 09 May 2024 00:32:29 INFO  epoch 6 evaluating [time: 65.81s, valid_score: 0.034400]
Thu 09 May 2024 00:32:29 INFO  valid result: 
recall@10 : 0.0802    mrr@10 : 0.0344    ndcg@10 : 0.042    hit@10 : 0.0985    map@10 : 0.028    precision@10 : 0.01    gauc : 0.8714    itemcoverage@10 : 0.0019    averagepopularity@10 : 945.5671    giniindex@10 : 0.9996    shannonentropy@10 : 0.0512    tailpercentage@10 : 0.0003
Thu 09 May 2024 00:32:32 INFO  Saving current: saved/LFM-1b_artist_20U50I_25strat/MultiDAE/MultiDAE-May-09-2024_00-24-21.pth
Thu 09 May 2024 00:32:33 INFO  epoch 7 training [time: 0.98s, train loss: 716.0401]
Thu 09 May 2024 00:33:39 INFO  epoch 7 evaluating [time: 65.68s, valid_score: 0.034100]
Thu 09 May 2024 00:33:39 INFO  valid result: 
recall@10 : 0.0789    mrr@10 : 0.0341    ndcg@10 : 0.0414    hit@10 : 0.0965    map@10 : 0.0277    precision@10 : 0.0098    gauc : 0.8716    itemcoverage@10 : 0.0021    averagepopularity@10 : 946.6772    giniindex@10 : 0.9996    shannonentropy@10 : 0.0473    tailpercentage@10 : 0.0003
Thu 09 May 2024 00:33:40 INFO  epoch 8 training [time: 0.97s, train loss: 715.9491]
Thu 09 May 2024 00:34:46 INFO  epoch 8 evaluating [time: 65.57s, valid_score: 0.034400]
Thu 09 May 2024 00:34:46 INFO  valid result: 
recall@10 : 0.0803    mrr@10 : 0.0344    ndcg@10 : 0.0419    hit@10 : 0.0985    map@10 : 0.028    precision@10 : 0.01    gauc : 0.8719    itemcoverage@10 : 0.0023    averagepopularity@10 : 945.4944    giniindex@10 : 0.9996    shannonentropy@10 : 0.0433    tailpercentage@10 : 0.0004
Thu 09 May 2024 00:34:49 INFO  Saving current: saved/LFM-1b_artist_20U50I_25strat/MultiDAE/MultiDAE-May-09-2024_00-24-21.pth
Thu 09 May 2024 00:34:50 INFO  epoch 9 training [time: 0.97s, train loss: 715.0845]
Thu 09 May 2024 00:35:56 INFO  epoch 9 evaluating [time: 65.58s, valid_score: 0.034500]
Thu 09 May 2024 00:35:56 INFO  valid result: 
recall@10 : 0.0802    mrr@10 : 0.0345    ndcg@10 : 0.042    hit@10 : 0.0981    map@10 : 0.028    precision@10 : 0.01    gauc : 0.8724    itemcoverage@10 : 0.0027    averagepopularity@10 : 945.4475    giniindex@10 : 0.9996    shannonentropy@10 : 0.0366    tailpercentage@10 : 0.0005
Thu 09 May 2024 00:35:59 INFO  Saving current: saved/LFM-1b_artist_20U50I_25strat/MultiDAE/MultiDAE-May-09-2024_00-24-21.pth
Thu 09 May 2024 00:36:00 INFO  epoch 10 training [time: 0.98s, train loss: 713.5046]
Thu 09 May 2024 00:37:06 INFO  epoch 10 evaluating [time: 65.98s, valid_score: 0.034800]
Thu 09 May 2024 00:37:06 INFO  valid result: 
recall@10 : 0.0804    mrr@10 : 0.0348    ndcg@10 : 0.0422    hit@10 : 0.0987    map@10 : 0.0282    precision@10 : 0.01    gauc : 0.8729    itemcoverage@10 : 0.0034    averagepopularity@10 : 943.8228    giniindex@10 : 0.9996    shannonentropy@10 : 0.03    tailpercentage@10 : 0.0006
Thu 09 May 2024 00:37:10 INFO  Saving current: saved/LFM-1b_artist_20U50I_25strat/MultiDAE/MultiDAE-May-09-2024_00-24-21.pth
Thu 09 May 2024 00:37:11 INFO  epoch 11 training [time: 0.97s, train loss: 709.2756]
Thu 09 May 2024 00:38:17 INFO  epoch 11 evaluating [time: 65.74s, valid_score: 0.035400]
Thu 09 May 2024 00:38:17 INFO  valid result: 
recall@10 : 0.0834    mrr@10 : 0.0354    ndcg@10 : 0.0434    hit@10 : 0.1014    map@10 : 0.0289    precision@10 : 0.0103    gauc : 0.8745    itemcoverage@10 : 0.0031    averagepopularity@10 : 929.0346    giniindex@10 : 0.9995    shannonentropy@10 : 0.0353    tailpercentage@10 : 0.0008
Thu 09 May 2024 00:38:20 INFO  Saving current: saved/LFM-1b_artist_20U50I_25strat/MultiDAE/MultiDAE-May-09-2024_00-24-21.pth
Thu 09 May 2024 00:38:21 INFO  epoch 12 training [time: 0.98s, train loss: 705.2353]
Thu 09 May 2024 00:39:27 INFO  epoch 12 evaluating [time: 65.69s, valid_score: 0.037800]
Thu 09 May 2024 00:39:27 INFO  valid result: 
recall@10 : 0.0901    mrr@10 : 0.0378    ndcg@10 : 0.0468    hit@10 : 0.1094    map@10 : 0.0312    precision@10 : 0.0111    gauc : 0.8776    itemcoverage@10 : 0.0037    averagepopularity@10 : 861.6194    giniindex@10 : 0.9993    shannonentropy@10 : 0.0337    tailpercentage@10 : 0.0006
Thu 09 May 2024 00:39:31 INFO  Saving current: saved/LFM-1b_artist_20U50I_25strat/MultiDAE/MultiDAE-May-09-2024_00-24-21.pth
Thu 09 May 2024 00:39:32 INFO  epoch 13 training [time: 0.98s, train loss: 694.9142]
Thu 09 May 2024 00:40:37 INFO  epoch 13 evaluating [time: 65.71s, valid_score: 0.039100]
Thu 09 May 2024 00:40:37 INFO  valid result: 
recall@10 : 0.0942    mrr@10 : 0.0391    ndcg@10 : 0.0489    hit@10 : 0.1136    map@10 : 0.0328    precision@10 : 0.0115    gauc : 0.8807    itemcoverage@10 : 0.0057    averagepopularity@10 : 805.4236    giniindex@10 : 0.9991    shannonentropy@10 : 0.0243    tailpercentage@10 : 0.0005
Thu 09 May 2024 00:40:41 INFO  Saving current: saved/LFM-1b_artist_20U50I_25strat/MultiDAE/MultiDAE-May-09-2024_00-24-21.pth
Thu 09 May 2024 00:40:42 INFO  epoch 14 training [time: 0.97s, train loss: 682.6597]
Thu 09 May 2024 00:41:48 INFO  epoch 14 evaluating [time: 65.95s, valid_score: 0.039100]
Thu 09 May 2024 00:41:48 INFO  valid result: 
recall@10 : 0.0952    mrr@10 : 0.0391    ndcg@10 : 0.0492    hit@10 : 0.1139    map@10 : 0.033    precision@10 : 0.0116    gauc : 0.8837    itemcoverage@10 : 0.0095    averagepopularity@10 : 753.2081    giniindex@10 : 0.9987    shannonentropy@10 : 0.0159    tailpercentage@10 : 0.0006
Thu 09 May 2024 00:41:51 INFO  Saving current: saved/LFM-1b_artist_20U50I_25strat/MultiDAE/MultiDAE-May-09-2024_00-24-21.pth
Thu 09 May 2024 00:41:52 INFO  epoch 15 training [time: 0.98s, train loss: 673.9258]
Thu 09 May 2024 00:42:57 INFO  epoch 15 evaluating [time: 65.79s, valid_score: 0.039600]
Thu 09 May 2024 00:42:57 INFO  valid result: 
recall@10 : 0.0983    mrr@10 : 0.0396    ndcg@10 : 0.0504    hit@10 : 0.1156    map@10 : 0.0336    precision@10 : 0.0118    gauc : 0.8856    itemcoverage@10 : 0.012    averagepopularity@10 : 717.2397    giniindex@10 : 0.9984    shannonentropy@10 : 0.0134    tailpercentage@10 : 0.0005
Thu 09 May 2024 00:43:01 INFO  Saving current: saved/LFM-1b_artist_20U50I_25strat/MultiDAE/MultiDAE-May-09-2024_00-24-21.pth
Thu 09 May 2024 00:43:02 INFO  epoch 16 training [time: 0.97s, train loss: 663.2247]
Thu 09 May 2024 00:44:07 INFO  epoch 16 evaluating [time: 65.68s, valid_score: 0.039600]
Thu 09 May 2024 00:44:07 INFO  valid result: 
recall@10 : 0.1016    mrr@10 : 0.0396    ndcg@10 : 0.0513    hit@10 : 0.1191    map@10 : 0.0339    precision@10 : 0.0121    gauc : 0.8877    itemcoverage@10 : 0.0167    averagepopularity@10 : 687.6284    giniindex@10 : 0.9979    shannonentropy@10 : 0.0101    tailpercentage@10 : 0.0004
Thu 09 May 2024 00:44:11 INFO  Saving current: saved/LFM-1b_artist_20U50I_25strat/MultiDAE/MultiDAE-May-09-2024_00-24-21.pth
Thu 09 May 2024 00:44:12 INFO  epoch 17 training [time: 0.97s, train loss: 655.2136]
Thu 09 May 2024 00:45:17 INFO  epoch 17 evaluating [time: 65.90s, valid_score: 0.039300]
Thu 09 May 2024 00:45:17 INFO  valid result: 
recall@10 : 0.1009    mrr@10 : 0.0393    ndcg@10 : 0.0509    hit@10 : 0.1188    map@10 : 0.0337    precision@10 : 0.0121    gauc : 0.889    itemcoverage@10 : 0.0223    averagepopularity@10 : 643.5853    giniindex@10 : 0.9973    shannonentropy@10 : 0.008    tailpercentage@10 : 0.0004
Thu 09 May 2024 00:45:18 INFO  epoch 18 training [time: 0.97s, train loss: 647.0289]
Thu 09 May 2024 00:46:24 INFO  epoch 18 evaluating [time: 65.93s, valid_score: 0.039000]
Thu 09 May 2024 00:46:24 INFO  valid result: 
recall@10 : 0.1006    mrr@10 : 0.039    ndcg@10 : 0.0506    hit@10 : 0.1185    map@10 : 0.0333    precision@10 : 0.012    gauc : 0.8896    itemcoverage@10 : 0.0289    averagepopularity@10 : 609.0756    giniindex@10 : 0.9966    shannonentropy@10 : 0.0065    tailpercentage@10 : 0.0002
Thu 09 May 2024 00:46:25 INFO  epoch 19 training [time: 0.98s, train loss: 637.4631]
Thu 09 May 2024 00:47:31 INFO  epoch 19 evaluating [time: 65.80s, valid_score: 0.038200]
Thu 09 May 2024 00:47:31 INFO  valid result: 
recall@10 : 0.0978    mrr@10 : 0.0382    ndcg@10 : 0.0495    hit@10 : 0.1159    map@10 : 0.0327    precision@10 : 0.0118    gauc : 0.8902    itemcoverage@10 : 0.0348    averagepopularity@10 : 586.1171    giniindex@10 : 0.9962    shannonentropy@10 : 0.0055    tailpercentage@10 : 0.0004
Thu 09 May 2024 00:47:32 INFO  epoch 20 training [time: 0.96s, train loss: 630.1699]
Thu 09 May 2024 00:48:38 INFO  epoch 20 evaluating [time: 65.98s, valid_score: 0.038500]
Thu 09 May 2024 00:48:38 INFO  valid result: 
recall@10 : 0.0956    mrr@10 : 0.0385    ndcg@10 : 0.049    hit@10 : 0.1136    map@10 : 0.0327    precision@10 : 0.0116    gauc : 0.8901    itemcoverage@10 : 0.0413    averagepopularity@10 : 555.6554    giniindex@10 : 0.9954    shannonentropy@10 : 0.0048    tailpercentage@10 : 0.0004
Thu 09 May 2024 00:48:39 INFO  epoch 21 training [time: 0.96s, train loss: 623.1908]
Thu 09 May 2024 00:49:45 INFO  epoch 21 evaluating [time: 66.11s, valid_score: 0.038200]
Thu 09 May 2024 00:49:45 INFO  valid result: 
recall@10 : 0.094    mrr@10 : 0.0382    ndcg@10 : 0.0482    hit@10 : 0.1121    map@10 : 0.0321    precision@10 : 0.0114    gauc : 0.89    itemcoverage@10 : 0.0484    averagepopularity@10 : 532.4138    giniindex@10 : 0.9946    shannonentropy@10 : 0.0042    tailpercentage@10 : 0.0004
Thu 09 May 2024 00:49:46 INFO  epoch 22 training [time: 0.97s, train loss: 615.9080]
Thu 09 May 2024 00:50:52 INFO  epoch 22 evaluating [time: 65.88s, valid_score: 0.038100]
Thu 09 May 2024 00:50:52 INFO  valid result: 
recall@10 : 0.0937    mrr@10 : 0.0381    ndcg@10 : 0.0481    hit@10 : 0.1116    map@10 : 0.032    precision@10 : 0.0113    gauc : 0.8899    itemcoverage@10 : 0.0566    averagepopularity@10 : 517.052    giniindex@10 : 0.9938    shannonentropy@10 : 0.0037    tailpercentage@10 : 0.0004
Thu 09 May 2024 00:50:53 INFO  epoch 23 training [time: 0.97s, train loss: 608.2064]
Thu 09 May 2024 00:51:59 INFO  epoch 23 evaluating [time: 66.10s, valid_score: 0.038000]
Thu 09 May 2024 00:51:59 INFO  valid result: 
recall@10 : 0.0923    mrr@10 : 0.038    ndcg@10 : 0.0476    hit@10 : 0.1106    map@10 : 0.0319    precision@10 : 0.0112    gauc : 0.8897    itemcoverage@10 : 0.0652    averagepopularity@10 : 504.0452    giniindex@10 : 0.993    shannonentropy@10 : 0.0033    tailpercentage@10 : 0.0003
Thu 09 May 2024 00:52:00 INFO  epoch 24 training [time: 0.97s, train loss: 602.1684]
Thu 09 May 2024 00:53:06 INFO  epoch 24 evaluating [time: 66.07s, valid_score: 0.038000]
Thu 09 May 2024 00:53:06 INFO  valid result: 
recall@10 : 0.0908    mrr@10 : 0.038    ndcg@10 : 0.0472    hit@10 : 0.1086    map@10 : 0.0318    precision@10 : 0.011    gauc : 0.8893    itemcoverage@10 : 0.077    averagepopularity@10 : 485.4051    giniindex@10 : 0.9918    shannonentropy@10 : 0.0028    tailpercentage@10 : 0.0004
Thu 09 May 2024 00:53:07 INFO  epoch 25 training [time: 0.96s, train loss: 592.1536]
Thu 09 May 2024 00:54:13 INFO  epoch 25 evaluating [time: 65.81s, valid_score: 0.037600]
Thu 09 May 2024 00:54:13 INFO  valid result: 
recall@10 : 0.0905    mrr@10 : 0.0376    ndcg@10 : 0.0468    hit@10 : 0.1083    map@10 : 0.0314    precision@10 : 0.011    gauc : 0.8889    itemcoverage@10 : 0.0864    averagepopularity@10 : 474.3761    giniindex@10 : 0.9909    shannonentropy@10 : 0.0026    tailpercentage@10 : 0.0003
Thu 09 May 2024 00:54:14 INFO  epoch 26 training [time: 0.97s, train loss: 585.5801]
Thu 09 May 2024 00:55:20 INFO  epoch 26 evaluating [time: 65.86s, valid_score: 0.036400]
Thu 09 May 2024 00:55:20 INFO  valid result: 
recall@10 : 0.0881    mrr@10 : 0.0364    ndcg@10 : 0.0456    hit@10 : 0.1049    map@10 : 0.0306    precision@10 : 0.0106    gauc : 0.8884    itemcoverage@10 : 0.0955    averagepopularity@10 : 459.2141    giniindex@10 : 0.9895    shannonentropy@10 : 0.0024    tailpercentage@10 : 0.0003
Thu 09 May 2024 00:55:21 INFO  epoch 27 training [time: 0.97s, train loss: 576.3031]
Thu 09 May 2024 00:56:27 INFO  epoch 27 evaluating [time: 65.94s, valid_score: 0.036300]
Thu 09 May 2024 00:56:27 INFO  valid result: 
recall@10 : 0.0875    mrr@10 : 0.0363    ndcg@10 : 0.0454    hit@10 : 0.1041    map@10 : 0.0306    precision@10 : 0.0105    gauc : 0.8877    itemcoverage@10 : 0.1101    averagepopularity@10 : 445.4656    giniindex@10 : 0.9878    shannonentropy@10 : 0.0021    tailpercentage@10 : 0.0004
Thu 09 May 2024 00:56:27 INFO  Finished training, best eval result in epoch 16
Thu 09 May 2024 00:56:27 INFO  Loading model structure and parameters from saved/LFM-1b_artist_20U50I_25strat/MultiDAE/MultiDAE-May-09-2024_00-24-21.pth
Thu 09 May 2024 00:57:42 INFO  The running environment of this training is as follows:
+-------------+----------------+
| Environment |     Usage      |
+=============+================+
| CPU         |    12.60 %     |
+-------------+----------------+
| GPU         | 1.66 G/11.93 G |
+-------------+----------------+
| Memory      | 2.16 G/31.23 G |
+-------------+----------------+
Thu 09 May 2024 00:57:42 INFO  best valid : OrderedDict([('recall@10', 0.1016), ('mrr@10', 0.0396), ('ndcg@10', 0.0513), ('hit@10', 0.1191), ('map@10', 0.0339), ('precision@10', 0.0121), ('gauc', 0.8877), ('itemcoverage@10', 0.0167), ('averagepopularity@10', 687.6284), ('giniindex@10', 0.9979), ('shannonentropy@10', 0.0101), ('tailpercentage@10', 0.0004)])
Thu 09 May 2024 00:57:42 INFO  test result: OrderedDict([('recall@10', 0.1024), ('mrr@10', 0.0407), ('ndcg@10', 0.0522), ('hit@10', 0.1194), ('map@10', 0.0349), ('precision@10', 0.0122), ('gauc', 0.8869), ('itemcoverage@10', 0.0168), ('averagepopularity@10', 700.0905), ('giniindex@10', 0.998), ('shannonentropy@10', 0.01), ('tailpercentage@10', 0.0003)])
Thu 09 May 2024 00:57:42 INFO  
General Hyper Parameters:
gpu_id = 0
use_gpu = True
seed = 2020
state = INFO
reproducibility = True
data_path = data/LFM-1b_artist_20U50I_25strat
checkpoint_dir = saved/LFM-1b_artist_20U50I_25strat/MultiDAE
show_progress = True
save_dataset = False
dataset_save_path = None
save_dataloaders = False
dataloaders_save_path = None
log_wandb = False

Training Hyper Parameters:
epochs = 200
train_batch_size = 2048
learner = adam
learning_rate = 0.001
train_neg_sample_args = {'distribution': 'uniform', 'sample_num': 1, 'dynamic': False, 'candidate_num': 0, 'alpha': 1.0}
eval_step = 1
stopping_step = 10
clip_grad_norm = None
weight_decay = 0.0
loss_decimal_place = 4

Evaluation Hyper Parameters:
eval_args = {'split': {'RS': [0.8, 0.1, 0.1]}, 'order': 'RO', 'group_by': 'user', 'mode': {'valid': 'full', 'test': 'full'}}
repeatable = False
metrics = ['Recall', 'MRR', 'NDCG', 'Hit', 'MAP', 'Precision', 'GAUC', 'ItemCoverage', 'AveragePopularity', 'GiniIndex', 'ShannonEntropy', 'TailPercentage']
topk = [10]
valid_metric = MRR@10
valid_metric_bigger = True
eval_batch_size = 4096
metric_decimal_place = 4

Dataset Hyper Parameters:
field_separator = 	
seq_separator =  
USER_ID_FIELD = user_id
ITEM_ID_FIELD = item_id
RATING_FIELD = rating
TIME_FIELD = timestamp
seq_len = None
LABEL_FIELD = label
threshold = None
NEG_PREFIX = neg_
load_col = {'inter': ['user_id', 'item_id']}
unload_col = None
unused_col = None
additional_feat_suffix = None
rm_dup_inter = None
val_interval = None
filter_inter_by_user_or_item = True
user_inter_num_interval = [0,inf)
item_inter_num_interval = [0,inf)
alias_of_user_id = None
alias_of_item_id = None
alias_of_entity_id = None
alias_of_relation_id = None
preload_weight = None
normalize_field = None
normalize_all = None
ITEM_LIST_LENGTH_FIELD = item_length
LIST_SUFFIX = _list
MAX_ITEM_LIST_LENGTH = 50
POSITION_FIELD = position_id
HEAD_ENTITY_ID_FIELD = head_id
TAIL_ENTITY_ID_FIELD = tail_id
RELATION_ID_FIELD = relation_id
ENTITY_ID_FIELD = entity_id
benchmark_filename = None

Other Hyper Parameters: 
worker = 0
wandb_project = recbole
shuffle = True
require_pow = False
enable_amp = False
enable_scaler = False
transform = None
mlp_hidden_size = [600]
latent_dimension = 64
dropout_prob = 0.5
numerical_features = []
discretization = None
kg_reverse_r = False
entity_kg_num_interval = [0,inf)
relation_kg_num_interval = [0,inf)
MODEL_TYPE = ModelType.GENERAL
encoding = utf-8
device = cuda:1
my_log_file = /home/fontana/Tesi/log/carbon_default.log
max_emission_step = -1
MODEL_INPUT_TYPE = InputType.PAIRWISE
eval_type = EvaluatorType.RANKING
single_spec = True
local_rank = 0
valid_neg_sample_args = {'distribution': 'uniform', 'sample_num': 'none'}
test_neg_sample_args = {'distribution': 'uniform', 'sample_num': 'none'}


Thu 09 May 2024 00:57:44 INFO  LFM-1b_artist_20U50I_25strat
The number of users: 19842
Average actions of users: 11.01038254120256
The number of items: 24879
Average actions of items: 8.781131923788086
The number of inters: 218457
The sparsity of the dataset: 99.95574650251882%
Remain Fields: ['user_id', 'item_id']
Thu 09 May 2024 00:57:45 INFO  [Training]: train_batch_size = [2048] train_neg_sample_args: [{'distribution': 'uniform', 'sample_num': 1, 'dynamic': False, 'candidate_num': 0, 'alpha': 1.0}]
Thu 09 May 2024 00:57:45 INFO  [Evaluation]: eval_batch_size = [4096] eval_args: [{'split': {'RS': [0.8, 0.1, 0.1]}, 'order': 'RO', 'group_by': 'user', 'mode': {'valid': 'full', 'test': 'full'}}]
Thu 09 May 2024 00:57:47 INFO  Loading model structure and parameters from saved/LFM-1b_artist_20U50I_25strat/MultiDAE/MultiDAE-May-09-2024_00-24-21.pth
