Fri 05 Apr 2024 18:56:26 INFO  ['src/default_tracker.py', '--dataset=LFM-1b_artist_20U50I_50strat', '--model=MultiDAE']
Fri 05 Apr 2024 18:56:26 INFO  
General Hyper Parameters:
gpu_id = 0
use_gpu = True
seed = 2020
state = INFO
reproducibility = True
data_path = data/LFM-1b_artist_20U50I_50strat
checkpoint_dir = saved/LFM-1b_artist_20U50I_50strat/MultiDAE
show_progress = True
save_dataset = False
dataset_save_path = None
save_dataloaders = False
dataloaders_save_path = None
log_wandb = False

Training Hyper Parameters:
epochs = 200
train_batch_size = 2048
learner = adam
learning_rate = 0.001
train_neg_sample_args = {'distribution': 'uniform', 'sample_num': 1, 'dynamic': False, 'candidate_num': 0, 'alpha': 1.0}
eval_step = 1
stopping_step = 10
clip_grad_norm = None
weight_decay = 0.0
loss_decimal_place = 4

Evaluation Hyper Parameters:
eval_args = {'split': {'RS': [0.8, 0.1, 0.1]}, 'order': 'RO', 'group_by': 'user', 'mode': {'valid': 'full', 'test': 'full'}}
repeatable = False
metrics = ['Recall', 'MRR', 'NDCG', 'Hit', 'Precision']
topk = [10]
valid_metric = MRR@10
valid_metric_bigger = True
eval_batch_size = 4096
metric_decimal_place = 4

Dataset Hyper Parameters:
field_separator = 	
seq_separator =  
USER_ID_FIELD = user_id
ITEM_ID_FIELD = item_id
RATING_FIELD = rating
TIME_FIELD = timestamp
seq_len = None
LABEL_FIELD = label
threshold = None
NEG_PREFIX = neg_
load_col = {'inter': ['user_id', 'item_id']}
unload_col = None
unused_col = None
additional_feat_suffix = None
rm_dup_inter = None
val_interval = None
filter_inter_by_user_or_item = True
user_inter_num_interval = [0,inf)
item_inter_num_interval = [0,inf)
alias_of_user_id = None
alias_of_item_id = None
alias_of_entity_id = None
alias_of_relation_id = None
preload_weight = None
normalize_field = None
normalize_all = None
ITEM_LIST_LENGTH_FIELD = item_length
LIST_SUFFIX = _list
MAX_ITEM_LIST_LENGTH = 50
POSITION_FIELD = position_id
HEAD_ENTITY_ID_FIELD = head_id
TAIL_ENTITY_ID_FIELD = tail_id
RELATION_ID_FIELD = relation_id
ENTITY_ID_FIELD = entity_id
benchmark_filename = None

Other Hyper Parameters: 
worker = 0
wandb_project = recbole
shuffle = True
require_pow = False
enable_amp = False
enable_scaler = False
transform = None
mlp_hidden_size = [600]
latent_dimension = 64
dropout_prob = 0.5
numerical_features = []
discretization = None
kg_reverse_r = False
entity_kg_num_interval = [0,inf)
relation_kg_num_interval = [0,inf)
MODEL_TYPE = ModelType.GENERAL
encoding = utf-8
device = cuda
my_log_file = /mnt/batch/tasks/shared/LS_root/mounts/clusters/fontanagpu/code/sustainability-of-recsys/log/carbon_default.log
MODEL_INPUT_TYPE = InputType.PAIRWISE
eval_type = EvaluatorType.RANKING
single_spec = True
local_rank = 0
valid_neg_sample_args = {'distribution': 'uniform', 'sample_num': 'none'}
test_neg_sample_args = {'distribution': 'uniform', 'sample_num': 'none'}


Fri 05 Apr 2024 18:56:28 INFO  LFM-1b_artist_20U50I_50strat
The number of users: 19842
Average actions of users: 22.20755002268031
The number of items: 33654
Average actions of items: 13.093037767806733
The number of inters: 440620
The sparsity of the dataset: 99.93401547868501%
Remain Fields: ['user_id', 'item_id']
Fri 05 Apr 2024 18:56:30 INFO  [Training]: train_batch_size = [2048] train_neg_sample_args: [{'distribution': 'uniform', 'sample_num': 1, 'dynamic': False, 'candidate_num': 0, 'alpha': 1.0}]
Fri 05 Apr 2024 18:56:30 INFO  [Evaluation]: eval_batch_size = [4096] eval_args: [{'split': {'RS': [0.8, 0.1, 0.1]}, 'order': 'RO', 'group_by': 'user', 'mode': {'valid': 'full', 'test': 'full'}}]
Fri 05 Apr 2024 18:56:31 INFO  MultiDAE(
  (encoder): MLPLayers(
    (mlp_layers): Sequential(
      (0): Dropout(p=0.0, inplace=False)
      (1): Linear(in_features=33654, out_features=600, bias=True)
      (2): Tanh()
      (3): Dropout(p=0.0, inplace=False)
      (4): Linear(in_features=600, out_features=64, bias=True)
      (5): Tanh()
    )
  )
  (decoder): Sequential(
    (0): Linear(in_features=64, out_features=600, bias=True)
    (1): Tanh()
    (2): Linear(in_features=600, out_features=33654, bias=True)
  )
)
Trainable parameters: 40496518
Fri 05 Apr 2024 18:56:37 INFO  FLOPs: 40461600.0
Fri 05 Apr 2024 18:57:14 INFO  epoch 0 training [time: 3.66s, train loss: 1836.5177]
Fri 05 Apr 2024 18:57:50 INFO  epoch 0 evaluating [time: 35.95s, valid_score: 0.023400]
Fri 05 Apr 2024 18:57:50 INFO  valid result: 
recall@10 : 0.0313    mrr@10 : 0.0234    ndcg@10 : 0.0196    hit@10 : 0.06    precision@10 : 0.0062
Fri 05 Apr 2024 18:57:53 INFO  Saving current: saved/LFM-1b_artist_20U50I_50strat/MultiDAE/MultiDAE-Apr-05-2024_18-56-38.pth
Fri 05 Apr 2024 18:57:55 INFO  epoch 1 training [time: 1.24s, train loss: 1583.0399]
Fri 05 Apr 2024 18:58:30 INFO  epoch 1 evaluating [time: 35.47s, valid_score: 0.052200]
Fri 05 Apr 2024 18:58:30 INFO  valid result: 
recall@10 : 0.0794    mrr@10 : 0.0522    ndcg@10 : 0.0471    hit@10 : 0.1419    precision@10 : 0.0154
Fri 05 Apr 2024 18:58:33 INFO  Saving current: saved/LFM-1b_artist_20U50I_50strat/MultiDAE/MultiDAE-Apr-05-2024_18-56-38.pth
Fri 05 Apr 2024 18:58:35 INFO  epoch 2 training [time: 1.26s, train loss: 1526.0525]
Fri 05 Apr 2024 18:59:12 INFO  epoch 2 evaluating [time: 37.23s, valid_score: 0.053100]
Fri 05 Apr 2024 18:59:12 INFO  valid result: 
recall@10 : 0.0792    mrr@10 : 0.0531    ndcg@10 : 0.0476    hit@10 : 0.1413    precision@10 : 0.0154
Fri 05 Apr 2024 18:59:16 INFO  Saving current: saved/LFM-1b_artist_20U50I_50strat/MultiDAE/MultiDAE-Apr-05-2024_18-56-38.pth
Fri 05 Apr 2024 18:59:17 INFO  epoch 3 training [time: 1.37s, train loss: 1509.2526]
Fri 05 Apr 2024 18:59:53 INFO  epoch 3 evaluating [time: 35.52s, valid_score: 0.053000]
Fri 05 Apr 2024 18:59:53 INFO  valid result: 
recall@10 : 0.0783    mrr@10 : 0.053    ndcg@10 : 0.0473    hit@10 : 0.1406    precision@10 : 0.0153
Fri 05 Apr 2024 18:59:54 INFO  epoch 4 training [time: 1.33s, train loss: 1500.1870]
Fri 05 Apr 2024 19:00:30 INFO  epoch 4 evaluating [time: 35.70s, valid_score: 0.053700]
Fri 05 Apr 2024 19:00:30 INFO  valid result: 
recall@10 : 0.0793    mrr@10 : 0.0537    ndcg@10 : 0.0479    hit@10 : 0.1421    precision@10 : 0.0154
Fri 05 Apr 2024 19:00:34 INFO  Saving current: saved/LFM-1b_artist_20U50I_50strat/MultiDAE/MultiDAE-Apr-05-2024_18-56-38.pth
Fri 05 Apr 2024 19:00:35 INFO  epoch 5 training [time: 1.36s, train loss: 1492.6165]
Fri 05 Apr 2024 19:01:11 INFO  epoch 5 evaluating [time: 35.78s, valid_score: 0.053200]
Fri 05 Apr 2024 19:01:11 INFO  valid result: 
recall@10 : 0.0793    mrr@10 : 0.0532    ndcg@10 : 0.0477    hit@10 : 0.1423    precision@10 : 0.0155
Fri 05 Apr 2024 19:01:12 INFO  epoch 6 training [time: 1.35s, train loss: 1487.9907]
Fri 05 Apr 2024 19:01:48 INFO  epoch 6 evaluating [time: 35.70s, valid_score: 0.053800]
Fri 05 Apr 2024 19:01:48 INFO  valid result: 
recall@10 : 0.0795    mrr@10 : 0.0538    ndcg@10 : 0.048    hit@10 : 0.1424    precision@10 : 0.0155
Fri 05 Apr 2024 19:01:52 INFO  Saving current: saved/LFM-1b_artist_20U50I_50strat/MultiDAE/MultiDAE-Apr-05-2024_18-56-38.pth
Fri 05 Apr 2024 19:01:53 INFO  epoch 7 training [time: 1.41s, train loss: 1484.6538]
Fri 05 Apr 2024 19:02:29 INFO  epoch 7 evaluating [time: 35.64s, valid_score: 0.053700]
Fri 05 Apr 2024 19:02:29 INFO  valid result: 
recall@10 : 0.0798    mrr@10 : 0.0537    ndcg@10 : 0.0481    hit@10 : 0.1436    precision@10 : 0.0156
Fri 05 Apr 2024 19:02:30 INFO  epoch 8 training [time: 1.35s, train loss: 1480.8598]
Fri 05 Apr 2024 19:03:06 INFO  epoch 8 evaluating [time: 35.72s, valid_score: 0.055500]
Fri 05 Apr 2024 19:03:06 INFO  valid result: 
recall@10 : 0.0826    mrr@10 : 0.0555    ndcg@10 : 0.0497    hit@10 : 0.1481    precision@10 : 0.0162
Fri 05 Apr 2024 19:03:10 INFO  Saving current: saved/LFM-1b_artist_20U50I_50strat/MultiDAE/MultiDAE-Apr-05-2024_18-56-38.pth
Fri 05 Apr 2024 19:03:11 INFO  epoch 9 training [time: 1.28s, train loss: 1467.6962]
Fri 05 Apr 2024 19:03:46 INFO  epoch 9 evaluating [time: 35.56s, valid_score: 0.058800]
Fri 05 Apr 2024 19:03:46 INFO  valid result: 
recall@10 : 0.0912    mrr@10 : 0.0588    ndcg@10 : 0.0539    hit@10 : 0.161    precision@10 : 0.0177
Fri 05 Apr 2024 19:03:50 INFO  Saving current: saved/LFM-1b_artist_20U50I_50strat/MultiDAE/MultiDAE-Apr-05-2024_18-56-38.pth
Fri 05 Apr 2024 19:03:52 INFO  epoch 10 training [time: 1.37s, train loss: 1450.0768]
Fri 05 Apr 2024 19:04:28 INFO  epoch 10 evaluating [time: 35.65s, valid_score: 0.064500]
Fri 05 Apr 2024 19:04:28 INFO  valid result: 
recall@10 : 0.1019    mrr@10 : 0.0645    ndcg@10 : 0.0599    hit@10 : 0.1755    precision@10 : 0.0193
Fri 05 Apr 2024 19:04:32 INFO  Saving current: saved/LFM-1b_artist_20U50I_50strat/MultiDAE/MultiDAE-Apr-05-2024_18-56-38.pth
Fri 05 Apr 2024 19:04:34 INFO  epoch 11 training [time: 1.36s, train loss: 1427.3880]
Fri 05 Apr 2024 19:05:09 INFO  epoch 11 evaluating [time: 35.69s, valid_score: 0.069700]
Fri 05 Apr 2024 19:05:09 INFO  valid result: 
recall@10 : 0.1102    mrr@10 : 0.0697    ndcg@10 : 0.0649    hit@10 : 0.1873    precision@10 : 0.0204
Fri 05 Apr 2024 19:05:13 INFO  Saving current: saved/LFM-1b_artist_20U50I_50strat/MultiDAE/MultiDAE-Apr-05-2024_18-56-38.pth
Fri 05 Apr 2024 19:05:15 INFO  epoch 12 training [time: 1.39s, train loss: 1413.9958]
Fri 05 Apr 2024 19:05:50 INFO  epoch 12 evaluating [time: 35.58s, valid_score: 0.073400]
Fri 05 Apr 2024 19:05:50 INFO  valid result: 
recall@10 : 0.1161    mrr@10 : 0.0734    ndcg@10 : 0.0687    hit@10 : 0.1953    precision@10 : 0.0213
Fri 05 Apr 2024 19:05:54 INFO  Saving current: saved/LFM-1b_artist_20U50I_50strat/MultiDAE/MultiDAE-Apr-05-2024_18-56-38.pth
Fri 05 Apr 2024 19:05:56 INFO  epoch 13 training [time: 1.43s, train loss: 1396.2691]
Fri 05 Apr 2024 19:06:31 INFO  epoch 13 evaluating [time: 35.52s, valid_score: 0.077400]
Fri 05 Apr 2024 19:06:31 INFO  valid result: 
recall@10 : 0.1237    mrr@10 : 0.0774    ndcg@10 : 0.073    hit@10 : 0.2069    precision@10 : 0.0225
Fri 05 Apr 2024 19:06:36 INFO  Saving current: saved/LFM-1b_artist_20U50I_50strat/MultiDAE/MultiDAE-Apr-05-2024_18-56-38.pth
Fri 05 Apr 2024 19:06:37 INFO  epoch 14 training [time: 1.44s, train loss: 1378.7247]
Fri 05 Apr 2024 19:07:13 INFO  epoch 14 evaluating [time: 35.79s, valid_score: 0.078300]
Fri 05 Apr 2024 19:07:13 INFO  valid result: 
recall@10 : 0.1255    mrr@10 : 0.0783    ndcg@10 : 0.0741    hit@10 : 0.2092    precision@10 : 0.0229
Fri 05 Apr 2024 19:07:17 INFO  Saving current: saved/LFM-1b_artist_20U50I_50strat/MultiDAE/MultiDAE-Apr-05-2024_18-56-38.pth
Fri 05 Apr 2024 19:07:19 INFO  epoch 15 training [time: 1.45s, train loss: 1370.1363]
Fri 05 Apr 2024 19:07:54 INFO  epoch 15 evaluating [time: 35.57s, valid_score: 0.079900]
Fri 05 Apr 2024 19:07:54 INFO  valid result: 
recall@10 : 0.128    mrr@10 : 0.0799    ndcg@10 : 0.0755    hit@10 : 0.2125    precision@10 : 0.0232
Fri 05 Apr 2024 19:07:58 INFO  Saving current: saved/LFM-1b_artist_20U50I_50strat/MultiDAE/MultiDAE-Apr-05-2024_18-56-38.pth
Fri 05 Apr 2024 19:07:59 INFO  epoch 16 training [time: 1.37s, train loss: 1356.4205]
Fri 05 Apr 2024 19:08:35 INFO  epoch 16 evaluating [time: 35.60s, valid_score: 0.082300]
Fri 05 Apr 2024 19:08:35 INFO  valid result: 
recall@10 : 0.1321    mrr@10 : 0.0823    ndcg@10 : 0.0783    hit@10 : 0.218    precision@10 : 0.0238
Fri 05 Apr 2024 19:08:39 INFO  Saving current: saved/LFM-1b_artist_20U50I_50strat/MultiDAE/MultiDAE-Apr-05-2024_18-56-38.pth
Fri 05 Apr 2024 19:08:40 INFO  epoch 17 training [time: 1.38s, train loss: 1349.7256]
Fri 05 Apr 2024 19:09:16 INFO  epoch 17 evaluating [time: 35.53s, valid_score: 0.082700]
Fri 05 Apr 2024 19:09:16 INFO  valid result: 
recall@10 : 0.1336    mrr@10 : 0.0827    ndcg@10 : 0.0788    hit@10 : 0.2188    precision@10 : 0.0238
Fri 05 Apr 2024 19:09:20 INFO  Saving current: saved/LFM-1b_artist_20U50I_50strat/MultiDAE/MultiDAE-Apr-05-2024_18-56-38.pth
Fri 05 Apr 2024 19:09:21 INFO  epoch 18 training [time: 1.38s, train loss: 1342.9059]
Fri 05 Apr 2024 19:09:57 INFO  epoch 18 evaluating [time: 35.45s, valid_score: 0.084400]
Fri 05 Apr 2024 19:09:57 INFO  valid result: 
recall@10 : 0.1358    mrr@10 : 0.0844    ndcg@10 : 0.0801    hit@10 : 0.2225    precision@10 : 0.0242
Fri 05 Apr 2024 19:10:01 INFO  Saving current: saved/LFM-1b_artist_20U50I_50strat/MultiDAE/MultiDAE-Apr-05-2024_18-56-38.pth
Fri 05 Apr 2024 19:10:02 INFO  epoch 19 training [time: 1.30s, train loss: 1333.0089]
Fri 05 Apr 2024 19:10:37 INFO  epoch 19 evaluating [time: 35.65s, valid_score: 0.085300]
Fri 05 Apr 2024 19:10:37 INFO  valid result: 
recall@10 : 0.1383    mrr@10 : 0.0853    ndcg@10 : 0.0815    hit@10 : 0.226    precision@10 : 0.0247
Fri 05 Apr 2024 19:10:41 INFO  Saving current: saved/LFM-1b_artist_20U50I_50strat/MultiDAE/MultiDAE-Apr-05-2024_18-56-38.pth
Fri 05 Apr 2024 19:10:43 INFO  epoch 20 training [time: 1.41s, train loss: 1327.2434]
Fri 05 Apr 2024 19:11:18 INFO  epoch 20 evaluating [time: 35.52s, valid_score: 0.084800]
Fri 05 Apr 2024 19:11:18 INFO  valid result: 
recall@10 : 0.1382    mrr@10 : 0.0848    ndcg@10 : 0.0814    hit@10 : 0.2253    precision@10 : 0.0246
Fri 05 Apr 2024 19:11:20 INFO  epoch 21 training [time: 1.33s, train loss: 1323.5229]
Fri 05 Apr 2024 19:11:55 INFO  epoch 21 evaluating [time: 35.33s, valid_score: 0.085900]
Fri 05 Apr 2024 19:11:55 INFO  valid result: 
recall@10 : 0.1409    mrr@10 : 0.0859    ndcg@10 : 0.0826    hit@10 : 0.2296    precision@10 : 0.0251
Fri 05 Apr 2024 19:11:59 INFO  Saving current: saved/LFM-1b_artist_20U50I_50strat/MultiDAE/MultiDAE-Apr-05-2024_18-56-38.pth
Fri 05 Apr 2024 19:12:00 INFO  epoch 22 training [time: 1.41s, train loss: 1318.1234]
Fri 05 Apr 2024 19:12:36 INFO  epoch 22 evaluating [time: 35.31s, valid_score: 0.087100]
Fri 05 Apr 2024 19:12:36 INFO  valid result: 
recall@10 : 0.1427    mrr@10 : 0.0871    ndcg@10 : 0.0842    hit@10 : 0.2312    precision@10 : 0.0253
Fri 05 Apr 2024 19:12:39 INFO  Saving current: saved/LFM-1b_artist_20U50I_50strat/MultiDAE/MultiDAE-Apr-05-2024_18-56-38.pth
Fri 05 Apr 2024 19:12:41 INFO  epoch 23 training [time: 1.27s, train loss: 1312.4156]
Fri 05 Apr 2024 19:13:16 INFO  epoch 23 evaluating [time: 35.25s, valid_score: 0.087100]
Fri 05 Apr 2024 19:13:16 INFO  valid result: 
recall@10 : 0.1453    mrr@10 : 0.0871    ndcg@10 : 0.0845    hit@10 : 0.2341    precision@10 : 0.0256
Fri 05 Apr 2024 19:13:20 INFO  Saving current: saved/LFM-1b_artist_20U50I_50strat/MultiDAE/MultiDAE-Apr-05-2024_18-56-38.pth
Fri 05 Apr 2024 19:13:21 INFO  epoch 24 training [time: 1.48s, train loss: 1308.3336]
Fri 05 Apr 2024 19:13:56 INFO  epoch 24 evaluating [time: 35.17s, valid_score: 0.087700]
Fri 05 Apr 2024 19:13:56 INFO  valid result: 
recall@10 : 0.1473    mrr@10 : 0.0877    ndcg@10 : 0.0857    hit@10 : 0.236    precision@10 : 0.0259
Fri 05 Apr 2024 19:14:00 INFO  Saving current: saved/LFM-1b_artist_20U50I_50strat/MultiDAE/MultiDAE-Apr-05-2024_18-56-38.pth
Fri 05 Apr 2024 19:14:01 INFO  epoch 25 training [time: 1.27s, train loss: 1296.8742]
Fri 05 Apr 2024 19:14:36 INFO  epoch 25 evaluating [time: 34.96s, valid_score: 0.088600]
Fri 05 Apr 2024 19:14:36 INFO  valid result: 
recall@10 : 0.1483    mrr@10 : 0.0886    ndcg@10 : 0.0865    hit@10 : 0.2375    precision@10 : 0.0261
Fri 05 Apr 2024 19:14:40 INFO  Saving current: saved/LFM-1b_artist_20U50I_50strat/MultiDAE/MultiDAE-Apr-05-2024_18-56-38.pth
Fri 05 Apr 2024 19:14:41 INFO  epoch 26 training [time: 1.30s, train loss: 1290.7593]
Fri 05 Apr 2024 19:15:16 INFO  epoch 26 evaluating [time: 35.20s, valid_score: 0.087600]
Fri 05 Apr 2024 19:15:16 INFO  valid result: 
recall@10 : 0.1493    mrr@10 : 0.0876    ndcg@10 : 0.0863    hit@10 : 0.2377    precision@10 : 0.026
Fri 05 Apr 2024 19:15:18 INFO  epoch 27 training [time: 1.35s, train loss: 1279.8390]
Fri 05 Apr 2024 19:15:53 INFO  epoch 27 evaluating [time: 35.19s, valid_score: 0.089200]
Fri 05 Apr 2024 19:15:53 INFO  valid result: 
recall@10 : 0.1508    mrr@10 : 0.0892    ndcg@10 : 0.0875    hit@10 : 0.2399    precision@10 : 0.0262
Fri 05 Apr 2024 19:15:56 INFO  Saving current: saved/LFM-1b_artist_20U50I_50strat/MultiDAE/MultiDAE-Apr-05-2024_18-56-38.pth
Fri 05 Apr 2024 19:15:58 INFO  epoch 28 training [time: 1.27s, train loss: 1270.5177]
Fri 05 Apr 2024 19:16:32 INFO  epoch 28 evaluating [time: 34.83s, valid_score: 0.088300]
Fri 05 Apr 2024 19:16:32 INFO  valid result: 
recall@10 : 0.1513    mrr@10 : 0.0883    ndcg@10 : 0.0874    hit@10 : 0.2398    precision@10 : 0.0263
Fri 05 Apr 2024 19:16:34 INFO  epoch 29 training [time: 1.39s, train loss: 1264.9626]
Fri 05 Apr 2024 19:17:09 INFO  epoch 29 evaluating [time: 35.01s, valid_score: 0.088900]
Fri 05 Apr 2024 19:17:09 INFO  valid result: 
recall@10 : 0.1512    mrr@10 : 0.0889    ndcg@10 : 0.0878    hit@10 : 0.2396    precision@10 : 0.0262
Fri 05 Apr 2024 19:17:10 INFO  epoch 30 training [time: 1.39s, train loss: 1255.8654]
Fri 05 Apr 2024 19:17:45 INFO  epoch 30 evaluating [time: 35.13s, valid_score: 0.088800]
Fri 05 Apr 2024 19:17:45 INFO  valid result: 
recall@10 : 0.1529    mrr@10 : 0.0888    ndcg@10 : 0.0884    hit@10 : 0.2414    precision@10 : 0.0263
Fri 05 Apr 2024 19:17:47 INFO  epoch 31 training [time: 1.36s, train loss: 1248.8802]
Fri 05 Apr 2024 19:18:21 INFO  epoch 31 evaluating [time: 34.67s, valid_score: 0.088300]
Fri 05 Apr 2024 19:18:21 INFO  valid result: 
recall@10 : 0.1534    mrr@10 : 0.0883    ndcg@10 : 0.0881    hit@10 : 0.2421    precision@10 : 0.0263
Fri 05 Apr 2024 19:18:23 INFO  epoch 32 training [time: 1.36s, train loss: 1242.1000]
Fri 05 Apr 2024 19:18:57 INFO  epoch 32 evaluating [time: 34.61s, valid_score: 0.088200]
Fri 05 Apr 2024 19:18:57 INFO  valid result: 
recall@10 : 0.155    mrr@10 : 0.0882    ndcg@10 : 0.0882    hit@10 : 0.2452    precision@10 : 0.0266
Fri 05 Apr 2024 19:18:59 INFO  epoch 33 training [time: 1.34s, train loss: 1238.6800]
Fri 05 Apr 2024 19:19:34 INFO  epoch 33 evaluating [time: 34.80s, valid_score: 0.088100]
Fri 05 Apr 2024 19:19:34 INFO  valid result: 
recall@10 : 0.1525    mrr@10 : 0.0881    ndcg@10 : 0.0875    hit@10 : 0.2408    precision@10 : 0.0262
Fri 05 Apr 2024 19:19:35 INFO  epoch 34 training [time: 1.34s, train loss: 1227.4927]
Fri 05 Apr 2024 19:20:09 INFO  epoch 34 evaluating [time: 34.56s, valid_score: 0.087000]
Fri 05 Apr 2024 19:20:09 INFO  valid result: 
recall@10 : 0.1536    mrr@10 : 0.087    ndcg@10 : 0.0872    hit@10 : 0.2428    precision@10 : 0.0263
Fri 05 Apr 2024 19:20:11 INFO  epoch 35 training [time: 1.37s, train loss: 1220.2692]
Fri 05 Apr 2024 19:20:46 INFO  epoch 35 evaluating [time: 35.11s, valid_score: 0.087900]
Fri 05 Apr 2024 19:20:46 INFO  valid result: 
recall@10 : 0.1541    mrr@10 : 0.0879    ndcg@10 : 0.0881    hit@10 : 0.2434    precision@10 : 0.0264
Fri 05 Apr 2024 19:20:47 INFO  epoch 36 training [time: 1.36s, train loss: 1212.6132]
Fri 05 Apr 2024 19:21:22 INFO  epoch 36 evaluating [time: 34.68s, valid_score: 0.087100]
Fri 05 Apr 2024 19:21:22 INFO  valid result: 
recall@10 : 0.1535    mrr@10 : 0.0871    ndcg@10 : 0.0874    hit@10 : 0.2435    precision@10 : 0.0265
Fri 05 Apr 2024 19:21:23 INFO  epoch 37 training [time: 1.34s, train loss: 1206.3297]
Fri 05 Apr 2024 19:21:58 INFO  epoch 37 evaluating [time: 34.79s, valid_score: 0.086500]
Fri 05 Apr 2024 19:21:58 INFO  valid result: 
recall@10 : 0.1542    mrr@10 : 0.0865    ndcg@10 : 0.0874    hit@10 : 0.2428    precision@10 : 0.0263
Fri 05 Apr 2024 19:21:59 INFO  epoch 38 training [time: 1.34s, train loss: 1202.6353]
Fri 05 Apr 2024 19:22:34 INFO  epoch 38 evaluating [time: 34.66s, valid_score: 0.086000]
Fri 05 Apr 2024 19:22:34 INFO  valid result: 
recall@10 : 0.1525    mrr@10 : 0.086    ndcg@10 : 0.0867    hit@10 : 0.2417    precision@10 : 0.0263
Fri 05 Apr 2024 19:22:34 INFO  Finished training, best eval result in epoch 27
Fri 05 Apr 2024 19:22:41 INFO  Loading model structure and parameters from saved/LFM-1b_artist_20U50I_50strat/MultiDAE/MultiDAE-Apr-05-2024_18-56-38.pth
Fri 05 Apr 2024 19:23:19 INFO  The running environment of this training is as follows:
+-------------+----------------+
| Environment |     Usage      |
+=============+================+
| CPU         |     0.80 %     |
+-------------+----------------+
| GPU         | 2.31 G/14.58 G |
+-------------+----------------+
| Memory      | 1.34 G/27.41 G |
+-------------+----------------+
Fri 05 Apr 2024 19:23:19 INFO  best valid : OrderedDict([('recall@10', 0.1508), ('mrr@10', 0.0892), ('ndcg@10', 0.0875), ('hit@10', 0.2399), ('precision@10', 0.0262)])
Fri 05 Apr 2024 19:23:19 INFO  test result: OrderedDict([('recall@10', 0.1498), ('mrr@10', 0.0881), ('ndcg@10', 0.0877), ('hit@10', 0.2336), ('precision@10', 0.0254)])
Fri 05 Apr 2024 19:23:26 INFO  
General Hyper Parameters:
gpu_id = 0
use_gpu = True
seed = 2020
state = INFO
reproducibility = True
data_path = data/LFM-1b_artist_20U50I_50strat
checkpoint_dir = saved/LFM-1b_artist_20U50I_50strat/MultiDAE
show_progress = True
save_dataset = False
dataset_save_path = None
save_dataloaders = False
dataloaders_save_path = None
log_wandb = False

Training Hyper Parameters:
epochs = 200
train_batch_size = 2048
learner = adam
learning_rate = 0.001
train_neg_sample_args = {'distribution': 'uniform', 'sample_num': 1, 'dynamic': False, 'candidate_num': 0, 'alpha': 1.0}
eval_step = 1
stopping_step = 10
clip_grad_norm = None
weight_decay = 0.0
loss_decimal_place = 4

Evaluation Hyper Parameters:
eval_args = {'split': {'RS': [0.8, 0.1, 0.1]}, 'order': 'RO', 'group_by': 'user', 'mode': {'valid': 'full', 'test': 'full'}}
repeatable = False
metrics = ['Recall', 'MRR', 'NDCG', 'Hit', 'Precision']
topk = [10]
valid_metric = MRR@10
valid_metric_bigger = True
eval_batch_size = 4096
metric_decimal_place = 4

Dataset Hyper Parameters:
field_separator = 	
seq_separator =  
USER_ID_FIELD = user_id
ITEM_ID_FIELD = item_id
RATING_FIELD = rating
TIME_FIELD = timestamp
seq_len = None
LABEL_FIELD = label
threshold = None
NEG_PREFIX = neg_
load_col = {'inter': ['user_id', 'item_id']}
unload_col = None
unused_col = None
additional_feat_suffix = None
rm_dup_inter = None
val_interval = None
filter_inter_by_user_or_item = True
user_inter_num_interval = [0,inf)
item_inter_num_interval = [0,inf)
alias_of_user_id = None
alias_of_item_id = None
alias_of_entity_id = None
alias_of_relation_id = None
preload_weight = None
normalize_field = None
normalize_all = None
ITEM_LIST_LENGTH_FIELD = item_length
LIST_SUFFIX = _list
MAX_ITEM_LIST_LENGTH = 50
POSITION_FIELD = position_id
HEAD_ENTITY_ID_FIELD = head_id
TAIL_ENTITY_ID_FIELD = tail_id
RELATION_ID_FIELD = relation_id
ENTITY_ID_FIELD = entity_id
benchmark_filename = None

Other Hyper Parameters: 
worker = 0
wandb_project = recbole
shuffle = True
require_pow = False
enable_amp = False
enable_scaler = False
transform = None
mlp_hidden_size = [600]
latent_dimension = 64
dropout_prob = 0.5
numerical_features = []
discretization = None
kg_reverse_r = False
entity_kg_num_interval = [0,inf)
relation_kg_num_interval = [0,inf)
MODEL_TYPE = ModelType.GENERAL
encoding = utf-8
device = cuda
my_log_file = /mnt/batch/tasks/shared/LS_root/mounts/clusters/fontanagpu/code/sustainability-of-recsys/log/carbon_default.log
MODEL_INPUT_TYPE = InputType.PAIRWISE
eval_type = EvaluatorType.RANKING
single_spec = True
local_rank = 0
valid_neg_sample_args = {'distribution': 'uniform', 'sample_num': 'none'}
test_neg_sample_args = {'distribution': 'uniform', 'sample_num': 'none'}


Fri 05 Apr 2024 19:23:27 INFO  LFM-1b_artist_20U50I_50strat
The number of users: 19842
Average actions of users: 22.20755002268031
The number of items: 33654
Average actions of items: 13.093037767806733
The number of inters: 440620
The sparsity of the dataset: 99.93401547868501%
Remain Fields: ['user_id', 'item_id']
Fri 05 Apr 2024 19:23:29 INFO  [Training]: train_batch_size = [2048] train_neg_sample_args: [{'distribution': 'uniform', 'sample_num': 1, 'dynamic': False, 'candidate_num': 0, 'alpha': 1.0}]
Fri 05 Apr 2024 19:23:29 INFO  [Evaluation]: eval_batch_size = [4096] eval_args: [{'split': {'RS': [0.8, 0.1, 0.1]}, 'order': 'RO', 'group_by': 'user', 'mode': {'valid': 'full', 'test': 'full'}}]
Fri 05 Apr 2024 19:23:36 INFO  Loading model structure and parameters from saved/LFM-1b_artist_20U50I_50strat/MultiDAE/MultiDAE-Apr-05-2024_18-56-38.pth
