Wed 08 May 2024 20:12:34 INFO  ['src/default_tracker2.py', '--dataset=LFM-1b_artist_20U50I_25strat', '--model=MultiDAE', '--max_emission_step=7']
Wed 08 May 2024 20:12:34 INFO  
General Hyper Parameters:
gpu_id = 0
use_gpu = True
seed = 2020
state = INFO
reproducibility = True
data_path = data/LFM-1b_artist_20U50I_25strat
checkpoint_dir = saved/LFM-1b_artist_20U50I_25strat/MultiDAE
show_progress = True
save_dataset = False
dataset_save_path = None
save_dataloaders = False
dataloaders_save_path = None
log_wandb = False

Training Hyper Parameters:
epochs = 200
train_batch_size = 2048
learner = adam
learning_rate = 0.001
train_neg_sample_args = {'distribution': 'uniform', 'sample_num': 1, 'dynamic': False, 'candidate_num': 0, 'alpha': 1.0}
eval_step = 1
stopping_step = 10
clip_grad_norm = None
weight_decay = 0.0
loss_decimal_place = 4

Evaluation Hyper Parameters:
eval_args = {'split': {'RS': [0.8, 0.1, 0.1]}, 'order': 'RO', 'group_by': 'user', 'mode': {'valid': 'full', 'test': 'full'}}
repeatable = False
metrics = ['Recall', 'MRR', 'NDCG', 'Hit', 'MAP', 'Precision', 'GAUC', 'ItemCoverage', 'AveragePopularity', 'GiniIndex', 'ShannonEntropy', 'TailPercentage']
topk = [10]
valid_metric = MRR@10
valid_metric_bigger = True
eval_batch_size = 4096
metric_decimal_place = 4

Dataset Hyper Parameters:
field_separator = 	
seq_separator =  
USER_ID_FIELD = user_id
ITEM_ID_FIELD = item_id
RATING_FIELD = rating
TIME_FIELD = timestamp
seq_len = None
LABEL_FIELD = label
threshold = None
NEG_PREFIX = neg_
load_col = {'inter': ['user_id', 'item_id']}
unload_col = None
unused_col = None
additional_feat_suffix = None
rm_dup_inter = None
val_interval = None
filter_inter_by_user_or_item = True
user_inter_num_interval = [0,inf)
item_inter_num_interval = [0,inf)
alias_of_user_id = None
alias_of_item_id = None
alias_of_entity_id = None
alias_of_relation_id = None
preload_weight = None
normalize_field = None
normalize_all = None
ITEM_LIST_LENGTH_FIELD = item_length
LIST_SUFFIX = _list
MAX_ITEM_LIST_LENGTH = 50
POSITION_FIELD = position_id
HEAD_ENTITY_ID_FIELD = head_id
TAIL_ENTITY_ID_FIELD = tail_id
RELATION_ID_FIELD = relation_id
ENTITY_ID_FIELD = entity_id
benchmark_filename = None

Other Hyper Parameters: 
worker = 0
wandb_project = recbole
shuffle = True
require_pow = False
enable_amp = False
enable_scaler = False
transform = None
mlp_hidden_size = [600]
latent_dimension = 64
dropout_prob = 0.5
numerical_features = []
discretization = None
kg_reverse_r = False
entity_kg_num_interval = [0,inf)
relation_kg_num_interval = [0,inf)
MODEL_TYPE = ModelType.GENERAL
encoding = utf-8
device = cuda:1
my_log_file = /home/fontana/Tesi/log/carbon_default.log
max_emission_step = 7
MODEL_INPUT_TYPE = InputType.PAIRWISE
eval_type = EvaluatorType.RANKING
single_spec = True
local_rank = 0
valid_neg_sample_args = {'distribution': 'uniform', 'sample_num': 'none'}
test_neg_sample_args = {'distribution': 'uniform', 'sample_num': 'none'}


Wed 08 May 2024 20:12:35 INFO  LFM-1b_artist_20U50I_25strat
The number of users: 19842
Average actions of users: 11.01038254120256
The number of items: 24879
Average actions of items: 8.781131923788086
The number of inters: 218457
The sparsity of the dataset: 99.95574650251882%
Remain Fields: ['user_id', 'item_id']
Wed 08 May 2024 20:12:37 INFO  [Training]: train_batch_size = [2048] train_neg_sample_args: [{'distribution': 'uniform', 'sample_num': 1, 'dynamic': False, 'candidate_num': 0, 'alpha': 1.0}]
Wed 08 May 2024 20:12:37 INFO  [Evaluation]: eval_batch_size = [4096] eval_args: [{'split': {'RS': [0.8, 0.1, 0.1]}, 'order': 'RO', 'group_by': 'user', 'mode': {'valid': 'full', 'test': 'full'}}]
Wed 08 May 2024 20:12:42 INFO  MultiDAE(
  (encoder): MLPLayers(
    (mlp_layers): Sequential(
      (0): Dropout(p=0.0, inplace=False)
      (1): Linear(in_features=24879, out_features=600, bias=True)
      (2): Tanh()
      (3): Dropout(p=0.0, inplace=False)
      (4): Linear(in_features=600, out_features=64, bias=True)
      (5): Tanh()
    )
  )
  (decoder): Sequential(
    (0): Linear(in_features=64, out_features=600, bias=True)
    (1): Tanh()
    (2): Linear(in_features=600, out_features=24879, bias=True)
  )
)
Trainable parameters: 29957743
Wed 08 May 2024 20:12:42 INFO  FLOPs: 29931600.0
Wed 08 May 2024 20:12:48 INFO  epoch 0 training [time: 1.00s, train loss: 868.9142]
Wed 08 May 2024 20:13:55 INFO  epoch 0 evaluating [time: 66.82s, valid_score: 0.022100]
Wed 08 May 2024 20:13:55 INFO  valid result: 
recall@10 : 0.0462    mrr@10 : 0.0221    ndcg@10 : 0.0257    hit@10 : 0.0575    map@10 : 0.0179    precision@10 : 0.0058    gauc : 0.8699    itemcoverage@10 : 0.0008    averagepopularity@10 : 602.0096    giniindex@10 : 0.9996    shannonentropy@10 : 0.1291    tailpercentage@10 : 0.0
Wed 08 May 2024 20:13:56 INFO  Saving current: saved/LFM-1b_artist_20U50I_25strat/MultiDAE/MultiDAE-May-08-2024_20-12-42.pth
Wed 08 May 2024 20:13:57 INFO  epoch 1 training [time: 0.99s, train loss: 764.6512]
Wed 08 May 2024 20:15:06 INFO  epoch 1 evaluating [time: 68.54s, valid_score: 0.032400]
Wed 08 May 2024 20:15:06 INFO  valid result: 
recall@10 : 0.0793    mrr@10 : 0.0324    ndcg@10 : 0.0402    hit@10 : 0.0973    map@10 : 0.0261    precision@10 : 0.0099    gauc : 0.8701    itemcoverage@10 : 0.0007    averagepopularity@10 : 943.9479    giniindex@10 : 0.9996    shannonentropy@10 : 0.1364    tailpercentage@10 : 0.0
Wed 08 May 2024 20:15:10 INFO  Saving current: saved/LFM-1b_artist_20U50I_25strat/MultiDAE/MultiDAE-May-08-2024_20-12-42.pth
Wed 08 May 2024 20:15:11 INFO  epoch 2 training [time: 0.98s, train loss: 736.5920]
Wed 08 May 2024 20:16:19 INFO  epoch 2 evaluating [time: 68.53s, valid_score: 0.033900]
Wed 08 May 2024 20:16:19 INFO  valid result: 
recall@10 : 0.0779    mrr@10 : 0.0339    ndcg@10 : 0.041    hit@10 : 0.0961    map@10 : 0.0275    precision@10 : 0.0098    gauc : 0.8709    itemcoverage@10 : 0.0011    averagepopularity@10 : 941.1262    giniindex@10 : 0.9996    shannonentropy@10 : 0.0876    tailpercentage@10 : 0.0
Wed 08 May 2024 20:16:23 INFO  Saving current: saved/LFM-1b_artist_20U50I_25strat/MultiDAE/MultiDAE-May-08-2024_20-12-42.pth
Wed 08 May 2024 20:16:24 INFO  epoch 3 training [time: 0.97s, train loss: 728.6214]
Wed 08 May 2024 20:17:30 INFO  epoch 3 evaluating [time: 66.29s, valid_score: 0.034000]
Wed 08 May 2024 20:17:30 INFO  valid result: 
recall@10 : 0.0794    mrr@10 : 0.034    ndcg@10 : 0.0414    hit@10 : 0.0974    map@10 : 0.0276    precision@10 : 0.0099    gauc : 0.8711    itemcoverage@10 : 0.0011    averagepopularity@10 : 947.3073    giniindex@10 : 0.9996    shannonentropy@10 : 0.0876    tailpercentage@10 : 0.0
Wed 08 May 2024 20:17:34 INFO  Saving current: saved/LFM-1b_artist_20U50I_25strat/MultiDAE/MultiDAE-May-08-2024_20-12-42.pth
Wed 08 May 2024 20:17:35 INFO  epoch 4 training [time: 0.97s, train loss: 723.1730]
Wed 08 May 2024 20:18:41 INFO  epoch 4 evaluating [time: 66.25s, valid_score: 0.034300]
Wed 08 May 2024 20:18:41 INFO  valid result: 
recall@10 : 0.0801    mrr@10 : 0.0343    ndcg@10 : 0.0419    hit@10 : 0.0984    map@10 : 0.0279    precision@10 : 0.01    gauc : 0.871    itemcoverage@10 : 0.0016    averagepopularity@10 : 946.1658    giniindex@10 : 0.9996    shannonentropy@10 : 0.0629    tailpercentage@10 : 0.0001
Wed 08 May 2024 20:18:45 INFO  Saving current: saved/LFM-1b_artist_20U50I_25strat/MultiDAE/MultiDAE-May-08-2024_20-12-42.pth
Wed 08 May 2024 20:18:46 INFO  epoch 5 training [time: 0.97s, train loss: 719.2705]
Wed 08 May 2024 20:19:53 INFO  epoch 5 evaluating [time: 66.86s, valid_score: 0.034000]
Wed 08 May 2024 20:19:53 INFO  valid result: 
recall@10 : 0.0786    mrr@10 : 0.034    ndcg@10 : 0.0412    hit@10 : 0.0963    map@10 : 0.0276    precision@10 : 0.0098    gauc : 0.8711    itemcoverage@10 : 0.0017    averagepopularity@10 : 946.8852    giniindex@10 : 0.9996    shannonentropy@10 : 0.0585    tailpercentage@10 : 0.0002
Wed 08 May 2024 20:19:54 INFO  epoch 6 training [time: 0.97s, train loss: 716.9186]
Wed 08 May 2024 20:21:01 INFO  epoch 6 evaluating [time: 66.82s, valid_score: 0.034400]
Wed 08 May 2024 20:21:01 INFO  valid result: 
recall@10 : 0.0802    mrr@10 : 0.0344    ndcg@10 : 0.042    hit@10 : 0.0985    map@10 : 0.028    precision@10 : 0.01    gauc : 0.8714    itemcoverage@10 : 0.0019    averagepopularity@10 : 945.5671    giniindex@10 : 0.9996    shannonentropy@10 : 0.0512    tailpercentage@10 : 0.0003
Wed 08 May 2024 20:21:05 INFO  Saving current: saved/LFM-1b_artist_20U50I_25strat/MultiDAE/MultiDAE-May-08-2024_20-12-42.pth
Wed 08 May 2024 20:21:06 INFO  epoch 7 training [time: 0.98s, train loss: 716.0401]
Wed 08 May 2024 20:22:13 INFO  epoch 7 evaluating [time: 66.83s, valid_score: 0.034100]
Wed 08 May 2024 20:22:13 INFO  valid result: 
recall@10 : 0.0789    mrr@10 : 0.0341    ndcg@10 : 0.0414    hit@10 : 0.0965    map@10 : 0.0277    precision@10 : 0.0098    gauc : 0.8716    itemcoverage@10 : 0.0021    averagepopularity@10 : 946.6772    giniindex@10 : 0.9996    shannonentropy@10 : 0.0473    tailpercentage@10 : 0.0003
Wed 08 May 2024 20:22:14 INFO  epoch 8 training [time: 0.98s, train loss: 715.9491]
Wed 08 May 2024 20:23:20 INFO  epoch 8 evaluating [time: 66.43s, valid_score: 0.034400]
Wed 08 May 2024 20:23:20 INFO  valid result: 
recall@10 : 0.0803    mrr@10 : 0.0344    ndcg@10 : 0.0419    hit@10 : 0.0985    map@10 : 0.028    precision@10 : 0.01    gauc : 0.8719    itemcoverage@10 : 0.0023    averagepopularity@10 : 945.4944    giniindex@10 : 0.9996    shannonentropy@10 : 0.0433    tailpercentage@10 : 0.0004
Wed 08 May 2024 20:23:24 INFO  Saving current: saved/LFM-1b_artist_20U50I_25strat/MultiDAE/MultiDAE-May-08-2024_20-12-42.pth
Wed 08 May 2024 20:23:25 INFO  epoch 9 training [time: 0.97s, train loss: 715.0845]
Wed 08 May 2024 20:24:31 INFO  epoch 9 evaluating [time: 66.25s, valid_score: 0.034500]
Wed 08 May 2024 20:24:31 INFO  valid result: 
recall@10 : 0.0802    mrr@10 : 0.0345    ndcg@10 : 0.042    hit@10 : 0.0981    map@10 : 0.028    precision@10 : 0.01    gauc : 0.8724    itemcoverage@10 : 0.0027    averagepopularity@10 : 945.4475    giniindex@10 : 0.9996    shannonentropy@10 : 0.0366    tailpercentage@10 : 0.0005
Wed 08 May 2024 20:24:35 INFO  Saving current: saved/LFM-1b_artist_20U50I_25strat/MultiDAE/MultiDAE-May-08-2024_20-12-42.pth
Wed 08 May 2024 20:24:36 INFO  epoch 10 training [time: 0.97s, train loss: 713.5046]
Wed 08 May 2024 20:25:42 INFO  epoch 10 evaluating [time: 66.64s, valid_score: 0.034800]
Wed 08 May 2024 20:25:42 INFO  valid result: 
recall@10 : 0.0804    mrr@10 : 0.0348    ndcg@10 : 0.0422    hit@10 : 0.0987    map@10 : 0.0282    precision@10 : 0.01    gauc : 0.8729    itemcoverage@10 : 0.0034    averagepopularity@10 : 943.8228    giniindex@10 : 0.9996    shannonentropy@10 : 0.03    tailpercentage@10 : 0.0006
Wed 08 May 2024 20:25:46 INFO  Saving current: saved/LFM-1b_artist_20U50I_25strat/MultiDAE/MultiDAE-May-08-2024_20-12-42.pth
Wed 08 May 2024 20:25:47 INFO  epoch 11 training [time: 0.97s, train loss: 709.2756]
Wed 08 May 2024 20:26:54 INFO  epoch 11 evaluating [time: 66.72s, valid_score: 0.035400]
Wed 08 May 2024 20:26:54 INFO  valid result: 
recall@10 : 0.0834    mrr@10 : 0.0354    ndcg@10 : 0.0434    hit@10 : 0.1014    map@10 : 0.0289    precision@10 : 0.0103    gauc : 0.8745    itemcoverage@10 : 0.0031    averagepopularity@10 : 929.0346    giniindex@10 : 0.9995    shannonentropy@10 : 0.0353    tailpercentage@10 : 0.0008
Wed 08 May 2024 20:26:58 INFO  Saving current: saved/LFM-1b_artist_20U50I_25strat/MultiDAE/MultiDAE-May-08-2024_20-12-42.pth
Wed 08 May 2024 20:26:58 INFO  Finished training, max emissions step reached
Wed 08 May 2024 20:26:58 INFO  Loading model structure and parameters from saved/LFM-1b_artist_20U50I_25strat/MultiDAE/MultiDAE-May-08-2024_20-12-42.pth
Wed 08 May 2024 20:28:14 INFO  The running environment of this training is as follows:
+-------------+----------------+
| Environment |     Usage      |
+=============+================+
| CPU         |    14.90 %     |
+-------------+----------------+
| GPU         | 1.66 G/11.93 G |
+-------------+----------------+
| Memory      | 2.16 G/31.23 G |
+-------------+----------------+
Wed 08 May 2024 20:28:14 INFO  best valid : OrderedDict([('recall@10', 0.0834), ('mrr@10', 0.0354), ('ndcg@10', 0.0434), ('hit@10', 0.1014), ('map@10', 0.0289), ('precision@10', 0.0103), ('gauc', 0.8745), ('itemcoverage@10', 0.0031), ('averagepopularity@10', 929.0346), ('giniindex@10', 0.9995), ('shannonentropy@10', 0.0353), ('tailpercentage@10', 0.0008)])
Wed 08 May 2024 20:28:14 INFO  test result: OrderedDict([('recall@10', 0.0806), ('mrr@10', 0.0332), ('ndcg@10', 0.0419), ('hit@10', 0.0954), ('map@10', 0.0284), ('precision@10', 0.0097), ('gauc', 0.8736), ('itemcoverage@10', 0.0031), ('averagepopularity@10', 929.5664), ('giniindex@10', 0.9995), ('shannonentropy@10', 0.0347), ('tailpercentage@10', 0.0007)])
Wed 08 May 2024 20:28:15 INFO  
General Hyper Parameters:
gpu_id = 0
use_gpu = True
seed = 2020
state = INFO
reproducibility = True
data_path = data/LFM-1b_artist_20U50I_25strat
checkpoint_dir = saved/LFM-1b_artist_20U50I_25strat/MultiDAE
show_progress = True
save_dataset = False
dataset_save_path = None
save_dataloaders = False
dataloaders_save_path = None
log_wandb = False

Training Hyper Parameters:
epochs = 200
train_batch_size = 2048
learner = adam
learning_rate = 0.001
train_neg_sample_args = {'distribution': 'uniform', 'sample_num': 1, 'dynamic': False, 'candidate_num': 0, 'alpha': 1.0}
eval_step = 1
stopping_step = 10
clip_grad_norm = None
weight_decay = 0.0
loss_decimal_place = 4

Evaluation Hyper Parameters:
eval_args = {'split': {'RS': [0.8, 0.1, 0.1]}, 'order': 'RO', 'group_by': 'user', 'mode': {'valid': 'full', 'test': 'full'}}
repeatable = False
metrics = ['Recall', 'MRR', 'NDCG', 'Hit', 'MAP', 'Precision', 'GAUC', 'ItemCoverage', 'AveragePopularity', 'GiniIndex', 'ShannonEntropy', 'TailPercentage']
topk = [10]
valid_metric = MRR@10
valid_metric_bigger = True
eval_batch_size = 4096
metric_decimal_place = 4

Dataset Hyper Parameters:
field_separator = 	
seq_separator =  
USER_ID_FIELD = user_id
ITEM_ID_FIELD = item_id
RATING_FIELD = rating
TIME_FIELD = timestamp
seq_len = None
LABEL_FIELD = label
threshold = None
NEG_PREFIX = neg_
load_col = {'inter': ['user_id', 'item_id']}
unload_col = None
unused_col = None
additional_feat_suffix = None
rm_dup_inter = None
val_interval = None
filter_inter_by_user_or_item = True
user_inter_num_interval = [0,inf)
item_inter_num_interval = [0,inf)
alias_of_user_id = None
alias_of_item_id = None
alias_of_entity_id = None
alias_of_relation_id = None
preload_weight = None
normalize_field = None
normalize_all = None
ITEM_LIST_LENGTH_FIELD = item_length
LIST_SUFFIX = _list
MAX_ITEM_LIST_LENGTH = 50
POSITION_FIELD = position_id
HEAD_ENTITY_ID_FIELD = head_id
TAIL_ENTITY_ID_FIELD = tail_id
RELATION_ID_FIELD = relation_id
ENTITY_ID_FIELD = entity_id
benchmark_filename = None

Other Hyper Parameters: 
worker = 0
wandb_project = recbole
shuffle = True
require_pow = False
enable_amp = False
enable_scaler = False
transform = None
mlp_hidden_size = [600]
latent_dimension = 64
dropout_prob = 0.5
numerical_features = []
discretization = None
kg_reverse_r = False
entity_kg_num_interval = [0,inf)
relation_kg_num_interval = [0,inf)
MODEL_TYPE = ModelType.GENERAL
encoding = utf-8
device = cuda:1
my_log_file = /home/fontana/Tesi/log/carbon_default.log
max_emission_step = 7
MODEL_INPUT_TYPE = InputType.PAIRWISE
eval_type = EvaluatorType.RANKING
single_spec = True
local_rank = 0
valid_neg_sample_args = {'distribution': 'uniform', 'sample_num': 'none'}
test_neg_sample_args = {'distribution': 'uniform', 'sample_num': 'none'}


Wed 08 May 2024 20:28:16 INFO  LFM-1b_artist_20U50I_25strat
The number of users: 19842
Average actions of users: 11.01038254120256
The number of items: 24879
Average actions of items: 8.781131923788086
The number of inters: 218457
The sparsity of the dataset: 99.95574650251882%
Remain Fields: ['user_id', 'item_id']
Wed 08 May 2024 20:28:18 INFO  [Training]: train_batch_size = [2048] train_neg_sample_args: [{'distribution': 'uniform', 'sample_num': 1, 'dynamic': False, 'candidate_num': 0, 'alpha': 1.0}]
Wed 08 May 2024 20:28:18 INFO  [Evaluation]: eval_batch_size = [4096] eval_args: [{'split': {'RS': [0.8, 0.1, 0.1]}, 'order': 'RO', 'group_by': 'user', 'mode': {'valid': 'full', 'test': 'full'}}]
Wed 08 May 2024 20:28:20 INFO  Loading model structure and parameters from saved/LFM-1b_artist_20U50I_25strat/MultiDAE/MultiDAE-May-08-2024_20-12-42.pth
