Thu 09 May 2024 11:27:32 INFO  ['src/default_tracker2.py', '--dataset=amazon_books_60core_kg', '--model=KGNNLS', '--max_emission_step=6']
Thu 09 May 2024 11:27:32 INFO  
General Hyper Parameters:
gpu_id = 0
use_gpu = True
seed = 2020
state = INFO
reproducibility = True
data_path = data/amazon_books_60core_kg
checkpoint_dir = saved/amazon_books_60core_kg/KGNNLS
show_progress = True
save_dataset = False
dataset_save_path = None
save_dataloaders = False
dataloaders_save_path = None
log_wandb = False

Training Hyper Parameters:
epochs = 200
train_batch_size = 2048
learner = adam
learning_rate = 0.001
train_neg_sample_args = {'distribution': 'uniform', 'sample_num': 1, 'dynamic': False, 'candidate_num': 0, 'alpha': 1.0}
eval_step = 1
stopping_step = 10
clip_grad_norm = None
weight_decay = 0.0
loss_decimal_place = 4

Evaluation Hyper Parameters:
eval_args = {'split': {'RS': [0.8, 0.1, 0.1]}, 'order': 'RO', 'group_by': 'user', 'mode': {'valid': 'full', 'test': 'full'}}
repeatable = False
metrics = ['Recall', 'MRR', 'NDCG', 'Hit', 'MAP', 'Precision', 'GAUC', 'ItemCoverage', 'AveragePopularity', 'GiniIndex', 'ShannonEntropy', 'TailPercentage']
topk = [10]
valid_metric = MRR@10
valid_metric_bigger = True
eval_batch_size = 4096
metric_decimal_place = 4

Dataset Hyper Parameters:
field_separator = 	
seq_separator =  
USER_ID_FIELD = user_id
ITEM_ID_FIELD = item_id
RATING_FIELD = rating
TIME_FIELD = timestamp
seq_len = None
LABEL_FIELD = label
threshold = None
NEG_PREFIX = neg_
load_col = {'inter': ['user_id', 'item_id', 'rating', 'timestamp'], 'kg': ['head_id', 'relation_id', 'tail_id'], 'link': ['item_id', 'entity_id']}
unload_col = None
unused_col = None
additional_feat_suffix = None
rm_dup_inter = None
val_interval = None
filter_inter_by_user_or_item = True
user_inter_num_interval = [0,inf)
item_inter_num_interval = [0,inf)
alias_of_user_id = None
alias_of_item_id = None
alias_of_entity_id = None
alias_of_relation_id = None
preload_weight = None
normalize_field = None
normalize_all = None
ITEM_LIST_LENGTH_FIELD = item_length
LIST_SUFFIX = _list
MAX_ITEM_LIST_LENGTH = 50
POSITION_FIELD = position_id
HEAD_ENTITY_ID_FIELD = head_id
TAIL_ENTITY_ID_FIELD = tail_id
RELATION_ID_FIELD = relation_id
ENTITY_ID_FIELD = entity_id
benchmark_filename = None

Other Hyper Parameters: 
worker = 0
wandb_project = recbole
shuffle = True
require_pow = False
enable_amp = False
enable_scaler = False
transform = None
embedding_size = 64
n_iter = 1
aggregator = sum
reg_weight = 1e-07
neighbor_sample_size = 4
ls_weight = 0.5
numerical_features = []
discretization = None
kg_reverse_r = False
entity_kg_num_interval = [0,inf)
relation_kg_num_interval = [0,inf)
MODEL_TYPE = ModelType.KNOWLEDGE
encoding = utf-8
device = cuda:1
my_log_file = /home/fontana/Tesi/log/carbon_default.log
max_emission_step = 6
MODEL_INPUT_TYPE = InputType.PAIRWISE
eval_type = EvaluatorType.RANKING
single_spec = True
local_rank = 0
valid_neg_sample_args = {'distribution': 'uniform', 'sample_num': 'none'}
test_neg_sample_args = {'distribution': 'uniform', 'sample_num': 'none'}


Thu 09 May 2024 11:27:40 INFO  amazon_books_60core_kg
The number of users: 20201
Average actions of users: 17.4280198019802
The number of items: 10879
Average actions of items: 32.36311822026108
The number of inters: 352046
The sparsity of the dataset: 99.83980920055674%
Remain Fields: ['entity_id', 'user_id', 'item_id', 'rating', 'head_id', 'tail_id', 'relation_id']
The number of entities: 26316
The number of relations: 18
The number of triples: 96476
The number of items that have been linked to KG: 10878
Thu 09 May 2024 11:27:42 INFO  [Training]: train_batch_size = [2048] train_neg_sample_args: [{'distribution': 'uniform', 'sample_num': 1, 'dynamic': False, 'candidate_num': 0, 'alpha': 1.0}]
Thu 09 May 2024 11:27:42 INFO  [Evaluation]: eval_batch_size = [4096] eval_args: [{'split': {'RS': [0.8, 0.1, 0.1]}, 'order': 'RO', 'group_by': 'user', 'mode': {'valid': 'full', 'test': 'full'}}]
Thu 09 May 2024 11:27:48 INFO  KGNNLS(
  (user_embedding): Embedding(20201, 64)
  (entity_embedding): Embedding(26316, 64)
  (relation_embedding): Embedding(19, 64)
  (softmax): Softmax(dim=-1)
  (linear_layers): ModuleList(
    (0): Linear(in_features=64, out_features=64, bias=True)
  )
  (ReLU): ReLU()
  (Tanh): Tanh()
  (bce_loss): BCEWithLogitsLoss()
  (l2_loss): EmbLoss()
)
Trainable parameters: 2982464
Thu 09 May 2024 11:27:49 INFO  FLOPs: 4747.0
Thu 09 May 2024 11:28:01 INFO  epoch 0 training [time: 6.78s, train loss: 143.8256]
Thu 09 May 2024 11:30:02 INFO  epoch 0 evaluating [time: 121.25s, valid_score: 0.014800]
Thu 09 May 2024 11:30:02 INFO  valid result: 
recall@10 : 0.0249    mrr@10 : 0.0148    ndcg@10 : 0.0144    hit@10 : 0.0386    map@10 : 0.0094    precision@10 : 0.0042    gauc : 0.7262    itemcoverage@10 : 0.144    averagepopularity@10 : 245.7851    giniindex@10 : 0.9916    shannonentropy@10 : 0.0029    tailpercentage@10 : 0.0376
Thu 09 May 2024 11:30:03 INFO  Saving current: saved/amazon_books_60core_kg/KGNNLS/KGNNLS-May-09-2024_11-27-50.pth
Thu 09 May 2024 11:30:09 INFO  epoch 1 training [time: 6.61s, train loss: 125.6330]
Thu 09 May 2024 11:32:09 INFO  epoch 1 evaluating [time: 119.70s, valid_score: 0.017500]
Thu 09 May 2024 11:32:09 INFO  valid result: 
recall@10 : 0.0275    mrr@10 : 0.0175    ndcg@10 : 0.0161    hit@10 : 0.0468    map@10 : 0.0101    precision@10 : 0.005    gauc : 0.7971    itemcoverage@10 : 0.055    averagepopularity@10 : 234.0365    giniindex@10 : 0.9914    shannonentropy@10 : 0.0081    tailpercentage@10 : 0.0205
Thu 09 May 2024 11:32:09 INFO  Saving current: saved/amazon_books_60core_kg/KGNNLS/KGNNLS-May-09-2024_11-27-50.pth
Thu 09 May 2024 11:32:16 INFO  epoch 2 training [time: 6.84s, train loss: 117.1253]
Thu 09 May 2024 11:34:16 INFO  epoch 2 evaluating [time: 119.90s, valid_score: 0.018200]
Thu 09 May 2024 11:34:16 INFO  valid result: 
recall@10 : 0.0296    mrr@10 : 0.0182    ndcg@10 : 0.0169    hit@10 : 0.0502    map@10 : 0.0104    precision@10 : 0.0053    gauc : 0.8151    itemcoverage@10 : 0.0677    averagepopularity@10 : 248.7275    giniindex@10 : 0.9918    shannonentropy@10 : 0.0065    tailpercentage@10 : 0.0099
Thu 09 May 2024 11:34:16 INFO  Saving current: saved/amazon_books_60core_kg/KGNNLS/KGNNLS-May-09-2024_11-27-50.pth
Thu 09 May 2024 11:34:22 INFO  epoch 3 training [time: 6.26s, train loss: 113.7579]
Thu 09 May 2024 11:36:22 INFO  epoch 3 evaluating [time: 119.47s, valid_score: 0.019300]
Thu 09 May 2024 11:36:22 INFO  valid result: 
recall@10 : 0.0303    mrr@10 : 0.0193    ndcg@10 : 0.0179    hit@10 : 0.052    map@10 : 0.0114    precision@10 : 0.0056    gauc : 0.8275    itemcoverage@10 : 0.0829    averagepopularity@10 : 258.3673    giniindex@10 : 0.9918    shannonentropy@10 : 0.0052    tailpercentage@10 : 0.0035
Thu 09 May 2024 11:36:22 INFO  Saving current: saved/amazon_books_60core_kg/KGNNLS/KGNNLS-May-09-2024_11-27-50.pth
Thu 09 May 2024 11:36:29 INFO  epoch 4 training [time: 6.54s, train loss: 110.8832]
Thu 09 May 2024 11:38:28 INFO  epoch 4 evaluating [time: 119.54s, valid_score: 0.020000]
Thu 09 May 2024 11:38:28 INFO  valid result: 
recall@10 : 0.0323    mrr@10 : 0.02    ndcg@10 : 0.0187    hit@10 : 0.0547    map@10 : 0.0117    precision@10 : 0.0059    gauc : 0.8367    itemcoverage@10 : 0.0972    averagepopularity@10 : 260.2245    giniindex@10 : 0.9912    shannonentropy@10 : 0.0045    tailpercentage@10 : 0.0019
Thu 09 May 2024 11:38:29 INFO  Saving current: saved/amazon_books_60core_kg/KGNNLS/KGNNLS-May-09-2024_11-27-50.pth
Thu 09 May 2024 11:38:36 INFO  epoch 5 training [time: 7.04s, train loss: 108.4113]
Thu 09 May 2024 11:40:35 INFO  epoch 5 evaluating [time: 119.52s, valid_score: 0.021100]
Thu 09 May 2024 11:40:35 INFO  valid result: 
recall@10 : 0.0344    mrr@10 : 0.0211    ndcg@10 : 0.0198    hit@10 : 0.0576    map@10 : 0.0122    precision@10 : 0.0062    gauc : 0.8456    itemcoverage@10 : 0.1143    averagepopularity@10 : 259.6865    giniindex@10 : 0.99    shannonentropy@10 : 0.0039    tailpercentage@10 : 0.0011
Thu 09 May 2024 11:40:35 INFO  Saving current: saved/amazon_books_60core_kg/KGNNLS/KGNNLS-May-09-2024_11-27-50.pth
Thu 09 May 2024 11:40:35 INFO  Finished training, max emissions step reached
Thu 09 May 2024 11:40:36 INFO  Loading model structure and parameters from saved/amazon_books_60core_kg/KGNNLS/KGNNLS-May-09-2024_11-27-50.pth
Thu 09 May 2024 11:42:46 INFO  The running environment of this training is as follows:
+-------------+----------------+
| Environment |     Usage      |
+=============+================+
| CPU         |    12.90 %     |
+-------------+----------------+
| GPU         | 0.14 G/11.93 G |
+-------------+----------------+
| Memory      | 2.73 G/31.23 G |
+-------------+----------------+
Thu 09 May 2024 11:42:46 INFO  best valid : OrderedDict([('recall@10', 0.0344), ('mrr@10', 0.0211), ('ndcg@10', 0.0198), ('hit@10', 0.0576), ('map@10', 0.0122), ('precision@10', 0.0062), ('gauc', 0.8456), ('itemcoverage@10', 0.1143), ('averagepopularity@10', 259.6865), ('giniindex@10', 0.99), ('shannonentropy@10', 0.0039), ('tailpercentage@10', 0.0011)])
Thu 09 May 2024 11:42:46 INFO  test result: OrderedDict([('recall@10', 0.0333), ('mrr@10', 0.0201), ('ndcg@10', 0.0188), ('hit@10', 0.0553), ('map@10', 0.0116), ('precision@10', 0.006), ('gauc', 0.8396), ('itemcoverage@10', 0.1198), ('averagepopularity@10', 256.0278), ('giniindex@10', 0.9892), ('shannonentropy@10', 0.0037), ('tailpercentage@10', 0.0014)])
Thu 09 May 2024 11:42:46 INFO  
General Hyper Parameters:
gpu_id = 0
use_gpu = True
seed = 2020
state = INFO
reproducibility = True
data_path = data/amazon_books_60core_kg
checkpoint_dir = saved/amazon_books_60core_kg/KGNNLS
show_progress = True
save_dataset = False
dataset_save_path = None
save_dataloaders = False
dataloaders_save_path = None
log_wandb = False

Training Hyper Parameters:
epochs = 200
train_batch_size = 2048
learner = adam
learning_rate = 0.001
train_neg_sample_args = {'distribution': 'uniform', 'sample_num': 1, 'dynamic': False, 'candidate_num': 0, 'alpha': 1.0}
eval_step = 1
stopping_step = 10
clip_grad_norm = None
weight_decay = 0.0
loss_decimal_place = 4

Evaluation Hyper Parameters:
eval_args = {'split': {'RS': [0.8, 0.1, 0.1]}, 'order': 'RO', 'group_by': 'user', 'mode': {'valid': 'full', 'test': 'full'}}
repeatable = False
metrics = ['Recall', 'MRR', 'NDCG', 'Hit', 'MAP', 'Precision', 'GAUC', 'ItemCoverage', 'AveragePopularity', 'GiniIndex', 'ShannonEntropy', 'TailPercentage']
topk = [10]
valid_metric = MRR@10
valid_metric_bigger = True
eval_batch_size = 4096
metric_decimal_place = 4

Dataset Hyper Parameters:
field_separator = 	
seq_separator =  
USER_ID_FIELD = user_id
ITEM_ID_FIELD = item_id
RATING_FIELD = rating
TIME_FIELD = timestamp
seq_len = None
LABEL_FIELD = label
threshold = None
NEG_PREFIX = neg_
load_col = {'inter': ['user_id', 'item_id', 'rating', 'timestamp'], 'kg': ['head_id', 'relation_id', 'tail_id'], 'link': ['item_id', 'entity_id']}
unload_col = None
unused_col = None
additional_feat_suffix = None
rm_dup_inter = None
val_interval = None
filter_inter_by_user_or_item = True
user_inter_num_interval = [0,inf)
item_inter_num_interval = [0,inf)
alias_of_user_id = None
alias_of_item_id = None
alias_of_entity_id = None
alias_of_relation_id = None
preload_weight = None
normalize_field = None
normalize_all = None
ITEM_LIST_LENGTH_FIELD = item_length
LIST_SUFFIX = _list
MAX_ITEM_LIST_LENGTH = 50
POSITION_FIELD = position_id
HEAD_ENTITY_ID_FIELD = head_id
TAIL_ENTITY_ID_FIELD = tail_id
RELATION_ID_FIELD = relation_id
ENTITY_ID_FIELD = entity_id
benchmark_filename = None

Other Hyper Parameters: 
worker = 0
wandb_project = recbole
shuffle = True
require_pow = False
enable_amp = False
enable_scaler = False
transform = None
embedding_size = 64
n_iter = 1
aggregator = sum
reg_weight = 1e-07
neighbor_sample_size = 4
ls_weight = 0.5
numerical_features = []
discretization = None
kg_reverse_r = False
entity_kg_num_interval = [0,inf)
relation_kg_num_interval = [0,inf)
MODEL_TYPE = ModelType.KNOWLEDGE
encoding = utf-8
device = cuda:1
my_log_file = /home/fontana/Tesi/log/carbon_default.log
max_emission_step = 6
MODEL_INPUT_TYPE = InputType.PAIRWISE
eval_type = EvaluatorType.RANKING
single_spec = True
local_rank = 0
valid_neg_sample_args = {'distribution': 'uniform', 'sample_num': 'none'}
test_neg_sample_args = {'distribution': 'uniform', 'sample_num': 'none'}


Thu 09 May 2024 11:42:55 INFO  amazon_books_60core_kg
The number of users: 20201
Average actions of users: 17.4280198019802
The number of items: 10879
Average actions of items: 32.36311822026108
The number of inters: 352046
The sparsity of the dataset: 99.83980920055674%
Remain Fields: ['entity_id', 'user_id', 'item_id', 'rating', 'head_id', 'tail_id', 'relation_id']
The number of entities: 26316
The number of relations: 18
The number of triples: 96476
The number of items that have been linked to KG: 10878
Thu 09 May 2024 11:42:57 INFO  [Training]: train_batch_size = [2048] train_neg_sample_args: [{'distribution': 'uniform', 'sample_num': 1, 'dynamic': False, 'candidate_num': 0, 'alpha': 1.0}]
Thu 09 May 2024 11:42:57 INFO  [Evaluation]: eval_batch_size = [4096] eval_args: [{'split': {'RS': [0.8, 0.1, 0.1]}, 'order': 'RO', 'group_by': 'user', 'mode': {'valid': 'full', 'test': 'full'}}]
Thu 09 May 2024 11:43:00 INFO  Loading model structure and parameters from saved/amazon_books_60core_kg/KGNNLS/KGNNLS-May-09-2024_11-27-50.pth
