Fri 05 Apr 2024 17:47:25 INFO  ['src/default_tracker.py', '--dataset=LFM-1b_artist_20U50I_50strat', '--model=KGNNLS']
Fri 05 Apr 2024 17:47:25 INFO  
General Hyper Parameters:
gpu_id = 0
use_gpu = True
seed = 2020
state = INFO
reproducibility = True
data_path = data/LFM-1b_artist_20U50I_50strat
checkpoint_dir = saved/LFM-1b_artist_20U50I_50strat/KGNNLS
show_progress = True
save_dataset = False
dataset_save_path = None
save_dataloaders = False
dataloaders_save_path = None
log_wandb = False

Training Hyper Parameters:
epochs = 200
train_batch_size = 2048
learner = adam
learning_rate = 0.001
train_neg_sample_args = {'distribution': 'uniform', 'sample_num': 1, 'dynamic': False, 'candidate_num': 0, 'alpha': 1.0}
eval_step = 1
stopping_step = 10
clip_grad_norm = None
weight_decay = 0.0
loss_decimal_place = 4

Evaluation Hyper Parameters:
eval_args = {'split': {'RS': [0.8, 0.1, 0.1]}, 'order': 'RO', 'group_by': 'user', 'mode': {'valid': 'full', 'test': 'full'}}
repeatable = False
metrics = ['Recall', 'MRR', 'NDCG', 'Hit', 'Precision']
topk = [10]
valid_metric = MRR@10
valid_metric_bigger = True
eval_batch_size = 4096
metric_decimal_place = 4

Dataset Hyper Parameters:
field_separator = 	
seq_separator =  
USER_ID_FIELD = user_id
ITEM_ID_FIELD = item_id
RATING_FIELD = rating
TIME_FIELD = timestamp
seq_len = None
LABEL_FIELD = label
threshold = None
NEG_PREFIX = neg_
load_col = {'inter': ['user_id', 'item_id', 'rating', 'timestamp'], 'kg': ['head_id', 'relation_id', 'tail_id'], 'link': ['item_id', 'entity_id']}
unload_col = None
unused_col = None
additional_feat_suffix = None
rm_dup_inter = None
val_interval = None
filter_inter_by_user_or_item = True
user_inter_num_interval = [0,inf)
item_inter_num_interval = [0,inf)
alias_of_user_id = None
alias_of_item_id = None
alias_of_entity_id = None
alias_of_relation_id = None
preload_weight = None
normalize_field = None
normalize_all = None
ITEM_LIST_LENGTH_FIELD = item_length
LIST_SUFFIX = _list
MAX_ITEM_LIST_LENGTH = 50
POSITION_FIELD = position_id
HEAD_ENTITY_ID_FIELD = head_id
TAIL_ENTITY_ID_FIELD = tail_id
RELATION_ID_FIELD = relation_id
ENTITY_ID_FIELD = entity_id
benchmark_filename = None

Other Hyper Parameters: 
worker = 0
wandb_project = recbole
shuffle = True
require_pow = False
enable_amp = False
enable_scaler = False
transform = None
embedding_size = 64
n_iter = 1
aggregator = sum
reg_weight = 1e-07
neighbor_sample_size = 4
ls_weight = 0.5
numerical_features = []
discretization = None
kg_reverse_r = False
entity_kg_num_interval = [0,inf)
relation_kg_num_interval = [0,inf)
MODEL_TYPE = ModelType.KNOWLEDGE
encoding = utf-8
device = cuda
my_log_file = /mnt/batch/tasks/shared/LS_root/mounts/clusters/fontanagpu/code/sustainability-of-recsys/log/carbon_default.log
MODEL_INPUT_TYPE = InputType.PAIRWISE
eval_type = EvaluatorType.RANKING
single_spec = True
local_rank = 0
valid_neg_sample_args = {'distribution': 'uniform', 'sample_num': 'none'}
test_neg_sample_args = {'distribution': 'uniform', 'sample_num': 'none'}


Fri 05 Apr 2024 17:47:31 INFO  LFM-1b_artist_20U50I_50strat
The number of users: 18495
Average actions of users: 9.852492700335244
The number of items: 12523
Average actions of items: 14.551349624660597
The number of inters: 182212
The sparsity of the dataset: 99.92132907458927%
Remain Fields: ['entity_id', 'user_id', 'item_id', 'head_id', 'relation_id', 'tail_id']
The number of entities: 42032
The number of relations: 7
The number of triples: 38491
The number of items that have been linked to KG: 12522
Fri 05 Apr 2024 17:47:33 INFO  [Training]: train_batch_size = [2048] train_neg_sample_args: [{'distribution': 'uniform', 'sample_num': 1, 'dynamic': False, 'candidate_num': 0, 'alpha': 1.0}]
Fri 05 Apr 2024 17:47:33 INFO  [Evaluation]: eval_batch_size = [4096] eval_args: [{'split': {'RS': [0.8, 0.1, 0.1]}, 'order': 'RO', 'group_by': 'user', 'mode': {'valid': 'full', 'test': 'full'}}]
Fri 05 Apr 2024 17:47:35 INFO  KGNNLS(
  (user_embedding): Embedding(18495, 64)
  (entity_embedding): Embedding(42032, 64)
  (relation_embedding): Embedding(8, 64)
  (softmax): Softmax(dim=-1)
  (linear_layers): ModuleList(
    (0): Linear(in_features=64, out_features=64, bias=True)
  )
  (ReLU): ReLU()
  (Tanh): Tanh()
  (bce_loss): BCEWithLogitsLoss()
  (l2_loss): EmbLoss()
)
Trainable parameters: 3878400
Fri 05 Apr 2024 17:47:44 INFO  FLOPs: 4747.0
Fri 05 Apr 2024 17:48:34 INFO  epoch 0 training [time: 7.03s, train loss: 72.8123]
Fri 05 Apr 2024 17:50:12 INFO  epoch 0 evaluating [time: 98.61s, valid_score: 0.048700]
Fri 05 Apr 2024 17:50:12 INFO  valid result: 
recall@10 : 0.1193    mrr@10 : 0.0487    ndcg@10 : 0.0615    hit@10 : 0.1406    precision@10 : 0.0145
Fri 05 Apr 2024 17:50:13 INFO  Saving current: saved/LFM-1b_artist_20U50I_50strat/KGNNLS/KGNNLS-Apr-05-2024_17-47-44.pth
Fri 05 Apr 2024 17:50:16 INFO  epoch 1 training [time: 2.57s, train loss: 63.3894]
Fri 05 Apr 2024 17:51:54 INFO  epoch 1 evaluating [time: 98.48s, valid_score: 0.057900]
Fri 05 Apr 2024 17:51:54 INFO  valid result: 
recall@10 : 0.1431    mrr@10 : 0.0579    ndcg@10 : 0.0739    hit@10 : 0.1646    precision@10 : 0.0169
Fri 05 Apr 2024 17:51:55 INFO  Saving current: saved/LFM-1b_artist_20U50I_50strat/KGNNLS/KGNNLS-Apr-05-2024_17-47-44.pth
Fri 05 Apr 2024 17:51:57 INFO  epoch 2 training [time: 2.54s, train loss: 52.0612]
Fri 05 Apr 2024 17:53:36 INFO  epoch 2 evaluating [time: 98.79s, valid_score: 0.058400]
Fri 05 Apr 2024 17:53:36 INFO  valid result: 
recall@10 : 0.146    mrr@10 : 0.0584    ndcg@10 : 0.0751    hit@10 : 0.1678    precision@10 : 0.0172
Fri 05 Apr 2024 17:53:37 INFO  Saving current: saved/LFM-1b_artist_20U50I_50strat/KGNNLS/KGNNLS-Apr-05-2024_17-47-44.pth
Fri 05 Apr 2024 17:53:39 INFO  epoch 3 training [time: 2.58s, train loss: 50.5783]
Fri 05 Apr 2024 17:55:18 INFO  epoch 3 evaluating [time: 98.54s, valid_score: 0.057500]
Fri 05 Apr 2024 17:55:18 INFO  valid result: 
recall@10 : 0.1449    mrr@10 : 0.0575    ndcg@10 : 0.0742    hit@10 : 0.166    precision@10 : 0.017
Fri 05 Apr 2024 17:55:21 INFO  epoch 4 training [time: 2.77s, train loss: 49.9025]
Fri 05 Apr 2024 17:56:59 INFO  epoch 4 evaluating [time: 98.67s, valid_score: 0.057600]
Fri 05 Apr 2024 17:56:59 INFO  valid result: 
recall@10 : 0.1457    mrr@10 : 0.0576    ndcg@10 : 0.0745    hit@10 : 0.1672    precision@10 : 0.0172
Fri 05 Apr 2024 17:57:02 INFO  epoch 5 training [time: 2.69s, train loss: 49.5593]
Fri 05 Apr 2024 17:58:41 INFO  epoch 5 evaluating [time: 98.77s, valid_score: 0.057900]
Fri 05 Apr 2024 17:58:41 INFO  valid result: 
recall@10 : 0.1463    mrr@10 : 0.0579    ndcg@10 : 0.0748    hit@10 : 0.168    precision@10 : 0.0172
Fri 05 Apr 2024 17:58:44 INFO  epoch 6 training [time: 2.64s, train loss: 49.4664]
Fri 05 Apr 2024 18:00:23 INFO  epoch 6 evaluating [time: 99.33s, valid_score: 0.058400]
Fri 05 Apr 2024 18:00:23 INFO  valid result: 
recall@10 : 0.1464    mrr@10 : 0.0584    ndcg@10 : 0.0752    hit@10 : 0.1681    precision@10 : 0.0173
Fri 05 Apr 2024 18:00:23 INFO  Saving current: saved/LFM-1b_artist_20U50I_50strat/KGNNLS/KGNNLS-Apr-05-2024_17-47-44.pth
Fri 05 Apr 2024 18:00:26 INFO  epoch 7 training [time: 2.55s, train loss: 49.3918]
Fri 05 Apr 2024 18:02:04 INFO  epoch 7 evaluating [time: 98.42s, valid_score: 0.058600]
Fri 05 Apr 2024 18:02:04 INFO  valid result: 
recall@10 : 0.1472    mrr@10 : 0.0586    ndcg@10 : 0.0756    hit@10 : 0.169    precision@10 : 0.0174
Fri 05 Apr 2024 18:02:05 INFO  Saving current: saved/LFM-1b_artist_20U50I_50strat/KGNNLS/KGNNLS-Apr-05-2024_17-47-44.pth
Fri 05 Apr 2024 18:02:08 INFO  epoch 8 training [time: 2.62s, train loss: 49.0725]
Fri 05 Apr 2024 18:03:46 INFO  epoch 8 evaluating [time: 98.75s, valid_score: 0.058800]
Fri 05 Apr 2024 18:03:46 INFO  valid result: 
recall@10 : 0.1483    mrr@10 : 0.0588    ndcg@10 : 0.0758    hit@10 : 0.1704    precision@10 : 0.0175
Fri 05 Apr 2024 18:03:47 INFO  Saving current: saved/LFM-1b_artist_20U50I_50strat/KGNNLS/KGNNLS-Apr-05-2024_17-47-44.pth
Fri 05 Apr 2024 18:03:50 INFO  epoch 9 training [time: 2.60s, train loss: 48.9227]
Fri 05 Apr 2024 18:05:28 INFO  epoch 9 evaluating [time: 98.60s, valid_score: 0.058400]
Fri 05 Apr 2024 18:05:28 INFO  valid result: 
recall@10 : 0.1473    mrr@10 : 0.0584    ndcg@10 : 0.0755    hit@10 : 0.1689    precision@10 : 0.0174
Fri 05 Apr 2024 18:05:31 INFO  epoch 10 training [time: 3.08s, train loss: 48.8061]
Fri 05 Apr 2024 18:07:10 INFO  epoch 10 evaluating [time: 98.53s, valid_score: 0.058200]
Fri 05 Apr 2024 18:07:10 INFO  valid result: 
recall@10 : 0.1478    mrr@10 : 0.0582    ndcg@10 : 0.0754    hit@10 : 0.1702    precision@10 : 0.0175
Fri 05 Apr 2024 18:07:13 INFO  epoch 11 training [time: 2.76s, train loss: 48.5727]
Fri 05 Apr 2024 18:08:51 INFO  epoch 11 evaluating [time: 98.73s, valid_score: 0.057900]
Fri 05 Apr 2024 18:08:51 INFO  valid result: 
recall@10 : 0.1474    mrr@10 : 0.0579    ndcg@10 : 0.0752    hit@10 : 0.1693    precision@10 : 0.0174
Fri 05 Apr 2024 18:08:54 INFO  epoch 12 training [time: 2.73s, train loss: 48.4557]
Fri 05 Apr 2024 18:10:32 INFO  epoch 12 evaluating [time: 98.34s, valid_score: 0.058400]
Fri 05 Apr 2024 18:10:32 INFO  valid result: 
recall@10 : 0.147    mrr@10 : 0.0584    ndcg@10 : 0.0754    hit@10 : 0.1689    precision@10 : 0.0173
Fri 05 Apr 2024 18:10:35 INFO  epoch 13 training [time: 2.87s, train loss: 48.2907]
Fri 05 Apr 2024 18:12:14 INFO  epoch 13 evaluating [time: 98.38s, valid_score: 0.058100]
Fri 05 Apr 2024 18:12:14 INFO  valid result: 
recall@10 : 0.1466    mrr@10 : 0.0581    ndcg@10 : 0.0752    hit@10 : 0.1682    precision@10 : 0.0173
Fri 05 Apr 2024 18:12:16 INFO  epoch 14 training [time: 2.73s, train loss: 48.1681]
Fri 05 Apr 2024 18:13:54 INFO  epoch 14 evaluating [time: 97.88s, valid_score: 0.058200]
Fri 05 Apr 2024 18:13:54 INFO  valid result: 
recall@10 : 0.1468    mrr@10 : 0.0582    ndcg@10 : 0.0753    hit@10 : 0.1689    precision@10 : 0.0173
Fri 05 Apr 2024 18:13:57 INFO  epoch 15 training [time: 2.62s, train loss: 48.0175]
Fri 05 Apr 2024 18:15:36 INFO  epoch 15 evaluating [time: 98.86s, valid_score: 0.058900]
Fri 05 Apr 2024 18:15:36 INFO  valid result: 
recall@10 : 0.1489    mrr@10 : 0.0589    ndcg@10 : 0.0761    hit@10 : 0.1713    precision@10 : 0.0176
Fri 05 Apr 2024 18:15:37 INFO  Saving current: saved/LFM-1b_artist_20U50I_50strat/KGNNLS/KGNNLS-Apr-05-2024_17-47-44.pth
Fri 05 Apr 2024 18:15:39 INFO  epoch 16 training [time: 2.55s, train loss: 47.8591]
Fri 05 Apr 2024 18:17:17 INFO  epoch 16 evaluating [time: 97.62s, valid_score: 0.058700]
Fri 05 Apr 2024 18:17:17 INFO  valid result: 
recall@10 : 0.1488    mrr@10 : 0.0587    ndcg@10 : 0.076    hit@10 : 0.1709    precision@10 : 0.0175
Fri 05 Apr 2024 18:17:19 INFO  epoch 17 training [time: 2.65s, train loss: 47.7216]
Fri 05 Apr 2024 18:18:57 INFO  epoch 17 evaluating [time: 97.36s, valid_score: 0.058600]
Fri 05 Apr 2024 18:18:57 INFO  valid result: 
recall@10 : 0.1493    mrr@10 : 0.0586    ndcg@10 : 0.0761    hit@10 : 0.1718    precision@10 : 0.0176
Fri 05 Apr 2024 18:18:59 INFO  epoch 18 training [time: 2.69s, train loss: 47.7034]
Fri 05 Apr 2024 18:20:37 INFO  epoch 18 evaluating [time: 97.69s, valid_score: 0.058100]
Fri 05 Apr 2024 18:20:37 INFO  valid result: 
recall@10 : 0.1472    mrr@10 : 0.0581    ndcg@10 : 0.0752    hit@10 : 0.1695    precision@10 : 0.0174
Fri 05 Apr 2024 18:20:40 INFO  epoch 19 training [time: 2.69s, train loss: 47.5373]
Fri 05 Apr 2024 18:22:17 INFO  epoch 19 evaluating [time: 97.26s, valid_score: 0.058200]
Fri 05 Apr 2024 18:22:17 INFO  valid result: 
recall@10 : 0.1487    mrr@10 : 0.0582    ndcg@10 : 0.0756    hit@10 : 0.1712    precision@10 : 0.0176
Fri 05 Apr 2024 18:22:20 INFO  epoch 20 training [time: 2.65s, train loss: 47.4652]
Fri 05 Apr 2024 18:23:57 INFO  epoch 20 evaluating [time: 97.67s, valid_score: 0.058600]
Fri 05 Apr 2024 18:23:57 INFO  valid result: 
recall@10 : 0.1487    mrr@10 : 0.0586    ndcg@10 : 0.0759    hit@10 : 0.1713    precision@10 : 0.0176
Fri 05 Apr 2024 18:24:00 INFO  epoch 21 training [time: 2.61s, train loss: 47.0973]
Fri 05 Apr 2024 18:25:37 INFO  epoch 21 evaluating [time: 97.44s, valid_score: 0.058300]
Fri 05 Apr 2024 18:25:37 INFO  valid result: 
recall@10 : 0.1467    mrr@10 : 0.0583    ndcg@10 : 0.0753    hit@10 : 0.169    precision@10 : 0.0173
Fri 05 Apr 2024 18:25:40 INFO  epoch 22 training [time: 2.63s, train loss: 46.8707]
Fri 05 Apr 2024 18:27:17 INFO  epoch 22 evaluating [time: 97.05s, valid_score: 0.058300]
Fri 05 Apr 2024 18:27:17 INFO  valid result: 
recall@10 : 0.1472    mrr@10 : 0.0583    ndcg@10 : 0.0754    hit@10 : 0.17    precision@10 : 0.0175
Fri 05 Apr 2024 18:27:20 INFO  epoch 23 training [time: 3.02s, train loss: 46.4241]
Fri 05 Apr 2024 18:28:58 INFO  epoch 23 evaluating [time: 98.07s, valid_score: 0.057700]
Fri 05 Apr 2024 18:28:58 INFO  valid result: 
recall@10 : 0.1433    mrr@10 : 0.0577    ndcg@10 : 0.0739    hit@10 : 0.1655    precision@10 : 0.017
Fri 05 Apr 2024 18:29:01 INFO  epoch 24 training [time: 2.58s, train loss: 46.1362]
Fri 05 Apr 2024 18:30:38 INFO  epoch 24 evaluating [time: 97.03s, valid_score: 0.057500]
Fri 05 Apr 2024 18:30:38 INFO  valid result: 
recall@10 : 0.1456    mrr@10 : 0.0575    ndcg@10 : 0.0745    hit@10 : 0.1676    precision@10 : 0.0172
Fri 05 Apr 2024 18:30:40 INFO  epoch 25 training [time: 2.57s, train loss: 45.7395]
Fri 05 Apr 2024 18:32:17 INFO  epoch 25 evaluating [time: 96.81s, valid_score: 0.058100]
Fri 05 Apr 2024 18:32:17 INFO  valid result: 
recall@10 : 0.1479    mrr@10 : 0.0581    ndcg@10 : 0.0756    hit@10 : 0.17    precision@10 : 0.0175
Fri 05 Apr 2024 18:32:20 INFO  epoch 26 training [time: 2.58s, train loss: 45.2621]
Fri 05 Apr 2024 18:33:57 INFO  epoch 26 evaluating [time: 96.97s, valid_score: 0.057800]
Fri 05 Apr 2024 18:33:57 INFO  valid result: 
recall@10 : 0.1463    mrr@10 : 0.0578    ndcg@10 : 0.075    hit@10 : 0.1679    precision@10 : 0.0173
Fri 05 Apr 2024 18:33:57 INFO  Finished training, best eval result in epoch 15
Fri 05 Apr 2024 18:33:58 INFO  Loading model structure and parameters from saved/LFM-1b_artist_20U50I_50strat/KGNNLS/KGNNLS-Apr-05-2024_17-47-44.pth
Fri 05 Apr 2024 18:35:49 INFO  The running environment of this training is as follows:
+-------------+----------------+
| Environment |     Usage      |
+=============+================+
| CPU         |     0.80 %     |
+-------------+----------------+
| GPU         | 0.20 G/14.58 G |
+-------------+----------------+
| Memory      | 2.68 G/27.41 G |
+-------------+----------------+
Fri 05 Apr 2024 18:35:49 INFO  best valid : OrderedDict([('recall@10', 0.1489), ('mrr@10', 0.0589), ('ndcg@10', 0.0761), ('hit@10', 0.1713), ('precision@10', 0.0176)])
Fri 05 Apr 2024 18:35:49 INFO  test result: OrderedDict([('recall@10', 0.1542), ('mrr@10', 0.0589), ('ndcg@10', 0.0776), ('hit@10', 0.1736), ('precision@10', 0.0177)])
Fri 05 Apr 2024 18:35:50 INFO  
General Hyper Parameters:
gpu_id = 0
use_gpu = True
seed = 2020
state = INFO
reproducibility = True
data_path = data/LFM-1b_artist_20U50I_50strat
checkpoint_dir = saved/LFM-1b_artist_20U50I_50strat/KGNNLS
show_progress = True
save_dataset = False
dataset_save_path = None
save_dataloaders = False
dataloaders_save_path = None
log_wandb = False

Training Hyper Parameters:
epochs = 200
train_batch_size = 2048
learner = adam
learning_rate = 0.001
train_neg_sample_args = {'distribution': 'uniform', 'sample_num': 1, 'dynamic': False, 'candidate_num': 0, 'alpha': 1.0}
eval_step = 1
stopping_step = 10
clip_grad_norm = None
weight_decay = 0.0
loss_decimal_place = 4

Evaluation Hyper Parameters:
eval_args = {'split': {'RS': [0.8, 0.1, 0.1]}, 'order': 'RO', 'group_by': 'user', 'mode': {'valid': 'full', 'test': 'full'}}
repeatable = False
metrics = ['Recall', 'MRR', 'NDCG', 'Hit', 'Precision']
topk = [10]
valid_metric = MRR@10
valid_metric_bigger = True
eval_batch_size = 4096
metric_decimal_place = 4

Dataset Hyper Parameters:
field_separator = 	
seq_separator =  
USER_ID_FIELD = user_id
ITEM_ID_FIELD = item_id
RATING_FIELD = rating
TIME_FIELD = timestamp
seq_len = None
LABEL_FIELD = label
threshold = None
NEG_PREFIX = neg_
load_col = {'inter': ['user_id', 'item_id', 'rating', 'timestamp'], 'kg': ['head_id', 'relation_id', 'tail_id'], 'link': ['item_id', 'entity_id']}
unload_col = None
unused_col = None
additional_feat_suffix = None
rm_dup_inter = None
val_interval = None
filter_inter_by_user_or_item = True
user_inter_num_interval = [0,inf)
item_inter_num_interval = [0,inf)
alias_of_user_id = None
alias_of_item_id = None
alias_of_entity_id = None
alias_of_relation_id = None
preload_weight = None
normalize_field = None
normalize_all = None
ITEM_LIST_LENGTH_FIELD = item_length
LIST_SUFFIX = _list
MAX_ITEM_LIST_LENGTH = 50
POSITION_FIELD = position_id
HEAD_ENTITY_ID_FIELD = head_id
TAIL_ENTITY_ID_FIELD = tail_id
RELATION_ID_FIELD = relation_id
ENTITY_ID_FIELD = entity_id
benchmark_filename = None

Other Hyper Parameters: 
worker = 0
wandb_project = recbole
shuffle = True
require_pow = False
enable_amp = False
enable_scaler = False
transform = None
embedding_size = 64
n_iter = 1
aggregator = sum
reg_weight = 1e-07
neighbor_sample_size = 4
ls_weight = 0.5
numerical_features = []
discretization = None
kg_reverse_r = False
entity_kg_num_interval = [0,inf)
relation_kg_num_interval = [0,inf)
MODEL_TYPE = ModelType.KNOWLEDGE
encoding = utf-8
device = cuda
my_log_file = /mnt/batch/tasks/shared/LS_root/mounts/clusters/fontanagpu/code/sustainability-of-recsys/log/carbon_default.log
MODEL_INPUT_TYPE = InputType.PAIRWISE
eval_type = EvaluatorType.RANKING
single_spec = True
local_rank = 0
valid_neg_sample_args = {'distribution': 'uniform', 'sample_num': 'none'}
test_neg_sample_args = {'distribution': 'uniform', 'sample_num': 'none'}


Fri 05 Apr 2024 18:35:56 INFO  LFM-1b_artist_20U50I_50strat
The number of users: 18495
Average actions of users: 9.852492700335244
The number of items: 12523
Average actions of items: 14.551349624660597
The number of inters: 182212
The sparsity of the dataset: 99.92132907458927%
Remain Fields: ['entity_id', 'user_id', 'item_id', 'head_id', 'relation_id', 'tail_id']
The number of entities: 42032
The number of relations: 7
The number of triples: 38491
The number of items that have been linked to KG: 12522
Fri 05 Apr 2024 18:35:57 INFO  [Training]: train_batch_size = [2048] train_neg_sample_args: [{'distribution': 'uniform', 'sample_num': 1, 'dynamic': False, 'candidate_num': 0, 'alpha': 1.0}]
Fri 05 Apr 2024 18:35:57 INFO  [Evaluation]: eval_batch_size = [4096] eval_args: [{'split': {'RS': [0.8, 0.1, 0.1]}, 'order': 'RO', 'group_by': 'user', 'mode': {'valid': 'full', 'test': 'full'}}]
Fri 05 Apr 2024 18:36:00 INFO  Loading model structure and parameters from saved/LFM-1b_artist_20U50I_50strat/KGNNLS/KGNNLS-Apr-05-2024_17-47-44.pth
