Fri 10 May 2024 04:22:45 INFO  ['src/default_tracker2.py', '--dataset=amazon_books_60core_kg', '--model=KGNNLS', '--max_emission_step=-1']
Fri 10 May 2024 04:22:45 INFO  
General Hyper Parameters:
gpu_id = 0
use_gpu = True
seed = 2020
state = INFO
reproducibility = True
data_path = data/amazon_books_60core_kg
checkpoint_dir = saved/amazon_books_60core_kg/KGNNLS
show_progress = True
save_dataset = False
dataset_save_path = None
save_dataloaders = False
dataloaders_save_path = None
log_wandb = False

Training Hyper Parameters:
epochs = 200
train_batch_size = 2048
learner = adam
learning_rate = 0.001
train_neg_sample_args = {'distribution': 'uniform', 'sample_num': 1, 'dynamic': False, 'candidate_num': 0, 'alpha': 1.0}
eval_step = 1
stopping_step = 10
clip_grad_norm = None
weight_decay = 0.0
loss_decimal_place = 4

Evaluation Hyper Parameters:
eval_args = {'split': {'RS': [0.8, 0.1, 0.1]}, 'order': 'RO', 'group_by': 'user', 'mode': {'valid': 'full', 'test': 'full'}}
repeatable = False
metrics = ['Recall', 'MRR', 'NDCG', 'Hit', 'MAP', 'Precision', 'GAUC', 'ItemCoverage', 'AveragePopularity', 'GiniIndex', 'ShannonEntropy', 'TailPercentage']
topk = [10]
valid_metric = MRR@10
valid_metric_bigger = True
eval_batch_size = 4096
metric_decimal_place = 4

Dataset Hyper Parameters:
field_separator = 	
seq_separator =  
USER_ID_FIELD = user_id
ITEM_ID_FIELD = item_id
RATING_FIELD = rating
TIME_FIELD = timestamp
seq_len = None
LABEL_FIELD = label
threshold = None
NEG_PREFIX = neg_
load_col = {'inter': ['user_id', 'item_id', 'rating', 'timestamp'], 'kg': ['head_id', 'relation_id', 'tail_id'], 'link': ['item_id', 'entity_id']}
unload_col = None
unused_col = None
additional_feat_suffix = None
rm_dup_inter = None
val_interval = None
filter_inter_by_user_or_item = True
user_inter_num_interval = [0,inf)
item_inter_num_interval = [0,inf)
alias_of_user_id = None
alias_of_item_id = None
alias_of_entity_id = None
alias_of_relation_id = None
preload_weight = None
normalize_field = None
normalize_all = None
ITEM_LIST_LENGTH_FIELD = item_length
LIST_SUFFIX = _list
MAX_ITEM_LIST_LENGTH = 50
POSITION_FIELD = position_id
HEAD_ENTITY_ID_FIELD = head_id
TAIL_ENTITY_ID_FIELD = tail_id
RELATION_ID_FIELD = relation_id
ENTITY_ID_FIELD = entity_id
benchmark_filename = None

Other Hyper Parameters: 
worker = 0
wandb_project = recbole
shuffle = True
require_pow = False
enable_amp = False
enable_scaler = False
transform = None
embedding_size = 64
n_iter = 1
aggregator = sum
reg_weight = 1e-07
neighbor_sample_size = 4
ls_weight = 0.5
numerical_features = []
discretization = None
kg_reverse_r = False
entity_kg_num_interval = [0,inf)
relation_kg_num_interval = [0,inf)
MODEL_TYPE = ModelType.KNOWLEDGE
encoding = utf-8
device = cuda:1
my_log_file = /home/fontana/Tesi/log/carbon_default.log
max_emission_step = -1
MODEL_INPUT_TYPE = InputType.PAIRWISE
eval_type = EvaluatorType.RANKING
single_spec = True
local_rank = 0
valid_neg_sample_args = {'distribution': 'uniform', 'sample_num': 'none'}
test_neg_sample_args = {'distribution': 'uniform', 'sample_num': 'none'}


Fri 10 May 2024 04:22:53 INFO  amazon_books_60core_kg
The number of users: 20201
Average actions of users: 17.4280198019802
The number of items: 10879
Average actions of items: 32.36311822026108
The number of inters: 352046
The sparsity of the dataset: 99.83980920055674%
Remain Fields: ['entity_id', 'user_id', 'item_id', 'rating', 'head_id', 'tail_id', 'relation_id']
The number of entities: 26316
The number of relations: 18
The number of triples: 96476
The number of items that have been linked to KG: 10878
Fri 10 May 2024 04:22:55 INFO  [Training]: train_batch_size = [2048] train_neg_sample_args: [{'distribution': 'uniform', 'sample_num': 1, 'dynamic': False, 'candidate_num': 0, 'alpha': 1.0}]
Fri 10 May 2024 04:22:55 INFO  [Evaluation]: eval_batch_size = [4096] eval_args: [{'split': {'RS': [0.8, 0.1, 0.1]}, 'order': 'RO', 'group_by': 'user', 'mode': {'valid': 'full', 'test': 'full'}}]
Fri 10 May 2024 04:23:01 INFO  KGNNLS(
  (user_embedding): Embedding(20201, 64)
  (entity_embedding): Embedding(26316, 64)
  (relation_embedding): Embedding(19, 64)
  (softmax): Softmax(dim=-1)
  (linear_layers): ModuleList(
    (0): Linear(in_features=64, out_features=64, bias=True)
  )
  (ReLU): ReLU()
  (Tanh): Tanh()
  (bce_loss): BCEWithLogitsLoss()
  (l2_loss): EmbLoss()
)
Trainable parameters: 2982464
Fri 10 May 2024 04:23:02 INFO  FLOPs: 4747.0
Fri 10 May 2024 04:23:14 INFO  epoch 0 training [time: 6.81s, train loss: 143.8256]
Fri 10 May 2024 04:25:14 INFO  epoch 0 evaluating [time: 120.04s, valid_score: 0.014800]
Fri 10 May 2024 04:25:14 INFO  valid result: 
recall@10 : 0.0249    mrr@10 : 0.0148    ndcg@10 : 0.0144    hit@10 : 0.0386    map@10 : 0.0094    precision@10 : 0.0042    gauc : 0.7262    itemcoverage@10 : 0.144    averagepopularity@10 : 245.7851    giniindex@10 : 0.9916    shannonentropy@10 : 0.0029    tailpercentage@10 : 0.0376
Fri 10 May 2024 04:25:14 INFO  Saving current: saved/amazon_books_60core_kg/KGNNLS/KGNNLS-May-10-2024_04-23-02.pth
Fri 10 May 2024 04:25:21 INFO  epoch 1 training [time: 6.50s, train loss: 125.6330]
Fri 10 May 2024 04:27:19 INFO  epoch 1 evaluating [time: 118.87s, valid_score: 0.017500]
Fri 10 May 2024 04:27:19 INFO  valid result: 
recall@10 : 0.0275    mrr@10 : 0.0175    ndcg@10 : 0.0161    hit@10 : 0.0468    map@10 : 0.0101    precision@10 : 0.005    gauc : 0.7971    itemcoverage@10 : 0.055    averagepopularity@10 : 234.0365    giniindex@10 : 0.9914    shannonentropy@10 : 0.0081    tailpercentage@10 : 0.0205
Fri 10 May 2024 04:27:20 INFO  Saving current: saved/amazon_books_60core_kg/KGNNLS/KGNNLS-May-10-2024_04-23-02.pth
Fri 10 May 2024 04:27:26 INFO  epoch 2 training [time: 6.69s, train loss: 117.1253]
Fri 10 May 2024 04:29:25 INFO  epoch 2 evaluating [time: 119.03s, valid_score: 0.018200]
Fri 10 May 2024 04:29:25 INFO  valid result: 
recall@10 : 0.0296    mrr@10 : 0.0182    ndcg@10 : 0.0169    hit@10 : 0.0502    map@10 : 0.0104    precision@10 : 0.0053    gauc : 0.8151    itemcoverage@10 : 0.0677    averagepopularity@10 : 248.7275    giniindex@10 : 0.9918    shannonentropy@10 : 0.0065    tailpercentage@10 : 0.0099
Fri 10 May 2024 04:29:26 INFO  Saving current: saved/amazon_books_60core_kg/KGNNLS/KGNNLS-May-10-2024_04-23-02.pth
Fri 10 May 2024 04:29:32 INFO  epoch 3 training [time: 6.71s, train loss: 113.7579]
Fri 10 May 2024 04:31:32 INFO  epoch 3 evaluating [time: 119.14s, valid_score: 0.019300]
Fri 10 May 2024 04:31:32 INFO  valid result: 
recall@10 : 0.0303    mrr@10 : 0.0193    ndcg@10 : 0.0179    hit@10 : 0.052    map@10 : 0.0114    precision@10 : 0.0056    gauc : 0.8275    itemcoverage@10 : 0.0829    averagepopularity@10 : 258.3673    giniindex@10 : 0.9918    shannonentropy@10 : 0.0052    tailpercentage@10 : 0.0035
Fri 10 May 2024 04:31:32 INFO  Saving current: saved/amazon_books_60core_kg/KGNNLS/KGNNLS-May-10-2024_04-23-02.pth
Fri 10 May 2024 04:31:38 INFO  epoch 4 training [time: 6.24s, train loss: 110.8832]
Fri 10 May 2024 04:33:37 INFO  epoch 4 evaluating [time: 119.02s, valid_score: 0.020000]
Fri 10 May 2024 04:33:37 INFO  valid result: 
recall@10 : 0.0323    mrr@10 : 0.02    ndcg@10 : 0.0187    hit@10 : 0.0547    map@10 : 0.0117    precision@10 : 0.0059    gauc : 0.8367    itemcoverage@10 : 0.0972    averagepopularity@10 : 260.2245    giniindex@10 : 0.9912    shannonentropy@10 : 0.0045    tailpercentage@10 : 0.0019
Fri 10 May 2024 04:33:37 INFO  Saving current: saved/amazon_books_60core_kg/KGNNLS/KGNNLS-May-10-2024_04-23-02.pth
Fri 10 May 2024 04:33:45 INFO  epoch 5 training [time: 7.17s, train loss: 108.4113]
Fri 10 May 2024 04:35:44 INFO  epoch 5 evaluating [time: 119.27s, valid_score: 0.021100]
Fri 10 May 2024 04:35:44 INFO  valid result: 
recall@10 : 0.0344    mrr@10 : 0.0211    ndcg@10 : 0.0198    hit@10 : 0.0576    map@10 : 0.0122    precision@10 : 0.0062    gauc : 0.8456    itemcoverage@10 : 0.1143    averagepopularity@10 : 259.6865    giniindex@10 : 0.99    shannonentropy@10 : 0.0039    tailpercentage@10 : 0.0011
Fri 10 May 2024 04:35:44 INFO  Saving current: saved/amazon_books_60core_kg/KGNNLS/KGNNLS-May-10-2024_04-23-02.pth
Fri 10 May 2024 04:35:51 INFO  epoch 6 training [time: 6.53s, train loss: 106.0676]
Fri 10 May 2024 04:37:49 INFO  epoch 6 evaluating [time: 118.67s, valid_score: 0.021800]
Fri 10 May 2024 04:37:49 INFO  valid result: 
recall@10 : 0.0355    mrr@10 : 0.0218    ndcg@10 : 0.0205    hit@10 : 0.0607    map@10 : 0.0127    precision@10 : 0.0065    gauc : 0.8543    itemcoverage@10 : 0.1285    averagepopularity@10 : 254.6342    giniindex@10 : 0.9886    shannonentropy@10 : 0.0035    tailpercentage@10 : 0.0006
Fri 10 May 2024 04:37:50 INFO  Saving current: saved/amazon_books_60core_kg/KGNNLS/KGNNLS-May-10-2024_04-23-02.pth
Fri 10 May 2024 04:37:56 INFO  epoch 7 training [time: 6.61s, train loss: 103.9118]
Fri 10 May 2024 04:39:56 INFO  epoch 7 evaluating [time: 119.55s, valid_score: 0.023100]
Fri 10 May 2024 04:39:56 INFO  valid result: 
recall@10 : 0.0371    mrr@10 : 0.0231    ndcg@10 : 0.0216    hit@10 : 0.0635    map@10 : 0.0134    precision@10 : 0.0069    gauc : 0.8616    itemcoverage@10 : 0.1398    averagepopularity@10 : 248.1079    giniindex@10 : 0.9869    shannonentropy@10 : 0.0033    tailpercentage@10 : 0.0003
Fri 10 May 2024 04:39:56 INFO  Saving current: saved/amazon_books_60core_kg/KGNNLS/KGNNLS-May-10-2024_04-23-02.pth
Fri 10 May 2024 04:40:02 INFO  epoch 8 training [time: 6.57s, train loss: 101.7838]
Fri 10 May 2024 04:42:02 INFO  epoch 8 evaluating [time: 119.55s, valid_score: 0.023700]
Fri 10 May 2024 04:42:02 INFO  valid result: 
recall@10 : 0.038    mrr@10 : 0.0237    ndcg@10 : 0.0222    hit@10 : 0.0653    map@10 : 0.0138    precision@10 : 0.0071    gauc : 0.8675    itemcoverage@10 : 0.1554    averagepopularity@10 : 235.585    giniindex@10 : 0.9849    shannonentropy@10 : 0.0031    tailpercentage@10 : 0.0002
Fri 10 May 2024 04:42:02 INFO  Saving current: saved/amazon_books_60core_kg/KGNNLS/KGNNLS-May-10-2024_04-23-02.pth
Fri 10 May 2024 04:42:09 INFO  epoch 9 training [time: 6.62s, train loss: 100.1616]
Fri 10 May 2024 04:44:08 INFO  epoch 9 evaluating [time: 119.04s, valid_score: 0.024700]
Fri 10 May 2024 04:44:08 INFO  valid result: 
recall@10 : 0.0398    mrr@10 : 0.0247    ndcg@10 : 0.0231    hit@10 : 0.0686    map@10 : 0.0143    precision@10 : 0.0074    gauc : 0.8713    itemcoverage@10 : 0.1575    averagepopularity@10 : 232.8939    giniindex@10 : 0.9837    shannonentropy@10 : 0.0031    tailpercentage@10 : 0.0001
Fri 10 May 2024 04:44:08 INFO  Saving current: saved/amazon_books_60core_kg/KGNNLS/KGNNLS-May-10-2024_04-23-02.pth
Fri 10 May 2024 04:44:15 INFO  epoch 10 training [time: 6.57s, train loss: 98.7760]
Fri 10 May 2024 04:46:14 INFO  epoch 10 evaluating [time: 119.64s, valid_score: 0.024800]
Fri 10 May 2024 04:46:14 INFO  valid result: 
recall@10 : 0.0397    mrr@10 : 0.0248    ndcg@10 : 0.0232    hit@10 : 0.0683    map@10 : 0.0146    precision@10 : 0.0074    gauc : 0.8744    itemcoverage@10 : 0.1609    averagepopularity@10 : 229.7431    giniindex@10 : 0.9828    shannonentropy@10 : 0.003    tailpercentage@10 : 0.0002
Fri 10 May 2024 04:46:15 INFO  Saving current: saved/amazon_books_60core_kg/KGNNLS/KGNNLS-May-10-2024_04-23-02.pth
Fri 10 May 2024 04:46:21 INFO  epoch 11 training [time: 6.63s, train loss: 97.4481]
Fri 10 May 2024 04:48:20 INFO  epoch 11 evaluating [time: 119.13s, valid_score: 0.024900]
Fri 10 May 2024 04:48:20 INFO  valid result: 
recall@10 : 0.0418    mrr@10 : 0.0249    ndcg@10 : 0.0239    hit@10 : 0.0707    map@10 : 0.0149    precision@10 : 0.0077    gauc : 0.8771    itemcoverage@10 : 0.1621    averagepopularity@10 : 228.9236    giniindex@10 : 0.982    shannonentropy@10 : 0.003    tailpercentage@10 : 0.0002
Fri 10 May 2024 04:48:21 INFO  Saving current: saved/amazon_books_60core_kg/KGNNLS/KGNNLS-May-10-2024_04-23-02.pth
Fri 10 May 2024 04:48:27 INFO  epoch 12 training [time: 6.31s, train loss: 96.3004]
Fri 10 May 2024 04:50:26 INFO  epoch 12 evaluating [time: 119.23s, valid_score: 0.025100]
Fri 10 May 2024 04:50:26 INFO  valid result: 
recall@10 : 0.0429    mrr@10 : 0.0251    ndcg@10 : 0.024    hit@10 : 0.0737    map@10 : 0.0144    precision@10 : 0.008    gauc : 0.8793    itemcoverage@10 : 0.1696    averagepopularity@10 : 224.5083    giniindex@10 : 0.981    shannonentropy@10 : 0.0029    tailpercentage@10 : 0.0002
Fri 10 May 2024 04:50:26 INFO  Saving current: saved/amazon_books_60core_kg/KGNNLS/KGNNLS-May-10-2024_04-23-02.pth
Fri 10 May 2024 04:50:33 INFO  epoch 13 training [time: 6.58s, train loss: 95.4401]
Fri 10 May 2024 04:52:32 INFO  epoch 13 evaluating [time: 119.36s, valid_score: 0.025200]
Fri 10 May 2024 04:52:32 INFO  valid result: 
recall@10 : 0.0428    mrr@10 : 0.0252    ndcg@10 : 0.024    hit@10 : 0.0733    map@10 : 0.0145    precision@10 : 0.0079    gauc : 0.8813    itemcoverage@10 : 0.173    averagepopularity@10 : 225.4804    giniindex@10 : 0.9807    shannonentropy@10 : 0.0029    tailpercentage@10 : 0.0002
Fri 10 May 2024 04:52:33 INFO  Saving current: saved/amazon_books_60core_kg/KGNNLS/KGNNLS-May-10-2024_04-23-02.pth
Fri 10 May 2024 04:52:40 INFO  epoch 14 training [time: 7.59s, train loss: 94.4650]
Fri 10 May 2024 04:54:39 INFO  epoch 14 evaluating [time: 118.87s, valid_score: 0.025600]
Fri 10 May 2024 04:54:39 INFO  valid result: 
recall@10 : 0.0433    mrr@10 : 0.0256    ndcg@10 : 0.0243    hit@10 : 0.0745    map@10 : 0.0145    precision@10 : 0.0081    gauc : 0.883    itemcoverage@10 : 0.1758    averagepopularity@10 : 221.7388    giniindex@10 : 0.9798    shannonentropy@10 : 0.0029    tailpercentage@10 : 0.0002
Fri 10 May 2024 04:54:39 INFO  Saving current: saved/amazon_books_60core_kg/KGNNLS/KGNNLS-May-10-2024_04-23-02.pth
Fri 10 May 2024 04:54:46 INFO  epoch 15 training [time: 6.63s, train loss: 93.4540]
Fri 10 May 2024 04:56:46 INFO  epoch 15 evaluating [time: 119.73s, valid_score: 0.026000]
Fri 10 May 2024 04:56:46 INFO  valid result: 
recall@10 : 0.0437    mrr@10 : 0.026    ndcg@10 : 0.0247    hit@10 : 0.075    map@10 : 0.0149    precision@10 : 0.0082    gauc : 0.8847    itemcoverage@10 : 0.1812    averagepopularity@10 : 217.1827    giniindex@10 : 0.9785    shannonentropy@10 : 0.0028    tailpercentage@10 : 0.0004
Fri 10 May 2024 04:56:46 INFO  Saving current: saved/amazon_books_60core_kg/KGNNLS/KGNNLS-May-10-2024_04-23-02.pth
Fri 10 May 2024 04:56:53 INFO  epoch 16 training [time: 6.67s, train loss: 92.5790]
Fri 10 May 2024 04:58:52 INFO  epoch 16 evaluating [time: 119.46s, valid_score: 0.026600]
Fri 10 May 2024 04:58:52 INFO  valid result: 
recall@10 : 0.0454    mrr@10 : 0.0266    ndcg@10 : 0.0252    hit@10 : 0.0774    map@10 : 0.0149    precision@10 : 0.0084    gauc : 0.8863    itemcoverage@10 : 0.1896    averagepopularity@10 : 216.2579    giniindex@10 : 0.9777    shannonentropy@10 : 0.0027    tailpercentage@10 : 0.0005
Fri 10 May 2024 04:58:52 INFO  Saving current: saved/amazon_books_60core_kg/KGNNLS/KGNNLS-May-10-2024_04-23-02.pth
Fri 10 May 2024 04:58:59 INFO  epoch 17 training [time: 6.55s, train loss: 91.9375]
Fri 10 May 2024 05:00:58 INFO  epoch 17 evaluating [time: 119.03s, valid_score: 0.026700]
Fri 10 May 2024 05:00:58 INFO  valid result: 
recall@10 : 0.0448    mrr@10 : 0.0267    ndcg@10 : 0.0253    hit@10 : 0.0761    map@10 : 0.0153    precision@10 : 0.0083    gauc : 0.8878    itemcoverage@10 : 0.1949    averagepopularity@10 : 214.1649    giniindex@10 : 0.9769    shannonentropy@10 : 0.0027    tailpercentage@10 : 0.0005
Fri 10 May 2024 05:00:58 INFO  Saving current: saved/amazon_books_60core_kg/KGNNLS/KGNNLS-May-10-2024_04-23-02.pth
Fri 10 May 2024 05:01:05 INFO  epoch 18 training [time: 6.63s, train loss: 91.0652]
Fri 10 May 2024 05:03:04 INFO  epoch 18 evaluating [time: 119.00s, valid_score: 0.026700]
Fri 10 May 2024 05:03:04 INFO  valid result: 
recall@10 : 0.0455    mrr@10 : 0.0267    ndcg@10 : 0.0253    hit@10 : 0.0779    map@10 : 0.015    precision@10 : 0.0084    gauc : 0.8896    itemcoverage@10 : 0.2055    averagepopularity@10 : 210.781    giniindex@10 : 0.9751    shannonentropy@10 : 0.0025    tailpercentage@10 : 0.0005
Fri 10 May 2024 05:03:04 INFO  Saving current: saved/amazon_books_60core_kg/KGNNLS/KGNNLS-May-10-2024_04-23-02.pth
Fri 10 May 2024 05:03:11 INFO  epoch 19 training [time: 6.68s, train loss: 90.3871]
Fri 10 May 2024 05:05:10 INFO  epoch 19 evaluating [time: 119.32s, valid_score: 0.027300]
Fri 10 May 2024 05:05:10 INFO  valid result: 
recall@10 : 0.0463    mrr@10 : 0.0273    ndcg@10 : 0.0259    hit@10 : 0.0794    map@10 : 0.0155    precision@10 : 0.0087    gauc : 0.891    itemcoverage@10 : 0.2144    averagepopularity@10 : 208.7968    giniindex@10 : 0.9744    shannonentropy@10 : 0.0025    tailpercentage@10 : 0.0006
Fri 10 May 2024 05:05:10 INFO  Saving current: saved/amazon_books_60core_kg/KGNNLS/KGNNLS-May-10-2024_04-23-02.pth
Fri 10 May 2024 05:05:17 INFO  epoch 20 training [time: 6.60s, train loss: 89.6344]
Fri 10 May 2024 05:07:16 INFO  epoch 20 evaluating [time: 119.33s, valid_score: 0.028800]
Fri 10 May 2024 05:07:16 INFO  valid result: 
recall@10 : 0.0466    mrr@10 : 0.0288    ndcg@10 : 0.0267    hit@10 : 0.0801    map@10 : 0.0162    precision@10 : 0.0088    gauc : 0.8924    itemcoverage@10 : 0.2229    averagepopularity@10 : 207.3499    giniindex@10 : 0.9734    shannonentropy@10 : 0.0024    tailpercentage@10 : 0.0005
Fri 10 May 2024 05:07:17 INFO  Saving current: saved/amazon_books_60core_kg/KGNNLS/KGNNLS-May-10-2024_04-23-02.pth
Fri 10 May 2024 05:07:23 INFO  epoch 21 training [time: 6.47s, train loss: 88.8096]
Fri 10 May 2024 05:09:22 INFO  epoch 21 evaluating [time: 118.99s, valid_score: 0.028200]
Fri 10 May 2024 05:09:22 INFO  valid result: 
recall@10 : 0.0473    mrr@10 : 0.0282    ndcg@10 : 0.0265    hit@10 : 0.0809    map@10 : 0.0158    precision@10 : 0.0088    gauc : 0.8933    itemcoverage@10 : 0.2319    averagepopularity@10 : 202.2375    giniindex@10 : 0.971    shannonentropy@10 : 0.0023    tailpercentage@10 : 0.0005
Fri 10 May 2024 05:09:28 INFO  epoch 22 training [time: 6.43s, train loss: 88.1644]
Fri 10 May 2024 05:11:28 INFO  epoch 22 evaluating [time: 119.37s, valid_score: 0.029200]
Fri 10 May 2024 05:11:28 INFO  valid result: 
recall@10 : 0.0485    mrr@10 : 0.0292    ndcg@10 : 0.0274    hit@10 : 0.0832    map@10 : 0.0165    precision@10 : 0.0091    gauc : 0.8947    itemcoverage@10 : 0.2459    averagepopularity@10 : 199.7455    giniindex@10 : 0.9692    shannonentropy@10 : 0.0022    tailpercentage@10 : 0.0005
Fri 10 May 2024 05:11:28 INFO  Saving current: saved/amazon_books_60core_kg/KGNNLS/KGNNLS-May-10-2024_04-23-02.pth
Fri 10 May 2024 05:11:35 INFO  epoch 23 training [time: 6.67s, train loss: 87.7294]
Fri 10 May 2024 05:13:34 INFO  epoch 23 evaluating [time: 119.39s, valid_score: 0.029500]
Fri 10 May 2024 05:13:34 INFO  valid result: 
recall@10 : 0.0498    mrr@10 : 0.0295    ndcg@10 : 0.0281    hit@10 : 0.085    map@10 : 0.0169    precision@10 : 0.0093    gauc : 0.8954    itemcoverage@10 : 0.2523    averagepopularity@10 : 199.5794    giniindex@10 : 0.9683    shannonentropy@10 : 0.0022    tailpercentage@10 : 0.0005
Fri 10 May 2024 05:13:34 INFO  Saving current: saved/amazon_books_60core_kg/KGNNLS/KGNNLS-May-10-2024_04-23-02.pth
Fri 10 May 2024 05:13:41 INFO  epoch 24 training [time: 6.51s, train loss: 87.1406]
Fri 10 May 2024 05:15:41 INFO  epoch 24 evaluating [time: 120.42s, valid_score: 0.029900]
Fri 10 May 2024 05:15:41 INFO  valid result: 
recall@10 : 0.0487    mrr@10 : 0.0299    ndcg@10 : 0.0281    hit@10 : 0.0837    map@10 : 0.0172    precision@10 : 0.0092    gauc : 0.8963    itemcoverage@10 : 0.2609    averagepopularity@10 : 196.7249    giniindex@10 : 0.9667    shannonentropy@10 : 0.0021    tailpercentage@10 : 0.0005
Fri 10 May 2024 05:15:42 INFO  Saving current: saved/amazon_books_60core_kg/KGNNLS/KGNNLS-May-10-2024_04-23-02.pth
Fri 10 May 2024 05:15:48 INFO  epoch 25 training [time: 6.34s, train loss: 86.4508]
Fri 10 May 2024 05:17:48 INFO  epoch 25 evaluating [time: 120.02s, valid_score: 0.030100]
Fri 10 May 2024 05:17:48 INFO  valid result: 
recall@10 : 0.0488    mrr@10 : 0.0301    ndcg@10 : 0.028    hit@10 : 0.0843    map@10 : 0.017    precision@10 : 0.0092    gauc : 0.8971    itemcoverage@10 : 0.2672    averagepopularity@10 : 195.7299    giniindex@10 : 0.9652    shannonentropy@10 : 0.0021    tailpercentage@10 : 0.0005
Fri 10 May 2024 05:17:48 INFO  Saving current: saved/amazon_books_60core_kg/KGNNLS/KGNNLS-May-10-2024_04-23-02.pth
Fri 10 May 2024 05:17:55 INFO  epoch 26 training [time: 6.70s, train loss: 85.7905]
Fri 10 May 2024 05:19:55 INFO  epoch 26 evaluating [time: 119.92s, valid_score: 0.031000]
Fri 10 May 2024 05:19:55 INFO  valid result: 
recall@10 : 0.0514    mrr@10 : 0.031    ndcg@10 : 0.0292    hit@10 : 0.0878    map@10 : 0.0177    precision@10 : 0.0096    gauc : 0.8979    itemcoverage@10 : 0.2788    averagepopularity@10 : 192.1395    giniindex@10 : 0.9633    shannonentropy@10 : 0.002    tailpercentage@10 : 0.0005
Fri 10 May 2024 05:19:55 INFO  Saving current: saved/amazon_books_60core_kg/KGNNLS/KGNNLS-May-10-2024_04-23-02.pth
Fri 10 May 2024 05:20:02 INFO  epoch 27 training [time: 6.63s, train loss: 85.3461]
Fri 10 May 2024 05:22:02 INFO  epoch 27 evaluating [time: 120.39s, valid_score: 0.031700]
Fri 10 May 2024 05:22:02 INFO  valid result: 
recall@10 : 0.051    mrr@10 : 0.0317    ndcg@10 : 0.0297    hit@10 : 0.0876    map@10 : 0.0184    precision@10 : 0.0097    gauc : 0.8985    itemcoverage@10 : 0.2888    averagepopularity@10 : 192.5371    giniindex@10 : 0.9616    shannonentropy@10 : 0.0019    tailpercentage@10 : 0.0006
Fri 10 May 2024 05:22:02 INFO  Saving current: saved/amazon_books_60core_kg/KGNNLS/KGNNLS-May-10-2024_04-23-02.pth
Fri 10 May 2024 05:22:09 INFO  epoch 28 training [time: 6.61s, train loss: 84.7169]
Fri 10 May 2024 05:24:10 INFO  epoch 28 evaluating [time: 120.62s, valid_score: 0.031000]
Fri 10 May 2024 05:24:10 INFO  valid result: 
recall@10 : 0.0504    mrr@10 : 0.031    ndcg@10 : 0.0292    hit@10 : 0.0859    map@10 : 0.0181    precision@10 : 0.0095    gauc : 0.8993    itemcoverage@10 : 0.2964    averagepopularity@10 : 188.3784    giniindex@10 : 0.96    shannonentropy@10 : 0.0019    tailpercentage@10 : 0.0006
Fri 10 May 2024 05:24:16 INFO  epoch 29 training [time: 6.67s, train loss: 84.1924]
Fri 10 May 2024 05:26:16 INFO  epoch 29 evaluating [time: 120.23s, valid_score: 0.031400]
Fri 10 May 2024 05:26:16 INFO  valid result: 
recall@10 : 0.0506    mrr@10 : 0.0314    ndcg@10 : 0.0294    hit@10 : 0.0878    map@10 : 0.0181    precision@10 : 0.0097    gauc : 0.8999    itemcoverage@10 : 0.3027    averagepopularity@10 : 187.6321    giniindex@10 : 0.9579    shannonentropy@10 : 0.0019    tailpercentage@10 : 0.0006
Fri 10 May 2024 05:26:23 INFO  epoch 30 training [time: 6.70s, train loss: 83.9525]
Fri 10 May 2024 05:28:23 INFO  epoch 30 evaluating [time: 119.82s, valid_score: 0.031400]
Fri 10 May 2024 05:28:23 INFO  valid result: 
recall@10 : 0.0516    mrr@10 : 0.0314    ndcg@10 : 0.0296    hit@10 : 0.0882    map@10 : 0.0182    precision@10 : 0.0098    gauc : 0.9003    itemcoverage@10 : 0.3157    averagepopularity@10 : 185.4613    giniindex@10 : 0.9555    shannonentropy@10 : 0.0018    tailpercentage@10 : 0.0007
Fri 10 May 2024 05:28:30 INFO  epoch 31 training [time: 6.74s, train loss: 83.5562]
Fri 10 May 2024 05:30:30 INFO  epoch 31 evaluating [time: 120.10s, valid_score: 0.032500]
Fri 10 May 2024 05:30:30 INFO  valid result: 
recall@10 : 0.0512    mrr@10 : 0.0325    ndcg@10 : 0.0301    hit@10 : 0.0888    map@10 : 0.0187    precision@10 : 0.0098    gauc : 0.9008    itemcoverage@10 : 0.3239    averagepopularity@10 : 184.2301    giniindex@10 : 0.9546    shannonentropy@10 : 0.0018    tailpercentage@10 : 0.0008
Fri 10 May 2024 05:30:30 INFO  Saving current: saved/amazon_books_60core_kg/KGNNLS/KGNNLS-May-10-2024_04-23-02.pth
Fri 10 May 2024 05:30:39 INFO  epoch 32 training [time: 8.50s, train loss: 82.9470]
Fri 10 May 2024 05:32:39 INFO  epoch 32 evaluating [time: 120.83s, valid_score: 0.032200]
Fri 10 May 2024 05:32:39 INFO  valid result: 
recall@10 : 0.0526    mrr@10 : 0.0322    ndcg@10 : 0.0302    hit@10 : 0.0904    map@10 : 0.0184    precision@10 : 0.01    gauc : 0.9013    itemcoverage@10 : 0.3308    averagepopularity@10 : 182.7519    giniindex@10 : 0.9536    shannonentropy@10 : 0.0017    tailpercentage@10 : 0.0008
Fri 10 May 2024 05:32:46 INFO  epoch 33 training [time: 6.41s, train loss: 82.5024]
Fri 10 May 2024 05:34:46 INFO  epoch 33 evaluating [time: 120.58s, valid_score: 0.032600]
Fri 10 May 2024 05:34:46 INFO  valid result: 
recall@10 : 0.0528    mrr@10 : 0.0326    ndcg@10 : 0.0304    hit@10 : 0.0902    map@10 : 0.0186    precision@10 : 0.0099    gauc : 0.9017    itemcoverage@10 : 0.3415    averagepopularity@10 : 179.5852    giniindex@10 : 0.9512    shannonentropy@10 : 0.0017    tailpercentage@10 : 0.001
Fri 10 May 2024 05:34:47 INFO  Saving current: saved/amazon_books_60core_kg/KGNNLS/KGNNLS-May-10-2024_04-23-02.pth
Fri 10 May 2024 05:34:53 INFO  epoch 34 training [time: 6.52s, train loss: 82.0590]
Fri 10 May 2024 05:36:54 INFO  epoch 34 evaluating [time: 121.14s, valid_score: 0.033900]
Fri 10 May 2024 05:36:54 INFO  valid result: 
recall@10 : 0.0529    mrr@10 : 0.0339    ndcg@10 : 0.0313    hit@10 : 0.0916    map@10 : 0.0196    precision@10 : 0.0101    gauc : 0.9021    itemcoverage@10 : 0.3455    averagepopularity@10 : 181.3819    giniindex@10 : 0.9505    shannonentropy@10 : 0.0017    tailpercentage@10 : 0.001
Fri 10 May 2024 05:36:54 INFO  Saving current: saved/amazon_books_60core_kg/KGNNLS/KGNNLS-May-10-2024_04-23-02.pth
Fri 10 May 2024 05:37:01 INFO  epoch 35 training [time: 6.57s, train loss: 81.6374]
Fri 10 May 2024 05:39:02 INFO  epoch 35 evaluating [time: 120.79s, valid_score: 0.033700]
Fri 10 May 2024 05:39:02 INFO  valid result: 
recall@10 : 0.0549    mrr@10 : 0.0337    ndcg@10 : 0.0318    hit@10 : 0.0934    map@10 : 0.0197    precision@10 : 0.0104    gauc : 0.9026    itemcoverage@10 : 0.359    averagepopularity@10 : 178.0599    giniindex@10 : 0.9482    shannonentropy@10 : 0.0016    tailpercentage@10 : 0.0009
Fri 10 May 2024 05:39:09 INFO  epoch 36 training [time: 6.68s, train loss: 81.2229]
Fri 10 May 2024 05:41:08 INFO  epoch 36 evaluating [time: 119.90s, valid_score: 0.034200]
Fri 10 May 2024 05:41:08 INFO  valid result: 
recall@10 : 0.0555    mrr@10 : 0.0342    ndcg@10 : 0.0323    hit@10 : 0.0938    map@10 : 0.0201    precision@10 : 0.0104    gauc : 0.9029    itemcoverage@10 : 0.3667    averagepopularity@10 : 176.8046    giniindex@10 : 0.9459    shannonentropy@10 : 0.0016    tailpercentage@10 : 0.001
Fri 10 May 2024 05:41:09 INFO  Saving current: saved/amazon_books_60core_kg/KGNNLS/KGNNLS-May-10-2024_04-23-02.pth
Fri 10 May 2024 05:41:15 INFO  epoch 37 training [time: 6.13s, train loss: 80.9686]
Fri 10 May 2024 05:43:15 INFO  epoch 37 evaluating [time: 120.27s, valid_score: 0.033900]
Fri 10 May 2024 05:43:15 INFO  valid result: 
recall@10 : 0.055    mrr@10 : 0.0339    ndcg@10 : 0.032    hit@10 : 0.093    map@10 : 0.0199    precision@10 : 0.0103    gauc : 0.9031    itemcoverage@10 : 0.3739    averagepopularity@10 : 174.9122    giniindex@10 : 0.9442    shannonentropy@10 : 0.0016    tailpercentage@10 : 0.001
Fri 10 May 2024 05:43:21 INFO  epoch 38 training [time: 6.38s, train loss: 80.4640]
Fri 10 May 2024 05:45:21 INFO  epoch 38 evaluating [time: 119.90s, valid_score: 0.033200]
Fri 10 May 2024 05:45:21 INFO  valid result: 
recall@10 : 0.0541    mrr@10 : 0.0332    ndcg@10 : 0.0312    hit@10 : 0.093    map@10 : 0.0192    precision@10 : 0.0102    gauc : 0.9033    itemcoverage@10 : 0.3838    averagepopularity@10 : 172.5116    giniindex@10 : 0.9422    shannonentropy@10 : 0.0016    tailpercentage@10 : 0.0009
Fri 10 May 2024 05:45:28 INFO  epoch 39 training [time: 6.87s, train loss: 80.1384]
Fri 10 May 2024 05:47:28 INFO  epoch 39 evaluating [time: 120.21s, valid_score: 0.032800]
Fri 10 May 2024 05:47:28 INFO  valid result: 
recall@10 : 0.0547    mrr@10 : 0.0328    ndcg@10 : 0.0312    hit@10 : 0.093    map@10 : 0.0191    precision@10 : 0.0103    gauc : 0.9035    itemcoverage@10 : 0.3966    averagepopularity@10 : 172.6246    giniindex@10 : 0.9405    shannonentropy@10 : 0.0015    tailpercentage@10 : 0.0009
Fri 10 May 2024 05:47:35 INFO  epoch 40 training [time: 6.54s, train loss: 79.7987]
Fri 10 May 2024 05:49:35 INFO  epoch 40 evaluating [time: 120.40s, valid_score: 0.034100]
Fri 10 May 2024 05:49:35 INFO  valid result: 
recall@10 : 0.0565    mrr@10 : 0.0341    ndcg@10 : 0.0324    hit@10 : 0.096    map@10 : 0.0199    precision@10 : 0.0106    gauc : 0.9038    itemcoverage@10 : 0.4056    averagepopularity@10 : 172.8937    giniindex@10 : 0.939    shannonentropy@10 : 0.0015    tailpercentage@10 : 0.0009
Fri 10 May 2024 05:49:42 INFO  epoch 41 training [time: 6.49s, train loss: 79.5216]
Fri 10 May 2024 05:51:42 INFO  epoch 41 evaluating [time: 120.15s, valid_score: 0.035200]
Fri 10 May 2024 05:51:42 INFO  valid result: 
recall@10 : 0.0575    mrr@10 : 0.0352    ndcg@10 : 0.0333    hit@10 : 0.097    map@10 : 0.0207    precision@10 : 0.0108    gauc : 0.9041    itemcoverage@10 : 0.412    averagepopularity@10 : 171.3386    giniindex@10 : 0.9369    shannonentropy@10 : 0.0015    tailpercentage@10 : 0.0009
Fri 10 May 2024 05:51:42 INFO  Saving current: saved/amazon_books_60core_kg/KGNNLS/KGNNLS-May-10-2024_04-23-02.pth
Fri 10 May 2024 05:51:48 INFO  epoch 42 training [time: 6.18s, train loss: 79.1272]
Fri 10 May 2024 05:53:48 INFO  epoch 42 evaluating [time: 120.01s, valid_score: 0.035800]
Fri 10 May 2024 05:53:48 INFO  valid result: 
recall@10 : 0.0572    mrr@10 : 0.0358    ndcg@10 : 0.0333    hit@10 : 0.0965    map@10 : 0.0207    precision@10 : 0.0106    gauc : 0.9044    itemcoverage@10 : 0.4198    averagepopularity@10 : 171.625    giniindex@10 : 0.9355    shannonentropy@10 : 0.0014    tailpercentage@10 : 0.001
Fri 10 May 2024 05:53:49 INFO  Saving current: saved/amazon_books_60core_kg/KGNNLS/KGNNLS-May-10-2024_04-23-02.pth
Fri 10 May 2024 05:53:55 INFO  epoch 43 training [time: 6.64s, train loss: 78.8141]
Fri 10 May 2024 05:55:56 INFO  epoch 43 evaluating [time: 120.65s, valid_score: 0.035600]
Fri 10 May 2024 05:55:56 INFO  valid result: 
recall@10 : 0.0572    mrr@10 : 0.0356    ndcg@10 : 0.0333    hit@10 : 0.0968    map@10 : 0.0208    precision@10 : 0.0107    gauc : 0.9047    itemcoverage@10 : 0.4212    averagepopularity@10 : 170.4524    giniindex@10 : 0.9343    shannonentropy@10 : 0.0014    tailpercentage@10 : 0.0011
Fri 10 May 2024 05:56:02 INFO  epoch 44 training [time: 6.06s, train loss: 78.3430]
Fri 10 May 2024 05:58:03 INFO  epoch 44 evaluating [time: 121.00s, valid_score: 0.034900]
Fri 10 May 2024 05:58:03 INFO  valid result: 
recall@10 : 0.0565    mrr@10 : 0.0349    ndcg@10 : 0.0327    hit@10 : 0.0954    map@10 : 0.0203    precision@10 : 0.0106    gauc : 0.9049    itemcoverage@10 : 0.4347    averagepopularity@10 : 167.5375    giniindex@10 : 0.9315    shannonentropy@10 : 0.0014    tailpercentage@10 : 0.0012
Fri 10 May 2024 05:58:09 INFO  epoch 45 training [time: 6.29s, train loss: 78.2952]
Fri 10 May 2024 06:00:10 INFO  epoch 45 evaluating [time: 120.95s, valid_score: 0.035100]
Fri 10 May 2024 06:00:10 INFO  valid result: 
recall@10 : 0.057    mrr@10 : 0.0351    ndcg@10 : 0.0331    hit@10 : 0.0968    map@10 : 0.0206    precision@10 : 0.0107    gauc : 0.9051    itemcoverage@10 : 0.4438    averagepopularity@10 : 168.8284    giniindex@10 : 0.9298    shannonentropy@10 : 0.0014    tailpercentage@10 : 0.001
Fri 10 May 2024 06:00:17 INFO  epoch 46 training [time: 6.79s, train loss: 77.8577]
Fri 10 May 2024 06:02:17 INFO  epoch 46 evaluating [time: 120.37s, valid_score: 0.036100]
Fri 10 May 2024 06:02:17 INFO  valid result: 
recall@10 : 0.0576    mrr@10 : 0.0361    ndcg@10 : 0.0338    hit@10 : 0.0976    map@10 : 0.0212    precision@10 : 0.0107    gauc : 0.9052    itemcoverage@10 : 0.449    averagepopularity@10 : 165.5533    giniindex@10 : 0.9275    shannonentropy@10 : 0.0014    tailpercentage@10 : 0.0011
Fri 10 May 2024 06:02:18 INFO  Saving current: saved/amazon_books_60core_kg/KGNNLS/KGNNLS-May-10-2024_04-23-02.pth
Fri 10 May 2024 06:02:24 INFO  epoch 47 training [time: 6.57s, train loss: 77.5081]
Fri 10 May 2024 06:04:25 INFO  epoch 47 evaluating [time: 120.42s, valid_score: 0.036200]
Fri 10 May 2024 06:04:25 INFO  valid result: 
recall@10 : 0.0594    mrr@10 : 0.0362    ndcg@10 : 0.0343    hit@10 : 0.0997    map@10 : 0.0215    precision@10 : 0.0109    gauc : 0.9052    itemcoverage@10 : 0.4558    averagepopularity@10 : 163.9375    giniindex@10 : 0.9259    shannonentropy@10 : 0.0014    tailpercentage@10 : 0.0012
Fri 10 May 2024 06:04:25 INFO  Saving current: saved/amazon_books_60core_kg/KGNNLS/KGNNLS-May-10-2024_04-23-02.pth
Fri 10 May 2024 06:04:31 INFO  epoch 48 training [time: 6.28s, train loss: 77.2069]
Fri 10 May 2024 06:06:32 INFO  epoch 48 evaluating [time: 120.50s, valid_score: 0.036500]
Fri 10 May 2024 06:06:32 INFO  valid result: 
recall@10 : 0.0595    mrr@10 : 0.0365    ndcg@10 : 0.0343    hit@10 : 0.1001    map@10 : 0.0213    precision@10 : 0.011    gauc : 0.9052    itemcoverage@10 : 0.4593    averagepopularity@10 : 164.1014    giniindex@10 : 0.9249    shannonentropy@10 : 0.0013    tailpercentage@10 : 0.0012
Fri 10 May 2024 06:06:32 INFO  Saving current: saved/amazon_books_60core_kg/KGNNLS/KGNNLS-May-10-2024_04-23-02.pth
Fri 10 May 2024 06:06:38 INFO  epoch 49 training [time: 6.28s, train loss: 76.9659]
Fri 10 May 2024 06:08:38 INFO  epoch 49 evaluating [time: 119.87s, valid_score: 0.036300]
Fri 10 May 2024 06:08:38 INFO  valid result: 
recall@10 : 0.0586    mrr@10 : 0.0363    ndcg@10 : 0.0341    hit@10 : 0.099    map@10 : 0.0212    precision@10 : 0.0109    gauc : 0.9053    itemcoverage@10 : 0.466    averagepopularity@10 : 161.6044    giniindex@10 : 0.9228    shannonentropy@10 : 0.0013    tailpercentage@10 : 0.0012
Fri 10 May 2024 06:08:44 INFO  epoch 50 training [time: 6.26s, train loss: 76.6949]
Fri 10 May 2024 06:10:44 INFO  epoch 50 evaluating [time: 119.90s, valid_score: 0.036900]
Fri 10 May 2024 06:10:44 INFO  valid result: 
recall@10 : 0.0594    mrr@10 : 0.0369    ndcg@10 : 0.0345    hit@10 : 0.0996    map@10 : 0.0216    precision@10 : 0.011    gauc : 0.9054    itemcoverage@10 : 0.4739    averagepopularity@10 : 161.7698    giniindex@10 : 0.9213    shannonentropy@10 : 0.0013    tailpercentage@10 : 0.0012
Fri 10 May 2024 06:10:44 INFO  Saving current: saved/amazon_books_60core_kg/KGNNLS/KGNNLS-May-10-2024_04-23-02.pth
Fri 10 May 2024 06:10:51 INFO  epoch 51 training [time: 6.71s, train loss: 76.5143]
Fri 10 May 2024 06:12:51 INFO  epoch 51 evaluating [time: 120.15s, valid_score: 0.037300]
Fri 10 May 2024 06:12:51 INFO  valid result: 
recall@10 : 0.0609    mrr@10 : 0.0373    ndcg@10 : 0.0352    hit@10 : 0.1013    map@10 : 0.022    precision@10 : 0.0112    gauc : 0.9056    itemcoverage@10 : 0.4771    averagepopularity@10 : 163.2261    giniindex@10 : 0.9201    shannonentropy@10 : 0.0013    tailpercentage@10 : 0.0011
Fri 10 May 2024 06:12:52 INFO  Saving current: saved/amazon_books_60core_kg/KGNNLS/KGNNLS-May-10-2024_04-23-02.pth
Fri 10 May 2024 06:12:58 INFO  epoch 52 training [time: 6.54s, train loss: 76.1168]
Fri 10 May 2024 06:14:58 INFO  epoch 52 evaluating [time: 120.19s, valid_score: 0.037000]
Fri 10 May 2024 06:14:58 INFO  valid result: 
recall@10 : 0.0608    mrr@10 : 0.037    ndcg@10 : 0.0351    hit@10 : 0.1007    map@10 : 0.0219    precision@10 : 0.0111    gauc : 0.9056    itemcoverage@10 : 0.4909    averagepopularity@10 : 158.7901    giniindex@10 : 0.9165    shannonentropy@10 : 0.0013    tailpercentage@10 : 0.0011
Fri 10 May 2024 06:15:05 INFO  epoch 53 training [time: 6.91s, train loss: 75.8676]
Fri 10 May 2024 06:17:05 INFO  epoch 53 evaluating [time: 119.74s, valid_score: 0.036600]
Fri 10 May 2024 06:17:05 INFO  valid result: 
recall@10 : 0.0603    mrr@10 : 0.0366    ndcg@10 : 0.0347    hit@10 : 0.1006    map@10 : 0.0215    precision@10 : 0.0111    gauc : 0.9058    itemcoverage@10 : 0.496    averagepopularity@10 : 159.629    giniindex@10 : 0.9154    shannonentropy@10 : 0.0013    tailpercentage@10 : 0.0012
Fri 10 May 2024 06:17:12 INFO  epoch 54 training [time: 6.69s, train loss: 75.5874]
Fri 10 May 2024 06:19:11 INFO  epoch 54 evaluating [time: 119.69s, valid_score: 0.036900]
Fri 10 May 2024 06:19:11 INFO  valid result: 
recall@10 : 0.0595    mrr@10 : 0.0369    ndcg@10 : 0.0348    hit@10 : 0.0994    map@10 : 0.022    precision@10 : 0.011    gauc : 0.9058    itemcoverage@10 : 0.503    averagepopularity@10 : 158.9586    giniindex@10 : 0.9134    shannonentropy@10 : 0.0013    tailpercentage@10 : 0.0013
Fri 10 May 2024 06:19:18 INFO  epoch 55 training [time: 6.78s, train loss: 75.2725]
Fri 10 May 2024 06:21:18 INFO  epoch 55 evaluating [time: 120.01s, valid_score: 0.037100]
Fri 10 May 2024 06:21:18 INFO  valid result: 
recall@10 : 0.0593    mrr@10 : 0.0371    ndcg@10 : 0.0349    hit@10 : 0.0991    map@10 : 0.0222    precision@10 : 0.011    gauc : 0.9057    itemcoverage@10 : 0.5096    averagepopularity@10 : 158.1961    giniindex@10 : 0.9121    shannonentropy@10 : 0.0012    tailpercentage@10 : 0.0013
Fri 10 May 2024 06:21:25 INFO  epoch 56 training [time: 6.44s, train loss: 75.0749]
Fri 10 May 2024 06:23:25 INFO  epoch 56 evaluating [time: 120.18s, valid_score: 0.037200]
Fri 10 May 2024 06:23:25 INFO  valid result: 
recall@10 : 0.0612    mrr@10 : 0.0372    ndcg@10 : 0.0353    hit@10 : 0.1013    map@10 : 0.0221    precision@10 : 0.0112    gauc : 0.9058    itemcoverage@10 : 0.5133    averagepopularity@10 : 156.3629    giniindex@10 : 0.9091    shannonentropy@10 : 0.0012    tailpercentage@10 : 0.0013
Fri 10 May 2024 06:23:31 INFO  epoch 57 training [time: 6.68s, train loss: 75.0425]
Fri 10 May 2024 06:25:31 INFO  epoch 57 evaluating [time: 119.65s, valid_score: 0.037400]
Fri 10 May 2024 06:25:31 INFO  valid result: 
recall@10 : 0.061    mrr@10 : 0.0374    ndcg@10 : 0.0354    hit@10 : 0.1012    map@10 : 0.0222    precision@10 : 0.0112    gauc : 0.906    itemcoverage@10 : 0.517    averagepopularity@10 : 157.369    giniindex@10 : 0.9081    shannonentropy@10 : 0.0012    tailpercentage@10 : 0.0012
Fri 10 May 2024 06:25:31 INFO  Saving current: saved/amazon_books_60core_kg/KGNNLS/KGNNLS-May-10-2024_04-23-02.pth
Fri 10 May 2024 06:25:38 INFO  epoch 58 training [time: 6.82s, train loss: 74.6144]
Fri 10 May 2024 06:27:37 INFO  epoch 58 evaluating [time: 119.18s, valid_score: 0.038100]
Fri 10 May 2024 06:27:37 INFO  valid result: 
recall@10 : 0.0618    mrr@10 : 0.0381    ndcg@10 : 0.0362    hit@10 : 0.1029    map@10 : 0.0229    precision@10 : 0.0115    gauc : 0.906    itemcoverage@10 : 0.5234    averagepopularity@10 : 155.9217    giniindex@10 : 0.906    shannonentropy@10 : 0.0012    tailpercentage@10 : 0.0011
Fri 10 May 2024 06:27:38 INFO  Saving current: saved/amazon_books_60core_kg/KGNNLS/KGNNLS-May-10-2024_04-23-02.pth
Fri 10 May 2024 06:27:44 INFO  epoch 59 training [time: 6.50s, train loss: 74.3126]
Fri 10 May 2024 06:29:44 INFO  epoch 59 evaluating [time: 119.70s, valid_score: 0.038100]
Fri 10 May 2024 06:29:44 INFO  valid result: 
recall@10 : 0.0612    mrr@10 : 0.0381    ndcg@10 : 0.036    hit@10 : 0.102    map@10 : 0.0229    precision@10 : 0.0113    gauc : 0.9061    itemcoverage@10 : 0.5285    averagepopularity@10 : 155.0768    giniindex@10 : 0.9045    shannonentropy@10 : 0.0012    tailpercentage@10 : 0.0012
Fri 10 May 2024 06:29:44 INFO  Saving current: saved/amazon_books_60core_kg/KGNNLS/KGNNLS-May-10-2024_04-23-02.pth
Fri 10 May 2024 06:29:51 INFO  epoch 60 training [time: 6.60s, train loss: 74.0661]
Fri 10 May 2024 06:31:51 INFO  epoch 60 evaluating [time: 120.26s, valid_score: 0.038400]
Fri 10 May 2024 06:31:51 INFO  valid result: 
recall@10 : 0.0614    mrr@10 : 0.0384    ndcg@10 : 0.0361    hit@10 : 0.1016    map@10 : 0.0229    precision@10 : 0.0112    gauc : 0.9062    itemcoverage@10 : 0.53    averagepopularity@10 : 155.7751    giniindex@10 : 0.9039    shannonentropy@10 : 0.0012    tailpercentage@10 : 0.0012
Fri 10 May 2024 06:31:51 INFO  Saving current: saved/amazon_books_60core_kg/KGNNLS/KGNNLS-May-10-2024_04-23-02.pth
Fri 10 May 2024 06:31:58 INFO  epoch 61 training [time: 6.69s, train loss: 73.7563]
Fri 10 May 2024 06:33:58 INFO  epoch 61 evaluating [time: 120.44s, valid_score: 0.038100]
Fri 10 May 2024 06:33:58 INFO  valid result: 
recall@10 : 0.0609    mrr@10 : 0.0381    ndcg@10 : 0.0357    hit@10 : 0.1012    map@10 : 0.0226    precision@10 : 0.0112    gauc : 0.9062    itemcoverage@10 : 0.5372    averagepopularity@10 : 152.9525    giniindex@10 : 0.9008    shannonentropy@10 : 0.0012    tailpercentage@10 : 0.0011
Fri 10 May 2024 06:34:05 INFO  epoch 62 training [time: 6.68s, train loss: 73.6814]
Fri 10 May 2024 06:36:05 INFO  epoch 62 evaluating [time: 120.33s, valid_score: 0.038700]
Fri 10 May 2024 06:36:05 INFO  valid result: 
recall@10 : 0.0628    mrr@10 : 0.0387    ndcg@10 : 0.0366    hit@10 : 0.1042    map@10 : 0.0231    precision@10 : 0.0115    gauc : 0.9062    itemcoverage@10 : 0.5364    averagepopularity@10 : 155.5493    giniindex@10 : 0.9015    shannonentropy@10 : 0.0012    tailpercentage@10 : 0.0012
Fri 10 May 2024 06:36:06 INFO  Saving current: saved/amazon_books_60core_kg/KGNNLS/KGNNLS-May-10-2024_04-23-02.pth
Fri 10 May 2024 06:36:12 INFO  epoch 63 training [time: 6.79s, train loss: 73.3375]
Fri 10 May 2024 06:38:12 INFO  epoch 63 evaluating [time: 119.47s, valid_score: 0.039100]
Fri 10 May 2024 06:38:12 INFO  valid result: 
recall@10 : 0.0631    mrr@10 : 0.0391    ndcg@10 : 0.0369    hit@10 : 0.1042    map@10 : 0.0234    precision@10 : 0.0115    gauc : 0.9062    itemcoverage@10 : 0.5422    averagepopularity@10 : 155.2576    giniindex@10 : 0.8988    shannonentropy@10 : 0.0012    tailpercentage@10 : 0.0012
Fri 10 May 2024 06:38:12 INFO  Saving current: saved/amazon_books_60core_kg/KGNNLS/KGNNLS-May-10-2024_04-23-02.pth
Fri 10 May 2024 06:38:19 INFO  epoch 64 training [time: 6.87s, train loss: 73.1658]
Fri 10 May 2024 06:40:20 INFO  epoch 64 evaluating [time: 121.59s, valid_score: 0.039100]
Fri 10 May 2024 06:40:20 INFO  valid result: 
recall@10 : 0.0625    mrr@10 : 0.0391    ndcg@10 : 0.0369    hit@10 : 0.1031    map@10 : 0.0236    precision@10 : 0.0114    gauc : 0.9063    itemcoverage@10 : 0.5472    averagepopularity@10 : 153.9228    giniindex@10 : 0.8981    shannonentropy@10 : 0.0012    tailpercentage@10 : 0.0012
Fri 10 May 2024 06:40:21 INFO  Saving current: saved/amazon_books_60core_kg/KGNNLS/KGNNLS-May-10-2024_04-23-02.pth
Fri 10 May 2024 06:40:28 INFO  epoch 65 training [time: 6.75s, train loss: 72.8874]
Fri 10 May 2024 06:42:27 INFO  epoch 65 evaluating [time: 119.22s, valid_score: 0.037600]
Fri 10 May 2024 06:42:27 INFO  valid result: 
recall@10 : 0.0624    mrr@10 : 0.0376    ndcg@10 : 0.0358    hit@10 : 0.1034    map@10 : 0.0223    precision@10 : 0.0114    gauc : 0.9062    itemcoverage@10 : 0.5527    averagepopularity@10 : 150.4359    giniindex@10 : 0.8955    shannonentropy@10 : 0.0012    tailpercentage@10 : 0.0014
Fri 10 May 2024 06:42:34 INFO  epoch 66 training [time: 6.88s, train loss: 72.7080]
Fri 10 May 2024 06:44:33 INFO  epoch 66 evaluating [time: 119.40s, valid_score: 0.039000]
Fri 10 May 2024 06:44:33 INFO  valid result: 
recall@10 : 0.0624    mrr@10 : 0.039    ndcg@10 : 0.0366    hit@10 : 0.1032    map@10 : 0.0232    precision@10 : 0.0113    gauc : 0.9063    itemcoverage@10 : 0.5528    averagepopularity@10 : 151.7096    giniindex@10 : 0.8953    shannonentropy@10 : 0.0012    tailpercentage@10 : 0.0014
Fri 10 May 2024 06:44:39 INFO  epoch 67 training [time: 6.24s, train loss: 72.5521]
Fri 10 May 2024 06:46:39 INFO  epoch 67 evaluating [time: 120.16s, valid_score: 0.039400]
Fri 10 May 2024 06:46:39 INFO  valid result: 
recall@10 : 0.063    mrr@10 : 0.0394    ndcg@10 : 0.0371    hit@10 : 0.1032    map@10 : 0.0238    precision@10 : 0.0114    gauc : 0.9063    itemcoverage@10 : 0.5625    averagepopularity@10 : 149.0789    giniindex@10 : 0.8917    shannonentropy@10 : 0.0012    tailpercentage@10 : 0.0013
Fri 10 May 2024 06:46:40 INFO  Saving current: saved/amazon_books_60core_kg/KGNNLS/KGNNLS-May-10-2024_04-23-02.pth
Fri 10 May 2024 06:46:46 INFO  epoch 68 training [time: 6.71s, train loss: 72.2578]
Fri 10 May 2024 06:48:46 INFO  epoch 68 evaluating [time: 119.68s, valid_score: 0.040100]
Fri 10 May 2024 06:48:46 INFO  valid result: 
recall@10 : 0.0647    mrr@10 : 0.0401    ndcg@10 : 0.0378    hit@10 : 0.1056    map@10 : 0.0241    precision@10 : 0.0115    gauc : 0.9062    itemcoverage@10 : 0.562    averagepopularity@10 : 150.1862    giniindex@10 : 0.8917    shannonentropy@10 : 0.0012    tailpercentage@10 : 0.0015
Fri 10 May 2024 06:48:46 INFO  Saving current: saved/amazon_books_60core_kg/KGNNLS/KGNNLS-May-10-2024_04-23-02.pth
Fri 10 May 2024 06:48:53 INFO  epoch 69 training [time: 6.76s, train loss: 72.1247]
Fri 10 May 2024 06:50:53 INFO  epoch 69 evaluating [time: 119.97s, valid_score: 0.039600]
Fri 10 May 2024 06:50:53 INFO  valid result: 
recall@10 : 0.0638    mrr@10 : 0.0396    ndcg@10 : 0.0373    hit@10 : 0.1053    map@10 : 0.0237    precision@10 : 0.0115    gauc : 0.9062    itemcoverage@10 : 0.5639    averagepopularity@10 : 150.9556    giniindex@10 : 0.8916    shannonentropy@10 : 0.0012    tailpercentage@10 : 0.0016
Fri 10 May 2024 06:51:00 INFO  epoch 70 training [time: 6.76s, train loss: 71.9440]
Fri 10 May 2024 06:52:59 INFO  epoch 70 evaluating [time: 119.31s, valid_score: 0.039700]
Fri 10 May 2024 06:52:59 INFO  valid result: 
recall@10 : 0.0641    mrr@10 : 0.0397    ndcg@10 : 0.0375    hit@10 : 0.1055    map@10 : 0.0238    precision@10 : 0.0116    gauc : 0.9062    itemcoverage@10 : 0.5715    averagepopularity@10 : 148.7072    giniindex@10 : 0.8891    shannonentropy@10 : 0.0011    tailpercentage@10 : 0.0015
Fri 10 May 2024 06:53:06 INFO  epoch 71 training [time: 6.77s, train loss: 71.6578]
Fri 10 May 2024 06:55:06 INFO  epoch 71 evaluating [time: 119.83s, valid_score: 0.039800]
Fri 10 May 2024 06:55:06 INFO  valid result: 
recall@10 : 0.0641    mrr@10 : 0.0398    ndcg@10 : 0.0376    hit@10 : 0.1056    map@10 : 0.024    precision@10 : 0.0116    gauc : 0.9061    itemcoverage@10 : 0.5743    averagepopularity@10 : 149.2268    giniindex@10 : 0.8878    shannonentropy@10 : 0.0011    tailpercentage@10 : 0.0015
Fri 10 May 2024 06:55:13 INFO  epoch 72 training [time: 6.78s, train loss: 71.5750]
Fri 10 May 2024 06:57:13 INFO  epoch 72 evaluating [time: 120.02s, valid_score: 0.040800]
Fri 10 May 2024 06:57:13 INFO  valid result: 
recall@10 : 0.0657    mrr@10 : 0.0408    ndcg@10 : 0.0384    hit@10 : 0.1067    map@10 : 0.0245    precision@10 : 0.0117    gauc : 0.9062    itemcoverage@10 : 0.579    averagepopularity@10 : 147.1192    giniindex@10 : 0.885    shannonentropy@10 : 0.0011    tailpercentage@10 : 0.0015
Fri 10 May 2024 06:57:13 INFO  Saving current: saved/amazon_books_60core_kg/KGNNLS/KGNNLS-May-10-2024_04-23-02.pth
Fri 10 May 2024 06:57:19 INFO  epoch 73 training [time: 6.55s, train loss: 71.4404]
Fri 10 May 2024 06:59:20 INFO  epoch 73 evaluating [time: 120.44s, valid_score: 0.040200]
Fri 10 May 2024 06:59:20 INFO  valid result: 
recall@10 : 0.0652    mrr@10 : 0.0402    ndcg@10 : 0.0382    hit@10 : 0.1066    map@10 : 0.0244    precision@10 : 0.0117    gauc : 0.906    itemcoverage@10 : 0.5853    averagepopularity@10 : 146.3475    giniindex@10 : 0.8828    shannonentropy@10 : 0.0011    tailpercentage@10 : 0.0015
Fri 10 May 2024 06:59:26 INFO  epoch 74 training [time: 6.62s, train loss: 71.2161]
Fri 10 May 2024 07:01:26 INFO  epoch 74 evaluating [time: 119.60s, valid_score: 0.039700]
Fri 10 May 2024 07:01:26 INFO  valid result: 
recall@10 : 0.0655    mrr@10 : 0.0397    ndcg@10 : 0.0379    hit@10 : 0.1066    map@10 : 0.0239    precision@10 : 0.0117    gauc : 0.9059    itemcoverage@10 : 0.5855    averagepopularity@10 : 143.7616    giniindex@10 : 0.8812    shannonentropy@10 : 0.0011    tailpercentage@10 : 0.0015
Fri 10 May 2024 07:01:37 INFO  epoch 75 training [time: 10.86s, train loss: 71.0298]
Fri 10 May 2024 07:03:36 INFO  epoch 75 evaluating [time: 119.43s, valid_score: 0.039900]
Fri 10 May 2024 07:03:36 INFO  valid result: 
recall@10 : 0.0659    mrr@10 : 0.0399    ndcg@10 : 0.038    hit@10 : 0.1077    map@10 : 0.0239    precision@10 : 0.0119    gauc : 0.906    itemcoverage@10 : 0.5886    averagepopularity@10 : 145.3318    giniindex@10 : 0.8799    shannonentropy@10 : 0.0011    tailpercentage@10 : 0.0016
Fri 10 May 2024 07:03:43 INFO  epoch 76 training [time: 6.67s, train loss: 70.9040]
Fri 10 May 2024 07:05:42 INFO  epoch 76 evaluating [time: 119.45s, valid_score: 0.039600]
Fri 10 May 2024 07:05:42 INFO  valid result: 
recall@10 : 0.0657    mrr@10 : 0.0396    ndcg@10 : 0.0379    hit@10 : 0.1078    map@10 : 0.0239    precision@10 : 0.0119    gauc : 0.906    itemcoverage@10 : 0.5933    averagepopularity@10 : 143.9364    giniindex@10 : 0.8778    shannonentropy@10 : 0.0011    tailpercentage@10 : 0.0017
Fri 10 May 2024 07:05:49 INFO  epoch 77 training [time: 6.84s, train loss: 70.7479]
Fri 10 May 2024 07:07:49 INFO  epoch 77 evaluating [time: 120.16s, valid_score: 0.039500]
Fri 10 May 2024 07:07:49 INFO  valid result: 
recall@10 : 0.0662    mrr@10 : 0.0395    ndcg@10 : 0.0381    hit@10 : 0.1079    map@10 : 0.0239    precision@10 : 0.012    gauc : 0.906    itemcoverage@10 : 0.5923    averagepopularity@10 : 143.7149    giniindex@10 : 0.879    shannonentropy@10 : 0.0011    tailpercentage@10 : 0.0016
Fri 10 May 2024 07:07:56 INFO  epoch 78 training [time: 6.65s, train loss: 70.5281]
Fri 10 May 2024 07:09:56 INFO  epoch 78 evaluating [time: 120.36s, valid_score: 0.040200]
Fri 10 May 2024 07:09:56 INFO  valid result: 
recall@10 : 0.067    mrr@10 : 0.0402    ndcg@10 : 0.0384    hit@10 : 0.1086    map@10 : 0.0241    precision@10 : 0.012    gauc : 0.9061    itemcoverage@10 : 0.5963    averagepopularity@10 : 143.3162    giniindex@10 : 0.878    shannonentropy@10 : 0.0011    tailpercentage@10 : 0.0017
Fri 10 May 2024 07:10:03 INFO  epoch 79 training [time: 6.51s, train loss: 70.3368]
Fri 10 May 2024 07:12:04 INFO  epoch 79 evaluating [time: 120.63s, valid_score: 0.040500]
Fri 10 May 2024 07:12:04 INFO  valid result: 
recall@10 : 0.0678    mrr@10 : 0.0405    ndcg@10 : 0.0389    hit@10 : 0.1098    map@10 : 0.0244    precision@10 : 0.0121    gauc : 0.9061    itemcoverage@10 : 0.5981    averagepopularity@10 : 143.5203    giniindex@10 : 0.8764    shannonentropy@10 : 0.0011    tailpercentage@10 : 0.0018
Fri 10 May 2024 07:12:10 INFO  epoch 80 training [time: 6.62s, train loss: 70.2375]
Fri 10 May 2024 07:14:11 INFO  epoch 80 evaluating [time: 120.40s, valid_score: 0.040100]
Fri 10 May 2024 07:14:11 INFO  valid result: 
recall@10 : 0.0678    mrr@10 : 0.0401    ndcg@10 : 0.0387    hit@10 : 0.1094    map@10 : 0.0242    precision@10 : 0.0121    gauc : 0.9061    itemcoverage@10 : 0.6028    averagepopularity@10 : 142.0332    giniindex@10 : 0.8738    shannonentropy@10 : 0.0011    tailpercentage@10 : 0.0017
Fri 10 May 2024 07:14:18 INFO  epoch 81 training [time: 6.93s, train loss: 70.0749]
Fri 10 May 2024 07:16:17 INFO  epoch 81 evaluating [time: 119.96s, valid_score: 0.040700]
Fri 10 May 2024 07:16:17 INFO  valid result: 
recall@10 : 0.0671    mrr@10 : 0.0407    ndcg@10 : 0.0388    hit@10 : 0.1095    map@10 : 0.0245    precision@10 : 0.0121    gauc : 0.9061    itemcoverage@10 : 0.6091    averagepopularity@10 : 140.8505    giniindex@10 : 0.8724    shannonentropy@10 : 0.0011    tailpercentage@10 : 0.0018
Fri 10 May 2024 07:16:24 INFO  epoch 82 training [time: 6.64s, train loss: 69.8207]
Fri 10 May 2024 07:18:24 INFO  epoch 82 evaluating [time: 120.31s, valid_score: 0.040500]
Fri 10 May 2024 07:18:24 INFO  valid result: 
recall@10 : 0.0682    mrr@10 : 0.0405    ndcg@10 : 0.0391    hit@10 : 0.1098    map@10 : 0.0246    precision@10 : 0.0121    gauc : 0.9061    itemcoverage@10 : 0.6063    averagepopularity@10 : 141.8227    giniindex@10 : 0.8725    shannonentropy@10 : 0.0011    tailpercentage@10 : 0.0018
Fri 10 May 2024 07:18:31 INFO  epoch 83 training [time: 6.54s, train loss: 69.7345]
Fri 10 May 2024 07:20:31 INFO  epoch 83 evaluating [time: 120.00s, valid_score: 0.039900]
Fri 10 May 2024 07:20:31 INFO  valid result: 
recall@10 : 0.0672    mrr@10 : 0.0399    ndcg@10 : 0.0384    hit@10 : 0.1096    map@10 : 0.024    precision@10 : 0.012    gauc : 0.906    itemcoverage@10 : 0.613    averagepopularity@10 : 140.434    giniindex@10 : 0.8705    shannonentropy@10 : 0.0011    tailpercentage@10 : 0.0018
Fri 10 May 2024 07:20:31 INFO  Finished training, best eval result in epoch 72
Fri 10 May 2024 07:20:31 INFO  Loading model structure and parameters from saved/amazon_books_60core_kg/KGNNLS/KGNNLS-May-10-2024_04-23-02.pth
Fri 10 May 2024 07:22:42 INFO  The running environment of this training is as follows:
+-------------+----------------+
| Environment |     Usage      |
+=============+================+
| CPU         |    12.80 %     |
+-------------+----------------+
| GPU         | 0.14 G/11.93 G |
+-------------+----------------+
| Memory      | 6.23 G/31.23 G |
+-------------+----------------+
Fri 10 May 2024 07:22:42 INFO  best valid : OrderedDict([('recall@10', 0.0657), ('mrr@10', 0.0408), ('ndcg@10', 0.0384), ('hit@10', 0.1067), ('map@10', 0.0245), ('precision@10', 0.0117), ('gauc', 0.9062), ('itemcoverage@10', 0.579), ('averagepopularity@10', 147.1192), ('giniindex@10', 0.885), ('shannonentropy@10', 0.0011), ('tailpercentage@10', 0.0015)])
Fri 10 May 2024 07:22:42 INFO  test result: OrderedDict([('recall@10', 0.0625), ('mrr@10', 0.0378), ('ndcg@10', 0.0363), ('hit@10', 0.1025), ('map@10', 0.0231), ('precision@10', 0.0113), ('gauc', 0.9014), ('itemcoverage@10', 0.5965), ('averagepopularity@10', 147.1768), ('giniindex@10', 0.8828), ('shannonentropy@10', 0.0011), ('tailpercentage@10', 0.002)])
Fri 10 May 2024 07:22:43 INFO  
General Hyper Parameters:
gpu_id = 0
use_gpu = True
seed = 2020
state = INFO
reproducibility = True
data_path = data/amazon_books_60core_kg
checkpoint_dir = saved/amazon_books_60core_kg/KGNNLS
show_progress = True
save_dataset = False
dataset_save_path = None
save_dataloaders = False
dataloaders_save_path = None
log_wandb = False

Training Hyper Parameters:
epochs = 200
train_batch_size = 2048
learner = adam
learning_rate = 0.001
train_neg_sample_args = {'distribution': 'uniform', 'sample_num': 1, 'dynamic': False, 'candidate_num': 0, 'alpha': 1.0}
eval_step = 1
stopping_step = 10
clip_grad_norm = None
weight_decay = 0.0
loss_decimal_place = 4

Evaluation Hyper Parameters:
eval_args = {'split': {'RS': [0.8, 0.1, 0.1]}, 'order': 'RO', 'group_by': 'user', 'mode': {'valid': 'full', 'test': 'full'}}
repeatable = False
metrics = ['Recall', 'MRR', 'NDCG', 'Hit', 'MAP', 'Precision', 'GAUC', 'ItemCoverage', 'AveragePopularity', 'GiniIndex', 'ShannonEntropy', 'TailPercentage']
topk = [10]
valid_metric = MRR@10
valid_metric_bigger = True
eval_batch_size = 4096
metric_decimal_place = 4

Dataset Hyper Parameters:
field_separator = 	
seq_separator =  
USER_ID_FIELD = user_id
ITEM_ID_FIELD = item_id
RATING_FIELD = rating
TIME_FIELD = timestamp
seq_len = None
LABEL_FIELD = label
threshold = None
NEG_PREFIX = neg_
load_col = {'inter': ['user_id', 'item_id', 'rating', 'timestamp'], 'kg': ['head_id', 'relation_id', 'tail_id'], 'link': ['item_id', 'entity_id']}
unload_col = None
unused_col = None
additional_feat_suffix = None
rm_dup_inter = None
val_interval = None
filter_inter_by_user_or_item = True
user_inter_num_interval = [0,inf)
item_inter_num_interval = [0,inf)
alias_of_user_id = None
alias_of_item_id = None
alias_of_entity_id = None
alias_of_relation_id = None
preload_weight = None
normalize_field = None
normalize_all = None
ITEM_LIST_LENGTH_FIELD = item_length
LIST_SUFFIX = _list
MAX_ITEM_LIST_LENGTH = 50
POSITION_FIELD = position_id
HEAD_ENTITY_ID_FIELD = head_id
TAIL_ENTITY_ID_FIELD = tail_id
RELATION_ID_FIELD = relation_id
ENTITY_ID_FIELD = entity_id
benchmark_filename = None

Other Hyper Parameters: 
worker = 0
wandb_project = recbole
shuffle = True
require_pow = False
enable_amp = False
enable_scaler = False
transform = None
embedding_size = 64
n_iter = 1
aggregator = sum
reg_weight = 1e-07
neighbor_sample_size = 4
ls_weight = 0.5
numerical_features = []
discretization = None
kg_reverse_r = False
entity_kg_num_interval = [0,inf)
relation_kg_num_interval = [0,inf)
MODEL_TYPE = ModelType.KNOWLEDGE
encoding = utf-8
device = cuda:1
my_log_file = /home/fontana/Tesi/log/carbon_default.log
max_emission_step = -1
MODEL_INPUT_TYPE = InputType.PAIRWISE
eval_type = EvaluatorType.RANKING
single_spec = True
local_rank = 0
valid_neg_sample_args = {'distribution': 'uniform', 'sample_num': 'none'}
test_neg_sample_args = {'distribution': 'uniform', 'sample_num': 'none'}


Fri 10 May 2024 07:22:51 INFO  amazon_books_60core_kg
The number of users: 20201
Average actions of users: 17.4280198019802
The number of items: 10879
Average actions of items: 32.36311822026108
The number of inters: 352046
The sparsity of the dataset: 99.83980920055674%
Remain Fields: ['entity_id', 'user_id', 'item_id', 'rating', 'head_id', 'tail_id', 'relation_id']
The number of entities: 26316
The number of relations: 18
The number of triples: 96476
The number of items that have been linked to KG: 10878
Fri 10 May 2024 07:22:54 INFO  [Training]: train_batch_size = [2048] train_neg_sample_args: [{'distribution': 'uniform', 'sample_num': 1, 'dynamic': False, 'candidate_num': 0, 'alpha': 1.0}]
Fri 10 May 2024 07:22:54 INFO  [Evaluation]: eval_batch_size = [4096] eval_args: [{'split': {'RS': [0.8, 0.1, 0.1]}, 'order': 'RO', 'group_by': 'user', 'mode': {'valid': 'full', 'test': 'full'}}]
Fri 10 May 2024 07:22:56 INFO  Loading model structure and parameters from saved/amazon_books_60core_kg/KGNNLS/KGNNLS-May-10-2024_04-23-02.pth
