Wed 08 May 2024 23:29:26 INFO  ['src/default_tracker2.py', '--dataset=LFM-1b_artist_20U50I_25strat', '--model=KGNNLS', '--max_emission_step=-1']
Wed 08 May 2024 23:29:26 INFO  
General Hyper Parameters:
gpu_id = 0
use_gpu = True
seed = 2020
state = INFO
reproducibility = True
data_path = data/LFM-1b_artist_20U50I_25strat
checkpoint_dir = saved/LFM-1b_artist_20U50I_25strat/KGNNLS
show_progress = True
save_dataset = False
dataset_save_path = None
save_dataloaders = False
dataloaders_save_path = None
log_wandb = False

Training Hyper Parameters:
epochs = 200
train_batch_size = 2048
learner = adam
learning_rate = 0.001
train_neg_sample_args = {'distribution': 'uniform', 'sample_num': 1, 'dynamic': False, 'candidate_num': 0, 'alpha': 1.0}
eval_step = 1
stopping_step = 10
clip_grad_norm = None
weight_decay = 0.0
loss_decimal_place = 4

Evaluation Hyper Parameters:
eval_args = {'split': {'RS': [0.8, 0.1, 0.1]}, 'order': 'RO', 'group_by': 'user', 'mode': {'valid': 'full', 'test': 'full'}}
repeatable = False
metrics = ['Recall', 'MRR', 'NDCG', 'Hit', 'MAP', 'Precision', 'GAUC', 'ItemCoverage', 'AveragePopularity', 'GiniIndex', 'ShannonEntropy', 'TailPercentage']
topk = [10]
valid_metric = MRR@10
valid_metric_bigger = True
eval_batch_size = 4096
metric_decimal_place = 4

Dataset Hyper Parameters:
field_separator = 	
seq_separator =  
USER_ID_FIELD = user_id
ITEM_ID_FIELD = item_id
RATING_FIELD = rating
TIME_FIELD = timestamp
seq_len = None
LABEL_FIELD = label
threshold = None
NEG_PREFIX = neg_
load_col = {'inter': ['user_id', 'item_id', 'rating', 'timestamp'], 'kg': ['head_id', 'relation_id', 'tail_id'], 'link': ['item_id', 'entity_id']}
unload_col = None
unused_col = None
additional_feat_suffix = None
rm_dup_inter = None
val_interval = None
filter_inter_by_user_or_item = True
user_inter_num_interval = [0,inf)
item_inter_num_interval = [0,inf)
alias_of_user_id = None
alias_of_item_id = None
alias_of_entity_id = None
alias_of_relation_id = None
preload_weight = None
normalize_field = None
normalize_all = None
ITEM_LIST_LENGTH_FIELD = item_length
LIST_SUFFIX = _list
MAX_ITEM_LIST_LENGTH = 50
POSITION_FIELD = position_id
HEAD_ENTITY_ID_FIELD = head_id
TAIL_ENTITY_ID_FIELD = tail_id
RELATION_ID_FIELD = relation_id
ENTITY_ID_FIELD = entity_id
benchmark_filename = None

Other Hyper Parameters: 
worker = 0
wandb_project = recbole
shuffle = True
require_pow = False
enable_amp = False
enable_scaler = False
transform = None
embedding_size = 64
n_iter = 1
aggregator = sum
reg_weight = 1e-07
neighbor_sample_size = 4
ls_weight = 0.5
numerical_features = []
discretization = None
kg_reverse_r = False
entity_kg_num_interval = [0,inf)
relation_kg_num_interval = [0,inf)
MODEL_TYPE = ModelType.KNOWLEDGE
encoding = utf-8
device = cuda:1
my_log_file = /home/fontana/Tesi/log/carbon_default.log
max_emission_step = -1
MODEL_INPUT_TYPE = InputType.PAIRWISE
eval_type = EvaluatorType.RANKING
single_spec = True
local_rank = 0
valid_neg_sample_args = {'distribution': 'uniform', 'sample_num': 'none'}
test_neg_sample_args = {'distribution': 'uniform', 'sample_num': 'none'}


Wed 08 May 2024 23:29:33 INFO  LFM-1b_artist_20U50I_25strat
The number of users: 17111
Average actions of users: 5.287258912916423
The number of items: 9445
Average actions of items: 9.579097839898347
The number of inters: 90465
The sparsity of the dataset: 99.9440238230253%
Remain Fields: ['entity_id', 'user_id', 'item_id', 'head_id', 'relation_id', 'tail_id']
The number of entities: 32908
The number of relations: 7
The number of triples: 29822
The number of items that have been linked to KG: 9444
Wed 08 May 2024 23:29:34 INFO  [Training]: train_batch_size = [2048] train_neg_sample_args: [{'distribution': 'uniform', 'sample_num': 1, 'dynamic': False, 'candidate_num': 0, 'alpha': 1.0}]
Wed 08 May 2024 23:29:34 INFO  [Evaluation]: eval_batch_size = [4096] eval_args: [{'split': {'RS': [0.8, 0.1, 0.1]}, 'order': 'RO', 'group_by': 'user', 'mode': {'valid': 'full', 'test': 'full'}}]
Wed 08 May 2024 23:29:40 INFO  KGNNLS(
  (user_embedding): Embedding(17111, 64)
  (entity_embedding): Embedding(32908, 64)
  (relation_embedding): Embedding(8, 64)
  (softmax): Softmax(dim=-1)
  (linear_layers): ModuleList(
    (0): Linear(in_features=64, out_features=64, bias=True)
  )
  (ReLU): ReLU()
  (Tanh): Tanh()
  (bce_loss): BCEWithLogitsLoss()
  (l2_loss): EmbLoss()
)
Trainable parameters: 3205888
Wed 08 May 2024 23:29:40 INFO  FLOPs: 4747.0
Wed 08 May 2024 23:29:46 INFO  epoch 0 training [time: 1.45s, train loss: 33.3022]
Wed 08 May 2024 23:30:52 INFO  epoch 0 evaluating [time: 65.13s, valid_score: 0.000800]
Wed 08 May 2024 23:30:52 INFO  valid result: 
recall@10 : 0.0033    mrr@10 : 0.0008    ndcg@10 : 0.0014    hit@10 : 0.0033    map@10 : 0.0008    precision@10 : 0.0003    gauc : 0.522    itemcoverage@10 : 0.7255    averagepopularity@10 : 16.5614    giniindex@10 : 0.7381    shannonentropy@10 : 0.0012    tailpercentage@10 : 0.0792
Wed 08 May 2024 23:30:52 INFO  Saving current: saved/LFM-1b_artist_20U50I_25strat/KGNNLS/KGNNLS-May-08-2024_23-29-40.pth
Wed 08 May 2024 23:30:53 INFO  epoch 1 training [time: 1.46s, train loss: 33.2621]
Wed 08 May 2024 23:31:58 INFO  epoch 1 evaluating [time: 64.77s, valid_score: 0.027400]
Wed 08 May 2024 23:31:58 INFO  valid result: 
recall@10 : 0.0742    mrr@10 : 0.0274    ndcg@10 : 0.0377    hit@10 : 0.0776    map@10 : 0.0263    precision@10 : 0.0078    gauc : 0.7073    itemcoverage@10 : 0.2965    averagepopularity@10 : 353.6925    giniindex@10 : 0.9738    shannonentropy@10 : 0.0018    tailpercentage@10 : 0.0075
Wed 08 May 2024 23:31:58 INFO  Saving current: saved/LFM-1b_artist_20U50I_25strat/KGNNLS/KGNNLS-May-08-2024_23-29-40.pth
Wed 08 May 2024 23:32:00 INFO  epoch 2 training [time: 1.49s, train loss: 32.4714]
Wed 08 May 2024 23:33:05 INFO  epoch 2 evaluating [time: 64.86s, valid_score: 0.035100]
Wed 08 May 2024 23:33:05 INFO  valid result: 
recall@10 : 0.1068    mrr@10 : 0.0351    ndcg@10 : 0.051    hit@10 : 0.1102    map@10 : 0.0339    precision@10 : 0.0111    gauc : 0.8326    itemcoverage@10 : 0.1298    averagepopularity@10 : 522.4842    giniindex@10 : 0.9953    shannonentropy@10 : 0.0028    tailpercentage@10 : 0.0072
Wed 08 May 2024 23:33:05 INFO  Saving current: saved/LFM-1b_artist_20U50I_25strat/KGNNLS/KGNNLS-May-08-2024_23-29-40.pth
Wed 08 May 2024 23:33:06 INFO  epoch 3 training [time: 1.46s, train loss: 28.2296]
Wed 08 May 2024 23:34:11 INFO  epoch 3 evaluating [time: 64.85s, valid_score: 0.037700]
Wed 08 May 2024 23:34:11 INFO  valid result: 
recall@10 : 0.1158    mrr@10 : 0.0377    ndcg@10 : 0.055    hit@10 : 0.1197    map@10 : 0.0363    precision@10 : 0.012    gauc : 0.8488    itemcoverage@10 : 0.0753    averagepopularity@10 : 585.3792    giniindex@10 : 0.9978    shannonentropy@10 : 0.0042    tailpercentage@10 : 0.001
Wed 08 May 2024 23:34:12 INFO  Saving current: saved/LFM-1b_artist_20U50I_25strat/KGNNLS/KGNNLS-May-08-2024_23-29-40.pth
Wed 08 May 2024 23:34:13 INFO  epoch 4 training [time: 1.42s, train loss: 25.0450]
Wed 08 May 2024 23:35:18 INFO  epoch 4 evaluating [time: 64.99s, valid_score: 0.038700]
Wed 08 May 2024 23:35:18 INFO  valid result: 
recall@10 : 0.1204    mrr@10 : 0.0387    ndcg@10 : 0.0569    hit@10 : 0.124    map@10 : 0.0374    precision@10 : 0.0124    gauc : 0.8538    itemcoverage@10 : 0.0634    averagepopularity@10 : 607.5219    giniindex@10 : 0.9982    shannonentropy@10 : 0.0047    tailpercentage@10 : 0.0025
Wed 08 May 2024 23:35:18 INFO  Saving current: saved/LFM-1b_artist_20U50I_25strat/KGNNLS/KGNNLS-May-08-2024_23-29-40.pth
Wed 08 May 2024 23:35:20 INFO  epoch 5 training [time: 1.61s, train loss: 24.1361]
Wed 08 May 2024 23:36:25 INFO  epoch 5 evaluating [time: 64.70s, valid_score: 0.041200]
Wed 08 May 2024 23:36:25 INFO  valid result: 
recall@10 : 0.1204    mrr@10 : 0.0412    ndcg@10 : 0.0588    hit@10 : 0.1242    map@10 : 0.0399    precision@10 : 0.0125    gauc : 0.8553    itemcoverage@10 : 0.0697    averagepopularity@10 : 616.4531    giniindex@10 : 0.9981    shannonentropy@10 : 0.0042    tailpercentage@10 : 0.0021
Wed 08 May 2024 23:36:25 INFO  Saving current: saved/LFM-1b_artist_20U50I_25strat/KGNNLS/KGNNLS-May-08-2024_23-29-40.pth
Wed 08 May 2024 23:36:26 INFO  epoch 6 training [time: 1.45s, train loss: 23.7760]
Wed 08 May 2024 23:37:31 INFO  epoch 6 evaluating [time: 65.06s, valid_score: 0.041200]
Wed 08 May 2024 23:37:31 INFO  valid result: 
recall@10 : 0.123    mrr@10 : 0.0412    ndcg@10 : 0.0595    hit@10 : 0.1267    map@10 : 0.0399    precision@10 : 0.0127    gauc : 0.8575    itemcoverage@10 : 0.0674    averagepopularity@10 : 629.0487    giniindex@10 : 0.9981    shannonentropy@10 : 0.0044    tailpercentage@10 : 0.0015
Wed 08 May 2024 23:37:32 INFO  Saving current: saved/LFM-1b_artist_20U50I_25strat/KGNNLS/KGNNLS-May-08-2024_23-29-40.pth
Wed 08 May 2024 23:37:33 INFO  epoch 7 training [time: 1.45s, train loss: 23.4139]
Wed 08 May 2024 23:38:38 INFO  epoch 7 evaluating [time: 64.90s, valid_score: 0.041700]
Wed 08 May 2024 23:38:38 INFO  valid result: 
recall@10 : 0.128    mrr@10 : 0.0417    ndcg@10 : 0.061    hit@10 : 0.1315    map@10 : 0.0406    precision@10 : 0.0132    gauc : 0.8581    itemcoverage@10 : 0.0641    averagepopularity@10 : 643.4976    giniindex@10 : 0.9982    shannonentropy@10 : 0.0046    tailpercentage@10 : 0.0013
Wed 08 May 2024 23:38:38 INFO  Saving current: saved/LFM-1b_artist_20U50I_25strat/KGNNLS/KGNNLS-May-08-2024_23-29-40.pth
Wed 08 May 2024 23:38:40 INFO  epoch 8 training [time: 1.46s, train loss: 23.2496]
Wed 08 May 2024 23:39:45 INFO  epoch 8 evaluating [time: 64.73s, valid_score: 0.042000]
Wed 08 May 2024 23:39:45 INFO  valid result: 
recall@10 : 0.129    mrr@10 : 0.042    ndcg@10 : 0.0613    hit@10 : 0.1327    map@10 : 0.0407    precision@10 : 0.0133    gauc : 0.8586    itemcoverage@10 : 0.0685    averagepopularity@10 : 644.9793    giniindex@10 : 0.9981    shannonentropy@10 : 0.0043    tailpercentage@10 : 0.0037
Wed 08 May 2024 23:39:45 INFO  Saving current: saved/LFM-1b_artist_20U50I_25strat/KGNNLS/KGNNLS-May-08-2024_23-29-40.pth
Wed 08 May 2024 23:39:46 INFO  epoch 9 training [time: 1.43s, train loss: 23.1215]
Wed 08 May 2024 23:40:51 INFO  epoch 9 evaluating [time: 64.75s, valid_score: 0.041600]
Wed 08 May 2024 23:40:51 INFO  valid result: 
recall@10 : 0.1294    mrr@10 : 0.0416    ndcg@10 : 0.0611    hit@10 : 0.1333    map@10 : 0.0403    precision@10 : 0.0133    gauc : 0.8589    itemcoverage@10 : 0.0726    averagepopularity@10 : 640.7376    giniindex@10 : 0.9979    shannonentropy@10 : 0.0042    tailpercentage@10 : 0.0026
Wed 08 May 2024 23:40:53 INFO  epoch 10 training [time: 1.48s, train loss: 23.0402]
Wed 08 May 2024 23:41:58 INFO  epoch 10 evaluating [time: 64.96s, valid_score: 0.041600]
Wed 08 May 2024 23:41:58 INFO  valid result: 
recall@10 : 0.1276    mrr@10 : 0.0416    ndcg@10 : 0.0607    hit@10 : 0.1314    map@10 : 0.0404    precision@10 : 0.0132    gauc : 0.8591    itemcoverage@10 : 0.0722    averagepopularity@10 : 634.2267    giniindex@10 : 0.9978    shannonentropy@10 : 0.0043    tailpercentage@10 : 0.0021
Wed 08 May 2024 23:41:59 INFO  epoch 11 training [time: 1.56s, train loss: 22.9050]
Wed 08 May 2024 23:43:04 INFO  epoch 11 evaluating [time: 64.70s, valid_score: 0.041600]
Wed 08 May 2024 23:43:04 INFO  valid result: 
recall@10 : 0.125    mrr@10 : 0.0416    ndcg@10 : 0.0601    hit@10 : 0.1286    map@10 : 0.0404    precision@10 : 0.0129    gauc : 0.8594    itemcoverage@10 : 0.0707    averagepopularity@10 : 621.9553    giniindex@10 : 0.9978    shannonentropy@10 : 0.0044    tailpercentage@10 : 0.0021
Wed 08 May 2024 23:43:05 INFO  epoch 12 training [time: 1.48s, train loss: 22.8799]
Wed 08 May 2024 23:44:10 INFO  epoch 12 evaluating [time: 64.87s, valid_score: 0.040000]
Wed 08 May 2024 23:44:10 INFO  valid result: 
recall@10 : 0.1206    mrr@10 : 0.04    ndcg@10 : 0.0579    hit@10 : 0.1243    map@10 : 0.0388    precision@10 : 0.0125    gauc : 0.8581    itemcoverage@10 : 0.0749    averagepopularity@10 : 604.3547    giniindex@10 : 0.9975    shannonentropy@10 : 0.0044    tailpercentage@10 : 0.0023
Wed 08 May 2024 23:44:12 INFO  epoch 13 training [time: 1.44s, train loss: 22.7788]
Wed 08 May 2024 23:45:17 INFO  epoch 13 evaluating [time: 64.92s, valid_score: 0.039800]
Wed 08 May 2024 23:45:17 INFO  valid result: 
recall@10 : 0.1195    mrr@10 : 0.0398    ndcg@10 : 0.0575    hit@10 : 0.1231    map@10 : 0.0386    precision@10 : 0.0123    gauc : 0.8591    itemcoverage@10 : 0.0752    averagepopularity@10 : 596.5246    giniindex@10 : 0.9972    shannonentropy@10 : 0.0045    tailpercentage@10 : 0.0024
Wed 08 May 2024 23:45:18 INFO  epoch 14 training [time: 1.44s, train loss: 22.5989]
Wed 08 May 2024 23:46:23 INFO  epoch 14 evaluating [time: 65.32s, valid_score: 0.039300]
Wed 08 May 2024 23:46:23 INFO  valid result: 
recall@10 : 0.1194    mrr@10 : 0.0393    ndcg@10 : 0.0571    hit@10 : 0.1228    map@10 : 0.0381    precision@10 : 0.0123    gauc : 0.8598    itemcoverage@10 : 0.0769    averagepopularity@10 : 586.8487    giniindex@10 : 0.9969    shannonentropy@10 : 0.0045    tailpercentage@10 : 0.0022
Wed 08 May 2024 23:46:25 INFO  epoch 15 training [time: 1.40s, train loss: 22.4701]
Wed 08 May 2024 23:47:30 INFO  epoch 15 evaluating [time: 65.00s, valid_score: 0.038000]
Wed 08 May 2024 23:47:30 INFO  valid result: 
recall@10 : 0.1191    mrr@10 : 0.038    ndcg@10 : 0.0561    hit@10 : 0.1225    map@10 : 0.0368    precision@10 : 0.0123    gauc : 0.8596    itemcoverage@10 : 0.0805    averagepopularity@10 : 578.3985    giniindex@10 : 0.9967    shannonentropy@10 : 0.0044    tailpercentage@10 : 0.0023
Wed 08 May 2024 23:47:31 INFO  epoch 16 training [time: 1.44s, train loss: 22.3107]
Wed 08 May 2024 23:48:36 INFO  epoch 16 evaluating [time: 64.90s, valid_score: 0.038000]
Wed 08 May 2024 23:48:36 INFO  valid result: 
recall@10 : 0.1163    mrr@10 : 0.038    ndcg@10 : 0.0555    hit@10 : 0.1196    map@10 : 0.0369    precision@10 : 0.012    gauc : 0.8592    itemcoverage@10 : 0.085    averagepopularity@10 : 568.8065    giniindex@10 : 0.9963    shannonentropy@10 : 0.0042    tailpercentage@10 : 0.0022
Wed 08 May 2024 23:48:38 INFO  epoch 17 training [time: 1.48s, train loss: 22.1239]
Wed 08 May 2024 23:49:43 INFO  epoch 17 evaluating [time: 65.22s, valid_score: 0.037200]
Wed 08 May 2024 23:49:43 INFO  valid result: 
recall@10 : 0.1158    mrr@10 : 0.0372    ndcg@10 : 0.0548    hit@10 : 0.1191    map@10 : 0.0362    precision@10 : 0.0119    gauc : 0.8597    itemcoverage@10 : 0.0852    averagepopularity@10 : 562.6063    giniindex@10 : 0.9961    shannonentropy@10 : 0.0043    tailpercentage@10 : 0.0019
Wed 08 May 2024 23:49:44 INFO  epoch 18 training [time: 1.52s, train loss: 21.9630]
Wed 08 May 2024 23:50:49 INFO  epoch 18 evaluating [time: 64.95s, valid_score: 0.036200]
Wed 08 May 2024 23:50:49 INFO  valid result: 
recall@10 : 0.1154    mrr@10 : 0.0362    ndcg@10 : 0.0539    hit@10 : 0.1185    map@10 : 0.0351    precision@10 : 0.0118    gauc : 0.8606    itemcoverage@10 : 0.0907    averagepopularity@10 : 558.1086    giniindex@10 : 0.9957    shannonentropy@10 : 0.0041    tailpercentage@10 : 0.0018
Wed 08 May 2024 23:50:51 INFO  epoch 19 training [time: 1.39s, train loss: 21.8380]
Wed 08 May 2024 23:51:56 INFO  epoch 19 evaluating [time: 64.85s, valid_score: 0.036500]
Wed 08 May 2024 23:51:56 INFO  valid result: 
recall@10 : 0.1141    mrr@10 : 0.0365    ndcg@10 : 0.0539    hit@10 : 0.1174    map@10 : 0.0354    precision@10 : 0.0117    gauc : 0.8607    itemcoverage@10 : 0.0954    averagepopularity@10 : 553.4094    giniindex@10 : 0.9953    shannonentropy@10 : 0.004    tailpercentage@10 : 0.0015
Wed 08 May 2024 23:51:56 INFO  Finished training, best eval result in epoch 8
Wed 08 May 2024 23:51:56 INFO  Loading model structure and parameters from saved/LFM-1b_artist_20U50I_25strat/KGNNLS/KGNNLS-May-08-2024_23-29-40.pth
Wed 08 May 2024 23:53:20 INFO  The running environment of this training is as follows:
+-------------+----------------+
| Environment |     Usage      |
+=============+================+
| CPU         |    13.00 %     |
+-------------+----------------+
| GPU         | 0.15 G/11.93 G |
+-------------+----------------+
| Memory      | 2.58 G/31.23 G |
+-------------+----------------+
Wed 08 May 2024 23:53:20 INFO  best valid : OrderedDict([('recall@10', 0.129), ('mrr@10', 0.042), ('ndcg@10', 0.0613), ('hit@10', 0.1327), ('map@10', 0.0407), ('precision@10', 0.0133), ('gauc', 0.8586), ('itemcoverage@10', 0.0685), ('averagepopularity@10', 644.9793), ('giniindex@10', 0.9981), ('shannonentropy@10', 0.0043), ('tailpercentage@10', 0.0037)])
Wed 08 May 2024 23:53:20 INFO  test result: OrderedDict([('recall@10', 0.1299), ('mrr@10', 0.0423), ('ndcg@10', 0.0621), ('hit@10', 0.1327), ('map@10', 0.0415), ('precision@10', 0.0133), ('gauc', 0.852), ('itemcoverage@10', 0.0851), ('averagepopularity@10', 635.7866), ('giniindex@10', 0.9978), ('shannonentropy@10', 0.0035), ('tailpercentage@10', 0.0055)])
Wed 08 May 2024 23:53:20 INFO  
General Hyper Parameters:
gpu_id = 0
use_gpu = True
seed = 2020
state = INFO
reproducibility = True
data_path = data/LFM-1b_artist_20U50I_25strat
checkpoint_dir = saved/LFM-1b_artist_20U50I_25strat/KGNNLS
show_progress = True
save_dataset = False
dataset_save_path = None
save_dataloaders = False
dataloaders_save_path = None
log_wandb = False

Training Hyper Parameters:
epochs = 200
train_batch_size = 2048
learner = adam
learning_rate = 0.001
train_neg_sample_args = {'distribution': 'uniform', 'sample_num': 1, 'dynamic': False, 'candidate_num': 0, 'alpha': 1.0}
eval_step = 1
stopping_step = 10
clip_grad_norm = None
weight_decay = 0.0
loss_decimal_place = 4

Evaluation Hyper Parameters:
eval_args = {'split': {'RS': [0.8, 0.1, 0.1]}, 'order': 'RO', 'group_by': 'user', 'mode': {'valid': 'full', 'test': 'full'}}
repeatable = False
metrics = ['Recall', 'MRR', 'NDCG', 'Hit', 'MAP', 'Precision', 'GAUC', 'ItemCoverage', 'AveragePopularity', 'GiniIndex', 'ShannonEntropy', 'TailPercentage']
topk = [10]
valid_metric = MRR@10
valid_metric_bigger = True
eval_batch_size = 4096
metric_decimal_place = 4

Dataset Hyper Parameters:
field_separator = 	
seq_separator =  
USER_ID_FIELD = user_id
ITEM_ID_FIELD = item_id
RATING_FIELD = rating
TIME_FIELD = timestamp
seq_len = None
LABEL_FIELD = label
threshold = None
NEG_PREFIX = neg_
load_col = {'inter': ['user_id', 'item_id', 'rating', 'timestamp'], 'kg': ['head_id', 'relation_id', 'tail_id'], 'link': ['item_id', 'entity_id']}
unload_col = None
unused_col = None
additional_feat_suffix = None
rm_dup_inter = None
val_interval = None
filter_inter_by_user_or_item = True
user_inter_num_interval = [0,inf)
item_inter_num_interval = [0,inf)
alias_of_user_id = None
alias_of_item_id = None
alias_of_entity_id = None
alias_of_relation_id = None
preload_weight = None
normalize_field = None
normalize_all = None
ITEM_LIST_LENGTH_FIELD = item_length
LIST_SUFFIX = _list
MAX_ITEM_LIST_LENGTH = 50
POSITION_FIELD = position_id
HEAD_ENTITY_ID_FIELD = head_id
TAIL_ENTITY_ID_FIELD = tail_id
RELATION_ID_FIELD = relation_id
ENTITY_ID_FIELD = entity_id
benchmark_filename = None

Other Hyper Parameters: 
worker = 0
wandb_project = recbole
shuffle = True
require_pow = False
enable_amp = False
enable_scaler = False
transform = None
embedding_size = 64
n_iter = 1
aggregator = sum
reg_weight = 1e-07
neighbor_sample_size = 4
ls_weight = 0.5
numerical_features = []
discretization = None
kg_reverse_r = False
entity_kg_num_interval = [0,inf)
relation_kg_num_interval = [0,inf)
MODEL_TYPE = ModelType.KNOWLEDGE
encoding = utf-8
device = cuda:1
my_log_file = /home/fontana/Tesi/log/carbon_default.log
max_emission_step = -1
MODEL_INPUT_TYPE = InputType.PAIRWISE
eval_type = EvaluatorType.RANKING
single_spec = True
local_rank = 0
valid_neg_sample_args = {'distribution': 'uniform', 'sample_num': 'none'}
test_neg_sample_args = {'distribution': 'uniform', 'sample_num': 'none'}


Wed 08 May 2024 23:53:27 INFO  LFM-1b_artist_20U50I_25strat
The number of users: 17111
Average actions of users: 5.287258912916423
The number of items: 9445
Average actions of items: 9.579097839898347
The number of inters: 90465
The sparsity of the dataset: 99.9440238230253%
Remain Fields: ['entity_id', 'user_id', 'item_id', 'head_id', 'relation_id', 'tail_id']
The number of entities: 32908
The number of relations: 7
The number of triples: 29822
The number of items that have been linked to KG: 9444
Wed 08 May 2024 23:53:28 INFO  [Training]: train_batch_size = [2048] train_neg_sample_args: [{'distribution': 'uniform', 'sample_num': 1, 'dynamic': False, 'candidate_num': 0, 'alpha': 1.0}]
Wed 08 May 2024 23:53:28 INFO  [Evaluation]: eval_batch_size = [4096] eval_args: [{'split': {'RS': [0.8, 0.1, 0.1]}, 'order': 'RO', 'group_by': 'user', 'mode': {'valid': 'full', 'test': 'full'}}]
Wed 08 May 2024 23:53:30 INFO  Loading model structure and parameters from saved/LFM-1b_artist_20U50I_25strat/KGNNLS/KGNNLS-May-08-2024_23-29-40.pth
