Tue 16 Apr 2024 12:18:02 INFO  ['src/default_tracker.py', '--dataset=ml-10m_50U10I', '--model=KGNNLS']
Tue 16 Apr 2024 12:18:02 INFO  
General Hyper Parameters:
gpu_id = 0
use_gpu = True
seed = 2020
state = INFO
reproducibility = True
data_path = data/ml-10m_50U10I
checkpoint_dir = saved/ml-10m_50U10I/KGNNLS
show_progress = True
save_dataset = False
dataset_save_path = None
save_dataloaders = False
dataloaders_save_path = None
log_wandb = False

Training Hyper Parameters:
epochs = 1
train_batch_size = 2048
learner = adam
learning_rate = 0.001
train_neg_sample_args = {'distribution': 'uniform', 'sample_num': 1, 'dynamic': False, 'candidate_num': 0, 'alpha': 1.0}
eval_step = 1
stopping_step = 10
clip_grad_norm = None
weight_decay = 0.0
loss_decimal_place = 4

Evaluation Hyper Parameters:
eval_args = {'split': {'RS': [0.8, 0.1, 0.1]}, 'order': 'RO', 'group_by': 'user', 'mode': {'valid': 'full', 'test': 'full'}}
repeatable = False
metrics = ['Recall', 'MRR', 'NDCG', 'Hit', 'MAP', 'Precision', 'GAUC', 'ItemCoverage', 'AveragePopularity', 'GiniIndex', 'ShannonEntropy', 'TailPercentage']
topk = [10]
valid_metric = MRR@10
valid_metric_bigger = True
eval_batch_size = 4096
metric_decimal_place = 4

Dataset Hyper Parameters:
field_separator = 	
seq_separator =  
USER_ID_FIELD = user_id
ITEM_ID_FIELD = item_id
RATING_FIELD = rating
TIME_FIELD = timestamp
seq_len = None
LABEL_FIELD = label
threshold = None
NEG_PREFIX = neg_
load_col = {'inter': ['user_id', 'item_id', 'rating', 'timestamp'], 'kg': ['head_id', 'relation_id', 'tail_id'], 'link': ['item_id', 'entity_id']}
unload_col = None
unused_col = None
additional_feat_suffix = None
rm_dup_inter = None
val_interval = None
filter_inter_by_user_or_item = True
user_inter_num_interval = [0,inf)
item_inter_num_interval = [0,inf)
alias_of_user_id = None
alias_of_item_id = None
alias_of_entity_id = None
alias_of_relation_id = None
preload_weight = None
normalize_field = None
normalize_all = None
ITEM_LIST_LENGTH_FIELD = item_length
LIST_SUFFIX = _list
MAX_ITEM_LIST_LENGTH = 50
POSITION_FIELD = position_id
HEAD_ENTITY_ID_FIELD = head_id
TAIL_ENTITY_ID_FIELD = tail_id
RELATION_ID_FIELD = relation_id
ENTITY_ID_FIELD = entity_id
benchmark_filename = None

Other Hyper Parameters: 
worker = 0
wandb_project = recbole
shuffle = True
require_pow = False
enable_amp = False
enable_scaler = False
transform = None
embedding_size = 64
n_iter = 1
aggregator = sum
reg_weight = 1e-07
neighbor_sample_size = 4
ls_weight = 0.5
numerical_features = []
discretization = None
kg_reverse_r = False
entity_kg_num_interval = [0,inf)
relation_kg_num_interval = [0,inf)
MODEL_TYPE = ModelType.KNOWLEDGE
encoding = utf-8
device = cuda
my_log_file = /mnt/batch/tasks/shared/LS_root/mounts/clusters/fontanagpu/code/sustainability-of-recsys/log/carbon_default.log
MODEL_INPUT_TYPE = InputType.PAIRWISE
eval_type = EvaluatorType.RANKING
single_spec = True
local_rank = 0
valid_neg_sample_args = {'distribution': 'uniform', 'sample_num': 'none'}
test_neg_sample_args = {'distribution': 'uniform', 'sample_num': 'none'}


Tue 16 Apr 2024 12:18:29 INFO  ml-10m_50U10I
The number of users: 50001
Average actions of users: 140.97052
The number of items: 9938
Average actions of items: 709.3213243433632
The number of inters: 7048526
The sparsity of the dataset: 98.58152847005447%
Remain Fields: ['entity_id', 'user_id', 'item_id', 'rating', 'head_id', 'relation_id', 'tail_id']
The number of entities: 175647
The number of relations: 33
The number of triples: 521125
The number of items that have been linked to KG: 9937
Tue 16 Apr 2024 12:18:51 INFO  [Training]: train_batch_size = [2048] train_neg_sample_args: [{'distribution': 'uniform', 'sample_num': 1, 'dynamic': False, 'candidate_num': 0, 'alpha': 1.0}]
Tue 16 Apr 2024 12:18:51 INFO  [Evaluation]: eval_batch_size = [4096] eval_args: [{'split': {'RS': [0.8, 0.1, 0.1]}, 'order': 'RO', 'group_by': 'user', 'mode': {'valid': 'full', 'test': 'full'}}]
Tue 16 Apr 2024 12:19:15 INFO  KGNNLS(
  (user_embedding): Embedding(50001, 64)
  (entity_embedding): Embedding(175647, 64)
  (relation_embedding): Embedding(34, 64)
  (softmax): Softmax(dim=-1)
  (linear_layers): ModuleList(
    (0): Linear(in_features=64, out_features=64, bias=True)
  )
  (ReLU): ReLU()
  (Tanh): Tanh()
  (bce_loss): BCEWithLogitsLoss()
  (l2_loss): EmbLoss()
)
Trainable parameters: 14447808
Tue 16 Apr 2024 12:19:38 INFO  FLOPs: 4747.0
Tue 16 Apr 2024 12:22:15 INFO  epoch 0 training [time: 117.65s, train loss: 2045.9224]
Tue 16 Apr 2024 12:28:03 INFO  epoch 0 evaluating [time: 348.60s, valid_score: 0.219400]
Tue 16 Apr 2024 12:28:03 INFO  valid result: 
recall@10 : 0.094    mrr@10 : 0.2194    ndcg@10 : 0.1165    hit@10 : 0.4679    map@10 : 0.058    precision@10 : 0.0864    gauc : 0.9165    itemcoverage@10 : 0.0334    averagepopularity@10 : 15964.9415    giniindex@10 : 0.9977    shannonentropy@10 : 0.0102    tailpercentage@10 : 0.0001
Tue 16 Apr 2024 12:28:06 INFO  Saving current: saved/ml-10m_50U10I/KGNNLS/KGNNLS-Apr-16-2024_12-19-38.pth
Tue 16 Apr 2024 12:28:06 INFO  Loading model structure and parameters from saved/ml-10m_50U10I/KGNNLS/KGNNLS-Apr-16-2024_12-19-38.pth
Tue 16 Apr 2024 12:34:00 INFO  The running environment of this training is as follows:
+-------------+----------------+
| Environment |     Usage      |
+=============+================+
| CPU         |     5.50 %     |
+-------------+----------------+
| GPU         | 0.54 G/15.57 G |
+-------------+----------------+
| Memory      | 7.82 G/27.41 G |
+-------------+----------------+
Tue 16 Apr 2024 12:34:00 INFO  best valid : OrderedDict([('recall@10', 0.094), ('mrr@10', 0.2194), ('ndcg@10', 0.1165), ('hit@10', 0.4679), ('map@10', 0.058), ('precision@10', 0.0864), ('gauc', 0.9165), ('itemcoverage@10', 0.0334), ('averagepopularity@10', 15964.9415), ('giniindex@10', 0.9977), ('shannonentropy@10', 0.0102), ('tailpercentage@10', 0.0001)])
Tue 16 Apr 2024 12:34:00 INFO  test result: OrderedDict([('recall@10', 0.1044), ('mrr@10', 0.253), ('ndcg@10', 0.1387), ('hit@10', 0.4883), ('map@10', 0.0753), ('precision@10', 0.1032), ('gauc', 0.9183), ('itemcoverage@10', 0.0414), ('averagepopularity@10', 15644.3654), ('giniindex@10', 0.9973), ('shannonentropy@10', 0.0086), ('tailpercentage@10', 0.0001)])
Tue 16 Apr 2024 12:34:04 INFO  
General Hyper Parameters:
gpu_id = 0
use_gpu = True
seed = 2020
state = INFO
reproducibility = True
data_path = data/ml-10m_50U10I
checkpoint_dir = saved/ml-10m_50U10I/KGNNLS
show_progress = True
save_dataset = False
dataset_save_path = None
save_dataloaders = False
dataloaders_save_path = None
log_wandb = False

Training Hyper Parameters:
epochs = 1
train_batch_size = 2048
learner = adam
learning_rate = 0.001
train_neg_sample_args = {'distribution': 'uniform', 'sample_num': 1, 'dynamic': False, 'candidate_num': 0, 'alpha': 1.0}
eval_step = 1
stopping_step = 10
clip_grad_norm = None
weight_decay = 0.0
loss_decimal_place = 4

Evaluation Hyper Parameters:
eval_args = {'split': {'RS': [0.8, 0.1, 0.1]}, 'order': 'RO', 'group_by': 'user', 'mode': {'valid': 'full', 'test': 'full'}}
repeatable = False
metrics = ['Recall', 'MRR', 'NDCG', 'Hit', 'MAP', 'Precision', 'GAUC', 'ItemCoverage', 'AveragePopularity', 'GiniIndex', 'ShannonEntropy', 'TailPercentage']
topk = [10]
valid_metric = MRR@10
valid_metric_bigger = True
eval_batch_size = 4096
metric_decimal_place = 4

Dataset Hyper Parameters:
field_separator = 	
seq_separator =  
USER_ID_FIELD = user_id
ITEM_ID_FIELD = item_id
RATING_FIELD = rating
TIME_FIELD = timestamp
seq_len = None
LABEL_FIELD = label
threshold = None
NEG_PREFIX = neg_
load_col = {'inter': ['user_id', 'item_id', 'rating', 'timestamp'], 'kg': ['head_id', 'relation_id', 'tail_id'], 'link': ['item_id', 'entity_id']}
unload_col = None
unused_col = None
additional_feat_suffix = None
rm_dup_inter = None
val_interval = None
filter_inter_by_user_or_item = True
user_inter_num_interval = [0,inf)
item_inter_num_interval = [0,inf)
alias_of_user_id = None
alias_of_item_id = None
alias_of_entity_id = None
alias_of_relation_id = None
preload_weight = None
normalize_field = None
normalize_all = None
ITEM_LIST_LENGTH_FIELD = item_length
LIST_SUFFIX = _list
MAX_ITEM_LIST_LENGTH = 50
POSITION_FIELD = position_id
HEAD_ENTITY_ID_FIELD = head_id
TAIL_ENTITY_ID_FIELD = tail_id
RELATION_ID_FIELD = relation_id
ENTITY_ID_FIELD = entity_id
benchmark_filename = None

Other Hyper Parameters: 
worker = 0
wandb_project = recbole
shuffle = True
require_pow = False
enable_amp = False
enable_scaler = False
transform = None
embedding_size = 64
n_iter = 1
aggregator = sum
reg_weight = 1e-07
neighbor_sample_size = 4
ls_weight = 0.5
numerical_features = []
discretization = None
kg_reverse_r = False
entity_kg_num_interval = [0,inf)
relation_kg_num_interval = [0,inf)
MODEL_TYPE = ModelType.KNOWLEDGE
encoding = utf-8
device = cuda
my_log_file = /mnt/batch/tasks/shared/LS_root/mounts/clusters/fontanagpu/code/sustainability-of-recsys/log/carbon_default.log
MODEL_INPUT_TYPE = InputType.PAIRWISE
eval_type = EvaluatorType.RANKING
single_spec = True
local_rank = 0
valid_neg_sample_args = {'distribution': 'uniform', 'sample_num': 'none'}
test_neg_sample_args = {'distribution': 'uniform', 'sample_num': 'none'}


Tue 16 Apr 2024 12:34:32 INFO  ml-10m_50U10I
The number of users: 50001
Average actions of users: 140.97052
The number of items: 9938
Average actions of items: 709.3213243433632
The number of inters: 7048526
The sparsity of the dataset: 98.58152847005447%
Remain Fields: ['entity_id', 'user_id', 'item_id', 'rating', 'head_id', 'relation_id', 'tail_id']
The number of entities: 175647
The number of relations: 33
The number of triples: 521125
The number of items that have been linked to KG: 9937
Tue 16 Apr 2024 12:34:54 INFO  [Training]: train_batch_size = [2048] train_neg_sample_args: [{'distribution': 'uniform', 'sample_num': 1, 'dynamic': False, 'candidate_num': 0, 'alpha': 1.0}]
Tue 16 Apr 2024 12:34:54 INFO  [Evaluation]: eval_batch_size = [4096] eval_args: [{'split': {'RS': [0.8, 0.1, 0.1]}, 'order': 'RO', 'group_by': 'user', 'mode': {'valid': 'full', 'test': 'full'}}]
Tue 16 Apr 2024 12:35:20 INFO  Loading model structure and parameters from saved/ml-10m_50U10I/KGNNLS/KGNNLS-Apr-16-2024_12-19-38.pth
