Tue 16 Apr 2024 03:54:04 INFO  ['src/default_tracker.py', '--dataset=ml-10m_core5', '--model=KGNNLS']
Tue 16 Apr 2024 03:54:04 INFO  
General Hyper Parameters:
gpu_id = 0
use_gpu = True
seed = 2020
state = INFO
reproducibility = True
data_path = data/ml-10m_core5
checkpoint_dir = saved/ml-10m_core5/KGNNLS
show_progress = True
save_dataset = False
dataset_save_path = None
save_dataloaders = False
dataloaders_save_path = None
log_wandb = False

Training Hyper Parameters:
epochs = 200
train_batch_size = 2048
learner = adam
learning_rate = 0.001
train_neg_sample_args = {'distribution': 'uniform', 'sample_num': 1, 'dynamic': False, 'candidate_num': 0, 'alpha': 1.0}
eval_step = 1
stopping_step = 10
clip_grad_norm = None
weight_decay = 0.0
loss_decimal_place = 4

Evaluation Hyper Parameters:
eval_args = {'split': {'RS': [0.8, 0.1, 0.1]}, 'order': 'RO', 'group_by': 'user', 'mode': {'valid': 'full', 'test': 'full'}}
repeatable = False
metrics = ['Recall', 'MRR', 'NDCG', 'Hit', 'MAP', 'Precision', 'GAUC', 'ItemCoverage', 'AveragePopularity', 'GiniIndex', 'ShannonEntropy', 'TailPercentage']
topk = [10]
valid_metric = MRR@10
valid_metric_bigger = True
eval_batch_size = 4096
metric_decimal_place = 4

Dataset Hyper Parameters:
field_separator = 	
seq_separator =  
USER_ID_FIELD = user_id
ITEM_ID_FIELD = item_id
RATING_FIELD = rating
TIME_FIELD = timestamp
seq_len = None
LABEL_FIELD = label
threshold = None
NEG_PREFIX = neg_
load_col = {'inter': ['user_id', 'item_id', 'rating', 'timestamp'], 'kg': ['head_id', 'relation_id', 'tail_id'], 'link': ['item_id', 'entity_id']}
unload_col = None
unused_col = None
additional_feat_suffix = None
rm_dup_inter = None
val_interval = None
filter_inter_by_user_or_item = True
user_inter_num_interval = [0,inf)
item_inter_num_interval = [0,inf)
alias_of_user_id = None
alias_of_item_id = None
alias_of_entity_id = None
alias_of_relation_id = None
preload_weight = None
normalize_field = None
normalize_all = None
ITEM_LIST_LENGTH_FIELD = item_length
LIST_SUFFIX = _list
MAX_ITEM_LIST_LENGTH = 50
POSITION_FIELD = position_id
HEAD_ENTITY_ID_FIELD = head_id
TAIL_ENTITY_ID_FIELD = tail_id
RELATION_ID_FIELD = relation_id
ENTITY_ID_FIELD = entity_id
benchmark_filename = None

Other Hyper Parameters: 
worker = 0
wandb_project = recbole
shuffle = True
require_pow = False
enable_amp = False
enable_scaler = False
transform = None
embedding_size = 64
n_iter = 1
aggregator = sum
reg_weight = 1e-07
neighbor_sample_size = 4
ls_weight = 0.5
numerical_features = []
discretization = None
kg_reverse_r = False
entity_kg_num_interval = [0,inf)
relation_kg_num_interval = [0,inf)
MODEL_TYPE = ModelType.KNOWLEDGE
encoding = utf-8
device = cuda
my_log_file = /mnt/batch/tasks/shared/LS_root/mounts/clusters/fontanagpu/code/sustainability-of-recsys/log/carbon_default.log
MODEL_INPUT_TYPE = InputType.PAIRWISE
eval_type = EvaluatorType.RANKING
single_spec = True
local_rank = 0
valid_neg_sample_args = {'distribution': 'uniform', 'sample_num': 'none'}
test_neg_sample_args = {'distribution': 'uniform', 'sample_num': 'none'}


Tue 16 Apr 2024 03:54:39 INFO  ml-10m_core5
The number of users: 69879
Average actions of users: 142.9866338475629
The number of items: 10133
Average actions of items: 986.1448874851955
The number of inters: 9991620
The sparsity of the dataset: 98.58892146803161%
Remain Fields: ['entity_id', 'user_id', 'item_id', 'rating', 'head_id', 'relation_id', 'tail_id']
The number of entities: 177874
The number of relations: 33
The number of triples: 531224
The number of items that have been linked to KG: 10132
Tue 16 Apr 2024 03:55:16 INFO  [Training]: train_batch_size = [2048] train_neg_sample_args: [{'distribution': 'uniform', 'sample_num': 1, 'dynamic': False, 'candidate_num': 0, 'alpha': 1.0}]
Tue 16 Apr 2024 03:55:16 INFO  [Evaluation]: eval_batch_size = [4096] eval_args: [{'split': {'RS': [0.8, 0.1, 0.1]}, 'order': 'RO', 'group_by': 'user', 'mode': {'valid': 'full', 'test': 'full'}}]
Tue 16 Apr 2024 03:55:47 INFO  KGNNLS(
  (user_embedding): Embedding(69879, 64)
  (entity_embedding): Embedding(177874, 64)
  (relation_embedding): Embedding(34, 64)
  (softmax): Softmax(dim=-1)
  (linear_layers): ModuleList(
    (0): Linear(in_features=64, out_features=64, bias=True)
  )
  (ReLU): ReLU()
  (Tanh): Tanh()
  (bce_loss): BCEWithLogitsLoss()
  (l2_loss): EmbLoss()
)
Trainable parameters: 15862528
Tue 16 Apr 2024 03:56:12 INFO  FLOPs: 4747.0
Tue 16 Apr 2024 03:59:34 INFO  epoch 0 training [time: 162.95s, train loss: 2858.9084]
Tue 16 Apr 2024 04:08:22 INFO  epoch 0 evaluating [time: 527.69s, valid_score: 0.224000]
Tue 16 Apr 2024 04:08:22 INFO  valid result: 
recall@10 : 0.101    mrr@10 : 0.224    ndcg@10 : 0.1214    hit@10 : 0.4864    map@10 : 0.0604    precision@10 : 0.0904    gauc : 0.9245    itemcoverage@10 : 0.0644    averagepopularity@10 : 21588.2822    giniindex@10 : 0.9969    shannonentropy@10 : 0.0057    tailpercentage@10 : 0.0
Tue 16 Apr 2024 04:08:24 INFO  Saving current: saved/ml-10m_core5/KGNNLS/KGNNLS-Apr-16-2024_03-56-12.pth
Tue 16 Apr 2024 04:11:09 INFO  epoch 1 training [time: 165.11s, train loss: 2587.6550]
Tue 16 Apr 2024 04:19:45 INFO  epoch 1 evaluating [time: 515.89s, valid_score: 0.247200]
Tue 16 Apr 2024 04:19:45 INFO  valid result: 
recall@10 : 0.1167    mrr@10 : 0.2472    ndcg@10 : 0.1389    hit@10 : 0.5212    map@10 : 0.0715    precision@10 : 0.103    gauc : 0.939    itemcoverage@10 : 0.0815    averagepopularity@10 : 19418.8267    giniindex@10 : 0.9945    shannonentropy@10 : 0.0052    tailpercentage@10 : 0.0
Tue 16 Apr 2024 04:19:47 INFO  Saving current: saved/ml-10m_core5/KGNNLS/KGNNLS-Apr-16-2024_03-56-12.pth
Tue 16 Apr 2024 04:22:29 INFO  epoch 2 training [time: 162.18s, train loss: 2468.5799]
Tue 16 Apr 2024 04:31:14 INFO  epoch 2 evaluating [time: 524.86s, valid_score: 0.262000]
Tue 16 Apr 2024 04:31:14 INFO  valid result: 
recall@10 : 0.1208    mrr@10 : 0.262    ndcg@10 : 0.1463    hit@10 : 0.5452    map@10 : 0.075    precision@10 : 0.1096    gauc : 0.9475    itemcoverage@10 : 0.1517    averagepopularity@10 : 16929.217    giniindex@10 : 0.9898    shannonentropy@10 : 0.0032    tailpercentage@10 : 0.0
Tue 16 Apr 2024 04:31:16 INFO  Saving current: saved/ml-10m_core5/KGNNLS/KGNNLS-Apr-16-2024_03-56-12.pth
Tue 16 Apr 2024 04:34:00 INFO  epoch 3 training [time: 163.90s, train loss: 2395.5453]
Tue 16 Apr 2024 04:42:39 INFO  epoch 3 evaluating [time: 519.01s, valid_score: 0.279400]
Tue 16 Apr 2024 04:42:39 INFO  valid result: 
recall@10 : 0.1283    mrr@10 : 0.2794    ndcg@10 : 0.1559    hit@10 : 0.5712    map@10 : 0.0805    precision@10 : 0.1162    gauc : 0.9517    itemcoverage@10 : 0.1945    averagepopularity@10 : 16409.8376    giniindex@10 : 0.9868    shannonentropy@10 : 0.0026    tailpercentage@10 : 0.0
Tue 16 Apr 2024 04:42:41 INFO  Saving current: saved/ml-10m_core5/KGNNLS/KGNNLS-Apr-16-2024_03-56-12.pth
Tue 16 Apr 2024 04:45:32 INFO  epoch 4 training [time: 170.83s, train loss: 2349.5481]
Tue 16 Apr 2024 04:54:14 INFO  epoch 4 evaluating [time: 522.73s, valid_score: 0.295100]
Tue 16 Apr 2024 04:54:14 INFO  valid result: 
recall@10 : 0.1386    mrr@10 : 0.2951    ndcg@10 : 0.1668    hit@10 : 0.5952    map@10 : 0.0872    precision@10 : 0.1238    gauc : 0.9544    itemcoverage@10 : 0.2325    averagepopularity@10 : 15659.7496    giniindex@10 : 0.9826    shannonentropy@10 : 0.0022    tailpercentage@10 : 0.0
Tue 16 Apr 2024 04:54:16 INFO  Saving current: saved/ml-10m_core5/KGNNLS/KGNNLS-Apr-16-2024_03-56-12.pth
Tue 16 Apr 2024 04:56:58 INFO  epoch 5 training [time: 161.82s, train loss: 2314.0407]
Tue 16 Apr 2024 05:05:39 INFO  epoch 5 evaluating [time: 520.52s, valid_score: 0.311800]
Tue 16 Apr 2024 05:05:39 INFO  valid result: 
recall@10 : 0.1511    mrr@10 : 0.3118    ndcg@10 : 0.1783    hit@10 : 0.6215    map@10 : 0.0944    precision@10 : 0.1296    gauc : 0.9562    itemcoverage@10 : 0.2604    averagepopularity@10 : 14654.1029    giniindex@10 : 0.9776    shannonentropy@10 : 0.0021    tailpercentage@10 : 0.0
Tue 16 Apr 2024 05:05:40 INFO  Saving current: saved/ml-10m_core5/KGNNLS/KGNNLS-Apr-16-2024_03-56-12.pth
Tue 16 Apr 2024 05:08:22 INFO  epoch 6 training [time: 162.29s, train loss: 2285.5277]
Tue 16 Apr 2024 05:17:05 INFO  epoch 6 evaluating [time: 522.93s, valid_score: 0.314900]
Tue 16 Apr 2024 05:17:05 INFO  valid result: 
recall@10 : 0.1568    mrr@10 : 0.3149    ndcg@10 : 0.1819    hit@10 : 0.6316    map@10 : 0.0964    precision@10 : 0.1314    gauc : 0.9575    itemcoverage@10 : 0.2784    averagepopularity@10 : 13877.4991    giniindex@10 : 0.9737    shannonentropy@10 : 0.002    tailpercentage@10 : 0.0
Tue 16 Apr 2024 05:17:07 INFO  Saving current: saved/ml-10m_core5/KGNNLS/KGNNLS-Apr-16-2024_03-56-12.pth
Tue 16 Apr 2024 05:19:52 INFO  epoch 7 training [time: 164.29s, train loss: 2261.0444]
Tue 16 Apr 2024 05:32:29 INFO  epoch 7 evaluating [time: 757.35s, valid_score: 0.320300]
Tue 16 Apr 2024 05:32:29 INFO  valid result: 
recall@10 : 0.1603    mrr@10 : 0.3203    ndcg@10 : 0.1858    hit@10 : 0.6393    map@10 : 0.0991    precision@10 : 0.1333    gauc : 0.9584    itemcoverage@10 : 0.2928    averagepopularity@10 : 13296.7724    giniindex@10 : 0.9709    shannonentropy@10 : 0.002    tailpercentage@10 : 0.0
Tue 16 Apr 2024 05:32:31 INFO  Saving current: saved/ml-10m_core5/KGNNLS/KGNNLS-Apr-16-2024_03-56-12.pth
Tue 16 Apr 2024 05:35:27 INFO  epoch 8 training [time: 176.01s, train loss: 2241.8182]
Tue 16 Apr 2024 05:45:40 INFO  epoch 8 evaluating [time: 613.20s, valid_score: 0.324900]
Tue 16 Apr 2024 05:45:40 INFO  valid result: 
recall@10 : 0.1644    mrr@10 : 0.3249    ndcg@10 : 0.1898    hit@10 : 0.6456    map@10 : 0.1019    precision@10 : 0.1357    gauc : 0.959    itemcoverage@10 : 0.3039    averagepopularity@10 : 13441.6155    giniindex@10 : 0.9694    shannonentropy@10 : 0.0019    tailpercentage@10 : 0.0
Tue 16 Apr 2024 05:45:42 INFO  Saving current: saved/ml-10m_core5/KGNNLS/KGNNLS-Apr-16-2024_03-56-12.pth
Tue 16 Apr 2024 05:48:30 INFO  epoch 9 training [time: 168.14s, train loss: 2224.7741]
Tue 16 Apr 2024 05:57:13 INFO  epoch 9 evaluating [time: 522.91s, valid_score: 0.320600]
Tue 16 Apr 2024 05:57:13 INFO  valid result: 
recall@10 : 0.164    mrr@10 : 0.3206    ndcg@10 : 0.1883    hit@10 : 0.644    map@10 : 0.101    precision@10 : 0.1348    gauc : 0.9594    itemcoverage@10 : 0.3309    averagepopularity@10 : 12309.1543    giniindex@10 : 0.9638    shannonentropy@10 : 0.0018    tailpercentage@10 : 0.0
Tue 16 Apr 2024 06:00:01 INFO  epoch 10 training [time: 168.07s, train loss: 2210.6470]
Tue 16 Apr 2024 06:08:44 INFO  epoch 10 evaluating [time: 523.27s, valid_score: 0.324900]
Tue 16 Apr 2024 06:08:44 INFO  valid result: 
recall@10 : 0.1662    mrr@10 : 0.3249    ndcg@10 : 0.1907    hit@10 : 0.6507    map@10 : 0.1023    precision@10 : 0.1364    gauc : 0.9598    itemcoverage@10 : 0.3402    averagepopularity@10 : 12383.6714    giniindex@10 : 0.9624    shannonentropy@10 : 0.0018    tailpercentage@10 : 0.0
Tue 16 Apr 2024 06:08:47 INFO  Saving current: saved/ml-10m_core5/KGNNLS/KGNNLS-Apr-16-2024_03-56-12.pth
Tue 16 Apr 2024 06:11:37 INFO  epoch 11 training [time: 170.25s, train loss: 2198.1345]
Tue 16 Apr 2024 06:20:15 INFO  epoch 11 evaluating [time: 518.08s, valid_score: 0.321200]
Tue 16 Apr 2024 06:20:15 INFO  valid result: 
recall@10 : 0.1663    mrr@10 : 0.3212    ndcg@10 : 0.1892    hit@10 : 0.6497    map@10 : 0.1011    precision@10 : 0.1357    gauc : 0.9599    itemcoverage@10 : 0.3508    averagepopularity@10 : 12024.0627    giniindex@10 : 0.9599    shannonentropy@10 : 0.0017    tailpercentage@10 : 0.0
Tue 16 Apr 2024 06:48:12 INFO  epoch 12 training [time: 1676.94s, train loss: 2187.4735]
Tue 16 Apr 2024 07:03:07 INFO  epoch 12 evaluating [time: 894.91s, valid_score: 0.326100]
Tue 16 Apr 2024 07:03:07 INFO  valid result: 
recall@10 : 0.1687    mrr@10 : 0.3261    ndcg@10 : 0.1919    hit@10 : 0.6541    map@10 : 0.1028    precision@10 : 0.1372    gauc : 0.9601    itemcoverage@10 : 0.3606    averagepopularity@10 : 12362.7459    giniindex@10 : 0.9603    shannonentropy@10 : 0.0017    tailpercentage@10 : 0.0
Tue 16 Apr 2024 07:03:09 INFO  Saving current: saved/ml-10m_core5/KGNNLS/KGNNLS-Apr-16-2024_03-56-12.pth
Tue 16 Apr 2024 07:22:07 INFO  epoch 13 training [time: 1138.87s, train loss: 2176.8150]
Tue 16 Apr 2024 07:31:57 INFO  epoch 13 evaluating [time: 589.45s, valid_score: 0.326700]
Tue 16 Apr 2024 07:31:57 INFO  valid result: 
recall@10 : 0.1706    mrr@10 : 0.3267    ndcg@10 : 0.1937    hit@10 : 0.6565    map@10 : 0.104    precision@10 : 0.1391    gauc : 0.9603    itemcoverage@10 : 0.3678    averagepopularity@10 : 12158.7123    giniindex@10 : 0.9587    shannonentropy@10 : 0.0017    tailpercentage@10 : 0.0
Tue 16 Apr 2024 07:31:59 INFO  Saving current: saved/ml-10m_core5/KGNNLS/KGNNLS-Apr-16-2024_03-56-12.pth
