Thu 09 May 2024 08:56:38 INFO  ['src/default_tracker2.py', '--dataset=mind', '--model=DMF', '--max_emission_step=6']
Thu 09 May 2024 08:56:38 INFO  
General Hyper Parameters:
gpu_id = 0
use_gpu = True
seed = 2020
state = INFO
reproducibility = True
data_path = data/mind
checkpoint_dir = saved/mind/DMF
show_progress = True
save_dataset = False
dataset_save_path = None
save_dataloaders = False
dataloaders_save_path = None
log_wandb = False

Training Hyper Parameters:
epochs = 200
train_batch_size = 2048
learner = adam
learning_rate = 0.001
train_neg_sample_args = {'distribution': 'uniform', 'sample_num': 1, 'dynamic': False, 'candidate_num': 0, 'alpha': 1.0}
eval_step = 1
stopping_step = 10
clip_grad_norm = None
weight_decay = 0.0
loss_decimal_place = 4

Evaluation Hyper Parameters:
eval_args = {'split': {'RS': [0.8, 0.1, 0.1]}, 'order': 'RO', 'group_by': 'user', 'mode': {'valid': 'full', 'test': 'full'}}
repeatable = False
metrics = ['Recall', 'MRR', 'NDCG', 'Hit', 'MAP', 'Precision', 'GAUC', 'ItemCoverage', 'AveragePopularity', 'GiniIndex', 'ShannonEntropy', 'TailPercentage']
topk = [10]
valid_metric = MRR@10
valid_metric_bigger = True
eval_batch_size = 4096
metric_decimal_place = 4

Dataset Hyper Parameters:
field_separator = 	
seq_separator =  
USER_ID_FIELD = user_id
ITEM_ID_FIELD = item_id
RATING_FIELD = rating
TIME_FIELD = timestamp
seq_len = None
LABEL_FIELD = label
threshold = None
NEG_PREFIX = neg_
load_col = {'inter': ['user_id', 'item_id']}
unload_col = None
unused_col = None
additional_feat_suffix = None
rm_dup_inter = None
val_interval = None
filter_inter_by_user_or_item = True
user_inter_num_interval = [0,inf)
item_inter_num_interval = [0,inf)
alias_of_user_id = None
alias_of_item_id = None
alias_of_entity_id = None
alias_of_relation_id = None
preload_weight = None
normalize_field = None
normalize_all = None
ITEM_LIST_LENGTH_FIELD = item_length
LIST_SUFFIX = _list
MAX_ITEM_LIST_LENGTH = 50
POSITION_FIELD = position_id
HEAD_ENTITY_ID_FIELD = head_id
TAIL_ENTITY_ID_FIELD = tail_id
RELATION_ID_FIELD = relation_id
ENTITY_ID_FIELD = entity_id
benchmark_filename = None

Other Hyper Parameters: 
worker = 0
wandb_project = recbole
shuffle = True
require_pow = False
enable_amp = False
enable_scaler = False
transform = None
inter_matrix_type = 01
user_embedding_size = 64
item_embedding_size = 64
user_hidden_size_list = [64, 64]
item_hidden_size_list = [64, 64]
embedding_size = 10
numerical_features = []
discretization = None
kg_reverse_r = False
entity_kg_num_interval = [0,inf)
relation_kg_num_interval = [0,inf)
MODEL_TYPE = ModelType.GENERAL
encoding = utf-8
device = cuda:1
my_log_file = /home/fontana/Tesi/log/carbon_default.log
max_emission_step = 6
MODEL_INPUT_TYPE = InputType.POINTWISE
eval_type = EvaluatorType.RANKING
single_spec = True
local_rank = 0
valid_neg_sample_args = {'distribution': 'uniform', 'sample_num': 'none'}
test_neg_sample_args = {'distribution': 'uniform', 'sample_num': 'none'}


Thu 09 May 2024 08:56:42 INFO  mind
The number of users: 23680
Average actions of users: 44.282908906626126
The number of items: 4415
Average actions of items: 237.55663797009515
The number of inters: 1048575
The sparsity of the dataset: 98.9970319625968%
Remain Fields: ['user_id', 'item_id']
Thu 09 May 2024 08:56:46 INFO  [Training]: train_batch_size = [2048] train_neg_sample_args: [{'distribution': 'uniform', 'sample_num': 1, 'dynamic': False, 'candidate_num': 0, 'alpha': 1.0}]
Thu 09 May 2024 08:56:46 INFO  [Evaluation]: eval_batch_size = [4096] eval_args: [{'split': {'RS': [0.8, 0.1, 0.1]}, 'order': 'RO', 'group_by': 'user', 'mode': {'valid': 'full', 'test': 'full'}}]
Thu 09 May 2024 08:56:46 WARNING  Max value of item's history interaction records has reached 62.58445945945946% of the total.
Thu 09 May 2024 08:56:53 INFO  DMF(
  (user_linear): Linear(in_features=4415, out_features=64, bias=False)
  (item_linear): Linear(in_features=23680, out_features=64, bias=False)
  (user_fc_layers): MLPLayers(
    (mlp_layers): Sequential(
      (0): Dropout(p=0.0, inplace=False)
      (1): Linear(in_features=64, out_features=64, bias=True)
      (2): ReLU()
      (3): Dropout(p=0.0, inplace=False)
      (4): Linear(in_features=64, out_features=64, bias=True)
      (5): ReLU()
    )
  )
  (item_fc_layers): MLPLayers(
    (mlp_layers): Sequential(
      (0): Dropout(p=0.0, inplace=False)
      (1): Linear(in_features=64, out_features=64, bias=True)
      (2): ReLU()
      (3): Dropout(p=0.0, inplace=False)
      (4): Linear(in_features=64, out_features=64, bias=True)
      (5): ReLU()
    )
  )
  (sigmoid): Sigmoid()
  (bce_loss): BCEWithLogitsLoss()
)
Trainable parameters: 1814720
Thu 09 May 2024 08:56:53 INFO  FLOPs: 1814464.0
Thu 09 May 2024 08:57:15 INFO  epoch 0 training [time: 17.09s, train loss: 381.7030]
Thu 09 May 2024 08:58:37 INFO  epoch 0 evaluating [time: 81.72s, valid_score: 0.471400]
Thu 09 May 2024 08:58:37 INFO  valid result: 
recall@10 : 0.5078    mrr@10 : 0.4714    ndcg@10 : 0.3898    hit@10 : 0.7966    map@10 : 0.2784    precision@10 : 0.1504    gauc : 0.969    itemcoverage@10 : 0.053    averagepopularity@10 : 5859.1355    giniindex@10 : 0.9847    shannonentropy@10 : 0.0193    tailpercentage@10 : 0.0
Thu 09 May 2024 08:58:37 INFO  Saving current: saved/mind/DMF/DMF-May-09-2024_08-56-53.pth
Thu 09 May 2024 08:58:54 INFO  epoch 1 training [time: 17.19s, train loss: 360.8753]
Thu 09 May 2024 09:00:15 INFO  epoch 1 evaluating [time: 81.16s, valid_score: 0.502600]
Thu 09 May 2024 09:00:15 INFO  valid result: 
recall@10 : 0.562    mrr@10 : 0.5026    ndcg@10 : 0.4345    hit@10 : 0.8401    map@10 : 0.3202    precision@10 : 0.1637    gauc : 0.9715    itemcoverage@10 : 0.0811    averagepopularity@10 : 5931.476    giniindex@10 : 0.981    shannonentropy@10 : 0.0131    tailpercentage@10 : 0.0
Thu 09 May 2024 09:00:15 INFO  Saving current: saved/mind/DMF/DMF-May-09-2024_08-56-53.pth
Thu 09 May 2024 09:00:31 INFO  epoch 2 training [time: 15.66s, train loss: 354.8503]
Thu 09 May 2024 09:01:52 INFO  epoch 2 evaluating [time: 81.34s, valid_score: 0.547200]
Thu 09 May 2024 09:01:52 INFO  valid result: 
recall@10 : 0.5896    mrr@10 : 0.5472    ndcg@10 : 0.4734    hit@10 : 0.8621    map@10 : 0.36    precision@10 : 0.1719    gauc : 0.9719    itemcoverage@10 : 0.0849    averagepopularity@10 : 5567.9679    giniindex@10 : 0.9795    shannonentropy@10 : 0.0128    tailpercentage@10 : 0.0
Thu 09 May 2024 09:01:53 INFO  Saving current: saved/mind/DMF/DMF-May-09-2024_08-56-53.pth
Thu 09 May 2024 09:02:09 INFO  epoch 3 training [time: 16.88s, train loss: 352.3233]
Thu 09 May 2024 09:03:31 INFO  epoch 3 evaluating [time: 81.31s, valid_score: 0.535900]
Thu 09 May 2024 09:03:31 INFO  valid result: 
recall@10 : 0.5964    mrr@10 : 0.5359    ndcg@10 : 0.4725    hit@10 : 0.8679    map@10 : 0.3586    precision@10 : 0.1718    gauc : 0.9717    itemcoverage@10 : 0.0917    averagepopularity@10 : 5179.7448    giniindex@10 : 0.9766    shannonentropy@10 : 0.0122    tailpercentage@10 : 0.0
Thu 09 May 2024 09:03:47 INFO  epoch 4 training [time: 16.61s, train loss: 351.2572]
Thu 09 May 2024 09:05:09 INFO  epoch 4 evaluating [time: 81.40s, valid_score: 0.541300]
Thu 09 May 2024 09:05:09 INFO  valid result: 
recall@10 : 0.6049    mrr@10 : 0.5413    ndcg@10 : 0.4773    hit@10 : 0.8737    map@10 : 0.3604    precision@10 : 0.1778    gauc : 0.9708    itemcoverage@10 : 0.0899    averagepopularity@10 : 5503.7798    giniindex@10 : 0.9786    shannonentropy@10 : 0.0122    tailpercentage@10 : 0.0
Thu 09 May 2024 09:05:26 INFO  epoch 5 training [time: 17.25s, train loss: 349.8457]
Thu 09 May 2024 09:06:48 INFO  epoch 5 evaluating [time: 81.70s, valid_score: 0.546200]
Thu 09 May 2024 09:06:48 INFO  valid result: 
recall@10 : 0.607    mrr@10 : 0.5462    ndcg@10 : 0.482    hit@10 : 0.8765    map@10 : 0.3656    precision@10 : 0.1786    gauc : 0.9714    itemcoverage@10 : 0.0951    averagepopularity@10 : 5315.2028    giniindex@10 : 0.978    shannonentropy@10 : 0.0116    tailpercentage@10 : 0.0
Thu 09 May 2024 09:07:05 INFO  epoch 6 training [time: 17.10s, train loss: 348.5490]
Thu 09 May 2024 09:08:26 INFO  epoch 6 evaluating [time: 81.36s, valid_score: 0.545900]
Thu 09 May 2024 09:08:26 INFO  valid result: 
recall@10 : 0.6096    mrr@10 : 0.5459    ndcg@10 : 0.4838    hit@10 : 0.8753    map@10 : 0.368    precision@10 : 0.1788    gauc : 0.971    itemcoverage@10 : 0.0965    averagepopularity@10 : 5308.1939    giniindex@10 : 0.9768    shannonentropy@10 : 0.0115    tailpercentage@10 : 0.0
Thu 09 May 2024 09:08:43 INFO  epoch 7 training [time: 17.16s, train loss: 347.9992]
Thu 09 May 2024 09:10:05 INFO  epoch 7 evaluating [time: 81.55s, valid_score: 0.551900]
Thu 09 May 2024 09:10:05 INFO  valid result: 
recall@10 : 0.6146    mrr@10 : 0.5519    ndcg@10 : 0.4883    hit@10 : 0.8829    map@10 : 0.3718    precision@10 : 0.1787    gauc : 0.9719    itemcoverage@10 : 0.0967    averagepopularity@10 : 5410.0886    giniindex@10 : 0.9775    shannonentropy@10 : 0.0114    tailpercentage@10 : 0.0
Thu 09 May 2024 09:10:05 INFO  Saving current: saved/mind/DMF/DMF-May-09-2024_08-56-53.pth
Thu 09 May 2024 09:10:22 INFO  epoch 8 training [time: 17.31s, train loss: 346.7393]
Thu 09 May 2024 09:11:44 INFO  epoch 8 evaluating [time: 81.48s, valid_score: 0.536900]
Thu 09 May 2024 09:11:44 INFO  valid result: 
recall@10 : 0.6135    mrr@10 : 0.5369    ndcg@10 : 0.4797    hit@10 : 0.8792    map@10 : 0.3613    precision@10 : 0.1809    gauc : 0.9712    itemcoverage@10 : 0.1003    averagepopularity@10 : 5444.454    giniindex@10 : 0.9774    shannonentropy@10 : 0.011    tailpercentage@10 : 0.0
Thu 09 May 2024 09:12:01 INFO  epoch 9 training [time: 17.11s, train loss: 346.1364]
Thu 09 May 2024 09:13:23 INFO  epoch 9 evaluating [time: 81.64s, valid_score: 0.547800]
Thu 09 May 2024 09:13:23 INFO  valid result: 
recall@10 : 0.6135    mrr@10 : 0.5478    ndcg@10 : 0.4842    hit@10 : 0.8809    map@10 : 0.3664    precision@10 : 0.1801    gauc : 0.971    itemcoverage@10 : 0.1044    averagepopularity@10 : 5643.2592    giniindex@10 : 0.9783    shannonentropy@10 : 0.0105    tailpercentage@10 : 0.0
Thu 09 May 2024 09:13:39 INFO  epoch 10 training [time: 16.93s, train loss: 345.6050]
Thu 09 May 2024 09:15:01 INFO  epoch 10 evaluating [time: 81.49s, valid_score: 0.547600]
Thu 09 May 2024 09:15:01 INFO  valid result: 
recall@10 : 0.6151    mrr@10 : 0.5476    ndcg@10 : 0.4847    hit@10 : 0.8842    map@10 : 0.3666    precision@10 : 0.1793    gauc : 0.9707    itemcoverage@10 : 0.1033    averagepopularity@10 : 5432.3581    giniindex@10 : 0.9766    shannonentropy@10 : 0.0108    tailpercentage@10 : 0.0
Thu 09 May 2024 09:15:18 INFO  epoch 11 training [time: 16.93s, train loss: 345.3422]
Thu 09 May 2024 09:16:39 INFO  epoch 11 evaluating [time: 81.42s, valid_score: 0.541300]
Thu 09 May 2024 09:16:39 INFO  valid result: 
recall@10 : 0.6147    mrr@10 : 0.5413    ndcg@10 : 0.4817    hit@10 : 0.8827    map@10 : 0.3633    precision@10 : 0.1797    gauc : 0.9708    itemcoverage@10 : 0.1035    averagepopularity@10 : 5347.7751    giniindex@10 : 0.9762    shannonentropy@10 : 0.0108    tailpercentage@10 : 0.0
Thu 09 May 2024 09:16:56 INFO  epoch 12 training [time: 16.98s, train loss: 344.7483]
Thu 09 May 2024 09:18:18 INFO  epoch 12 evaluating [time: 81.56s, valid_score: 0.546200]
Thu 09 May 2024 09:18:18 INFO  valid result: 
recall@10 : 0.6199    mrr@10 : 0.5462    ndcg@10 : 0.4861    hit@10 : 0.8856    map@10 : 0.3669    precision@10 : 0.1824    gauc : 0.9711    itemcoverage@10 : 0.1044    averagepopularity@10 : 5541.4915    giniindex@10 : 0.9769    shannonentropy@10 : 0.0106    tailpercentage@10 : 0.0
Thu 09 May 2024 09:18:35 INFO  epoch 13 training [time: 17.22s, train loss: 344.9138]
Thu 09 May 2024 09:19:57 INFO  epoch 13 evaluating [time: 81.55s, valid_score: 0.549600]
Thu 09 May 2024 09:19:57 INFO  valid result: 
recall@10 : 0.6136    mrr@10 : 0.5496    ndcg@10 : 0.4878    hit@10 : 0.8801    map@10 : 0.3714    precision@10 : 0.1812    gauc : 0.9699    itemcoverage@10 : 0.1071    averagepopularity@10 : 5399.7642    giniindex@10 : 0.9759    shannonentropy@10 : 0.0105    tailpercentage@10 : 0.0
Thu 09 May 2024 09:20:14 INFO  epoch 14 training [time: 17.19s, train loss: 344.5286]
Thu 09 May 2024 09:21:35 INFO  epoch 14 evaluating [time: 81.54s, valid_score: 0.557600]
Thu 09 May 2024 09:21:35 INFO  valid result: 
recall@10 : 0.6184    mrr@10 : 0.5576    ndcg@10 : 0.4942    hit@10 : 0.8834    map@10 : 0.3776    precision@10 : 0.182    gauc : 0.9709    itemcoverage@10 : 0.1076    averagepopularity@10 : 5230.6828    giniindex@10 : 0.9749    shannonentropy@10 : 0.0105    tailpercentage@10 : 0.0
Thu 09 May 2024 09:21:35 INFO  Saving current: saved/mind/DMF/DMF-May-09-2024_08-56-53.pth
Thu 09 May 2024 09:21:52 INFO  epoch 15 training [time: 16.89s, train loss: 344.1664]
Thu 09 May 2024 09:23:14 INFO  epoch 15 evaluating [time: 81.38s, valid_score: 0.548600]
Thu 09 May 2024 09:23:14 INFO  valid result: 
recall@10 : 0.6106    mrr@10 : 0.5486    ndcg@10 : 0.4858    hit@10 : 0.8761    map@10 : 0.3698    precision@10 : 0.1798    gauc : 0.9704    itemcoverage@10 : 0.1137    averagepopularity@10 : 5417.7798    giniindex@10 : 0.976    shannonentropy@10 : 0.0098    tailpercentage@10 : 0.0
Thu 09 May 2024 09:23:31 INFO  epoch 16 training [time: 17.08s, train loss: 344.1992]
Thu 09 May 2024 09:24:52 INFO  epoch 16 evaluating [time: 81.64s, valid_score: 0.548000]
Thu 09 May 2024 09:24:52 INFO  valid result: 
recall@10 : 0.6108    mrr@10 : 0.548    ndcg@10 : 0.485    hit@10 : 0.8788    map@10 : 0.3689    precision@10 : 0.1794    gauc : 0.9712    itemcoverage@10 : 0.111    averagepopularity@10 : 5388.1462    giniindex@10 : 0.9751    shannonentropy@10 : 0.0101    tailpercentage@10 : 0.0
Thu 09 May 2024 09:25:10 INFO  epoch 17 training [time: 17.14s, train loss: 343.8165]
Thu 09 May 2024 09:26:31 INFO  epoch 17 evaluating [time: 81.55s, valid_score: 0.552400]
Thu 09 May 2024 09:26:31 INFO  valid result: 
recall@10 : 0.6132    mrr@10 : 0.5524    ndcg@10 : 0.4891    hit@10 : 0.8796    map@10 : 0.3734    precision@10 : 0.1798    gauc : 0.9705    itemcoverage@10 : 0.1128    averagepopularity@10 : 5176.4627    giniindex@10 : 0.974    shannonentropy@10 : 0.0101    tailpercentage@10 : 0.0
Thu 09 May 2024 09:26:48 INFO  epoch 18 training [time: 17.18s, train loss: 344.0166]
Thu 09 May 2024 09:28:16 INFO  epoch 18 evaluating [time: 87.98s, valid_score: 0.538600]
Thu 09 May 2024 09:28:16 INFO  valid result: 
recall@10 : 0.6147    mrr@10 : 0.5386    ndcg@10 : 0.4806    hit@10 : 0.8801    map@10 : 0.3622    precision@10 : 0.179    gauc : 0.9705    itemcoverage@10 : 0.1148    averagepopularity@10 : 5046.1135    giniindex@10 : 0.9746    shannonentropy@10 : 0.0099    tailpercentage@10 : 0.0
Thu 09 May 2024 09:28:34 INFO  epoch 19 training [time: 17.33s, train loss: 344.0194]
