Thu 04 Apr 2024 20:46:25 INFO  ['src/default_tracker.py', '--dataset=LFM-1b_artist_20U50I_75strat', '--model=DMF']
Thu 04 Apr 2024 20:46:25 INFO  
General Hyper Parameters:
gpu_id = 0
use_gpu = True
seed = 2020
state = INFO
reproducibility = True
data_path = data/LFM-1b_artist_20U50I_75strat
checkpoint_dir = saved/LFM-1b_artist_20U50I_75strat/DMF
show_progress = True
save_dataset = False
dataset_save_path = None
save_dataloaders = False
dataloaders_save_path = None
log_wandb = False

Training Hyper Parameters:
epochs = 200
train_batch_size = 2048
learner = adam
learning_rate = 0.001
train_neg_sample_args = {'distribution': 'uniform', 'sample_num': 1, 'dynamic': False, 'candidate_num': 0, 'alpha': 1.0}
eval_step = 1
stopping_step = 10
clip_grad_norm = None
weight_decay = 0.0
loss_decimal_place = 4

Evaluation Hyper Parameters:
eval_args = {'split': {'RS': [0.8, 0.1, 0.1]}, 'order': 'RO', 'group_by': 'user', 'mode': {'valid': 'full', 'test': 'full'}}
repeatable = False
metrics = ['Recall', 'MRR', 'NDCG', 'Hit', 'Precision']
topk = [10]
valid_metric = MRR@10
valid_metric_bigger = True
eval_batch_size = 4096
metric_decimal_place = 4

Dataset Hyper Parameters:
field_separator = 	
seq_separator =  
USER_ID_FIELD = user_id
ITEM_ID_FIELD = item_id
RATING_FIELD = rating
TIME_FIELD = timestamp
seq_len = None
LABEL_FIELD = label
threshold = None
NEG_PREFIX = neg_
load_col = {'inter': ['user_id', 'item_id']}
unload_col = None
unused_col = None
additional_feat_suffix = None
rm_dup_inter = None
val_interval = None
filter_inter_by_user_or_item = True
user_inter_num_interval = [0,inf)
item_inter_num_interval = [0,inf)
alias_of_user_id = None
alias_of_item_id = None
alias_of_entity_id = None
alias_of_relation_id = None
preload_weight = None
normalize_field = None
normalize_all = None
ITEM_LIST_LENGTH_FIELD = item_length
LIST_SUFFIX = _list
MAX_ITEM_LIST_LENGTH = 50
POSITION_FIELD = position_id
HEAD_ENTITY_ID_FIELD = head_id
TAIL_ENTITY_ID_FIELD = tail_id
RELATION_ID_FIELD = relation_id
ENTITY_ID_FIELD = entity_id
benchmark_filename = None

Other Hyper Parameters: 
worker = 0
wandb_project = recbole
shuffle = True
require_pow = False
enable_amp = False
enable_scaler = False
transform = None
inter_matrix_type = 01
user_embedding_size = 64
item_embedding_size = 64
user_hidden_size_list = [64, 64]
item_hidden_size_list = [64, 64]
embedding_size = 10
numerical_features = []
discretization = None
kg_reverse_r = False
entity_kg_num_interval = [0,inf)
relation_kg_num_interval = [0,inf)
MODEL_TYPE = ModelType.GENERAL
encoding = utf-8
device = cuda
my_log_file = /mnt/batch/tasks/shared/LS_root/mounts/clusters/fontanagpu/code/sustainability-of-recsys/log/carbon_default.log
MODEL_INPUT_TYPE = InputType.POINTWISE
eval_type = EvaluatorType.RANKING
single_spec = True
local_rank = 0
valid_neg_sample_args = {'distribution': 'uniform', 'sample_num': 'none'}
test_neg_sample_args = {'distribution': 'uniform', 'sample_num': 'none'}


Thu 04 Apr 2024 20:46:28 INFO  LFM-1b_artist_20U50I_75strat
The number of users: 19842
Average actions of users: 33.660097777329774
The number of items: 38933
Average actions of items: 17.154268981814447
The number of inters: 667850
The sparsity of the dataset: 99.91354788644381%
Remain Fields: ['user_id', 'item_id']
Thu 04 Apr 2024 20:46:30 INFO  [Training]: train_batch_size = [2048] train_neg_sample_args: [{'distribution': 'uniform', 'sample_num': 1, 'dynamic': False, 'candidate_num': 0, 'alpha': 1.0}]
Thu 04 Apr 2024 20:46:30 INFO  [Evaluation]: eval_batch_size = [4096] eval_args: [{'split': {'RS': [0.8, 0.1, 0.1]}, 'order': 'RO', 'group_by': 'user', 'mode': {'valid': 'full', 'test': 'full'}}]
Thu 04 Apr 2024 20:46:30 WARNING  Max value of item's history interaction records has reached 22.4523737526459% of the total.
Thu 04 Apr 2024 20:46:33 INFO  DMF(
  (user_linear): Linear(in_features=38933, out_features=64, bias=False)
  (item_linear): Linear(in_features=19842, out_features=64, bias=False)
  (user_fc_layers): MLPLayers(
    (mlp_layers): Sequential(
      (0): Dropout(p=0.0, inplace=False)
      (1): Linear(in_features=64, out_features=64, bias=True)
      (2): ReLU()
      (3): Dropout(p=0.0, inplace=False)
      (4): Linear(in_features=64, out_features=64, bias=True)
      (5): ReLU()
    )
  )
  (item_fc_layers): MLPLayers(
    (mlp_layers): Sequential(
      (0): Dropout(p=0.0, inplace=False)
      (1): Linear(in_features=64, out_features=64, bias=True)
      (2): ReLU()
      (3): Dropout(p=0.0, inplace=False)
      (4): Linear(in_features=64, out_features=64, bias=True)
      (5): ReLU()
    )
  )
  (sigmoid): Sigmoid()
  (bce_loss): BCEWithLogitsLoss()
)
Trainable parameters: 3778240
Thu 04 Apr 2024 20:46:40 INFO  FLOPs: 3777984.0
Thu 04 Apr 2024 20:47:20 INFO  epoch 0 training [time: 9.67s, train loss: 272.6997]
Thu 04 Apr 2024 20:47:50 INFO  epoch 0 evaluating [time: 30.14s, valid_score: 0.057800]
Thu 04 Apr 2024 20:47:50 INFO  valid result: 
recall@10 : 0.0741    mrr@10 : 0.0578    ndcg@10 : 0.0445    hit@10 : 0.1762    precision@10 : 0.0204
Thu 04 Apr 2024 20:47:51 INFO  Saving current: saved/LFM-1b_artist_20U50I_75strat/DMF/DMF-Apr-04-2024_20-46-40.pth
Thu 04 Apr 2024 20:47:59 INFO  epoch 1 training [time: 7.87s, train loss: 268.1361]
Thu 04 Apr 2024 20:48:27 INFO  epoch 1 evaluating [time: 28.22s, valid_score: 0.069300]
Thu 04 Apr 2024 20:48:27 INFO  valid result: 
recall@10 : 0.0703    mrr@10 : 0.0693    ndcg@10 : 0.0481    hit@10 : 0.1769    precision@10 : 0.0201
Thu 04 Apr 2024 20:48:28 INFO  Saving current: saved/LFM-1b_artist_20U50I_75strat/DMF/DMF-Apr-04-2024_20-46-40.pth
Thu 04 Apr 2024 20:48:36 INFO  epoch 2 training [time: 7.79s, train loss: 267.6208]
Thu 04 Apr 2024 20:49:04 INFO  epoch 2 evaluating [time: 28.38s, valid_score: 0.069900]
Thu 04 Apr 2024 20:49:04 INFO  valid result: 
recall@10 : 0.0738    mrr@10 : 0.0699    ndcg@10 : 0.049    hit@10 : 0.18    precision@10 : 0.0205
Thu 04 Apr 2024 20:49:05 INFO  Saving current: saved/LFM-1b_artist_20U50I_75strat/DMF/DMF-Apr-04-2024_20-46-40.pth
Thu 04 Apr 2024 20:49:12 INFO  epoch 3 training [time: 7.79s, train loss: 266.5234]
Thu 04 Apr 2024 20:49:41 INFO  epoch 3 evaluating [time: 28.40s, valid_score: 0.058400]
Thu 04 Apr 2024 20:49:41 INFO  valid result: 
recall@10 : 0.0634    mrr@10 : 0.0584    ndcg@10 : 0.041    hit@10 : 0.1631    precision@10 : 0.0185
Thu 04 Apr 2024 20:49:49 INFO  epoch 4 training [time: 7.91s, train loss: 263.1239]
Thu 04 Apr 2024 20:50:17 INFO  epoch 4 evaluating [time: 28.55s, valid_score: 0.060500]
Thu 04 Apr 2024 20:50:17 INFO  valid result: 
recall@10 : 0.0692    mrr@10 : 0.0605    ndcg@10 : 0.044    hit@10 : 0.1657    precision@10 : 0.0184
Thu 04 Apr 2024 20:50:25 INFO  epoch 5 training [time: 7.97s, train loss: 259.5524]
Thu 04 Apr 2024 20:50:54 INFO  epoch 5 evaluating [time: 28.41s, valid_score: 0.075200]
Thu 04 Apr 2024 20:50:54 INFO  valid result: 
recall@10 : 0.0911    mrr@10 : 0.0752    ndcg@10 : 0.0576    hit@10 : 0.2027    precision@10 : 0.0231
Thu 04 Apr 2024 20:50:54 INFO  Saving current: saved/LFM-1b_artist_20U50I_75strat/DMF/DMF-Apr-04-2024_20-46-40.pth
Thu 04 Apr 2024 20:51:02 INFO  epoch 6 training [time: 7.82s, train loss: 256.6395]
Thu 04 Apr 2024 20:51:31 INFO  epoch 6 evaluating [time: 28.41s, valid_score: 0.073500]
Thu 04 Apr 2024 20:51:31 INFO  valid result: 
recall@10 : 0.0941    mrr@10 : 0.0735    ndcg@10 : 0.0576    hit@10 : 0.2079    precision@10 : 0.0236
Thu 04 Apr 2024 20:51:38 INFO  epoch 7 training [time: 7.93s, train loss: 255.3274]
Thu 04 Apr 2024 20:52:07 INFO  epoch 7 evaluating [time: 28.51s, valid_score: 0.079100]
Thu 04 Apr 2024 20:52:07 INFO  valid result: 
recall@10 : 0.0981    mrr@10 : 0.0791    ndcg@10 : 0.0615    hit@10 : 0.2212    precision@10 : 0.0253
Thu 04 Apr 2024 20:52:08 INFO  Saving current: saved/LFM-1b_artist_20U50I_75strat/DMF/DMF-Apr-04-2024_20-46-40.pth
Thu 04 Apr 2024 20:52:16 INFO  epoch 8 training [time: 7.82s, train loss: 254.0160]
Thu 04 Apr 2024 20:52:44 INFO  epoch 8 evaluating [time: 28.54s, valid_score: 0.083900]
Thu 04 Apr 2024 20:52:44 INFO  valid result: 
recall@10 : 0.0998    mrr@10 : 0.0839    ndcg@10 : 0.0634    hit@10 : 0.2266    precision@10 : 0.0262
Thu 04 Apr 2024 20:52:45 INFO  Saving current: saved/LFM-1b_artist_20U50I_75strat/DMF/DMF-Apr-04-2024_20-46-40.pth
Thu 04 Apr 2024 20:52:53 INFO  epoch 9 training [time: 7.84s, train loss: 252.7706]
Thu 04 Apr 2024 20:53:21 INFO  epoch 9 evaluating [time: 28.47s, valid_score: 0.082300]
Thu 04 Apr 2024 20:53:21 INFO  valid result: 
recall@10 : 0.0976    mrr@10 : 0.0823    ndcg@10 : 0.0624    hit@10 : 0.2195    precision@10 : 0.0254
Thu 04 Apr 2024 20:53:29 INFO  epoch 10 training [time: 7.93s, train loss: 251.7256]
Thu 04 Apr 2024 20:53:58 INFO  epoch 10 evaluating [time: 28.54s, valid_score: 0.087400]
Thu 04 Apr 2024 20:53:58 INFO  valid result: 
recall@10 : 0.1028    mrr@10 : 0.0874    ndcg@10 : 0.0668    hit@10 : 0.2289    precision@10 : 0.0266
Thu 04 Apr 2024 20:53:58 INFO  Saving current: saved/LFM-1b_artist_20U50I_75strat/DMF/DMF-Apr-04-2024_20-46-40.pth
Thu 04 Apr 2024 20:54:06 INFO  epoch 11 training [time: 7.86s, train loss: 250.3186]
Thu 04 Apr 2024 20:54:35 INFO  epoch 11 evaluating [time: 28.56s, valid_score: 0.067300]
Thu 04 Apr 2024 20:54:35 INFO  valid result: 
recall@10 : 0.0856    mrr@10 : 0.0673    ndcg@10 : 0.0527    hit@10 : 0.1897    precision@10 : 0.0213
Thu 04 Apr 2024 20:54:43 INFO  epoch 12 training [time: 7.94s, train loss: 248.8795]
Thu 04 Apr 2024 20:55:11 INFO  epoch 12 evaluating [time: 28.75s, valid_score: 0.080500]
Thu 04 Apr 2024 20:55:11 INFO  valid result: 
recall@10 : 0.1015    mrr@10 : 0.0805    ndcg@10 : 0.0634    hit@10 : 0.2197    precision@10 : 0.0249
Thu 04 Apr 2024 20:55:19 INFO  epoch 13 training [time: 7.93s, train loss: 247.8308]
Thu 04 Apr 2024 20:55:48 INFO  epoch 13 evaluating [time: 28.67s, valid_score: 0.084100]
Thu 04 Apr 2024 20:55:48 INFO  valid result: 
recall@10 : 0.1025    mrr@10 : 0.0841    ndcg@10 : 0.0649    hit@10 : 0.2306    precision@10 : 0.0268
Thu 04 Apr 2024 20:55:56 INFO  epoch 14 training [time: 7.95s, train loss: 247.0752]
Thu 04 Apr 2024 20:56:25 INFO  epoch 14 evaluating [time: 28.70s, valid_score: 0.091700]
Thu 04 Apr 2024 20:56:25 INFO  valid result: 
recall@10 : 0.1117    mrr@10 : 0.0917    ndcg@10 : 0.0714    hit@10 : 0.2443    precision@10 : 0.0286
Thu 04 Apr 2024 20:56:25 INFO  Saving current: saved/LFM-1b_artist_20U50I_75strat/DMF/DMF-Apr-04-2024_20-46-40.pth
Thu 04 Apr 2024 20:56:33 INFO  epoch 15 training [time: 7.83s, train loss: 246.7814]
Thu 04 Apr 2024 20:57:02 INFO  epoch 15 evaluating [time: 28.56s, valid_score: 0.082600]
Thu 04 Apr 2024 20:57:02 INFO  valid result: 
recall@10 : 0.1096    mrr@10 : 0.0826    ndcg@10 : 0.0671    hit@10 : 0.2312    precision@10 : 0.0269
Thu 04 Apr 2024 20:57:10 INFO  epoch 16 training [time: 7.96s, train loss: 245.8711]
Thu 04 Apr 2024 20:57:40 INFO  epoch 16 evaluating [time: 30.17s, valid_score: 0.093400]
Thu 04 Apr 2024 20:57:40 INFO  valid result: 
recall@10 : 0.1126    mrr@10 : 0.0934    ndcg@10 : 0.0721    hit@10 : 0.2487    precision@10 : 0.0291
Thu 04 Apr 2024 20:57:41 INFO  Saving current: saved/LFM-1b_artist_20U50I_75strat/DMF/DMF-Apr-04-2024_20-46-40.pth
Thu 04 Apr 2024 20:57:48 INFO  epoch 17 training [time: 7.81s, train loss: 245.0819]
Thu 04 Apr 2024 20:58:17 INFO  epoch 17 evaluating [time: 28.56s, valid_score: 0.085600]
Thu 04 Apr 2024 20:58:17 INFO  valid result: 
recall@10 : 0.1087    mrr@10 : 0.0856    ndcg@10 : 0.0671    hit@10 : 0.237    precision@10 : 0.0278
Thu 04 Apr 2024 20:58:25 INFO  epoch 18 training [time: 7.94s, train loss: 244.6368]
Thu 04 Apr 2024 20:58:54 INFO  epoch 18 evaluating [time: 28.56s, valid_score: 0.086600]
Thu 04 Apr 2024 20:58:54 INFO  valid result: 
recall@10 : 0.1077    mrr@10 : 0.0866    ndcg@10 : 0.0679    hit@10 : 0.2334    precision@10 : 0.0271
Thu 04 Apr 2024 20:59:01 INFO  epoch 19 training [time: 7.94s, train loss: 244.2499]
Thu 04 Apr 2024 20:59:30 INFO  epoch 19 evaluating [time: 28.57s, valid_score: 0.080900]
Thu 04 Apr 2024 20:59:30 INFO  valid result: 
recall@10 : 0.1036    mrr@10 : 0.0809    ndcg@10 : 0.0644    hit@10 : 0.2241    precision@10 : 0.0257
Thu 04 Apr 2024 20:59:38 INFO  epoch 20 training [time: 8.00s, train loss: 243.7174]
Thu 04 Apr 2024 21:00:07 INFO  epoch 20 evaluating [time: 28.78s, valid_score: 0.086400]
Thu 04 Apr 2024 21:00:07 INFO  valid result: 
recall@10 : 0.1087    mrr@10 : 0.0864    ndcg@10 : 0.0682    hit@10 : 0.234    precision@10 : 0.0268
Thu 04 Apr 2024 21:00:15 INFO  epoch 21 training [time: 7.94s, train loss: 243.4713]
Thu 04 Apr 2024 21:00:43 INFO  epoch 21 evaluating [time: 28.68s, valid_score: 0.085000]
Thu 04 Apr 2024 21:00:43 INFO  valid result: 
recall@10 : 0.1124    mrr@10 : 0.085    ndcg@10 : 0.0694    hit@10 : 0.2361    precision@10 : 0.0272
Thu 04 Apr 2024 21:00:51 INFO  epoch 22 training [time: 7.93s, train loss: 243.0126]
Thu 04 Apr 2024 21:01:20 INFO  epoch 22 evaluating [time: 28.80s, valid_score: 0.088100]
Thu 04 Apr 2024 21:01:20 INFO  valid result: 
recall@10 : 0.1118    mrr@10 : 0.0881    ndcg@10 : 0.0707    hit@10 : 0.2397    precision@10 : 0.0277
Thu 04 Apr 2024 21:01:28 INFO  epoch 23 training [time: 7.96s, train loss: 242.8526]
Thu 04 Apr 2024 21:01:57 INFO  epoch 23 evaluating [time: 28.59s, valid_score: 0.081800]
Thu 04 Apr 2024 21:01:57 INFO  valid result: 
recall@10 : 0.1081    mrr@10 : 0.0818    ndcg@10 : 0.0668    hit@10 : 0.2287    precision@10 : 0.0262
Thu 04 Apr 2024 21:02:05 INFO  epoch 24 training [time: 8.03s, train loss: 242.7105]
Thu 04 Apr 2024 21:02:33 INFO  epoch 24 evaluating [time: 28.64s, valid_score: 0.079800]
Thu 04 Apr 2024 21:02:33 INFO  valid result: 
recall@10 : 0.1064    mrr@10 : 0.0798    ndcg@10 : 0.065    hit@10 : 0.2256    precision@10 : 0.0257
Thu 04 Apr 2024 21:02:41 INFO  epoch 25 training [time: 7.94s, train loss: 242.3899]
Thu 04 Apr 2024 21:03:10 INFO  epoch 25 evaluating [time: 28.55s, valid_score: 0.091600]
Thu 04 Apr 2024 21:03:10 INFO  valid result: 
recall@10 : 0.1117    mrr@10 : 0.0916    ndcg@10 : 0.0712    hit@10 : 0.2429    precision@10 : 0.0286
Thu 04 Apr 2024 21:03:18 INFO  epoch 26 training [time: 7.94s, train loss: 242.0372]
Thu 04 Apr 2024 21:03:46 INFO  epoch 26 evaluating [time: 28.56s, valid_score: 0.091200]
Thu 04 Apr 2024 21:03:46 INFO  valid result: 
recall@10 : 0.1129    mrr@10 : 0.0912    ndcg@10 : 0.0715    hit@10 : 0.2451    precision@10 : 0.0288
Thu 04 Apr 2024 21:03:54 INFO  epoch 27 training [time: 7.92s, train loss: 241.5901]
Thu 04 Apr 2024 21:04:23 INFO  epoch 27 evaluating [time: 28.53s, valid_score: 0.084900]
Thu 04 Apr 2024 21:04:23 INFO  valid result: 
recall@10 : 0.1086    mrr@10 : 0.0849    ndcg@10 : 0.0676    hit@10 : 0.2311    precision@10 : 0.0265
Thu 04 Apr 2024 21:04:23 INFO  Finished training, best eval result in epoch 16
Thu 04 Apr 2024 21:04:24 INFO  Loading model structure and parameters from saved/LFM-1b_artist_20U50I_75strat/DMF/DMF-Apr-04-2024_20-46-40.pth
Thu 04 Apr 2024 21:04:54 INFO  The running environment of this training is as follows:
+-------------+----------------+
| Environment |     Usage      |
+=============+================+
| CPU         |     0.80 %     |
+-------------+----------------+
| GPU         | 4.19 G/14.58 G |
+-------------+----------------+
| Memory      | 1.35 G/27.41 G |
+-------------+----------------+
Thu 04 Apr 2024 21:04:54 INFO  best valid : OrderedDict([('recall@10', 0.1126), ('mrr@10', 0.0934), ('ndcg@10', 0.0721), ('hit@10', 0.2487), ('precision@10', 0.0291)])
Thu 04 Apr 2024 21:04:54 INFO  test result: OrderedDict([('recall@10', 0.1157), ('mrr@10', 0.0932), ('ndcg@10', 0.073), ('hit@10', 0.251), ('precision@10', 0.0296)])
Thu 04 Apr 2024 21:04:55 INFO  
General Hyper Parameters:
gpu_id = 0
use_gpu = True
seed = 2020
state = INFO
reproducibility = True
data_path = data/LFM-1b_artist_20U50I_75strat
checkpoint_dir = saved/LFM-1b_artist_20U50I_75strat/DMF
show_progress = True
save_dataset = False
dataset_save_path = None
save_dataloaders = False
dataloaders_save_path = None
log_wandb = False

Training Hyper Parameters:
epochs = 200
train_batch_size = 2048
learner = adam
learning_rate = 0.001
train_neg_sample_args = {'distribution': 'uniform', 'sample_num': 1, 'dynamic': False, 'candidate_num': 0, 'alpha': 1.0}
eval_step = 1
stopping_step = 10
clip_grad_norm = None
weight_decay = 0.0
loss_decimal_place = 4

Evaluation Hyper Parameters:
eval_args = {'split': {'RS': [0.8, 0.1, 0.1]}, 'order': 'RO', 'group_by': 'user', 'mode': {'valid': 'full', 'test': 'full'}}
repeatable = False
metrics = ['Recall', 'MRR', 'NDCG', 'Hit', 'Precision']
topk = [10]
valid_metric = MRR@10
valid_metric_bigger = True
eval_batch_size = 4096
metric_decimal_place = 4

Dataset Hyper Parameters:
field_separator = 	
seq_separator =  
USER_ID_FIELD = user_id
ITEM_ID_FIELD = item_id
RATING_FIELD = rating
TIME_FIELD = timestamp
seq_len = None
LABEL_FIELD = label
threshold = None
NEG_PREFIX = neg_
load_col = {'inter': ['user_id', 'item_id']}
unload_col = None
unused_col = None
additional_feat_suffix = None
rm_dup_inter = None
val_interval = None
filter_inter_by_user_or_item = True
user_inter_num_interval = [0,inf)
item_inter_num_interval = [0,inf)
alias_of_user_id = None
alias_of_item_id = None
alias_of_entity_id = None
alias_of_relation_id = None
preload_weight = None
normalize_field = None
normalize_all = None
ITEM_LIST_LENGTH_FIELD = item_length
LIST_SUFFIX = _list
MAX_ITEM_LIST_LENGTH = 50
POSITION_FIELD = position_id
HEAD_ENTITY_ID_FIELD = head_id
TAIL_ENTITY_ID_FIELD = tail_id
RELATION_ID_FIELD = relation_id
ENTITY_ID_FIELD = entity_id
benchmark_filename = None

Other Hyper Parameters: 
worker = 0
wandb_project = recbole
shuffle = True
require_pow = False
enable_amp = False
enable_scaler = False
transform = None
inter_matrix_type = 01
user_embedding_size = 64
item_embedding_size = 64
user_hidden_size_list = [64, 64]
item_hidden_size_list = [64, 64]
embedding_size = 10
numerical_features = []
discretization = None
kg_reverse_r = False
entity_kg_num_interval = [0,inf)
relation_kg_num_interval = [0,inf)
MODEL_TYPE = ModelType.GENERAL
encoding = utf-8
device = cuda
my_log_file = /mnt/batch/tasks/shared/LS_root/mounts/clusters/fontanagpu/code/sustainability-of-recsys/log/carbon_default.log
MODEL_INPUT_TYPE = InputType.POINTWISE
eval_type = EvaluatorType.RANKING
single_spec = True
local_rank = 0
valid_neg_sample_args = {'distribution': 'uniform', 'sample_num': 'none'}
test_neg_sample_args = {'distribution': 'uniform', 'sample_num': 'none'}


Thu 04 Apr 2024 21:04:58 INFO  LFM-1b_artist_20U50I_75strat
The number of users: 19842
Average actions of users: 33.660097777329774
The number of items: 38933
Average actions of items: 17.154268981814447
The number of inters: 667850
The sparsity of the dataset: 99.91354788644381%
Remain Fields: ['user_id', 'item_id']
Thu 04 Apr 2024 21:05:00 INFO  [Training]: train_batch_size = [2048] train_neg_sample_args: [{'distribution': 'uniform', 'sample_num': 1, 'dynamic': False, 'candidate_num': 0, 'alpha': 1.0}]
Thu 04 Apr 2024 21:05:00 INFO  [Evaluation]: eval_batch_size = [4096] eval_args: [{'split': {'RS': [0.8, 0.1, 0.1]}, 'order': 'RO', 'group_by': 'user', 'mode': {'valid': 'full', 'test': 'full'}}]
Thu 04 Apr 2024 21:05:00 WARNING  Max value of item's history interaction records has reached 22.4523737526459% of the total.
Thu 04 Apr 2024 21:05:03 INFO  Loading model structure and parameters from saved/LFM-1b_artist_20U50I_75strat/DMF/DMF-Apr-04-2024_20-46-40.pth
