Tue 16 Apr 2024 09:12:07 INFO  ['src/default_tracker.py', '--dataset=ml-10m_60U10I', '--model=DMF']
Tue 16 Apr 2024 09:12:07 INFO  
General Hyper Parameters:
gpu_id = 0
use_gpu = True
seed = 2020
state = INFO
reproducibility = True
data_path = data/ml-10m_60U10I
checkpoint_dir = saved/ml-10m_60U10I/DMF
show_progress = True
save_dataset = False
dataset_save_path = None
save_dataloaders = False
dataloaders_save_path = None
log_wandb = False

Training Hyper Parameters:
epochs = 1
train_batch_size = 2048
learner = adam
learning_rate = 0.001
train_neg_sample_args = {'distribution': 'uniform', 'sample_num': 1, 'dynamic': False, 'candidate_num': 0, 'alpha': 1.0}
eval_step = 1
stopping_step = 10
clip_grad_norm = None
weight_decay = 0.0
loss_decimal_place = 4

Evaluation Hyper Parameters:
eval_args = {'split': {'RS': [0.8, 0.1, 0.1]}, 'order': 'RO', 'group_by': 'user', 'mode': {'valid': 'full', 'test': 'full'}}
repeatable = False
metrics = ['Recall', 'MRR', 'NDCG', 'Hit', 'MAP', 'Precision', 'GAUC', 'ItemCoverage', 'AveragePopularity', 'GiniIndex', 'ShannonEntropy', 'TailPercentage']
topk = [10]
valid_metric = MRR@10
valid_metric_bigger = True
eval_batch_size = 4096
metric_decimal_place = 4

Dataset Hyper Parameters:
field_separator = 	
seq_separator =  
USER_ID_FIELD = user_id
ITEM_ID_FIELD = item_id
RATING_FIELD = rating
TIME_FIELD = timestamp
seq_len = None
LABEL_FIELD = label
threshold = None
NEG_PREFIX = neg_
load_col = {'inter': ['user_id', 'item_id']}
unload_col = None
unused_col = None
additional_feat_suffix = None
rm_dup_inter = None
val_interval = None
filter_inter_by_user_or_item = True
user_inter_num_interval = [0,inf)
item_inter_num_interval = [0,inf)
alias_of_user_id = None
alias_of_item_id = None
alias_of_entity_id = None
alias_of_relation_id = None
preload_weight = None
normalize_field = None
normalize_all = None
ITEM_LIST_LENGTH_FIELD = item_length
LIST_SUFFIX = _list
MAX_ITEM_LIST_LENGTH = 50
POSITION_FIELD = position_id
HEAD_ENTITY_ID_FIELD = head_id
TAIL_ENTITY_ID_FIELD = tail_id
RELATION_ID_FIELD = relation_id
ENTITY_ID_FIELD = entity_id
benchmark_filename = None

Other Hyper Parameters: 
worker = 0
wandb_project = recbole
shuffle = True
require_pow = False
enable_amp = False
enable_scaler = False
transform = None
inter_matrix_type = 01
user_embedding_size = 64
item_embedding_size = 64
user_hidden_size_list = [64, 64]
item_hidden_size_list = [64, 64]
embedding_size = 10
numerical_features = []
discretization = None
kg_reverse_r = False
entity_kg_num_interval = [0,inf)
relation_kg_num_interval = [0,inf)
MODEL_TYPE = ModelType.GENERAL
encoding = utf-8
device = cuda
my_log_file = /mnt/batch/tasks/shared/LS_root/mounts/clusters/fontanagpu/code/sustainability-of-recsys/log/carbon_default.log
MODEL_INPUT_TYPE = InputType.POINTWISE
eval_type = EvaluatorType.RANKING
single_spec = True
local_rank = 0
valid_neg_sample_args = {'distribution': 'uniform', 'sample_num': 'none'}
test_neg_sample_args = {'distribution': 'uniform', 'sample_num': 'none'}


Tue 16 Apr 2024 09:12:31 INFO  ml-10m_60U10I
The number of users: 60001
Average actions of users: 140.02968333333334
The number of items: 10001
Average actions of items: 840.1781
The number of inters: 8401781
The sparsity of the dataset: 98.59986651790646%
Remain Fields: ['user_id', 'item_id']
Tue 16 Apr 2024 09:12:56 INFO  [Training]: train_batch_size = [2048] train_neg_sample_args: [{'distribution': 'uniform', 'sample_num': 1, 'dynamic': False, 'candidate_num': 0, 'alpha': 1.0}]
Tue 16 Apr 2024 09:12:56 INFO  [Evaluation]: eval_batch_size = [4096] eval_args: [{'split': {'RS': [0.8, 0.1, 0.1]}, 'order': 'RO', 'group_by': 'user', 'mode': {'valid': 'full', 'test': 'full'}}]
Tue 16 Apr 2024 09:12:59 WARNING  Max value of item's history interaction records has reached 40.63598940017666% of the total.
Tue 16 Apr 2024 09:13:12 WARNING  Max value of user's history interaction records has reached 56.814318568143186% of the total.
Tue 16 Apr 2024 09:13:24 INFO  DMF(
  (user_linear): Linear(in_features=10001, out_features=64, bias=False)
  (item_linear): Linear(in_features=60001, out_features=64, bias=False)
  (user_fc_layers): MLPLayers(
    (mlp_layers): Sequential(
      (0): Dropout(p=0.0, inplace=False)
      (1): Linear(in_features=64, out_features=64, bias=True)
      (2): ReLU()
      (3): Dropout(p=0.0, inplace=False)
      (4): Linear(in_features=64, out_features=64, bias=True)
      (5): ReLU()
    )
  )
  (item_fc_layers): MLPLayers(
    (mlp_layers): Sequential(
      (0): Dropout(p=0.0, inplace=False)
      (1): Linear(in_features=64, out_features=64, bias=True)
      (2): ReLU()
      (3): Dropout(p=0.0, inplace=False)
      (4): Linear(in_features=64, out_features=64, bias=True)
      (5): ReLU()
    )
  )
  (sigmoid): Sigmoid()
  (bce_loss): BCEWithLogitsLoss()
)
Trainable parameters: 4496768
Tue 16 Apr 2024 09:13:31 INFO  FLOPs: 4496512.0
Tue 16 Apr 2024 09:16:58 INFO  epoch 0 training [time: 174.42s, train loss: 3351.9738]
Tue 16 Apr 2024 09:20:21 INFO  epoch 0 evaluating [time: 202.05s, valid_score: 0.280200]
Tue 16 Apr 2024 09:20:21 INFO  valid result: 
recall@10 : 0.1466    mrr@10 : 0.2802    ndcg@10 : 0.1605    hit@10 : 0.6008    map@10 : 0.0821    precision@10 : 0.1151    gauc : 0.9282    itemcoverage@10 : 0.1232    averagepopularity@10 : 12309.0116    giniindex@10 : 0.9838    shannonentropy@10 : 0.0043    tailpercentage@10 : 0.0
Tue 16 Apr 2024 09:20:21 INFO  Saving current: saved/ml-10m_60U10I/DMF/DMF-Apr-16-2024_09-13-31.pth
Tue 16 Apr 2024 09:20:22 INFO  Loading model structure and parameters from saved/ml-10m_60U10I/DMF/DMF-Apr-16-2024_09-13-31.pth
Tue 16 Apr 2024 09:23:39 INFO  The running environment of this training is as follows:
+-------------+-----------------+
| Environment |      Usage      |
+=============+=================+
| CPU         |     5.00 %      |
+-------------+-----------------+
| GPU         | 13.14 G/15.57 G |
+-------------+-----------------+
| Memory      | 3.32 G/27.41 G  |
+-------------+-----------------+
Tue 16 Apr 2024 09:23:39 INFO  best valid : OrderedDict([('recall@10', 0.1466), ('mrr@10', 0.2802), ('ndcg@10', 0.1605), ('hit@10', 0.6008), ('map@10', 0.0821), ('precision@10', 0.1151), ('gauc', 0.9282), ('itemcoverage@10', 0.1232), ('averagepopularity@10', 12309.0116), ('giniindex@10', 0.9838), ('shannonentropy@10', 0.0043), ('tailpercentage@10', 0.0)])
Tue 16 Apr 2024 09:23:39 INFO  test result: OrderedDict([('recall@10', 0.1619), ('mrr@10', 0.3244), ('ndcg@10', 0.1903), ('hit@10', 0.6252), ('map@10', 0.1057), ('precision@10', 0.1367), ('gauc', 0.93), ('itemcoverage@10', 0.1408), ('averagepopularity@10', 11972.4198), ('giniindex@10', 0.9817), ('shannonentropy@10', 0.0038), ('tailpercentage@10', 0.0)])
Tue 16 Apr 2024 09:23:40 INFO  
General Hyper Parameters:
gpu_id = 0
use_gpu = True
seed = 2020
state = INFO
reproducibility = True
data_path = data/ml-10m_60U10I
checkpoint_dir = saved/ml-10m_60U10I/DMF
show_progress = True
save_dataset = False
dataset_save_path = None
save_dataloaders = False
dataloaders_save_path = None
log_wandb = False

Training Hyper Parameters:
epochs = 1
train_batch_size = 2048
learner = adam
learning_rate = 0.001
train_neg_sample_args = {'distribution': 'uniform', 'sample_num': 1, 'dynamic': False, 'candidate_num': 0, 'alpha': 1.0}
eval_step = 1
stopping_step = 10
clip_grad_norm = None
weight_decay = 0.0
loss_decimal_place = 4

Evaluation Hyper Parameters:
eval_args = {'split': {'RS': [0.8, 0.1, 0.1]}, 'order': 'RO', 'group_by': 'user', 'mode': {'valid': 'full', 'test': 'full'}}
repeatable = False
metrics = ['Recall', 'MRR', 'NDCG', 'Hit', 'MAP', 'Precision', 'GAUC', 'ItemCoverage', 'AveragePopularity', 'GiniIndex', 'ShannonEntropy', 'TailPercentage']
topk = [10]
valid_metric = MRR@10
valid_metric_bigger = True
eval_batch_size = 4096
metric_decimal_place = 4

Dataset Hyper Parameters:
field_separator = 	
seq_separator =  
USER_ID_FIELD = user_id
ITEM_ID_FIELD = item_id
RATING_FIELD = rating
TIME_FIELD = timestamp
seq_len = None
LABEL_FIELD = label
threshold = None
NEG_PREFIX = neg_
load_col = {'inter': ['user_id', 'item_id']}
unload_col = None
unused_col = None
additional_feat_suffix = None
rm_dup_inter = None
val_interval = None
filter_inter_by_user_or_item = True
user_inter_num_interval = [0,inf)
item_inter_num_interval = [0,inf)
alias_of_user_id = None
alias_of_item_id = None
alias_of_entity_id = None
alias_of_relation_id = None
preload_weight = None
normalize_field = None
normalize_all = None
ITEM_LIST_LENGTH_FIELD = item_length
LIST_SUFFIX = _list
MAX_ITEM_LIST_LENGTH = 50
POSITION_FIELD = position_id
HEAD_ENTITY_ID_FIELD = head_id
TAIL_ENTITY_ID_FIELD = tail_id
RELATION_ID_FIELD = relation_id
ENTITY_ID_FIELD = entity_id
benchmark_filename = None

Other Hyper Parameters: 
worker = 0
wandb_project = recbole
shuffle = True
require_pow = False
enable_amp = False
enable_scaler = False
transform = None
inter_matrix_type = 01
user_embedding_size = 64
item_embedding_size = 64
user_hidden_size_list = [64, 64]
item_hidden_size_list = [64, 64]
embedding_size = 10
numerical_features = []
discretization = None
kg_reverse_r = False
entity_kg_num_interval = [0,inf)
relation_kg_num_interval = [0,inf)
MODEL_TYPE = ModelType.GENERAL
encoding = utf-8
device = cuda
my_log_file = /mnt/batch/tasks/shared/LS_root/mounts/clusters/fontanagpu/code/sustainability-of-recsys/log/carbon_default.log
MODEL_INPUT_TYPE = InputType.POINTWISE
eval_type = EvaluatorType.RANKING
single_spec = True
local_rank = 0
valid_neg_sample_args = {'distribution': 'uniform', 'sample_num': 'none'}
test_neg_sample_args = {'distribution': 'uniform', 'sample_num': 'none'}


Tue 16 Apr 2024 09:24:06 INFO  ml-10m_60U10I
The number of users: 60001
Average actions of users: 140.02968333333334
The number of items: 10001
Average actions of items: 840.1781
The number of inters: 8401781
The sparsity of the dataset: 98.59986651790646%
Remain Fields: ['user_id', 'item_id']
Tue 16 Apr 2024 09:24:29 INFO  [Training]: train_batch_size = [2048] train_neg_sample_args: [{'distribution': 'uniform', 'sample_num': 1, 'dynamic': False, 'candidate_num': 0, 'alpha': 1.0}]
Tue 16 Apr 2024 09:24:29 INFO  [Evaluation]: eval_batch_size = [4096] eval_args: [{'split': {'RS': [0.8, 0.1, 0.1]}, 'order': 'RO', 'group_by': 'user', 'mode': {'valid': 'full', 'test': 'full'}}]
Tue 16 Apr 2024 09:24:31 WARNING  Max value of item's history interaction records has reached 40.63598940017666% of the total.
Tue 16 Apr 2024 09:24:44 WARNING  Max value of user's history interaction records has reached 56.814318568143186% of the total.
Tue 16 Apr 2024 09:24:57 INFO  Loading model structure and parameters from saved/ml-10m_60U10I/DMF/DMF-Apr-16-2024_09-13-31.pth
