Mon 15 Apr 2024 20:51:36 INFO  ['src/default_tracker.py', '--dataset=ml-10m_core5', '--model=DMF']
Mon 15 Apr 2024 20:51:36 INFO  
General Hyper Parameters:
gpu_id = 0
use_gpu = True
seed = 2020
state = INFO
reproducibility = True
data_path = data/ml-10m_core5
checkpoint_dir = saved/ml-10m_core5/DMF
show_progress = True
save_dataset = False
dataset_save_path = None
save_dataloaders = False
dataloaders_save_path = None
log_wandb = False

Training Hyper Parameters:
epochs = 200
train_batch_size = 2048
learner = adam
learning_rate = 0.001
train_neg_sample_args = {'distribution': 'uniform', 'sample_num': 1, 'dynamic': False, 'candidate_num': 0, 'alpha': 1.0}
eval_step = 1
stopping_step = 10
clip_grad_norm = None
weight_decay = 0.0
loss_decimal_place = 4

Evaluation Hyper Parameters:
eval_args = {'split': {'RS': [0.8, 0.1, 0.1]}, 'order': 'RO', 'group_by': 'user', 'mode': {'valid': 'full', 'test': 'full'}}
repeatable = False
metrics = ['Recall', 'MRR', 'NDCG', 'Hit', 'MAP', 'Precision', 'GAUC', 'ItemCoverage', 'AveragePopularity', 'GiniIndex', 'ShannonEntropy', 'TailPercentage']
topk = [10]
valid_metric = MRR@10
valid_metric_bigger = True
eval_batch_size = 4096
metric_decimal_place = 4

Dataset Hyper Parameters:
field_separator = 	
seq_separator =  
USER_ID_FIELD = user_id
ITEM_ID_FIELD = item_id
RATING_FIELD = rating
TIME_FIELD = timestamp
seq_len = None
LABEL_FIELD = label
threshold = None
NEG_PREFIX = neg_
load_col = {'inter': ['user_id', 'item_id']}
unload_col = None
unused_col = None
additional_feat_suffix = None
rm_dup_inter = None
val_interval = None
filter_inter_by_user_or_item = True
user_inter_num_interval = [0,inf)
item_inter_num_interval = [0,inf)
alias_of_user_id = None
alias_of_item_id = None
alias_of_entity_id = None
alias_of_relation_id = None
preload_weight = None
normalize_field = None
normalize_all = None
ITEM_LIST_LENGTH_FIELD = item_length
LIST_SUFFIX = _list
MAX_ITEM_LIST_LENGTH = 50
POSITION_FIELD = position_id
HEAD_ENTITY_ID_FIELD = head_id
TAIL_ENTITY_ID_FIELD = tail_id
RELATION_ID_FIELD = relation_id
ENTITY_ID_FIELD = entity_id
benchmark_filename = None

Other Hyper Parameters: 
worker = 0
wandb_project = recbole
shuffle = True
require_pow = False
enable_amp = False
enable_scaler = False
transform = None
inter_matrix_type = 01
user_embedding_size = 64
item_embedding_size = 64
user_hidden_size_list = [64, 64]
item_hidden_size_list = [64, 64]
embedding_size = 10
numerical_features = []
discretization = None
kg_reverse_r = False
entity_kg_num_interval = [0,inf)
relation_kg_num_interval = [0,inf)
MODEL_TYPE = ModelType.GENERAL
encoding = utf-8
device = cuda
my_log_file = /mnt/batch/tasks/shared/LS_root/mounts/clusters/fontanagpu/code/sustainability-of-recsys/log/carbon_default.log
MODEL_INPUT_TYPE = InputType.POINTWISE
eval_type = EvaluatorType.RANKING
single_spec = True
local_rank = 0
valid_neg_sample_args = {'distribution': 'uniform', 'sample_num': 'none'}
test_neg_sample_args = {'distribution': 'uniform', 'sample_num': 'none'}


Mon 15 Apr 2024 20:52:05 INFO  ml-10m_core5
The number of users: 69879
Average actions of users: 143.0896133260826
The number of items: 10197
Average actions of items: 980.6606512357787
The number of inters: 9998816
The sparsity of the dataset: 98.59676801363936%
Remain Fields: ['user_id', 'item_id']
Mon 15 Apr 2024 20:52:34 INFO  [Training]: train_batch_size = [2048] train_neg_sample_args: [{'distribution': 'uniform', 'sample_num': 1, 'dynamic': False, 'candidate_num': 0, 'alpha': 1.0}]
Mon 15 Apr 2024 20:52:34 INFO  [Evaluation]: eval_batch_size = [4096] eval_args: [{'split': {'RS': [0.8, 0.1, 0.1]}, 'order': 'RO', 'group_by': 'user', 'mode': {'valid': 'full', 'test': 'full'}}]
Mon 15 Apr 2024 20:52:38 WARNING  Max value of item's history interaction records has reached 40.35976473618684% of the total.
Mon 15 Apr 2024 20:52:53 WARNING  Max value of user's history interaction records has reached 56.80101990781602% of the total.
Mon 15 Apr 2024 20:53:08 INFO  DMF(
  (user_linear): Linear(in_features=10197, out_features=64, bias=False)
  (item_linear): Linear(in_features=69879, out_features=64, bias=False)
  (user_fc_layers): MLPLayers(
    (mlp_layers): Sequential(
      (0): Dropout(p=0.0, inplace=False)
      (1): Linear(in_features=64, out_features=64, bias=True)
      (2): ReLU()
      (3): Dropout(p=0.0, inplace=False)
      (4): Linear(in_features=64, out_features=64, bias=True)
      (5): ReLU()
    )
  )
  (item_fc_layers): MLPLayers(
    (mlp_layers): Sequential(
      (0): Dropout(p=0.0, inplace=False)
      (1): Linear(in_features=64, out_features=64, bias=True)
      (2): ReLU()
      (3): Dropout(p=0.0, inplace=False)
      (4): Linear(in_features=64, out_features=64, bias=True)
      (5): ReLU()
    )
  )
  (sigmoid): Sigmoid()
  (bce_loss): BCEWithLogitsLoss()
)
Trainable parameters: 5141504
