Wed 08 May 2024 22:38:09 INFO  ['src/default_tracker2.py', '--dataset=LFM-1b_artist_20U50I_25strat', '--model=DMF', '--max_emission_step=-1']
Wed 08 May 2024 22:38:09 INFO  
General Hyper Parameters:
gpu_id = 0
use_gpu = True
seed = 2020
state = INFO
reproducibility = True
data_path = data/LFM-1b_artist_20U50I_25strat
checkpoint_dir = saved/LFM-1b_artist_20U50I_25strat/DMF
show_progress = True
save_dataset = False
dataset_save_path = None
save_dataloaders = False
dataloaders_save_path = None
log_wandb = False

Training Hyper Parameters:
epochs = 200
train_batch_size = 2048
learner = adam
learning_rate = 0.001
train_neg_sample_args = {'distribution': 'uniform', 'sample_num': 1, 'dynamic': False, 'candidate_num': 0, 'alpha': 1.0}
eval_step = 1
stopping_step = 10
clip_grad_norm = None
weight_decay = 0.0
loss_decimal_place = 4

Evaluation Hyper Parameters:
eval_args = {'split': {'RS': [0.8, 0.1, 0.1]}, 'order': 'RO', 'group_by': 'user', 'mode': {'valid': 'full', 'test': 'full'}}
repeatable = False
metrics = ['Recall', 'MRR', 'NDCG', 'Hit', 'MAP', 'Precision', 'GAUC', 'ItemCoverage', 'AveragePopularity', 'GiniIndex', 'ShannonEntropy', 'TailPercentage']
topk = [10]
valid_metric = MRR@10
valid_metric_bigger = True
eval_batch_size = 4096
metric_decimal_place = 4

Dataset Hyper Parameters:
field_separator = 	
seq_separator =  
USER_ID_FIELD = user_id
ITEM_ID_FIELD = item_id
RATING_FIELD = rating
TIME_FIELD = timestamp
seq_len = None
LABEL_FIELD = label
threshold = None
NEG_PREFIX = neg_
load_col = {'inter': ['user_id', 'item_id']}
unload_col = None
unused_col = None
additional_feat_suffix = None
rm_dup_inter = None
val_interval = None
filter_inter_by_user_or_item = True
user_inter_num_interval = [0,inf)
item_inter_num_interval = [0,inf)
alias_of_user_id = None
alias_of_item_id = None
alias_of_entity_id = None
alias_of_relation_id = None
preload_weight = None
normalize_field = None
normalize_all = None
ITEM_LIST_LENGTH_FIELD = item_length
LIST_SUFFIX = _list
MAX_ITEM_LIST_LENGTH = 50
POSITION_FIELD = position_id
HEAD_ENTITY_ID_FIELD = head_id
TAIL_ENTITY_ID_FIELD = tail_id
RELATION_ID_FIELD = relation_id
ENTITY_ID_FIELD = entity_id
benchmark_filename = None

Other Hyper Parameters: 
worker = 0
wandb_project = recbole
shuffle = True
require_pow = False
enable_amp = False
enable_scaler = False
transform = None
inter_matrix_type = 01
user_embedding_size = 64
item_embedding_size = 64
user_hidden_size_list = [64, 64]
item_hidden_size_list = [64, 64]
embedding_size = 10
numerical_features = []
discretization = None
kg_reverse_r = False
entity_kg_num_interval = [0,inf)
relation_kg_num_interval = [0,inf)
MODEL_TYPE = ModelType.GENERAL
encoding = utf-8
device = cuda:1
my_log_file = /home/fontana/Tesi/log/carbon_default.log
max_emission_step = -1
MODEL_INPUT_TYPE = InputType.POINTWISE
eval_type = EvaluatorType.RANKING
single_spec = True
local_rank = 0
valid_neg_sample_args = {'distribution': 'uniform', 'sample_num': 'none'}
test_neg_sample_args = {'distribution': 'uniform', 'sample_num': 'none'}


Wed 08 May 2024 22:38:10 INFO  LFM-1b_artist_20U50I_25strat
The number of users: 19842
Average actions of users: 11.01038254120256
The number of items: 24879
Average actions of items: 8.781131923788086
The number of inters: 218457
The sparsity of the dataset: 99.95574650251882%
Remain Fields: ['user_id', 'item_id']
Wed 08 May 2024 22:38:12 INFO  [Training]: train_batch_size = [2048] train_neg_sample_args: [{'distribution': 'uniform', 'sample_num': 1, 'dynamic': False, 'candidate_num': 0, 'alpha': 1.0}]
Wed 08 May 2024 22:38:12 INFO  [Evaluation]: eval_batch_size = [4096] eval_args: [{'split': {'RS': [0.8, 0.1, 0.1]}, 'order': 'RO', 'group_by': 'user', 'mode': {'valid': 'full', 'test': 'full'}}]
Wed 08 May 2024 22:38:16 INFO  DMF(
  (user_linear): Linear(in_features=24879, out_features=64, bias=False)
  (item_linear): Linear(in_features=19842, out_features=64, bias=False)
  (user_fc_layers): MLPLayers(
    (mlp_layers): Sequential(
      (0): Dropout(p=0.0, inplace=False)
      (1): Linear(in_features=64, out_features=64, bias=True)
      (2): ReLU()
      (3): Dropout(p=0.0, inplace=False)
      (4): Linear(in_features=64, out_features=64, bias=True)
      (5): ReLU()
    )
  )
  (item_fc_layers): MLPLayers(
    (mlp_layers): Sequential(
      (0): Dropout(p=0.0, inplace=False)
      (1): Linear(in_features=64, out_features=64, bias=True)
      (2): ReLU()
      (3): Dropout(p=0.0, inplace=False)
      (4): Linear(in_features=64, out_features=64, bias=True)
      (5): ReLU()
    )
  )
  (sigmoid): Sigmoid()
  (bce_loss): BCEWithLogitsLoss()
)
Trainable parameters: 2878784
Wed 08 May 2024 22:38:16 INFO  FLOPs: 2878528.0
Wed 08 May 2024 22:38:24 INFO  epoch 0 training [time: 2.61s, train loss: 93.2579]
Wed 08 May 2024 22:39:27 INFO  epoch 0 evaluating [time: 63.09s, valid_score: 0.027700]
Wed 08 May 2024 22:39:27 INFO  valid result: 
recall@10 : 0.0541    mrr@10 : 0.0277    ndcg@10 : 0.0311    hit@10 : 0.0682    map@10 : 0.0222    precision@10 : 0.0069    gauc : 0.8722    itemcoverage@10 : 0.0007    averagepopularity@10 : 705.8583    giniindex@10 : 0.9996    shannonentropy@10 : 0.1422    tailpercentage@10 : 0.0
Wed 08 May 2024 22:39:27 INFO  Saving current: saved/LFM-1b_artist_20U50I_25strat/DMF/DMF-May-08-2024_22-38-16.pth
Wed 08 May 2024 22:39:29 INFO  epoch 1 training [time: 2.49s, train loss: 89.7373]
Wed 08 May 2024 22:40:33 INFO  epoch 1 evaluating [time: 63.71s, valid_score: 0.021000]
Wed 08 May 2024 22:40:33 INFO  valid result: 
recall@10 : 0.0582    mrr@10 : 0.021    ndcg@10 : 0.0275    hit@10 : 0.0725    map@10 : 0.0168    precision@10 : 0.0073    gauc : 0.8694    itemcoverage@10 : 0.0007    averagepopularity@10 : 752.9143    giniindex@10 : 0.9996    shannonentropy@10 : 0.1347    tailpercentage@10 : 0.0
Wed 08 May 2024 22:40:35 INFO  epoch 2 training [time: 2.42s, train loss: 89.5122]
Wed 08 May 2024 22:41:40 INFO  epoch 2 evaluating [time: 64.96s, valid_score: 0.029800]
Wed 08 May 2024 22:41:40 INFO  valid result: 
recall@10 : 0.0638    mrr@10 : 0.0298    ndcg@10 : 0.0347    hit@10 : 0.0807    map@10 : 0.0235    precision@10 : 0.0082    gauc : 0.8697    itemcoverage@10 : 0.0007    averagepopularity@10 : 816.5247    giniindex@10 : 0.9996    shannonentropy@10 : 0.1352    tailpercentage@10 : 0.0
Wed 08 May 2024 22:41:41 INFO  Saving current: saved/LFM-1b_artist_20U50I_25strat/DMF/DMF-May-08-2024_22-38-16.pth
Wed 08 May 2024 22:41:43 INFO  epoch 3 training [time: 2.55s, train loss: 89.4845]
Wed 08 May 2024 22:42:48 INFO  epoch 3 evaluating [time: 64.92s, valid_score: 0.025600]
Wed 08 May 2024 22:42:48 INFO  valid result: 
recall@10 : 0.0651    mrr@10 : 0.0256    ndcg@10 : 0.0323    hit@10 : 0.0806    map@10 : 0.0204    precision@10 : 0.0081    gauc : 0.8682    itemcoverage@10 : 0.0007    averagepopularity@10 : 788.3768    giniindex@10 : 0.9996    shannonentropy@10 : 0.1429    tailpercentage@10 : 0.0
Wed 08 May 2024 22:42:51 INFO  epoch 4 training [time: 2.62s, train loss: 89.3132]
Wed 08 May 2024 22:43:55 INFO  epoch 4 evaluating [time: 64.10s, valid_score: 0.023500]
Wed 08 May 2024 22:43:55 INFO  valid result: 
recall@10 : 0.0662    mrr@10 : 0.0235    ndcg@10 : 0.0315    hit@10 : 0.0816    map@10 : 0.0192    precision@10 : 0.0083    gauc : 0.8679    itemcoverage@10 : 0.0007    averagepopularity@10 : 789.8662    giniindex@10 : 0.9996    shannonentropy@10 : 0.1429    tailpercentage@10 : 0.0
Wed 08 May 2024 22:43:58 INFO  epoch 5 training [time: 2.60s, train loss: 89.4358]
Wed 08 May 2024 22:45:02 INFO  epoch 5 evaluating [time: 64.03s, valid_score: 0.029600]
Wed 08 May 2024 22:45:02 INFO  valid result: 
recall@10 : 0.0704    mrr@10 : 0.0296    ndcg@10 : 0.036    hit@10 : 0.0875    map@10 : 0.0236    precision@10 : 0.0089    gauc : 0.8672    itemcoverage@10 : 0.0007    averagepopularity@10 : 865.1812    giniindex@10 : 0.9996    shannonentropy@10 : 0.1435    tailpercentage@10 : 0.0
Wed 08 May 2024 22:45:04 INFO  epoch 6 training [time: 2.60s, train loss: 89.3179]
Wed 08 May 2024 22:46:08 INFO  epoch 6 evaluating [time: 64.13s, valid_score: 0.020200]
Wed 08 May 2024 22:46:08 INFO  valid result: 
recall@10 : 0.0564    mrr@10 : 0.0202    ndcg@10 : 0.0264    hit@10 : 0.0717    map@10 : 0.0156    precision@10 : 0.0073    gauc : 0.8682    itemcoverage@10 : 0.0007    averagepopularity@10 : 751.737    giniindex@10 : 0.9996    shannonentropy@10 : 0.1426    tailpercentage@10 : 0.0
Wed 08 May 2024 22:46:11 INFO  epoch 7 training [time: 2.43s, train loss: 89.3900]
Wed 08 May 2024 22:47:15 INFO  epoch 7 evaluating [time: 64.21s, valid_score: 0.021500]
Wed 08 May 2024 22:47:15 INFO  valid result: 
recall@10 : 0.0542    mrr@10 : 0.0215    ndcg@10 : 0.027    hit@10 : 0.0683    map@10 : 0.0171    precision@10 : 0.0069    gauc : 0.8681    itemcoverage@10 : 0.0007    averagepopularity@10 : 730.2379    giniindex@10 : 0.9996    shannonentropy@10 : 0.1425    tailpercentage@10 : 0.0
Wed 08 May 2024 22:47:18 INFO  epoch 8 training [time: 2.61s, train loss: 89.1534]
Wed 08 May 2024 22:48:21 INFO  epoch 8 evaluating [time: 63.93s, valid_score: 0.023900]
Wed 08 May 2024 22:48:21 INFO  valid result: 
recall@10 : 0.062    mrr@10 : 0.0239    ndcg@10 : 0.0303    hit@10 : 0.0773    map@10 : 0.0188    precision@10 : 0.0078    gauc : 0.8678    itemcoverage@10 : 0.0007    averagepopularity@10 : 783.1775    giniindex@10 : 0.9996    shannonentropy@10 : 0.135    tailpercentage@10 : 0.0
Wed 08 May 2024 22:48:24 INFO  epoch 9 training [time: 2.47s, train loss: 89.1312]
Wed 08 May 2024 22:49:29 INFO  epoch 9 evaluating [time: 65.46s, valid_score: 0.030000]
Wed 08 May 2024 22:49:29 INFO  valid result: 
recall@10 : 0.0701    mrr@10 : 0.03    ndcg@10 : 0.0366    hit@10 : 0.087    map@10 : 0.0243    precision@10 : 0.0089    gauc : 0.867    itemcoverage@10 : 0.0007    averagepopularity@10 : 873.8246    giniindex@10 : 0.9996    shannonentropy@10 : 0.1435    tailpercentage@10 : 0.0
Wed 08 May 2024 22:49:30 INFO  Saving current: saved/LFM-1b_artist_20U50I_25strat/DMF/DMF-May-08-2024_22-38-16.pth
Wed 08 May 2024 22:49:32 INFO  epoch 10 training [time: 2.61s, train loss: 89.3394]
Wed 08 May 2024 22:50:36 INFO  epoch 10 evaluating [time: 63.90s, valid_score: 0.028700]
Wed 08 May 2024 22:50:36 INFO  valid result: 
recall@10 : 0.0639    mrr@10 : 0.0287    ndcg@10 : 0.0342    hit@10 : 0.078    map@10 : 0.0234    precision@10 : 0.0079    gauc : 0.8672    itemcoverage@10 : 0.0008    averagepopularity@10 : 780.8586    giniindex@10 : 0.9996    shannonentropy@10 : 0.1278    tailpercentage@10 : 0.0
Wed 08 May 2024 22:50:39 INFO  epoch 11 training [time: 2.53s, train loss: 89.1569]
Wed 08 May 2024 22:51:42 INFO  epoch 11 evaluating [time: 63.16s, valid_score: 0.029500]
Wed 08 May 2024 22:51:42 INFO  valid result: 
recall@10 : 0.0642    mrr@10 : 0.0295    ndcg@10 : 0.035    hit@10 : 0.0785    map@10 : 0.0243    precision@10 : 0.0079    gauc : 0.8681    itemcoverage@10 : 0.0007    averagepopularity@10 : 776.3656    giniindex@10 : 0.9996    shannonentropy@10 : 0.1349    tailpercentage@10 : 0.0
Wed 08 May 2024 22:51:44 INFO  epoch 12 training [time: 2.43s, train loss: 89.0676]
Wed 08 May 2024 22:52:48 INFO  epoch 12 evaluating [time: 63.28s, valid_score: 0.025600]
Wed 08 May 2024 22:52:48 INFO  valid result: 
recall@10 : 0.0649    mrr@10 : 0.0256    ndcg@10 : 0.0322    hit@10 : 0.0801    map@10 : 0.0206    precision@10 : 0.0081    gauc : 0.8676    itemcoverage@10 : 0.001    averagepopularity@10 : 774.7138    giniindex@10 : 0.9996    shannonentropy@10 : 0.1003    tailpercentage@10 : 0.0
Wed 08 May 2024 22:52:50 INFO  epoch 13 training [time: 2.35s, train loss: 88.9689]
Wed 08 May 2024 22:53:53 INFO  epoch 13 evaluating [time: 62.85s, valid_score: 0.026900]
Wed 08 May 2024 22:53:53 INFO  valid result: 
recall@10 : 0.0731    mrr@10 : 0.0269    ndcg@10 : 0.035    hit@10 : 0.0899    map@10 : 0.0218    precision@10 : 0.0091    gauc : 0.8695    itemcoverage@10 : 0.0014    averagepopularity@10 : 861.4068    giniindex@10 : 0.9995    shannonentropy@10 : 0.072    tailpercentage@10 : 0.0
Wed 08 May 2024 22:53:55 INFO  epoch 14 training [time: 2.58s, train loss: 88.6043]
Wed 08 May 2024 22:54:59 INFO  epoch 14 evaluating [time: 63.23s, valid_score: 0.022500]
Wed 08 May 2024 22:54:59 INFO  valid result: 
recall@10 : 0.0554    mrr@10 : 0.0225    ndcg@10 : 0.0282    hit@10 : 0.0683    map@10 : 0.0184    precision@10 : 0.0069    gauc : 0.8711    itemcoverage@10 : 0.0019    averagepopularity@10 : 651.907    giniindex@10 : 0.9993    shannonentropy@10 : 0.0649    tailpercentage@10 : 0.0
Wed 08 May 2024 22:55:01 INFO  epoch 15 training [time: 2.43s, train loss: 88.1057]
Wed 08 May 2024 22:56:04 INFO  epoch 15 evaluating [time: 63.00s, valid_score: 0.023900]
Wed 08 May 2024 22:56:04 INFO  valid result: 
recall@10 : 0.0656    mrr@10 : 0.0239    ndcg@10 : 0.0315    hit@10 : 0.0794    map@10 : 0.0197    precision@10 : 0.008    gauc : 0.8733    itemcoverage@10 : 0.0021    averagepopularity@10 : 700.4671    giniindex@10 : 0.9992    shannonentropy@10 : 0.0622    tailpercentage@10 : 0.0
Wed 08 May 2024 22:56:07 INFO  epoch 16 training [time: 2.58s, train loss: 87.7016]
Wed 08 May 2024 22:57:10 INFO  epoch 16 evaluating [time: 63.01s, valid_score: 0.021400]
Wed 08 May 2024 22:57:10 INFO  valid result: 
recall@10 : 0.0575    mrr@10 : 0.0214    ndcg@10 : 0.0282    hit@10 : 0.0689    map@10 : 0.0181    precision@10 : 0.007    gauc : 0.8733    itemcoverage@10 : 0.003    averagepopularity@10 : 542.6085    giniindex@10 : 0.9989    shannonentropy@10 : 0.0478    tailpercentage@10 : 0.0
Wed 08 May 2024 22:57:12 INFO  epoch 17 training [time: 2.56s, train loss: 87.5123]
Wed 08 May 2024 22:58:15 INFO  epoch 17 evaluating [time: 63.16s, valid_score: 0.026900]
Wed 08 May 2024 22:58:15 INFO  valid result: 
recall@10 : 0.0638    mrr@10 : 0.0269    ndcg@10 : 0.0331    hit@10 : 0.0768    map@10 : 0.0222    precision@10 : 0.0077    gauc : 0.8742    itemcoverage@10 : 0.0029    averagepopularity@10 : 690.697    giniindex@10 : 0.9993    shannonentropy@10 : 0.0444    tailpercentage@10 : 0.0
Wed 08 May 2024 22:58:18 INFO  epoch 18 training [time: 2.54s, train loss: 87.0767]
Wed 08 May 2024 22:59:21 INFO  epoch 18 evaluating [time: 63.11s, valid_score: 0.025700]
Wed 08 May 2024 22:59:21 INFO  valid result: 
recall@10 : 0.0638    mrr@10 : 0.0257    ndcg@10 : 0.0326    hit@10 : 0.0764    map@10 : 0.0217    precision@10 : 0.0077    gauc : 0.8742    itemcoverage@10 : 0.0029    averagepopularity@10 : 664.0509    giniindex@10 : 0.9991    shannonentropy@10 : 0.0474    tailpercentage@10 : 0.0
Wed 08 May 2024 22:59:24 INFO  epoch 19 training [time: 2.58s, train loss: 87.1094]
Wed 08 May 2024 23:00:27 INFO  epoch 19 evaluating [time: 62.93s, valid_score: 0.024600]
Wed 08 May 2024 23:00:27 INFO  valid result: 
recall@10 : 0.0601    mrr@10 : 0.0246    ndcg@10 : 0.0313    hit@10 : 0.0697    map@10 : 0.0214    precision@10 : 0.007    gauc : 0.8739    itemcoverage@10 : 0.0034    averagepopularity@10 : 627.8105    giniindex@10 : 0.999    shannonentropy@10 : 0.0407    tailpercentage@10 : 0.0
Wed 08 May 2024 23:00:29 INFO  epoch 20 training [time: 2.55s, train loss: 86.8707]
Wed 08 May 2024 23:01:32 INFO  epoch 20 evaluating [time: 63.18s, valid_score: 0.027200]
Wed 08 May 2024 23:01:32 INFO  valid result: 
recall@10 : 0.0664    mrr@10 : 0.0272    ndcg@10 : 0.034    hit@10 : 0.0808    map@10 : 0.0223    precision@10 : 0.0082    gauc : 0.8717    itemcoverage@10 : 0.0033    averagepopularity@10 : 742.2184    giniindex@10 : 0.9994    shannonentropy@10 : 0.0367    tailpercentage@10 : 0.0
Wed 08 May 2024 23:01:32 INFO  Finished training, best eval result in epoch 9
Wed 08 May 2024 23:01:32 INFO  Loading model structure and parameters from saved/LFM-1b_artist_20U50I_25strat/DMF/DMF-May-08-2024_22-38-16.pth
Wed 08 May 2024 23:02:44 INFO  The running environment of this training is as follows:
+-------------+----------------+
| Environment |     Usage      |
+=============+================+
| CPU         |    12.80 %     |
+-------------+----------------+
| GPU         | 1.02 G/11.93 G |
+-------------+----------------+
| Memory      | 2.18 G/31.23 G |
+-------------+----------------+
Wed 08 May 2024 23:02:44 INFO  best valid : OrderedDict([('recall@10', 0.0701), ('mrr@10', 0.03), ('ndcg@10', 0.0366), ('hit@10', 0.087), ('map@10', 0.0243), ('precision@10', 0.0089), ('gauc', 0.867), ('itemcoverage@10', 0.0007), ('averagepopularity@10', 873.8246), ('giniindex@10', 0.9996), ('shannonentropy@10', 0.1435), ('tailpercentage@10', 0.0)])
Wed 08 May 2024 23:02:44 INFO  test result: OrderedDict([('recall@10', 0.0698), ('mrr@10', 0.0284), ('ndcg@10', 0.0359), ('hit@10', 0.0824), ('map@10', 0.0241), ('precision@10', 0.0083), ('gauc', 0.8665), ('itemcoverage@10', 0.0007), ('averagepopularity@10', 872.5193), ('giniindex@10', 0.9996), ('shannonentropy@10', 0.1439), ('tailpercentage@10', 0.0)])
Wed 08 May 2024 23:02:44 INFO  
General Hyper Parameters:
gpu_id = 0
use_gpu = True
seed = 2020
state = INFO
reproducibility = True
data_path = data/LFM-1b_artist_20U50I_25strat
checkpoint_dir = saved/LFM-1b_artist_20U50I_25strat/DMF
show_progress = True
save_dataset = False
dataset_save_path = None
save_dataloaders = False
dataloaders_save_path = None
log_wandb = False

Training Hyper Parameters:
epochs = 200
train_batch_size = 2048
learner = adam
learning_rate = 0.001
train_neg_sample_args = {'distribution': 'uniform', 'sample_num': 1, 'dynamic': False, 'candidate_num': 0, 'alpha': 1.0}
eval_step = 1
stopping_step = 10
clip_grad_norm = None
weight_decay = 0.0
loss_decimal_place = 4

Evaluation Hyper Parameters:
eval_args = {'split': {'RS': [0.8, 0.1, 0.1]}, 'order': 'RO', 'group_by': 'user', 'mode': {'valid': 'full', 'test': 'full'}}
repeatable = False
metrics = ['Recall', 'MRR', 'NDCG', 'Hit', 'MAP', 'Precision', 'GAUC', 'ItemCoverage', 'AveragePopularity', 'GiniIndex', 'ShannonEntropy', 'TailPercentage']
topk = [10]
valid_metric = MRR@10
valid_metric_bigger = True
eval_batch_size = 4096
metric_decimal_place = 4

Dataset Hyper Parameters:
field_separator = 	
seq_separator =  
USER_ID_FIELD = user_id
ITEM_ID_FIELD = item_id
RATING_FIELD = rating
TIME_FIELD = timestamp
seq_len = None
LABEL_FIELD = label
threshold = None
NEG_PREFIX = neg_
load_col = {'inter': ['user_id', 'item_id']}
unload_col = None
unused_col = None
additional_feat_suffix = None
rm_dup_inter = None
val_interval = None
filter_inter_by_user_or_item = True
user_inter_num_interval = [0,inf)
item_inter_num_interval = [0,inf)
alias_of_user_id = None
alias_of_item_id = None
alias_of_entity_id = None
alias_of_relation_id = None
preload_weight = None
normalize_field = None
normalize_all = None
ITEM_LIST_LENGTH_FIELD = item_length
LIST_SUFFIX = _list
MAX_ITEM_LIST_LENGTH = 50
POSITION_FIELD = position_id
HEAD_ENTITY_ID_FIELD = head_id
TAIL_ENTITY_ID_FIELD = tail_id
RELATION_ID_FIELD = relation_id
ENTITY_ID_FIELD = entity_id
benchmark_filename = None

Other Hyper Parameters: 
worker = 0
wandb_project = recbole
shuffle = True
require_pow = False
enable_amp = False
enable_scaler = False
transform = None
inter_matrix_type = 01
user_embedding_size = 64
item_embedding_size = 64
user_hidden_size_list = [64, 64]
item_hidden_size_list = [64, 64]
embedding_size = 10
numerical_features = []
discretization = None
kg_reverse_r = False
entity_kg_num_interval = [0,inf)
relation_kg_num_interval = [0,inf)
MODEL_TYPE = ModelType.GENERAL
encoding = utf-8
device = cuda:1
my_log_file = /home/fontana/Tesi/log/carbon_default.log
max_emission_step = -1
MODEL_INPUT_TYPE = InputType.POINTWISE
eval_type = EvaluatorType.RANKING
single_spec = True
local_rank = 0
valid_neg_sample_args = {'distribution': 'uniform', 'sample_num': 'none'}
test_neg_sample_args = {'distribution': 'uniform', 'sample_num': 'none'}


Wed 08 May 2024 23:02:45 INFO  LFM-1b_artist_20U50I_25strat
The number of users: 19842
Average actions of users: 11.01038254120256
The number of items: 24879
Average actions of items: 8.781131923788086
The number of inters: 218457
The sparsity of the dataset: 99.95574650251882%
Remain Fields: ['user_id', 'item_id']
Wed 08 May 2024 23:02:47 INFO  [Training]: train_batch_size = [2048] train_neg_sample_args: [{'distribution': 'uniform', 'sample_num': 1, 'dynamic': False, 'candidate_num': 0, 'alpha': 1.0}]
Wed 08 May 2024 23:02:47 INFO  [Evaluation]: eval_batch_size = [4096] eval_args: [{'split': {'RS': [0.8, 0.1, 0.1]}, 'order': 'RO', 'group_by': 'user', 'mode': {'valid': 'full', 'test': 'full'}}]
Wed 08 May 2024 23:02:48 INFO  Loading model structure and parameters from saved/LFM-1b_artist_20U50I_25strat/DMF/DMF-May-08-2024_22-38-16.pth
