Thu 09 May 2024 13:09:18 INFO  ['src/default_tracker2.py', '--dataset=amazon_books_60core_kg', '--model=DGCF', '--max_emission_step=6']
Thu 09 May 2024 13:09:19 INFO  
General Hyper Parameters:
gpu_id = 0
use_gpu = True
seed = 2020
state = INFO
reproducibility = True
data_path = data/amazon_books_60core_kg
checkpoint_dir = saved/amazon_books_60core_kg/DGCF
show_progress = True
save_dataset = False
dataset_save_path = None
save_dataloaders = False
dataloaders_save_path = None
log_wandb = False

Training Hyper Parameters:
epochs = 200
train_batch_size = 2048
learner = adam
learning_rate = 0.001
train_neg_sample_args = {'distribution': 'uniform', 'sample_num': 1, 'dynamic': False, 'candidate_num': 0, 'alpha': 1.0}
eval_step = 1
stopping_step = 10
clip_grad_norm = None
weight_decay = 0.0
loss_decimal_place = 4

Evaluation Hyper Parameters:
eval_args = {'split': {'RS': [0.8, 0.1, 0.1]}, 'order': 'RO', 'group_by': 'user', 'mode': {'valid': 'full', 'test': 'full'}}
repeatable = False
metrics = ['Recall', 'MRR', 'NDCG', 'Hit', 'MAP', 'Precision', 'GAUC', 'ItemCoverage', 'AveragePopularity', 'GiniIndex', 'ShannonEntropy', 'TailPercentage']
topk = [10]
valid_metric = MRR@10
valid_metric_bigger = True
eval_batch_size = 4096
metric_decimal_place = 4

Dataset Hyper Parameters:
field_separator = 	
seq_separator =  
USER_ID_FIELD = user_id
ITEM_ID_FIELD = item_id
RATING_FIELD = rating
TIME_FIELD = timestamp
seq_len = None
LABEL_FIELD = label
threshold = None
NEG_PREFIX = neg_
load_col = {'inter': ['user_id', 'item_id']}
unload_col = None
unused_col = None
additional_feat_suffix = None
rm_dup_inter = None
val_interval = None
filter_inter_by_user_or_item = True
user_inter_num_interval = [0,inf)
item_inter_num_interval = [0,inf)
alias_of_user_id = None
alias_of_item_id = None
alias_of_entity_id = None
alias_of_relation_id = None
preload_weight = None
normalize_field = None
normalize_all = None
ITEM_LIST_LENGTH_FIELD = item_length
LIST_SUFFIX = _list
MAX_ITEM_LIST_LENGTH = 50
POSITION_FIELD = position_id
HEAD_ENTITY_ID_FIELD = head_id
TAIL_ENTITY_ID_FIELD = tail_id
RELATION_ID_FIELD = relation_id
ENTITY_ID_FIELD = entity_id
benchmark_filename = None

Other Hyper Parameters: 
worker = 0
wandb_project = recbole
shuffle = True
require_pow = False
enable_amp = False
enable_scaler = False
transform = None
embedding_size = 64
n_factors = 4
n_iterations = 2
n_layers = 1
reg_weight = 0.001
cor_weight = 0.01
numerical_features = []
discretization = None
kg_reverse_r = False
entity_kg_num_interval = [0,inf)
relation_kg_num_interval = [0,inf)
MODEL_TYPE = ModelType.GENERAL
encoding = utf-8
device = cuda:1
my_log_file = /home/fontana/Tesi/log/carbon_default.log
max_emission_step = 6
MODEL_INPUT_TYPE = InputType.PAIRWISE
eval_type = EvaluatorType.RANKING
single_spec = True
local_rank = 0
valid_neg_sample_args = {'distribution': 'uniform', 'sample_num': 'none'}
test_neg_sample_args = {'distribution': 'uniform', 'sample_num': 'none'}


Thu 09 May 2024 13:09:25 INFO  amazon_books_60core_kg
The number of users: 22156
Average actions of users: 66.16434213495825
The number of items: 54459
Average actions of items: 26.917459326453415
The number of inters: 1465871
The sparsity of the dataset: 99.87851162187994%
Remain Fields: ['user_id', 'item_id']
Thu 09 May 2024 13:09:30 INFO  [Training]: train_batch_size = [2048] train_neg_sample_args: [{'distribution': 'uniform', 'sample_num': 1, 'dynamic': False, 'candidate_num': 0, 'alpha': 1.0}]
Thu 09 May 2024 13:09:30 INFO  [Evaluation]: eval_batch_size = [4096] eval_args: [{'split': {'RS': [0.8, 0.1, 0.1]}, 'order': 'RO', 'group_by': 'user', 'mode': {'valid': 'full', 'test': 'full'}}]
Thu 09 May 2024 13:09:34 INFO  DGCF(
  (user_embedding): Embedding(22156, 64)
  (item_embedding): Embedding(54459, 64)
  (softmax): Softmax(dim=1)
  (mf_loss): BPRLoss()
  (reg_loss): EmbLoss()
)
Trainable parameters: 4903360
Thu 09 May 2024 13:09:35 INFO  FLOPs: 52356788.0
Thu 09 May 2024 13:23:40 INFO  epoch 0 training [time: 839.17s, train loss: 294.5408]
Thu 09 May 2024 13:25:25 INFO  epoch 0 evaluating [time: 105.06s, valid_score: 0.028800]
Thu 09 May 2024 13:25:25 INFO  valid result: 
recall@10 : 0.0126    mrr@10 : 0.0288    ndcg@10 : 0.0127    hit@10 : 0.0777    map@10 : 0.0052    precision@10 : 0.009    gauc : 0.887    itemcoverage@10 : 0.0073    averagepopularity@10 : 315.7052    giniindex@10 : 0.9986    shannonentropy@10 : 0.0116    tailpercentage@10 : 0.0
Thu 09 May 2024 13:25:25 INFO  Saving current: saved/amazon_books_60core_kg/DGCF/DGCF-May-09-2024_13-09-36.pth
Thu 09 May 2024 13:39:25 INFO  epoch 1 training [time: 839.27s, train loss: 154.3313]
Thu 09 May 2024 13:41:09 INFO  epoch 1 evaluating [time: 104.06s, valid_score: 0.031900]
Thu 09 May 2024 13:41:09 INFO  valid result: 
recall@10 : 0.0143    mrr@10 : 0.0319    ndcg@10 : 0.0143    hit@10 : 0.0857    map@10 : 0.006    precision@10 : 0.01    gauc : 0.9035    itemcoverage@10 : 0.0092    averagepopularity@10 : 292.8161    giniindex@10 : 0.9982    shannonentropy@10 : 0.0097    tailpercentage@10 : 0.0
Thu 09 May 2024 13:41:09 INFO  Saving current: saved/amazon_books_60core_kg/DGCF/DGCF-May-09-2024_13-09-36.pth
Thu 09 May 2024 13:55:09 INFO  epoch 2 training [time: 839.49s, train loss: 124.4438]
Thu 09 May 2024 13:56:53 INFO  epoch 2 evaluating [time: 104.12s, valid_score: 0.033600]
Thu 09 May 2024 13:56:53 INFO  valid result: 
recall@10 : 0.0152    mrr@10 : 0.0336    ndcg@10 : 0.0151    hit@10 : 0.0901    map@10 : 0.0063    precision@10 : 0.0105    gauc : 0.9119    itemcoverage@10 : 0.0117    averagepopularity@10 : 278.8747    giniindex@10 : 0.9979    shannonentropy@10 : 0.0079    tailpercentage@10 : 0.0
Thu 09 May 2024 13:56:54 INFO  Saving current: saved/amazon_books_60core_kg/DGCF/DGCF-May-09-2024_13-09-36.pth
Thu 09 May 2024 14:10:53 INFO  epoch 3 training [time: 839.51s, train loss: 109.6180]
Thu 09 May 2024 14:12:37 INFO  epoch 3 evaluating [time: 103.90s, valid_score: 0.035800]
Thu 09 May 2024 14:12:37 INFO  valid result: 
recall@10 : 0.0164    mrr@10 : 0.0358    ndcg@10 : 0.0162    hit@10 : 0.0963    map@10 : 0.0068    precision@10 : 0.0112    gauc : 0.9176    itemcoverage@10 : 0.0137    averagepopularity@10 : 267.6789    giniindex@10 : 0.9974    shannonentropy@10 : 0.007    tailpercentage@10 : 0.0
Thu 09 May 2024 14:12:38 INFO  Saving current: saved/amazon_books_60core_kg/DGCF/DGCF-May-09-2024_13-09-36.pth
Thu 09 May 2024 14:26:37 INFO  epoch 4 training [time: 839.51s, train loss: 100.0877]
Thu 09 May 2024 14:28:21 INFO  epoch 4 evaluating [time: 103.71s, valid_score: 0.037400]
Thu 09 May 2024 14:28:21 INFO  valid result: 
recall@10 : 0.0171    mrr@10 : 0.0374    ndcg@10 : 0.0169    hit@10 : 0.1001    map@10 : 0.0071    precision@10 : 0.0116    gauc : 0.9218    itemcoverage@10 : 0.0164    averagepopularity@10 : 258.4334    giniindex@10 : 0.997    shannonentropy@10 : 0.006    tailpercentage@10 : 0.0
Thu 09 May 2024 14:28:21 INFO  Saving current: saved/amazon_books_60core_kg/DGCF/DGCF-May-09-2024_13-09-36.pth
Thu 09 May 2024 14:42:20 INFO  epoch 5 training [time: 839.07s, train loss: 92.8803]
Thu 09 May 2024 14:44:05 INFO  epoch 5 evaluating [time: 104.36s, valid_score: 0.039100]
Thu 09 May 2024 14:44:05 INFO  valid result: 
recall@10 : 0.0183    mrr@10 : 0.0391    ndcg@10 : 0.0179    hit@10 : 0.1049    map@10 : 0.0075    precision@10 : 0.0123    gauc : 0.9252    itemcoverage@10 : 0.0187    averagepopularity@10 : 249.7458    giniindex@10 : 0.9964    shannonentropy@10 : 0.0054    tailpercentage@10 : 0.0
Thu 09 May 2024 14:44:05 INFO  Saving current: saved/amazon_books_60core_kg/DGCF/DGCF-May-09-2024_13-09-36.pth
Thu 09 May 2024 14:44:05 INFO  Finished training, max emissions step reached
Thu 09 May 2024 14:44:06 INFO  Loading model structure and parameters from saved/amazon_books_60core_kg/DGCF/DGCF-May-09-2024_13-09-36.pth
Thu 09 May 2024 14:45:51 INFO  The running environment of this training is as follows:
+-------------+----------------+
| Environment |     Usage      |
+=============+================+
| CPU         |    16.20 %     |
+-------------+----------------+
| GPU         | 7.36 G/11.93 G |
+-------------+----------------+
| Memory      | 2.55 G/31.23 G |
+-------------+----------------+
Thu 09 May 2024 14:45:51 INFO  best valid : OrderedDict([('recall@10', 0.0183), ('mrr@10', 0.0391), ('ndcg@10', 0.0179), ('hit@10', 0.1049), ('map@10', 0.0075), ('precision@10', 0.0123), ('gauc', 0.9252), ('itemcoverage@10', 0.0187), ('averagepopularity@10', 249.7458), ('giniindex@10', 0.9964), ('shannonentropy@10', 0.0054), ('tailpercentage@10', 0.0)])
Thu 09 May 2024 14:45:51 INFO  test result: OrderedDict([('recall@10', 0.0184), ('mrr@10', 0.0394), ('ndcg@10', 0.018), ('hit@10', 0.1068), ('map@10', 0.0076), ('precision@10', 0.0125), ('gauc', 0.9249), ('itemcoverage@10', 0.0191), ('averagepopularity@10', 248.5325), ('giniindex@10', 0.9964), ('shannonentropy@10', 0.0054), ('tailpercentage@10', 0.0)])
Thu 09 May 2024 14:45:51 INFO  
General Hyper Parameters:
gpu_id = 0
use_gpu = True
seed = 2020
state = INFO
reproducibility = True
data_path = data/amazon_books_60core_kg
checkpoint_dir = saved/amazon_books_60core_kg/DGCF
show_progress = True
save_dataset = False
dataset_save_path = None
save_dataloaders = False
dataloaders_save_path = None
log_wandb = False

Training Hyper Parameters:
epochs = 200
train_batch_size = 2048
learner = adam
learning_rate = 0.001
train_neg_sample_args = {'distribution': 'uniform', 'sample_num': 1, 'dynamic': False, 'candidate_num': 0, 'alpha': 1.0}
eval_step = 1
stopping_step = 10
clip_grad_norm = None
weight_decay = 0.0
loss_decimal_place = 4

Evaluation Hyper Parameters:
eval_args = {'split': {'RS': [0.8, 0.1, 0.1]}, 'order': 'RO', 'group_by': 'user', 'mode': {'valid': 'full', 'test': 'full'}}
repeatable = False
metrics = ['Recall', 'MRR', 'NDCG', 'Hit', 'MAP', 'Precision', 'GAUC', 'ItemCoverage', 'AveragePopularity', 'GiniIndex', 'ShannonEntropy', 'TailPercentage']
topk = [10]
valid_metric = MRR@10
valid_metric_bigger = True
eval_batch_size = 4096
metric_decimal_place = 4

Dataset Hyper Parameters:
field_separator = 	
seq_separator =  
USER_ID_FIELD = user_id
ITEM_ID_FIELD = item_id
RATING_FIELD = rating
TIME_FIELD = timestamp
seq_len = None
LABEL_FIELD = label
threshold = None
NEG_PREFIX = neg_
load_col = {'inter': ['user_id', 'item_id']}
unload_col = None
unused_col = None
additional_feat_suffix = None
rm_dup_inter = None
val_interval = None
filter_inter_by_user_or_item = True
user_inter_num_interval = [0,inf)
item_inter_num_interval = [0,inf)
alias_of_user_id = None
alias_of_item_id = None
alias_of_entity_id = None
alias_of_relation_id = None
preload_weight = None
normalize_field = None
normalize_all = None
ITEM_LIST_LENGTH_FIELD = item_length
LIST_SUFFIX = _list
MAX_ITEM_LIST_LENGTH = 50
POSITION_FIELD = position_id
HEAD_ENTITY_ID_FIELD = head_id
TAIL_ENTITY_ID_FIELD = tail_id
RELATION_ID_FIELD = relation_id
ENTITY_ID_FIELD = entity_id
benchmark_filename = None

Other Hyper Parameters: 
worker = 0
wandb_project = recbole
shuffle = True
require_pow = False
enable_amp = False
enable_scaler = False
transform = None
embedding_size = 64
n_factors = 4
n_iterations = 2
n_layers = 1
reg_weight = 0.001
cor_weight = 0.01
numerical_features = []
discretization = None
kg_reverse_r = False
entity_kg_num_interval = [0,inf)
relation_kg_num_interval = [0,inf)
MODEL_TYPE = ModelType.GENERAL
encoding = utf-8
device = cuda:1
my_log_file = /home/fontana/Tesi/log/carbon_default.log
max_emission_step = 6
MODEL_INPUT_TYPE = InputType.PAIRWISE
eval_type = EvaluatorType.RANKING
single_spec = True
local_rank = 0
valid_neg_sample_args = {'distribution': 'uniform', 'sample_num': 'none'}
test_neg_sample_args = {'distribution': 'uniform', 'sample_num': 'none'}


Thu 09 May 2024 14:45:59 INFO  amazon_books_60core_kg
The number of users: 22156
Average actions of users: 66.16434213495825
The number of items: 54459
Average actions of items: 26.917459326453415
The number of inters: 1465871
The sparsity of the dataset: 99.87851162187994%
Remain Fields: ['user_id', 'item_id']
Thu 09 May 2024 14:46:03 INFO  [Training]: train_batch_size = [2048] train_neg_sample_args: [{'distribution': 'uniform', 'sample_num': 1, 'dynamic': False, 'candidate_num': 0, 'alpha': 1.0}]
Thu 09 May 2024 14:46:03 INFO  [Evaluation]: eval_batch_size = [4096] eval_args: [{'split': {'RS': [0.8, 0.1, 0.1]}, 'order': 'RO', 'group_by': 'user', 'mode': {'valid': 'full', 'test': 'full'}}]
Thu 09 May 2024 14:46:06 INFO  Loading model structure and parameters from saved/amazon_books_60core_kg/DGCF/DGCF-May-09-2024_13-09-36.pth
