Fri 05 Apr 2024 03:10:29 INFO  ['src/default_tracker.py', '--dataset=LFM-1b_artist_20U50I_75strat', '--model=DGCF']
Fri 05 Apr 2024 03:10:29 INFO  
General Hyper Parameters:
gpu_id = 0
use_gpu = True
seed = 2020
state = INFO
reproducibility = True
data_path = data/LFM-1b_artist_20U50I_75strat
checkpoint_dir = saved/LFM-1b_artist_20U50I_75strat/DGCF
show_progress = True
save_dataset = False
dataset_save_path = None
save_dataloaders = False
dataloaders_save_path = None
log_wandb = False

Training Hyper Parameters:
epochs = 200
train_batch_size = 2048
learner = adam
learning_rate = 0.001
train_neg_sample_args = {'distribution': 'uniform', 'sample_num': 1, 'dynamic': False, 'candidate_num': 0, 'alpha': 1.0}
eval_step = 1
stopping_step = 10
clip_grad_norm = None
weight_decay = 0.0
loss_decimal_place = 4

Evaluation Hyper Parameters:
eval_args = {'split': {'RS': [0.8, 0.1, 0.1]}, 'order': 'RO', 'group_by': 'user', 'mode': {'valid': 'full', 'test': 'full'}}
repeatable = False
metrics = ['Recall', 'MRR', 'NDCG', 'Hit', 'Precision']
topk = [10]
valid_metric = MRR@10
valid_metric_bigger = True
eval_batch_size = 4096
metric_decimal_place = 4

Dataset Hyper Parameters:
field_separator = 	
seq_separator =  
USER_ID_FIELD = user_id
ITEM_ID_FIELD = item_id
RATING_FIELD = rating
TIME_FIELD = timestamp
seq_len = None
LABEL_FIELD = label
threshold = None
NEG_PREFIX = neg_
load_col = {'inter': ['user_id', 'item_id']}
unload_col = None
unused_col = None
additional_feat_suffix = None
rm_dup_inter = None
val_interval = None
filter_inter_by_user_or_item = True
user_inter_num_interval = [0,inf)
item_inter_num_interval = [0,inf)
alias_of_user_id = None
alias_of_item_id = None
alias_of_entity_id = None
alias_of_relation_id = None
preload_weight = None
normalize_field = None
normalize_all = None
ITEM_LIST_LENGTH_FIELD = item_length
LIST_SUFFIX = _list
MAX_ITEM_LIST_LENGTH = 50
POSITION_FIELD = position_id
HEAD_ENTITY_ID_FIELD = head_id
TAIL_ENTITY_ID_FIELD = tail_id
RELATION_ID_FIELD = relation_id
ENTITY_ID_FIELD = entity_id
benchmark_filename = None

Other Hyper Parameters: 
worker = 0
wandb_project = recbole
shuffle = True
require_pow = False
enable_amp = False
enable_scaler = False
transform = None
embedding_size = 64
n_factors = 4
n_iterations = 2
n_layers = 1
reg_weight = 0.001
cor_weight = 0.01
numerical_features = []
discretization = None
kg_reverse_r = False
entity_kg_num_interval = [0,inf)
relation_kg_num_interval = [0,inf)
MODEL_TYPE = ModelType.GENERAL
encoding = utf-8
device = cuda
my_log_file = /mnt/batch/tasks/shared/LS_root/mounts/clusters/fontanagpu/code/sustainability-of-recsys/log/carbon_default.log
MODEL_INPUT_TYPE = InputType.PAIRWISE
eval_type = EvaluatorType.RANKING
single_spec = True
local_rank = 0
valid_neg_sample_args = {'distribution': 'uniform', 'sample_num': 'none'}
test_neg_sample_args = {'distribution': 'uniform', 'sample_num': 'none'}


Fri 05 Apr 2024 03:10:31 INFO  LFM-1b_artist_20U50I_75strat
The number of users: 19842
Average actions of users: 33.660097777329774
The number of items: 38933
Average actions of items: 17.154268981814447
The number of inters: 667850
The sparsity of the dataset: 99.91354788644381%
Remain Fields: ['user_id', 'item_id']
Fri 05 Apr 2024 03:10:34 INFO  [Training]: train_batch_size = [2048] train_neg_sample_args: [{'distribution': 'uniform', 'sample_num': 1, 'dynamic': False, 'candidate_num': 0, 'alpha': 1.0}]
Fri 05 Apr 2024 03:10:34 INFO  [Evaluation]: eval_batch_size = [4096] eval_args: [{'split': {'RS': [0.8, 0.1, 0.1]}, 'order': 'RO', 'group_by': 'user', 'mode': {'valid': 'full', 'test': 'full'}}]
Fri 05 Apr 2024 03:10:36 INFO  DGCF(
  (user_embedding): Embedding(19842, 64)
  (item_embedding): Embedding(38933, 64)
  (softmax): Softmax(dim=1)
  (mf_loss): BPRLoss()
  (reg_loss): EmbLoss()
)
Trainable parameters: 3761600
Fri 05 Apr 2024 03:10:48 INFO  FLOPs: 23901768.0
Fri 05 Apr 2024 03:14:42 INFO  epoch 0 training [time: 196.29s, train loss: 124.9401]
Fri 05 Apr 2024 03:15:05 INFO  epoch 0 evaluating [time: 22.86s, valid_score: 0.081100]
Fri 05 Apr 2024 03:15:05 INFO  valid result: 
recall@10 : 0.0862    mrr@10 : 0.0811    ndcg@10 : 0.058    hit@10 : 0.2022    precision@10 : 0.0237
Fri 05 Apr 2024 03:15:06 INFO  Saving current: saved/LFM-1b_artist_20U50I_75strat/DGCF/DGCF-Apr-05-2024_03-10-48.pth
Fri 05 Apr 2024 03:18:21 INFO  epoch 1 training [time: 194.87s, train loss: 62.3754]
Fri 05 Apr 2024 03:18:43 INFO  epoch 1 evaluating [time: 22.19s, valid_score: 0.081100]
Fri 05 Apr 2024 03:18:43 INFO  valid result: 
recall@10 : 0.0851    mrr@10 : 0.0811    ndcg@10 : 0.0577    hit@10 : 0.2014    precision@10 : 0.0236
Fri 05 Apr 2024 03:18:44 INFO  Saving current: saved/LFM-1b_artist_20U50I_75strat/DGCF/DGCF-Apr-05-2024_03-10-48.pth
Fri 05 Apr 2024 03:21:59 INFO  epoch 2 training [time: 194.78s, train loss: 56.3614]
Fri 05 Apr 2024 03:22:21 INFO  epoch 2 evaluating [time: 22.20s, valid_score: 0.081100]
Fri 05 Apr 2024 03:22:21 INFO  valid result: 
recall@10 : 0.085    mrr@10 : 0.0811    ndcg@10 : 0.0577    hit@10 : 0.2011    precision@10 : 0.0235
Fri 05 Apr 2024 03:22:22 INFO  Saving current: saved/LFM-1b_artist_20U50I_75strat/DGCF/DGCF-Apr-05-2024_03-10-48.pth
Fri 05 Apr 2024 03:25:37 INFO  epoch 3 training [time: 194.81s, train loss: 54.2745]
Fri 05 Apr 2024 03:25:59 INFO  epoch 3 evaluating [time: 22.23s, valid_score: 0.081100]
Fri 05 Apr 2024 03:25:59 INFO  valid result: 
recall@10 : 0.0854    mrr@10 : 0.0811    ndcg@10 : 0.0577    hit@10 : 0.2019    precision@10 : 0.0236
Fri 05 Apr 2024 03:26:00 INFO  Saving current: saved/LFM-1b_artist_20U50I_75strat/DGCF/DGCF-Apr-05-2024_03-10-48.pth
Fri 05 Apr 2024 03:29:15 INFO  epoch 4 training [time: 194.78s, train loss: 53.0229]
Fri 05 Apr 2024 03:29:37 INFO  epoch 4 evaluating [time: 22.31s, valid_score: 0.081000]
Fri 05 Apr 2024 03:29:37 INFO  valid result: 
recall@10 : 0.0854    mrr@10 : 0.081    ndcg@10 : 0.0577    hit@10 : 0.2018    precision@10 : 0.0236
Fri 05 Apr 2024 03:32:52 INFO  epoch 5 training [time: 194.99s, train loss: 51.7079]
Fri 05 Apr 2024 03:33:14 INFO  epoch 5 evaluating [time: 22.34s, valid_score: 0.080900]
Fri 05 Apr 2024 03:33:14 INFO  valid result: 
recall@10 : 0.0858    mrr@10 : 0.0809    ndcg@10 : 0.0578    hit@10 : 0.2025    precision@10 : 0.0237
Fri 05 Apr 2024 03:36:30 INFO  epoch 6 training [time: 195.42s, train loss: 50.2057]
Fri 05 Apr 2024 03:36:52 INFO  epoch 6 evaluating [time: 22.29s, valid_score: 0.081200]
Fri 05 Apr 2024 03:36:52 INFO  valid result: 
recall@10 : 0.0858    mrr@10 : 0.0812    ndcg@10 : 0.0579    hit@10 : 0.2029    precision@10 : 0.0237
Fri 05 Apr 2024 03:36:53 INFO  Saving current: saved/LFM-1b_artist_20U50I_75strat/DGCF/DGCF-Apr-05-2024_03-10-48.pth
Fri 05 Apr 2024 03:40:08 INFO  epoch 7 training [time: 195.16s, train loss: 48.9786]
Fri 05 Apr 2024 03:40:30 INFO  epoch 7 evaluating [time: 22.31s, valid_score: 0.081200]
Fri 05 Apr 2024 03:40:30 INFO  valid result: 
recall@10 : 0.0861    mrr@10 : 0.0812    ndcg@10 : 0.058    hit@10 : 0.2032    precision@10 : 0.0238
Fri 05 Apr 2024 03:40:31 INFO  Saving current: saved/LFM-1b_artist_20U50I_75strat/DGCF/DGCF-Apr-05-2024_03-10-48.pth
Fri 05 Apr 2024 03:43:46 INFO  epoch 8 training [time: 194.76s, train loss: 47.2036]
Fri 05 Apr 2024 03:44:08 INFO  epoch 8 evaluating [time: 22.11s, valid_score: 0.081700]
Fri 05 Apr 2024 03:44:08 INFO  valid result: 
recall@10 : 0.0877    mrr@10 : 0.0817    ndcg@10 : 0.0586    hit@10 : 0.2056    precision@10 : 0.024
Fri 05 Apr 2024 03:44:09 INFO  Saving current: saved/LFM-1b_artist_20U50I_75strat/DGCF/DGCF-Apr-05-2024_03-10-48.pth
Fri 05 Apr 2024 03:47:24 INFO  epoch 9 training [time: 194.96s, train loss: 45.5807]
Fri 05 Apr 2024 03:47:46 INFO  epoch 9 evaluating [time: 22.14s, valid_score: 0.081900]
Fri 05 Apr 2024 03:47:46 INFO  valid result: 
recall@10 : 0.0877    mrr@10 : 0.0819    ndcg@10 : 0.0587    hit@10 : 0.2062    precision@10 : 0.0241
Fri 05 Apr 2024 03:47:47 INFO  Saving current: saved/LFM-1b_artist_20U50I_75strat/DGCF/DGCF-Apr-05-2024_03-10-48.pth
Fri 05 Apr 2024 03:51:02 INFO  epoch 10 training [time: 195.10s, train loss: 44.1000]
Fri 05 Apr 2024 03:51:24 INFO  epoch 10 evaluating [time: 21.99s, valid_score: 0.082200]
Fri 05 Apr 2024 03:51:24 INFO  valid result: 
recall@10 : 0.0886    mrr@10 : 0.0822    ndcg@10 : 0.059    hit@10 : 0.2069    precision@10 : 0.0243
Fri 05 Apr 2024 03:51:25 INFO  Saving current: saved/LFM-1b_artist_20U50I_75strat/DGCF/DGCF-Apr-05-2024_03-10-48.pth
Fri 05 Apr 2024 03:54:40 INFO  epoch 11 training [time: 194.84s, train loss: 42.2963]
Fri 05 Apr 2024 03:55:02 INFO  epoch 11 evaluating [time: 22.15s, valid_score: 0.082600]
Fri 05 Apr 2024 03:55:02 INFO  valid result: 
recall@10 : 0.0897    mrr@10 : 0.0826    ndcg@10 : 0.0596    hit@10 : 0.2089    precision@10 : 0.0245
Fri 05 Apr 2024 03:55:03 INFO  Saving current: saved/LFM-1b_artist_20U50I_75strat/DGCF/DGCF-Apr-05-2024_03-10-48.pth
Fri 05 Apr 2024 03:58:18 INFO  epoch 12 training [time: 194.94s, train loss: 40.3149]
Fri 05 Apr 2024 03:58:40 INFO  epoch 12 evaluating [time: 22.03s, valid_score: 0.083100]
Fri 05 Apr 2024 03:58:40 INFO  valid result: 
recall@10 : 0.0912    mrr@10 : 0.0831    ndcg@10 : 0.0602    hit@10 : 0.2128    precision@10 : 0.0249
Fri 05 Apr 2024 03:58:40 INFO  Saving current: saved/LFM-1b_artist_20U50I_75strat/DGCF/DGCF-Apr-05-2024_03-10-48.pth
Fri 05 Apr 2024 04:01:55 INFO  epoch 13 training [time: 194.70s, train loss: 38.8913]
Fri 05 Apr 2024 04:02:17 INFO  epoch 13 evaluating [time: 21.99s, valid_score: 0.083800]
Fri 05 Apr 2024 04:02:17 INFO  valid result: 
recall@10 : 0.0922    mrr@10 : 0.0838    ndcg@10 : 0.0608    hit@10 : 0.2143    precision@10 : 0.0252
Fri 05 Apr 2024 04:02:18 INFO  Saving current: saved/LFM-1b_artist_20U50I_75strat/DGCF/DGCF-Apr-05-2024_03-10-48.pth
Fri 05 Apr 2024 04:05:33 INFO  epoch 14 training [time: 194.86s, train loss: 37.2363]
Fri 05 Apr 2024 04:05:55 INFO  epoch 14 evaluating [time: 22.06s, valid_score: 0.084400]
Fri 05 Apr 2024 04:05:55 INFO  valid result: 
recall@10 : 0.093    mrr@10 : 0.0844    ndcg@10 : 0.0612    hit@10 : 0.2156    precision@10 : 0.0253
Fri 05 Apr 2024 04:05:55 INFO  Saving current: saved/LFM-1b_artist_20U50I_75strat/DGCF/DGCF-Apr-05-2024_03-10-48.pth
Fri 05 Apr 2024 04:09:11 INFO  epoch 15 training [time: 195.20s, train loss: 36.0159]
Fri 05 Apr 2024 04:09:33 INFO  epoch 15 evaluating [time: 22.05s, valid_score: 0.084600]
Fri 05 Apr 2024 04:09:33 INFO  valid result: 
recall@10 : 0.0943    mrr@10 : 0.0846    ndcg@10 : 0.0617    hit@10 : 0.2175    precision@10 : 0.0256
Fri 05 Apr 2024 04:09:33 INFO  Saving current: saved/LFM-1b_artist_20U50I_75strat/DGCF/DGCF-Apr-05-2024_03-10-48.pth
Fri 05 Apr 2024 04:12:48 INFO  epoch 16 training [time: 194.65s, train loss: 34.4120]
Fri 05 Apr 2024 04:13:10 INFO  epoch 16 evaluating [time: 22.07s, valid_score: 0.085300]
Fri 05 Apr 2024 04:13:10 INFO  valid result: 
recall@10 : 0.0957    mrr@10 : 0.0853    ndcg@10 : 0.0624    hit@10 : 0.2198    precision@10 : 0.0259
Fri 05 Apr 2024 04:13:11 INFO  Saving current: saved/LFM-1b_artist_20U50I_75strat/DGCF/DGCF-Apr-05-2024_03-10-48.pth
Fri 05 Apr 2024 04:16:25 INFO  epoch 17 training [time: 194.58s, train loss: 32.8325]
Fri 05 Apr 2024 04:16:47 INFO  epoch 17 evaluating [time: 22.07s, valid_score: 0.085700]
Fri 05 Apr 2024 04:16:47 INFO  valid result: 
recall@10 : 0.0965    mrr@10 : 0.0857    ndcg@10 : 0.0628    hit@10 : 0.2218    precision@10 : 0.0262
Fri 05 Apr 2024 04:16:48 INFO  Saving current: saved/LFM-1b_artist_20U50I_75strat/DGCF/DGCF-Apr-05-2024_03-10-48.pth
Fri 05 Apr 2024 04:20:03 INFO  epoch 18 training [time: 194.64s, train loss: 31.5208]
Fri 05 Apr 2024 04:20:25 INFO  epoch 18 evaluating [time: 22.05s, valid_score: 0.086600]
Fri 05 Apr 2024 04:20:25 INFO  valid result: 
recall@10 : 0.0974    mrr@10 : 0.0866    ndcg@10 : 0.0634    hit@10 : 0.2242    precision@10 : 0.0264
Fri 05 Apr 2024 04:20:26 INFO  Saving current: saved/LFM-1b_artist_20U50I_75strat/DGCF/DGCF-Apr-05-2024_03-10-48.pth
Fri 05 Apr 2024 04:23:40 INFO  epoch 19 training [time: 194.74s, train loss: 30.4812]
Fri 05 Apr 2024 04:24:03 INFO  epoch 19 evaluating [time: 22.07s, valid_score: 0.086800]
Fri 05 Apr 2024 04:24:03 INFO  valid result: 
recall@10 : 0.098    mrr@10 : 0.0868    ndcg@10 : 0.0637    hit@10 : 0.2254    precision@10 : 0.0266
Fri 05 Apr 2024 04:24:03 INFO  Saving current: saved/LFM-1b_artist_20U50I_75strat/DGCF/DGCF-Apr-05-2024_03-10-48.pth
Fri 05 Apr 2024 04:27:18 INFO  epoch 20 training [time: 194.92s, train loss: 29.1447]
Fri 05 Apr 2024 04:27:40 INFO  epoch 20 evaluating [time: 22.12s, valid_score: 0.087600]
Fri 05 Apr 2024 04:27:40 INFO  valid result: 
recall@10 : 0.0989    mrr@10 : 0.0876    ndcg@10 : 0.0643    hit@10 : 0.2274    precision@10 : 0.0269
Fri 05 Apr 2024 04:27:41 INFO  Saving current: saved/LFM-1b_artist_20U50I_75strat/DGCF/DGCF-Apr-05-2024_03-10-48.pth
Fri 05 Apr 2024 04:30:56 INFO  epoch 21 training [time: 195.04s, train loss: 28.0384]
Fri 05 Apr 2024 04:31:18 INFO  epoch 21 evaluating [time: 22.11s, valid_score: 0.088300]
Fri 05 Apr 2024 04:31:18 INFO  valid result: 
recall@10 : 0.1003    mrr@10 : 0.0883    ndcg@10 : 0.0649    hit@10 : 0.2307    precision@10 : 0.0272
Fri 05 Apr 2024 04:31:19 INFO  Saving current: saved/LFM-1b_artist_20U50I_75strat/DGCF/DGCF-Apr-05-2024_03-10-48.pth
Fri 05 Apr 2024 04:34:34 INFO  epoch 22 training [time: 195.20s, train loss: 27.3152]
Fri 05 Apr 2024 04:34:56 INFO  epoch 22 evaluating [time: 22.08s, valid_score: 0.088800]
Fri 05 Apr 2024 04:34:56 INFO  valid result: 
recall@10 : 0.1011    mrr@10 : 0.0888    ndcg@10 : 0.0654    hit@10 : 0.2327    precision@10 : 0.0274
Fri 05 Apr 2024 04:34:57 INFO  Saving current: saved/LFM-1b_artist_20U50I_75strat/DGCF/DGCF-Apr-05-2024_03-10-48.pth
Fri 05 Apr 2024 04:38:12 INFO  epoch 23 training [time: 194.55s, train loss: 26.0854]
Fri 05 Apr 2024 04:38:34 INFO  epoch 23 evaluating [time: 21.83s, valid_score: 0.089800]
Fri 05 Apr 2024 04:38:34 INFO  valid result: 
recall@10 : 0.1025    mrr@10 : 0.0898    ndcg@10 : 0.0662    hit@10 : 0.235    precision@10 : 0.0278
Fri 05 Apr 2024 04:38:34 INFO  Saving current: saved/LFM-1b_artist_20U50I_75strat/DGCF/DGCF-Apr-05-2024_03-10-48.pth
Fri 05 Apr 2024 04:41:49 INFO  epoch 24 training [time: 194.27s, train loss: 25.5455]
Fri 05 Apr 2024 04:42:10 INFO  epoch 24 evaluating [time: 21.65s, valid_score: 0.090500]
Fri 05 Apr 2024 04:42:10 INFO  valid result: 
recall@10 : 0.1036    mrr@10 : 0.0905    ndcg@10 : 0.0669    hit@10 : 0.2379    precision@10 : 0.0282
Fri 05 Apr 2024 04:42:11 INFO  Saving current: saved/LFM-1b_artist_20U50I_75strat/DGCF/DGCF-Apr-05-2024_03-10-48.pth
Fri 05 Apr 2024 04:45:26 INFO  epoch 25 training [time: 194.56s, train loss: 24.3348]
Fri 05 Apr 2024 04:45:47 INFO  epoch 25 evaluating [time: 21.70s, valid_score: 0.091400]
Fri 05 Apr 2024 04:45:47 INFO  valid result: 
recall@10 : 0.1041    mrr@10 : 0.0914    ndcg@10 : 0.0675    hit@10 : 0.2401    precision@10 : 0.0285
Fri 05 Apr 2024 04:45:48 INFO  Saving current: saved/LFM-1b_artist_20U50I_75strat/DGCF/DGCF-Apr-05-2024_03-10-48.pth
Fri 05 Apr 2024 04:49:03 INFO  epoch 26 training [time: 194.43s, train loss: 23.7187]
Fri 05 Apr 2024 04:49:24 INFO  epoch 26 evaluating [time: 21.68s, valid_score: 0.091900]
Fri 05 Apr 2024 04:49:24 INFO  valid result: 
recall@10 : 0.1046    mrr@10 : 0.0919    ndcg@10 : 0.0678    hit@10 : 0.2409    precision@10 : 0.0286
Fri 05 Apr 2024 04:49:25 INFO  Saving current: saved/LFM-1b_artist_20U50I_75strat/DGCF/DGCF-Apr-05-2024_03-10-48.pth
Fri 05 Apr 2024 04:52:40 INFO  epoch 27 training [time: 195.05s, train loss: 22.7146]
Fri 05 Apr 2024 04:53:02 INFO  epoch 27 evaluating [time: 21.69s, valid_score: 0.092900]
Fri 05 Apr 2024 04:53:02 INFO  valid result: 
recall@10 : 0.105    mrr@10 : 0.0929    ndcg@10 : 0.0684    hit@10 : 0.2422    precision@10 : 0.0288
Fri 05 Apr 2024 04:53:03 INFO  Saving current: saved/LFM-1b_artist_20U50I_75strat/DGCF/DGCF-Apr-05-2024_03-10-48.pth
Fri 05 Apr 2024 04:56:18 INFO  epoch 28 training [time: 195.03s, train loss: 21.8512]
Fri 05 Apr 2024 04:56:39 INFO  epoch 28 evaluating [time: 21.72s, valid_score: 0.093500]
Fri 05 Apr 2024 04:56:39 INFO  valid result: 
recall@10 : 0.106    mrr@10 : 0.0935    ndcg@10 : 0.069    hit@10 : 0.2437    precision@10 : 0.029
Fri 05 Apr 2024 04:56:40 INFO  Saving current: saved/LFM-1b_artist_20U50I_75strat/DGCF/DGCF-Apr-05-2024_03-10-48.pth
Fri 05 Apr 2024 04:59:55 INFO  epoch 29 training [time: 195.15s, train loss: 21.3464]
Fri 05 Apr 2024 05:00:17 INFO  epoch 29 evaluating [time: 21.85s, valid_score: 0.094100]
Fri 05 Apr 2024 05:00:17 INFO  valid result: 
recall@10 : 0.1076    mrr@10 : 0.0941    ndcg@10 : 0.0697    hit@10 : 0.2465    precision@10 : 0.0294
Fri 05 Apr 2024 05:00:18 INFO  Saving current: saved/LFM-1b_artist_20U50I_75strat/DGCF/DGCF-Apr-05-2024_03-10-48.pth
Fri 05 Apr 2024 05:03:33 INFO  epoch 30 training [time: 195.08s, train loss: 20.6118]
Fri 05 Apr 2024 05:03:55 INFO  epoch 30 evaluating [time: 21.85s, valid_score: 0.094500]
Fri 05 Apr 2024 05:03:55 INFO  valid result: 
recall@10 : 0.1075    mrr@10 : 0.0945    ndcg@10 : 0.0698    hit@10 : 0.2469    precision@10 : 0.0295
Fri 05 Apr 2024 05:03:56 INFO  Saving current: saved/LFM-1b_artist_20U50I_75strat/DGCF/DGCF-Apr-05-2024_03-10-48.pth
Fri 05 Apr 2024 05:07:11 INFO  epoch 31 training [time: 195.14s, train loss: 20.0566]
Fri 05 Apr 2024 05:07:32 INFO  epoch 31 evaluating [time: 21.45s, valid_score: 0.095300]
Fri 05 Apr 2024 05:07:32 INFO  valid result: 
recall@10 : 0.1081    mrr@10 : 0.0953    ndcg@10 : 0.0704    hit@10 : 0.2479    precision@10 : 0.0297
Fri 05 Apr 2024 05:07:33 INFO  Saving current: saved/LFM-1b_artist_20U50I_75strat/DGCF/DGCF-Apr-05-2024_03-10-48.pth
Fri 05 Apr 2024 05:10:48 INFO  epoch 32 training [time: 194.90s, train loss: 19.2372]
Fri 05 Apr 2024 05:11:10 INFO  epoch 32 evaluating [time: 21.52s, valid_score: 0.095800]
Fri 05 Apr 2024 05:11:10 INFO  valid result: 
recall@10 : 0.1088    mrr@10 : 0.0958    ndcg@10 : 0.0709    hit@10 : 0.25    precision@10 : 0.03
Fri 05 Apr 2024 05:11:10 INFO  Saving current: saved/LFM-1b_artist_20U50I_75strat/DGCF/DGCF-Apr-05-2024_03-10-48.pth
Fri 05 Apr 2024 05:14:26 INFO  epoch 33 training [time: 195.31s, train loss: 18.9512]
Fri 05 Apr 2024 05:14:47 INFO  epoch 33 evaluating [time: 21.59s, valid_score: 0.096900]
Fri 05 Apr 2024 05:14:47 INFO  valid result: 
recall@10 : 0.1096    mrr@10 : 0.0969    ndcg@10 : 0.0716    hit@10 : 0.2516    precision@10 : 0.0302
Fri 05 Apr 2024 05:14:48 INFO  Saving current: saved/LFM-1b_artist_20U50I_75strat/DGCF/DGCF-Apr-05-2024_03-10-48.pth
Fri 05 Apr 2024 05:18:04 INFO  epoch 34 training [time: 195.72s, train loss: 17.9596]
Fri 05 Apr 2024 05:18:26 INFO  epoch 34 evaluating [time: 21.64s, valid_score: 0.097700]
Fri 05 Apr 2024 05:18:26 INFO  valid result: 
recall@10 : 0.111    mrr@10 : 0.0977    ndcg@10 : 0.0723    hit@10 : 0.2545    precision@10 : 0.0306
Fri 05 Apr 2024 05:18:26 INFO  Saving current: saved/LFM-1b_artist_20U50I_75strat/DGCF/DGCF-Apr-05-2024_03-10-48.pth
Fri 05 Apr 2024 05:21:42 INFO  epoch 35 training [time: 195.88s, train loss: 17.6103]
Fri 05 Apr 2024 05:22:04 INFO  epoch 35 evaluating [time: 21.63s, valid_score: 0.098100]
Fri 05 Apr 2024 05:22:04 INFO  valid result: 
recall@10 : 0.1113    mrr@10 : 0.0981    ndcg@10 : 0.0726    hit@10 : 0.2551    precision@10 : 0.0307
Fri 05 Apr 2024 05:22:05 INFO  Saving current: saved/LFM-1b_artist_20U50I_75strat/DGCF/DGCF-Apr-05-2024_03-10-48.pth
Fri 05 Apr 2024 05:25:21 INFO  epoch 36 training [time: 196.38s, train loss: 17.1759]
Fri 05 Apr 2024 05:25:43 INFO  epoch 36 evaluating [time: 21.62s, valid_score: 0.098000]
Fri 05 Apr 2024 05:25:43 INFO  valid result: 
recall@10 : 0.1114    mrr@10 : 0.098    ndcg@10 : 0.0726    hit@10 : 0.2554    precision@10 : 0.0308
Fri 05 Apr 2024 05:28:58 INFO  epoch 37 training [time: 195.19s, train loss: 16.6591]
Fri 05 Apr 2024 05:29:19 INFO  epoch 37 evaluating [time: 21.51s, valid_score: 0.098500]
Fri 05 Apr 2024 05:29:19 INFO  valid result: 
recall@10 : 0.1118    mrr@10 : 0.0985    ndcg@10 : 0.0729    hit@10 : 0.2562    precision@10 : 0.0309
Fri 05 Apr 2024 05:29:20 INFO  Saving current: saved/LFM-1b_artist_20U50I_75strat/DGCF/DGCF-Apr-05-2024_03-10-48.pth
Fri 05 Apr 2024 05:32:35 INFO  epoch 38 training [time: 195.13s, train loss: 16.0884]
Fri 05 Apr 2024 05:32:57 INFO  epoch 38 evaluating [time: 21.57s, valid_score: 0.099200]
Fri 05 Apr 2024 05:32:57 INFO  valid result: 
recall@10 : 0.1127    mrr@10 : 0.0992    ndcg@10 : 0.0734    hit@10 : 0.258    precision@10 : 0.0311
Fri 05 Apr 2024 05:32:58 INFO  Saving current: saved/LFM-1b_artist_20U50I_75strat/DGCF/DGCF-Apr-05-2024_03-10-48.pth
Fri 05 Apr 2024 05:36:13 INFO  epoch 39 training [time: 195.20s, train loss: 15.6685]
Fri 05 Apr 2024 05:36:34 INFO  epoch 39 evaluating [time: 21.61s, valid_score: 0.099500]
Fri 05 Apr 2024 05:36:34 INFO  valid result: 
recall@10 : 0.1129    mrr@10 : 0.0995    ndcg@10 : 0.0736    hit@10 : 0.2586    precision@10 : 0.0312
Fri 05 Apr 2024 05:36:35 INFO  Saving current: saved/LFM-1b_artist_20U50I_75strat/DGCF/DGCF-Apr-05-2024_03-10-48.pth
Fri 05 Apr 2024 05:39:50 INFO  epoch 40 training [time: 195.17s, train loss: 15.5082]
Fri 05 Apr 2024 05:40:12 INFO  epoch 40 evaluating [time: 21.73s, valid_score: 0.100100]
Fri 05 Apr 2024 05:40:12 INFO  valid result: 
recall@10 : 0.1135    mrr@10 : 0.1001    ndcg@10 : 0.0742    hit@10 : 0.2597    precision@10 : 0.0313
Fri 05 Apr 2024 05:40:13 INFO  Saving current: saved/LFM-1b_artist_20U50I_75strat/DGCF/DGCF-Apr-05-2024_03-10-48.pth
Fri 05 Apr 2024 05:43:28 INFO  epoch 41 training [time: 195.26s, train loss: 14.8922]
Fri 05 Apr 2024 05:43:50 INFO  epoch 41 evaluating [time: 21.61s, valid_score: 0.100500]
Fri 05 Apr 2024 05:43:50 INFO  valid result: 
recall@10 : 0.1144    mrr@10 : 0.1005    ndcg@10 : 0.0746    hit@10 : 0.2612    precision@10 : 0.0315
Fri 05 Apr 2024 05:43:51 INFO  Saving current: saved/LFM-1b_artist_20U50I_75strat/DGCF/DGCF-Apr-05-2024_03-10-48.pth
Fri 05 Apr 2024 05:47:08 INFO  epoch 42 training [time: 196.49s, train loss: 14.6432]
Fri 05 Apr 2024 05:47:29 INFO  epoch 42 evaluating [time: 21.58s, valid_score: 0.100500]
Fri 05 Apr 2024 05:47:29 INFO  valid result: 
recall@10 : 0.114    mrr@10 : 0.1005    ndcg@10 : 0.0745    hit@10 : 0.2613    precision@10 : 0.0316
Fri 05 Apr 2024 05:47:30 INFO  Saving current: saved/LFM-1b_artist_20U50I_75strat/DGCF/DGCF-Apr-05-2024_03-10-48.pth
Fri 05 Apr 2024 05:50:46 INFO  epoch 43 training [time: 195.35s, train loss: 14.2225]
Fri 05 Apr 2024 05:51:07 INFO  epoch 43 evaluating [time: 21.61s, valid_score: 0.101000]
Fri 05 Apr 2024 05:51:07 INFO  valid result: 
recall@10 : 0.115    mrr@10 : 0.101    ndcg@10 : 0.0751    hit@10 : 0.2624    precision@10 : 0.0318
Fri 05 Apr 2024 05:51:08 INFO  Saving current: saved/LFM-1b_artist_20U50I_75strat/DGCF/DGCF-Apr-05-2024_03-10-48.pth
Fri 05 Apr 2024 05:54:24 INFO  epoch 44 training [time: 195.48s, train loss: 13.6712]
Fri 05 Apr 2024 05:54:45 INFO  epoch 44 evaluating [time: 21.69s, valid_score: 0.101600]
Fri 05 Apr 2024 05:54:45 INFO  valid result: 
recall@10 : 0.1151    mrr@10 : 0.1016    ndcg@10 : 0.0753    hit@10 : 0.2626    precision@10 : 0.0319
Fri 05 Apr 2024 05:54:47 INFO  Saving current: saved/LFM-1b_artist_20U50I_75strat/DGCF/DGCF-Apr-05-2024_03-10-48.pth
Fri 05 Apr 2024 05:58:02 INFO  epoch 45 training [time: 195.04s, train loss: 13.3614]
Fri 05 Apr 2024 05:58:23 INFO  epoch 45 evaluating [time: 21.67s, valid_score: 0.102000]
Fri 05 Apr 2024 05:58:23 INFO  valid result: 
recall@10 : 0.1164    mrr@10 : 0.102    ndcg@10 : 0.0758    hit@10 : 0.2656    precision@10 : 0.0322
Fri 05 Apr 2024 05:58:24 INFO  Saving current: saved/LFM-1b_artist_20U50I_75strat/DGCF/DGCF-Apr-05-2024_03-10-48.pth
Fri 05 Apr 2024 06:01:40 INFO  epoch 46 training [time: 196.08s, train loss: 13.1907]
Fri 05 Apr 2024 06:02:02 INFO  epoch 46 evaluating [time: 21.68s, valid_score: 0.102500]
Fri 05 Apr 2024 06:02:02 INFO  valid result: 
recall@10 : 0.1172    mrr@10 : 0.1025    ndcg@10 : 0.0763    hit@10 : 0.267    precision@10 : 0.0324
Fri 05 Apr 2024 06:02:03 INFO  Saving current: saved/LFM-1b_artist_20U50I_75strat/DGCF/DGCF-Apr-05-2024_03-10-48.pth
Fri 05 Apr 2024 06:05:19 INFO  epoch 47 training [time: 196.14s, train loss: 12.7355]
Fri 05 Apr 2024 06:05:41 INFO  epoch 47 evaluating [time: 21.68s, valid_score: 0.103000]
Fri 05 Apr 2024 06:05:41 INFO  valid result: 
recall@10 : 0.1174    mrr@10 : 0.103    ndcg@10 : 0.0765    hit@10 : 0.2679    precision@10 : 0.0325
Fri 05 Apr 2024 06:05:41 INFO  Saving current: saved/LFM-1b_artist_20U50I_75strat/DGCF/DGCF-Apr-05-2024_03-10-48.pth
Fri 05 Apr 2024 06:08:57 INFO  epoch 48 training [time: 195.86s, train loss: 12.4372]
Fri 05 Apr 2024 06:09:19 INFO  epoch 48 evaluating [time: 21.67s, valid_score: 0.103700]
Fri 05 Apr 2024 06:09:19 INFO  valid result: 
recall@10 : 0.1177    mrr@10 : 0.1037    ndcg@10 : 0.0769    hit@10 : 0.2687    precision@10 : 0.0326
Fri 05 Apr 2024 06:09:20 INFO  Saving current: saved/LFM-1b_artist_20U50I_75strat/DGCF/DGCF-Apr-05-2024_03-10-48.pth
Fri 05 Apr 2024 06:12:35 INFO  epoch 49 training [time: 195.45s, train loss: 12.1823]
Fri 05 Apr 2024 06:12:57 INFO  epoch 49 evaluating [time: 21.69s, valid_score: 0.103800]
Fri 05 Apr 2024 06:12:57 INFO  valid result: 
recall@10 : 0.1187    mrr@10 : 0.1038    ndcg@10 : 0.0774    hit@10 : 0.27    precision@10 : 0.0329
Fri 05 Apr 2024 06:12:58 INFO  Saving current: saved/LFM-1b_artist_20U50I_75strat/DGCF/DGCF-Apr-05-2024_03-10-48.pth
Fri 05 Apr 2024 06:16:21 INFO  epoch 50 training [time: 203.53s, train loss: 11.8678]
Fri 05 Apr 2024 06:17:27 INFO  epoch 50 evaluating [time: 65.12s, valid_score: 0.104200]
Fri 05 Apr 2024 06:17:27 INFO  valid result: 
recall@10 : 0.1185    mrr@10 : 0.1042    ndcg@10 : 0.0774    hit@10 : 0.2696    precision@10 : 0.0327
Fri 05 Apr 2024 06:17:27 INFO  Saving current: saved/LFM-1b_artist_20U50I_75strat/DGCF/DGCF-Apr-05-2024_03-10-48.pth
Fri 05 Apr 2024 06:20:42 INFO  epoch 51 training [time: 194.53s, train loss: 11.4750]
Fri 05 Apr 2024 06:21:04 INFO  epoch 51 evaluating [time: 21.72s, valid_score: 0.104500]
Fri 05 Apr 2024 06:21:04 INFO  valid result: 
recall@10 : 0.1188    mrr@10 : 0.1045    ndcg@10 : 0.0777    hit@10 : 0.2702    precision@10 : 0.0329
Fri 05 Apr 2024 06:21:04 INFO  Saving current: saved/LFM-1b_artist_20U50I_75strat/DGCF/DGCF-Apr-05-2024_03-10-48.pth
Fri 05 Apr 2024 06:24:20 INFO  epoch 52 training [time: 195.45s, train loss: 11.3570]
Fri 05 Apr 2024 06:24:42 INFO  epoch 52 evaluating [time: 21.72s, valid_score: 0.104700]
Fri 05 Apr 2024 06:24:42 INFO  valid result: 
recall@10 : 0.1202    mrr@10 : 0.1047    ndcg@10 : 0.0783    hit@10 : 0.2719    precision@10 : 0.0332
Fri 05 Apr 2024 06:24:42 INFO  Saving current: saved/LFM-1b_artist_20U50I_75strat/DGCF/DGCF-Apr-05-2024_03-10-48.pth
Fri 05 Apr 2024 06:27:58 INFO  epoch 53 training [time: 195.57s, train loss: 11.1816]
Fri 05 Apr 2024 06:28:21 INFO  epoch 53 evaluating [time: 23.22s, valid_score: 0.104600]
Fri 05 Apr 2024 06:28:21 INFO  valid result: 
recall@10 : 0.1201    mrr@10 : 0.1046    ndcg@10 : 0.0782    hit@10 : 0.2714    precision@10 : 0.033
Fri 05 Apr 2024 06:31:37 INFO  epoch 54 training [time: 195.64s, train loss: 10.8330]
Fri 05 Apr 2024 06:31:59 INFO  epoch 54 evaluating [time: 22.22s, valid_score: 0.105300]
Fri 05 Apr 2024 06:31:59 INFO  valid result: 
recall@10 : 0.1207    mrr@10 : 0.1053    ndcg@10 : 0.0786    hit@10 : 0.274    precision@10 : 0.0333
Fri 05 Apr 2024 06:32:00 INFO  Saving current: saved/LFM-1b_artist_20U50I_75strat/DGCF/DGCF-Apr-05-2024_03-10-48.pth
Fri 05 Apr 2024 06:35:17 INFO  epoch 55 training [time: 196.65s, train loss: 10.6796]
Fri 05 Apr 2024 06:35:39 INFO  epoch 55 evaluating [time: 22.32s, valid_score: 0.105500]
Fri 05 Apr 2024 06:35:39 INFO  valid result: 
recall@10 : 0.1217    mrr@10 : 0.1055    ndcg@10 : 0.0792    hit@10 : 0.2749    precision@10 : 0.0335
Fri 05 Apr 2024 06:35:40 INFO  Saving current: saved/LFM-1b_artist_20U50I_75strat/DGCF/DGCF-Apr-05-2024_03-10-48.pth
Fri 05 Apr 2024 06:38:56 INFO  epoch 56 training [time: 195.88s, train loss: 10.2950]
Fri 05 Apr 2024 06:39:18 INFO  epoch 56 evaluating [time: 22.31s, valid_score: 0.105800]
Fri 05 Apr 2024 06:39:18 INFO  valid result: 
recall@10 : 0.1222    mrr@10 : 0.1058    ndcg@10 : 0.0796    hit@10 : 0.2761    precision@10 : 0.0337
Fri 05 Apr 2024 06:39:19 INFO  Saving current: saved/LFM-1b_artist_20U50I_75strat/DGCF/DGCF-Apr-05-2024_03-10-48.pth
Fri 05 Apr 2024 06:42:35 INFO  epoch 57 training [time: 195.63s, train loss: 10.0454]
Fri 05 Apr 2024 06:42:57 INFO  epoch 57 evaluating [time: 22.32s, valid_score: 0.106600]
Fri 05 Apr 2024 06:42:57 INFO  valid result: 
recall@10 : 0.1225    mrr@10 : 0.1066    ndcg@10 : 0.0799    hit@10 : 0.2771    precision@10 : 0.0337
Fri 05 Apr 2024 06:42:58 INFO  Saving current: saved/LFM-1b_artist_20U50I_75strat/DGCF/DGCF-Apr-05-2024_03-10-48.pth
Fri 05 Apr 2024 06:46:14 INFO  epoch 58 training [time: 195.60s, train loss: 9.9050]
Fri 05 Apr 2024 06:46:36 INFO  epoch 58 evaluating [time: 22.21s, valid_score: 0.106800]
Fri 05 Apr 2024 06:46:36 INFO  valid result: 
recall@10 : 0.1224    mrr@10 : 0.1068    ndcg@10 : 0.0799    hit@10 : 0.2771    precision@10 : 0.0337
Fri 05 Apr 2024 06:46:37 INFO  Saving current: saved/LFM-1b_artist_20U50I_75strat/DGCF/DGCF-Apr-05-2024_03-10-48.pth
Fri 05 Apr 2024 06:49:53 INFO  epoch 59 training [time: 196.29s, train loss: 9.6278]
Fri 05 Apr 2024 06:50:15 INFO  epoch 59 evaluating [time: 22.39s, valid_score: 0.107000]
Fri 05 Apr 2024 06:50:15 INFO  valid result: 
recall@10 : 0.1234    mrr@10 : 0.107    ndcg@10 : 0.0803    hit@10 : 0.2788    precision@10 : 0.0339
Fri 05 Apr 2024 06:50:16 INFO  Saving current: saved/LFM-1b_artist_20U50I_75strat/DGCF/DGCF-Apr-05-2024_03-10-48.pth
Fri 05 Apr 2024 06:53:33 INFO  epoch 60 training [time: 196.89s, train loss: 9.3322]
Fri 05 Apr 2024 06:53:56 INFO  epoch 60 evaluating [time: 22.43s, valid_score: 0.107200]
Fri 05 Apr 2024 06:53:56 INFO  valid result: 
recall@10 : 0.1242    mrr@10 : 0.1072    ndcg@10 : 0.0807    hit@10 : 0.28    precision@10 : 0.0341
Fri 05 Apr 2024 06:53:57 INFO  Saving current: saved/LFM-1b_artist_20U50I_75strat/DGCF/DGCF-Apr-05-2024_03-10-48.pth
Fri 05 Apr 2024 06:57:12 INFO  epoch 61 training [time: 195.53s, train loss: 9.2334]
Fri 05 Apr 2024 06:57:35 INFO  epoch 61 evaluating [time: 22.33s, valid_score: 0.107400]
Fri 05 Apr 2024 06:57:35 INFO  valid result: 
recall@10 : 0.1247    mrr@10 : 0.1074    ndcg@10 : 0.081    hit@10 : 0.2806    precision@10 : 0.0342
Fri 05 Apr 2024 06:57:35 INFO  Saving current: saved/LFM-1b_artist_20U50I_75strat/DGCF/DGCF-Apr-05-2024_03-10-48.pth
Fri 05 Apr 2024 07:00:51 INFO  epoch 62 training [time: 195.93s, train loss: 9.0993]
Fri 05 Apr 2024 07:01:13 INFO  epoch 62 evaluating [time: 22.26s, valid_score: 0.107500]
Fri 05 Apr 2024 07:01:13 INFO  valid result: 
recall@10 : 0.1258    mrr@10 : 0.1075    ndcg@10 : 0.0815    hit@10 : 0.2817    precision@10 : 0.0344
Fri 05 Apr 2024 07:01:14 INFO  Saving current: saved/LFM-1b_artist_20U50I_75strat/DGCF/DGCF-Apr-05-2024_03-10-48.pth
Fri 05 Apr 2024 07:04:31 INFO  epoch 63 training [time: 196.97s, train loss: 8.9985]
Fri 05 Apr 2024 07:04:54 INFO  epoch 63 evaluating [time: 22.20s, valid_score: 0.108000]
Fri 05 Apr 2024 07:04:54 INFO  valid result: 
recall@10 : 0.1268    mrr@10 : 0.108    ndcg@10 : 0.0819    hit@10 : 0.2836    precision@10 : 0.0346
Fri 05 Apr 2024 07:04:55 INFO  Saving current: saved/LFM-1b_artist_20U50I_75strat/DGCF/DGCF-Apr-05-2024_03-10-48.pth
Fri 05 Apr 2024 07:08:11 INFO  epoch 64 training [time: 196.87s, train loss: 8.7583]
Fri 05 Apr 2024 07:08:34 INFO  epoch 64 evaluating [time: 22.13s, valid_score: 0.107900]
Fri 05 Apr 2024 07:08:34 INFO  valid result: 
recall@10 : 0.1266    mrr@10 : 0.1079    ndcg@10 : 0.082    hit@10 : 0.2825    precision@10 : 0.0345
Fri 05 Apr 2024 07:11:50 INFO  epoch 65 training [time: 196.55s, train loss: 8.5601]
Fri 05 Apr 2024 07:12:12 INFO  epoch 65 evaluating [time: 22.10s, valid_score: 0.108100]
Fri 05 Apr 2024 07:12:12 INFO  valid result: 
recall@10 : 0.1269    mrr@10 : 0.1081    ndcg@10 : 0.0821    hit@10 : 0.2831    precision@10 : 0.0345
Fri 05 Apr 2024 07:12:14 INFO  Saving current: saved/LFM-1b_artist_20U50I_75strat/DGCF/DGCF-Apr-05-2024_03-10-48.pth
Fri 05 Apr 2024 07:15:30 INFO  epoch 66 training [time: 196.04s, train loss: 8.3296]
Fri 05 Apr 2024 07:15:52 INFO  epoch 66 evaluating [time: 21.87s, valid_score: 0.108400]
Fri 05 Apr 2024 07:15:52 INFO  valid result: 
recall@10 : 0.1273    mrr@10 : 0.1084    ndcg@10 : 0.0823    hit@10 : 0.2845    precision@10 : 0.0347
Fri 05 Apr 2024 07:15:53 INFO  Saving current: saved/LFM-1b_artist_20U50I_75strat/DGCF/DGCF-Apr-05-2024_03-10-48.pth
Fri 05 Apr 2024 07:19:08 INFO  epoch 67 training [time: 195.44s, train loss: 8.2371]
Fri 05 Apr 2024 07:19:30 INFO  epoch 67 evaluating [time: 22.20s, valid_score: 0.108400]
Fri 05 Apr 2024 07:19:30 INFO  valid result: 
recall@10 : 0.1281    mrr@10 : 0.1084    ndcg@10 : 0.0825    hit@10 : 0.2847    precision@10 : 0.0348
Fri 05 Apr 2024 07:19:31 INFO  Saving current: saved/LFM-1b_artist_20U50I_75strat/DGCF/DGCF-Apr-05-2024_03-10-48.pth
Fri 05 Apr 2024 07:22:47 INFO  epoch 68 training [time: 196.02s, train loss: 8.1338]
Fri 05 Apr 2024 07:23:09 INFO  epoch 68 evaluating [time: 22.09s, valid_score: 0.108900]
Fri 05 Apr 2024 07:23:09 INFO  valid result: 
recall@10 : 0.1281    mrr@10 : 0.1089    ndcg@10 : 0.0827    hit@10 : 0.2858    precision@10 : 0.0349
Fri 05 Apr 2024 07:23:10 INFO  Saving current: saved/LFM-1b_artist_20U50I_75strat/DGCF/DGCF-Apr-05-2024_03-10-48.pth
Fri 05 Apr 2024 07:26:26 INFO  epoch 69 training [time: 195.81s, train loss: 7.8950]
Fri 05 Apr 2024 07:26:48 INFO  epoch 69 evaluating [time: 21.74s, valid_score: 0.109200]
Fri 05 Apr 2024 07:26:48 INFO  valid result: 
recall@10 : 0.1288    mrr@10 : 0.1092    ndcg@10 : 0.083    hit@10 : 0.2877    precision@10 : 0.035
Fri 05 Apr 2024 07:26:48 INFO  Saving current: saved/LFM-1b_artist_20U50I_75strat/DGCF/DGCF-Apr-05-2024_03-10-48.pth
Fri 05 Apr 2024 07:30:04 INFO  epoch 70 training [time: 195.81s, train loss: 7.6474]
Fri 05 Apr 2024 07:30:26 INFO  epoch 70 evaluating [time: 21.80s, valid_score: 0.109500]
Fri 05 Apr 2024 07:30:26 INFO  valid result: 
recall@10 : 0.1297    mrr@10 : 0.1095    ndcg@10 : 0.0834    hit@10 : 0.2885    precision@10 : 0.0351
Fri 05 Apr 2024 07:30:27 INFO  Saving current: saved/LFM-1b_artist_20U50I_75strat/DGCF/DGCF-Apr-05-2024_03-10-48.pth
Fri 05 Apr 2024 07:33:43 INFO  epoch 71 training [time: 195.68s, train loss: 7.7063]
Fri 05 Apr 2024 07:34:04 INFO  epoch 71 evaluating [time: 21.77s, valid_score: 0.109600]
Fri 05 Apr 2024 07:34:04 INFO  valid result: 
recall@10 : 0.1305    mrr@10 : 0.1096    ndcg@10 : 0.0838    hit@10 : 0.29    precision@10 : 0.0352
Fri 05 Apr 2024 07:34:05 INFO  Saving current: saved/LFM-1b_artist_20U50I_75strat/DGCF/DGCF-Apr-05-2024_03-10-48.pth
Fri 05 Apr 2024 07:37:21 INFO  epoch 72 training [time: 195.63s, train loss: 7.4102]
Fri 05 Apr 2024 07:37:42 INFO  epoch 72 evaluating [time: 21.81s, valid_score: 0.109900]
Fri 05 Apr 2024 07:37:42 INFO  valid result: 
recall@10 : 0.1313    mrr@10 : 0.1099    ndcg@10 : 0.0841    hit@10 : 0.2912    precision@10 : 0.0354
Fri 05 Apr 2024 07:37:43 INFO  Saving current: saved/LFM-1b_artist_20U50I_75strat/DGCF/DGCF-Apr-05-2024_03-10-48.pth
Fri 05 Apr 2024 07:40:59 INFO  epoch 73 training [time: 195.61s, train loss: 7.4728]
Fri 05 Apr 2024 07:41:21 INFO  epoch 73 evaluating [time: 21.75s, valid_score: 0.110300]
Fri 05 Apr 2024 07:41:21 INFO  valid result: 
recall@10 : 0.1314    mrr@10 : 0.1103    ndcg@10 : 0.0843    hit@10 : 0.2913    precision@10 : 0.0353
Fri 05 Apr 2024 07:41:21 INFO  Saving current: saved/LFM-1b_artist_20U50I_75strat/DGCF/DGCF-Apr-05-2024_03-10-48.pth
Fri 05 Apr 2024 07:44:37 INFO  epoch 74 training [time: 195.44s, train loss: 7.2396]
Fri 05 Apr 2024 07:44:59 INFO  epoch 74 evaluating [time: 21.66s, valid_score: 0.110600]
Fri 05 Apr 2024 07:44:59 INFO  valid result: 
recall@10 : 0.1319    mrr@10 : 0.1106    ndcg@10 : 0.0846    hit@10 : 0.2927    precision@10 : 0.0355
Fri 05 Apr 2024 07:44:59 INFO  Saving current: saved/LFM-1b_artist_20U50I_75strat/DGCF/DGCF-Apr-05-2024_03-10-48.pth
Fri 05 Apr 2024 07:48:15 INFO  epoch 75 training [time: 195.48s, train loss: 7.2028]
Fri 05 Apr 2024 07:48:36 INFO  epoch 75 evaluating [time: 21.41s, valid_score: 0.110700]
Fri 05 Apr 2024 07:48:36 INFO  valid result: 
recall@10 : 0.1316    mrr@10 : 0.1107    ndcg@10 : 0.0846    hit@10 : 0.292    precision@10 : 0.0355
Fri 05 Apr 2024 07:48:37 INFO  Saving current: saved/LFM-1b_artist_20U50I_75strat/DGCF/DGCF-Apr-05-2024_03-10-48.pth
Fri 05 Apr 2024 07:51:53 INFO  epoch 76 training [time: 195.48s, train loss: 6.9541]
Fri 05 Apr 2024 07:52:14 INFO  epoch 76 evaluating [time: 21.38s, valid_score: 0.111000]
Fri 05 Apr 2024 07:52:14 INFO  valid result: 
recall@10 : 0.1326    mrr@10 : 0.111    ndcg@10 : 0.0851    hit@10 : 0.2929    precision@10 : 0.0357
Fri 05 Apr 2024 07:52:15 INFO  Saving current: saved/LFM-1b_artist_20U50I_75strat/DGCF/DGCF-Apr-05-2024_03-10-48.pth
Fri 05 Apr 2024 07:55:30 INFO  epoch 77 training [time: 195.14s, train loss: 6.8785]
Fri 05 Apr 2024 07:55:52 INFO  epoch 77 evaluating [time: 21.40s, valid_score: 0.111400]
Fri 05 Apr 2024 07:55:52 INFO  valid result: 
recall@10 : 0.1335    mrr@10 : 0.1114    ndcg@10 : 0.0856    hit@10 : 0.2945    precision@10 : 0.0359
Fri 05 Apr 2024 07:55:52 INFO  Saving current: saved/LFM-1b_artist_20U50I_75strat/DGCF/DGCF-Apr-05-2024_03-10-48.pth
Fri 05 Apr 2024 07:59:08 INFO  epoch 78 training [time: 195.46s, train loss: 6.7832]
Fri 05 Apr 2024 07:59:29 INFO  epoch 78 evaluating [time: 21.49s, valid_score: 0.111200]
Fri 05 Apr 2024 07:59:29 INFO  valid result: 
recall@10 : 0.1335    mrr@10 : 0.1112    ndcg@10 : 0.0857    hit@10 : 0.2945    precision@10 : 0.036
Fri 05 Apr 2024 08:02:45 INFO  epoch 79 training [time: 195.58s, train loss: 6.6389]
Fri 05 Apr 2024 08:03:07 INFO  epoch 79 evaluating [time: 21.53s, valid_score: 0.111700]
Fri 05 Apr 2024 08:03:07 INFO  valid result: 
recall@10 : 0.1341    mrr@10 : 0.1117    ndcg@10 : 0.0861    hit@10 : 0.2947    precision@10 : 0.036
Fri 05 Apr 2024 08:03:08 INFO  Saving current: saved/LFM-1b_artist_20U50I_75strat/DGCF/DGCF-Apr-05-2024_03-10-48.pth
Fri 05 Apr 2024 08:06:23 INFO  epoch 80 training [time: 195.74s, train loss: 6.5481]
Fri 05 Apr 2024 08:06:45 INFO  epoch 80 evaluating [time: 21.62s, valid_score: 0.111900]
Fri 05 Apr 2024 08:06:45 INFO  valid result: 
recall@10 : 0.1345    mrr@10 : 0.1119    ndcg@10 : 0.0864    hit@10 : 0.2956    precision@10 : 0.0362
Fri 05 Apr 2024 08:06:46 INFO  Saving current: saved/LFM-1b_artist_20U50I_75strat/DGCF/DGCF-Apr-05-2024_03-10-48.pth
Fri 05 Apr 2024 08:10:02 INFO  epoch 81 training [time: 195.95s, train loss: 6.4812]
Fri 05 Apr 2024 08:10:23 INFO  epoch 81 evaluating [time: 21.61s, valid_score: 0.112000]
Fri 05 Apr 2024 08:10:23 INFO  valid result: 
recall@10 : 0.1353    mrr@10 : 0.112    ndcg@10 : 0.0867    hit@10 : 0.2967    precision@10 : 0.0363
Fri 05 Apr 2024 08:10:24 INFO  Saving current: saved/LFM-1b_artist_20U50I_75strat/DGCF/DGCF-Apr-05-2024_03-10-48.pth
Fri 05 Apr 2024 08:13:41 INFO  epoch 82 training [time: 196.82s, train loss: 6.3685]
Fri 05 Apr 2024 08:14:03 INFO  epoch 82 evaluating [time: 21.56s, valid_score: 0.112800]
Fri 05 Apr 2024 08:14:03 INFO  valid result: 
recall@10 : 0.136    mrr@10 : 0.1128    ndcg@10 : 0.0871    hit@10 : 0.2983    precision@10 : 0.0365
Fri 05 Apr 2024 08:14:04 INFO  Saving current: saved/LFM-1b_artist_20U50I_75strat/DGCF/DGCF-Apr-05-2024_03-10-48.pth
Fri 05 Apr 2024 08:17:20 INFO  epoch 83 training [time: 195.70s, train loss: 6.1312]
Fri 05 Apr 2024 08:17:42 INFO  epoch 83 evaluating [time: 21.56s, valid_score: 0.112900]
Fri 05 Apr 2024 08:17:42 INFO  valid result: 
recall@10 : 0.1362    mrr@10 : 0.1129    ndcg@10 : 0.0872    hit@10 : 0.2988    precision@10 : 0.0365
Fri 05 Apr 2024 08:17:43 INFO  Saving current: saved/LFM-1b_artist_20U50I_75strat/DGCF/DGCF-Apr-05-2024_03-10-48.pth
Fri 05 Apr 2024 08:20:58 INFO  epoch 84 training [time: 195.23s, train loss: 6.1495]
Fri 05 Apr 2024 08:21:19 INFO  epoch 84 evaluating [time: 21.57s, valid_score: 0.112900]
Fri 05 Apr 2024 08:21:19 INFO  valid result: 
recall@10 : 0.137    mrr@10 : 0.1129    ndcg@10 : 0.0875    hit@10 : 0.2991    precision@10 : 0.0365
Fri 05 Apr 2024 08:21:20 INFO  Saving current: saved/LFM-1b_artist_20U50I_75strat/DGCF/DGCF-Apr-05-2024_03-10-48.pth
Fri 05 Apr 2024 08:24:36 INFO  epoch 85 training [time: 195.38s, train loss: 6.1581]
Fri 05 Apr 2024 08:24:57 INFO  epoch 85 evaluating [time: 21.61s, valid_score: 0.113400]
Fri 05 Apr 2024 08:24:57 INFO  valid result: 
recall@10 : 0.1372    mrr@10 : 0.1134    ndcg@10 : 0.0878    hit@10 : 0.2993    precision@10 : 0.0366
Fri 05 Apr 2024 08:24:58 INFO  Saving current: saved/LFM-1b_artist_20U50I_75strat/DGCF/DGCF-Apr-05-2024_03-10-48.pth
Fri 05 Apr 2024 08:28:14 INFO  epoch 86 training [time: 195.28s, train loss: 5.9513]
Fri 05 Apr 2024 08:28:35 INFO  epoch 86 evaluating [time: 21.65s, valid_score: 0.113500]
Fri 05 Apr 2024 08:28:35 INFO  valid result: 
recall@10 : 0.1369    mrr@10 : 0.1135    ndcg@10 : 0.0879    hit@10 : 0.3    precision@10 : 0.0366
Fri 05 Apr 2024 08:28:36 INFO  Saving current: saved/LFM-1b_artist_20U50I_75strat/DGCF/DGCF-Apr-05-2024_03-10-48.pth
Fri 05 Apr 2024 08:31:52 INFO  epoch 87 training [time: 195.70s, train loss: 5.8841]
Fri 05 Apr 2024 08:32:13 INFO  epoch 87 evaluating [time: 21.63s, valid_score: 0.114100]
Fri 05 Apr 2024 08:32:13 INFO  valid result: 
recall@10 : 0.1383    mrr@10 : 0.1141    ndcg@10 : 0.0885    hit@10 : 0.302    precision@10 : 0.0368
Fri 05 Apr 2024 08:32:14 INFO  Saving current: saved/LFM-1b_artist_20U50I_75strat/DGCF/DGCF-Apr-05-2024_03-10-48.pth
Fri 05 Apr 2024 08:35:30 INFO  epoch 88 training [time: 195.27s, train loss: 5.7789]
Fri 05 Apr 2024 08:35:51 INFO  epoch 88 evaluating [time: 21.58s, valid_score: 0.114400]
Fri 05 Apr 2024 08:35:51 INFO  valid result: 
recall@10 : 0.1389    mrr@10 : 0.1144    ndcg@10 : 0.0889    hit@10 : 0.3027    precision@10 : 0.0369
Fri 05 Apr 2024 08:35:52 INFO  Saving current: saved/LFM-1b_artist_20U50I_75strat/DGCF/DGCF-Apr-05-2024_03-10-48.pth
Fri 05 Apr 2024 08:39:07 INFO  epoch 89 training [time: 195.17s, train loss: 5.7184]
Fri 05 Apr 2024 08:39:29 INFO  epoch 89 evaluating [time: 21.59s, valid_score: 0.114700]
Fri 05 Apr 2024 08:39:29 INFO  valid result: 
recall@10 : 0.1392    mrr@10 : 0.1147    ndcg@10 : 0.0891    hit@10 : 0.304    precision@10 : 0.0371
Fri 05 Apr 2024 08:39:30 INFO  Saving current: saved/LFM-1b_artist_20U50I_75strat/DGCF/DGCF-Apr-05-2024_03-10-48.pth
Fri 05 Apr 2024 08:42:45 INFO  epoch 90 training [time: 195.28s, train loss: 5.6301]
Fri 05 Apr 2024 08:43:07 INFO  epoch 90 evaluating [time: 21.62s, valid_score: 0.114900]
Fri 05 Apr 2024 08:43:07 INFO  valid result: 
recall@10 : 0.1395    mrr@10 : 0.1149    ndcg@10 : 0.0894    hit@10 : 0.305    precision@10 : 0.0372
Fri 05 Apr 2024 08:43:08 INFO  Saving current: saved/LFM-1b_artist_20U50I_75strat/DGCF/DGCF-Apr-05-2024_03-10-48.pth
Fri 05 Apr 2024 08:46:24 INFO  epoch 91 training [time: 195.49s, train loss: 5.5334]
Fri 05 Apr 2024 08:46:45 INFO  epoch 91 evaluating [time: 21.68s, valid_score: 0.115000]
Fri 05 Apr 2024 08:46:45 INFO  valid result: 
recall@10 : 0.1396    mrr@10 : 0.115    ndcg@10 : 0.0895    hit@10 : 0.3046    precision@10 : 0.0372
Fri 05 Apr 2024 08:46:46 INFO  Saving current: saved/LFM-1b_artist_20U50I_75strat/DGCF/DGCF-Apr-05-2024_03-10-48.pth
Fri 05 Apr 2024 08:50:01 INFO  epoch 92 training [time: 195.02s, train loss: 5.4598]
Fri 05 Apr 2024 08:50:23 INFO  epoch 92 evaluating [time: 21.59s, valid_score: 0.115200]
Fri 05 Apr 2024 08:50:23 INFO  valid result: 
recall@10 : 0.1409    mrr@10 : 0.1152    ndcg@10 : 0.09    hit@10 : 0.306    precision@10 : 0.0374
Fri 05 Apr 2024 08:50:24 INFO  Saving current: saved/LFM-1b_artist_20U50I_75strat/DGCF/DGCF-Apr-05-2024_03-10-48.pth
Fri 05 Apr 2024 08:53:39 INFO  epoch 93 training [time: 195.07s, train loss: 5.3999]
Fri 05 Apr 2024 08:55:04 INFO  epoch 93 evaluating [time: 84.76s, valid_score: 0.116100]
Fri 05 Apr 2024 08:55:04 INFO  valid result: 
recall@10 : 0.142    mrr@10 : 0.1161    ndcg@10 : 0.0906    hit@10 : 0.3086    precision@10 : 0.0376
Fri 05 Apr 2024 08:55:05 INFO  Saving current: saved/LFM-1b_artist_20U50I_75strat/DGCF/DGCF-Apr-05-2024_03-10-48.pth
Fri 05 Apr 2024 08:58:20 INFO  epoch 94 training [time: 195.96s, train loss: 5.3621]
Fri 05 Apr 2024 08:58:42 INFO  epoch 94 evaluating [time: 21.67s, valid_score: 0.115900]
Fri 05 Apr 2024 08:58:42 INFO  valid result: 
recall@10 : 0.1417    mrr@10 : 0.1159    ndcg@10 : 0.0905    hit@10 : 0.3095    precision@10 : 0.0377
Fri 05 Apr 2024 09:01:58 INFO  epoch 95 training [time: 195.87s, train loss: 5.2600]
Fri 05 Apr 2024 09:02:20 INFO  epoch 95 evaluating [time: 21.60s, valid_score: 0.116500]
Fri 05 Apr 2024 09:02:20 INFO  valid result: 
recall@10 : 0.1422    mrr@10 : 0.1165    ndcg@10 : 0.0909    hit@10 : 0.3089    precision@10 : 0.0377
Fri 05 Apr 2024 09:02:21 INFO  Saving current: saved/LFM-1b_artist_20U50I_75strat/DGCF/DGCF-Apr-05-2024_03-10-48.pth
Fri 05 Apr 2024 09:05:37 INFO  epoch 96 training [time: 196.86s, train loss: 5.2541]
Fri 05 Apr 2024 09:05:59 INFO  epoch 96 evaluating [time: 21.70s, valid_score: 0.116700]
Fri 05 Apr 2024 09:05:59 INFO  valid result: 
recall@10 : 0.1426    mrr@10 : 0.1167    ndcg@10 : 0.0911    hit@10 : 0.3095    precision@10 : 0.0377
Fri 05 Apr 2024 09:06:00 INFO  Saving current: saved/LFM-1b_artist_20U50I_75strat/DGCF/DGCF-Apr-05-2024_03-10-48.pth
Fri 05 Apr 2024 09:09:15 INFO  epoch 97 training [time: 194.94s, train loss: 5.1033]
Fri 05 Apr 2024 09:09:36 INFO  epoch 97 evaluating [time: 21.63s, valid_score: 0.117600]
Fri 05 Apr 2024 09:09:36 INFO  valid result: 
recall@10 : 0.1433    mrr@10 : 0.1176    ndcg@10 : 0.0917    hit@10 : 0.3104    precision@10 : 0.0378
Fri 05 Apr 2024 09:09:37 INFO  Saving current: saved/LFM-1b_artist_20U50I_75strat/DGCF/DGCF-Apr-05-2024_03-10-48.pth
Fri 05 Apr 2024 09:12:52 INFO  epoch 98 training [time: 194.80s, train loss: 5.2153]
Fri 05 Apr 2024 09:13:14 INFO  epoch 98 evaluating [time: 21.65s, valid_score: 0.117700]
Fri 05 Apr 2024 09:13:14 INFO  valid result: 
recall@10 : 0.1436    mrr@10 : 0.1177    ndcg@10 : 0.0918    hit@10 : 0.3097    precision@10 : 0.0378
Fri 05 Apr 2024 09:13:15 INFO  Saving current: saved/LFM-1b_artist_20U50I_75strat/DGCF/DGCF-Apr-05-2024_03-10-48.pth
Fri 05 Apr 2024 09:16:29 INFO  epoch 99 training [time: 194.43s, train loss: 4.8997]
Fri 05 Apr 2024 09:16:51 INFO  epoch 99 evaluating [time: 21.61s, valid_score: 0.117500]
Fri 05 Apr 2024 09:16:51 INFO  valid result: 
recall@10 : 0.1434    mrr@10 : 0.1175    ndcg@10 : 0.0917    hit@10 : 0.31    precision@10 : 0.0378
Fri 05 Apr 2024 09:20:05 INFO  epoch 100 training [time: 194.72s, train loss: 4.9532]
Fri 05 Apr 2024 09:20:27 INFO  epoch 100 evaluating [time: 21.63s, valid_score: 0.117700]
Fri 05 Apr 2024 09:20:27 INFO  valid result: 
recall@10 : 0.143    mrr@10 : 0.1177    ndcg@10 : 0.0916    hit@10 : 0.3107    precision@10 : 0.0379
Fri 05 Apr 2024 09:20:28 INFO  Saving current: saved/LFM-1b_artist_20U50I_75strat/DGCF/DGCF-Apr-05-2024_03-10-48.pth
Fri 05 Apr 2024 09:23:43 INFO  epoch 101 training [time: 195.33s, train loss: 4.8342]
Fri 05 Apr 2024 09:24:05 INFO  epoch 101 evaluating [time: 21.66s, valid_score: 0.118200]
Fri 05 Apr 2024 09:24:05 INFO  valid result: 
recall@10 : 0.1428    mrr@10 : 0.1182    ndcg@10 : 0.0919    hit@10 : 0.3103    precision@10 : 0.0378
Fri 05 Apr 2024 09:24:06 INFO  Saving current: saved/LFM-1b_artist_20U50I_75strat/DGCF/DGCF-Apr-05-2024_03-10-48.pth
Fri 05 Apr 2024 09:27:21 INFO  epoch 102 training [time: 195.66s, train loss: 4.9027]
Fri 05 Apr 2024 09:27:43 INFO  epoch 102 evaluating [time: 21.67s, valid_score: 0.118300]
Fri 05 Apr 2024 09:27:43 INFO  valid result: 
recall@10 : 0.144    mrr@10 : 0.1183    ndcg@10 : 0.0923    hit@10 : 0.3125    precision@10 : 0.038
Fri 05 Apr 2024 09:27:44 INFO  Saving current: saved/LFM-1b_artist_20U50I_75strat/DGCF/DGCF-Apr-05-2024_03-10-48.pth
Fri 05 Apr 2024 09:30:59 INFO  epoch 103 training [time: 195.39s, train loss: 4.8165]
Fri 05 Apr 2024 09:31:21 INFO  epoch 103 evaluating [time: 21.62s, valid_score: 0.118800]
Fri 05 Apr 2024 09:31:21 INFO  valid result: 
recall@10 : 0.1442    mrr@10 : 0.1188    ndcg@10 : 0.0925    hit@10 : 0.3123    precision@10 : 0.0379
Fri 05 Apr 2024 09:31:22 INFO  Saving current: saved/LFM-1b_artist_20U50I_75strat/DGCF/DGCF-Apr-05-2024_03-10-48.pth
Fri 05 Apr 2024 09:34:37 INFO  epoch 104 training [time: 195.36s, train loss: 4.7299]
Fri 05 Apr 2024 09:34:59 INFO  epoch 104 evaluating [time: 21.61s, valid_score: 0.118800]
Fri 05 Apr 2024 09:34:59 INFO  valid result: 
recall@10 : 0.1439    mrr@10 : 0.1188    ndcg@10 : 0.0924    hit@10 : 0.3118    precision@10 : 0.0379
Fri 05 Apr 2024 09:34:59 INFO  Saving current: saved/LFM-1b_artist_20U50I_75strat/DGCF/DGCF-Apr-05-2024_03-10-48.pth
Fri 05 Apr 2024 09:38:15 INFO  epoch 105 training [time: 195.32s, train loss: 4.7368]
Fri 05 Apr 2024 09:38:36 INFO  epoch 105 evaluating [time: 21.70s, valid_score: 0.118400]
Fri 05 Apr 2024 09:38:36 INFO  valid result: 
recall@10 : 0.1447    mrr@10 : 0.1184    ndcg@10 : 0.0926    hit@10 : 0.3122    precision@10 : 0.038
Fri 05 Apr 2024 09:41:52 INFO  epoch 106 training [time: 195.49s, train loss: 4.5985]
Fri 05 Apr 2024 09:42:14 INFO  epoch 106 evaluating [time: 21.71s, valid_score: 0.118500]
Fri 05 Apr 2024 09:42:14 INFO  valid result: 
recall@10 : 0.1447    mrr@10 : 0.1185    ndcg@10 : 0.0926    hit@10 : 0.3116    precision@10 : 0.0379
Fri 05 Apr 2024 09:45:29 INFO  epoch 107 training [time: 195.62s, train loss: 4.5518]
Fri 05 Apr 2024 09:45:51 INFO  epoch 107 evaluating [time: 21.60s, valid_score: 0.118700]
Fri 05 Apr 2024 09:45:51 INFO  valid result: 
recall@10 : 0.1451    mrr@10 : 0.1187    ndcg@10 : 0.0928    hit@10 : 0.3129    precision@10 : 0.038
Fri 05 Apr 2024 09:49:07 INFO  epoch 108 training [time: 195.86s, train loss: 4.5238]
Fri 05 Apr 2024 09:49:28 INFO  epoch 108 evaluating [time: 21.76s, valid_score: 0.118600]
Fri 05 Apr 2024 09:49:28 INFO  valid result: 
recall@10 : 0.1448    mrr@10 : 0.1186    ndcg@10 : 0.0928    hit@10 : 0.3125    precision@10 : 0.038
Fri 05 Apr 2024 09:52:45 INFO  epoch 109 training [time: 196.04s, train loss: 4.5328]
Fri 05 Apr 2024 09:53:06 INFO  epoch 109 evaluating [time: 21.64s, valid_score: 0.119300]
Fri 05 Apr 2024 09:53:06 INFO  valid result: 
recall@10 : 0.1455    mrr@10 : 0.1193    ndcg@10 : 0.0931    hit@10 : 0.3139    precision@10 : 0.0382
Fri 05 Apr 2024 09:53:07 INFO  Saving current: saved/LFM-1b_artist_20U50I_75strat/DGCF/DGCF-Apr-05-2024_03-10-48.pth
Fri 05 Apr 2024 09:56:23 INFO  epoch 110 training [time: 196.06s, train loss: 4.4442]
Fri 05 Apr 2024 09:56:45 INFO  epoch 110 evaluating [time: 21.72s, valid_score: 0.119700]
Fri 05 Apr 2024 09:56:45 INFO  valid result: 
recall@10 : 0.1457    mrr@10 : 0.1197    ndcg@10 : 0.0932    hit@10 : 0.315    precision@10 : 0.0383
Fri 05 Apr 2024 09:56:46 INFO  Saving current: saved/LFM-1b_artist_20U50I_75strat/DGCF/DGCF-Apr-05-2024_03-10-48.pth
Fri 05 Apr 2024 10:00:01 INFO  epoch 111 training [time: 194.83s, train loss: 4.4352]
Fri 05 Apr 2024 10:00:23 INFO  epoch 111 evaluating [time: 22.06s, valid_score: 0.119500]
Fri 05 Apr 2024 10:00:23 INFO  valid result: 
recall@10 : 0.1462    mrr@10 : 0.1195    ndcg@10 : 0.0934    hit@10 : 0.3148    precision@10 : 0.0384
Fri 05 Apr 2024 10:03:38 INFO  epoch 112 training [time: 195.28s, train loss: 4.4414]
Fri 05 Apr 2024 10:04:00 INFO  epoch 112 evaluating [time: 22.10s, valid_score: 0.119600]
Fri 05 Apr 2024 10:04:00 INFO  valid result: 
recall@10 : 0.1462    mrr@10 : 0.1196    ndcg@10 : 0.0934    hit@10 : 0.3147    precision@10 : 0.0383
Fri 05 Apr 2024 10:07:16 INFO  epoch 113 training [time: 195.95s, train loss: 4.2760]
Fri 05 Apr 2024 10:07:38 INFO  epoch 113 evaluating [time: 21.95s, valid_score: 0.120200]
Fri 05 Apr 2024 10:07:38 INFO  valid result: 
recall@10 : 0.1465    mrr@10 : 0.1202    ndcg@10 : 0.0938    hit@10 : 0.3146    precision@10 : 0.0383
Fri 05 Apr 2024 10:07:39 INFO  Saving current: saved/LFM-1b_artist_20U50I_75strat/DGCF/DGCF-Apr-05-2024_03-10-48.pth
Fri 05 Apr 2024 10:10:55 INFO  epoch 114 training [time: 195.56s, train loss: 4.3647]
Fri 05 Apr 2024 10:11:17 INFO  epoch 114 evaluating [time: 21.99s, valid_score: 0.119900]
Fri 05 Apr 2024 10:11:17 INFO  valid result: 
recall@10 : 0.1465    mrr@10 : 0.1199    ndcg@10 : 0.0937    hit@10 : 0.3144    precision@10 : 0.0382
Fri 05 Apr 2024 10:14:32 INFO  epoch 115 training [time: 195.64s, train loss: 4.1943]
Fri 05 Apr 2024 10:14:54 INFO  epoch 115 evaluating [time: 22.01s, valid_score: 0.119700]
Fri 05 Apr 2024 10:14:54 INFO  valid result: 
recall@10 : 0.1463    mrr@10 : 0.1197    ndcg@10 : 0.0936    hit@10 : 0.3136    precision@10 : 0.0382
Fri 05 Apr 2024 10:18:09 INFO  epoch 116 training [time: 194.99s, train loss: 4.2409]
Fri 05 Apr 2024 10:18:31 INFO  epoch 116 evaluating [time: 22.17s, valid_score: 0.119700]
Fri 05 Apr 2024 10:18:31 INFO  valid result: 
recall@10 : 0.1471    mrr@10 : 0.1197    ndcg@10 : 0.0938    hit@10 : 0.3153    precision@10 : 0.0383
Fri 05 Apr 2024 10:21:47 INFO  epoch 117 training [time: 195.35s, train loss: 4.2272]
Fri 05 Apr 2024 10:22:09 INFO  epoch 117 evaluating [time: 22.00s, valid_score: 0.120500]
Fri 05 Apr 2024 10:22:09 INFO  valid result: 
recall@10 : 0.1469    mrr@10 : 0.1205    ndcg@10 : 0.0942    hit@10 : 0.3148    precision@10 : 0.0384
Fri 05 Apr 2024 10:22:10 INFO  Saving current: saved/LFM-1b_artist_20U50I_75strat/DGCF/DGCF-Apr-05-2024_03-10-48.pth
Fri 05 Apr 2024 10:25:24 INFO  epoch 118 training [time: 194.91s, train loss: 4.0988]
Fri 05 Apr 2024 10:25:46 INFO  epoch 118 evaluating [time: 21.82s, valid_score: 0.120100]
Fri 05 Apr 2024 10:25:46 INFO  valid result: 
recall@10 : 0.147    mrr@10 : 0.1201    ndcg@10 : 0.094    hit@10 : 0.3153    precision@10 : 0.0384
Fri 05 Apr 2024 10:29:02 INFO  epoch 119 training [time: 195.45s, train loss: 4.0098]
Fri 05 Apr 2024 10:29:24 INFO  epoch 119 evaluating [time: 21.88s, valid_score: 0.119900]
Fri 05 Apr 2024 10:29:24 INFO  valid result: 
recall@10 : 0.1469    mrr@10 : 0.1199    ndcg@10 : 0.0939    hit@10 : 0.3154    precision@10 : 0.0383
Fri 05 Apr 2024 10:32:40 INFO  epoch 120 training [time: 196.10s, train loss: 4.0194]
Fri 05 Apr 2024 10:33:02 INFO  epoch 120 evaluating [time: 21.90s, valid_score: 0.119900]
Fri 05 Apr 2024 10:33:02 INFO  valid result: 
recall@10 : 0.147    mrr@10 : 0.1199    ndcg@10 : 0.094    hit@10 : 0.3152    precision@10 : 0.0384
Fri 05 Apr 2024 10:36:17 INFO  epoch 121 training [time: 195.54s, train loss: 3.9173]
Fri 05 Apr 2024 10:36:39 INFO  epoch 121 evaluating [time: 21.84s, valid_score: 0.120400]
Fri 05 Apr 2024 10:36:39 INFO  valid result: 
recall@10 : 0.1476    mrr@10 : 0.1204    ndcg@10 : 0.0943    hit@10 : 0.3162    precision@10 : 0.0385
Fri 05 Apr 2024 10:39:55 INFO  epoch 122 training [time: 195.61s, train loss: 3.9316]
Fri 05 Apr 2024 10:40:17 INFO  epoch 122 evaluating [time: 22.03s, valid_score: 0.120600]
Fri 05 Apr 2024 10:40:17 INFO  valid result: 
recall@10 : 0.1474    mrr@10 : 0.1206    ndcg@10 : 0.0944    hit@10 : 0.3158    precision@10 : 0.0384
Fri 05 Apr 2024 10:40:18 INFO  Saving current: saved/LFM-1b_artist_20U50I_75strat/DGCF/DGCF-Apr-05-2024_03-10-48.pth
Fri 05 Apr 2024 10:43:33 INFO  epoch 123 training [time: 195.18s, train loss: 3.8748]
Fri 05 Apr 2024 10:43:55 INFO  epoch 123 evaluating [time: 21.81s, valid_score: 0.120700]
Fri 05 Apr 2024 10:43:55 INFO  valid result: 
recall@10 : 0.1479    mrr@10 : 0.1207    ndcg@10 : 0.0945    hit@10 : 0.3154    precision@10 : 0.0384
Fri 05 Apr 2024 10:43:55 INFO  Saving current: saved/LFM-1b_artist_20U50I_75strat/DGCF/DGCF-Apr-05-2024_03-10-48.pth
Fri 05 Apr 2024 10:47:10 INFO  epoch 124 training [time: 195.08s, train loss: 3.9065]
Fri 05 Apr 2024 10:47:32 INFO  epoch 124 evaluating [time: 21.92s, valid_score: 0.120900]
Fri 05 Apr 2024 10:47:32 INFO  valid result: 
recall@10 : 0.1481    mrr@10 : 0.1209    ndcg@10 : 0.0947    hit@10 : 0.3164    precision@10 : 0.0385
Fri 05 Apr 2024 10:47:33 INFO  Saving current: saved/LFM-1b_artist_20U50I_75strat/DGCF/DGCF-Apr-05-2024_03-10-48.pth
Fri 05 Apr 2024 10:50:49 INFO  epoch 125 training [time: 195.50s, train loss: 3.9148]
Fri 05 Apr 2024 10:51:10 INFO  epoch 125 evaluating [time: 21.87s, valid_score: 0.120900]
Fri 05 Apr 2024 10:51:10 INFO  valid result: 
recall@10 : 0.1488    mrr@10 : 0.1209    ndcg@10 : 0.0949    hit@10 : 0.3175    precision@10 : 0.0387
Fri 05 Apr 2024 10:51:11 INFO  Saving current: saved/LFM-1b_artist_20U50I_75strat/DGCF/DGCF-Apr-05-2024_03-10-48.pth
Fri 05 Apr 2024 10:54:26 INFO  epoch 126 training [time: 195.19s, train loss: 3.7906]
Fri 05 Apr 2024 10:54:48 INFO  epoch 126 evaluating [time: 21.92s, valid_score: 0.121700]
Fri 05 Apr 2024 10:54:48 INFO  valid result: 
recall@10 : 0.1485    mrr@10 : 0.1217    ndcg@10 : 0.0952    hit@10 : 0.3182    precision@10 : 0.0387
Fri 05 Apr 2024 10:54:49 INFO  Saving current: saved/LFM-1b_artist_20U50I_75strat/DGCF/DGCF-Apr-05-2024_03-10-48.pth
Fri 05 Apr 2024 10:58:05 INFO  epoch 127 training [time: 195.30s, train loss: 3.7793]
Fri 05 Apr 2024 10:58:28 INFO  epoch 127 evaluating [time: 23.61s, valid_score: 0.121800]
Fri 05 Apr 2024 10:58:28 INFO  valid result: 
recall@10 : 0.1483    mrr@10 : 0.1218    ndcg@10 : 0.0953    hit@10 : 0.3178    precision@10 : 0.0388
Fri 05 Apr 2024 10:58:29 INFO  Saving current: saved/LFM-1b_artist_20U50I_75strat/DGCF/DGCF-Apr-05-2024_03-10-48.pth
Fri 05 Apr 2024 11:01:44 INFO  epoch 128 training [time: 195.13s, train loss: 3.7680]
Fri 05 Apr 2024 11:02:06 INFO  epoch 128 evaluating [time: 21.90s, valid_score: 0.122200]
Fri 05 Apr 2024 11:02:06 INFO  valid result: 
recall@10 : 0.1488    mrr@10 : 0.1222    ndcg@10 : 0.0955    hit@10 : 0.3181    precision@10 : 0.0387
Fri 05 Apr 2024 11:02:07 INFO  Saving current: saved/LFM-1b_artist_20U50I_75strat/DGCF/DGCF-Apr-05-2024_03-10-48.pth
Fri 05 Apr 2024 11:05:23 INFO  epoch 129 training [time: 195.47s, train loss: 3.7252]
Fri 05 Apr 2024 11:05:45 INFO  epoch 129 evaluating [time: 21.90s, valid_score: 0.121900]
Fri 05 Apr 2024 11:05:45 INFO  valid result: 
recall@10 : 0.1489    mrr@10 : 0.1219    ndcg@10 : 0.0954    hit@10 : 0.3188    precision@10 : 0.0388
Fri 05 Apr 2024 11:09:00 INFO  epoch 130 training [time: 195.04s, train loss: 3.7150]
Fri 05 Apr 2024 11:09:21 INFO  epoch 130 evaluating [time: 21.86s, valid_score: 0.122100]
Fri 05 Apr 2024 11:09:21 INFO  valid result: 
recall@10 : 0.1487    mrr@10 : 0.1221    ndcg@10 : 0.0955    hit@10 : 0.3186    precision@10 : 0.0387
Fri 05 Apr 2024 11:12:38 INFO  epoch 131 training [time: 196.21s, train loss: 3.6838]
Fri 05 Apr 2024 11:13:00 INFO  epoch 131 evaluating [time: 21.94s, valid_score: 0.122100]
Fri 05 Apr 2024 11:13:00 INFO  valid result: 
recall@10 : 0.1486    mrr@10 : 0.1221    ndcg@10 : 0.0954    hit@10 : 0.3179    precision@10 : 0.0386
Fri 05 Apr 2024 11:16:15 INFO  epoch 132 training [time: 195.45s, train loss: 3.6523]
Fri 05 Apr 2024 11:16:37 INFO  epoch 132 evaluating [time: 21.88s, valid_score: 0.122200]
Fri 05 Apr 2024 11:16:37 INFO  valid result: 
recall@10 : 0.1486    mrr@10 : 0.1222    ndcg@10 : 0.0955    hit@10 : 0.3173    precision@10 : 0.0385
Fri 05 Apr 2024 11:16:38 INFO  Saving current: saved/LFM-1b_artist_20U50I_75strat/DGCF/DGCF-Apr-05-2024_03-10-48.pth
Fri 05 Apr 2024 11:19:53 INFO  epoch 133 training [time: 195.07s, train loss: 3.5961]
Fri 05 Apr 2024 11:20:15 INFO  epoch 133 evaluating [time: 21.95s, valid_score: 0.122200]
Fri 05 Apr 2024 11:20:15 INFO  valid result: 
recall@10 : 0.1491    mrr@10 : 0.1222    ndcg@10 : 0.0957    hit@10 : 0.3176    precision@10 : 0.0386
Fri 05 Apr 2024 11:20:16 INFO  Saving current: saved/LFM-1b_artist_20U50I_75strat/DGCF/DGCF-Apr-05-2024_03-10-48.pth
Fri 05 Apr 2024 11:23:31 INFO  epoch 134 training [time: 195.40s, train loss: 3.6589]
Fri 05 Apr 2024 11:23:53 INFO  epoch 134 evaluating [time: 21.88s, valid_score: 0.122200]
Fri 05 Apr 2024 11:23:53 INFO  valid result: 
recall@10 : 0.1502    mrr@10 : 0.1222    ndcg@10 : 0.0961    hit@10 : 0.3191    precision@10 : 0.0388
Fri 05 Apr 2024 11:23:54 INFO  Saving current: saved/LFM-1b_artist_20U50I_75strat/DGCF/DGCF-Apr-05-2024_03-10-48.pth
Fri 05 Apr 2024 11:27:10 INFO  epoch 135 training [time: 195.79s, train loss: 3.4661]
Fri 05 Apr 2024 11:27:32 INFO  epoch 135 evaluating [time: 21.92s, valid_score: 0.122400]
Fri 05 Apr 2024 11:27:32 INFO  valid result: 
recall@10 : 0.1496    mrr@10 : 0.1224    ndcg@10 : 0.096    hit@10 : 0.3191    precision@10 : 0.0388
Fri 05 Apr 2024 11:27:32 INFO  Saving current: saved/LFM-1b_artist_20U50I_75strat/DGCF/DGCF-Apr-05-2024_03-10-48.pth
Fri 05 Apr 2024 11:30:48 INFO  epoch 136 training [time: 195.84s, train loss: 3.5434]
Fri 05 Apr 2024 11:31:10 INFO  epoch 136 evaluating [time: 21.88s, valid_score: 0.122000]
Fri 05 Apr 2024 11:31:10 INFO  valid result: 
recall@10 : 0.1503    mrr@10 : 0.122    ndcg@10 : 0.096    hit@10 : 0.3197    precision@10 : 0.0389
Fri 05 Apr 2024 11:34:25 INFO  epoch 137 training [time: 195.29s, train loss: 3.4400]
Fri 05 Apr 2024 11:34:47 INFO  epoch 137 evaluating [time: 21.99s, valid_score: 0.122100]
Fri 05 Apr 2024 11:34:47 INFO  valid result: 
recall@10 : 0.1502    mrr@10 : 0.1221    ndcg@10 : 0.0959    hit@10 : 0.3197    precision@10 : 0.0389
Fri 05 Apr 2024 11:38:03 INFO  epoch 138 training [time: 195.25s, train loss: 3.5569]
Fri 05 Apr 2024 11:38:24 INFO  epoch 138 evaluating [time: 21.89s, valid_score: 0.122700]
Fri 05 Apr 2024 11:38:24 INFO  valid result: 
recall@10 : 0.1503    mrr@10 : 0.1227    ndcg@10 : 0.0963    hit@10 : 0.32    precision@10 : 0.0389
Fri 05 Apr 2024 11:38:25 INFO  Saving current: saved/LFM-1b_artist_20U50I_75strat/DGCF/DGCF-Apr-05-2024_03-10-48.pth
Fri 05 Apr 2024 11:41:40 INFO  epoch 139 training [time: 195.24s, train loss: 3.4022]
Fri 05 Apr 2024 11:42:02 INFO  epoch 139 evaluating [time: 21.85s, valid_score: 0.122400]
Fri 05 Apr 2024 11:42:02 INFO  valid result: 
recall@10 : 0.1509    mrr@10 : 0.1224    ndcg@10 : 0.0963    hit@10 : 0.3193    precision@10 : 0.0388
Fri 05 Apr 2024 11:45:17 INFO  epoch 140 training [time: 194.93s, train loss: 3.4875]
Fri 05 Apr 2024 11:45:39 INFO  epoch 140 evaluating [time: 21.93s, valid_score: 0.122600]
Fri 05 Apr 2024 11:45:39 INFO  valid result: 
recall@10 : 0.1505    mrr@10 : 0.1226    ndcg@10 : 0.0964    hit@10 : 0.3187    precision@10 : 0.0389
Fri 05 Apr 2024 11:48:54 INFO  epoch 141 training [time: 195.00s, train loss: 3.3454]
Fri 05 Apr 2024 11:49:16 INFO  epoch 141 evaluating [time: 21.90s, valid_score: 0.122500]
Fri 05 Apr 2024 11:49:16 INFO  valid result: 
recall@10 : 0.1503    mrr@10 : 0.1225    ndcg@10 : 0.0963    hit@10 : 0.3191    precision@10 : 0.039
Fri 05 Apr 2024 11:52:32 INFO  epoch 142 training [time: 196.44s, train loss: 3.3904]
Fri 05 Apr 2024 11:52:54 INFO  epoch 142 evaluating [time: 21.97s, valid_score: 0.122600]
Fri 05 Apr 2024 11:52:54 INFO  valid result: 
recall@10 : 0.1508    mrr@10 : 0.1226    ndcg@10 : 0.0965    hit@10 : 0.3185    precision@10 : 0.0389
Fri 05 Apr 2024 11:56:10 INFO  epoch 143 training [time: 195.82s, train loss: 3.3722]
Fri 05 Apr 2024 11:56:32 INFO  epoch 143 evaluating [time: 21.90s, valid_score: 0.122500]
Fri 05 Apr 2024 11:56:32 INFO  valid result: 
recall@10 : 0.1502    mrr@10 : 0.1225    ndcg@10 : 0.0963    hit@10 : 0.3185    precision@10 : 0.0389
Fri 05 Apr 2024 11:59:48 INFO  epoch 144 training [time: 195.45s, train loss: 3.3408]
Fri 05 Apr 2024 12:00:10 INFO  epoch 144 evaluating [time: 22.08s, valid_score: 0.123400]
Fri 05 Apr 2024 12:00:10 INFO  valid result: 
recall@10 : 0.1508    mrr@10 : 0.1234    ndcg@10 : 0.0968    hit@10 : 0.3185    precision@10 : 0.0388
Fri 05 Apr 2024 12:00:11 INFO  Saving current: saved/LFM-1b_artist_20U50I_75strat/DGCF/DGCF-Apr-05-2024_03-10-48.pth
Fri 05 Apr 2024 12:03:27 INFO  epoch 145 training [time: 196.07s, train loss: 3.2850]
Fri 05 Apr 2024 12:03:49 INFO  epoch 145 evaluating [time: 21.91s, valid_score: 0.122900]
Fri 05 Apr 2024 12:03:49 INFO  valid result: 
recall@10 : 0.1509    mrr@10 : 0.1229    ndcg@10 : 0.0968    hit@10 : 0.3192    precision@10 : 0.0389
Fri 05 Apr 2024 12:07:05 INFO  epoch 146 training [time: 196.55s, train loss: 3.3117]
Fri 05 Apr 2024 12:07:27 INFO  epoch 146 evaluating [time: 21.80s, valid_score: 0.122800]
Fri 05 Apr 2024 12:07:27 INFO  valid result: 
recall@10 : 0.1504    mrr@10 : 0.1228    ndcg@10 : 0.0967    hit@10 : 0.3184    precision@10 : 0.0388
Fri 05 Apr 2024 12:10:43 INFO  epoch 147 training [time: 195.98s, train loss: 3.3418]
Fri 05 Apr 2024 12:11:05 INFO  epoch 147 evaluating [time: 21.93s, valid_score: 0.123300]
Fri 05 Apr 2024 12:11:05 INFO  valid result: 
recall@10 : 0.1511    mrr@10 : 0.1233    ndcg@10 : 0.097    hit@10 : 0.3188    precision@10 : 0.0389
Fri 05 Apr 2024 12:14:20 INFO  epoch 148 training [time: 195.51s, train loss: 3.2787]
Fri 05 Apr 2024 12:14:42 INFO  epoch 148 evaluating [time: 21.94s, valid_score: 0.123400]
Fri 05 Apr 2024 12:14:42 INFO  valid result: 
recall@10 : 0.1506    mrr@10 : 0.1234    ndcg@10 : 0.097    hit@10 : 0.3183    precision@10 : 0.0389
Fri 05 Apr 2024 12:14:43 INFO  Saving current: saved/LFM-1b_artist_20U50I_75strat/DGCF/DGCF-Apr-05-2024_03-10-48.pth
Fri 05 Apr 2024 12:17:58 INFO  epoch 149 training [time: 195.34s, train loss: 3.1744]
Fri 05 Apr 2024 12:18:20 INFO  epoch 149 evaluating [time: 21.90s, valid_score: 0.123500]
Fri 05 Apr 2024 12:18:20 INFO  valid result: 
recall@10 : 0.1513    mrr@10 : 0.1235    ndcg@10 : 0.0972    hit@10 : 0.3184    precision@10 : 0.0389
Fri 05 Apr 2024 12:18:21 INFO  Saving current: saved/LFM-1b_artist_20U50I_75strat/DGCF/DGCF-Apr-05-2024_03-10-48.pth
Fri 05 Apr 2024 12:21:37 INFO  epoch 150 training [time: 195.61s, train loss: 3.1326]
Fri 05 Apr 2024 12:21:59 INFO  epoch 150 evaluating [time: 21.86s, valid_score: 0.123300]
Fri 05 Apr 2024 12:21:59 INFO  valid result: 
recall@10 : 0.1511    mrr@10 : 0.1233    ndcg@10 : 0.0969    hit@10 : 0.3186    precision@10 : 0.0389
Fri 05 Apr 2024 12:25:14 INFO  epoch 151 training [time: 195.80s, train loss: 3.0851]
Fri 05 Apr 2024 12:25:36 INFO  epoch 151 evaluating [time: 22.02s, valid_score: 0.123900]
Fri 05 Apr 2024 12:25:36 INFO  valid result: 
recall@10 : 0.1507    mrr@10 : 0.1239    ndcg@10 : 0.0971    hit@10 : 0.3179    precision@10 : 0.0388
Fri 05 Apr 2024 12:25:38 INFO  Saving current: saved/LFM-1b_artist_20U50I_75strat/DGCF/DGCF-Apr-05-2024_03-10-48.pth
Fri 05 Apr 2024 12:28:53 INFO  epoch 152 training [time: 195.37s, train loss: 3.1694]
Fri 05 Apr 2024 12:29:15 INFO  epoch 152 evaluating [time: 22.04s, valid_score: 0.123500]
Fri 05 Apr 2024 12:29:15 INFO  valid result: 
recall@10 : 0.1509    mrr@10 : 0.1235    ndcg@10 : 0.0971    hit@10 : 0.3183    precision@10 : 0.0388
Fri 05 Apr 2024 12:32:31 INFO  epoch 153 training [time: 195.99s, train loss: 3.0925]
Fri 05 Apr 2024 12:32:53 INFO  epoch 153 evaluating [time: 21.98s, valid_score: 0.123400]
Fri 05 Apr 2024 12:32:53 INFO  valid result: 
recall@10 : 0.1505    mrr@10 : 0.1234    ndcg@10 : 0.097    hit@10 : 0.3178    precision@10 : 0.0387
Fri 05 Apr 2024 12:36:08 INFO  epoch 154 training [time: 195.48s, train loss: 3.0392]
Fri 05 Apr 2024 12:36:30 INFO  epoch 154 evaluating [time: 21.92s, valid_score: 0.123500]
Fri 05 Apr 2024 12:36:30 INFO  valid result: 
recall@10 : 0.1507    mrr@10 : 0.1235    ndcg@10 : 0.0972    hit@10 : 0.318    precision@10 : 0.0388
Fri 05 Apr 2024 12:39:46 INFO  epoch 155 training [time: 195.75s, train loss: 3.0116]
Fri 05 Apr 2024 12:40:08 INFO  epoch 155 evaluating [time: 22.13s, valid_score: 0.123800]
Fri 05 Apr 2024 12:40:08 INFO  valid result: 
recall@10 : 0.1505    mrr@10 : 0.1238    ndcg@10 : 0.0973    hit@10 : 0.3175    precision@10 : 0.0388
Fri 05 Apr 2024 12:43:23 INFO  epoch 156 training [time: 195.06s, train loss: 3.0887]
Fri 05 Apr 2024 12:43:45 INFO  epoch 156 evaluating [time: 22.06s, valid_score: 0.123300]
Fri 05 Apr 2024 12:43:45 INFO  valid result: 
recall@10 : 0.1508    mrr@10 : 0.1233    ndcg@10 : 0.0972    hit@10 : 0.3175    precision@10 : 0.0388
Fri 05 Apr 2024 12:47:00 INFO  epoch 157 training [time: 194.94s, train loss: 3.0932]
Fri 05 Apr 2024 12:47:22 INFO  epoch 157 evaluating [time: 22.02s, valid_score: 0.123800]
Fri 05 Apr 2024 12:47:22 INFO  valid result: 
recall@10 : 0.1509    mrr@10 : 0.1238    ndcg@10 : 0.0973    hit@10 : 0.3178    precision@10 : 0.0388
Fri 05 Apr 2024 12:50:38 INFO  epoch 158 training [time: 195.66s, train loss: 3.0969]
Fri 05 Apr 2024 12:51:00 INFO  epoch 158 evaluating [time: 22.08s, valid_score: 0.123500]
Fri 05 Apr 2024 12:51:00 INFO  valid result: 
recall@10 : 0.1516    mrr@10 : 0.1235    ndcg@10 : 0.0974    hit@10 : 0.3194    precision@10 : 0.0391
Fri 05 Apr 2024 12:54:16 INFO  epoch 159 training [time: 195.57s, train loss: 3.0334]
Fri 05 Apr 2024 12:54:38 INFO  epoch 159 evaluating [time: 22.10s, valid_score: 0.123700]
Fri 05 Apr 2024 12:54:38 INFO  valid result: 
recall@10 : 0.1519    mrr@10 : 0.1237    ndcg@10 : 0.0976    hit@10 : 0.3201    precision@10 : 0.0391
Fri 05 Apr 2024 12:57:54 INFO  epoch 160 training [time: 195.94s, train loss: 3.0196]
Fri 05 Apr 2024 12:58:15 INFO  epoch 160 evaluating [time: 21.66s, valid_score: 0.123800]
Fri 05 Apr 2024 12:58:15 INFO  valid result: 
recall@10 : 0.1518    mrr@10 : 0.1238    ndcg@10 : 0.0976    hit@10 : 0.3201    precision@10 : 0.039
Fri 05 Apr 2024 13:01:31 INFO  epoch 161 training [time: 195.33s, train loss: 3.0035]
Fri 05 Apr 2024 13:02:00 INFO  epoch 161 evaluating [time: 29.42s, valid_score: 0.123900]
Fri 05 Apr 2024 13:02:00 INFO  valid result: 
recall@10 : 0.1514    mrr@10 : 0.1239    ndcg@10 : 0.0975    hit@10 : 0.3197    precision@10 : 0.039
Fri 05 Apr 2024 13:02:01 INFO  Saving current: saved/LFM-1b_artist_20U50I_75strat/DGCF/DGCF-Apr-05-2024_03-10-48.pth
Fri 05 Apr 2024 13:05:17 INFO  epoch 162 training [time: 195.65s, train loss: 2.9177]
Fri 05 Apr 2024 13:05:38 INFO  epoch 162 evaluating [time: 21.81s, valid_score: 0.123700]
Fri 05 Apr 2024 13:05:38 INFO  valid result: 
recall@10 : 0.151    mrr@10 : 0.1237    ndcg@10 : 0.0973    hit@10 : 0.3187    precision@10 : 0.0389
Fri 05 Apr 2024 13:08:54 INFO  epoch 163 training [time: 195.99s, train loss: 2.9691]
Fri 05 Apr 2024 13:09:16 INFO  epoch 163 evaluating [time: 21.84s, valid_score: 0.123900]
Fri 05 Apr 2024 13:09:16 INFO  valid result: 
recall@10 : 0.1512    mrr@10 : 0.1239    ndcg@10 : 0.0976    hit@10 : 0.3186    precision@10 : 0.039
Fri 05 Apr 2024 13:09:17 INFO  Saving current: saved/LFM-1b_artist_20U50I_75strat/DGCF/DGCF-Apr-05-2024_03-10-48.pth
Fri 05 Apr 2024 13:12:33 INFO  epoch 164 training [time: 195.75s, train loss: 2.8932]
Fri 05 Apr 2024 13:12:55 INFO  epoch 164 evaluating [time: 21.92s, valid_score: 0.123900]
Fri 05 Apr 2024 13:12:55 INFO  valid result: 
recall@10 : 0.151    mrr@10 : 0.1239    ndcg@10 : 0.0974    hit@10 : 0.3193    precision@10 : 0.039
Fri 05 Apr 2024 13:12:56 INFO  Saving current: saved/LFM-1b_artist_20U50I_75strat/DGCF/DGCF-Apr-05-2024_03-10-48.pth
Fri 05 Apr 2024 13:16:11 INFO  epoch 165 training [time: 195.77s, train loss: 2.8799]
Fri 05 Apr 2024 13:16:33 INFO  epoch 165 evaluating [time: 21.96s, valid_score: 0.124200]
Fri 05 Apr 2024 13:16:33 INFO  valid result: 
recall@10 : 0.1514    mrr@10 : 0.1242    ndcg@10 : 0.0977    hit@10 : 0.3201    precision@10 : 0.0391
Fri 05 Apr 2024 13:16:34 INFO  Saving current: saved/LFM-1b_artist_20U50I_75strat/DGCF/DGCF-Apr-05-2024_03-10-48.pth
Fri 05 Apr 2024 13:19:50 INFO  epoch 166 training [time: 195.42s, train loss: 2.9527]
Fri 05 Apr 2024 13:20:12 INFO  epoch 166 evaluating [time: 21.96s, valid_score: 0.124800]
Fri 05 Apr 2024 13:20:12 INFO  valid result: 
recall@10 : 0.1521    mrr@10 : 0.1248    ndcg@10 : 0.0981    hit@10 : 0.3201    precision@10 : 0.039
Fri 05 Apr 2024 13:20:13 INFO  Saving current: saved/LFM-1b_artist_20U50I_75strat/DGCF/DGCF-Apr-05-2024_03-10-48.pth
Fri 05 Apr 2024 13:23:29 INFO  epoch 167 training [time: 196.03s, train loss: 2.8617]
Fri 05 Apr 2024 13:23:51 INFO  epoch 167 evaluating [time: 21.89s, valid_score: 0.124500]
Fri 05 Apr 2024 13:23:51 INFO  valid result: 
recall@10 : 0.1519    mrr@10 : 0.1245    ndcg@10 : 0.0979    hit@10 : 0.3188    precision@10 : 0.0389
Fri 05 Apr 2024 13:27:07 INFO  epoch 168 training [time: 196.10s, train loss: 2.8278]
Fri 05 Apr 2024 13:27:29 INFO  epoch 168 evaluating [time: 21.93s, valid_score: 0.124800]
Fri 05 Apr 2024 13:27:29 INFO  valid result: 
recall@10 : 0.1524    mrr@10 : 0.1248    ndcg@10 : 0.0982    hit@10 : 0.32    precision@10 : 0.0391
Fri 05 Apr 2024 13:27:29 INFO  Saving current: saved/LFM-1b_artist_20U50I_75strat/DGCF/DGCF-Apr-05-2024_03-10-48.pth
Fri 05 Apr 2024 13:30:46 INFO  epoch 169 training [time: 196.20s, train loss: 2.8670]
Fri 05 Apr 2024 13:31:08 INFO  epoch 169 evaluating [time: 21.97s, valid_score: 0.124800]
Fri 05 Apr 2024 13:31:08 INFO  valid result: 
recall@10 : 0.1525    mrr@10 : 0.1248    ndcg@10 : 0.0984    hit@10 : 0.3206    precision@10 : 0.0391
Fri 05 Apr 2024 13:31:08 INFO  Saving current: saved/LFM-1b_artist_20U50I_75strat/DGCF/DGCF-Apr-05-2024_03-10-48.pth
Fri 05 Apr 2024 13:34:24 INFO  epoch 170 training [time: 195.58s, train loss: 2.8535]
Fri 05 Apr 2024 13:34:46 INFO  epoch 170 evaluating [time: 22.00s, valid_score: 0.124300]
Fri 05 Apr 2024 13:34:46 INFO  valid result: 
recall@10 : 0.152    mrr@10 : 0.1243    ndcg@10 : 0.098    hit@10 : 0.3198    precision@10 : 0.0389
Fri 05 Apr 2024 13:38:02 INFO  epoch 171 training [time: 195.76s, train loss: 2.8217]
Fri 05 Apr 2024 13:38:24 INFO  epoch 171 evaluating [time: 22.06s, valid_score: 0.125000]
Fri 05 Apr 2024 13:38:24 INFO  valid result: 
recall@10 : 0.1534    mrr@10 : 0.125    ndcg@10 : 0.0986    hit@10 : 0.3218    precision@10 : 0.0391
Fri 05 Apr 2024 13:38:25 INFO  Saving current: saved/LFM-1b_artist_20U50I_75strat/DGCF/DGCF-Apr-05-2024_03-10-48.pth
Fri 05 Apr 2024 13:41:40 INFO  epoch 172 training [time: 195.63s, train loss: 2.8052]
Fri 05 Apr 2024 13:42:02 INFO  epoch 172 evaluating [time: 21.99s, valid_score: 0.125000]
Fri 05 Apr 2024 13:42:02 INFO  valid result: 
recall@10 : 0.1525    mrr@10 : 0.125    ndcg@10 : 0.0983    hit@10 : 0.321    precision@10 : 0.0392
Fri 05 Apr 2024 13:42:03 INFO  Saving current: saved/LFM-1b_artist_20U50I_75strat/DGCF/DGCF-Apr-05-2024_03-10-48.pth
Fri 05 Apr 2024 13:45:19 INFO  epoch 173 training [time: 195.56s, train loss: 2.7552]
Fri 05 Apr 2024 13:45:40 INFO  epoch 173 evaluating [time: 21.94s, valid_score: 0.124800]
Fri 05 Apr 2024 13:45:40 INFO  valid result: 
recall@10 : 0.1525    mrr@10 : 0.1248    ndcg@10 : 0.0983    hit@10 : 0.3197    precision@10 : 0.039
Fri 05 Apr 2024 13:48:57 INFO  epoch 174 training [time: 196.31s, train loss: 2.7265]
Fri 05 Apr 2024 13:49:19 INFO  epoch 174 evaluating [time: 21.90s, valid_score: 0.124900]
Fri 05 Apr 2024 13:49:19 INFO  valid result: 
recall@10 : 0.1528    mrr@10 : 0.1249    ndcg@10 : 0.0985    hit@10 : 0.3205    precision@10 : 0.039
Fri 05 Apr 2024 13:52:35 INFO  epoch 175 training [time: 196.74s, train loss: 2.7771]
Fri 05 Apr 2024 13:52:57 INFO  epoch 175 evaluating [time: 21.90s, valid_score: 0.125200]
Fri 05 Apr 2024 13:52:57 INFO  valid result: 
recall@10 : 0.1533    mrr@10 : 0.1252    ndcg@10 : 0.0987    hit@10 : 0.3218    precision@10 : 0.039
Fri 05 Apr 2024 13:52:58 INFO  Saving current: saved/LFM-1b_artist_20U50I_75strat/DGCF/DGCF-Apr-05-2024_03-10-48.pth
Fri 05 Apr 2024 13:56:15 INFO  epoch 176 training [time: 196.79s, train loss: 2.7622]
Fri 05 Apr 2024 13:56:37 INFO  epoch 176 evaluating [time: 21.90s, valid_score: 0.125500]
Fri 05 Apr 2024 13:56:37 INFO  valid result: 
recall@10 : 0.1533    mrr@10 : 0.1255    ndcg@10 : 0.0989    hit@10 : 0.3219    precision@10 : 0.0391
Fri 05 Apr 2024 13:56:38 INFO  Saving current: saved/LFM-1b_artist_20U50I_75strat/DGCF/DGCF-Apr-05-2024_03-10-48.pth
Fri 05 Apr 2024 13:59:54 INFO  epoch 177 training [time: 196.31s, train loss: 2.7723]
Fri 05 Apr 2024 14:00:16 INFO  epoch 177 evaluating [time: 22.06s, valid_score: 0.125900]
Fri 05 Apr 2024 14:00:16 INFO  valid result: 
recall@10 : 0.1538    mrr@10 : 0.1259    ndcg@10 : 0.0991    hit@10 : 0.3233    precision@10 : 0.0392
Fri 05 Apr 2024 14:00:17 INFO  Saving current: saved/LFM-1b_artist_20U50I_75strat/DGCF/DGCF-Apr-05-2024_03-10-48.pth
Fri 05 Apr 2024 14:03:34 INFO  epoch 178 training [time: 197.08s, train loss: 2.6834]
Fri 05 Apr 2024 14:03:56 INFO  epoch 178 evaluating [time: 21.92s, valid_score: 0.126100]
Fri 05 Apr 2024 14:03:56 INFO  valid result: 
recall@10 : 0.1541    mrr@10 : 0.1261    ndcg@10 : 0.0993    hit@10 : 0.3236    precision@10 : 0.0391
Fri 05 Apr 2024 14:03:57 INFO  Saving current: saved/LFM-1b_artist_20U50I_75strat/DGCF/DGCF-Apr-05-2024_03-10-48.pth
Fri 05 Apr 2024 14:07:14 INFO  epoch 179 training [time: 196.83s, train loss: 2.7716]
Fri 05 Apr 2024 14:07:36 INFO  epoch 179 evaluating [time: 21.98s, valid_score: 0.125700]
Fri 05 Apr 2024 14:07:36 INFO  valid result: 
recall@10 : 0.1537    mrr@10 : 0.1257    ndcg@10 : 0.099    hit@10 : 0.3228    precision@10 : 0.039
Fri 05 Apr 2024 14:10:53 INFO  epoch 180 training [time: 197.26s, train loss: 2.6829]
Fri 05 Apr 2024 14:11:15 INFO  epoch 180 evaluating [time: 21.97s, valid_score: 0.125500]
Fri 05 Apr 2024 14:11:15 INFO  valid result: 
recall@10 : 0.1536    mrr@10 : 0.1255    ndcg@10 : 0.0989    hit@10 : 0.323    precision@10 : 0.0391
Fri 05 Apr 2024 14:14:31 INFO  epoch 181 training [time: 196.34s, train loss: 2.7031]
Fri 05 Apr 2024 14:14:54 INFO  epoch 181 evaluating [time: 22.04s, valid_score: 0.125400]
Fri 05 Apr 2024 14:14:54 INFO  valid result: 
recall@10 : 0.1543    mrr@10 : 0.1254    ndcg@10 : 0.0991    hit@10 : 0.3237    precision@10 : 0.0391
Fri 05 Apr 2024 14:18:09 INFO  epoch 182 training [time: 195.41s, train loss: 2.6858]
Fri 05 Apr 2024 14:18:31 INFO  epoch 182 evaluating [time: 22.00s, valid_score: 0.125800]
Fri 05 Apr 2024 14:18:31 INFO  valid result: 
recall@10 : 0.1545    mrr@10 : 0.1258    ndcg@10 : 0.0993    hit@10 : 0.3241    precision@10 : 0.0392
Fri 05 Apr 2024 14:21:47 INFO  epoch 183 training [time: 196.20s, train loss: 2.7003]
Fri 05 Apr 2024 14:22:09 INFO  epoch 183 evaluating [time: 21.75s, valid_score: 0.124700]
Fri 05 Apr 2024 14:22:09 INFO  valid result: 
recall@10 : 0.1546    mrr@10 : 0.1247    ndcg@10 : 0.099    hit@10 : 0.3234    precision@10 : 0.0392
Fri 05 Apr 2024 14:25:25 INFO  epoch 184 training [time: 196.49s, train loss: 2.5830]
Fri 05 Apr 2024 14:25:47 INFO  epoch 184 evaluating [time: 21.90s, valid_score: 0.125300]
Fri 05 Apr 2024 14:25:47 INFO  valid result: 
recall@10 : 0.1543    mrr@10 : 0.1253    ndcg@10 : 0.0992    hit@10 : 0.3232    precision@10 : 0.0392
Fri 05 Apr 2024 14:29:02 INFO  epoch 185 training [time: 194.93s, train loss: 2.6149]
Fri 05 Apr 2024 14:29:24 INFO  epoch 185 evaluating [time: 21.88s, valid_score: 0.125500]
Fri 05 Apr 2024 14:29:24 INFO  valid result: 
recall@10 : 0.1543    mrr@10 : 0.1255    ndcg@10 : 0.0992    hit@10 : 0.3231    precision@10 : 0.0391
Fri 05 Apr 2024 14:32:39 INFO  epoch 186 training [time: 195.05s, train loss: 2.6416]
Fri 05 Apr 2024 14:33:01 INFO  epoch 186 evaluating [time: 21.98s, valid_score: 0.125600]
Fri 05 Apr 2024 14:33:01 INFO  valid result: 
recall@10 : 0.1546    mrr@10 : 0.1256    ndcg@10 : 0.0993    hit@10 : 0.323    precision@10 : 0.0392
Fri 05 Apr 2024 14:36:16 INFO  epoch 187 training [time: 195.34s, train loss: 2.6009]
Fri 05 Apr 2024 14:36:38 INFO  epoch 187 evaluating [time: 21.97s, valid_score: 0.125100]
Fri 05 Apr 2024 14:36:38 INFO  valid result: 
recall@10 : 0.1549    mrr@10 : 0.1251    ndcg@10 : 0.0992    hit@10 : 0.3232    precision@10 : 0.0391
Fri 05 Apr 2024 14:39:54 INFO  epoch 188 training [time: 195.56s, train loss: 2.5854]
Fri 05 Apr 2024 14:40:16 INFO  epoch 188 evaluating [time: 22.26s, valid_score: 0.125400]
Fri 05 Apr 2024 14:40:16 INFO  valid result: 
recall@10 : 0.1546    mrr@10 : 0.1254    ndcg@10 : 0.0992    hit@10 : 0.3232    precision@10 : 0.0392
Fri 05 Apr 2024 14:43:32 INFO  epoch 189 training [time: 195.28s, train loss: 2.6470]
Fri 05 Apr 2024 14:43:54 INFO  epoch 189 evaluating [time: 22.04s, valid_score: 0.125700]
Fri 05 Apr 2024 14:43:54 INFO  valid result: 
recall@10 : 0.1544    mrr@10 : 0.1257    ndcg@10 : 0.0993    hit@10 : 0.3234    precision@10 : 0.0392
Fri 05 Apr 2024 14:43:54 INFO  Finished training, best eval result in epoch 178
Fri 05 Apr 2024 14:43:55 INFO  Loading model structure and parameters from saved/LFM-1b_artist_20U50I_75strat/DGCF/DGCF-Apr-05-2024_03-10-48.pth
Fri 05 Apr 2024 14:44:19 INFO  The running environment of this training is as follows:
+-------------+----------------+
| Environment |     Usage      |
+=============+================+
| CPU         |     6.20 %     |
+-------------+----------------+
| GPU         | 3.47 G/14.58 G |
+-------------+----------------+
| Memory      | 1.73 G/27.41 G |
+-------------+----------------+
Fri 05 Apr 2024 14:44:19 INFO  best valid : OrderedDict([('recall@10', 0.1541), ('mrr@10', 0.1261), ('ndcg@10', 0.0993), ('hit@10', 0.3236), ('precision@10', 0.0391)])
Fri 05 Apr 2024 14:44:19 INFO  test result: OrderedDict([('recall@10', 0.1513), ('mrr@10', 0.1293), ('ndcg@10', 0.1005), ('hit@10', 0.3185), ('precision@10', 0.0392)])
Fri 05 Apr 2024 14:44:20 INFO  
General Hyper Parameters:
gpu_id = 0
use_gpu = True
seed = 2020
state = INFO
reproducibility = True
data_path = data/LFM-1b_artist_20U50I_75strat
checkpoint_dir = saved/LFM-1b_artist_20U50I_75strat/DGCF
show_progress = True
save_dataset = False
dataset_save_path = None
save_dataloaders = False
dataloaders_save_path = None
log_wandb = False

Training Hyper Parameters:
epochs = 200
train_batch_size = 2048
learner = adam
learning_rate = 0.001
train_neg_sample_args = {'distribution': 'uniform', 'sample_num': 1, 'dynamic': False, 'candidate_num': 0, 'alpha': 1.0}
eval_step = 1
stopping_step = 10
clip_grad_norm = None
weight_decay = 0.0
loss_decimal_place = 4

Evaluation Hyper Parameters:
eval_args = {'split': {'RS': [0.8, 0.1, 0.1]}, 'order': 'RO', 'group_by': 'user', 'mode': {'valid': 'full', 'test': 'full'}}
repeatable = False
metrics = ['Recall', 'MRR', 'NDCG', 'Hit', 'Precision']
topk = [10]
valid_metric = MRR@10
valid_metric_bigger = True
eval_batch_size = 4096
metric_decimal_place = 4

Dataset Hyper Parameters:
field_separator = 	
seq_separator =  
USER_ID_FIELD = user_id
ITEM_ID_FIELD = item_id
RATING_FIELD = rating
TIME_FIELD = timestamp
seq_len = None
LABEL_FIELD = label
threshold = None
NEG_PREFIX = neg_
load_col = {'inter': ['user_id', 'item_id']}
unload_col = None
unused_col = None
additional_feat_suffix = None
rm_dup_inter = None
val_interval = None
filter_inter_by_user_or_item = True
user_inter_num_interval = [0,inf)
item_inter_num_interval = [0,inf)
alias_of_user_id = None
alias_of_item_id = None
alias_of_entity_id = None
alias_of_relation_id = None
preload_weight = None
normalize_field = None
normalize_all = None
ITEM_LIST_LENGTH_FIELD = item_length
LIST_SUFFIX = _list
MAX_ITEM_LIST_LENGTH = 50
POSITION_FIELD = position_id
HEAD_ENTITY_ID_FIELD = head_id
TAIL_ENTITY_ID_FIELD = tail_id
RELATION_ID_FIELD = relation_id
ENTITY_ID_FIELD = entity_id
benchmark_filename = None

Other Hyper Parameters: 
worker = 0
wandb_project = recbole
shuffle = True
require_pow = False
enable_amp = False
enable_scaler = False
transform = None
embedding_size = 64
n_factors = 4
n_iterations = 2
n_layers = 1
reg_weight = 0.001
cor_weight = 0.01
numerical_features = []
discretization = None
kg_reverse_r = False
entity_kg_num_interval = [0,inf)
relation_kg_num_interval = [0,inf)
MODEL_TYPE = ModelType.GENERAL
encoding = utf-8
device = cuda
my_log_file = /mnt/batch/tasks/shared/LS_root/mounts/clusters/fontanagpu/code/sustainability-of-recsys/log/carbon_default.log
MODEL_INPUT_TYPE = InputType.PAIRWISE
eval_type = EvaluatorType.RANKING
single_spec = True
local_rank = 0
valid_neg_sample_args = {'distribution': 'uniform', 'sample_num': 'none'}
test_neg_sample_args = {'distribution': 'uniform', 'sample_num': 'none'}


Fri 05 Apr 2024 14:44:23 INFO  LFM-1b_artist_20U50I_75strat
The number of users: 19842
Average actions of users: 33.660097777329774
The number of items: 38933
Average actions of items: 17.154268981814447
The number of inters: 667850
The sparsity of the dataset: 99.91354788644381%
Remain Fields: ['user_id', 'item_id']
Fri 05 Apr 2024 14:44:25 INFO  [Training]: train_batch_size = [2048] train_neg_sample_args: [{'distribution': 'uniform', 'sample_num': 1, 'dynamic': False, 'candidate_num': 0, 'alpha': 1.0}]
Fri 05 Apr 2024 14:44:25 INFO  [Evaluation]: eval_batch_size = [4096] eval_args: [{'split': {'RS': [0.8, 0.1, 0.1]}, 'order': 'RO', 'group_by': 'user', 'mode': {'valid': 'full', 'test': 'full'}}]
Fri 05 Apr 2024 14:44:27 INFO  Loading model structure and parameters from saved/LFM-1b_artist_20U50I_75strat/DGCF/DGCF-Apr-05-2024_03-10-48.pth
