Fri 05 Apr 2024 21:31:39 INFO  ['src/default_tracker.py', '--dataset=LFM-1b_artist_20U50I_50strat', '--model=DGCF']
Fri 05 Apr 2024 21:31:39 INFO  
General Hyper Parameters:
gpu_id = 0
use_gpu = True
seed = 2020
state = INFO
reproducibility = True
data_path = data/LFM-1b_artist_20U50I_50strat
checkpoint_dir = saved/LFM-1b_artist_20U50I_50strat/DGCF
show_progress = True
save_dataset = False
dataset_save_path = None
save_dataloaders = False
dataloaders_save_path = None
log_wandb = False

Training Hyper Parameters:
epochs = 200
train_batch_size = 2048
learner = adam
learning_rate = 0.001
train_neg_sample_args = {'distribution': 'uniform', 'sample_num': 1, 'dynamic': False, 'candidate_num': 0, 'alpha': 1.0}
eval_step = 1
stopping_step = 10
clip_grad_norm = None
weight_decay = 0.0
loss_decimal_place = 4

Evaluation Hyper Parameters:
eval_args = {'split': {'RS': [0.8, 0.1, 0.1]}, 'order': 'RO', 'group_by': 'user', 'mode': {'valid': 'full', 'test': 'full'}}
repeatable = False
metrics = ['Recall', 'MRR', 'NDCG', 'Hit', 'Precision']
topk = [10]
valid_metric = MRR@10
valid_metric_bigger = True
eval_batch_size = 4096
metric_decimal_place = 4

Dataset Hyper Parameters:
field_separator = 	
seq_separator =  
USER_ID_FIELD = user_id
ITEM_ID_FIELD = item_id
RATING_FIELD = rating
TIME_FIELD = timestamp
seq_len = None
LABEL_FIELD = label
threshold = None
NEG_PREFIX = neg_
load_col = {'inter': ['user_id', 'item_id']}
unload_col = None
unused_col = None
additional_feat_suffix = None
rm_dup_inter = None
val_interval = None
filter_inter_by_user_or_item = True
user_inter_num_interval = [0,inf)
item_inter_num_interval = [0,inf)
alias_of_user_id = None
alias_of_item_id = None
alias_of_entity_id = None
alias_of_relation_id = None
preload_weight = None
normalize_field = None
normalize_all = None
ITEM_LIST_LENGTH_FIELD = item_length
LIST_SUFFIX = _list
MAX_ITEM_LIST_LENGTH = 50
POSITION_FIELD = position_id
HEAD_ENTITY_ID_FIELD = head_id
TAIL_ENTITY_ID_FIELD = tail_id
RELATION_ID_FIELD = relation_id
ENTITY_ID_FIELD = entity_id
benchmark_filename = None

Other Hyper Parameters: 
worker = 0
wandb_project = recbole
shuffle = True
require_pow = False
enable_amp = False
enable_scaler = False
transform = None
embedding_size = 64
n_factors = 4
n_iterations = 2
n_layers = 1
reg_weight = 0.001
cor_weight = 0.01
numerical_features = []
discretization = None
kg_reverse_r = False
entity_kg_num_interval = [0,inf)
relation_kg_num_interval = [0,inf)
MODEL_TYPE = ModelType.GENERAL
encoding = utf-8
device = cuda
my_log_file = /mnt/batch/tasks/shared/LS_root/mounts/clusters/fontanagpu/code/sustainability-of-recsys/log/carbon_default.log
MODEL_INPUT_TYPE = InputType.PAIRWISE
eval_type = EvaluatorType.RANKING
single_spec = True
local_rank = 0
valid_neg_sample_args = {'distribution': 'uniform', 'sample_num': 'none'}
test_neg_sample_args = {'distribution': 'uniform', 'sample_num': 'none'}


Fri 05 Apr 2024 21:31:41 INFO  LFM-1b_artist_20U50I_50strat
The number of users: 19842
Average actions of users: 22.20755002268031
The number of items: 33654
Average actions of items: 13.093037767806733
The number of inters: 440620
The sparsity of the dataset: 99.93401547868501%
Remain Fields: ['user_id', 'item_id']
Fri 05 Apr 2024 21:31:43 INFO  [Training]: train_batch_size = [2048] train_neg_sample_args: [{'distribution': 'uniform', 'sample_num': 1, 'dynamic': False, 'candidate_num': 0, 'alpha': 1.0}]
Fri 05 Apr 2024 21:31:43 INFO  [Evaluation]: eval_batch_size = [4096] eval_args: [{'split': {'RS': [0.8, 0.1, 0.1]}, 'order': 'RO', 'group_by': 'user', 'mode': {'valid': 'full', 'test': 'full'}}]
Fri 05 Apr 2024 21:31:45 INFO  DGCF(
  (user_embedding): Embedding(19842, 64)
  (item_embedding): Embedding(33654, 64)
  (softmax): Softmax(dim=1)
  (mf_loss): BPRLoss()
  (reg_loss): EmbLoss()
)
Trainable parameters: 3423744
Fri 05 Apr 2024 21:31:56 INFO  FLOPs: 15725468.0
Fri 05 Apr 2024 21:34:02 INFO  epoch 0 training [time: 86.67s, train loss: 100.3790]
Fri 05 Apr 2024 21:34:23 INFO  epoch 0 evaluating [time: 20.85s, valid_score: 0.052500]
Fri 05 Apr 2024 21:34:23 INFO  valid result: 
recall@10 : 0.0794    mrr@10 : 0.0525    ndcg@10 : 0.0474    hit@10 : 0.1399    precision@10 : 0.0152
Fri 05 Apr 2024 21:34:23 INFO  Saving current: saved/LFM-1b_artist_20U50I_50strat/DGCF/DGCF-Apr-05-2024_21-31-56.pth
Fri 05 Apr 2024 21:35:48 INFO  epoch 1 training [time: 84.48s, train loss: 51.0666]
Fri 05 Apr 2024 21:36:08 INFO  epoch 1 evaluating [time: 20.01s, valid_score: 0.052600]
Fri 05 Apr 2024 21:36:08 INFO  valid result: 
recall@10 : 0.0784    mrr@10 : 0.0526    ndcg@10 : 0.0472    hit@10 : 0.1398    precision@10 : 0.0152
Fri 05 Apr 2024 21:36:08 INFO  Saving current: saved/LFM-1b_artist_20U50I_50strat/DGCF/DGCF-Apr-05-2024_21-31-56.pth
Fri 05 Apr 2024 21:37:33 INFO  epoch 2 training [time: 84.76s, train loss: 41.9887]
Fri 05 Apr 2024 21:37:53 INFO  epoch 2 evaluating [time: 20.00s, valid_score: 0.052700]
Fri 05 Apr 2024 21:37:53 INFO  valid result: 
recall@10 : 0.0788    mrr@10 : 0.0527    ndcg@10 : 0.0473    hit@10 : 0.1403    precision@10 : 0.0152
Fri 05 Apr 2024 21:37:54 INFO  Saving current: saved/LFM-1b_artist_20U50I_50strat/DGCF/DGCF-Apr-05-2024_21-31-56.pth
Fri 05 Apr 2024 21:39:19 INFO  epoch 3 training [time: 85.28s, train loss: 39.5826]
Fri 05 Apr 2024 21:39:39 INFO  epoch 3 evaluating [time: 19.98s, valid_score: 0.052700]
Fri 05 Apr 2024 21:39:39 INFO  valid result: 
recall@10 : 0.0786    mrr@10 : 0.0527    ndcg@10 : 0.0473    hit@10 : 0.14    precision@10 : 0.0152
Fri 05 Apr 2024 21:39:40 INFO  Saving current: saved/LFM-1b_artist_20U50I_50strat/DGCF/DGCF-Apr-05-2024_21-31-56.pth
Fri 05 Apr 2024 21:41:05 INFO  epoch 4 training [time: 84.97s, train loss: 38.2791]
Fri 05 Apr 2024 21:41:25 INFO  epoch 4 evaluating [time: 19.88s, valid_score: 0.052800]
Fri 05 Apr 2024 21:41:25 INFO  valid result: 
recall@10 : 0.0788    mrr@10 : 0.0528    ndcg@10 : 0.0474    hit@10 : 0.1405    precision@10 : 0.0152
Fri 05 Apr 2024 21:41:26 INFO  Saving current: saved/LFM-1b_artist_20U50I_50strat/DGCF/DGCF-Apr-05-2024_21-31-56.pth
Fri 05 Apr 2024 21:42:51 INFO  epoch 5 training [time: 84.91s, train loss: 37.3740]
Fri 05 Apr 2024 21:43:11 INFO  epoch 5 evaluating [time: 19.75s, valid_score: 0.052900]
Fri 05 Apr 2024 21:43:11 INFO  valid result: 
recall@10 : 0.0797    mrr@10 : 0.0529    ndcg@10 : 0.0476    hit@10 : 0.1411    precision@10 : 0.0153
Fri 05 Apr 2024 21:43:11 INFO  Saving current: saved/LFM-1b_artist_20U50I_50strat/DGCF/DGCF-Apr-05-2024_21-31-56.pth
Fri 05 Apr 2024 21:44:36 INFO  epoch 6 training [time: 84.84s, train loss: 36.6167]
Fri 05 Apr 2024 21:44:56 INFO  epoch 6 evaluating [time: 19.79s, valid_score: 0.052800]
Fri 05 Apr 2024 21:44:56 INFO  valid result: 
recall@10 : 0.0787    mrr@10 : 0.0528    ndcg@10 : 0.0473    hit@10 : 0.1405    precision@10 : 0.0152
Fri 05 Apr 2024 21:46:21 INFO  epoch 7 training [time: 85.02s, train loss: 35.6030]
Fri 05 Apr 2024 21:46:41 INFO  epoch 7 evaluating [time: 19.67s, valid_score: 0.053000]
Fri 05 Apr 2024 21:46:41 INFO  valid result: 
recall@10 : 0.0793    mrr@10 : 0.053    ndcg@10 : 0.0475    hit@10 : 0.1412    precision@10 : 0.0153
Fri 05 Apr 2024 21:46:42 INFO  Saving current: saved/LFM-1b_artist_20U50I_50strat/DGCF/DGCF-Apr-05-2024_21-31-56.pth
Fri 05 Apr 2024 21:48:06 INFO  epoch 8 training [time: 84.84s, train loss: 34.4015]
Fri 05 Apr 2024 21:48:26 INFO  epoch 8 evaluating [time: 19.61s, valid_score: 0.053000]
Fri 05 Apr 2024 21:48:26 INFO  valid result: 
recall@10 : 0.0798    mrr@10 : 0.053    ndcg@10 : 0.0477    hit@10 : 0.1418    precision@10 : 0.0154
Fri 05 Apr 2024 21:48:27 INFO  Saving current: saved/LFM-1b_artist_20U50I_50strat/DGCF/DGCF-Apr-05-2024_21-31-56.pth
Fri 05 Apr 2024 21:49:52 INFO  epoch 9 training [time: 84.91s, train loss: 33.8459]
Fri 05 Apr 2024 21:50:11 INFO  epoch 9 evaluating [time: 19.71s, valid_score: 0.053100]
Fri 05 Apr 2024 21:50:11 INFO  valid result: 
recall@10 : 0.0797    mrr@10 : 0.0531    ndcg@10 : 0.0477    hit@10 : 0.142    precision@10 : 0.0154
Fri 05 Apr 2024 21:50:12 INFO  Saving current: saved/LFM-1b_artist_20U50I_50strat/DGCF/DGCF-Apr-05-2024_21-31-56.pth
Fri 05 Apr 2024 21:51:37 INFO  epoch 10 training [time: 85.08s, train loss: 32.8310]
Fri 05 Apr 2024 21:51:57 INFO  epoch 10 evaluating [time: 19.62s, valid_score: 0.053200]
Fri 05 Apr 2024 21:51:57 INFO  valid result: 
recall@10 : 0.0795    mrr@10 : 0.0532    ndcg@10 : 0.0477    hit@10 : 0.1418    precision@10 : 0.0154
Fri 05 Apr 2024 21:51:58 INFO  Saving current: saved/LFM-1b_artist_20U50I_50strat/DGCF/DGCF-Apr-05-2024_21-31-56.pth
Fri 05 Apr 2024 21:53:23 INFO  epoch 11 training [time: 84.93s, train loss: 31.8254]
Fri 05 Apr 2024 21:53:42 INFO  epoch 11 evaluating [time: 19.63s, valid_score: 0.053500]
Fri 05 Apr 2024 21:53:42 INFO  valid result: 
recall@10 : 0.0807    mrr@10 : 0.0535    ndcg@10 : 0.0481    hit@10 : 0.1433    precision@10 : 0.0155
Fri 05 Apr 2024 21:53:43 INFO  Saving current: saved/LFM-1b_artist_20U50I_50strat/DGCF/DGCF-Apr-05-2024_21-31-56.pth
Fri 05 Apr 2024 21:55:08 INFO  epoch 12 training [time: 84.69s, train loss: 30.9063]
Fri 05 Apr 2024 21:55:27 INFO  epoch 12 evaluating [time: 19.59s, valid_score: 0.053500]
Fri 05 Apr 2024 21:55:27 INFO  valid result: 
recall@10 : 0.0804    mrr@10 : 0.0535    ndcg@10 : 0.0481    hit@10 : 0.1436    precision@10 : 0.0156
Fri 05 Apr 2024 21:55:28 INFO  Saving current: saved/LFM-1b_artist_20U50I_50strat/DGCF/DGCF-Apr-05-2024_21-31-56.pth
Fri 05 Apr 2024 21:56:52 INFO  epoch 13 training [time: 84.55s, train loss: 30.0912]
Fri 05 Apr 2024 21:57:12 INFO  epoch 13 evaluating [time: 19.57s, valid_score: 0.053900]
Fri 05 Apr 2024 21:57:12 INFO  valid result: 
recall@10 : 0.0814    mrr@10 : 0.0539    ndcg@10 : 0.0485    hit@10 : 0.145    precision@10 : 0.0157
Fri 05 Apr 2024 21:57:13 INFO  Saving current: saved/LFM-1b_artist_20U50I_50strat/DGCF/DGCF-Apr-05-2024_21-31-56.pth
Fri 05 Apr 2024 21:58:38 INFO  epoch 14 training [time: 84.87s, train loss: 29.0850]
Fri 05 Apr 2024 21:58:58 INFO  epoch 14 evaluating [time: 19.64s, valid_score: 0.054200]
Fri 05 Apr 2024 21:58:58 INFO  valid result: 
recall@10 : 0.0817    mrr@10 : 0.0542    ndcg@10 : 0.0486    hit@10 : 0.1455    precision@10 : 0.0157
Fri 05 Apr 2024 21:58:58 INFO  Saving current: saved/LFM-1b_artist_20U50I_50strat/DGCF/DGCF-Apr-05-2024_21-31-56.pth
Fri 05 Apr 2024 22:00:23 INFO  epoch 15 training [time: 84.93s, train loss: 28.0831]
Fri 05 Apr 2024 22:00:43 INFO  epoch 15 evaluating [time: 19.65s, valid_score: 0.054300]
Fri 05 Apr 2024 22:00:43 INFO  valid result: 
recall@10 : 0.0817    mrr@10 : 0.0543    ndcg@10 : 0.0487    hit@10 : 0.146    precision@10 : 0.0158
Fri 05 Apr 2024 22:00:44 INFO  Saving current: saved/LFM-1b_artist_20U50I_50strat/DGCF/DGCF-Apr-05-2024_21-31-56.pth
Fri 05 Apr 2024 22:02:09 INFO  epoch 16 training [time: 85.05s, train loss: 27.2697]
Fri 05 Apr 2024 22:02:28 INFO  epoch 16 evaluating [time: 19.68s, valid_score: 0.054500]
Fri 05 Apr 2024 22:02:28 INFO  valid result: 
recall@10 : 0.0823    mrr@10 : 0.0545    ndcg@10 : 0.049    hit@10 : 0.147    precision@10 : 0.0159
Fri 05 Apr 2024 22:02:29 INFO  Saving current: saved/LFM-1b_artist_20U50I_50strat/DGCF/DGCF-Apr-05-2024_21-31-56.pth
Fri 05 Apr 2024 22:03:54 INFO  epoch 17 training [time: 84.79s, train loss: 26.3268]
Fri 05 Apr 2024 22:04:13 INFO  epoch 17 evaluating [time: 19.64s, valid_score: 0.055100]
Fri 05 Apr 2024 22:04:13 INFO  valid result: 
recall@10 : 0.0831    mrr@10 : 0.0551    ndcg@10 : 0.0495    hit@10 : 0.1479    precision@10 : 0.0159
Fri 05 Apr 2024 22:04:14 INFO  Saving current: saved/LFM-1b_artist_20U50I_50strat/DGCF/DGCF-Apr-05-2024_21-31-56.pth
Fri 05 Apr 2024 22:05:39 INFO  epoch 18 training [time: 84.79s, train loss: 25.4197]
Fri 05 Apr 2024 22:05:59 INFO  epoch 18 evaluating [time: 19.72s, valid_score: 0.055400]
Fri 05 Apr 2024 22:05:59 INFO  valid result: 
recall@10 : 0.0841    mrr@10 : 0.0554    ndcg@10 : 0.0499    hit@10 : 0.1492    precision@10 : 0.0161
Fri 05 Apr 2024 22:05:59 INFO  Saving current: saved/LFM-1b_artist_20U50I_50strat/DGCF/DGCF-Apr-05-2024_21-31-56.pth
Fri 05 Apr 2024 22:07:24 INFO  epoch 19 training [time: 84.99s, train loss: 24.7282]
Fri 05 Apr 2024 22:07:44 INFO  epoch 19 evaluating [time: 19.73s, valid_score: 0.055700]
Fri 05 Apr 2024 22:07:44 INFO  valid result: 
recall@10 : 0.0854    mrr@10 : 0.0557    ndcg@10 : 0.0504    hit@10 : 0.151    precision@10 : 0.0163
Fri 05 Apr 2024 22:07:45 INFO  Saving current: saved/LFM-1b_artist_20U50I_50strat/DGCF/DGCF-Apr-05-2024_21-31-56.pth
Fri 05 Apr 2024 22:09:10 INFO  epoch 20 training [time: 85.30s, train loss: 23.6932]
Fri 05 Apr 2024 22:09:30 INFO  epoch 20 evaluating [time: 19.68s, valid_score: 0.056400]
Fri 05 Apr 2024 22:09:30 INFO  valid result: 
recall@10 : 0.0872    mrr@10 : 0.0564    ndcg@10 : 0.0512    hit@10 : 0.1534    precision@10 : 0.0166
Fri 05 Apr 2024 22:09:31 INFO  Saving current: saved/LFM-1b_artist_20U50I_50strat/DGCF/DGCF-Apr-05-2024_21-31-56.pth
Fri 05 Apr 2024 22:10:56 INFO  epoch 21 training [time: 85.49s, train loss: 22.9025]
Fri 05 Apr 2024 22:11:16 INFO  epoch 21 evaluating [time: 19.75s, valid_score: 0.056800]
Fri 05 Apr 2024 22:11:16 INFO  valid result: 
recall@10 : 0.0882    mrr@10 : 0.0568    ndcg@10 : 0.0517    hit@10 : 0.1549    precision@10 : 0.0168
Fri 05 Apr 2024 22:11:17 INFO  Saving current: saved/LFM-1b_artist_20U50I_50strat/DGCF/DGCF-Apr-05-2024_21-31-56.pth
Fri 05 Apr 2024 22:12:42 INFO  epoch 22 training [time: 85.47s, train loss: 21.9839]
Fri 05 Apr 2024 22:13:02 INFO  epoch 22 evaluating [time: 19.75s, valid_score: 0.056800]
Fri 05 Apr 2024 22:13:02 INFO  valid result: 
recall@10 : 0.0885    mrr@10 : 0.0568    ndcg@10 : 0.0519    hit@10 : 0.1557    precision@10 : 0.0169
Fri 05 Apr 2024 22:13:03 INFO  Saving current: saved/LFM-1b_artist_20U50I_50strat/DGCF/DGCF-Apr-05-2024_21-31-56.pth
Fri 05 Apr 2024 22:14:28 INFO  epoch 23 training [time: 85.01s, train loss: 21.1706]
Fri 05 Apr 2024 22:14:48 INFO  epoch 23 evaluating [time: 19.74s, valid_score: 0.057200]
Fri 05 Apr 2024 22:14:48 INFO  valid result: 
recall@10 : 0.0897    mrr@10 : 0.0572    ndcg@10 : 0.0523    hit@10 : 0.1575    precision@10 : 0.0171
Fri 05 Apr 2024 22:14:49 INFO  Saving current: saved/LFM-1b_artist_20U50I_50strat/DGCF/DGCF-Apr-05-2024_21-31-56.pth
Fri 05 Apr 2024 22:16:14 INFO  epoch 24 training [time: 85.11s, train loss: 20.5587]
Fri 05 Apr 2024 22:16:33 INFO  epoch 24 evaluating [time: 19.75s, valid_score: 0.057500]
Fri 05 Apr 2024 22:16:33 INFO  valid result: 
recall@10 : 0.0898    mrr@10 : 0.0575    ndcg@10 : 0.0525    hit@10 : 0.1576    precision@10 : 0.0171
Fri 05 Apr 2024 22:16:34 INFO  Saving current: saved/LFM-1b_artist_20U50I_50strat/DGCF/DGCF-Apr-05-2024_21-31-56.pth
Fri 05 Apr 2024 22:17:59 INFO  epoch 25 training [time: 85.26s, train loss: 20.0035]
Fri 05 Apr 2024 22:18:19 INFO  epoch 25 evaluating [time: 19.73s, valid_score: 0.057800]
Fri 05 Apr 2024 22:18:19 INFO  valid result: 
recall@10 : 0.0914    mrr@10 : 0.0578    ndcg@10 : 0.0531    hit@10 : 0.1601    precision@10 : 0.0174
Fri 05 Apr 2024 22:18:20 INFO  Saving current: saved/LFM-1b_artist_20U50I_50strat/DGCF/DGCF-Apr-05-2024_21-31-56.pth
Fri 05 Apr 2024 22:19:45 INFO  epoch 26 training [time: 85.38s, train loss: 19.2463]
Fri 05 Apr 2024 22:20:05 INFO  epoch 26 evaluating [time: 19.84s, valid_score: 0.058100]
Fri 05 Apr 2024 22:20:05 INFO  valid result: 
recall@10 : 0.0921    mrr@10 : 0.0581    ndcg@10 : 0.0535    hit@10 : 0.1612    precision@10 : 0.0175
Fri 05 Apr 2024 22:20:06 INFO  Saving current: saved/LFM-1b_artist_20U50I_50strat/DGCF/DGCF-Apr-05-2024_21-31-56.pth
Fri 05 Apr 2024 22:21:31 INFO  epoch 27 training [time: 85.15s, train loss: 18.8451]
Fri 05 Apr 2024 22:21:51 INFO  epoch 27 evaluating [time: 19.80s, valid_score: 0.058400]
Fri 05 Apr 2024 22:21:51 INFO  valid result: 
recall@10 : 0.0934    mrr@10 : 0.0584    ndcg@10 : 0.0539    hit@10 : 0.1631    precision@10 : 0.0177
Fri 05 Apr 2024 22:21:52 INFO  Saving current: saved/LFM-1b_artist_20U50I_50strat/DGCF/DGCF-Apr-05-2024_21-31-56.pth
Fri 05 Apr 2024 22:23:17 INFO  epoch 28 training [time: 84.83s, train loss: 17.9758]
Fri 05 Apr 2024 22:23:37 INFO  epoch 28 evaluating [time: 19.87s, valid_score: 0.058800]
Fri 05 Apr 2024 22:23:37 INFO  valid result: 
recall@10 : 0.0946    mrr@10 : 0.0588    ndcg@10 : 0.0545    hit@10 : 0.1652    precision@10 : 0.0179
Fri 05 Apr 2024 22:23:38 INFO  Saving current: saved/LFM-1b_artist_20U50I_50strat/DGCF/DGCF-Apr-05-2024_21-31-56.pth
Fri 05 Apr 2024 22:25:03 INFO  epoch 29 training [time: 85.04s, train loss: 17.6580]
Fri 05 Apr 2024 22:25:23 INFO  epoch 29 evaluating [time: 19.75s, valid_score: 0.058900]
Fri 05 Apr 2024 22:25:23 INFO  valid result: 
recall@10 : 0.0947    mrr@10 : 0.0589    ndcg@10 : 0.0546    hit@10 : 0.1655    precision@10 : 0.0179
Fri 05 Apr 2024 22:25:23 INFO  Saving current: saved/LFM-1b_artist_20U50I_50strat/DGCF/DGCF-Apr-05-2024_21-31-56.pth
Fri 05 Apr 2024 22:26:48 INFO  epoch 30 training [time: 84.88s, train loss: 17.0264]
Fri 05 Apr 2024 22:27:08 INFO  epoch 30 evaluating [time: 19.77s, valid_score: 0.059500]
Fri 05 Apr 2024 22:27:08 INFO  valid result: 
recall@10 : 0.0963    mrr@10 : 0.0595    ndcg@10 : 0.0552    hit@10 : 0.1676    precision@10 : 0.0182
Fri 05 Apr 2024 22:27:09 INFO  Saving current: saved/LFM-1b_artist_20U50I_50strat/DGCF/DGCF-Apr-05-2024_21-31-56.pth
Fri 05 Apr 2024 22:28:34 INFO  epoch 31 training [time: 84.79s, train loss: 16.4761]
Fri 05 Apr 2024 22:28:53 INFO  epoch 31 evaluating [time: 19.77s, valid_score: 0.059900]
Fri 05 Apr 2024 22:28:53 INFO  valid result: 
recall@10 : 0.097    mrr@10 : 0.0599    ndcg@10 : 0.0556    hit@10 : 0.1694    precision@10 : 0.0184
Fri 05 Apr 2024 22:28:54 INFO  Saving current: saved/LFM-1b_artist_20U50I_50strat/DGCF/DGCF-Apr-05-2024_21-31-56.pth
Fri 05 Apr 2024 22:30:19 INFO  epoch 32 training [time: 84.87s, train loss: 15.8819]
Fri 05 Apr 2024 22:30:39 INFO  epoch 32 evaluating [time: 19.80s, valid_score: 0.060000]
Fri 05 Apr 2024 22:30:39 INFO  valid result: 
recall@10 : 0.0975    mrr@10 : 0.06    ndcg@10 : 0.0558    hit@10 : 0.1704    precision@10 : 0.0185
Fri 05 Apr 2024 22:30:40 INFO  Saving current: saved/LFM-1b_artist_20U50I_50strat/DGCF/DGCF-Apr-05-2024_21-31-56.pth
Fri 05 Apr 2024 22:32:04 INFO  epoch 33 training [time: 84.70s, train loss: 15.5249]
Fri 05 Apr 2024 22:32:24 INFO  epoch 33 evaluating [time: 19.75s, valid_score: 0.060400]
Fri 05 Apr 2024 22:32:24 INFO  valid result: 
recall@10 : 0.0974    mrr@10 : 0.0604    ndcg@10 : 0.056    hit@10 : 0.1704    precision@10 : 0.0185
Fri 05 Apr 2024 22:32:25 INFO  Saving current: saved/LFM-1b_artist_20U50I_50strat/DGCF/DGCF-Apr-05-2024_21-31-56.pth
Fri 05 Apr 2024 22:33:50 INFO  epoch 34 training [time: 84.74s, train loss: 14.9916]
Fri 05 Apr 2024 22:34:09 INFO  epoch 34 evaluating [time: 19.61s, valid_score: 0.060500]
Fri 05 Apr 2024 22:34:09 INFO  valid result: 
recall@10 : 0.0976    mrr@10 : 0.0605    ndcg@10 : 0.0562    hit@10 : 0.1708    precision@10 : 0.0186
Fri 05 Apr 2024 22:34:10 INFO  Saving current: saved/LFM-1b_artist_20U50I_50strat/DGCF/DGCF-Apr-05-2024_21-31-56.pth
Fri 05 Apr 2024 22:35:35 INFO  epoch 35 training [time: 84.83s, train loss: 14.4374]
Fri 05 Apr 2024 22:35:55 INFO  epoch 35 evaluating [time: 19.68s, valid_score: 0.061000]
Fri 05 Apr 2024 22:35:55 INFO  valid result: 
recall@10 : 0.0982    mrr@10 : 0.061    ndcg@10 : 0.0564    hit@10 : 0.1714    precision@10 : 0.0187
Fri 05 Apr 2024 22:35:55 INFO  Saving current: saved/LFM-1b_artist_20U50I_50strat/DGCF/DGCF-Apr-05-2024_21-31-56.pth
Fri 05 Apr 2024 22:37:21 INFO  epoch 36 training [time: 85.47s, train loss: 14.0405]
Fri 05 Apr 2024 22:37:41 INFO  epoch 36 evaluating [time: 19.73s, valid_score: 0.061400]
Fri 05 Apr 2024 22:37:41 INFO  valid result: 
recall@10 : 0.0986    mrr@10 : 0.0614    ndcg@10 : 0.0568    hit@10 : 0.1719    precision@10 : 0.0187
Fri 05 Apr 2024 22:37:42 INFO  Saving current: saved/LFM-1b_artist_20U50I_50strat/DGCF/DGCF-Apr-05-2024_21-31-56.pth
Fri 05 Apr 2024 22:39:07 INFO  epoch 37 training [time: 85.12s, train loss: 13.6634]
Fri 05 Apr 2024 22:39:26 INFO  epoch 37 evaluating [time: 19.71s, valid_score: 0.061800]
Fri 05 Apr 2024 22:39:26 INFO  valid result: 
recall@10 : 0.0992    mrr@10 : 0.0618    ndcg@10 : 0.0571    hit@10 : 0.1736    precision@10 : 0.0189
Fri 05 Apr 2024 22:39:27 INFO  Saving current: saved/LFM-1b_artist_20U50I_50strat/DGCF/DGCF-Apr-05-2024_21-31-56.pth
Fri 05 Apr 2024 22:40:53 INFO  epoch 38 training [time: 85.35s, train loss: 13.3695]
Fri 05 Apr 2024 22:41:13 INFO  epoch 38 evaluating [time: 20.20s, valid_score: 0.061900]
Fri 05 Apr 2024 22:41:13 INFO  valid result: 
recall@10 : 0.1    mrr@10 : 0.0619    ndcg@10 : 0.0575    hit@10 : 0.1747    precision@10 : 0.019
Fri 05 Apr 2024 22:41:14 INFO  Saving current: saved/LFM-1b_artist_20U50I_50strat/DGCF/DGCF-Apr-05-2024_21-31-56.pth
Fri 05 Apr 2024 22:42:39 INFO  epoch 39 training [time: 85.68s, train loss: 12.7813]
Fri 05 Apr 2024 22:42:59 INFO  epoch 39 evaluating [time: 19.73s, valid_score: 0.062200]
Fri 05 Apr 2024 22:42:59 INFO  valid result: 
recall@10 : 0.0999    mrr@10 : 0.0622    ndcg@10 : 0.0576    hit@10 : 0.1747    precision@10 : 0.019
Fri 05 Apr 2024 22:43:00 INFO  Saving current: saved/LFM-1b_artist_20U50I_50strat/DGCF/DGCF-Apr-05-2024_21-31-56.pth
Fri 05 Apr 2024 22:44:25 INFO  epoch 40 training [time: 85.24s, train loss: 12.5393]
Fri 05 Apr 2024 22:44:45 INFO  epoch 40 evaluating [time: 20.17s, valid_score: 0.062400]
Fri 05 Apr 2024 22:44:45 INFO  valid result: 
recall@10 : 0.1007    mrr@10 : 0.0624    ndcg@10 : 0.058    hit@10 : 0.1763    precision@10 : 0.0192
Fri 05 Apr 2024 22:44:46 INFO  Saving current: saved/LFM-1b_artist_20U50I_50strat/DGCF/DGCF-Apr-05-2024_21-31-56.pth
Fri 05 Apr 2024 22:46:11 INFO  epoch 41 training [time: 84.96s, train loss: 12.1194]
Fri 05 Apr 2024 22:46:31 INFO  epoch 41 evaluating [time: 19.85s, valid_score: 0.062900]
Fri 05 Apr 2024 22:46:31 INFO  valid result: 
recall@10 : 0.1013    mrr@10 : 0.0629    ndcg@10 : 0.0584    hit@10 : 0.1769    precision@10 : 0.0193
Fri 05 Apr 2024 22:46:32 INFO  Saving current: saved/LFM-1b_artist_20U50I_50strat/DGCF/DGCF-Apr-05-2024_21-31-56.pth
Fri 05 Apr 2024 22:47:57 INFO  epoch 42 training [time: 85.01s, train loss: 11.8796]
Fri 05 Apr 2024 22:48:16 INFO  epoch 42 evaluating [time: 19.90s, valid_score: 0.063100]
Fri 05 Apr 2024 22:48:16 INFO  valid result: 
recall@10 : 0.1021    mrr@10 : 0.0631    ndcg@10 : 0.0587    hit@10 : 0.1778    precision@10 : 0.0194
Fri 05 Apr 2024 22:48:17 INFO  Saving current: saved/LFM-1b_artist_20U50I_50strat/DGCF/DGCF-Apr-05-2024_21-31-56.pth
Fri 05 Apr 2024 22:49:42 INFO  epoch 43 training [time: 84.84s, train loss: 11.4381]
Fri 05 Apr 2024 22:50:02 INFO  epoch 43 evaluating [time: 20.12s, valid_score: 0.063400]
Fri 05 Apr 2024 22:50:02 INFO  valid result: 
recall@10 : 0.1024    mrr@10 : 0.0634    ndcg@10 : 0.0589    hit@10 : 0.1781    precision@10 : 0.0194
Fri 05 Apr 2024 22:50:03 INFO  Saving current: saved/LFM-1b_artist_20U50I_50strat/DGCF/DGCF-Apr-05-2024_21-31-56.pth
Fri 05 Apr 2024 22:51:27 INFO  epoch 44 training [time: 84.90s, train loss: 11.2114]
Fri 05 Apr 2024 22:51:47 INFO  epoch 44 evaluating [time: 20.00s, valid_score: 0.063800]
Fri 05 Apr 2024 22:51:47 INFO  valid result: 
recall@10 : 0.1032    mrr@10 : 0.0638    ndcg@10 : 0.0594    hit@10 : 0.1797    precision@10 : 0.0196
Fri 05 Apr 2024 22:51:48 INFO  Saving current: saved/LFM-1b_artist_20U50I_50strat/DGCF/DGCF-Apr-05-2024_21-31-56.pth
Fri 05 Apr 2024 22:53:13 INFO  epoch 45 training [time: 84.95s, train loss: 10.8489]
Fri 05 Apr 2024 22:53:33 INFO  epoch 45 evaluating [time: 20.09s, valid_score: 0.064400]
Fri 05 Apr 2024 22:53:33 INFO  valid result: 
recall@10 : 0.1034    mrr@10 : 0.0644    ndcg@10 : 0.0597    hit@10 : 0.1802    precision@10 : 0.0196
Fri 05 Apr 2024 22:53:34 INFO  Saving current: saved/LFM-1b_artist_20U50I_50strat/DGCF/DGCF-Apr-05-2024_21-31-56.pth
Fri 05 Apr 2024 22:54:59 INFO  epoch 46 training [time: 84.86s, train loss: 10.6926]
Fri 05 Apr 2024 22:55:19 INFO  epoch 46 evaluating [time: 20.11s, valid_score: 0.064300]
Fri 05 Apr 2024 22:55:19 INFO  valid result: 
recall@10 : 0.1028    mrr@10 : 0.0643    ndcg@10 : 0.0595    hit@10 : 0.1795    precision@10 : 0.0196
Fri 05 Apr 2024 22:56:44 INFO  epoch 47 training [time: 85.08s, train loss: 10.3366]
Fri 05 Apr 2024 22:57:04 INFO  epoch 47 evaluating [time: 20.07s, valid_score: 0.064500]
Fri 05 Apr 2024 22:57:04 INFO  valid result: 
recall@10 : 0.1028    mrr@10 : 0.0645    ndcg@10 : 0.0596    hit@10 : 0.179    precision@10 : 0.0196
Fri 05 Apr 2024 22:57:05 INFO  Saving current: saved/LFM-1b_artist_20U50I_50strat/DGCF/DGCF-Apr-05-2024_21-31-56.pth
Fri 05 Apr 2024 22:58:30 INFO  epoch 48 training [time: 85.02s, train loss: 9.9501]
Fri 05 Apr 2024 22:58:50 INFO  epoch 48 evaluating [time: 19.97s, valid_score: 0.064600]
Fri 05 Apr 2024 22:58:50 INFO  valid result: 
recall@10 : 0.1031    mrr@10 : 0.0646    ndcg@10 : 0.0599    hit@10 : 0.1798    precision@10 : 0.0197
Fri 05 Apr 2024 22:58:50 INFO  Saving current: saved/LFM-1b_artist_20U50I_50strat/DGCF/DGCF-Apr-05-2024_21-31-56.pth
Fri 05 Apr 2024 23:00:15 INFO  epoch 49 training [time: 85.01s, train loss: 9.8292]
Fri 05 Apr 2024 23:00:36 INFO  epoch 49 evaluating [time: 20.07s, valid_score: 0.065100]
Fri 05 Apr 2024 23:00:36 INFO  valid result: 
recall@10 : 0.104    mrr@10 : 0.0651    ndcg@10 : 0.0604    hit@10 : 0.181    precision@10 : 0.0198
Fri 05 Apr 2024 23:00:36 INFO  Saving current: saved/LFM-1b_artist_20U50I_50strat/DGCF/DGCF-Apr-05-2024_21-31-56.pth
Fri 05 Apr 2024 23:02:01 INFO  epoch 50 training [time: 84.83s, train loss: 9.5666]
Fri 05 Apr 2024 23:02:21 INFO  epoch 50 evaluating [time: 20.03s, valid_score: 0.065800]
Fri 05 Apr 2024 23:02:21 INFO  valid result: 
recall@10 : 0.1043    mrr@10 : 0.0658    ndcg@10 : 0.0607    hit@10 : 0.1821    precision@10 : 0.0199
Fri 05 Apr 2024 23:02:22 INFO  Saving current: saved/LFM-1b_artist_20U50I_50strat/DGCF/DGCF-Apr-05-2024_21-31-56.pth
Fri 05 Apr 2024 23:03:47 INFO  epoch 51 training [time: 85.19s, train loss: 9.3558]
Fri 05 Apr 2024 23:04:07 INFO  epoch 51 evaluating [time: 20.07s, valid_score: 0.065800]
Fri 05 Apr 2024 23:04:07 INFO  valid result: 
recall@10 : 0.1048    mrr@10 : 0.0658    ndcg@10 : 0.0608    hit@10 : 0.1823    precision@10 : 0.02
Fri 05 Apr 2024 23:04:08 INFO  Saving current: saved/LFM-1b_artist_20U50I_50strat/DGCF/DGCF-Apr-05-2024_21-31-56.pth
Fri 05 Apr 2024 23:05:33 INFO  epoch 52 training [time: 84.90s, train loss: 9.1396]
Fri 05 Apr 2024 23:05:53 INFO  epoch 52 evaluating [time: 20.14s, valid_score: 0.065500]
Fri 05 Apr 2024 23:05:53 INFO  valid result: 
recall@10 : 0.1049    mrr@10 : 0.0655    ndcg@10 : 0.0607    hit@10 : 0.1826    precision@10 : 0.02
Fri 05 Apr 2024 23:07:18 INFO  epoch 53 training [time: 85.10s, train loss: 8.7710]
Fri 05 Apr 2024 23:07:38 INFO  epoch 53 evaluating [time: 20.11s, valid_score: 0.065700]
Fri 05 Apr 2024 23:07:38 INFO  valid result: 
recall@10 : 0.1056    mrr@10 : 0.0657    ndcg@10 : 0.061    hit@10 : 0.1834    precision@10 : 0.0201
Fri 05 Apr 2024 23:09:04 INFO  epoch 54 training [time: 85.25s, train loss: 8.7243]
Fri 05 Apr 2024 23:09:24 INFO  epoch 54 evaluating [time: 20.12s, valid_score: 0.066100]
Fri 05 Apr 2024 23:09:24 INFO  valid result: 
recall@10 : 0.1065    mrr@10 : 0.0661    ndcg@10 : 0.0614    hit@10 : 0.1848    precision@10 : 0.0202
Fri 05 Apr 2024 23:09:25 INFO  Saving current: saved/LFM-1b_artist_20U50I_50strat/DGCF/DGCF-Apr-05-2024_21-31-56.pth
Fri 05 Apr 2024 23:10:50 INFO  epoch 55 training [time: 84.92s, train loss: 8.6158]
Fri 05 Apr 2024 23:11:10 INFO  epoch 55 evaluating [time: 20.10s, valid_score: 0.066300]
Fri 05 Apr 2024 23:11:10 INFO  valid result: 
recall@10 : 0.106    mrr@10 : 0.0663    ndcg@10 : 0.0614    hit@10 : 0.1848    precision@10 : 0.0202
Fri 05 Apr 2024 23:11:11 INFO  Saving current: saved/LFM-1b_artist_20U50I_50strat/DGCF/DGCF-Apr-05-2024_21-31-56.pth
Fri 05 Apr 2024 23:12:36 INFO  epoch 56 training [time: 85.19s, train loss: 8.0808]
Fri 05 Apr 2024 23:12:56 INFO  epoch 56 evaluating [time: 20.19s, valid_score: 0.066800]
Fri 05 Apr 2024 23:12:56 INFO  valid result: 
recall@10 : 0.1065    mrr@10 : 0.0668    ndcg@10 : 0.0617    hit@10 : 0.1861    precision@10 : 0.0203
Fri 05 Apr 2024 23:12:57 INFO  Saving current: saved/LFM-1b_artist_20U50I_50strat/DGCF/DGCF-Apr-05-2024_21-31-56.pth
Fri 05 Apr 2024 23:14:22 INFO  epoch 57 training [time: 85.39s, train loss: 8.0886]
Fri 05 Apr 2024 23:14:42 INFO  epoch 57 evaluating [time: 20.12s, valid_score: 0.066700]
Fri 05 Apr 2024 23:14:42 INFO  valid result: 
recall@10 : 0.1069    mrr@10 : 0.0667    ndcg@10 : 0.0618    hit@10 : 0.1863    precision@10 : 0.0204
Fri 05 Apr 2024 23:16:07 INFO  epoch 58 training [time: 84.98s, train loss: 7.8095]
Fri 05 Apr 2024 23:16:27 INFO  epoch 58 evaluating [time: 20.16s, valid_score: 0.067100]
Fri 05 Apr 2024 23:16:27 INFO  valid result: 
recall@10 : 0.1077    mrr@10 : 0.0671    ndcg@10 : 0.0623    hit@10 : 0.1874    precision@10 : 0.0205
Fri 05 Apr 2024 23:16:28 INFO  Saving current: saved/LFM-1b_artist_20U50I_50strat/DGCF/DGCF-Apr-05-2024_21-31-56.pth
Fri 05 Apr 2024 23:17:53 INFO  epoch 59 training [time: 85.04s, train loss: 7.8331]
Fri 05 Apr 2024 23:18:13 INFO  epoch 59 evaluating [time: 20.09s, valid_score: 0.067300]
Fri 05 Apr 2024 23:18:13 INFO  valid result: 
recall@10 : 0.1076    mrr@10 : 0.0673    ndcg@10 : 0.0624    hit@10 : 0.1879    precision@10 : 0.0205
Fri 05 Apr 2024 23:18:14 INFO  Saving current: saved/LFM-1b_artist_20U50I_50strat/DGCF/DGCF-Apr-05-2024_21-31-56.pth
Fri 05 Apr 2024 23:19:39 INFO  epoch 60 training [time: 84.96s, train loss: 7.5735]
Fri 05 Apr 2024 23:19:59 INFO  epoch 60 evaluating [time: 20.23s, valid_score: 0.067200]
Fri 05 Apr 2024 23:19:59 INFO  valid result: 
recall@10 : 0.1079    mrr@10 : 0.0672    ndcg@10 : 0.0625    hit@10 : 0.1886    precision@10 : 0.0206
Fri 05 Apr 2024 23:21:25 INFO  epoch 61 training [time: 85.45s, train loss: 7.5051]
Fri 05 Apr 2024 23:21:45 INFO  epoch 61 evaluating [time: 20.22s, valid_score: 0.067400]
Fri 05 Apr 2024 23:21:45 INFO  valid result: 
recall@10 : 0.1083    mrr@10 : 0.0674    ndcg@10 : 0.0626    hit@10 : 0.1892    precision@10 : 0.0206
Fri 05 Apr 2024 23:21:46 INFO  Saving current: saved/LFM-1b_artist_20U50I_50strat/DGCF/DGCF-Apr-05-2024_21-31-56.pth
Fri 05 Apr 2024 23:23:11 INFO  epoch 62 training [time: 85.28s, train loss: 7.2293]
Fri 05 Apr 2024 23:23:32 INFO  epoch 62 evaluating [time: 20.28s, valid_score: 0.068000]
Fri 05 Apr 2024 23:23:32 INFO  valid result: 
recall@10 : 0.1084    mrr@10 : 0.068    ndcg@10 : 0.063    hit@10 : 0.1896    precision@10 : 0.0207
Fri 05 Apr 2024 23:23:33 INFO  Saving current: saved/LFM-1b_artist_20U50I_50strat/DGCF/DGCF-Apr-05-2024_21-31-56.pth
Fri 05 Apr 2024 23:24:57 INFO  epoch 63 training [time: 84.90s, train loss: 7.0116]
Fri 05 Apr 2024 23:25:18 INFO  epoch 63 evaluating [time: 20.16s, valid_score: 0.068000]
Fri 05 Apr 2024 23:25:18 INFO  valid result: 
recall@10 : 0.1086    mrr@10 : 0.068    ndcg@10 : 0.0631    hit@10 : 0.1895    precision@10 : 0.0207
Fri 05 Apr 2024 23:25:18 INFO  Saving current: saved/LFM-1b_artist_20U50I_50strat/DGCF/DGCF-Apr-05-2024_21-31-56.pth
Fri 05 Apr 2024 23:26:44 INFO  epoch 64 training [time: 85.39s, train loss: 6.8883]
Fri 05 Apr 2024 23:27:04 INFO  epoch 64 evaluating [time: 20.18s, valid_score: 0.068100]
Fri 05 Apr 2024 23:27:04 INFO  valid result: 
recall@10 : 0.109    mrr@10 : 0.0681    ndcg@10 : 0.0633    hit@10 : 0.1893    precision@10 : 0.0207
Fri 05 Apr 2024 23:27:05 INFO  Saving current: saved/LFM-1b_artist_20U50I_50strat/DGCF/DGCF-Apr-05-2024_21-31-56.pth
Fri 05 Apr 2024 23:28:30 INFO  epoch 65 training [time: 85.18s, train loss: 6.8110]
Fri 05 Apr 2024 23:28:50 INFO  epoch 65 evaluating [time: 20.15s, valid_score: 0.068400]
Fri 05 Apr 2024 23:28:50 INFO  valid result: 
recall@10 : 0.109    mrr@10 : 0.0684    ndcg@10 : 0.0634    hit@10 : 0.1894    precision@10 : 0.0207
Fri 05 Apr 2024 23:28:51 INFO  Saving current: saved/LFM-1b_artist_20U50I_50strat/DGCF/DGCF-Apr-05-2024_21-31-56.pth
Fri 05 Apr 2024 23:30:16 INFO  epoch 66 training [time: 84.90s, train loss: 6.7148]
Fri 05 Apr 2024 23:30:36 INFO  epoch 66 evaluating [time: 20.16s, valid_score: 0.068900]
Fri 05 Apr 2024 23:30:36 INFO  valid result: 
recall@10 : 0.1101    mrr@10 : 0.0689    ndcg@10 : 0.0639    hit@10 : 0.1916    precision@10 : 0.0209
Fri 05 Apr 2024 23:30:37 INFO  Saving current: saved/LFM-1b_artist_20U50I_50strat/DGCF/DGCF-Apr-05-2024_21-31-56.pth
Fri 05 Apr 2024 23:32:02 INFO  epoch 67 training [time: 85.00s, train loss: 6.6458]
Fri 05 Apr 2024 23:32:22 INFO  epoch 67 evaluating [time: 20.05s, valid_score: 0.068900]
Fri 05 Apr 2024 23:32:22 INFO  valid result: 
recall@10 : 0.1102    mrr@10 : 0.0689    ndcg@10 : 0.064    hit@10 : 0.1917    precision@10 : 0.021
Fri 05 Apr 2024 23:32:22 INFO  Saving current: saved/LFM-1b_artist_20U50I_50strat/DGCF/DGCF-Apr-05-2024_21-31-56.pth
Fri 05 Apr 2024 23:33:47 INFO  epoch 68 training [time: 85.07s, train loss: 6.3470]
Fri 05 Apr 2024 23:34:08 INFO  epoch 68 evaluating [time: 20.13s, valid_score: 0.069000]
Fri 05 Apr 2024 23:34:08 INFO  valid result: 
recall@10 : 0.1105    mrr@10 : 0.069    ndcg@10 : 0.0642    hit@10 : 0.1928    precision@10 : 0.021
Fri 05 Apr 2024 23:34:08 INFO  Saving current: saved/LFM-1b_artist_20U50I_50strat/DGCF/DGCF-Apr-05-2024_21-31-56.pth
Fri 05 Apr 2024 23:35:33 INFO  epoch 69 training [time: 84.97s, train loss: 6.1987]
Fri 05 Apr 2024 23:35:54 INFO  epoch 69 evaluating [time: 20.27s, valid_score: 0.068800]
Fri 05 Apr 2024 23:35:54 INFO  valid result: 
recall@10 : 0.1109    mrr@10 : 0.0688    ndcg@10 : 0.0642    hit@10 : 0.1931    precision@10 : 0.0211
Fri 05 Apr 2024 23:37:19 INFO  epoch 70 training [time: 85.12s, train loss: 6.1449]
Fri 05 Apr 2024 23:37:39 INFO  epoch 70 evaluating [time: 20.18s, valid_score: 0.068900]
Fri 05 Apr 2024 23:37:39 INFO  valid result: 
recall@10 : 0.1105    mrr@10 : 0.0689    ndcg@10 : 0.0642    hit@10 : 0.1931    precision@10 : 0.0211
Fri 05 Apr 2024 23:39:04 INFO  epoch 71 training [time: 85.26s, train loss: 6.1417]
Fri 05 Apr 2024 23:39:24 INFO  epoch 71 evaluating [time: 20.14s, valid_score: 0.069400]
Fri 05 Apr 2024 23:39:24 INFO  valid result: 
recall@10 : 0.1116    mrr@10 : 0.0694    ndcg@10 : 0.0647    hit@10 : 0.1937    precision@10 : 0.0212
Fri 05 Apr 2024 23:39:25 INFO  Saving current: saved/LFM-1b_artist_20U50I_50strat/DGCF/DGCF-Apr-05-2024_21-31-56.pth
Fri 05 Apr 2024 23:40:50 INFO  epoch 72 training [time: 84.65s, train loss: 5.9607]
Fri 05 Apr 2024 23:41:09 INFO  epoch 72 evaluating [time: 19.74s, valid_score: 0.069600]
Fri 05 Apr 2024 23:41:09 INFO  valid result: 
recall@10 : 0.1119    mrr@10 : 0.0696    ndcg@10 : 0.0649    hit@10 : 0.194    precision@10 : 0.0212
Fri 05 Apr 2024 23:41:10 INFO  Saving current: saved/LFM-1b_artist_20U50I_50strat/DGCF/DGCF-Apr-05-2024_21-31-56.pth
Fri 05 Apr 2024 23:42:35 INFO  epoch 73 training [time: 84.92s, train loss: 5.7529]
Fri 05 Apr 2024 23:42:55 INFO  epoch 73 evaluating [time: 19.75s, valid_score: 0.069800]
Fri 05 Apr 2024 23:42:55 INFO  valid result: 
recall@10 : 0.1116    mrr@10 : 0.0698    ndcg@10 : 0.0651    hit@10 : 0.1937    precision@10 : 0.0211
Fri 05 Apr 2024 23:42:56 INFO  Saving current: saved/LFM-1b_artist_20U50I_50strat/DGCF/DGCF-Apr-05-2024_21-31-56.pth
Fri 05 Apr 2024 23:44:21 INFO  epoch 74 training [time: 84.98s, train loss: 5.8087]
Fri 05 Apr 2024 23:44:40 INFO  epoch 74 evaluating [time: 19.75s, valid_score: 0.069800]
Fri 05 Apr 2024 23:44:40 INFO  valid result: 
recall@10 : 0.112    mrr@10 : 0.0698    ndcg@10 : 0.0651    hit@10 : 0.1944    precision@10 : 0.0213
Fri 05 Apr 2024 23:44:41 INFO  Saving current: saved/LFM-1b_artist_20U50I_50strat/DGCF/DGCF-Apr-05-2024_21-31-56.pth
Fri 05 Apr 2024 23:46:06 INFO  epoch 75 training [time: 84.93s, train loss: 5.5727]
Fri 05 Apr 2024 23:46:26 INFO  epoch 75 evaluating [time: 19.73s, valid_score: 0.069900]
Fri 05 Apr 2024 23:46:26 INFO  valid result: 
recall@10 : 0.1123    mrr@10 : 0.0699    ndcg@10 : 0.0652    hit@10 : 0.1948    precision@10 : 0.0213
Fri 05 Apr 2024 23:46:27 INFO  Saving current: saved/LFM-1b_artist_20U50I_50strat/DGCF/DGCF-Apr-05-2024_21-31-56.pth
Fri 05 Apr 2024 23:47:51 INFO  epoch 76 training [time: 84.94s, train loss: 5.6084]
Fri 05 Apr 2024 23:48:11 INFO  epoch 76 evaluating [time: 19.73s, valid_score: 0.070400]
Fri 05 Apr 2024 23:48:11 INFO  valid result: 
recall@10 : 0.1132    mrr@10 : 0.0704    ndcg@10 : 0.0657    hit@10 : 0.1962    precision@10 : 0.0214
Fri 05 Apr 2024 23:48:12 INFO  Saving current: saved/LFM-1b_artist_20U50I_50strat/DGCF/DGCF-Apr-05-2024_21-31-56.pth
Fri 05 Apr 2024 23:49:37 INFO  epoch 77 training [time: 84.91s, train loss: 5.4602]
Fri 05 Apr 2024 23:49:57 INFO  epoch 77 evaluating [time: 19.73s, valid_score: 0.070500]
Fri 05 Apr 2024 23:49:57 INFO  valid result: 
recall@10 : 0.1137    mrr@10 : 0.0705    ndcg@10 : 0.0659    hit@10 : 0.1971    precision@10 : 0.0215
Fri 05 Apr 2024 23:49:57 INFO  Saving current: saved/LFM-1b_artist_20U50I_50strat/DGCF/DGCF-Apr-05-2024_21-31-56.pth
Fri 05 Apr 2024 23:51:22 INFO  epoch 78 training [time: 84.70s, train loss: 5.2846]
Fri 05 Apr 2024 23:51:42 INFO  epoch 78 evaluating [time: 19.74s, valid_score: 0.070400]
Fri 05 Apr 2024 23:51:42 INFO  valid result: 
recall@10 : 0.1129    mrr@10 : 0.0704    ndcg@10 : 0.0657    hit@10 : 0.1949    precision@10 : 0.0213
Fri 05 Apr 2024 23:53:07 INFO  epoch 79 training [time: 84.93s, train loss: 5.1230]
Fri 05 Apr 2024 23:53:27 INFO  epoch 79 evaluating [time: 19.87s, valid_score: 0.070600]
Fri 05 Apr 2024 23:53:27 INFO  valid result: 
recall@10 : 0.1141    mrr@10 : 0.0706    ndcg@10 : 0.0661    hit@10 : 0.1971    precision@10 : 0.0215
Fri 05 Apr 2024 23:53:28 INFO  Saving current: saved/LFM-1b_artist_20U50I_50strat/DGCF/DGCF-Apr-05-2024_21-31-56.pth
Fri 05 Apr 2024 23:54:53 INFO  epoch 80 training [time: 84.98s, train loss: 5.1915]
Fri 05 Apr 2024 23:55:12 INFO  epoch 80 evaluating [time: 19.89s, valid_score: 0.070900]
Fri 05 Apr 2024 23:55:12 INFO  valid result: 
recall@10 : 0.1143    mrr@10 : 0.0709    ndcg@10 : 0.0663    hit@10 : 0.1973    precision@10 : 0.0215
Fri 05 Apr 2024 23:55:14 INFO  Saving current: saved/LFM-1b_artist_20U50I_50strat/DGCF/DGCF-Apr-05-2024_21-31-56.pth
Fri 05 Apr 2024 23:56:38 INFO  epoch 81 training [time: 84.74s, train loss: 5.0189]
Fri 05 Apr 2024 23:56:58 INFO  epoch 81 evaluating [time: 19.77s, valid_score: 0.071400]
Fri 05 Apr 2024 23:56:58 INFO  valid result: 
recall@10 : 0.1152    mrr@10 : 0.0714    ndcg@10 : 0.0667    hit@10 : 0.1987    precision@10 : 0.0217
Fri 05 Apr 2024 23:56:59 INFO  Saving current: saved/LFM-1b_artist_20U50I_50strat/DGCF/DGCF-Apr-05-2024_21-31-56.pth
Fri 05 Apr 2024 23:58:24 INFO  epoch 82 training [time: 84.77s, train loss: 4.8692]
Fri 05 Apr 2024 23:58:43 INFO  epoch 82 evaluating [time: 19.76s, valid_score: 0.071500]
Fri 05 Apr 2024 23:58:43 INFO  valid result: 
recall@10 : 0.1153    mrr@10 : 0.0715    ndcg@10 : 0.0668    hit@10 : 0.199    precision@10 : 0.0217
Fri 05 Apr 2024 23:58:44 INFO  Saving current: saved/LFM-1b_artist_20U50I_50strat/DGCF/DGCF-Apr-05-2024_21-31-56.pth
Sat 06 Apr 2024 00:00:09 INFO  epoch 83 training [time: 84.62s, train loss: 4.8139]
Sat 06 Apr 2024 00:00:29 INFO  epoch 83 evaluating [time: 19.79s, valid_score: 0.071500]
Sat 06 Apr 2024 00:00:29 INFO  valid result: 
recall@10 : 0.1155    mrr@10 : 0.0715    ndcg@10 : 0.067    hit@10 : 0.1988    precision@10 : 0.0217
Sat 06 Apr 2024 00:00:29 INFO  Saving current: saved/LFM-1b_artist_20U50I_50strat/DGCF/DGCF-Apr-05-2024_21-31-56.pth
Sat 06 Apr 2024 00:01:54 INFO  epoch 84 training [time: 84.94s, train loss: 4.7386]
Sat 06 Apr 2024 00:02:14 INFO  epoch 84 evaluating [time: 19.70s, valid_score: 0.071400]
Sat 06 Apr 2024 00:02:14 INFO  valid result: 
recall@10 : 0.116    mrr@10 : 0.0714    ndcg@10 : 0.0672    hit@10 : 0.1995    precision@10 : 0.0218
Sat 06 Apr 2024 00:03:39 INFO  epoch 85 training [time: 84.95s, train loss: 4.7041]
Sat 06 Apr 2024 00:03:59 INFO  epoch 85 evaluating [time: 19.75s, valid_score: 0.071800]
Sat 06 Apr 2024 00:03:59 INFO  valid result: 
recall@10 : 0.1165    mrr@10 : 0.0718    ndcg@10 : 0.0674    hit@10 : 0.2002    precision@10 : 0.0219
Sat 06 Apr 2024 00:03:59 INFO  Saving current: saved/LFM-1b_artist_20U50I_50strat/DGCF/DGCF-Apr-05-2024_21-31-56.pth
Sat 06 Apr 2024 00:05:24 INFO  epoch 86 training [time: 84.89s, train loss: 4.6444]
Sat 06 Apr 2024 00:05:44 INFO  epoch 86 evaluating [time: 19.76s, valid_score: 0.071800]
Sat 06 Apr 2024 00:05:44 INFO  valid result: 
recall@10 : 0.1167    mrr@10 : 0.0718    ndcg@10 : 0.0674    hit@10 : 0.1999    precision@10 : 0.0219
Sat 06 Apr 2024 00:05:45 INFO  Saving current: saved/LFM-1b_artist_20U50I_50strat/DGCF/DGCF-Apr-05-2024_21-31-56.pth
Sat 06 Apr 2024 00:07:10 INFO  epoch 87 training [time: 85.11s, train loss: 4.5256]
Sat 06 Apr 2024 00:07:30 INFO  epoch 87 evaluating [time: 19.71s, valid_score: 0.071900]
Sat 06 Apr 2024 00:07:30 INFO  valid result: 
recall@10 : 0.1162    mrr@10 : 0.0719    ndcg@10 : 0.0674    hit@10 : 0.2    precision@10 : 0.0219
Sat 06 Apr 2024 00:07:30 INFO  Saving current: saved/LFM-1b_artist_20U50I_50strat/DGCF/DGCF-Apr-05-2024_21-31-56.pth
Sat 06 Apr 2024 00:08:55 INFO  epoch 88 training [time: 84.89s, train loss: 4.4764]
Sat 06 Apr 2024 00:09:15 INFO  epoch 88 evaluating [time: 19.73s, valid_score: 0.072000]
Sat 06 Apr 2024 00:09:15 INFO  valid result: 
recall@10 : 0.1169    mrr@10 : 0.072    ndcg@10 : 0.0677    hit@10 : 0.201    precision@10 : 0.022
Sat 06 Apr 2024 00:09:16 INFO  Saving current: saved/LFM-1b_artist_20U50I_50strat/DGCF/DGCF-Apr-05-2024_21-31-56.pth
Sat 06 Apr 2024 00:10:41 INFO  epoch 89 training [time: 84.93s, train loss: 4.3750]
Sat 06 Apr 2024 00:11:01 INFO  epoch 89 evaluating [time: 19.65s, valid_score: 0.071900]
Sat 06 Apr 2024 00:11:01 INFO  valid result: 
recall@10 : 0.1175    mrr@10 : 0.0719    ndcg@10 : 0.0678    hit@10 : 0.2015    precision@10 : 0.022
Sat 06 Apr 2024 00:12:26 INFO  epoch 90 training [time: 85.07s, train loss: 4.2695]
Sat 06 Apr 2024 00:12:45 INFO  epoch 90 evaluating [time: 19.47s, valid_score: 0.072200]
Sat 06 Apr 2024 00:12:45 INFO  valid result: 
recall@10 : 0.1172    mrr@10 : 0.0722    ndcg@10 : 0.0679    hit@10 : 0.2014    precision@10 : 0.022
Sat 06 Apr 2024 00:12:46 INFO  Saving current: saved/LFM-1b_artist_20U50I_50strat/DGCF/DGCF-Apr-05-2024_21-31-56.pth
Sat 06 Apr 2024 00:14:11 INFO  epoch 91 training [time: 84.86s, train loss: 4.3998]
Sat 06 Apr 2024 00:14:30 INFO  epoch 91 evaluating [time: 19.45s, valid_score: 0.072800]
Sat 06 Apr 2024 00:14:30 INFO  valid result: 
recall@10 : 0.119    mrr@10 : 0.0728    ndcg@10 : 0.0687    hit@10 : 0.2036    precision@10 : 0.0223
Sat 06 Apr 2024 00:14:31 INFO  Saving current: saved/LFM-1b_artist_20U50I_50strat/DGCF/DGCF-Apr-05-2024_21-31-56.pth
Sat 06 Apr 2024 00:15:56 INFO  epoch 92 training [time: 84.77s, train loss: 4.2320]
Sat 06 Apr 2024 00:16:15 INFO  epoch 92 evaluating [time: 19.42s, valid_score: 0.072500]
Sat 06 Apr 2024 00:16:15 INFO  valid result: 
recall@10 : 0.1183    mrr@10 : 0.0725    ndcg@10 : 0.0684    hit@10 : 0.2026    precision@10 : 0.0222
Sat 06 Apr 2024 00:17:40 INFO  epoch 93 training [time: 84.78s, train loss: 4.1163]
Sat 06 Apr 2024 00:18:00 INFO  epoch 93 evaluating [time: 19.48s, valid_score: 0.072700]
Sat 06 Apr 2024 00:18:00 INFO  valid result: 
recall@10 : 0.1188    mrr@10 : 0.0727    ndcg@10 : 0.0686    hit@10 : 0.2034    precision@10 : 0.0223
Sat 06 Apr 2024 00:19:24 INFO  epoch 94 training [time: 84.67s, train loss: 4.0043]
Sat 06 Apr 2024 00:19:44 INFO  epoch 94 evaluating [time: 19.52s, valid_score: 0.072800]
Sat 06 Apr 2024 00:19:44 INFO  valid result: 
recall@10 : 0.1188    mrr@10 : 0.0728    ndcg@10 : 0.0687    hit@10 : 0.2038    precision@10 : 0.0224
Sat 06 Apr 2024 00:19:45 INFO  Saving current: saved/LFM-1b_artist_20U50I_50strat/DGCF/DGCF-Apr-05-2024_21-31-56.pth
Sat 06 Apr 2024 00:21:09 INFO  epoch 95 training [time: 84.67s, train loss: 4.0475]
Sat 06 Apr 2024 00:21:29 INFO  epoch 95 evaluating [time: 19.53s, valid_score: 0.072800]
Sat 06 Apr 2024 00:21:29 INFO  valid result: 
recall@10 : 0.1196    mrr@10 : 0.0728    ndcg@10 : 0.0689    hit@10 : 0.2044    precision@10 : 0.0224
Sat 06 Apr 2024 00:21:29 INFO  Saving current: saved/LFM-1b_artist_20U50I_50strat/DGCF/DGCF-Apr-05-2024_21-31-56.pth
Sat 06 Apr 2024 00:22:54 INFO  epoch 96 training [time: 84.69s, train loss: 3.9961]
Sat 06 Apr 2024 00:23:14 INFO  epoch 96 evaluating [time: 19.52s, valid_score: 0.072900]
Sat 06 Apr 2024 00:23:14 INFO  valid result: 
recall@10 : 0.1195    mrr@10 : 0.0729    ndcg@10 : 0.069    hit@10 : 0.2043    precision@10 : 0.0223
Sat 06 Apr 2024 00:23:14 INFO  Saving current: saved/LFM-1b_artist_20U50I_50strat/DGCF/DGCF-Apr-05-2024_21-31-56.pth
Sat 06 Apr 2024 00:24:39 INFO  epoch 97 training [time: 84.59s, train loss: 3.8066]
Sat 06 Apr 2024 00:24:58 INFO  epoch 97 evaluating [time: 19.52s, valid_score: 0.073100]
Sat 06 Apr 2024 00:24:58 INFO  valid result: 
recall@10 : 0.1203    mrr@10 : 0.0731    ndcg@10 : 0.0693    hit@10 : 0.2058    precision@10 : 0.0225
Sat 06 Apr 2024 00:24:59 INFO  Saving current: saved/LFM-1b_artist_20U50I_50strat/DGCF/DGCF-Apr-05-2024_21-31-56.pth
Sat 06 Apr 2024 00:26:23 INFO  epoch 98 training [time: 84.59s, train loss: 3.7882]
Sat 06 Apr 2024 00:26:43 INFO  epoch 98 evaluating [time: 19.61s, valid_score: 0.073400]
Sat 06 Apr 2024 00:26:43 INFO  valid result: 
recall@10 : 0.1209    mrr@10 : 0.0734    ndcg@10 : 0.0696    hit@10 : 0.2067    precision@10 : 0.0226
Sat 06 Apr 2024 00:26:44 INFO  Saving current: saved/LFM-1b_artist_20U50I_50strat/DGCF/DGCF-Apr-05-2024_21-31-56.pth
Sat 06 Apr 2024 00:28:09 INFO  epoch 99 training [time: 84.79s, train loss: 3.7531]
Sat 06 Apr 2024 00:28:28 INFO  epoch 99 evaluating [time: 19.56s, valid_score: 0.073400]
Sat 06 Apr 2024 00:28:28 INFO  valid result: 
recall@10 : 0.1206    mrr@10 : 0.0734    ndcg@10 : 0.0695    hit@10 : 0.2061    precision@10 : 0.0226
Sat 06 Apr 2024 00:28:29 INFO  Saving current: saved/LFM-1b_artist_20U50I_50strat/DGCF/DGCF-Apr-05-2024_21-31-56.pth
Sat 06 Apr 2024 00:29:54 INFO  epoch 100 training [time: 84.76s, train loss: 3.7956]
Sat 06 Apr 2024 00:30:13 INFO  epoch 100 evaluating [time: 19.69s, valid_score: 0.073400]
Sat 06 Apr 2024 00:30:13 INFO  valid result: 
recall@10 : 0.1208    mrr@10 : 0.0734    ndcg@10 : 0.0695    hit@10 : 0.2065    precision@10 : 0.0226
Sat 06 Apr 2024 00:30:14 INFO  Saving current: saved/LFM-1b_artist_20U50I_50strat/DGCF/DGCF-Apr-05-2024_21-31-56.pth
Sat 06 Apr 2024 00:31:39 INFO  epoch 101 training [time: 85.04s, train loss: 3.6945]
Sat 06 Apr 2024 00:31:59 INFO  epoch 101 evaluating [time: 19.60s, valid_score: 0.073100]
Sat 06 Apr 2024 00:31:59 INFO  valid result: 
recall@10 : 0.1208    mrr@10 : 0.0731    ndcg@10 : 0.0694    hit@10 : 0.2061    precision@10 : 0.0226
Sat 06 Apr 2024 00:33:24 INFO  epoch 102 training [time: 85.00s, train loss: 3.6756]
Sat 06 Apr 2024 00:33:44 INFO  epoch 102 evaluating [time: 19.61s, valid_score: 0.073600]
Sat 06 Apr 2024 00:33:44 INFO  valid result: 
recall@10 : 0.121    mrr@10 : 0.0736    ndcg@10 : 0.0697    hit@10 : 0.2068    precision@10 : 0.0226
Sat 06 Apr 2024 00:33:44 INFO  Saving current: saved/LFM-1b_artist_20U50I_50strat/DGCF/DGCF-Apr-05-2024_21-31-56.pth
Sat 06 Apr 2024 00:35:09 INFO  epoch 103 training [time: 84.82s, train loss: 3.5697]
Sat 06 Apr 2024 00:35:29 INFO  epoch 103 evaluating [time: 19.58s, valid_score: 0.073700]
Sat 06 Apr 2024 00:35:29 INFO  valid result: 
recall@10 : 0.1207    mrr@10 : 0.0737    ndcg@10 : 0.0697    hit@10 : 0.2063    precision@10 : 0.0226
Sat 06 Apr 2024 00:35:29 INFO  Saving current: saved/LFM-1b_artist_20U50I_50strat/DGCF/DGCF-Apr-05-2024_21-31-56.pth
Sat 06 Apr 2024 00:36:54 INFO  epoch 104 training [time: 84.89s, train loss: 3.5697]
Sat 06 Apr 2024 00:37:14 INFO  epoch 104 evaluating [time: 19.63s, valid_score: 0.073800]
Sat 06 Apr 2024 00:37:14 INFO  valid result: 
recall@10 : 0.1206    mrr@10 : 0.0738    ndcg@10 : 0.0698    hit@10 : 0.206    precision@10 : 0.0225
Sat 06 Apr 2024 00:37:15 INFO  Saving current: saved/LFM-1b_artist_20U50I_50strat/DGCF/DGCF-Apr-05-2024_21-31-56.pth
Sat 06 Apr 2024 00:38:40 INFO  epoch 105 training [time: 85.19s, train loss: 3.5689]
Sat 06 Apr 2024 00:39:00 INFO  epoch 105 evaluating [time: 19.66s, valid_score: 0.073900]
Sat 06 Apr 2024 00:39:00 INFO  valid result: 
recall@10 : 0.1217    mrr@10 : 0.0739    ndcg@10 : 0.0701    hit@10 : 0.2071    precision@10 : 0.0227
Sat 06 Apr 2024 00:39:00 INFO  Saving current: saved/LFM-1b_artist_20U50I_50strat/DGCF/DGCF-Apr-05-2024_21-31-56.pth
Sat 06 Apr 2024 00:40:25 INFO  epoch 106 training [time: 84.63s, train loss: 3.4730]
Sat 06 Apr 2024 00:40:45 INFO  epoch 106 evaluating [time: 19.65s, valid_score: 0.074100]
Sat 06 Apr 2024 00:40:45 INFO  valid result: 
recall@10 : 0.1226    mrr@10 : 0.0741    ndcg@10 : 0.0705    hit@10 : 0.207    precision@10 : 0.0227
Sat 06 Apr 2024 00:40:45 INFO  Saving current: saved/LFM-1b_artist_20U50I_50strat/DGCF/DGCF-Apr-05-2024_21-31-56.pth
Sat 06 Apr 2024 00:42:10 INFO  epoch 107 training [time: 84.76s, train loss: 3.4907]
Sat 06 Apr 2024 00:42:30 INFO  epoch 107 evaluating [time: 19.65s, valid_score: 0.074200]
Sat 06 Apr 2024 00:42:30 INFO  valid result: 
recall@10 : 0.1224    mrr@10 : 0.0742    ndcg@10 : 0.0704    hit@10 : 0.2072    precision@10 : 0.0227
Sat 06 Apr 2024 00:42:31 INFO  Saving current: saved/LFM-1b_artist_20U50I_50strat/DGCF/DGCF-Apr-05-2024_21-31-56.pth
Sat 06 Apr 2024 00:43:55 INFO  epoch 108 training [time: 84.60s, train loss: 3.2863]
Sat 06 Apr 2024 00:44:15 INFO  epoch 108 evaluating [time: 19.67s, valid_score: 0.074000]
Sat 06 Apr 2024 00:44:15 INFO  valid result: 
recall@10 : 0.1224    mrr@10 : 0.074    ndcg@10 : 0.0705    hit@10 : 0.2067    precision@10 : 0.0227
Sat 06 Apr 2024 00:45:40 INFO  epoch 109 training [time: 84.71s, train loss: 3.4123]
Sat 06 Apr 2024 00:45:59 INFO  epoch 109 evaluating [time: 19.73s, valid_score: 0.074100]
Sat 06 Apr 2024 00:45:59 INFO  valid result: 
recall@10 : 0.1217    mrr@10 : 0.0741    ndcg@10 : 0.0704    hit@10 : 0.2067    precision@10 : 0.0227
Sat 06 Apr 2024 00:47:24 INFO  epoch 110 training [time: 84.77s, train loss: 3.2198]
Sat 06 Apr 2024 00:47:44 INFO  epoch 110 evaluating [time: 19.65s, valid_score: 0.074000]
Sat 06 Apr 2024 00:47:44 INFO  valid result: 
recall@10 : 0.1215    mrr@10 : 0.074    ndcg@10 : 0.0703    hit@10 : 0.2065    precision@10 : 0.0226
Sat 06 Apr 2024 00:49:09 INFO  epoch 111 training [time: 84.95s, train loss: 3.3315]
Sat 06 Apr 2024 00:49:28 INFO  epoch 111 evaluating [time: 19.60s, valid_score: 0.073900]
Sat 06 Apr 2024 00:49:28 INFO  valid result: 
recall@10 : 0.1217    mrr@10 : 0.0739    ndcg@10 : 0.0704    hit@10 : 0.2068    precision@10 : 0.0227
Sat 06 Apr 2024 00:50:53 INFO  epoch 112 training [time: 84.59s, train loss: 3.2220]
Sat 06 Apr 2024 00:51:12 INFO  epoch 112 evaluating [time: 19.61s, valid_score: 0.074100]
Sat 06 Apr 2024 00:51:12 INFO  valid result: 
recall@10 : 0.1223    mrr@10 : 0.0741    ndcg@10 : 0.0705    hit@10 : 0.2077    precision@10 : 0.0228
Sat 06 Apr 2024 00:52:37 INFO  epoch 113 training [time: 84.73s, train loss: 3.1708]
Sat 06 Apr 2024 00:52:57 INFO  epoch 113 evaluating [time: 19.64s, valid_score: 0.074100]
Sat 06 Apr 2024 00:52:57 INFO  valid result: 
recall@10 : 0.1229    mrr@10 : 0.0741    ndcg@10 : 0.0707    hit@10 : 0.2078    precision@10 : 0.0228
Sat 06 Apr 2024 00:54:21 INFO  epoch 114 training [time: 84.60s, train loss: 3.1317]
Sat 06 Apr 2024 00:54:41 INFO  epoch 114 evaluating [time: 19.64s, valid_score: 0.074300]
Sat 06 Apr 2024 00:54:41 INFO  valid result: 
recall@10 : 0.1229    mrr@10 : 0.0743    ndcg@10 : 0.0708    hit@10 : 0.2079    precision@10 : 0.0228
Sat 06 Apr 2024 00:54:42 INFO  Saving current: saved/LFM-1b_artist_20U50I_50strat/DGCF/DGCF-Apr-05-2024_21-31-56.pth
Sat 06 Apr 2024 00:56:07 INFO  epoch 115 training [time: 84.81s, train loss: 3.2115]
Sat 06 Apr 2024 00:56:26 INFO  epoch 115 evaluating [time: 19.63s, valid_score: 0.074800]
Sat 06 Apr 2024 00:56:26 INFO  valid result: 
recall@10 : 0.1238    mrr@10 : 0.0748    ndcg@10 : 0.0713    hit@10 : 0.2093    precision@10 : 0.0229
Sat 06 Apr 2024 00:56:28 INFO  Saving current: saved/LFM-1b_artist_20U50I_50strat/DGCF/DGCF-Apr-05-2024_21-31-56.pth
Sat 06 Apr 2024 00:57:52 INFO  epoch 116 training [time: 84.76s, train loss: 3.0387]
Sat 06 Apr 2024 00:58:12 INFO  epoch 116 evaluating [time: 19.65s, valid_score: 0.074500]
Sat 06 Apr 2024 00:58:12 INFO  valid result: 
recall@10 : 0.1228    mrr@10 : 0.0745    ndcg@10 : 0.0708    hit@10 : 0.2073    precision@10 : 0.0228
Sat 06 Apr 2024 00:59:37 INFO  epoch 117 training [time: 84.70s, train loss: 3.0321]
Sat 06 Apr 2024 00:59:56 INFO  epoch 117 evaluating [time: 19.66s, valid_score: 0.074400]
Sat 06 Apr 2024 00:59:56 INFO  valid result: 
recall@10 : 0.1225    mrr@10 : 0.0744    ndcg@10 : 0.0707    hit@10 : 0.2072    precision@10 : 0.0228
Sat 06 Apr 2024 01:01:21 INFO  epoch 118 training [time: 85.00s, train loss: 2.9717]
Sat 06 Apr 2024 01:01:41 INFO  epoch 118 evaluating [time: 19.65s, valid_score: 0.074600]
Sat 06 Apr 2024 01:01:41 INFO  valid result: 
recall@10 : 0.1234    mrr@10 : 0.0746    ndcg@10 : 0.0709    hit@10 : 0.2084    precision@10 : 0.0229
Sat 06 Apr 2024 01:03:06 INFO  epoch 119 training [time: 85.12s, train loss: 2.9865]
Sat 06 Apr 2024 01:03:26 INFO  epoch 119 evaluating [time: 19.62s, valid_score: 0.074800]
Sat 06 Apr 2024 01:03:26 INFO  valid result: 
recall@10 : 0.1226    mrr@10 : 0.0748    ndcg@10 : 0.0709    hit@10 : 0.2078    precision@10 : 0.0228
Sat 06 Apr 2024 01:03:26 INFO  Saving current: saved/LFM-1b_artist_20U50I_50strat/DGCF/DGCF-Apr-05-2024_21-31-56.pth
Sat 06 Apr 2024 01:04:51 INFO  epoch 120 training [time: 84.69s, train loss: 2.9224]
Sat 06 Apr 2024 01:05:11 INFO  epoch 120 evaluating [time: 19.74s, valid_score: 0.074500]
Sat 06 Apr 2024 01:05:11 INFO  valid result: 
recall@10 : 0.1226    mrr@10 : 0.0745    ndcg@10 : 0.0707    hit@10 : 0.2075    precision@10 : 0.0227
Sat 06 Apr 2024 01:06:36 INFO  epoch 121 training [time: 85.04s, train loss: 2.9513]
Sat 06 Apr 2024 01:06:56 INFO  epoch 121 evaluating [time: 19.70s, valid_score: 0.074600]
Sat 06 Apr 2024 01:06:56 INFO  valid result: 
recall@10 : 0.1238    mrr@10 : 0.0746    ndcg@10 : 0.0712    hit@10 : 0.208    precision@10 : 0.0228
Sat 06 Apr 2024 01:08:21 INFO  epoch 122 training [time: 85.13s, train loss: 2.8556]
Sat 06 Apr 2024 01:08:40 INFO  epoch 122 evaluating [time: 19.72s, valid_score: 0.075200]
Sat 06 Apr 2024 01:08:40 INFO  valid result: 
recall@10 : 0.1244    mrr@10 : 0.0752    ndcg@10 : 0.0717    hit@10 : 0.2088    precision@10 : 0.0229
Sat 06 Apr 2024 01:08:41 INFO  Saving current: saved/LFM-1b_artist_20U50I_50strat/DGCF/DGCF-Apr-05-2024_21-31-56.pth
Sat 06 Apr 2024 01:10:06 INFO  epoch 123 training [time: 85.08s, train loss: 2.8178]
Sat 06 Apr 2024 01:10:26 INFO  epoch 123 evaluating [time: 19.67s, valid_score: 0.075400]
Sat 06 Apr 2024 01:10:26 INFO  valid result: 
recall@10 : 0.1241    mrr@10 : 0.0754    ndcg@10 : 0.0716    hit@10 : 0.2085    precision@10 : 0.0229
Sat 06 Apr 2024 01:10:27 INFO  Saving current: saved/LFM-1b_artist_20U50I_50strat/DGCF/DGCF-Apr-05-2024_21-31-56.pth
Sat 06 Apr 2024 01:11:52 INFO  epoch 124 training [time: 84.90s, train loss: 2.7951]
Sat 06 Apr 2024 01:12:11 INFO  epoch 124 evaluating [time: 19.69s, valid_score: 0.074900]
Sat 06 Apr 2024 01:12:11 INFO  valid result: 
recall@10 : 0.124    mrr@10 : 0.0749    ndcg@10 : 0.0714    hit@10 : 0.2083    precision@10 : 0.0229
Sat 06 Apr 2024 01:13:36 INFO  epoch 125 training [time: 84.68s, train loss: 2.8483]
Sat 06 Apr 2024 01:13:56 INFO  epoch 125 evaluating [time: 19.73s, valid_score: 0.075600]
Sat 06 Apr 2024 01:13:56 INFO  valid result: 
recall@10 : 0.1249    mrr@10 : 0.0756    ndcg@10 : 0.072    hit@10 : 0.2096    precision@10 : 0.023
Sat 06 Apr 2024 01:13:57 INFO  Saving current: saved/LFM-1b_artist_20U50I_50strat/DGCF/DGCF-Apr-05-2024_21-31-56.pth
Sat 06 Apr 2024 01:15:21 INFO  epoch 126 training [time: 84.77s, train loss: 2.8237]
Sat 06 Apr 2024 01:15:41 INFO  epoch 126 evaluating [time: 19.70s, valid_score: 0.075700]
Sat 06 Apr 2024 01:15:41 INFO  valid result: 
recall@10 : 0.1253    mrr@10 : 0.0757    ndcg@10 : 0.0722    hit@10 : 0.2095    precision@10 : 0.023
Sat 06 Apr 2024 01:15:42 INFO  Saving current: saved/LFM-1b_artist_20U50I_50strat/DGCF/DGCF-Apr-05-2024_21-31-56.pth
Sat 06 Apr 2024 01:17:07 INFO  epoch 127 training [time: 84.73s, train loss: 2.7153]
Sat 06 Apr 2024 01:17:26 INFO  epoch 127 evaluating [time: 19.70s, valid_score: 0.075700]
Sat 06 Apr 2024 01:17:26 INFO  valid result: 
recall@10 : 0.1251    mrr@10 : 0.0757    ndcg@10 : 0.0722    hit@10 : 0.2095    precision@10 : 0.023
Sat 06 Apr 2024 01:17:27 INFO  Saving current: saved/LFM-1b_artist_20U50I_50strat/DGCF/DGCF-Apr-05-2024_21-31-56.pth
Sat 06 Apr 2024 01:18:52 INFO  epoch 128 training [time: 84.73s, train loss: 2.7380]
Sat 06 Apr 2024 01:19:12 INFO  epoch 128 evaluating [time: 19.69s, valid_score: 0.075900]
Sat 06 Apr 2024 01:19:12 INFO  valid result: 
recall@10 : 0.1259    mrr@10 : 0.0759    ndcg@10 : 0.0725    hit@10 : 0.2119    precision@10 : 0.0233
Sat 06 Apr 2024 01:19:12 INFO  Saving current: saved/LFM-1b_artist_20U50I_50strat/DGCF/DGCF-Apr-05-2024_21-31-56.pth
Sat 06 Apr 2024 01:20:37 INFO  epoch 129 training [time: 84.52s, train loss: 2.6471]
Sat 06 Apr 2024 01:20:56 INFO  epoch 129 evaluating [time: 19.72s, valid_score: 0.075700]
Sat 06 Apr 2024 01:20:56 INFO  valid result: 
recall@10 : 0.1253    mrr@10 : 0.0757    ndcg@10 : 0.0722    hit@10 : 0.2108    precision@10 : 0.0232
Sat 06 Apr 2024 01:22:21 INFO  epoch 130 training [time: 84.91s, train loss: 2.6447]
Sat 06 Apr 2024 01:22:41 INFO  epoch 130 evaluating [time: 19.70s, valid_score: 0.076000]
Sat 06 Apr 2024 01:22:41 INFO  valid result: 
recall@10 : 0.1255    mrr@10 : 0.076    ndcg@10 : 0.0724    hit@10 : 0.2107    precision@10 : 0.0232
Sat 06 Apr 2024 01:22:42 INFO  Saving current: saved/LFM-1b_artist_20U50I_50strat/DGCF/DGCF-Apr-05-2024_21-31-56.pth
Sat 06 Apr 2024 01:24:07 INFO  epoch 131 training [time: 85.26s, train loss: 2.6147]
Sat 06 Apr 2024 01:24:27 INFO  epoch 131 evaluating [time: 19.68s, valid_score: 0.075500]
Sat 06 Apr 2024 01:24:27 INFO  valid result: 
recall@10 : 0.1257    mrr@10 : 0.0755    ndcg@10 : 0.0723    hit@10 : 0.2115    precision@10 : 0.0233
Sat 06 Apr 2024 01:25:52 INFO  epoch 132 training [time: 84.90s, train loss: 2.6051]
Sat 06 Apr 2024 01:26:11 INFO  epoch 132 evaluating [time: 19.71s, valid_score: 0.075700]
Sat 06 Apr 2024 01:26:11 INFO  valid result: 
recall@10 : 0.1256    mrr@10 : 0.0757    ndcg@10 : 0.0724    hit@10 : 0.2116    precision@10 : 0.0233
Sat 06 Apr 2024 01:27:36 INFO  epoch 133 training [time: 84.76s, train loss: 2.6178]
Sat 06 Apr 2024 01:27:56 INFO  epoch 133 evaluating [time: 19.76s, valid_score: 0.075500]
Sat 06 Apr 2024 01:27:56 INFO  valid result: 
recall@10 : 0.1267    mrr@10 : 0.0755    ndcg@10 : 0.0726    hit@10 : 0.2126    precision@10 : 0.0234
Sat 06 Apr 2024 01:29:21 INFO  epoch 134 training [time: 84.89s, train loss: 2.5045]
Sat 06 Apr 2024 01:29:41 INFO  epoch 134 evaluating [time: 19.77s, valid_score: 0.076000]
Sat 06 Apr 2024 01:29:41 INFO  valid result: 
recall@10 : 0.1265    mrr@10 : 0.076    ndcg@10 : 0.0728    hit@10 : 0.2126    precision@10 : 0.0234
Sat 06 Apr 2024 01:29:42 INFO  Saving current: saved/LFM-1b_artist_20U50I_50strat/DGCF/DGCF-Apr-05-2024_21-31-56.pth
Sat 06 Apr 2024 01:31:07 INFO  epoch 135 training [time: 84.80s, train loss: 2.5768]
Sat 06 Apr 2024 01:31:26 INFO  epoch 135 evaluating [time: 19.72s, valid_score: 0.075900]
Sat 06 Apr 2024 01:31:26 INFO  valid result: 
recall@10 : 0.1264    mrr@10 : 0.0759    ndcg@10 : 0.0727    hit@10 : 0.212    precision@10 : 0.0233
Sat 06 Apr 2024 01:32:51 INFO  epoch 136 training [time: 84.85s, train loss: 2.5761]
Sat 06 Apr 2024 01:33:11 INFO  epoch 136 evaluating [time: 19.80s, valid_score: 0.076100]
Sat 06 Apr 2024 01:33:11 INFO  valid result: 
recall@10 : 0.1269    mrr@10 : 0.0761    ndcg@10 : 0.0729    hit@10 : 0.212    precision@10 : 0.0233
Sat 06 Apr 2024 01:33:12 INFO  Saving current: saved/LFM-1b_artist_20U50I_50strat/DGCF/DGCF-Apr-05-2024_21-31-56.pth
Sat 06 Apr 2024 01:34:37 INFO  epoch 137 training [time: 85.18s, train loss: 2.4764]
Sat 06 Apr 2024 01:34:56 INFO  epoch 137 evaluating [time: 19.38s, valid_score: 0.075800]
Sat 06 Apr 2024 01:34:56 INFO  valid result: 
recall@10 : 0.1269    mrr@10 : 0.0758    ndcg@10 : 0.0728    hit@10 : 0.2123    precision@10 : 0.0233
Sat 06 Apr 2024 01:36:21 INFO  epoch 138 training [time: 84.69s, train loss: 2.4864]
Sat 06 Apr 2024 01:36:40 INFO  epoch 138 evaluating [time: 19.43s, valid_score: 0.075700]
Sat 06 Apr 2024 01:36:40 INFO  valid result: 
recall@10 : 0.1271    mrr@10 : 0.0757    ndcg@10 : 0.0728    hit@10 : 0.2128    precision@10 : 0.0233
Sat 06 Apr 2024 01:38:05 INFO  epoch 139 training [time: 84.79s, train loss: 2.4036]
Sat 06 Apr 2024 01:38:25 INFO  epoch 139 evaluating [time: 19.51s, valid_score: 0.075900]
Sat 06 Apr 2024 01:38:25 INFO  valid result: 
recall@10 : 0.1283    mrr@10 : 0.0759    ndcg@10 : 0.0732    hit@10 : 0.214    precision@10 : 0.0234
Sat 06 Apr 2024 01:39:50 INFO  epoch 140 training [time: 84.92s, train loss: 2.4026]
Sat 06 Apr 2024 01:40:09 INFO  epoch 140 evaluating [time: 19.65s, valid_score: 0.075900]
Sat 06 Apr 2024 01:40:09 INFO  valid result: 
recall@10 : 0.1282    mrr@10 : 0.0759    ndcg@10 : 0.0732    hit@10 : 0.2132    precision@10 : 0.0234
Sat 06 Apr 2024 01:41:34 INFO  epoch 141 training [time: 84.81s, train loss: 2.3453]
Sat 06 Apr 2024 01:41:54 INFO  epoch 141 evaluating [time: 19.55s, valid_score: 0.076000]
Sat 06 Apr 2024 01:41:54 INFO  valid result: 
recall@10 : 0.1284    mrr@10 : 0.076    ndcg@10 : 0.0734    hit@10 : 0.2131    precision@10 : 0.0234
Sat 06 Apr 2024 01:43:18 INFO  epoch 142 training [time: 84.74s, train loss: 2.3800]
Sat 06 Apr 2024 01:43:38 INFO  epoch 142 evaluating [time: 19.57s, valid_score: 0.075700]
Sat 06 Apr 2024 01:43:38 INFO  valid result: 
recall@10 : 0.1278    mrr@10 : 0.0757    ndcg@10 : 0.0731    hit@10 : 0.2126    precision@10 : 0.0234
Sat 06 Apr 2024 01:45:03 INFO  epoch 143 training [time: 84.77s, train loss: 2.3273]
Sat 06 Apr 2024 01:45:22 INFO  epoch 143 evaluating [time: 19.57s, valid_score: 0.076200]
Sat 06 Apr 2024 01:45:22 INFO  valid result: 
recall@10 : 0.1281    mrr@10 : 0.0762    ndcg@10 : 0.0734    hit@10 : 0.2134    precision@10 : 0.0234
Sat 06 Apr 2024 01:45:23 INFO  Saving current: saved/LFM-1b_artist_20U50I_50strat/DGCF/DGCF-Apr-05-2024_21-31-56.pth
Sat 06 Apr 2024 01:46:47 INFO  epoch 144 training [time: 84.50s, train loss: 2.2904]
Sat 06 Apr 2024 01:47:07 INFO  epoch 144 evaluating [time: 19.59s, valid_score: 0.076200]
Sat 06 Apr 2024 01:47:07 INFO  valid result: 
recall@10 : 0.1275    mrr@10 : 0.0762    ndcg@10 : 0.0735    hit@10 : 0.2122    precision@10 : 0.0233
Sat 06 Apr 2024 01:47:08 INFO  Saving current: saved/LFM-1b_artist_20U50I_50strat/DGCF/DGCF-Apr-05-2024_21-31-56.pth
Sat 06 Apr 2024 01:48:32 INFO  epoch 145 training [time: 84.67s, train loss: 2.3671]
Sat 06 Apr 2024 01:48:52 INFO  epoch 145 evaluating [time: 19.62s, valid_score: 0.076000]
Sat 06 Apr 2024 01:48:52 INFO  valid result: 
recall@10 : 0.1279    mrr@10 : 0.076    ndcg@10 : 0.0735    hit@10 : 0.2128    precision@10 : 0.0234
Sat 06 Apr 2024 01:50:17 INFO  epoch 146 training [time: 84.57s, train loss: 2.3480]
Sat 06 Apr 2024 01:50:36 INFO  epoch 146 evaluating [time: 19.63s, valid_score: 0.076200]
Sat 06 Apr 2024 01:50:36 INFO  valid result: 
recall@10 : 0.1278    mrr@10 : 0.0762    ndcg@10 : 0.0736    hit@10 : 0.2127    precision@10 : 0.0234
Sat 06 Apr 2024 01:50:37 INFO  Saving current: saved/LFM-1b_artist_20U50I_50strat/DGCF/DGCF-Apr-05-2024_21-31-56.pth
Sat 06 Apr 2024 01:52:02 INFO  epoch 147 training [time: 84.85s, train loss: 2.2609]
Sat 06 Apr 2024 01:52:21 INFO  epoch 147 evaluating [time: 19.53s, valid_score: 0.076000]
Sat 06 Apr 2024 01:52:21 INFO  valid result: 
recall@10 : 0.1277    mrr@10 : 0.076    ndcg@10 : 0.0735    hit@10 : 0.2123    precision@10 : 0.0233
Sat 06 Apr 2024 01:53:46 INFO  epoch 148 training [time: 84.84s, train loss: 2.2457]
Sat 06 Apr 2024 01:54:06 INFO  epoch 148 evaluating [time: 19.57s, valid_score: 0.076100]
Sat 06 Apr 2024 01:54:06 INFO  valid result: 
recall@10 : 0.127    mrr@10 : 0.0761    ndcg@10 : 0.0734    hit@10 : 0.2117    precision@10 : 0.0232
Sat 06 Apr 2024 01:55:31 INFO  epoch 149 training [time: 84.90s, train loss: 2.2465]
Sat 06 Apr 2024 01:55:50 INFO  epoch 149 evaluating [time: 19.64s, valid_score: 0.076200]
Sat 06 Apr 2024 01:55:50 INFO  valid result: 
recall@10 : 0.1281    mrr@10 : 0.0762    ndcg@10 : 0.0738    hit@10 : 0.2133    precision@10 : 0.0234
Sat 06 Apr 2024 01:55:51 INFO  Saving current: saved/LFM-1b_artist_20U50I_50strat/DGCF/DGCF-Apr-05-2024_21-31-56.pth
Sat 06 Apr 2024 01:57:15 INFO  epoch 150 training [time: 84.56s, train loss: 2.2222]
Sat 06 Apr 2024 01:57:35 INFO  epoch 150 evaluating [time: 19.62s, valid_score: 0.075800]
Sat 06 Apr 2024 01:57:35 INFO  valid result: 
recall@10 : 0.1278    mrr@10 : 0.0758    ndcg@10 : 0.0734    hit@10 : 0.2129    precision@10 : 0.0233
Sat 06 Apr 2024 01:59:00 INFO  epoch 151 training [time: 84.76s, train loss: 2.1851]
Sat 06 Apr 2024 01:59:19 INFO  epoch 151 evaluating [time: 19.63s, valid_score: 0.075800]
Sat 06 Apr 2024 01:59:19 INFO  valid result: 
recall@10 : 0.127    mrr@10 : 0.0758    ndcg@10 : 0.0733    hit@10 : 0.2119    precision@10 : 0.0233
Sat 06 Apr 2024 02:00:44 INFO  epoch 152 training [time: 84.68s, train loss: 2.1859]
Sat 06 Apr 2024 02:01:04 INFO  epoch 152 evaluating [time: 19.63s, valid_score: 0.075800]
Sat 06 Apr 2024 02:01:04 INFO  valid result: 
recall@10 : 0.1269    mrr@10 : 0.0758    ndcg@10 : 0.0733    hit@10 : 0.2116    precision@10 : 0.0233
Sat 06 Apr 2024 02:02:29 INFO  epoch 153 training [time: 84.97s, train loss: 2.1509]
Sat 06 Apr 2024 02:02:48 INFO  epoch 153 evaluating [time: 19.58s, valid_score: 0.076100]
Sat 06 Apr 2024 02:02:48 INFO  valid result: 
recall@10 : 0.1274    mrr@10 : 0.0761    ndcg@10 : 0.0735    hit@10 : 0.2124    precision@10 : 0.0233
Sat 06 Apr 2024 02:04:13 INFO  epoch 154 training [time: 84.82s, train loss: 2.1485]
Sat 06 Apr 2024 02:04:33 INFO  epoch 154 evaluating [time: 19.61s, valid_score: 0.076800]
Sat 06 Apr 2024 02:04:33 INFO  valid result: 
recall@10 : 0.1277    mrr@10 : 0.0768    ndcg@10 : 0.0739    hit@10 : 0.212    precision@10 : 0.0233
Sat 06 Apr 2024 02:04:33 INFO  Saving current: saved/LFM-1b_artist_20U50I_50strat/DGCF/DGCF-Apr-05-2024_21-31-56.pth
Sat 06 Apr 2024 02:05:58 INFO  epoch 155 training [time: 84.64s, train loss: 2.0687]
Sat 06 Apr 2024 02:06:18 INFO  epoch 155 evaluating [time: 19.59s, valid_score: 0.076300]
Sat 06 Apr 2024 02:06:18 INFO  valid result: 
recall@10 : 0.1281    mrr@10 : 0.0763    ndcg@10 : 0.0738    hit@10 : 0.2126    precision@10 : 0.0234
Sat 06 Apr 2024 02:07:42 INFO  epoch 156 training [time: 84.87s, train loss: 2.1384]
Sat 06 Apr 2024 02:08:02 INFO  epoch 156 evaluating [time: 19.67s, valid_score: 0.076700]
Sat 06 Apr 2024 02:08:02 INFO  valid result: 
recall@10 : 0.1276    mrr@10 : 0.0767    ndcg@10 : 0.0738    hit@10 : 0.2123    precision@10 : 0.0234
Sat 06 Apr 2024 02:09:27 INFO  epoch 157 training [time: 84.87s, train loss: 2.1140]
Sat 06 Apr 2024 02:09:47 INFO  epoch 157 evaluating [time: 19.68s, valid_score: 0.076400]
Sat 06 Apr 2024 02:09:47 INFO  valid result: 
recall@10 : 0.1276    mrr@10 : 0.0764    ndcg@10 : 0.0737    hit@10 : 0.2117    precision@10 : 0.0233
Sat 06 Apr 2024 02:11:11 INFO  epoch 158 training [time: 84.76s, train loss: 2.0934]
Sat 06 Apr 2024 02:11:31 INFO  epoch 158 evaluating [time: 19.65s, valid_score: 0.076300]
Sat 06 Apr 2024 02:11:31 INFO  valid result: 
recall@10 : 0.1279    mrr@10 : 0.0763    ndcg@10 : 0.0736    hit@10 : 0.2114    precision@10 : 0.0233
Sat 06 Apr 2024 02:12:56 INFO  epoch 159 training [time: 84.96s, train loss: 2.1015]
Sat 06 Apr 2024 02:13:16 INFO  epoch 159 evaluating [time: 19.65s, valid_score: 0.076200]
Sat 06 Apr 2024 02:13:16 INFO  valid result: 
recall@10 : 0.1287    mrr@10 : 0.0762    ndcg@10 : 0.0737    hit@10 : 0.2126    precision@10 : 0.0234
Sat 06 Apr 2024 02:14:40 INFO  epoch 160 training [time: 84.66s, train loss: 2.0682]
Sat 06 Apr 2024 02:15:00 INFO  epoch 160 evaluating [time: 19.63s, valid_score: 0.076600]
Sat 06 Apr 2024 02:15:00 INFO  valid result: 
recall@10 : 0.128    mrr@10 : 0.0766    ndcg@10 : 0.0738    hit@10 : 0.2126    precision@10 : 0.0234
Sat 06 Apr 2024 02:16:25 INFO  epoch 161 training [time: 84.83s, train loss: 2.0881]
Sat 06 Apr 2024 02:16:44 INFO  epoch 161 evaluating [time: 19.67s, valid_score: 0.076300]
Sat 06 Apr 2024 02:16:44 INFO  valid result: 
recall@10 : 0.1287    mrr@10 : 0.0763    ndcg@10 : 0.0738    hit@10 : 0.2133    precision@10 : 0.0234
Sat 06 Apr 2024 02:18:09 INFO  epoch 162 training [time: 84.87s, train loss: 2.0714]
Sat 06 Apr 2024 02:18:29 INFO  epoch 162 evaluating [time: 19.64s, valid_score: 0.076700]
Sat 06 Apr 2024 02:18:29 INFO  valid result: 
recall@10 : 0.1278    mrr@10 : 0.0767    ndcg@10 : 0.0737    hit@10 : 0.212    precision@10 : 0.0233
Sat 06 Apr 2024 02:19:54 INFO  epoch 163 training [time: 84.89s, train loss: 2.0238]
Sat 06 Apr 2024 02:20:14 INFO  epoch 163 evaluating [time: 19.81s, valid_score: 0.076500]
Sat 06 Apr 2024 02:20:14 INFO  valid result: 
recall@10 : 0.1278    mrr@10 : 0.0765    ndcg@10 : 0.0736    hit@10 : 0.2118    precision@10 : 0.0232
Sat 06 Apr 2024 02:21:39 INFO  epoch 164 training [time: 85.06s, train loss: 2.1116]
Sat 06 Apr 2024 02:21:58 INFO  epoch 164 evaluating [time: 19.72s, valid_score: 0.076500]
Sat 06 Apr 2024 02:21:58 INFO  valid result: 
recall@10 : 0.128    mrr@10 : 0.0765    ndcg@10 : 0.0737    hit@10 : 0.212    precision@10 : 0.0233
Sat 06 Apr 2024 02:23:24 INFO  epoch 165 training [time: 85.11s, train loss: 2.0227]
Sat 06 Apr 2024 02:23:43 INFO  epoch 165 evaluating [time: 19.73s, valid_score: 0.076500]
Sat 06 Apr 2024 02:23:43 INFO  valid result: 
recall@10 : 0.1287    mrr@10 : 0.0765    ndcg@10 : 0.0738    hit@10 : 0.2134    precision@10 : 0.0233
Sat 06 Apr 2024 02:23:43 INFO  Finished training, best eval result in epoch 154
Sat 06 Apr 2024 02:23:45 INFO  Loading model structure and parameters from saved/LFM-1b_artist_20U50I_50strat/DGCF/DGCF-Apr-05-2024_21-31-56.pth
Sat 06 Apr 2024 02:24:07 INFO  The running environment of this training is as follows:
+-------------+----------------+
| Environment |     Usage      |
+=============+================+
| CPU         |     1.00 %     |
+-------------+----------------+
| GPU         | 2.30 G/14.58 G |
+-------------+----------------+
| Memory      | 1.69 G/27.41 G |
+-------------+----------------+
Sat 06 Apr 2024 02:24:07 INFO  best valid : OrderedDict([('recall@10', 0.1277), ('mrr@10', 0.0768), ('ndcg@10', 0.0739), ('hit@10', 0.212), ('precision@10', 0.0233)])
Sat 06 Apr 2024 02:24:07 INFO  test result: OrderedDict([('recall@10', 0.1287), ('mrr@10', 0.0756), ('ndcg@10', 0.0743), ('hit@10', 0.2083), ('precision@10', 0.0226)])
Sat 06 Apr 2024 02:24:09 INFO  
General Hyper Parameters:
gpu_id = 0
use_gpu = True
seed = 2020
state = INFO
reproducibility = True
data_path = data/LFM-1b_artist_20U50I_50strat
checkpoint_dir = saved/LFM-1b_artist_20U50I_50strat/DGCF
show_progress = True
save_dataset = False
dataset_save_path = None
save_dataloaders = False
dataloaders_save_path = None
log_wandb = False

Training Hyper Parameters:
epochs = 200
train_batch_size = 2048
learner = adam
learning_rate = 0.001
train_neg_sample_args = {'distribution': 'uniform', 'sample_num': 1, 'dynamic': False, 'candidate_num': 0, 'alpha': 1.0}
eval_step = 1
stopping_step = 10
clip_grad_norm = None
weight_decay = 0.0
loss_decimal_place = 4

Evaluation Hyper Parameters:
eval_args = {'split': {'RS': [0.8, 0.1, 0.1]}, 'order': 'RO', 'group_by': 'user', 'mode': {'valid': 'full', 'test': 'full'}}
repeatable = False
metrics = ['Recall', 'MRR', 'NDCG', 'Hit', 'Precision']
topk = [10]
valid_metric = MRR@10
valid_metric_bigger = True
eval_batch_size = 4096
metric_decimal_place = 4

Dataset Hyper Parameters:
field_separator = 	
seq_separator =  
USER_ID_FIELD = user_id
ITEM_ID_FIELD = item_id
RATING_FIELD = rating
TIME_FIELD = timestamp
seq_len = None
LABEL_FIELD = label
threshold = None
NEG_PREFIX = neg_
load_col = {'inter': ['user_id', 'item_id']}
unload_col = None
unused_col = None
additional_feat_suffix = None
rm_dup_inter = None
val_interval = None
filter_inter_by_user_or_item = True
user_inter_num_interval = [0,inf)
item_inter_num_interval = [0,inf)
alias_of_user_id = None
alias_of_item_id = None
alias_of_entity_id = None
alias_of_relation_id = None
preload_weight = None
normalize_field = None
normalize_all = None
ITEM_LIST_LENGTH_FIELD = item_length
LIST_SUFFIX = _list
MAX_ITEM_LIST_LENGTH = 50
POSITION_FIELD = position_id
HEAD_ENTITY_ID_FIELD = head_id
TAIL_ENTITY_ID_FIELD = tail_id
RELATION_ID_FIELD = relation_id
ENTITY_ID_FIELD = entity_id
benchmark_filename = None

Other Hyper Parameters: 
worker = 0
wandb_project = recbole
shuffle = True
require_pow = False
enable_amp = False
enable_scaler = False
transform = None
embedding_size = 64
n_factors = 4
n_iterations = 2
n_layers = 1
reg_weight = 0.001
cor_weight = 0.01
numerical_features = []
discretization = None
kg_reverse_r = False
entity_kg_num_interval = [0,inf)
relation_kg_num_interval = [0,inf)
MODEL_TYPE = ModelType.GENERAL
encoding = utf-8
device = cuda
my_log_file = /mnt/batch/tasks/shared/LS_root/mounts/clusters/fontanagpu/code/sustainability-of-recsys/log/carbon_default.log
MODEL_INPUT_TYPE = InputType.PAIRWISE
eval_type = EvaluatorType.RANKING
single_spec = True
local_rank = 0
valid_neg_sample_args = {'distribution': 'uniform', 'sample_num': 'none'}
test_neg_sample_args = {'distribution': 'uniform', 'sample_num': 'none'}


Sat 06 Apr 2024 02:24:10 INFO  LFM-1b_artist_20U50I_50strat
The number of users: 19842
Average actions of users: 22.20755002268031
The number of items: 33654
Average actions of items: 13.093037767806733
The number of inters: 440620
The sparsity of the dataset: 99.93401547868501%
Remain Fields: ['user_id', 'item_id']
Sat 06 Apr 2024 02:24:12 INFO  [Training]: train_batch_size = [2048] train_neg_sample_args: [{'distribution': 'uniform', 'sample_num': 1, 'dynamic': False, 'candidate_num': 0, 'alpha': 1.0}]
Sat 06 Apr 2024 02:24:12 INFO  [Evaluation]: eval_batch_size = [4096] eval_args: [{'split': {'RS': [0.8, 0.1, 0.1]}, 'order': 'RO', 'group_by': 'user', 'mode': {'valid': 'full', 'test': 'full'}}]
Sat 06 Apr 2024 02:24:13 INFO  Loading model structure and parameters from saved/LFM-1b_artist_20U50I_50strat/DGCF/DGCF-Apr-05-2024_21-31-56.pth
