Sat 06 Apr 2024 06:13:43 INFO  ['src/default_tracker.py', '--dataset=LFM-1b_artist_20U50I_25strat', '--model=DGCF']
Sat 06 Apr 2024 06:13:43 INFO  
General Hyper Parameters:
gpu_id = 0
use_gpu = True
seed = 2020
state = INFO
reproducibility = True
data_path = data/LFM-1b_artist_20U50I_25strat
checkpoint_dir = saved/LFM-1b_artist_20U50I_25strat/DGCF
show_progress = True
save_dataset = False
dataset_save_path = None
save_dataloaders = False
dataloaders_save_path = None
log_wandb = False

Training Hyper Parameters:
epochs = 200
train_batch_size = 2048
learner = adam
learning_rate = 0.001
train_neg_sample_args = {'distribution': 'uniform', 'sample_num': 1, 'dynamic': False, 'candidate_num': 0, 'alpha': 1.0}
eval_step = 1
stopping_step = 10
clip_grad_norm = None
weight_decay = 0.0
loss_decimal_place = 4

Evaluation Hyper Parameters:
eval_args = {'split': {'RS': [0.8, 0.1, 0.1]}, 'order': 'RO', 'group_by': 'user', 'mode': {'valid': 'full', 'test': 'full'}}
repeatable = False
metrics = ['Recall', 'MRR', 'NDCG', 'Hit', 'Precision']
topk = [10]
valid_metric = MRR@10
valid_metric_bigger = True
eval_batch_size = 4096
metric_decimal_place = 4

Dataset Hyper Parameters:
field_separator = 	
seq_separator =  
USER_ID_FIELD = user_id
ITEM_ID_FIELD = item_id
RATING_FIELD = rating
TIME_FIELD = timestamp
seq_len = None
LABEL_FIELD = label
threshold = None
NEG_PREFIX = neg_
load_col = {'inter': ['user_id', 'item_id']}
unload_col = None
unused_col = None
additional_feat_suffix = None
rm_dup_inter = None
val_interval = None
filter_inter_by_user_or_item = True
user_inter_num_interval = [0,inf)
item_inter_num_interval = [0,inf)
alias_of_user_id = None
alias_of_item_id = None
alias_of_entity_id = None
alias_of_relation_id = None
preload_weight = None
normalize_field = None
normalize_all = None
ITEM_LIST_LENGTH_FIELD = item_length
LIST_SUFFIX = _list
MAX_ITEM_LIST_LENGTH = 50
POSITION_FIELD = position_id
HEAD_ENTITY_ID_FIELD = head_id
TAIL_ENTITY_ID_FIELD = tail_id
RELATION_ID_FIELD = relation_id
ENTITY_ID_FIELD = entity_id
benchmark_filename = None

Other Hyper Parameters: 
worker = 0
wandb_project = recbole
shuffle = True
require_pow = False
enable_amp = False
enable_scaler = False
transform = None
embedding_size = 64
n_factors = 4
n_iterations = 2
n_layers = 1
reg_weight = 0.001
cor_weight = 0.01
numerical_features = []
discretization = None
kg_reverse_r = False
entity_kg_num_interval = [0,inf)
relation_kg_num_interval = [0,inf)
MODEL_TYPE = ModelType.GENERAL
encoding = utf-8
device = cuda
my_log_file = /mnt/batch/tasks/shared/LS_root/mounts/clusters/fontanagpu/code/sustainability-of-recsys/log/carbon_default.log
MODEL_INPUT_TYPE = InputType.PAIRWISE
eval_type = EvaluatorType.RANKING
single_spec = True
local_rank = 0
valid_neg_sample_args = {'distribution': 'uniform', 'sample_num': 'none'}
test_neg_sample_args = {'distribution': 'uniform', 'sample_num': 'none'}


Sat 06 Apr 2024 06:13:45 INFO  LFM-1b_artist_20U50I_25strat
The number of users: 19842
Average actions of users: 11.01038254120256
The number of items: 24879
Average actions of items: 8.781131923788086
The number of inters: 218457
The sparsity of the dataset: 99.95574650251882%
Remain Fields: ['user_id', 'item_id']
Sat 06 Apr 2024 06:13:46 INFO  [Training]: train_batch_size = [2048] train_neg_sample_args: [{'distribution': 'uniform', 'sample_num': 1, 'dynamic': False, 'candidate_num': 0, 'alpha': 1.0}]
Sat 06 Apr 2024 06:13:46 INFO  [Evaluation]: eval_batch_size = [4096] eval_args: [{'split': {'RS': [0.8, 0.1, 0.1]}, 'order': 'RO', 'group_by': 'user', 'mode': {'valid': 'full', 'test': 'full'}}]
Sat 06 Apr 2024 06:13:47 INFO  DGCF(
  (user_embedding): Embedding(19842, 64)
  (item_embedding): Embedding(24879, 64)
  (softmax): Softmax(dim=1)
  (mf_loss): BPRLoss()
  (reg_loss): EmbLoss()
)
Trainable parameters: 2862144
Sat 06 Apr 2024 06:13:57 INFO  FLOPs: 7609492.0
Sat 06 Apr 2024 06:14:51 INFO  epoch 0 training [time: 22.86s, train loss: 58.1130]
Sat 06 Apr 2024 06:15:09 INFO  epoch 0 evaluating [time: 18.21s, valid_score: 0.033900]
Sat 06 Apr 2024 06:15:09 INFO  valid result: 
recall@10 : 0.0785    mrr@10 : 0.0339    ndcg@10 : 0.0412    hit@10 : 0.0958    precision@10 : 0.0097
Sat 06 Apr 2024 06:15:10 INFO  Saving current: saved/LFM-1b_artist_20U50I_25strat/DGCF/DGCF-Apr-06-2024_06-13-58.pth
Sat 06 Apr 2024 06:15:30 INFO  epoch 1 training [time: 20.72s, train loss: 44.7258]
Sat 06 Apr 2024 06:15:48 INFO  epoch 1 evaluating [time: 17.43s, valid_score: 0.033800]
Sat 06 Apr 2024 06:15:48 INFO  valid result: 
recall@10 : 0.0783    mrr@10 : 0.0338    ndcg@10 : 0.0411    hit@10 : 0.0955    precision@10 : 0.0097
Sat 06 Apr 2024 06:16:09 INFO  epoch 2 training [time: 20.90s, train loss: 30.3122]
Sat 06 Apr 2024 06:16:26 INFO  epoch 2 evaluating [time: 17.47s, valid_score: 0.033800]
Sat 06 Apr 2024 06:16:26 INFO  valid result: 
recall@10 : 0.0779    mrr@10 : 0.0338    ndcg@10 : 0.041    hit@10 : 0.0951    precision@10 : 0.0096
Sat 06 Apr 2024 06:16:47 INFO  epoch 3 training [time: 20.90s, train loss: 25.2683]
Sat 06 Apr 2024 06:17:04 INFO  epoch 3 evaluating [time: 17.47s, valid_score: 0.033900]
Sat 06 Apr 2024 06:17:04 INFO  valid result: 
recall@10 : 0.0784    mrr@10 : 0.0339    ndcg@10 : 0.0411    hit@10 : 0.0957    precision@10 : 0.0097
Sat 06 Apr 2024 06:17:05 INFO  Saving current: saved/LFM-1b_artist_20U50I_25strat/DGCF/DGCF-Apr-06-2024_06-13-58.pth
Sat 06 Apr 2024 06:17:26 INFO  epoch 4 training [time: 20.83s, train loss: 23.1003]
Sat 06 Apr 2024 06:17:44 INFO  epoch 4 evaluating [time: 17.52s, valid_score: 0.033800]
Sat 06 Apr 2024 06:17:44 INFO  valid result: 
recall@10 : 0.0782    mrr@10 : 0.0338    ndcg@10 : 0.041    hit@10 : 0.0955    precision@10 : 0.0097
Sat 06 Apr 2024 06:18:04 INFO  epoch 5 training [time: 20.93s, train loss: 22.1038]
Sat 06 Apr 2024 06:18:22 INFO  epoch 5 evaluating [time: 17.53s, valid_score: 0.033800]
Sat 06 Apr 2024 06:18:22 INFO  valid result: 
recall@10 : 0.0779    mrr@10 : 0.0338    ndcg@10 : 0.041    hit@10 : 0.0952    precision@10 : 0.0096
Sat 06 Apr 2024 06:18:43 INFO  epoch 6 training [time: 20.94s, train loss: 21.3589]
Sat 06 Apr 2024 06:19:00 INFO  epoch 6 evaluating [time: 17.57s, valid_score: 0.033800]
Sat 06 Apr 2024 06:19:00 INFO  valid result: 
recall@10 : 0.0777    mrr@10 : 0.0338    ndcg@10 : 0.0409    hit@10 : 0.0952    precision@10 : 0.0096
Sat 06 Apr 2024 06:19:21 INFO  epoch 7 training [time: 20.94s, train loss: 20.9736]
Sat 06 Apr 2024 06:19:39 INFO  epoch 7 evaluating [time: 17.57s, valid_score: 0.033800]
Sat 06 Apr 2024 06:19:39 INFO  valid result: 
recall@10 : 0.0776    mrr@10 : 0.0338    ndcg@10 : 0.0409    hit@10 : 0.0948    precision@10 : 0.0096
Sat 06 Apr 2024 06:20:00 INFO  epoch 8 training [time: 21.00s, train loss: 20.1623]
Sat 06 Apr 2024 06:20:18 INFO  epoch 8 evaluating [time: 17.60s, valid_score: 0.033900]
Sat 06 Apr 2024 06:20:18 INFO  valid result: 
recall@10 : 0.0784    mrr@10 : 0.0339    ndcg@10 : 0.0411    hit@10 : 0.0957    precision@10 : 0.0097
Sat 06 Apr 2024 06:20:18 INFO  Saving current: saved/LFM-1b_artist_20U50I_25strat/DGCF/DGCF-Apr-06-2024_06-13-58.pth
Sat 06 Apr 2024 06:20:39 INFO  epoch 9 training [time: 20.86s, train loss: 19.6972]
Sat 06 Apr 2024 06:20:57 INFO  epoch 9 evaluating [time: 17.60s, valid_score: 0.033900]
Sat 06 Apr 2024 06:20:57 INFO  valid result: 
recall@10 : 0.0784    mrr@10 : 0.0339    ndcg@10 : 0.0412    hit@10 : 0.0959    precision@10 : 0.0097
Sat 06 Apr 2024 06:20:57 INFO  Saving current: saved/LFM-1b_artist_20U50I_25strat/DGCF/DGCF-Apr-06-2024_06-13-58.pth
Sat 06 Apr 2024 06:21:18 INFO  epoch 10 training [time: 20.90s, train loss: 19.2517]
Sat 06 Apr 2024 06:21:36 INFO  epoch 10 evaluating [time: 17.71s, valid_score: 0.033900]
Sat 06 Apr 2024 06:21:36 INFO  valid result: 
recall@10 : 0.0784    mrr@10 : 0.0339    ndcg@10 : 0.0411    hit@10 : 0.0959    precision@10 : 0.0097
Sat 06 Apr 2024 06:21:37 INFO  Saving current: saved/LFM-1b_artist_20U50I_25strat/DGCF/DGCF-Apr-06-2024_06-13-58.pth
Sat 06 Apr 2024 06:21:58 INFO  epoch 11 training [time: 20.93s, train loss: 18.9432]
Sat 06 Apr 2024 06:22:15 INFO  epoch 11 evaluating [time: 17.67s, valid_score: 0.033900]
Sat 06 Apr 2024 06:22:15 INFO  valid result: 
recall@10 : 0.0787    mrr@10 : 0.0339    ndcg@10 : 0.0412    hit@10 : 0.0962    precision@10 : 0.0097
Sat 06 Apr 2024 06:22:16 INFO  Saving current: saved/LFM-1b_artist_20U50I_25strat/DGCF/DGCF-Apr-06-2024_06-13-58.pth
Sat 06 Apr 2024 06:22:37 INFO  epoch 12 training [time: 20.86s, train loss: 18.3923]
Sat 06 Apr 2024 06:22:55 INFO  epoch 12 evaluating [time: 17.69s, valid_score: 0.034000]
Sat 06 Apr 2024 06:22:55 INFO  valid result: 
recall@10 : 0.0778    mrr@10 : 0.034    ndcg@10 : 0.041    hit@10 : 0.0952    precision@10 : 0.0096
Sat 06 Apr 2024 06:22:55 INFO  Saving current: saved/LFM-1b_artist_20U50I_25strat/DGCF/DGCF-Apr-06-2024_06-13-58.pth
Sat 06 Apr 2024 06:23:16 INFO  epoch 13 training [time: 20.84s, train loss: 17.9719]
Sat 06 Apr 2024 06:23:34 INFO  epoch 13 evaluating [time: 17.78s, valid_score: 0.033800]
Sat 06 Apr 2024 06:23:34 INFO  valid result: 
recall@10 : 0.0778    mrr@10 : 0.0338    ndcg@10 : 0.0409    hit@10 : 0.095    precision@10 : 0.0096
Sat 06 Apr 2024 06:23:55 INFO  epoch 14 training [time: 20.95s, train loss: 17.5248]
Sat 06 Apr 2024 06:24:13 INFO  epoch 14 evaluating [time: 17.75s, valid_score: 0.033900]
Sat 06 Apr 2024 06:24:13 INFO  valid result: 
recall@10 : 0.0783    mrr@10 : 0.0339    ndcg@10 : 0.0411    hit@10 : 0.0956    precision@10 : 0.0097
Sat 06 Apr 2024 06:24:34 INFO  epoch 15 training [time: 21.11s, train loss: 16.9859]
Sat 06 Apr 2024 06:24:51 INFO  epoch 15 evaluating [time: 17.74s, valid_score: 0.033900]
Sat 06 Apr 2024 06:24:51 INFO  valid result: 
recall@10 : 0.0786    mrr@10 : 0.0339    ndcg@10 : 0.0412    hit@10 : 0.0959    precision@10 : 0.0097
Sat 06 Apr 2024 06:25:12 INFO  epoch 16 training [time: 21.05s, train loss: 16.5270]
Sat 06 Apr 2024 06:25:30 INFO  epoch 16 evaluating [time: 17.73s, valid_score: 0.034000]
Sat 06 Apr 2024 06:25:30 INFO  valid result: 
recall@10 : 0.079    mrr@10 : 0.034    ndcg@10 : 0.0414    hit@10 : 0.0968    precision@10 : 0.0098
Sat 06 Apr 2024 06:25:31 INFO  Saving current: saved/LFM-1b_artist_20U50I_25strat/DGCF/DGCF-Apr-06-2024_06-13-58.pth
Sat 06 Apr 2024 06:25:52 INFO  epoch 17 training [time: 20.87s, train loss: 16.2051]
Sat 06 Apr 2024 06:26:10 INFO  epoch 17 evaluating [time: 17.77s, valid_score: 0.034000]
Sat 06 Apr 2024 06:26:10 INFO  valid result: 
recall@10 : 0.0789    mrr@10 : 0.034    ndcg@10 : 0.0414    hit@10 : 0.097    precision@10 : 0.0098
Sat 06 Apr 2024 06:26:10 INFO  Saving current: saved/LFM-1b_artist_20U50I_25strat/DGCF/DGCF-Apr-06-2024_06-13-58.pth
Sat 06 Apr 2024 06:26:31 INFO  epoch 18 training [time: 20.89s, train loss: 15.7141]
Sat 06 Apr 2024 06:26:49 INFO  epoch 18 evaluating [time: 17.70s, valid_score: 0.034200]
Sat 06 Apr 2024 06:26:49 INFO  valid result: 
recall@10 : 0.0799    mrr@10 : 0.0342    ndcg@10 : 0.0417    hit@10 : 0.0982    precision@10 : 0.0099
Sat 06 Apr 2024 06:26:50 INFO  Saving current: saved/LFM-1b_artist_20U50I_25strat/DGCF/DGCF-Apr-06-2024_06-13-58.pth
Sat 06 Apr 2024 06:27:11 INFO  epoch 19 training [time: 20.91s, train loss: 15.3318]
Sat 06 Apr 2024 06:27:28 INFO  epoch 19 evaluating [time: 17.67s, valid_score: 0.034100]
Sat 06 Apr 2024 06:27:28 INFO  valid result: 
recall@10 : 0.0793    mrr@10 : 0.0341    ndcg@10 : 0.0416    hit@10 : 0.0976    precision@10 : 0.0099
Sat 06 Apr 2024 06:27:49 INFO  epoch 20 training [time: 20.97s, train loss: 14.7900]
Sat 06 Apr 2024 06:28:07 INFO  epoch 20 evaluating [time: 17.66s, valid_score: 0.034300]
Sat 06 Apr 2024 06:28:07 INFO  valid result: 
recall@10 : 0.0804    mrr@10 : 0.0343    ndcg@10 : 0.0419    hit@10 : 0.0986    precision@10 : 0.01
Sat 06 Apr 2024 06:28:08 INFO  Saving current: saved/LFM-1b_artist_20U50I_25strat/DGCF/DGCF-Apr-06-2024_06-13-58.pth
Sat 06 Apr 2024 06:28:29 INFO  epoch 21 training [time: 20.93s, train loss: 14.3908]
Sat 06 Apr 2024 06:28:46 INFO  epoch 21 evaluating [time: 17.69s, valid_score: 0.034200]
Sat 06 Apr 2024 06:28:46 INFO  valid result: 
recall@10 : 0.0801    mrr@10 : 0.0342    ndcg@10 : 0.0418    hit@10 : 0.0985    precision@10 : 0.01
Sat 06 Apr 2024 06:29:07 INFO  epoch 22 training [time: 21.03s, train loss: 13.9832]
Sat 06 Apr 2024 06:29:25 INFO  epoch 22 evaluating [time: 17.71s, valid_score: 0.034300]
Sat 06 Apr 2024 06:29:25 INFO  valid result: 
recall@10 : 0.0807    mrr@10 : 0.0343    ndcg@10 : 0.042    hit@10 : 0.0987    precision@10 : 0.01
Sat 06 Apr 2024 06:29:26 INFO  Saving current: saved/LFM-1b_artist_20U50I_25strat/DGCF/DGCF-Apr-06-2024_06-13-58.pth
Sat 06 Apr 2024 06:29:47 INFO  epoch 23 training [time: 20.96s, train loss: 13.6095]
Sat 06 Apr 2024 06:30:04 INFO  epoch 23 evaluating [time: 17.88s, valid_score: 0.034200]
Sat 06 Apr 2024 06:30:04 INFO  valid result: 
recall@10 : 0.0809    mrr@10 : 0.0342    ndcg@10 : 0.042    hit@10 : 0.0991    precision@10 : 0.01
Sat 06 Apr 2024 06:30:25 INFO  epoch 24 training [time: 21.04s, train loss: 13.2956]
Sat 06 Apr 2024 06:30:43 INFO  epoch 24 evaluating [time: 17.75s, valid_score: 0.034400]
Sat 06 Apr 2024 06:30:43 INFO  valid result: 
recall@10 : 0.0808    mrr@10 : 0.0344    ndcg@10 : 0.0421    hit@10 : 0.099    precision@10 : 0.01
Sat 06 Apr 2024 06:30:44 INFO  Saving current: saved/LFM-1b_artist_20U50I_25strat/DGCF/DGCF-Apr-06-2024_06-13-58.pth
Sat 06 Apr 2024 06:31:05 INFO  epoch 25 training [time: 20.96s, train loss: 12.8179]
Sat 06 Apr 2024 06:31:23 INFO  epoch 25 evaluating [time: 17.72s, valid_score: 0.034300]
Sat 06 Apr 2024 06:31:23 INFO  valid result: 
recall@10 : 0.0808    mrr@10 : 0.0343    ndcg@10 : 0.042    hit@10 : 0.0991    precision@10 : 0.01
Sat 06 Apr 2024 06:31:44 INFO  epoch 26 training [time: 21.10s, train loss: 12.6533]
Sat 06 Apr 2024 06:32:02 INFO  epoch 26 evaluating [time: 17.76s, valid_score: 0.034300]
Sat 06 Apr 2024 06:32:02 INFO  valid result: 
recall@10 : 0.0806    mrr@10 : 0.0343    ndcg@10 : 0.042    hit@10 : 0.0985    precision@10 : 0.01
Sat 06 Apr 2024 06:32:23 INFO  epoch 27 training [time: 21.11s, train loss: 12.1203]
Sat 06 Apr 2024 06:32:40 INFO  epoch 27 evaluating [time: 17.79s, valid_score: 0.034700]
Sat 06 Apr 2024 06:32:40 INFO  valid result: 
recall@10 : 0.0815    mrr@10 : 0.0347    ndcg@10 : 0.0425    hit@10 : 0.0999    precision@10 : 0.0101
Sat 06 Apr 2024 06:32:41 INFO  Saving current: saved/LFM-1b_artist_20U50I_25strat/DGCF/DGCF-Apr-06-2024_06-13-58.pth
Sat 06 Apr 2024 06:33:02 INFO  epoch 28 training [time: 20.95s, train loss: 11.8729]
Sat 06 Apr 2024 06:33:20 INFO  epoch 28 evaluating [time: 17.79s, valid_score: 0.034700]
Sat 06 Apr 2024 06:33:20 INFO  valid result: 
recall@10 : 0.0812    mrr@10 : 0.0347    ndcg@10 : 0.0424    hit@10 : 0.0995    precision@10 : 0.0101
Sat 06 Apr 2024 06:33:20 INFO  Saving current: saved/LFM-1b_artist_20U50I_25strat/DGCF/DGCF-Apr-06-2024_06-13-58.pth
Sat 06 Apr 2024 06:33:41 INFO  epoch 29 training [time: 20.91s, train loss: 11.5419]
Sat 06 Apr 2024 06:33:59 INFO  epoch 29 evaluating [time: 17.78s, valid_score: 0.034700]
Sat 06 Apr 2024 06:33:59 INFO  valid result: 
recall@10 : 0.0812    mrr@10 : 0.0347    ndcg@10 : 0.0423    hit@10 : 0.0995    precision@10 : 0.0101
Sat 06 Apr 2024 06:34:00 INFO  Saving current: saved/LFM-1b_artist_20U50I_25strat/DGCF/DGCF-Apr-06-2024_06-13-58.pth
Sat 06 Apr 2024 06:34:20 INFO  epoch 30 training [time: 20.87s, train loss: 11.0903]
Sat 06 Apr 2024 06:34:38 INFO  epoch 30 evaluating [time: 17.61s, valid_score: 0.034800]
Sat 06 Apr 2024 06:34:38 INFO  valid result: 
recall@10 : 0.0817    mrr@10 : 0.0348    ndcg@10 : 0.0425    hit@10 : 0.1002    precision@10 : 0.0101
Sat 06 Apr 2024 06:34:39 INFO  Saving current: saved/LFM-1b_artist_20U50I_25strat/DGCF/DGCF-Apr-06-2024_06-13-58.pth
Sat 06 Apr 2024 06:34:59 INFO  epoch 31 training [time: 20.85s, train loss: 10.7580]
Sat 06 Apr 2024 06:35:17 INFO  epoch 31 evaluating [time: 17.60s, valid_score: 0.035000]
Sat 06 Apr 2024 06:35:17 INFO  valid result: 
recall@10 : 0.0821    mrr@10 : 0.035    ndcg@10 : 0.0428    hit@10 : 0.1006    precision@10 : 0.0102
Sat 06 Apr 2024 06:35:18 INFO  Saving current: saved/LFM-1b_artist_20U50I_25strat/DGCF/DGCF-Apr-06-2024_06-13-58.pth
Sat 06 Apr 2024 06:35:39 INFO  epoch 32 training [time: 20.90s, train loss: 10.3777]
Sat 06 Apr 2024 06:35:56 INFO  epoch 32 evaluating [time: 17.60s, valid_score: 0.035400]
Sat 06 Apr 2024 06:35:56 INFO  valid result: 
recall@10 : 0.0823    mrr@10 : 0.0354    ndcg@10 : 0.0431    hit@10 : 0.1008    precision@10 : 0.0102
Sat 06 Apr 2024 06:35:57 INFO  Saving current: saved/LFM-1b_artist_20U50I_25strat/DGCF/DGCF-Apr-06-2024_06-13-58.pth
Sat 06 Apr 2024 06:36:18 INFO  epoch 33 training [time: 20.85s, train loss: 10.2551]
Sat 06 Apr 2024 06:36:35 INFO  epoch 33 evaluating [time: 17.48s, valid_score: 0.035400]
Sat 06 Apr 2024 06:36:35 INFO  valid result: 
recall@10 : 0.0825    mrr@10 : 0.0354    ndcg@10 : 0.0431    hit@10 : 0.1012    precision@10 : 0.0103
Sat 06 Apr 2024 06:36:36 INFO  Saving current: saved/LFM-1b_artist_20U50I_25strat/DGCF/DGCF-Apr-06-2024_06-13-58.pth
Sat 06 Apr 2024 06:36:57 INFO  epoch 34 training [time: 20.91s, train loss: 9.9800]
Sat 06 Apr 2024 06:37:14 INFO  epoch 34 evaluating [time: 17.44s, valid_score: 0.035500]
Sat 06 Apr 2024 06:37:14 INFO  valid result: 
recall@10 : 0.0821    mrr@10 : 0.0355    ndcg@10 : 0.0431    hit@10 : 0.1009    precision@10 : 0.0102
Sat 06 Apr 2024 06:37:15 INFO  Saving current: saved/LFM-1b_artist_20U50I_25strat/DGCF/DGCF-Apr-06-2024_06-13-58.pth
Sat 06 Apr 2024 06:37:36 INFO  epoch 35 training [time: 20.85s, train loss: 9.5778]
Sat 06 Apr 2024 06:37:53 INFO  epoch 35 evaluating [time: 17.42s, valid_score: 0.035900]
Sat 06 Apr 2024 06:37:53 INFO  valid result: 
recall@10 : 0.0833    mrr@10 : 0.0359    ndcg@10 : 0.0437    hit@10 : 0.1023    precision@10 : 0.0104
Sat 06 Apr 2024 06:37:54 INFO  Saving current: saved/LFM-1b_artist_20U50I_25strat/DGCF/DGCF-Apr-06-2024_06-13-58.pth
Sat 06 Apr 2024 06:38:15 INFO  epoch 36 training [time: 20.83s, train loss: 9.3188]
Sat 06 Apr 2024 06:38:32 INFO  epoch 36 evaluating [time: 17.46s, valid_score: 0.036100]
Sat 06 Apr 2024 06:38:32 INFO  valid result: 
recall@10 : 0.0836    mrr@10 : 0.0361    ndcg@10 : 0.0439    hit@10 : 0.1024    precision@10 : 0.0104
Sat 06 Apr 2024 06:38:33 INFO  Saving current: saved/LFM-1b_artist_20U50I_25strat/DGCF/DGCF-Apr-06-2024_06-13-58.pth
Sat 06 Apr 2024 06:38:54 INFO  epoch 37 training [time: 20.84s, train loss: 9.0895]
Sat 06 Apr 2024 06:39:11 INFO  epoch 37 evaluating [time: 17.39s, valid_score: 0.036200]
Sat 06 Apr 2024 06:39:11 INFO  valid result: 
recall@10 : 0.0843    mrr@10 : 0.0362    ndcg@10 : 0.0441    hit@10 : 0.1029    precision@10 : 0.0104
Sat 06 Apr 2024 06:39:12 INFO  Saving current: saved/LFM-1b_artist_20U50I_25strat/DGCF/DGCF-Apr-06-2024_06-13-58.pth
Sat 06 Apr 2024 06:39:33 INFO  epoch 38 training [time: 20.89s, train loss: 8.9342]
Sat 06 Apr 2024 06:39:51 INFO  epoch 38 evaluating [time: 17.76s, valid_score: 0.036200]
Sat 06 Apr 2024 06:39:51 INFO  valid result: 
recall@10 : 0.0839    mrr@10 : 0.0362    ndcg@10 : 0.044    hit@10 : 0.1026    precision@10 : 0.0104
Sat 06 Apr 2024 06:39:51 INFO  Saving current: saved/LFM-1b_artist_20U50I_25strat/DGCF/DGCF-Apr-06-2024_06-13-58.pth
Sat 06 Apr 2024 06:40:12 INFO  epoch 39 training [time: 20.90s, train loss: 8.7333]
Sat 06 Apr 2024 06:40:30 INFO  epoch 39 evaluating [time: 17.75s, valid_score: 0.036300]
Sat 06 Apr 2024 06:40:30 INFO  valid result: 
recall@10 : 0.0843    mrr@10 : 0.0363    ndcg@10 : 0.0442    hit@10 : 0.103    precision@10 : 0.0104
Sat 06 Apr 2024 06:40:30 INFO  Saving current: saved/LFM-1b_artist_20U50I_25strat/DGCF/DGCF-Apr-06-2024_06-13-58.pth
Sat 06 Apr 2024 06:40:51 INFO  epoch 40 training [time: 20.96s, train loss: 8.3764]
Sat 06 Apr 2024 06:41:09 INFO  epoch 40 evaluating [time: 17.46s, valid_score: 0.036600]
Sat 06 Apr 2024 06:41:09 INFO  valid result: 
recall@10 : 0.0846    mrr@10 : 0.0366    ndcg@10 : 0.0444    hit@10 : 0.1031    precision@10 : 0.0104
Sat 06 Apr 2024 06:41:09 INFO  Saving current: saved/LFM-1b_artist_20U50I_25strat/DGCF/DGCF-Apr-06-2024_06-13-58.pth
Sat 06 Apr 2024 06:41:30 INFO  epoch 41 training [time: 20.88s, train loss: 8.1059]
Sat 06 Apr 2024 06:41:48 INFO  epoch 41 evaluating [time: 17.38s, valid_score: 0.036700]
Sat 06 Apr 2024 06:41:48 INFO  valid result: 
recall@10 : 0.0854    mrr@10 : 0.0367    ndcg@10 : 0.0446    hit@10 : 0.1041    precision@10 : 0.0106
Sat 06 Apr 2024 06:41:48 INFO  Saving current: saved/LFM-1b_artist_20U50I_25strat/DGCF/DGCF-Apr-06-2024_06-13-58.pth
Sat 06 Apr 2024 06:42:09 INFO  epoch 42 training [time: 20.93s, train loss: 7.9266]
Sat 06 Apr 2024 06:42:26 INFO  epoch 42 evaluating [time: 17.08s, valid_score: 0.036700]
Sat 06 Apr 2024 06:42:26 INFO  valid result: 
recall@10 : 0.0846    mrr@10 : 0.0367    ndcg@10 : 0.0445    hit@10 : 0.1032    precision@10 : 0.0105
Sat 06 Apr 2024 06:42:27 INFO  Saving current: saved/LFM-1b_artist_20U50I_25strat/DGCF/DGCF-Apr-06-2024_06-13-58.pth
Sat 06 Apr 2024 06:42:48 INFO  epoch 43 training [time: 20.88s, train loss: 7.7989]
Sat 06 Apr 2024 06:43:05 INFO  epoch 43 evaluating [time: 17.20s, valid_score: 0.036800]
Sat 06 Apr 2024 06:43:05 INFO  valid result: 
recall@10 : 0.0851    mrr@10 : 0.0368    ndcg@10 : 0.0446    hit@10 : 0.1034    precision@10 : 0.0105
Sat 06 Apr 2024 06:43:06 INFO  Saving current: saved/LFM-1b_artist_20U50I_25strat/DGCF/DGCF-Apr-06-2024_06-13-58.pth
Sat 06 Apr 2024 06:43:27 INFO  epoch 44 training [time: 21.00s, train loss: 7.4682]
Sat 06 Apr 2024 06:43:44 INFO  epoch 44 evaluating [time: 17.33s, valid_score: 0.036900]
Sat 06 Apr 2024 06:43:44 INFO  valid result: 
recall@10 : 0.0859    mrr@10 : 0.0369    ndcg@10 : 0.0449    hit@10 : 0.1045    precision@10 : 0.0106
Sat 06 Apr 2024 06:43:45 INFO  Saving current: saved/LFM-1b_artist_20U50I_25strat/DGCF/DGCF-Apr-06-2024_06-13-58.pth
Sat 06 Apr 2024 06:44:06 INFO  epoch 45 training [time: 20.96s, train loss: 7.4132]
Sat 06 Apr 2024 06:44:23 INFO  epoch 45 evaluating [time: 17.48s, valid_score: 0.036900]
Sat 06 Apr 2024 06:44:23 INFO  valid result: 
recall@10 : 0.0856    mrr@10 : 0.0369    ndcg@10 : 0.0449    hit@10 : 0.1043    precision@10 : 0.0106
Sat 06 Apr 2024 06:44:24 INFO  Saving current: saved/LFM-1b_artist_20U50I_25strat/DGCF/DGCF-Apr-06-2024_06-13-58.pth
Sat 06 Apr 2024 06:44:45 INFO  epoch 46 training [time: 20.90s, train loss: 7.1689]
Sat 06 Apr 2024 06:45:02 INFO  epoch 46 evaluating [time: 17.48s, valid_score: 0.037000]
Sat 06 Apr 2024 06:45:02 INFO  valid result: 
recall@10 : 0.0862    mrr@10 : 0.037    ndcg@10 : 0.0452    hit@10 : 0.1046    precision@10 : 0.0106
Sat 06 Apr 2024 06:45:03 INFO  Saving current: saved/LFM-1b_artist_20U50I_25strat/DGCF/DGCF-Apr-06-2024_06-13-58.pth
Sat 06 Apr 2024 06:45:24 INFO  epoch 47 training [time: 20.84s, train loss: 6.8798]
Sat 06 Apr 2024 06:45:42 INFO  epoch 47 evaluating [time: 17.37s, valid_score: 0.036900]
Sat 06 Apr 2024 06:45:42 INFO  valid result: 
recall@10 : 0.0867    mrr@10 : 0.0369    ndcg@10 : 0.0452    hit@10 : 0.1052    precision@10 : 0.0107
Sat 06 Apr 2024 06:46:03 INFO  epoch 48 training [time: 20.98s, train loss: 6.7602]
Sat 06 Apr 2024 06:46:20 INFO  epoch 48 evaluating [time: 17.35s, valid_score: 0.036900]
Sat 06 Apr 2024 06:46:20 INFO  valid result: 
recall@10 : 0.0867    mrr@10 : 0.0369    ndcg@10 : 0.0452    hit@10 : 0.1056    precision@10 : 0.0107
Sat 06 Apr 2024 06:46:41 INFO  epoch 49 training [time: 21.01s, train loss: 6.6442]
Sat 06 Apr 2024 06:46:58 INFO  epoch 49 evaluating [time: 17.37s, valid_score: 0.036900]
Sat 06 Apr 2024 06:46:58 INFO  valid result: 
recall@10 : 0.0866    mrr@10 : 0.0369    ndcg@10 : 0.0452    hit@10 : 0.1055    precision@10 : 0.0107
Sat 06 Apr 2024 06:47:19 INFO  epoch 50 training [time: 20.99s, train loss: 6.4663]
Sat 06 Apr 2024 06:47:37 INFO  epoch 50 evaluating [time: 17.40s, valid_score: 0.037400]
Sat 06 Apr 2024 06:47:37 INFO  valid result: 
recall@10 : 0.0875    mrr@10 : 0.0374    ndcg@10 : 0.0457    hit@10 : 0.1065    precision@10 : 0.0108
Sat 06 Apr 2024 06:47:38 INFO  Saving current: saved/LFM-1b_artist_20U50I_25strat/DGCF/DGCF-Apr-06-2024_06-13-58.pth
Sat 06 Apr 2024 06:47:58 INFO  epoch 51 training [time: 20.86s, train loss: 6.2217]
Sat 06 Apr 2024 06:48:16 INFO  epoch 51 evaluating [time: 17.32s, valid_score: 0.037400]
Sat 06 Apr 2024 06:48:16 INFO  valid result: 
recall@10 : 0.0875    mrr@10 : 0.0374    ndcg@10 : 0.0456    hit@10 : 0.1066    precision@10 : 0.0108
Sat 06 Apr 2024 06:48:16 INFO  Saving current: saved/LFM-1b_artist_20U50I_25strat/DGCF/DGCF-Apr-06-2024_06-13-58.pth
Sat 06 Apr 2024 06:48:37 INFO  epoch 52 training [time: 21.04s, train loss: 6.0902]
Sat 06 Apr 2024 06:48:55 INFO  epoch 52 evaluating [time: 17.42s, valid_score: 0.037100]
Sat 06 Apr 2024 06:48:55 INFO  valid result: 
recall@10 : 0.0873    mrr@10 : 0.0371    ndcg@10 : 0.0454    hit@10 : 0.1063    precision@10 : 0.0107
Sat 06 Apr 2024 06:49:16 INFO  epoch 53 training [time: 21.09s, train loss: 5.9998]
Sat 06 Apr 2024 06:49:33 INFO  epoch 53 evaluating [time: 17.46s, valid_score: 0.037300]
Sat 06 Apr 2024 06:49:33 INFO  valid result: 
recall@10 : 0.0878    mrr@10 : 0.0373    ndcg@10 : 0.0456    hit@10 : 0.1068    precision@10 : 0.0108
Sat 06 Apr 2024 06:49:55 INFO  epoch 54 training [time: 21.08s, train loss: 5.7883]
Sat 06 Apr 2024 06:50:12 INFO  epoch 54 evaluating [time: 17.59s, valid_score: 0.037400]
Sat 06 Apr 2024 06:50:12 INFO  valid result: 
recall@10 : 0.0872    mrr@10 : 0.0374    ndcg@10 : 0.0456    hit@10 : 0.1063    precision@10 : 0.0107
Sat 06 Apr 2024 06:50:13 INFO  Saving current: saved/LFM-1b_artist_20U50I_25strat/DGCF/DGCF-Apr-06-2024_06-13-58.pth
Sat 06 Apr 2024 06:50:34 INFO  epoch 55 training [time: 20.99s, train loss: 5.6879]
Sat 06 Apr 2024 06:50:51 INFO  epoch 55 evaluating [time: 17.42s, valid_score: 0.037600]
Sat 06 Apr 2024 06:50:51 INFO  valid result: 
recall@10 : 0.0875    mrr@10 : 0.0376    ndcg@10 : 0.0459    hit@10 : 0.1064    precision@10 : 0.0108
Sat 06 Apr 2024 06:50:52 INFO  Saving current: saved/LFM-1b_artist_20U50I_25strat/DGCF/DGCF-Apr-06-2024_06-13-58.pth
Sat 06 Apr 2024 06:51:13 INFO  epoch 56 training [time: 20.95s, train loss: 5.6115]
Sat 06 Apr 2024 06:51:30 INFO  epoch 56 evaluating [time: 17.49s, valid_score: 0.037700]
Sat 06 Apr 2024 06:51:30 INFO  valid result: 
recall@10 : 0.0877    mrr@10 : 0.0377    ndcg@10 : 0.0459    hit@10 : 0.1065    precision@10 : 0.0107
Sat 06 Apr 2024 06:51:31 INFO  Saving current: saved/LFM-1b_artist_20U50I_25strat/DGCF/DGCF-Apr-06-2024_06-13-58.pth
Sat 06 Apr 2024 06:51:52 INFO  epoch 57 training [time: 20.83s, train loss: 5.4108]
Sat 06 Apr 2024 06:52:09 INFO  epoch 57 evaluating [time: 17.56s, valid_score: 0.037400]
Sat 06 Apr 2024 06:52:09 INFO  valid result: 
recall@10 : 0.0878    mrr@10 : 0.0374    ndcg@10 : 0.0458    hit@10 : 0.1071    precision@10 : 0.0108
Sat 06 Apr 2024 06:52:30 INFO  epoch 58 training [time: 21.09s, train loss: 5.2692]
Sat 06 Apr 2024 06:52:48 INFO  epoch 58 evaluating [time: 17.52s, valid_score: 0.037800]
Sat 06 Apr 2024 06:52:48 INFO  valid result: 
recall@10 : 0.0881    mrr@10 : 0.0378    ndcg@10 : 0.0461    hit@10 : 0.1072    precision@10 : 0.0109
Sat 06 Apr 2024 06:52:48 INFO  Saving current: saved/LFM-1b_artist_20U50I_25strat/DGCF/DGCF-Apr-06-2024_06-13-58.pth
Sat 06 Apr 2024 06:53:09 INFO  epoch 59 training [time: 20.89s, train loss: 5.1385]
Sat 06 Apr 2024 06:53:27 INFO  epoch 59 evaluating [time: 17.51s, valid_score: 0.037700]
Sat 06 Apr 2024 06:53:27 INFO  valid result: 
recall@10 : 0.088    mrr@10 : 0.0377    ndcg@10 : 0.046    hit@10 : 0.1068    precision@10 : 0.0108
Sat 06 Apr 2024 06:53:48 INFO  epoch 60 training [time: 21.03s, train loss: 5.0378]
Sat 06 Apr 2024 06:54:05 INFO  epoch 60 evaluating [time: 17.40s, valid_score: 0.038100]
Sat 06 Apr 2024 06:54:05 INFO  valid result: 
recall@10 : 0.0882    mrr@10 : 0.0381    ndcg@10 : 0.0463    hit@10 : 0.1077    precision@10 : 0.0109
Sat 06 Apr 2024 06:54:06 INFO  Saving current: saved/LFM-1b_artist_20U50I_25strat/DGCF/DGCF-Apr-06-2024_06-13-58.pth
Sat 06 Apr 2024 06:54:27 INFO  epoch 61 training [time: 20.96s, train loss: 4.8851]
Sat 06 Apr 2024 06:54:44 INFO  epoch 61 evaluating [time: 17.55s, valid_score: 0.037900]
Sat 06 Apr 2024 06:54:44 INFO  valid result: 
recall@10 : 0.0881    mrr@10 : 0.0379    ndcg@10 : 0.0462    hit@10 : 0.1073    precision@10 : 0.0109
Sat 06 Apr 2024 06:55:05 INFO  epoch 62 training [time: 21.03s, train loss: 4.7905]
Sat 06 Apr 2024 06:55:23 INFO  epoch 62 evaluating [time: 17.41s, valid_score: 0.037800]
Sat 06 Apr 2024 06:55:23 INFO  valid result: 
recall@10 : 0.088    mrr@10 : 0.0378    ndcg@10 : 0.0461    hit@10 : 0.1074    precision@10 : 0.0109
Sat 06 Apr 2024 06:55:44 INFO  epoch 63 training [time: 21.05s, train loss: 4.6934]
Sat 06 Apr 2024 06:56:01 INFO  epoch 63 evaluating [time: 17.44s, valid_score: 0.037900]
Sat 06 Apr 2024 06:56:01 INFO  valid result: 
recall@10 : 0.0879    mrr@10 : 0.0379    ndcg@10 : 0.0462    hit@10 : 0.107    precision@10 : 0.0108
Sat 06 Apr 2024 06:56:22 INFO  epoch 64 training [time: 21.05s, train loss: 4.6375]
Sat 06 Apr 2024 06:56:40 INFO  epoch 64 evaluating [time: 17.46s, valid_score: 0.038100]
Sat 06 Apr 2024 06:56:40 INFO  valid result: 
recall@10 : 0.0892    mrr@10 : 0.0381    ndcg@10 : 0.0466    hit@10 : 0.1085    precision@10 : 0.011
Sat 06 Apr 2024 06:56:40 INFO  Saving current: saved/LFM-1b_artist_20U50I_25strat/DGCF/DGCF-Apr-06-2024_06-13-58.pth
Sat 06 Apr 2024 06:57:01 INFO  epoch 65 training [time: 20.88s, train loss: 4.4193]
Sat 06 Apr 2024 06:57:19 INFO  epoch 65 evaluating [time: 17.51s, valid_score: 0.038200]
Sat 06 Apr 2024 06:57:19 INFO  valid result: 
recall@10 : 0.0887    mrr@10 : 0.0382    ndcg@10 : 0.0466    hit@10 : 0.1083    precision@10 : 0.011
Sat 06 Apr 2024 06:57:19 INFO  Saving current: saved/LFM-1b_artist_20U50I_25strat/DGCF/DGCF-Apr-06-2024_06-13-58.pth
Sat 06 Apr 2024 06:57:40 INFO  epoch 66 training [time: 20.93s, train loss: 4.3879]
Sat 06 Apr 2024 06:57:58 INFO  epoch 66 evaluating [time: 17.54s, valid_score: 0.038000]
Sat 06 Apr 2024 06:57:58 INFO  valid result: 
recall@10 : 0.0886    mrr@10 : 0.038    ndcg@10 : 0.0464    hit@10 : 0.1081    precision@10 : 0.0109
Sat 06 Apr 2024 06:58:19 INFO  epoch 67 training [time: 21.04s, train loss: 4.3257]
Sat 06 Apr 2024 06:58:36 INFO  epoch 67 evaluating [time: 17.47s, valid_score: 0.038100]
Sat 06 Apr 2024 06:58:36 INFO  valid result: 
recall@10 : 0.089    mrr@10 : 0.0381    ndcg@10 : 0.0466    hit@10 : 0.1086    precision@10 : 0.011
Sat 06 Apr 2024 06:58:57 INFO  epoch 68 training [time: 20.99s, train loss: 4.1577]
Sat 06 Apr 2024 06:59:15 INFO  epoch 68 evaluating [time: 17.56s, valid_score: 0.038000]
Sat 06 Apr 2024 06:59:15 INFO  valid result: 
recall@10 : 0.0894    mrr@10 : 0.038    ndcg@10 : 0.0466    hit@10 : 0.1091    precision@10 : 0.0111
Sat 06 Apr 2024 06:59:36 INFO  epoch 69 training [time: 20.95s, train loss: 4.0965]
Sat 06 Apr 2024 06:59:55 INFO  epoch 69 evaluating [time: 19.12s, valid_score: 0.037900]
Sat 06 Apr 2024 06:59:55 INFO  valid result: 
recall@10 : 0.0885    mrr@10 : 0.0379    ndcg@10 : 0.0463    hit@10 : 0.1081    precision@10 : 0.0109
Sat 06 Apr 2024 07:00:16 INFO  epoch 70 training [time: 21.13s, train loss: 4.0135]
Sat 06 Apr 2024 07:00:34 INFO  epoch 70 evaluating [time: 17.56s, valid_score: 0.038100]
Sat 06 Apr 2024 07:00:34 INFO  valid result: 
recall@10 : 0.0889    mrr@10 : 0.0381    ndcg@10 : 0.0466    hit@10 : 0.1088    precision@10 : 0.011
Sat 06 Apr 2024 07:00:55 INFO  epoch 71 training [time: 21.05s, train loss: 3.9522]
Sat 06 Apr 2024 07:01:12 INFO  epoch 71 evaluating [time: 17.49s, valid_score: 0.038200]
Sat 06 Apr 2024 07:01:12 INFO  valid result: 
recall@10 : 0.0898    mrr@10 : 0.0382    ndcg@10 : 0.0468    hit@10 : 0.1094    precision@10 : 0.0111
Sat 06 Apr 2024 07:01:13 INFO  Saving current: saved/LFM-1b_artist_20U50I_25strat/DGCF/DGCF-Apr-06-2024_06-13-58.pth
Sat 06 Apr 2024 07:01:34 INFO  epoch 72 training [time: 20.95s, train loss: 3.7649]
Sat 06 Apr 2024 07:01:51 INFO  epoch 72 evaluating [time: 17.50s, valid_score: 0.038400]
Sat 06 Apr 2024 07:01:51 INFO  valid result: 
recall@10 : 0.0904    mrr@10 : 0.0384    ndcg@10 : 0.0471    hit@10 : 0.1103    precision@10 : 0.0112
Sat 06 Apr 2024 07:01:52 INFO  Saving current: saved/LFM-1b_artist_20U50I_25strat/DGCF/DGCF-Apr-06-2024_06-13-58.pth
Sat 06 Apr 2024 07:02:13 INFO  epoch 73 training [time: 21.09s, train loss: 3.7281]
Sat 06 Apr 2024 07:02:31 INFO  epoch 73 evaluating [time: 17.56s, valid_score: 0.038300]
Sat 06 Apr 2024 07:02:31 INFO  valid result: 
recall@10 : 0.0898    mrr@10 : 0.0383    ndcg@10 : 0.0469    hit@10 : 0.1095    precision@10 : 0.0111
Sat 06 Apr 2024 07:02:52 INFO  epoch 74 training [time: 21.01s, train loss: 3.6777]
Sat 06 Apr 2024 07:03:09 INFO  epoch 74 evaluating [time: 17.48s, valid_score: 0.038400]
Sat 06 Apr 2024 07:03:09 INFO  valid result: 
recall@10 : 0.0896    mrr@10 : 0.0384    ndcg@10 : 0.0469    hit@10 : 0.1094    precision@10 : 0.0111
Sat 06 Apr 2024 07:03:10 INFO  Saving current: saved/LFM-1b_artist_20U50I_25strat/DGCF/DGCF-Apr-06-2024_06-13-58.pth
Sat 06 Apr 2024 07:03:31 INFO  epoch 75 training [time: 20.94s, train loss: 3.5791]
Sat 06 Apr 2024 07:03:49 INFO  epoch 75 evaluating [time: 17.60s, valid_score: 0.038100]
Sat 06 Apr 2024 07:03:49 INFO  valid result: 
recall@10 : 0.0899    mrr@10 : 0.0381    ndcg@10 : 0.0468    hit@10 : 0.1095    precision@10 : 0.0111
Sat 06 Apr 2024 07:04:10 INFO  epoch 76 training [time: 21.02s, train loss: 3.5276]
Sat 06 Apr 2024 07:04:28 INFO  epoch 76 evaluating [time: 17.62s, valid_score: 0.037900]
Sat 06 Apr 2024 07:04:28 INFO  valid result: 
recall@10 : 0.0904    mrr@10 : 0.0379    ndcg@10 : 0.0468    hit@10 : 0.11    precision@10 : 0.0112
Sat 06 Apr 2024 07:04:49 INFO  epoch 77 training [time: 21.06s, train loss: 3.4481]
Sat 06 Apr 2024 07:05:06 INFO  epoch 77 evaluating [time: 17.76s, valid_score: 0.038100]
Sat 06 Apr 2024 07:05:06 INFO  valid result: 
recall@10 : 0.091    mrr@10 : 0.0381    ndcg@10 : 0.047    hit@10 : 0.1106    precision@10 : 0.0112
Sat 06 Apr 2024 07:05:27 INFO  epoch 78 training [time: 21.11s, train loss: 3.3891]
Sat 06 Apr 2024 07:05:45 INFO  epoch 78 evaluating [time: 17.49s, valid_score: 0.038100]
Sat 06 Apr 2024 07:05:45 INFO  valid result: 
recall@10 : 0.0906    mrr@10 : 0.0381    ndcg@10 : 0.047    hit@10 : 0.1101    precision@10 : 0.0112
Sat 06 Apr 2024 07:06:06 INFO  epoch 79 training [time: 21.04s, train loss: 3.3242]
Sat 06 Apr 2024 07:06:24 INFO  epoch 79 evaluating [time: 17.51s, valid_score: 0.038300]
Sat 06 Apr 2024 07:06:24 INFO  valid result: 
recall@10 : 0.0914    mrr@10 : 0.0383    ndcg@10 : 0.0472    hit@10 : 0.1113    precision@10 : 0.0113
Sat 06 Apr 2024 07:06:45 INFO  epoch 80 training [time: 21.08s, train loss: 3.1716]
Sat 06 Apr 2024 07:07:02 INFO  epoch 80 evaluating [time: 17.57s, valid_score: 0.038500]
Sat 06 Apr 2024 07:07:02 INFO  valid result: 
recall@10 : 0.0919    mrr@10 : 0.0385    ndcg@10 : 0.0476    hit@10 : 0.1113    precision@10 : 0.0113
Sat 06 Apr 2024 07:07:03 INFO  Saving current: saved/LFM-1b_artist_20U50I_25strat/DGCF/DGCF-Apr-06-2024_06-13-58.pth
Sat 06 Apr 2024 07:07:24 INFO  epoch 81 training [time: 20.95s, train loss: 3.1596]
Sat 06 Apr 2024 07:07:41 INFO  epoch 81 evaluating [time: 17.58s, valid_score: 0.038300]
Sat 06 Apr 2024 07:07:41 INFO  valid result: 
recall@10 : 0.0913    mrr@10 : 0.0383    ndcg@10 : 0.0473    hit@10 : 0.1105    precision@10 : 0.0112
Sat 06 Apr 2024 07:08:03 INFO  epoch 82 training [time: 21.05s, train loss: 3.1264]
Sat 06 Apr 2024 07:08:20 INFO  epoch 82 evaluating [time: 17.51s, valid_score: 0.038400]
Sat 06 Apr 2024 07:08:20 INFO  valid result: 
recall@10 : 0.0918    mrr@10 : 0.0384    ndcg@10 : 0.0474    hit@10 : 0.111    precision@10 : 0.0113
Sat 06 Apr 2024 07:08:41 INFO  epoch 83 training [time: 21.01s, train loss: 3.1157]
Sat 06 Apr 2024 07:08:58 INFO  epoch 83 evaluating [time: 17.47s, valid_score: 0.038500]
Sat 06 Apr 2024 07:08:58 INFO  valid result: 
recall@10 : 0.0922    mrr@10 : 0.0385    ndcg@10 : 0.0476    hit@10 : 0.1116    precision@10 : 0.0113
Sat 06 Apr 2024 07:08:59 INFO  Saving current: saved/LFM-1b_artist_20U50I_25strat/DGCF/DGCF-Apr-06-2024_06-13-58.pth
Sat 06 Apr 2024 07:09:20 INFO  epoch 84 training [time: 20.91s, train loss: 2.9733]
Sat 06 Apr 2024 07:09:38 INFO  epoch 84 evaluating [time: 17.52s, valid_score: 0.038400]
Sat 06 Apr 2024 07:09:38 INFO  valid result: 
recall@10 : 0.0919    mrr@10 : 0.0384    ndcg@10 : 0.0475    hit@10 : 0.111    precision@10 : 0.0113
Sat 06 Apr 2024 07:09:59 INFO  epoch 85 training [time: 21.04s, train loss: 3.0058]
Sat 06 Apr 2024 07:10:16 INFO  epoch 85 evaluating [time: 17.57s, valid_score: 0.038800]
Sat 06 Apr 2024 07:10:16 INFO  valid result: 
recall@10 : 0.0932    mrr@10 : 0.0388    ndcg@10 : 0.0481    hit@10 : 0.1126    precision@10 : 0.0114
Sat 06 Apr 2024 07:10:17 INFO  Saving current: saved/LFM-1b_artist_20U50I_25strat/DGCF/DGCF-Apr-06-2024_06-13-58.pth
Sat 06 Apr 2024 07:10:38 INFO  epoch 86 training [time: 20.95s, train loss: 2.9367]
Sat 06 Apr 2024 07:10:55 INFO  epoch 86 evaluating [time: 17.58s, valid_score: 0.038700]
Sat 06 Apr 2024 07:10:55 INFO  valid result: 
recall@10 : 0.0927    mrr@10 : 0.0387    ndcg@10 : 0.048    hit@10 : 0.1114    precision@10 : 0.0113
Sat 06 Apr 2024 07:11:17 INFO  epoch 87 training [time: 21.21s, train loss: 2.8418]
Sat 06 Apr 2024 07:11:34 INFO  epoch 87 evaluating [time: 17.63s, valid_score: 0.039100]
Sat 06 Apr 2024 07:11:34 INFO  valid result: 
recall@10 : 0.0927    mrr@10 : 0.0391    ndcg@10 : 0.0481    hit@10 : 0.1117    precision@10 : 0.0113
Sat 06 Apr 2024 07:11:35 INFO  Saving current: saved/LFM-1b_artist_20U50I_25strat/DGCF/DGCF-Apr-06-2024_06-13-58.pth
Sat 06 Apr 2024 07:11:56 INFO  epoch 88 training [time: 20.92s, train loss: 2.8415]
Sat 06 Apr 2024 07:12:13 INFO  epoch 88 evaluating [time: 17.60s, valid_score: 0.038700]
Sat 06 Apr 2024 07:12:13 INFO  valid result: 
recall@10 : 0.0923    mrr@10 : 0.0387    ndcg@10 : 0.0478    hit@10 : 0.1114    precision@10 : 0.0113
Sat 06 Apr 2024 07:12:34 INFO  epoch 89 training [time: 21.02s, train loss: 2.7406]
Sat 06 Apr 2024 07:12:52 INFO  epoch 89 evaluating [time: 17.66s, valid_score: 0.038700]
Sat 06 Apr 2024 07:12:52 INFO  valid result: 
recall@10 : 0.0923    mrr@10 : 0.0387    ndcg@10 : 0.0478    hit@10 : 0.1117    precision@10 : 0.0113
Sat 06 Apr 2024 07:13:13 INFO  epoch 90 training [time: 20.99s, train loss: 2.6755]
Sat 06 Apr 2024 07:13:31 INFO  epoch 90 evaluating [time: 17.70s, valid_score: 0.038900]
Sat 06 Apr 2024 07:13:31 INFO  valid result: 
recall@10 : 0.0935    mrr@10 : 0.0389    ndcg@10 : 0.0483    hit@10 : 0.1131    precision@10 : 0.0115
Sat 06 Apr 2024 07:13:52 INFO  epoch 91 training [time: 20.95s, train loss: 2.6366]
Sat 06 Apr 2024 07:14:09 INFO  epoch 91 evaluating [time: 17.68s, valid_score: 0.038600]
Sat 06 Apr 2024 07:14:09 INFO  valid result: 
recall@10 : 0.0923    mrr@10 : 0.0386    ndcg@10 : 0.0478    hit@10 : 0.1116    precision@10 : 0.0113
Sat 06 Apr 2024 07:14:30 INFO  epoch 92 training [time: 21.06s, train loss: 2.6497]
Sat 06 Apr 2024 07:14:48 INFO  epoch 92 evaluating [time: 17.63s, valid_score: 0.038500]
Sat 06 Apr 2024 07:14:48 INFO  valid result: 
recall@10 : 0.0927    mrr@10 : 0.0385    ndcg@10 : 0.0479    hit@10 : 0.1121    precision@10 : 0.0114
Sat 06 Apr 2024 07:15:09 INFO  epoch 93 training [time: 21.13s, train loss: 2.5030]
Sat 06 Apr 2024 07:15:27 INFO  epoch 93 evaluating [time: 17.63s, valid_score: 0.038600]
Sat 06 Apr 2024 07:15:27 INFO  valid result: 
recall@10 : 0.0929    mrr@10 : 0.0386    ndcg@10 : 0.048    hit@10 : 0.112    precision@10 : 0.0114
Sat 06 Apr 2024 07:15:48 INFO  epoch 94 training [time: 20.95s, train loss: 2.4906]
Sat 06 Apr 2024 07:16:05 INFO  epoch 94 evaluating [time: 17.51s, valid_score: 0.038400]
Sat 06 Apr 2024 07:16:05 INFO  valid result: 
recall@10 : 0.0925    mrr@10 : 0.0384    ndcg@10 : 0.0478    hit@10 : 0.1113    precision@10 : 0.0113
Sat 06 Apr 2024 07:16:26 INFO  epoch 95 training [time: 21.01s, train loss: 2.4707]
Sat 06 Apr 2024 07:16:44 INFO  epoch 95 evaluating [time: 17.35s, valid_score: 0.038300]
Sat 06 Apr 2024 07:16:44 INFO  valid result: 
recall@10 : 0.0924    mrr@10 : 0.0383    ndcg@10 : 0.0477    hit@10 : 0.1111    precision@10 : 0.0113
Sat 06 Apr 2024 07:17:05 INFO  epoch 96 training [time: 21.02s, train loss: 2.4112]
Sat 06 Apr 2024 07:17:22 INFO  epoch 96 evaluating [time: 17.45s, valid_score: 0.038500]
Sat 06 Apr 2024 07:17:22 INFO  valid result: 
recall@10 : 0.0927    mrr@10 : 0.0385    ndcg@10 : 0.0479    hit@10 : 0.1117    precision@10 : 0.0113
Sat 06 Apr 2024 07:17:43 INFO  epoch 97 training [time: 21.06s, train loss: 2.4323]
Sat 06 Apr 2024 07:18:01 INFO  epoch 97 evaluating [time: 17.48s, valid_score: 0.038000]
Sat 06 Apr 2024 07:18:01 INFO  valid result: 
recall@10 : 0.0922    mrr@10 : 0.038    ndcg@10 : 0.0475    hit@10 : 0.111    precision@10 : 0.0113
Sat 06 Apr 2024 07:18:22 INFO  epoch 98 training [time: 21.02s, train loss: 2.3441]
Sat 06 Apr 2024 07:18:39 INFO  epoch 98 evaluating [time: 17.44s, valid_score: 0.037800]
Sat 06 Apr 2024 07:18:39 INFO  valid result: 
recall@10 : 0.0915    mrr@10 : 0.0378    ndcg@10 : 0.0472    hit@10 : 0.1101    precision@10 : 0.0112
Sat 06 Apr 2024 07:18:39 INFO  Finished training, best eval result in epoch 87
Sat 06 Apr 2024 07:18:41 INFO  Loading model structure and parameters from saved/LFM-1b_artist_20U50I_25strat/DGCF/DGCF-Apr-06-2024_06-13-58.pth
Sat 06 Apr 2024 07:19:01 INFO  The running environment of this training is as follows:
+-------------+----------------+
| Environment |     Usage      |
+=============+================+
| CPU         |     6.20 %     |
+-------------+----------------+
| GPU         | 1.20 G/14.58 G |
+-------------+----------------+
| Memory      | 1.62 G/27.41 G |
+-------------+----------------+
Sat 06 Apr 2024 07:19:01 INFO  best valid : OrderedDict([('recall@10', 0.0927), ('mrr@10', 0.0391), ('ndcg@10', 0.0481), ('hit@10', 0.1117), ('precision@10', 0.0113)])
Sat 06 Apr 2024 07:19:01 INFO  test result: OrderedDict([('recall@10', 0.0907), ('mrr@10', 0.0366), ('ndcg@10', 0.0467), ('hit@10', 0.1063), ('precision@10', 0.0108)])
Sat 06 Apr 2024 07:19:02 INFO  
General Hyper Parameters:
gpu_id = 0
use_gpu = True
seed = 2020
state = INFO
reproducibility = True
data_path = data/LFM-1b_artist_20U50I_25strat
checkpoint_dir = saved/LFM-1b_artist_20U50I_25strat/DGCF
show_progress = True
save_dataset = False
dataset_save_path = None
save_dataloaders = False
dataloaders_save_path = None
log_wandb = False

Training Hyper Parameters:
epochs = 200
train_batch_size = 2048
learner = adam
learning_rate = 0.001
train_neg_sample_args = {'distribution': 'uniform', 'sample_num': 1, 'dynamic': False, 'candidate_num': 0, 'alpha': 1.0}
eval_step = 1
stopping_step = 10
clip_grad_norm = None
weight_decay = 0.0
loss_decimal_place = 4

Evaluation Hyper Parameters:
eval_args = {'split': {'RS': [0.8, 0.1, 0.1]}, 'order': 'RO', 'group_by': 'user', 'mode': {'valid': 'full', 'test': 'full'}}
repeatable = False
metrics = ['Recall', 'MRR', 'NDCG', 'Hit', 'Precision']
topk = [10]
valid_metric = MRR@10
valid_metric_bigger = True
eval_batch_size = 4096
metric_decimal_place = 4

Dataset Hyper Parameters:
field_separator = 	
seq_separator =  
USER_ID_FIELD = user_id
ITEM_ID_FIELD = item_id
RATING_FIELD = rating
TIME_FIELD = timestamp
seq_len = None
LABEL_FIELD = label
threshold = None
NEG_PREFIX = neg_
load_col = {'inter': ['user_id', 'item_id']}
unload_col = None
unused_col = None
additional_feat_suffix = None
rm_dup_inter = None
val_interval = None
filter_inter_by_user_or_item = True
user_inter_num_interval = [0,inf)
item_inter_num_interval = [0,inf)
alias_of_user_id = None
alias_of_item_id = None
alias_of_entity_id = None
alias_of_relation_id = None
preload_weight = None
normalize_field = None
normalize_all = None
ITEM_LIST_LENGTH_FIELD = item_length
LIST_SUFFIX = _list
MAX_ITEM_LIST_LENGTH = 50
POSITION_FIELD = position_id
HEAD_ENTITY_ID_FIELD = head_id
TAIL_ENTITY_ID_FIELD = tail_id
RELATION_ID_FIELD = relation_id
ENTITY_ID_FIELD = entity_id
benchmark_filename = None

Other Hyper Parameters: 
worker = 0
wandb_project = recbole
shuffle = True
require_pow = False
enable_amp = False
enable_scaler = False
transform = None
embedding_size = 64
n_factors = 4
n_iterations = 2
n_layers = 1
reg_weight = 0.001
cor_weight = 0.01
numerical_features = []
discretization = None
kg_reverse_r = False
entity_kg_num_interval = [0,inf)
relation_kg_num_interval = [0,inf)
MODEL_TYPE = ModelType.GENERAL
encoding = utf-8
device = cuda
my_log_file = /mnt/batch/tasks/shared/LS_root/mounts/clusters/fontanagpu/code/sustainability-of-recsys/log/carbon_default.log
MODEL_INPUT_TYPE = InputType.PAIRWISE
eval_type = EvaluatorType.RANKING
single_spec = True
local_rank = 0
valid_neg_sample_args = {'distribution': 'uniform', 'sample_num': 'none'}
test_neg_sample_args = {'distribution': 'uniform', 'sample_num': 'none'}


Sat 06 Apr 2024 07:19:03 INFO  LFM-1b_artist_20U50I_25strat
The number of users: 19842
Average actions of users: 11.01038254120256
The number of items: 24879
Average actions of items: 8.781131923788086
The number of inters: 218457
The sparsity of the dataset: 99.95574650251882%
Remain Fields: ['user_id', 'item_id']
Sat 06 Apr 2024 07:19:04 INFO  [Training]: train_batch_size = [2048] train_neg_sample_args: [{'distribution': 'uniform', 'sample_num': 1, 'dynamic': False, 'candidate_num': 0, 'alpha': 1.0}]
Sat 06 Apr 2024 07:19:04 INFO  [Evaluation]: eval_batch_size = [4096] eval_args: [{'split': {'RS': [0.8, 0.1, 0.1]}, 'order': 'RO', 'group_by': 'user', 'mode': {'valid': 'full', 'test': 'full'}}]
Sat 06 Apr 2024 07:19:05 INFO  Loading model structure and parameters from saved/LFM-1b_artist_20U50I_25strat/DGCF/DGCF-Apr-06-2024_06-13-58.pth
