Wed 08 May 2024 21:10:00 INFO  ['src/default_tracker2.py', '--dataset=LFM-1b_artist_20U50I_25strat', '--model=DGCF', '--max_emission_step=7']
Wed 08 May 2024 21:10:00 INFO  
General Hyper Parameters:
gpu_id = 0
use_gpu = True
seed = 2020
state = INFO
reproducibility = True
data_path = data/LFM-1b_artist_20U50I_25strat
checkpoint_dir = saved/LFM-1b_artist_20U50I_25strat/DGCF
show_progress = True
save_dataset = False
dataset_save_path = None
save_dataloaders = False
dataloaders_save_path = None
log_wandb = False

Training Hyper Parameters:
epochs = 200
train_batch_size = 2048
learner = adam
learning_rate = 0.001
train_neg_sample_args = {'distribution': 'uniform', 'sample_num': 1, 'dynamic': False, 'candidate_num': 0, 'alpha': 1.0}
eval_step = 1
stopping_step = 10
clip_grad_norm = None
weight_decay = 0.0
loss_decimal_place = 4

Evaluation Hyper Parameters:
eval_args = {'split': {'RS': [0.8, 0.1, 0.1]}, 'order': 'RO', 'group_by': 'user', 'mode': {'valid': 'full', 'test': 'full'}}
repeatable = False
metrics = ['Recall', 'MRR', 'NDCG', 'Hit', 'MAP', 'Precision', 'GAUC', 'ItemCoverage', 'AveragePopularity', 'GiniIndex', 'ShannonEntropy', 'TailPercentage']
topk = [10]
valid_metric = MRR@10
valid_metric_bigger = True
eval_batch_size = 4096
metric_decimal_place = 4

Dataset Hyper Parameters:
field_separator = 	
seq_separator =  
USER_ID_FIELD = user_id
ITEM_ID_FIELD = item_id
RATING_FIELD = rating
TIME_FIELD = timestamp
seq_len = None
LABEL_FIELD = label
threshold = None
NEG_PREFIX = neg_
load_col = {'inter': ['user_id', 'item_id']}
unload_col = None
unused_col = None
additional_feat_suffix = None
rm_dup_inter = None
val_interval = None
filter_inter_by_user_or_item = True
user_inter_num_interval = [0,inf)
item_inter_num_interval = [0,inf)
alias_of_user_id = None
alias_of_item_id = None
alias_of_entity_id = None
alias_of_relation_id = None
preload_weight = None
normalize_field = None
normalize_all = None
ITEM_LIST_LENGTH_FIELD = item_length
LIST_SUFFIX = _list
MAX_ITEM_LIST_LENGTH = 50
POSITION_FIELD = position_id
HEAD_ENTITY_ID_FIELD = head_id
TAIL_ENTITY_ID_FIELD = tail_id
RELATION_ID_FIELD = relation_id
ENTITY_ID_FIELD = entity_id
benchmark_filename = None

Other Hyper Parameters: 
worker = 0
wandb_project = recbole
shuffle = True
require_pow = False
enable_amp = False
enable_scaler = False
transform = None
embedding_size = 64
n_factors = 4
n_iterations = 2
n_layers = 1
reg_weight = 0.001
cor_weight = 0.01
numerical_features = []
discretization = None
kg_reverse_r = False
entity_kg_num_interval = [0,inf)
relation_kg_num_interval = [0,inf)
MODEL_TYPE = ModelType.GENERAL
encoding = utf-8
device = cuda:1
my_log_file = /home/fontana/Tesi/log/carbon_default.log
max_emission_step = 7
MODEL_INPUT_TYPE = InputType.PAIRWISE
eval_type = EvaluatorType.RANKING
single_spec = True
local_rank = 0
valid_neg_sample_args = {'distribution': 'uniform', 'sample_num': 'none'}
test_neg_sample_args = {'distribution': 'uniform', 'sample_num': 'none'}


Wed 08 May 2024 21:10:01 INFO  LFM-1b_artist_20U50I_25strat
The number of users: 19842
Average actions of users: 11.01038254120256
The number of items: 24879
Average actions of items: 8.781131923788086
The number of inters: 218457
The sparsity of the dataset: 99.95574650251882%
Remain Fields: ['user_id', 'item_id']
Wed 08 May 2024 21:10:03 INFO  [Training]: train_batch_size = [2048] train_neg_sample_args: [{'distribution': 'uniform', 'sample_num': 1, 'dynamic': False, 'candidate_num': 0, 'alpha': 1.0}]
Wed 08 May 2024 21:10:03 INFO  [Evaluation]: eval_batch_size = [4096] eval_args: [{'split': {'RS': [0.8, 0.1, 0.1]}, 'order': 'RO', 'group_by': 'user', 'mode': {'valid': 'full', 'test': 'full'}}]
Wed 08 May 2024 21:10:07 INFO  DGCF(
  (user_embedding): Embedding(19842, 64)
  (item_embedding): Embedding(24879, 64)
  (softmax): Softmax(dim=1)
  (mf_loss): BPRLoss()
  (reg_loss): EmbLoss()
)
Trainable parameters: 2862144
Wed 08 May 2024 21:10:07 INFO  FLOPs: 7609492.0
Wed 08 May 2024 21:10:33 INFO  epoch 0 training [time: 21.40s, train loss: 58.1130]
Wed 08 May 2024 21:11:28 INFO  epoch 0 evaluating [time: 55.01s, valid_score: 0.033900]
Wed 08 May 2024 21:11:28 INFO  valid result: 
recall@10 : 0.0785    mrr@10 : 0.0339    ndcg@10 : 0.0412    hit@10 : 0.0958    map@10 : 0.0276    precision@10 : 0.0097    gauc : 0.8573    itemcoverage@10 : 0.0288    averagepopularity@10 : 906.9377    giniindex@10 : 0.9993    shannonentropy@10 : 0.0038    tailpercentage@10 : 0.0022
Wed 08 May 2024 21:11:29 INFO  Saving current: saved/LFM-1b_artist_20U50I_25strat/DGCF/DGCF-May-08-2024_21-10-07.pth
Wed 08 May 2024 21:11:50 INFO  epoch 1 training [time: 21.30s, train loss: 44.7258]
Wed 08 May 2024 21:12:45 INFO  epoch 1 evaluating [time: 55.22s, valid_score: 0.033800]
Wed 08 May 2024 21:12:45 INFO  valid result: 
recall@10 : 0.0783    mrr@10 : 0.0338    ndcg@10 : 0.0411    hit@10 : 0.0955    map@10 : 0.0275    precision@10 : 0.0097    gauc : 0.8586    itemcoverage@10 : 0.0116    averagepopularity@10 : 905.3095    giniindex@10 : 0.9995    shannonentropy@10 : 0.0092    tailpercentage@10 : 0.0019
Wed 08 May 2024 21:13:06 INFO  epoch 2 training [time: 21.35s, train loss: 30.3122]
Wed 08 May 2024 21:14:02 INFO  epoch 2 evaluating [time: 55.21s, valid_score: 0.033800]
Wed 08 May 2024 21:14:02 INFO  valid result: 
recall@10 : 0.0779    mrr@10 : 0.0338    ndcg@10 : 0.041    hit@10 : 0.0951    map@10 : 0.0275    precision@10 : 0.0096    gauc : 0.8602    itemcoverage@10 : 0.0094    averagepopularity@10 : 907.1446    giniindex@10 : 0.9995    shannonentropy@10 : 0.0114    tailpercentage@10 : 0.0002
Wed 08 May 2024 21:14:23 INFO  epoch 3 training [time: 21.23s, train loss: 25.2683]
Wed 08 May 2024 21:15:17 INFO  epoch 3 evaluating [time: 54.49s, valid_score: 0.033900]
Wed 08 May 2024 21:15:17 INFO  valid result: 
recall@10 : 0.0784    mrr@10 : 0.0339    ndcg@10 : 0.0411    hit@10 : 0.0957    map@10 : 0.0275    precision@10 : 0.0097    gauc : 0.8608    itemcoverage@10 : 0.0092    averagepopularity@10 : 910.0522    giniindex@10 : 0.9995    shannonentropy@10 : 0.0115    tailpercentage@10 : 0.0002
Wed 08 May 2024 21:15:18 INFO  Saving current: saved/LFM-1b_artist_20U50I_25strat/DGCF/DGCF-May-08-2024_21-10-07.pth
Wed 08 May 2024 21:15:39 INFO  epoch 4 training [time: 21.27s, train loss: 23.1002]
Wed 08 May 2024 21:16:33 INFO  epoch 4 evaluating [time: 53.78s, valid_score: 0.033800]
Wed 08 May 2024 21:16:33 INFO  valid result: 
recall@10 : 0.0781    mrr@10 : 0.0338    ndcg@10 : 0.041    hit@10 : 0.0955    map@10 : 0.0275    precision@10 : 0.0097    gauc : 0.8614    itemcoverage@10 : 0.0094    averagepopularity@10 : 908.7312    giniindex@10 : 0.9995    shannonentropy@10 : 0.0112    tailpercentage@10 : 0.0001
Wed 08 May 2024 21:16:54 INFO  epoch 5 training [time: 21.33s, train loss: 22.1039]
Wed 08 May 2024 21:17:48 INFO  epoch 5 evaluating [time: 53.75s, valid_score: 0.033800]
Wed 08 May 2024 21:17:48 INFO  valid result: 
recall@10 : 0.0779    mrr@10 : 0.0338    ndcg@10 : 0.041    hit@10 : 0.0952    map@10 : 0.0275    precision@10 : 0.0097    gauc : 0.8616    itemcoverage@10 : 0.0095    averagepopularity@10 : 908.777    giniindex@10 : 0.9995    shannonentropy@10 : 0.0111    tailpercentage@10 : 0.0001
Wed 08 May 2024 21:18:09 INFO  epoch 6 training [time: 21.36s, train loss: 21.3590]
Wed 08 May 2024 21:19:03 INFO  epoch 6 evaluating [time: 53.52s, valid_score: 0.033800]
Wed 08 May 2024 21:19:03 INFO  valid result: 
recall@10 : 0.0777    mrr@10 : 0.0338    ndcg@10 : 0.0409    hit@10 : 0.0951    map@10 : 0.0274    precision@10 : 0.0096    gauc : 0.8621    itemcoverage@10 : 0.0097    averagepopularity@10 : 909.1415    giniindex@10 : 0.9995    shannonentropy@10 : 0.011    tailpercentage@10 : 0.0001
Wed 08 May 2024 21:19:24 INFO  epoch 7 training [time: 21.26s, train loss: 20.9737]
Wed 08 May 2024 21:20:18 INFO  epoch 7 evaluating [time: 53.49s, valid_score: 0.033800]
Wed 08 May 2024 21:20:18 INFO  valid result: 
recall@10 : 0.0776    mrr@10 : 0.0338    ndcg@10 : 0.0409    hit@10 : 0.0948    map@10 : 0.0275    precision@10 : 0.0096    gauc : 0.8626    itemcoverage@10 : 0.0099    averagepopularity@10 : 909.1895    giniindex@10 : 0.9995    shannonentropy@10 : 0.0108    tailpercentage@10 : 0.0
Wed 08 May 2024 21:20:39 INFO  epoch 8 training [time: 21.34s, train loss: 20.1624]
Wed 08 May 2024 21:21:33 INFO  epoch 8 evaluating [time: 54.19s, valid_score: 0.033900]
Wed 08 May 2024 21:21:33 INFO  valid result: 
recall@10 : 0.0783    mrr@10 : 0.0339    ndcg@10 : 0.0411    hit@10 : 0.0956    map@10 : 0.0275    precision@10 : 0.0097    gauc : 0.8628    itemcoverage@10 : 0.0097    averagepopularity@10 : 911.1036    giniindex@10 : 0.9995    shannonentropy@10 : 0.011    tailpercentage@10 : 0.0001
Wed 08 May 2024 21:21:33 INFO  Saving current: saved/LFM-1b_artist_20U50I_25strat/DGCF/DGCF-May-08-2024_21-10-07.pth
Wed 08 May 2024 21:21:55 INFO  epoch 9 training [time: 21.41s, train loss: 19.6977]
Wed 08 May 2024 21:22:49 INFO  epoch 9 evaluating [time: 54.16s, valid_score: 0.033900]
Wed 08 May 2024 21:22:49 INFO  valid result: 
recall@10 : 0.0783    mrr@10 : 0.0339    ndcg@10 : 0.0411    hit@10 : 0.0958    map@10 : 0.0275    precision@10 : 0.0097    gauc : 0.8633    itemcoverage@10 : 0.0103    averagepopularity@10 : 910.9478    giniindex@10 : 0.9995    shannonentropy@10 : 0.0104    tailpercentage@10 : 0.0001
Wed 08 May 2024 21:22:49 INFO  Saving current: saved/LFM-1b_artist_20U50I_25strat/DGCF/DGCF-May-08-2024_21-10-07.pth
Wed 08 May 2024 21:23:11 INFO  epoch 10 training [time: 21.40s, train loss: 19.2516]
Wed 08 May 2024 21:24:05 INFO  epoch 10 evaluating [time: 53.84s, valid_score: 0.034000]
Wed 08 May 2024 21:24:05 INFO  valid result: 
recall@10 : 0.0784    mrr@10 : 0.034    ndcg@10 : 0.0412    hit@10 : 0.096    map@10 : 0.0276    precision@10 : 0.0097    gauc : 0.8636    itemcoverage@10 : 0.0114    averagepopularity@10 : 911.1331    giniindex@10 : 0.9995    shannonentropy@10 : 0.0094    tailpercentage@10 : 0.0001
Wed 08 May 2024 21:24:05 INFO  Saving current: saved/LFM-1b_artist_20U50I_25strat/DGCF/DGCF-May-08-2024_21-10-07.pth
Wed 08 May 2024 21:24:26 INFO  epoch 11 training [time: 21.07s, train loss: 18.9435]
Wed 08 May 2024 21:25:20 INFO  epoch 11 evaluating [time: 53.76s, valid_score: 0.034000]
Wed 08 May 2024 21:25:20 INFO  valid result: 
recall@10 : 0.0789    mrr@10 : 0.034    ndcg@10 : 0.0413    hit@10 : 0.0964    map@10 : 0.0276    precision@10 : 0.0098    gauc : 0.8637    itemcoverage@10 : 0.0113    averagepopularity@10 : 909.9722    giniindex@10 : 0.9995    shannonentropy@10 : 0.0096    tailpercentage@10 : 0.0001
Wed 08 May 2024 21:25:20 INFO  Saving current: saved/LFM-1b_artist_20U50I_25strat/DGCF/DGCF-May-08-2024_21-10-07.pth
Wed 08 May 2024 21:25:42 INFO  epoch 12 training [time: 21.45s, train loss: 18.3920]
Wed 08 May 2024 21:26:36 INFO  epoch 12 evaluating [time: 53.83s, valid_score: 0.034000]
Wed 08 May 2024 21:26:36 INFO  valid result: 
recall@10 : 0.078    mrr@10 : 0.034    ndcg@10 : 0.0411    hit@10 : 0.0954    map@10 : 0.0276    precision@10 : 0.0097    gauc : 0.8639    itemcoverage@10 : 0.0114    averagepopularity@10 : 905.7492    giniindex@10 : 0.9995    shannonentropy@10 : 0.0095    tailpercentage@10 : 0.0002
Wed 08 May 2024 21:26:36 INFO  Saving current: saved/LFM-1b_artist_20U50I_25strat/DGCF/DGCF-May-08-2024_21-10-07.pth
Wed 08 May 2024 21:26:57 INFO  epoch 13 training [time: 21.05s, train loss: 17.9722]
Wed 08 May 2024 21:27:51 INFO  epoch 13 evaluating [time: 54.08s, valid_score: 0.033800]
Wed 08 May 2024 21:27:51 INFO  valid result: 
recall@10 : 0.0779    mrr@10 : 0.0338    ndcg@10 : 0.041    hit@10 : 0.095    map@10 : 0.0275    precision@10 : 0.0096    gauc : 0.8641    itemcoverage@10 : 0.012    averagepopularity@10 : 901.1188    giniindex@10 : 0.9994    shannonentropy@10 : 0.0091    tailpercentage@10 : 0.0
Wed 08 May 2024 21:28:12 INFO  epoch 14 training [time: 21.15s, train loss: 17.5248]
Wed 08 May 2024 21:29:06 INFO  epoch 14 evaluating [time: 53.80s, valid_score: 0.033900]
Wed 08 May 2024 21:29:06 INFO  valid result: 
recall@10 : 0.0783    mrr@10 : 0.0339    ndcg@10 : 0.0411    hit@10 : 0.0956    map@10 : 0.0276    precision@10 : 0.0097    gauc : 0.8643    itemcoverage@10 : 0.013    averagepopularity@10 : 900.2902    giniindex@10 : 0.9994    shannonentropy@10 : 0.0085    tailpercentage@10 : 0.0
Wed 08 May 2024 21:29:27 INFO  epoch 15 training [time: 21.30s, train loss: 16.9859]
Wed 08 May 2024 21:30:21 INFO  epoch 15 evaluating [time: 53.76s, valid_score: 0.033900]
Wed 08 May 2024 21:30:21 INFO  valid result: 
recall@10 : 0.0786    mrr@10 : 0.0339    ndcg@10 : 0.0412    hit@10 : 0.0959    map@10 : 0.0276    precision@10 : 0.0097    gauc : 0.8646    itemcoverage@10 : 0.0134    averagepopularity@10 : 894.0942    giniindex@10 : 0.9994    shannonentropy@10 : 0.0083    tailpercentage@10 : 0.0001
Wed 08 May 2024 21:30:42 INFO  epoch 16 training [time: 21.41s, train loss: 16.5272]
Wed 08 May 2024 21:31:36 INFO  epoch 16 evaluating [time: 53.55s, valid_score: 0.034100]
Wed 08 May 2024 21:31:36 INFO  valid result: 
recall@10 : 0.0791    mrr@10 : 0.0341    ndcg@10 : 0.0414    hit@10 : 0.0968    map@10 : 0.0277    precision@10 : 0.0098    gauc : 0.8648    itemcoverage@10 : 0.0137    averagepopularity@10 : 896.8089    giniindex@10 : 0.9994    shannonentropy@10 : 0.0082    tailpercentage@10 : 0.0001
Wed 08 May 2024 21:31:36 INFO  Saving current: saved/LFM-1b_artist_20U50I_25strat/DGCF/DGCF-May-08-2024_21-10-07.pth
Wed 08 May 2024 21:31:58 INFO  epoch 17 training [time: 21.18s, train loss: 16.2052]
Wed 08 May 2024 21:32:51 INFO  epoch 17 evaluating [time: 53.71s, valid_score: 0.034000]
Wed 08 May 2024 21:32:51 INFO  valid result: 
recall@10 : 0.0789    mrr@10 : 0.034    ndcg@10 : 0.0414    hit@10 : 0.097    map@10 : 0.0277    precision@10 : 0.0098    gauc : 0.865    itemcoverage@10 : 0.0147    averagepopularity@10 : 902.4537    giniindex@10 : 0.9994    shannonentropy@10 : 0.0077    tailpercentage@10 : 0.0001
Wed 08 May 2024 21:33:12 INFO  epoch 18 training [time: 20.75s, train loss: 15.7142]
Wed 08 May 2024 21:34:05 INFO  epoch 18 evaluating [time: 53.40s, valid_score: 0.034200]
Wed 08 May 2024 21:34:05 INFO  valid result: 
recall@10 : 0.0801    mrr@10 : 0.0342    ndcg@10 : 0.0417    hit@10 : 0.0983    map@10 : 0.0278    precision@10 : 0.0099    gauc : 0.8653    itemcoverage@10 : 0.0156    averagepopularity@10 : 900.8216    giniindex@10 : 0.9994    shannonentropy@10 : 0.0073    tailpercentage@10 : 0.0001
Wed 08 May 2024 21:34:06 INFO  Saving current: saved/LFM-1b_artist_20U50I_25strat/DGCF/DGCF-May-08-2024_21-10-07.pth
Wed 08 May 2024 21:34:06 INFO  Finished training, max emissions step reached
Wed 08 May 2024 21:34:06 INFO  Loading model structure and parameters from saved/LFM-1b_artist_20U50I_25strat/DGCF/DGCF-May-08-2024_21-10-07.pth
Wed 08 May 2024 21:35:07 INFO  The running environment of this training is as follows:
+-------------+----------------+
| Environment |     Usage      |
+=============+================+
| CPU         |    13.20 %     |
+-------------+----------------+
| GPU         | 1.19 G/11.93 G |
+-------------+----------------+
| Memory      | 2.19 G/31.23 G |
+-------------+----------------+
Wed 08 May 2024 21:35:07 INFO  best valid : OrderedDict([('recall@10', 0.0801), ('mrr@10', 0.0342), ('ndcg@10', 0.0417), ('hit@10', 0.0983), ('map@10', 0.0278), ('precision@10', 0.0099), ('gauc', 0.8653), ('itemcoverage@10', 0.0156), ('averagepopularity@10', 900.8216), ('giniindex@10', 0.9994), ('shannonentropy@10', 0.0073), ('tailpercentage@10', 0.0001)])
Wed 08 May 2024 21:35:07 INFO  test result: OrderedDict([('recall@10', 0.0774), ('mrr@10', 0.0311), ('ndcg@10', 0.0397), ('hit@10', 0.0913), ('map@10', 0.0265), ('precision@10', 0.0093), ('gauc', 0.8619), ('itemcoverage@10', 0.0165), ('averagepopularity@10', 892.5034), ('giniindex@10', 0.9993), ('shannonentropy@10', 0.007), ('tailpercentage@10', 0.0002)])
Wed 08 May 2024 21:35:07 INFO  
General Hyper Parameters:
gpu_id = 0
use_gpu = True
seed = 2020
state = INFO
reproducibility = True
data_path = data/LFM-1b_artist_20U50I_25strat
checkpoint_dir = saved/LFM-1b_artist_20U50I_25strat/DGCF
show_progress = True
save_dataset = False
dataset_save_path = None
save_dataloaders = False
dataloaders_save_path = None
log_wandb = False

Training Hyper Parameters:
epochs = 200
train_batch_size = 2048
learner = adam
learning_rate = 0.001
train_neg_sample_args = {'distribution': 'uniform', 'sample_num': 1, 'dynamic': False, 'candidate_num': 0, 'alpha': 1.0}
eval_step = 1
stopping_step = 10
clip_grad_norm = None
weight_decay = 0.0
loss_decimal_place = 4

Evaluation Hyper Parameters:
eval_args = {'split': {'RS': [0.8, 0.1, 0.1]}, 'order': 'RO', 'group_by': 'user', 'mode': {'valid': 'full', 'test': 'full'}}
repeatable = False
metrics = ['Recall', 'MRR', 'NDCG', 'Hit', 'MAP', 'Precision', 'GAUC', 'ItemCoverage', 'AveragePopularity', 'GiniIndex', 'ShannonEntropy', 'TailPercentage']
topk = [10]
valid_metric = MRR@10
valid_metric_bigger = True
eval_batch_size = 4096
metric_decimal_place = 4

Dataset Hyper Parameters:
field_separator = 	
seq_separator =  
USER_ID_FIELD = user_id
ITEM_ID_FIELD = item_id
RATING_FIELD = rating
TIME_FIELD = timestamp
seq_len = None
LABEL_FIELD = label
threshold = None
NEG_PREFIX = neg_
load_col = {'inter': ['user_id', 'item_id']}
unload_col = None
unused_col = None
additional_feat_suffix = None
rm_dup_inter = None
val_interval = None
filter_inter_by_user_or_item = True
user_inter_num_interval = [0,inf)
item_inter_num_interval = [0,inf)
alias_of_user_id = None
alias_of_item_id = None
alias_of_entity_id = None
alias_of_relation_id = None
preload_weight = None
normalize_field = None
normalize_all = None
ITEM_LIST_LENGTH_FIELD = item_length
LIST_SUFFIX = _list
MAX_ITEM_LIST_LENGTH = 50
POSITION_FIELD = position_id
HEAD_ENTITY_ID_FIELD = head_id
TAIL_ENTITY_ID_FIELD = tail_id
RELATION_ID_FIELD = relation_id
ENTITY_ID_FIELD = entity_id
benchmark_filename = None

Other Hyper Parameters: 
worker = 0
wandb_project = recbole
shuffle = True
require_pow = False
enable_amp = False
enable_scaler = False
transform = None
embedding_size = 64
n_factors = 4
n_iterations = 2
n_layers = 1
reg_weight = 0.001
cor_weight = 0.01
numerical_features = []
discretization = None
kg_reverse_r = False
entity_kg_num_interval = [0,inf)
relation_kg_num_interval = [0,inf)
MODEL_TYPE = ModelType.GENERAL
encoding = utf-8
device = cuda:1
my_log_file = /home/fontana/Tesi/log/carbon_default.log
max_emission_step = 7
MODEL_INPUT_TYPE = InputType.PAIRWISE
eval_type = EvaluatorType.RANKING
single_spec = True
local_rank = 0
valid_neg_sample_args = {'distribution': 'uniform', 'sample_num': 'none'}
test_neg_sample_args = {'distribution': 'uniform', 'sample_num': 'none'}


Wed 08 May 2024 21:35:08 INFO  LFM-1b_artist_20U50I_25strat
The number of users: 19842
Average actions of users: 11.01038254120256
The number of items: 24879
Average actions of items: 8.781131923788086
The number of inters: 218457
The sparsity of the dataset: 99.95574650251882%
Remain Fields: ['user_id', 'item_id']
Wed 08 May 2024 21:35:10 INFO  [Training]: train_batch_size = [2048] train_neg_sample_args: [{'distribution': 'uniform', 'sample_num': 1, 'dynamic': False, 'candidate_num': 0, 'alpha': 1.0}]
Wed 08 May 2024 21:35:10 INFO  [Evaluation]: eval_batch_size = [4096] eval_args: [{'split': {'RS': [0.8, 0.1, 0.1]}, 'order': 'RO', 'group_by': 'user', 'mode': {'valid': 'full', 'test': 'full'}}]
Wed 08 May 2024 21:35:10 INFO  Loading model structure and parameters from saved/LFM-1b_artist_20U50I_25strat/DGCF/DGCF-May-08-2024_21-10-07.pth
