Sat 11 May 2024 02:57:39 INFO  ['src/default_tracker2.py', '--dataset=amazon_books_60core_kg', '--model=DGCF', '--max_emission_step=-1']
Sat 11 May 2024 02:57:39 INFO  
General Hyper Parameters:
gpu_id = 0
use_gpu = True
seed = 2020
state = INFO
reproducibility = True
data_path = data/amazon_books_60core_kg
checkpoint_dir = saved/amazon_books_60core_kg/DGCF
show_progress = True
save_dataset = False
dataset_save_path = None
save_dataloaders = False
dataloaders_save_path = None
log_wandb = False

Training Hyper Parameters:
epochs = 200
train_batch_size = 2048
learner = adam
learning_rate = 0.001
train_neg_sample_args = {'distribution': 'uniform', 'sample_num': 1, 'dynamic': False, 'candidate_num': 0, 'alpha': 1.0}
eval_step = 1
stopping_step = 10
clip_grad_norm = None
weight_decay = 0.0
loss_decimal_place = 4

Evaluation Hyper Parameters:
eval_args = {'split': {'RS': [0.8, 0.1, 0.1]}, 'order': 'RO', 'group_by': 'user', 'mode': {'valid': 'full', 'test': 'full'}}
repeatable = False
metrics = ['Recall', 'MRR', 'NDCG', 'Hit', 'MAP', 'Precision', 'GAUC', 'ItemCoverage', 'AveragePopularity', 'GiniIndex', 'ShannonEntropy', 'TailPercentage']
topk = [10]
valid_metric = MRR@10
valid_metric_bigger = True
eval_batch_size = 4096
metric_decimal_place = 4

Dataset Hyper Parameters:
field_separator = 	
seq_separator =  
USER_ID_FIELD = user_id
ITEM_ID_FIELD = item_id
RATING_FIELD = rating
TIME_FIELD = timestamp
seq_len = None
LABEL_FIELD = label
threshold = None
NEG_PREFIX = neg_
load_col = {'inter': ['user_id', 'item_id']}
unload_col = None
unused_col = None
additional_feat_suffix = None
rm_dup_inter = None
val_interval = None
filter_inter_by_user_or_item = True
user_inter_num_interval = [0,inf)
item_inter_num_interval = [0,inf)
alias_of_user_id = None
alias_of_item_id = None
alias_of_entity_id = None
alias_of_relation_id = None
preload_weight = None
normalize_field = None
normalize_all = None
ITEM_LIST_LENGTH_FIELD = item_length
LIST_SUFFIX = _list
MAX_ITEM_LIST_LENGTH = 50
POSITION_FIELD = position_id
HEAD_ENTITY_ID_FIELD = head_id
TAIL_ENTITY_ID_FIELD = tail_id
RELATION_ID_FIELD = relation_id
ENTITY_ID_FIELD = entity_id
benchmark_filename = None

Other Hyper Parameters: 
worker = 0
wandb_project = recbole
shuffle = True
require_pow = False
enable_amp = False
enable_scaler = False
transform = None
embedding_size = 64
n_factors = 4
n_iterations = 2
n_layers = 1
reg_weight = 0.001
cor_weight = 0.01
numerical_features = []
discretization = None
kg_reverse_r = False
entity_kg_num_interval = [0,inf)
relation_kg_num_interval = [0,inf)
MODEL_TYPE = ModelType.GENERAL
encoding = utf-8
device = cuda:1
my_log_file = /home/fontana/Tesi/log/carbon_default.log
max_emission_step = -1
MODEL_INPUT_TYPE = InputType.PAIRWISE
eval_type = EvaluatorType.RANKING
single_spec = True
local_rank = 0
valid_neg_sample_args = {'distribution': 'uniform', 'sample_num': 'none'}
test_neg_sample_args = {'distribution': 'uniform', 'sample_num': 'none'}


Sat 11 May 2024 02:57:45 INFO  amazon_books_60core_kg
The number of users: 22156
Average actions of users: 66.16434213495825
The number of items: 54459
Average actions of items: 26.917459326453415
The number of inters: 1465871
The sparsity of the dataset: 99.87851162187994%
Remain Fields: ['user_id', 'item_id']
Sat 11 May 2024 02:57:49 INFO  [Training]: train_batch_size = [2048] train_neg_sample_args: [{'distribution': 'uniform', 'sample_num': 1, 'dynamic': False, 'candidate_num': 0, 'alpha': 1.0}]
Sat 11 May 2024 02:57:49 INFO  [Evaluation]: eval_batch_size = [4096] eval_args: [{'split': {'RS': [0.8, 0.1, 0.1]}, 'order': 'RO', 'group_by': 'user', 'mode': {'valid': 'full', 'test': 'full'}}]
Sat 11 May 2024 02:57:53 INFO  DGCF(
  (user_embedding): Embedding(22156, 64)
  (item_embedding): Embedding(54459, 64)
  (softmax): Softmax(dim=1)
  (mf_loss): BPRLoss()
  (reg_loss): EmbLoss()
)
Trainable parameters: 4903360
Sat 11 May 2024 02:57:54 INFO  FLOPs: 52356788.0
Sat 11 May 2024 03:11:56 INFO  epoch 0 training [time: 836.77s, train loss: 294.5408]
Sat 11 May 2024 03:13:32 INFO  epoch 0 evaluating [time: 95.45s, valid_score: 0.028800]
Sat 11 May 2024 03:13:32 INFO  valid result: 
recall@10 : 0.0126    mrr@10 : 0.0288    ndcg@10 : 0.0127    hit@10 : 0.0777    map@10 : 0.0052    precision@10 : 0.009    gauc : 0.887    itemcoverage@10 : 0.0073    averagepopularity@10 : 315.7018    giniindex@10 : 0.9986    shannonentropy@10 : 0.0116    tailpercentage@10 : 0.0
Sat 11 May 2024 03:13:32 INFO  Saving current: saved/amazon_books_60core_kg/DGCF/DGCF-May-11-2024_02-57-55.pth
Sat 11 May 2024 03:27:29 INFO  epoch 1 training [time: 837.17s, train loss: 154.3316]
Sat 11 May 2024 03:29:05 INFO  epoch 1 evaluating [time: 95.58s, valid_score: 0.031900]
Sat 11 May 2024 03:29:05 INFO  valid result: 
recall@10 : 0.0143    mrr@10 : 0.0319    ndcg@10 : 0.0143    hit@10 : 0.0857    map@10 : 0.006    precision@10 : 0.01    gauc : 0.9035    itemcoverage@10 : 0.0092    averagepopularity@10 : 292.8156    giniindex@10 : 0.9982    shannonentropy@10 : 0.0097    tailpercentage@10 : 0.0
Sat 11 May 2024 03:29:05 INFO  Saving current: saved/amazon_books_60core_kg/DGCF/DGCF-May-11-2024_02-57-55.pth
Sat 11 May 2024 03:43:02 INFO  epoch 2 training [time: 837.32s, train loss: 124.4440]
Sat 11 May 2024 03:44:36 INFO  epoch 2 evaluating [time: 94.01s, valid_score: 0.033600]
Sat 11 May 2024 03:44:36 INFO  valid result: 
recall@10 : 0.0151    mrr@10 : 0.0336    ndcg@10 : 0.0151    hit@10 : 0.09    map@10 : 0.0063    precision@10 : 0.0105    gauc : 0.9119    itemcoverage@10 : 0.0117    averagepopularity@10 : 278.8706    giniindex@10 : 0.9979    shannonentropy@10 : 0.0079    tailpercentage@10 : 0.0
Sat 11 May 2024 03:44:37 INFO  Saving current: saved/amazon_books_60core_kg/DGCF/DGCF-May-11-2024_02-57-55.pth
Sat 11 May 2024 03:58:34 INFO  epoch 3 training [time: 837.08s, train loss: 109.6151]
Sat 11 May 2024 04:00:08 INFO  epoch 3 evaluating [time: 94.14s, valid_score: 0.035800]
Sat 11 May 2024 04:00:08 INFO  valid result: 
recall@10 : 0.0164    mrr@10 : 0.0358    ndcg@10 : 0.0162    hit@10 : 0.0963    map@10 : 0.0068    precision@10 : 0.0112    gauc : 0.9176    itemcoverage@10 : 0.0137    averagepopularity@10 : 267.692    giniindex@10 : 0.9974    shannonentropy@10 : 0.007    tailpercentage@10 : 0.0
Sat 11 May 2024 04:00:09 INFO  Saving current: saved/amazon_books_60core_kg/DGCF/DGCF-May-11-2024_02-57-55.pth
Sat 11 May 2024 04:14:06 INFO  epoch 4 training [time: 836.90s, train loss: 100.0862]
Sat 11 May 2024 04:15:41 INFO  epoch 4 evaluating [time: 95.44s, valid_score: 0.037400]
Sat 11 May 2024 04:15:41 INFO  valid result: 
recall@10 : 0.017    mrr@10 : 0.0374    ndcg@10 : 0.0168    hit@10 : 0.1    map@10 : 0.0071    precision@10 : 0.0116    gauc : 0.9218    itemcoverage@10 : 0.0165    averagepopularity@10 : 258.412    giniindex@10 : 0.997    shannonentropy@10 : 0.006    tailpercentage@10 : 0.0
Sat 11 May 2024 04:15:42 INFO  Saving current: saved/amazon_books_60core_kg/DGCF/DGCF-May-11-2024_02-57-55.pth
Sat 11 May 2024 04:29:39 INFO  epoch 5 training [time: 836.91s, train loss: 92.8801]
Sat 11 May 2024 04:31:14 INFO  epoch 5 evaluating [time: 95.56s, valid_score: 0.039100]
Sat 11 May 2024 04:31:14 INFO  valid result: 
recall@10 : 0.0183    mrr@10 : 0.0391    ndcg@10 : 0.0179    hit@10 : 0.1049    map@10 : 0.0076    precision@10 : 0.0123    gauc : 0.9252    itemcoverage@10 : 0.0188    averagepopularity@10 : 249.7703    giniindex@10 : 0.9964    shannonentropy@10 : 0.0054    tailpercentage@10 : 0.0
Sat 11 May 2024 04:31:15 INFO  Saving current: saved/amazon_books_60core_kg/DGCF/DGCF-May-11-2024_02-57-55.pth
Sat 11 May 2024 04:45:12 INFO  epoch 6 training [time: 837.00s, train loss: 86.9851]
Sat 11 May 2024 04:46:48 INFO  epoch 6 evaluating [time: 95.80s, valid_score: 0.040300]
Sat 11 May 2024 04:46:48 INFO  valid result: 
recall@10 : 0.0194    mrr@10 : 0.0403    ndcg@10 : 0.0186    hit@10 : 0.1089    map@10 : 0.0079    precision@10 : 0.0128    gauc : 0.928    itemcoverage@10 : 0.0221    averagepopularity@10 : 244.9226    giniindex@10 : 0.996    shannonentropy@10 : 0.0047    tailpercentage@10 : 0.0
Sat 11 May 2024 04:46:48 INFO  Saving current: saved/amazon_books_60core_kg/DGCF/DGCF-May-11-2024_02-57-55.pth
Sat 11 May 2024 05:00:45 INFO  epoch 7 training [time: 837.03s, train loss: 81.1822]
Sat 11 May 2024 05:02:22 INFO  epoch 7 evaluating [time: 96.68s, valid_score: 0.041400]
Sat 11 May 2024 05:02:22 INFO  valid result: 
recall@10 : 0.0204    mrr@10 : 0.0414    ndcg@10 : 0.0193    hit@10 : 0.1114    map@10 : 0.0082    precision@10 : 0.0131    gauc : 0.9303    itemcoverage@10 : 0.0247    averagepopularity@10 : 240.278    giniindex@10 : 0.9955    shannonentropy@10 : 0.0043    tailpercentage@10 : 0.0
Sat 11 May 2024 05:02:23 INFO  Saving current: saved/amazon_books_60core_kg/DGCF/DGCF-May-11-2024_02-57-55.pth
Sat 11 May 2024 05:16:19 INFO  epoch 8 training [time: 836.60s, train loss: 76.9192]
Sat 11 May 2024 05:17:55 INFO  epoch 8 evaluating [time: 95.39s, valid_score: 0.042300]
Sat 11 May 2024 05:17:55 INFO  valid result: 
recall@10 : 0.021    mrr@10 : 0.0423    ndcg@10 : 0.0198    hit@10 : 0.114    map@10 : 0.0084    precision@10 : 0.0134    gauc : 0.9323    itemcoverage@10 : 0.028    averagepopularity@10 : 236.589    giniindex@10 : 0.9951    shannonentropy@10 : 0.0038    tailpercentage@10 : 0.0
Sat 11 May 2024 05:17:55 INFO  Saving current: saved/amazon_books_60core_kg/DGCF/DGCF-May-11-2024_02-57-55.pth
Sat 11 May 2024 05:31:52 INFO  epoch 9 training [time: 836.73s, train loss: 73.3843]
Sat 11 May 2024 05:33:26 INFO  epoch 9 evaluating [time: 93.93s, valid_score: 0.043800]
Sat 11 May 2024 05:33:26 INFO  valid result: 
recall@10 : 0.0221    mrr@10 : 0.0438    ndcg@10 : 0.0208    hit@10 : 0.1177    map@10 : 0.0091    precision@10 : 0.0139    gauc : 0.9341    itemcoverage@10 : 0.0308    averagepopularity@10 : 231.2713    giniindex@10 : 0.9946    shannonentropy@10 : 0.0035    tailpercentage@10 : 0.0
Sat 11 May 2024 05:33:26 INFO  Saving current: saved/amazon_books_60core_kg/DGCF/DGCF-May-11-2024_02-57-55.pth
Sat 11 May 2024 05:47:24 INFO  epoch 10 training [time: 837.19s, train loss: 69.8516]
Sat 11 May 2024 05:48:57 INFO  epoch 10 evaluating [time: 93.65s, valid_score: 0.044400]
Sat 11 May 2024 05:48:57 INFO  valid result: 
recall@10 : 0.0227    mrr@10 : 0.0444    ndcg@10 : 0.0212    hit@10 : 0.1183    map@10 : 0.0093    precision@10 : 0.014    gauc : 0.9356    itemcoverage@10 : 0.0347    averagepopularity@10 : 226.3425    giniindex@10 : 0.994    shannonentropy@10 : 0.0032    tailpercentage@10 : 0.0
Sat 11 May 2024 05:48:58 INFO  Saving current: saved/amazon_books_60core_kg/DGCF/DGCF-May-11-2024_02-57-55.pth
Sat 11 May 2024 06:02:54 INFO  epoch 11 training [time: 836.50s, train loss: 66.7365]
Sat 11 May 2024 06:04:28 INFO  epoch 11 evaluating [time: 93.65s, valid_score: 0.045600]
Sat 11 May 2024 06:04:28 INFO  valid result: 
recall@10 : 0.0234    mrr@10 : 0.0456    ndcg@10 : 0.0218    hit@10 : 0.121    map@10 : 0.0097    precision@10 : 0.0143    gauc : 0.9369    itemcoverage@10 : 0.038    averagepopularity@10 : 222.592    giniindex@10 : 0.9935    shannonentropy@10 : 0.0029    tailpercentage@10 : 0.0
Sat 11 May 2024 06:04:29 INFO  Saving current: saved/amazon_books_60core_kg/DGCF/DGCF-May-11-2024_02-57-55.pth
Sat 11 May 2024 06:18:26 INFO  epoch 12 training [time: 837.01s, train loss: 64.2414]
Sat 11 May 2024 06:20:00 INFO  epoch 12 evaluating [time: 94.70s, valid_score: 0.046700]
Sat 11 May 2024 06:20:00 INFO  valid result: 
recall@10 : 0.0244    mrr@10 : 0.0467    ndcg@10 : 0.0226    hit@10 : 0.1241    map@10 : 0.0101    precision@10 : 0.0148    gauc : 0.9381    itemcoverage@10 : 0.0424    averagepopularity@10 : 220.3944    giniindex@10 : 0.9928    shannonentropy@10 : 0.0027    tailpercentage@10 : 0.0
Sat 11 May 2024 06:20:01 INFO  Saving current: saved/amazon_books_60core_kg/DGCF/DGCF-May-11-2024_02-57-55.pth
Sat 11 May 2024 06:33:57 INFO  epoch 13 training [time: 836.71s, train loss: 61.3655]
Sat 11 May 2024 06:35:31 INFO  epoch 13 evaluating [time: 93.97s, valid_score: 0.047100]
Sat 11 May 2024 06:35:31 INFO  valid result: 
recall@10 : 0.0249    mrr@10 : 0.0471    ndcg@10 : 0.0229    hit@10 : 0.1275    map@10 : 0.0102    precision@10 : 0.0151    gauc : 0.9391    itemcoverage@10 : 0.0463    averagepopularity@10 : 218.1863    giniindex@10 : 0.9922    shannonentropy@10 : 0.0025    tailpercentage@10 : 0.0
Sat 11 May 2024 06:35:32 INFO  Saving current: saved/amazon_books_60core_kg/DGCF/DGCF-May-11-2024_02-57-55.pth
Sat 11 May 2024 06:49:29 INFO  epoch 14 training [time: 836.92s, train loss: 58.9232]
Sat 11 May 2024 06:51:06 INFO  epoch 14 evaluating [time: 97.13s, valid_score: 0.048400]
Sat 11 May 2024 06:51:06 INFO  valid result: 
recall@10 : 0.0263    mrr@10 : 0.0484    ndcg@10 : 0.0238    hit@10 : 0.1317    map@10 : 0.0105    precision@10 : 0.0156    gauc : 0.94    itemcoverage@10 : 0.0497    averagepopularity@10 : 215.6514    giniindex@10 : 0.9916    shannonentropy@10 : 0.0023    tailpercentage@10 : 0.0
Sat 11 May 2024 06:51:07 INFO  Saving current: saved/amazon_books_60core_kg/DGCF/DGCF-May-11-2024_02-57-55.pth
Sat 11 May 2024 07:05:04 INFO  epoch 15 training [time: 837.01s, train loss: 57.0573]
Sat 11 May 2024 07:06:40 INFO  epoch 15 evaluating [time: 96.54s, valid_score: 0.049600]
Sat 11 May 2024 07:06:40 INFO  valid result: 
recall@10 : 0.0273    mrr@10 : 0.0496    ndcg@10 : 0.0246    hit@10 : 0.1336    map@10 : 0.0111    precision@10 : 0.0159    gauc : 0.9408    itemcoverage@10 : 0.0547    averagepopularity@10 : 212.9396    giniindex@10 : 0.9908    shannonentropy@10 : 0.0022    tailpercentage@10 : 0.0
Sat 11 May 2024 07:06:41 INFO  Saving current: saved/amazon_books_60core_kg/DGCF/DGCF-May-11-2024_02-57-55.pth
Sat 11 May 2024 07:20:38 INFO  epoch 16 training [time: 837.00s, train loss: 54.6960]
Sat 11 May 2024 07:22:15 INFO  epoch 16 evaluating [time: 97.15s, valid_score: 0.050300]
Sat 11 May 2024 07:22:15 INFO  valid result: 
recall@10 : 0.0275    mrr@10 : 0.0503    ndcg@10 : 0.025    hit@10 : 0.1363    map@10 : 0.0113    precision@10 : 0.0162    gauc : 0.9415    itemcoverage@10 : 0.059    averagepopularity@10 : 210.1183    giniindex@10 : 0.9901    shannonentropy@10 : 0.002    tailpercentage@10 : 0.0
Sat 11 May 2024 07:22:16 INFO  Saving current: saved/amazon_books_60core_kg/DGCF/DGCF-May-11-2024_02-57-55.pth
Sat 11 May 2024 07:36:14 INFO  epoch 17 training [time: 837.60s, train loss: 53.1318]
Sat 11 May 2024 07:37:50 INFO  epoch 17 evaluating [time: 96.14s, valid_score: 0.050800]
Sat 11 May 2024 07:37:50 INFO  valid result: 
recall@10 : 0.0278    mrr@10 : 0.0508    ndcg@10 : 0.0253    hit@10 : 0.1375    map@10 : 0.0115    precision@10 : 0.0164    gauc : 0.9422    itemcoverage@10 : 0.063    averagepopularity@10 : 206.8184    giniindex@10 : 0.9893    shannonentropy@10 : 0.0019    tailpercentage@10 : 0.0
Sat 11 May 2024 07:37:50 INFO  Saving current: saved/amazon_books_60core_kg/DGCF/DGCF-May-11-2024_02-57-55.pth
Sat 11 May 2024 07:51:48 INFO  epoch 18 training [time: 837.78s, train loss: 51.1400]
Sat 11 May 2024 07:53:24 INFO  epoch 18 evaluating [time: 96.16s, valid_score: 0.051400]
Sat 11 May 2024 07:53:24 INFO  valid result: 
recall@10 : 0.0286    mrr@10 : 0.0514    ndcg@10 : 0.0258    hit@10 : 0.1394    map@10 : 0.0117    precision@10 : 0.0166    gauc : 0.9428    itemcoverage@10 : 0.0674    averagepopularity@10 : 203.9391    giniindex@10 : 0.9884    shannonentropy@10 : 0.0018    tailpercentage@10 : 0.0
Sat 11 May 2024 07:53:25 INFO  Saving current: saved/amazon_books_60core_kg/DGCF/DGCF-May-11-2024_02-57-55.pth
Sat 11 May 2024 08:07:23 INFO  epoch 19 training [time: 837.91s, train loss: 49.7907]
Sat 11 May 2024 08:08:59 INFO  epoch 19 evaluating [time: 96.72s, valid_score: 0.052400]
Sat 11 May 2024 08:08:59 INFO  valid result: 
recall@10 : 0.0291    mrr@10 : 0.0524    ndcg@10 : 0.0263    hit@10 : 0.1421    map@10 : 0.012    precision@10 : 0.0169    gauc : 0.9433    itemcoverage@10 : 0.0711    averagepopularity@10 : 201.055    giniindex@10 : 0.9876    shannonentropy@10 : 0.0017    tailpercentage@10 : 0.0
Sat 11 May 2024 08:09:00 INFO  Saving current: saved/amazon_books_60core_kg/DGCF/DGCF-May-11-2024_02-57-55.pth
Sat 11 May 2024 08:22:59 INFO  epoch 20 training [time: 838.65s, train loss: 48.0907]
Sat 11 May 2024 08:24:33 INFO  epoch 20 evaluating [time: 94.04s, valid_score: 0.053100]
Sat 11 May 2024 08:24:33 INFO  valid result: 
recall@10 : 0.0294    mrr@10 : 0.0531    ndcg@10 : 0.0265    hit@10 : 0.1432    map@10 : 0.0121    precision@10 : 0.017    gauc : 0.9438    itemcoverage@10 : 0.075    averagepopularity@10 : 199.1317    giniindex@10 : 0.9868    shannonentropy@10 : 0.0016    tailpercentage@10 : 0.0
Sat 11 May 2024 08:24:33 INFO  Saving current: saved/amazon_books_60core_kg/DGCF/DGCF-May-11-2024_02-57-55.pth
Sat 11 May 2024 08:38:32 INFO  epoch 21 training [time: 838.43s, train loss: 47.0056]
Sat 11 May 2024 08:40:05 INFO  epoch 21 evaluating [time: 93.66s, valid_score: 0.054000]
Sat 11 May 2024 08:40:05 INFO  valid result: 
recall@10 : 0.0299    mrr@10 : 0.054    ndcg@10 : 0.0269    hit@10 : 0.1445    map@10 : 0.0124    precision@10 : 0.0172    gauc : 0.9443    itemcoverage@10 : 0.0805    averagepopularity@10 : 196.2952    giniindex@10 : 0.9858    shannonentropy@10 : 0.0016    tailpercentage@10 : 0.0001
Sat 11 May 2024 08:40:06 INFO  Saving current: saved/amazon_books_60core_kg/DGCF/DGCF-May-11-2024_02-57-55.pth
Sat 11 May 2024 08:54:05 INFO  epoch 22 training [time: 838.66s, train loss: 45.4512]
Sat 11 May 2024 08:55:38 INFO  epoch 22 evaluating [time: 93.69s, valid_score: 0.054300]
Sat 11 May 2024 08:55:38 INFO  valid result: 
recall@10 : 0.0305    mrr@10 : 0.0543    ndcg@10 : 0.0272    hit@10 : 0.1474    map@10 : 0.0124    precision@10 : 0.0174    gauc : 0.9448    itemcoverage@10 : 0.0851    averagepopularity@10 : 193.936    giniindex@10 : 0.985    shannonentropy@10 : 0.0015    tailpercentage@10 : 0.0001
Sat 11 May 2024 08:55:39 INFO  Saving current: saved/amazon_books_60core_kg/DGCF/DGCF-May-11-2024_02-57-55.pth
Sat 11 May 2024 09:09:38 INFO  epoch 23 training [time: 839.35s, train loss: 44.0090]
Sat 11 May 2024 09:11:13 INFO  epoch 23 evaluating [time: 94.51s, valid_score: 0.054300]
Sat 11 May 2024 09:11:13 INFO  valid result: 
recall@10 : 0.0309    mrr@10 : 0.0543    ndcg@10 : 0.0274    hit@10 : 0.1485    map@10 : 0.0124    precision@10 : 0.0175    gauc : 0.9452    itemcoverage@10 : 0.0884    averagepopularity@10 : 191.5454    giniindex@10 : 0.9843    shannonentropy@10 : 0.0014    tailpercentage@10 : 0.0001
Sat 11 May 2024 09:11:13 INFO  Saving current: saved/amazon_books_60core_kg/DGCF/DGCF-May-11-2024_02-57-55.pth
Sat 11 May 2024 09:25:13 INFO  epoch 24 training [time: 840.04s, train loss: 42.8275]
Sat 11 May 2024 09:26:51 INFO  epoch 24 evaluating [time: 97.57s, valid_score: 0.055000]
Sat 11 May 2024 09:26:51 INFO  valid result: 
recall@10 : 0.0308    mrr@10 : 0.055    ndcg@10 : 0.0275    hit@10 : 0.1487    map@10 : 0.0125    precision@10 : 0.0176    gauc : 0.9456    itemcoverage@10 : 0.092    averagepopularity@10 : 189.1791    giniindex@10 : 0.9835    shannonentropy@10 : 0.0014    tailpercentage@10 : 0.0001
Sat 11 May 2024 09:26:52 INFO  Saving current: saved/amazon_books_60core_kg/DGCF/DGCF-May-11-2024_02-57-55.pth
Sat 11 May 2024 09:40:51 INFO  epoch 25 training [time: 839.84s, train loss: 41.9927]
Sat 11 May 2024 09:42:25 INFO  epoch 25 evaluating [time: 93.93s, valid_score: 0.055200]
Sat 11 May 2024 09:42:25 INFO  valid result: 
recall@10 : 0.0311    mrr@10 : 0.0552    ndcg@10 : 0.0277    hit@10 : 0.1499    map@10 : 0.0126    precision@10 : 0.0178    gauc : 0.946    itemcoverage@10 : 0.0979    averagepopularity@10 : 188.8639    giniindex@10 : 0.9826    shannonentropy@10 : 0.0013    tailpercentage@10 : 0.0002
Sat 11 May 2024 09:42:26 INFO  Saving current: saved/amazon_books_60core_kg/DGCF/DGCF-May-11-2024_02-57-55.pth
Sat 11 May 2024 09:56:26 INFO  epoch 26 training [time: 840.20s, train loss: 40.9962]
Sat 11 May 2024 09:58:06 INFO  epoch 26 evaluating [time: 99.64s, valid_score: 0.056400]
Sat 11 May 2024 09:58:06 INFO  valid result: 
recall@10 : 0.0315    mrr@10 : 0.0564    ndcg@10 : 0.0281    hit@10 : 0.1522    map@10 : 0.0127    precision@10 : 0.018    gauc : 0.9464    itemcoverage@10 : 0.1019    averagepopularity@10 : 186.6013    giniindex@10 : 0.9816    shannonentropy@10 : 0.0013    tailpercentage@10 : 0.0002
Sat 11 May 2024 09:58:07 INFO  Saving current: saved/amazon_books_60core_kg/DGCF/DGCF-May-11-2024_02-57-55.pth
Sat 11 May 2024 10:12:09 INFO  epoch 27 training [time: 842.10s, train loss: 39.8584]
Sat 11 May 2024 10:14:09 INFO  epoch 27 evaluating [time: 119.47s, valid_score: 0.056400]
Sat 11 May 2024 10:14:09 INFO  valid result: 
recall@10 : 0.0322    mrr@10 : 0.0564    ndcg@10 : 0.0284    hit@10 : 0.1529    map@10 : 0.0129    precision@10 : 0.0182    gauc : 0.9467    itemcoverage@10 : 0.1066    averagepopularity@10 : 184.7012    giniindex@10 : 0.9808    shannonentropy@10 : 0.0012    tailpercentage@10 : 0.0002
Sat 11 May 2024 10:14:10 INFO  Saving current: saved/amazon_books_60core_kg/DGCF/DGCF-May-11-2024_02-57-55.pth
Sat 11 May 2024 10:30:02 INFO  epoch 28 training [time: 952.35s, train loss: 38.8663]
Sat 11 May 2024 10:31:48 INFO  epoch 28 evaluating [time: 105.13s, valid_score: 0.057200]
Sat 11 May 2024 10:31:48 INFO  valid result: 
recall@10 : 0.0323    mrr@10 : 0.0572    ndcg@10 : 0.0288    hit@10 : 0.1541    map@10 : 0.0132    precision@10 : 0.0183    gauc : 0.947    itemcoverage@10 : 0.1107    averagepopularity@10 : 182.8525    giniindex@10 : 0.98    shannonentropy@10 : 0.0012    tailpercentage@10 : 0.0003
Sat 11 May 2024 10:31:48 INFO  Saving current: saved/amazon_books_60core_kg/DGCF/DGCF-May-11-2024_02-57-55.pth
Sat 11 May 2024 10:45:49 INFO  epoch 29 training [time: 840.78s, train loss: 37.9710]
Sat 11 May 2024 10:47:28 INFO  epoch 29 evaluating [time: 98.57s, valid_score: 0.058300]
Sat 11 May 2024 10:47:28 INFO  valid result: 
recall@10 : 0.0331    mrr@10 : 0.0583    ndcg@10 : 0.0294    hit@10 : 0.1569    map@10 : 0.0135    precision@10 : 0.0187    gauc : 0.9473    itemcoverage@10 : 0.1151    averagepopularity@10 : 181.3627    giniindex@10 : 0.9791    shannonentropy@10 : 0.0011    tailpercentage@10 : 0.0003
Sat 11 May 2024 10:47:28 INFO  Saving current: saved/amazon_books_60core_kg/DGCF/DGCF-May-11-2024_02-57-55.pth
Sat 11 May 2024 11:01:30 INFO  epoch 30 training [time: 841.50s, train loss: 37.0936]
Sat 11 May 2024 11:03:11 INFO  epoch 30 evaluating [time: 100.99s, valid_score: 0.059000]
Sat 11 May 2024 11:03:11 INFO  valid result: 
recall@10 : 0.0336    mrr@10 : 0.059    ndcg@10 : 0.0297    hit@10 : 0.1587    map@10 : 0.0136    precision@10 : 0.0189    gauc : 0.9475    itemcoverage@10 : 0.1198    averagepopularity@10 : 179.5597    giniindex@10 : 0.9779    shannonentropy@10 : 0.0011    tailpercentage@10 : 0.0003
Sat 11 May 2024 11:03:12 INFO  Saving current: saved/amazon_books_60core_kg/DGCF/DGCF-May-11-2024_02-57-55.pth
Sat 11 May 2024 11:17:14 INFO  epoch 31 training [time: 842.18s, train loss: 36.0897]
Sat 11 May 2024 11:18:49 INFO  epoch 31 evaluating [time: 95.02s, valid_score: 0.060000]
Sat 11 May 2024 11:18:49 INFO  valid result: 
recall@10 : 0.0341    mrr@10 : 0.06    ndcg@10 : 0.0302    hit@10 : 0.1605    map@10 : 0.0138    precision@10 : 0.0192    gauc : 0.9478    itemcoverage@10 : 0.1235    averagepopularity@10 : 178.5447    giniindex@10 : 0.9769    shannonentropy@10 : 0.0011    tailpercentage@10 : 0.0003
Sat 11 May 2024 11:18:49 INFO  Saving current: saved/amazon_books_60core_kg/DGCF/DGCF-May-11-2024_02-57-55.pth
Sat 11 May 2024 11:32:52 INFO  epoch 32 training [time: 842.33s, train loss: 35.3381]
Sat 11 May 2024 11:34:27 INFO  epoch 32 evaluating [time: 95.03s, valid_score: 0.060700]
Sat 11 May 2024 11:34:27 INFO  valid result: 
recall@10 : 0.0341    mrr@10 : 0.0607    ndcg@10 : 0.0305    hit@10 : 0.1614    map@10 : 0.0141    precision@10 : 0.0192    gauc : 0.9481    itemcoverage@10 : 0.1284    averagepopularity@10 : 176.9004    giniindex@10 : 0.9758    shannonentropy@10 : 0.001    tailpercentage@10 : 0.0004
Sat 11 May 2024 11:34:27 INFO  Saving current: saved/amazon_books_60core_kg/DGCF/DGCF-May-11-2024_02-57-55.pth
Sat 11 May 2024 11:48:30 INFO  epoch 33 training [time: 842.24s, train loss: 34.3920]
Sat 11 May 2024 11:50:07 INFO  epoch 33 evaluating [time: 97.60s, valid_score: 0.060600]
Sat 11 May 2024 11:50:07 INFO  valid result: 
recall@10 : 0.0344    mrr@10 : 0.0606    ndcg@10 : 0.0306    hit@10 : 0.1619    map@10 : 0.014    precision@10 : 0.0194    gauc : 0.9483    itemcoverage@10 : 0.1331    averagepopularity@10 : 176.0389    giniindex@10 : 0.9751    shannonentropy@10 : 0.001    tailpercentage@10 : 0.0004
Sat 11 May 2024 12:04:08 INFO  epoch 34 training [time: 840.93s, train loss: 33.9437]
Sat 11 May 2024 12:05:46 INFO  epoch 34 evaluating [time: 97.76s, valid_score: 0.061300]
Sat 11 May 2024 12:05:46 INFO  valid result: 
recall@10 : 0.0348    mrr@10 : 0.0613    ndcg@10 : 0.031    hit@10 : 0.1629    map@10 : 0.0143    precision@10 : 0.0196    gauc : 0.9485    itemcoverage@10 : 0.1381    averagepopularity@10 : 174.7417    giniindex@10 : 0.9739    shannonentropy@10 : 0.001    tailpercentage@10 : 0.0004
Sat 11 May 2024 12:05:46 INFO  Saving current: saved/amazon_books_60core_kg/DGCF/DGCF-May-11-2024_02-57-55.pth
Sat 11 May 2024 12:19:49 INFO  epoch 35 training [time: 842.05s, train loss: 33.1517]
Sat 11 May 2024 12:21:27 INFO  epoch 35 evaluating [time: 97.97s, valid_score: 0.061700]
Sat 11 May 2024 12:21:27 INFO  valid result: 
recall@10 : 0.0357    mrr@10 : 0.0617    ndcg@10 : 0.0314    hit@10 : 0.1654    map@10 : 0.0145    precision@10 : 0.0199    gauc : 0.9487    itemcoverage@10 : 0.1437    averagepopularity@10 : 173.5286    giniindex@10 : 0.9725    shannonentropy@10 : 0.0009    tailpercentage@10 : 0.0004
Sat 11 May 2024 12:21:27 INFO  Saving current: saved/amazon_books_60core_kg/DGCF/DGCF-May-11-2024_02-57-55.pth
Sat 11 May 2024 12:35:29 INFO  epoch 36 training [time: 842.27s, train loss: 32.4833]
Sat 11 May 2024 12:37:04 INFO  epoch 36 evaluating [time: 94.37s, valid_score: 0.062000]
Sat 11 May 2024 12:37:04 INFO  valid result: 
recall@10 : 0.0361    mrr@10 : 0.062    ndcg@10 : 0.0316    hit@10 : 0.1674    map@10 : 0.0144    precision@10 : 0.02    gauc : 0.9488    itemcoverage@10 : 0.1472    averagepopularity@10 : 170.7703    giniindex@10 : 0.9714    shannonentropy@10 : 0.0009    tailpercentage@10 : 0.0004
Sat 11 May 2024 12:37:04 INFO  Saving current: saved/amazon_books_60core_kg/DGCF/DGCF-May-11-2024_02-57-55.pth
Sat 11 May 2024 12:51:06 INFO  epoch 37 training [time: 841.71s, train loss: 31.7260]
Sat 11 May 2024 12:52:43 INFO  epoch 37 evaluating [time: 97.08s, valid_score: 0.062300]
Sat 11 May 2024 12:52:43 INFO  valid result: 
recall@10 : 0.0362    mrr@10 : 0.0623    ndcg@10 : 0.0318    hit@10 : 0.1675    map@10 : 0.0146    precision@10 : 0.0201    gauc : 0.949    itemcoverage@10 : 0.1513    averagepopularity@10 : 169.6632    giniindex@10 : 0.9706    shannonentropy@10 : 0.0009    tailpercentage@10 : 0.0004
Sat 11 May 2024 12:52:44 INFO  Saving current: saved/amazon_books_60core_kg/DGCF/DGCF-May-11-2024_02-57-55.pth
Sat 11 May 2024 13:06:46 INFO  epoch 38 training [time: 842.52s, train loss: 31.0327]
Sat 11 May 2024 13:08:25 INFO  epoch 38 evaluating [time: 98.61s, valid_score: 0.062800]
Sat 11 May 2024 13:08:25 INFO  valid result: 
recall@10 : 0.0364    mrr@10 : 0.0628    ndcg@10 : 0.032    hit@10 : 0.1692    map@10 : 0.0147    precision@10 : 0.0204    gauc : 0.9492    itemcoverage@10 : 0.1556    averagepopularity@10 : 169.9159    giniindex@10 : 0.9696    shannonentropy@10 : 0.0009    tailpercentage@10 : 0.0004
Sat 11 May 2024 13:08:26 INFO  Saving current: saved/amazon_books_60core_kg/DGCF/DGCF-May-11-2024_02-57-55.pth
Sat 11 May 2024 13:22:27 INFO  epoch 39 training [time: 841.63s, train loss: 30.3645]
Sat 11 May 2024 13:24:05 INFO  epoch 39 evaluating [time: 98.08s, valid_score: 0.062900]
Sat 11 May 2024 13:24:05 INFO  valid result: 
recall@10 : 0.0367    mrr@10 : 0.0629    ndcg@10 : 0.0322    hit@10 : 0.1705    map@10 : 0.0148    precision@10 : 0.0205    gauc : 0.9494    itemcoverage@10 : 0.1604    averagepopularity@10 : 167.5808    giniindex@10 : 0.9685    shannonentropy@10 : 0.0009    tailpercentage@10 : 0.0004
Sat 11 May 2024 13:24:06 INFO  Saving current: saved/amazon_books_60core_kg/DGCF/DGCF-May-11-2024_02-57-55.pth
Sat 11 May 2024 13:38:08 INFO  epoch 40 training [time: 842.59s, train loss: 29.7116]
Sat 11 May 2024 13:39:45 INFO  epoch 40 evaluating [time: 96.96s, valid_score: 0.063400]
Sat 11 May 2024 13:39:45 INFO  valid result: 
recall@10 : 0.0365    mrr@10 : 0.0634    ndcg@10 : 0.0323    hit@10 : 0.1699    map@10 : 0.0149    precision@10 : 0.0205    gauc : 0.9495    itemcoverage@10 : 0.1649    averagepopularity@10 : 165.9552    giniindex@10 : 0.9674    shannonentropy@10 : 0.0008    tailpercentage@10 : 0.0004
Sat 11 May 2024 13:39:46 INFO  Saving current: saved/amazon_books_60core_kg/DGCF/DGCF-May-11-2024_02-57-55.pth
Sat 11 May 2024 13:53:49 INFO  epoch 41 training [time: 842.74s, train loss: 29.1698]
Sat 11 May 2024 13:55:23 INFO  epoch 41 evaluating [time: 94.66s, valid_score: 0.064000]
Sat 11 May 2024 13:55:23 INFO  valid result: 
recall@10 : 0.0368    mrr@10 : 0.064    ndcg@10 : 0.0327    hit@10 : 0.1712    map@10 : 0.0152    precision@10 : 0.0207    gauc : 0.9496    itemcoverage@10 : 0.1696    averagepopularity@10 : 165.2731    giniindex@10 : 0.9663    shannonentropy@10 : 0.0008    tailpercentage@10 : 0.0005
Sat 11 May 2024 13:55:24 INFO  Saving current: saved/amazon_books_60core_kg/DGCF/DGCF-May-11-2024_02-57-55.pth
Sat 11 May 2024 14:09:27 INFO  epoch 42 training [time: 842.92s, train loss: 28.5650]
Sat 11 May 2024 14:11:03 INFO  epoch 42 evaluating [time: 96.06s, valid_score: 0.064300]
Sat 11 May 2024 14:11:03 INFO  valid result: 
recall@10 : 0.0373    mrr@10 : 0.0643    ndcg@10 : 0.033    hit@10 : 0.1724    map@10 : 0.0152    precision@10 : 0.0209    gauc : 0.9498    itemcoverage@10 : 0.1727    averagepopularity@10 : 163.3243    giniindex@10 : 0.9651    shannonentropy@10 : 0.0008    tailpercentage@10 : 0.0005
Sat 11 May 2024 14:11:04 INFO  Saving current: saved/amazon_books_60core_kg/DGCF/DGCF-May-11-2024_02-57-55.pth
Sat 11 May 2024 14:25:06 INFO  epoch 43 training [time: 842.38s, train loss: 28.0626]
Sat 11 May 2024 14:26:43 INFO  epoch 43 evaluating [time: 97.21s, valid_score: 0.064400]
Sat 11 May 2024 14:26:43 INFO  valid result: 
recall@10 : 0.0374    mrr@10 : 0.0644    ndcg@10 : 0.0331    hit@10 : 0.1734    map@10 : 0.0153    precision@10 : 0.0211    gauc : 0.9499    itemcoverage@10 : 0.1748    averagepopularity@10 : 161.3419    giniindex@10 : 0.9641    shannonentropy@10 : 0.0008    tailpercentage@10 : 0.0005
Sat 11 May 2024 14:26:44 INFO  Saving current: saved/amazon_books_60core_kg/DGCF/DGCF-May-11-2024_02-57-55.pth
Sat 11 May 2024 14:40:47 INFO  epoch 44 training [time: 843.06s, train loss: 27.5046]
Sat 11 May 2024 14:42:26 INFO  epoch 44 evaluating [time: 98.70s, valid_score: 0.065400]
Sat 11 May 2024 14:42:26 INFO  valid result: 
recall@10 : 0.0378    mrr@10 : 0.0654    ndcg@10 : 0.0335    hit@10 : 0.1751    map@10 : 0.0155    precision@10 : 0.0212    gauc : 0.95    itemcoverage@10 : 0.1802    averagepopularity@10 : 159.2113    giniindex@10 : 0.963    shannonentropy@10 : 0.0008    tailpercentage@10 : 0.0006
Sat 11 May 2024 14:42:26 INFO  Saving current: saved/amazon_books_60core_kg/DGCF/DGCF-May-11-2024_02-57-55.pth
Sat 11 May 2024 14:56:29 INFO  epoch 45 training [time: 842.97s, train loss: 26.9155]
Sat 11 May 2024 14:58:04 INFO  epoch 45 evaluating [time: 95.01s, valid_score: 0.064900]
Sat 11 May 2024 14:58:04 INFO  valid result: 
recall@10 : 0.0376    mrr@10 : 0.0649    ndcg@10 : 0.0333    hit@10 : 0.175    map@10 : 0.0154    precision@10 : 0.0213    gauc : 0.9501    itemcoverage@10 : 0.1837    averagepopularity@10 : 158.1807    giniindex@10 : 0.9621    shannonentropy@10 : 0.0008    tailpercentage@10 : 0.0006
Sat 11 May 2024 15:12:08 INFO  epoch 46 training [time: 843.59s, train loss: 26.7629]
Sat 11 May 2024 15:13:46 INFO  epoch 46 evaluating [time: 98.01s, valid_score: 0.065400]
Sat 11 May 2024 15:13:46 INFO  valid result: 
recall@10 : 0.0381    mrr@10 : 0.0654    ndcg@10 : 0.0336    hit@10 : 0.1764    map@10 : 0.0155    precision@10 : 0.0215    gauc : 0.9502    itemcoverage@10 : 0.1887    averagepopularity@10 : 157.4026    giniindex@10 : 0.9608    shannonentropy@10 : 0.0008    tailpercentage@10 : 0.0006
Sat 11 May 2024 15:13:46 INFO  Saving current: saved/amazon_books_60core_kg/DGCF/DGCF-May-11-2024_02-57-55.pth
Sat 11 May 2024 15:27:50 INFO  epoch 47 training [time: 843.32s, train loss: 25.9672]
Sat 11 May 2024 15:29:31 INFO  epoch 47 evaluating [time: 101.58s, valid_score: 0.065400]
Sat 11 May 2024 15:29:31 INFO  valid result: 
recall@10 : 0.0385    mrr@10 : 0.0654    ndcg@10 : 0.0338    hit@10 : 0.1782    map@10 : 0.0156    precision@10 : 0.0217    gauc : 0.9503    itemcoverage@10 : 0.192    averagepopularity@10 : 156.756    giniindex@10 : 0.9599    shannonentropy@10 : 0.0007    tailpercentage@10 : 0.0007
Sat 11 May 2024 15:29:32 INFO  Saving current: saved/amazon_books_60core_kg/DGCF/DGCF-May-11-2024_02-57-55.pth
Sat 11 May 2024 15:43:36 INFO  epoch 48 training [time: 843.59s, train loss: 25.6071]
Sat 11 May 2024 15:45:15 INFO  epoch 48 evaluating [time: 98.97s, valid_score: 0.065400]
Sat 11 May 2024 15:45:15 INFO  valid result: 
recall@10 : 0.0383    mrr@10 : 0.0654    ndcg@10 : 0.0337    hit@10 : 0.1764    map@10 : 0.0156    precision@10 : 0.0215    gauc : 0.9504    itemcoverage@10 : 0.1958    averagepopularity@10 : 155.8664    giniindex@10 : 0.9587    shannonentropy@10 : 0.0007    tailpercentage@10 : 0.0007
Sat 11 May 2024 15:45:15 INFO  Saving current: saved/amazon_books_60core_kg/DGCF/DGCF-May-11-2024_02-57-55.pth
Sat 11 May 2024 15:59:19 INFO  epoch 49 training [time: 844.12s, train loss: 25.2494]
Sat 11 May 2024 16:00:56 INFO  epoch 49 evaluating [time: 96.81s, valid_score: 0.066000]
Sat 11 May 2024 16:00:56 INFO  valid result: 
recall@10 : 0.0388    mrr@10 : 0.066    ndcg@10 : 0.0341    hit@10 : 0.1791    map@10 : 0.0158    precision@10 : 0.0217    gauc : 0.9505    itemcoverage@10 : 0.1998    averagepopularity@10 : 155.6478    giniindex@10 : 0.9576    shannonentropy@10 : 0.0007    tailpercentage@10 : 0.0007
Sat 11 May 2024 16:00:57 INFO  Saving current: saved/amazon_books_60core_kg/DGCF/DGCF-May-11-2024_02-57-55.pth
Sat 11 May 2024 16:15:00 INFO  epoch 50 training [time: 843.59s, train loss: 24.6480]
Sat 11 May 2024 16:16:38 INFO  epoch 50 evaluating [time: 98.04s, valid_score: 0.066800]
Sat 11 May 2024 16:16:38 INFO  valid result: 
recall@10 : 0.0391    mrr@10 : 0.0668    ndcg@10 : 0.0345    hit@10 : 0.1791    map@10 : 0.016    precision@10 : 0.0218    gauc : 0.9506    itemcoverage@10 : 0.2026    averagepopularity@10 : 154.355    giniindex@10 : 0.9565    shannonentropy@10 : 0.0007    tailpercentage@10 : 0.0008
Sat 11 May 2024 16:16:39 INFO  Saving current: saved/amazon_books_60core_kg/DGCF/DGCF-May-11-2024_02-57-55.pth
Sat 11 May 2024 16:30:43 INFO  epoch 51 training [time: 844.09s, train loss: 24.2435]
Sat 11 May 2024 16:32:22 INFO  epoch 51 evaluating [time: 98.89s, valid_score: 0.067800]
Sat 11 May 2024 16:32:22 INFO  valid result: 
recall@10 : 0.0392    mrr@10 : 0.0678    ndcg@10 : 0.0348    hit@10 : 0.1797    map@10 : 0.0163    precision@10 : 0.0219    gauc : 0.9506    itemcoverage@10 : 0.2067    averagepopularity@10 : 152.6011    giniindex@10 : 0.9555    shannonentropy@10 : 0.0007    tailpercentage@10 : 0.0008
Sat 11 May 2024 16:32:23 INFO  Saving current: saved/amazon_books_60core_kg/DGCF/DGCF-May-11-2024_02-57-55.pth
Sat 11 May 2024 16:46:26 INFO  epoch 52 training [time: 843.91s, train loss: 23.8715]
Sat 11 May 2024 16:48:01 INFO  epoch 52 evaluating [time: 94.79s, valid_score: 0.068000]
Sat 11 May 2024 16:48:01 INFO  valid result: 
recall@10 : 0.0393    mrr@10 : 0.068    ndcg@10 : 0.0349    hit@10 : 0.1802    map@10 : 0.0163    precision@10 : 0.022    gauc : 0.9507    itemcoverage@10 : 0.2115    averagepopularity@10 : 151.7377    giniindex@10 : 0.9545    shannonentropy@10 : 0.0007    tailpercentage@10 : 0.0009
Sat 11 May 2024 16:48:02 INFO  Saving current: saved/amazon_books_60core_kg/DGCF/DGCF-May-11-2024_02-57-55.pth
Sat 11 May 2024 17:02:05 INFO  epoch 53 training [time: 843.48s, train loss: 23.4918]
Sat 11 May 2024 17:03:39 INFO  epoch 53 evaluating [time: 93.90s, valid_score: 0.068500]
Sat 11 May 2024 17:03:39 INFO  valid result: 
recall@10 : 0.0399    mrr@10 : 0.0685    ndcg@10 : 0.0352    hit@10 : 0.182    map@10 : 0.0164    precision@10 : 0.0222    gauc : 0.9507    itemcoverage@10 : 0.215    averagepopularity@10 : 150.8091    giniindex@10 : 0.9534    shannonentropy@10 : 0.0007    tailpercentage@10 : 0.0009
Sat 11 May 2024 17:03:40 INFO  Saving current: saved/amazon_books_60core_kg/DGCF/DGCF-May-11-2024_02-57-55.pth
Sat 11 May 2024 17:17:43 INFO  epoch 54 training [time: 842.97s, train loss: 23.0214]
Sat 11 May 2024 17:19:21 INFO  epoch 54 evaluating [time: 97.88s, valid_score: 0.068800]
Sat 11 May 2024 17:19:21 INFO  valid result: 
recall@10 : 0.0394    mrr@10 : 0.0688    ndcg@10 : 0.0351    hit@10 : 0.1816    map@10 : 0.0163    precision@10 : 0.0222    gauc : 0.9508    itemcoverage@10 : 0.2187    averagepopularity@10 : 149.8685    giniindex@10 : 0.9523    shannonentropy@10 : 0.0007    tailpercentage@10 : 0.0009
Sat 11 May 2024 17:19:21 INFO  Saving current: saved/amazon_books_60core_kg/DGCF/DGCF-May-11-2024_02-57-55.pth
Sat 11 May 2024 17:33:23 INFO  epoch 55 training [time: 841.97s, train loss: 22.6682]
Sat 11 May 2024 17:35:00 INFO  epoch 55 evaluating [time: 96.50s, valid_score: 0.068700]
Sat 11 May 2024 17:35:00 INFO  valid result: 
recall@10 : 0.0399    mrr@10 : 0.0687    ndcg@10 : 0.0354    hit@10 : 0.1834    map@10 : 0.0165    precision@10 : 0.0224    gauc : 0.9508    itemcoverage@10 : 0.2226    averagepopularity@10 : 148.6977    giniindex@10 : 0.9509    shannonentropy@10 : 0.0007    tailpercentage@10 : 0.001
Sat 11 May 2024 17:49:01 INFO  epoch 56 training [time: 841.53s, train loss: 22.4209]
Sat 11 May 2024 17:50:39 INFO  epoch 56 evaluating [time: 97.61s, valid_score: 0.069800]
Sat 11 May 2024 17:50:39 INFO  valid result: 
recall@10 : 0.04    mrr@10 : 0.0698    ndcg@10 : 0.0357    hit@10 : 0.1844    map@10 : 0.0167    precision@10 : 0.0225    gauc : 0.9509    itemcoverage@10 : 0.2249    averagepopularity@10 : 147.8167    giniindex@10 : 0.9501    shannonentropy@10 : 0.0006    tailpercentage@10 : 0.0011
Sat 11 May 2024 17:50:40 INFO  Saving current: saved/amazon_books_60core_kg/DGCF/DGCF-May-11-2024_02-57-55.pth
Sat 11 May 2024 18:04:41 INFO  epoch 57 training [time: 840.93s, train loss: 21.9308]
Sat 11 May 2024 18:06:18 INFO  epoch 57 evaluating [time: 97.00s, valid_score: 0.069600]
Sat 11 May 2024 18:06:18 INFO  valid result: 
recall@10 : 0.0401    mrr@10 : 0.0696    ndcg@10 : 0.0357    hit@10 : 0.185    map@10 : 0.0166    precision@10 : 0.0225    gauc : 0.9509    itemcoverage@10 : 0.2287    averagepopularity@10 : 146.8753    giniindex@10 : 0.9492    shannonentropy@10 : 0.0006    tailpercentage@10 : 0.0012
Sat 11 May 2024 18:20:18 INFO  epoch 58 training [time: 840.43s, train loss: 21.4919]
Sat 11 May 2024 18:21:56 INFO  epoch 58 evaluating [time: 98.21s, valid_score: 0.070300]
Sat 11 May 2024 18:21:56 INFO  valid result: 
recall@10 : 0.0405    mrr@10 : 0.0703    ndcg@10 : 0.036    hit@10 : 0.1862    map@10 : 0.0168    precision@10 : 0.0227    gauc : 0.9509    itemcoverage@10 : 0.2319    averagepopularity@10 : 146.3997    giniindex@10 : 0.9478    shannonentropy@10 : 0.0006    tailpercentage@10 : 0.0013
Sat 11 May 2024 18:21:57 INFO  Saving current: saved/amazon_books_60core_kg/DGCF/DGCF-May-11-2024_02-57-55.pth
Sat 11 May 2024 18:35:57 INFO  epoch 59 training [time: 840.15s, train loss: 21.3196]
Sat 11 May 2024 18:37:33 INFO  epoch 59 evaluating [time: 96.39s, valid_score: 0.070300]
Sat 11 May 2024 18:37:33 INFO  valid result: 
recall@10 : 0.041    mrr@10 : 0.0703    ndcg@10 : 0.0361    hit@10 : 0.1863    map@10 : 0.0168    precision@10 : 0.0228    gauc : 0.951    itemcoverage@10 : 0.2337    averagepopularity@10 : 145.3625    giniindex@10 : 0.9472    shannonentropy@10 : 0.0006    tailpercentage@10 : 0.0013
Sat 11 May 2024 18:37:34 INFO  Saving current: saved/amazon_books_60core_kg/DGCF/DGCF-May-11-2024_02-57-55.pth
Sat 11 May 2024 18:51:34 INFO  epoch 60 training [time: 840.23s, train loss: 21.0706]
Sat 11 May 2024 18:53:10 INFO  epoch 60 evaluating [time: 96.22s, valid_score: 0.070700]
Sat 11 May 2024 18:53:10 INFO  valid result: 
recall@10 : 0.041    mrr@10 : 0.0707    ndcg@10 : 0.0362    hit@10 : 0.1868    map@10 : 0.0168    precision@10 : 0.0228    gauc : 0.951    itemcoverage@10 : 0.2373    averagepopularity@10 : 143.2115    giniindex@10 : 0.9461    shannonentropy@10 : 0.0006    tailpercentage@10 : 0.0012
Sat 11 May 2024 18:53:11 INFO  Saving current: saved/amazon_books_60core_kg/DGCF/DGCF-May-11-2024_02-57-55.pth
Sat 11 May 2024 19:07:11 INFO  epoch 61 training [time: 839.93s, train loss: 20.8674]
Sat 11 May 2024 19:08:50 INFO  epoch 61 evaluating [time: 98.57s, valid_score: 0.071500]
Sat 11 May 2024 19:08:50 INFO  valid result: 
recall@10 : 0.0413    mrr@10 : 0.0715    ndcg@10 : 0.0366    hit@10 : 0.1874    map@10 : 0.0171    precision@10 : 0.0229    gauc : 0.951    itemcoverage@10 : 0.2427    averagepopularity@10 : 142.1475    giniindex@10 : 0.9446    shannonentropy@10 : 0.0006    tailpercentage@10 : 0.0013
Sat 11 May 2024 19:08:50 INFO  Saving current: saved/amazon_books_60core_kg/DGCF/DGCF-May-11-2024_02-57-55.pth
Sat 11 May 2024 19:22:50 INFO  epoch 62 training [time: 839.71s, train loss: 19.9742]
Sat 11 May 2024 19:24:27 INFO  epoch 62 evaluating [time: 97.00s, valid_score: 0.071000]
Sat 11 May 2024 19:24:27 INFO  valid result: 
recall@10 : 0.0412    mrr@10 : 0.071    ndcg@10 : 0.0365    hit@10 : 0.1865    map@10 : 0.0171    precision@10 : 0.0229    gauc : 0.951    itemcoverage@10 : 0.2467    averagepopularity@10 : 141.9895    giniindex@10 : 0.9432    shannonentropy@10 : 0.0006    tailpercentage@10 : 0.0013
Sat 11 May 2024 19:38:27 INFO  epoch 63 training [time: 839.64s, train loss: 20.1301]
Sat 11 May 2024 19:40:03 INFO  epoch 63 evaluating [time: 96.48s, valid_score: 0.071200]
Sat 11 May 2024 19:40:03 INFO  valid result: 
recall@10 : 0.0415    mrr@10 : 0.0712    ndcg@10 : 0.0368    hit@10 : 0.1896    map@10 : 0.0172    precision@10 : 0.0234    gauc : 0.9511    itemcoverage@10 : 0.2502    averagepopularity@10 : 140.2203    giniindex@10 : 0.9415    shannonentropy@10 : 0.0006    tailpercentage@10 : 0.0013
Sat 11 May 2024 19:54:02 INFO  epoch 64 training [time: 839.38s, train loss: 20.0026]
Sat 11 May 2024 19:55:39 INFO  epoch 64 evaluating [time: 96.55s, valid_score: 0.072000]
Sat 11 May 2024 19:55:39 INFO  valid result: 
recall@10 : 0.0417    mrr@10 : 0.072    ndcg@10 : 0.037    hit@10 : 0.1907    map@10 : 0.0173    precision@10 : 0.0234    gauc : 0.9511    itemcoverage@10 : 0.254    averagepopularity@10 : 139.5257    giniindex@10 : 0.9403    shannonentropy@10 : 0.0006    tailpercentage@10 : 0.0013
Sat 11 May 2024 19:55:40 INFO  Saving current: saved/amazon_books_60core_kg/DGCF/DGCF-May-11-2024_02-57-55.pth
Sat 11 May 2024 20:09:39 INFO  epoch 65 training [time: 838.95s, train loss: 19.2179]
Sat 11 May 2024 20:11:14 INFO  epoch 65 evaluating [time: 95.45s, valid_score: 0.071700]
Sat 11 May 2024 20:11:14 INFO  valid result: 
recall@10 : 0.0423    mrr@10 : 0.0717    ndcg@10 : 0.0371    hit@10 : 0.1922    map@10 : 0.0173    precision@10 : 0.0235    gauc : 0.9511    itemcoverage@10 : 0.2567    averagepopularity@10 : 139.5204    giniindex@10 : 0.9395    shannonentropy@10 : 0.0006    tailpercentage@10 : 0.0014
Sat 11 May 2024 20:25:13 INFO  epoch 66 training [time: 839.24s, train loss: 19.0810]
Sat 11 May 2024 20:26:48 INFO  epoch 66 evaluating [time: 95.14s, valid_score: 0.071300]
Sat 11 May 2024 20:26:48 INFO  valid result: 
recall@10 : 0.0418    mrr@10 : 0.0713    ndcg@10 : 0.037    hit@10 : 0.1904    map@10 : 0.0173    precision@10 : 0.0234    gauc : 0.9511    itemcoverage@10 : 0.2598    averagepopularity@10 : 138.4422    giniindex@10 : 0.9383    shannonentropy@10 : 0.0006    tailpercentage@10 : 0.0014
Sat 11 May 2024 20:40:47 INFO  epoch 67 training [time: 839.00s, train loss: 18.8836]
Sat 11 May 2024 20:42:24 INFO  epoch 67 evaluating [time: 96.69s, valid_score: 0.072200]
Sat 11 May 2024 20:42:24 INFO  valid result: 
recall@10 : 0.0422    mrr@10 : 0.0722    ndcg@10 : 0.0374    hit@10 : 0.1909    map@10 : 0.0176    precision@10 : 0.0235    gauc : 0.9511    itemcoverage@10 : 0.2611    averagepopularity@10 : 137.2961    giniindex@10 : 0.9377    shannonentropy@10 : 0.0006    tailpercentage@10 : 0.0015
Sat 11 May 2024 20:42:25 INFO  Saving current: saved/amazon_books_60core_kg/DGCF/DGCF-May-11-2024_02-57-55.pth
Sat 11 May 2024 20:56:24 INFO  epoch 68 training [time: 839.00s, train loss: 18.6375]
Sat 11 May 2024 20:58:00 INFO  epoch 68 evaluating [time: 96.56s, valid_score: 0.072700]
Sat 11 May 2024 20:58:00 INFO  valid result: 
recall@10 : 0.0423    mrr@10 : 0.0727    ndcg@10 : 0.0375    hit@10 : 0.1911    map@10 : 0.0177    precision@10 : 0.0235    gauc : 0.9511    itemcoverage@10 : 0.265    averagepopularity@10 : 135.9936    giniindex@10 : 0.9365    shannonentropy@10 : 0.0006    tailpercentage@10 : 0.0014
Sat 11 May 2024 20:58:01 INFO  Saving current: saved/amazon_books_60core_kg/DGCF/DGCF-May-11-2024_02-57-55.pth
Sat 11 May 2024 21:11:58 INFO  epoch 69 training [time: 836.71s, train loss: 18.4010]
Sat 11 May 2024 21:13:34 INFO  epoch 69 evaluating [time: 96.53s, valid_score: 0.072700]
Sat 11 May 2024 21:13:34 INFO  valid result: 
recall@10 : 0.0434    mrr@10 : 0.0727    ndcg@10 : 0.0378    hit@10 : 0.1943    map@10 : 0.0176    precision@10 : 0.0239    gauc : 0.9511    itemcoverage@10 : 0.2687    averagepopularity@10 : 135.4145    giniindex@10 : 0.9354    shannonentropy@10 : 0.0006    tailpercentage@10 : 0.0015
Sat 11 May 2024 21:13:35 INFO  Saving current: saved/amazon_books_60core_kg/DGCF/DGCF-May-11-2024_02-57-55.pth
Sat 11 May 2024 21:27:33 INFO  epoch 70 training [time: 838.26s, train loss: 18.0411]
Sat 11 May 2024 21:29:10 INFO  epoch 70 evaluating [time: 96.82s, valid_score: 0.072500]
Sat 11 May 2024 21:29:10 INFO  valid result: 
recall@10 : 0.0427    mrr@10 : 0.0725    ndcg@10 : 0.0376    hit@10 : 0.1913    map@10 : 0.0176    precision@10 : 0.0237    gauc : 0.9511    itemcoverage@10 : 0.2708    averagepopularity@10 : 134.6389    giniindex@10 : 0.9343    shannonentropy@10 : 0.0006    tailpercentage@10 : 0.0015
Sat 11 May 2024 21:43:08 INFO  epoch 71 training [time: 838.57s, train loss: 17.7239]
Sat 11 May 2024 21:44:42 INFO  epoch 71 evaluating [time: 94.16s, valid_score: 0.072900]
Sat 11 May 2024 21:44:42 INFO  valid result: 
recall@10 : 0.0426    mrr@10 : 0.0729    ndcg@10 : 0.0377    hit@10 : 0.1925    map@10 : 0.0176    precision@10 : 0.0237    gauc : 0.9511    itemcoverage@10 : 0.2739    averagepopularity@10 : 134.564    giniindex@10 : 0.9336    shannonentropy@10 : 0.0006    tailpercentage@10 : 0.0015
Sat 11 May 2024 21:44:43 INFO  Saving current: saved/amazon_books_60core_kg/DGCF/DGCF-May-11-2024_02-57-55.pth
Sat 11 May 2024 21:58:41 INFO  epoch 72 training [time: 838.22s, train loss: 17.2333]
Sat 11 May 2024 22:00:18 INFO  epoch 72 evaluating [time: 96.52s, valid_score: 0.073100]
Sat 11 May 2024 22:00:18 INFO  valid result: 
recall@10 : 0.043    mrr@10 : 0.0731    ndcg@10 : 0.0378    hit@10 : 0.1938    map@10 : 0.0176    precision@10 : 0.0238    gauc : 0.9511    itemcoverage@10 : 0.2746    averagepopularity@10 : 134.6808    giniindex@10 : 0.9331    shannonentropy@10 : 0.0006    tailpercentage@10 : 0.0015
Sat 11 May 2024 22:00:18 INFO  Saving current: saved/amazon_books_60core_kg/DGCF/DGCF-May-11-2024_02-57-55.pth
Sat 11 May 2024 22:14:17 INFO  epoch 73 training [time: 838.65s, train loss: 17.2714]
Sat 11 May 2024 22:15:54 INFO  epoch 73 evaluating [time: 97.31s, valid_score: 0.073400]
Sat 11 May 2024 22:15:54 INFO  valid result: 
recall@10 : 0.0427    mrr@10 : 0.0734    ndcg@10 : 0.0378    hit@10 : 0.193    map@10 : 0.0178    precision@10 : 0.0237    gauc : 0.9511    itemcoverage@10 : 0.2793    averagepopularity@10 : 134.0663    giniindex@10 : 0.932    shannonentropy@10 : 0.0005    tailpercentage@10 : 0.0015
Sat 11 May 2024 22:15:55 INFO  Saving current: saved/amazon_books_60core_kg/DGCF/DGCF-May-11-2024_02-57-55.pth
Sat 11 May 2024 22:29:53 INFO  epoch 74 training [time: 837.94s, train loss: 17.0725]
Sat 11 May 2024 22:31:27 INFO  epoch 74 evaluating [time: 94.18s, valid_score: 0.073700]
Sat 11 May 2024 22:31:27 INFO  valid result: 
recall@10 : 0.0431    mrr@10 : 0.0737    ndcg@10 : 0.038    hit@10 : 0.1947    map@10 : 0.0178    precision@10 : 0.0239    gauc : 0.9511    itemcoverage@10 : 0.2818    averagepopularity@10 : 133.0411    giniindex@10 : 0.9308    shannonentropy@10 : 0.0005    tailpercentage@10 : 0.0017
Sat 11 May 2024 22:31:28 INFO  Saving current: saved/amazon_books_60core_kg/DGCF/DGCF-May-11-2024_02-57-55.pth
Sat 11 May 2024 22:45:27 INFO  epoch 75 training [time: 838.81s, train loss: 16.9387]
Sat 11 May 2024 22:47:04 INFO  epoch 75 evaluating [time: 97.09s, valid_score: 0.074200]
Sat 11 May 2024 22:47:04 INFO  valid result: 
recall@10 : 0.0437    mrr@10 : 0.0742    ndcg@10 : 0.0384    hit@10 : 0.1958    map@10 : 0.018    precision@10 : 0.0242    gauc : 0.9511    itemcoverage@10 : 0.2864    averagepopularity@10 : 132.3749    giniindex@10 : 0.9297    shannonentropy@10 : 0.0005    tailpercentage@10 : 0.0017
Sat 11 May 2024 22:47:04 INFO  Saving current: saved/amazon_books_60core_kg/DGCF/DGCF-May-11-2024_02-57-55.pth
Sat 11 May 2024 23:01:03 INFO  epoch 76 training [time: 838.33s, train loss: 16.5659]
Sat 11 May 2024 23:02:39 INFO  epoch 76 evaluating [time: 95.86s, valid_score: 0.075100]
Sat 11 May 2024 23:02:39 INFO  valid result: 
recall@10 : 0.0437    mrr@10 : 0.0751    ndcg@10 : 0.0387    hit@10 : 0.1953    map@10 : 0.0182    precision@10 : 0.0242    gauc : 0.9511    itemcoverage@10 : 0.2898    averagepopularity@10 : 131.2305    giniindex@10 : 0.9283    shannonentropy@10 : 0.0005    tailpercentage@10 : 0.0018
Sat 11 May 2024 23:02:39 INFO  Saving current: saved/amazon_books_60core_kg/DGCF/DGCF-May-11-2024_02-57-55.pth
Sat 11 May 2024 23:16:37 INFO  epoch 77 training [time: 837.78s, train loss: 16.4552]
Sat 11 May 2024 23:18:12 INFO  epoch 77 evaluating [time: 95.43s, valid_score: 0.075200]
Sat 11 May 2024 23:18:12 INFO  valid result: 
recall@10 : 0.044    mrr@10 : 0.0752    ndcg@10 : 0.0388    hit@10 : 0.1968    map@10 : 0.0182    precision@10 : 0.0243    gauc : 0.9511    itemcoverage@10 : 0.2913    averagepopularity@10 : 130.3837    giniindex@10 : 0.9276    shannonentropy@10 : 0.0005    tailpercentage@10 : 0.0018
Sat 11 May 2024 23:18:13 INFO  Saving current: saved/amazon_books_60core_kg/DGCF/DGCF-May-11-2024_02-57-55.pth
Sat 11 May 2024 23:32:11 INFO  epoch 78 training [time: 838.42s, train loss: 16.1309]
Sat 11 May 2024 23:33:46 INFO  epoch 78 evaluating [time: 94.75s, valid_score: 0.075600]
Sat 11 May 2024 23:33:46 INFO  valid result: 
recall@10 : 0.0437    mrr@10 : 0.0756    ndcg@10 : 0.0387    hit@10 : 0.197    map@10 : 0.0182    precision@10 : 0.0242    gauc : 0.9511    itemcoverage@10 : 0.2942    averagepopularity@10 : 129.7126    giniindex@10 : 0.9265    shannonentropy@10 : 0.0005    tailpercentage@10 : 0.0019
Sat 11 May 2024 23:33:47 INFO  Saving current: saved/amazon_books_60core_kg/DGCF/DGCF-May-11-2024_02-57-55.pth
Sat 11 May 2024 23:47:45 INFO  epoch 79 training [time: 838.24s, train loss: 16.0081]
Sat 11 May 2024 23:49:20 INFO  epoch 79 evaluating [time: 94.64s, valid_score: 0.076000]
Sat 11 May 2024 23:49:20 INFO  valid result: 
recall@10 : 0.0443    mrr@10 : 0.076    ndcg@10 : 0.0391    hit@10 : 0.1984    map@10 : 0.0184    precision@10 : 0.0244    gauc : 0.951    itemcoverage@10 : 0.2962    averagepopularity@10 : 128.8819    giniindex@10 : 0.9256    shannonentropy@10 : 0.0005    tailpercentage@10 : 0.002
Sat 11 May 2024 23:49:20 INFO  Saving current: saved/amazon_books_60core_kg/DGCF/DGCF-May-11-2024_02-57-55.pth
Sun 12 May 2024 00:03:18 INFO  epoch 80 training [time: 838.06s, train loss: 15.8477]
Sun 12 May 2024 00:04:54 INFO  epoch 80 evaluating [time: 95.39s, valid_score: 0.075700]
Sun 12 May 2024 00:04:54 INFO  valid result: 
recall@10 : 0.0439    mrr@10 : 0.0757    ndcg@10 : 0.0389    hit@10 : 0.1978    map@10 : 0.0183    precision@10 : 0.0244    gauc : 0.951    itemcoverage@10 : 0.2977    averagepopularity@10 : 128.7045    giniindex@10 : 0.9247    shannonentropy@10 : 0.0005    tailpercentage@10 : 0.002
Sun 12 May 2024 00:18:52 INFO  epoch 81 training [time: 838.11s, train loss: 15.5352]
Sun 12 May 2024 00:20:28 INFO  epoch 81 evaluating [time: 96.39s, valid_score: 0.076100]
Sun 12 May 2024 00:20:28 INFO  valid result: 
recall@10 : 0.0446    mrr@10 : 0.0761    ndcg@10 : 0.0393    hit@10 : 0.1991    map@10 : 0.0185    precision@10 : 0.0245    gauc : 0.951    itemcoverage@10 : 0.3018    averagepopularity@10 : 127.5641    giniindex@10 : 0.9234    shannonentropy@10 : 0.0005    tailpercentage@10 : 0.002
Sun 12 May 2024 00:20:29 INFO  Saving current: saved/amazon_books_60core_kg/DGCF/DGCF-May-11-2024_02-57-55.pth
Sun 12 May 2024 00:34:26 INFO  epoch 82 training [time: 837.36s, train loss: 15.1613]
Sun 12 May 2024 00:36:00 INFO  epoch 82 evaluating [time: 93.77s, valid_score: 0.075300]
Sun 12 May 2024 00:36:00 INFO  valid result: 
recall@10 : 0.0444    mrr@10 : 0.0753    ndcg@10 : 0.039    hit@10 : 0.1969    map@10 : 0.0183    precision@10 : 0.0244    gauc : 0.951    itemcoverage@10 : 0.3042    averagepopularity@10 : 126.4151    giniindex@10 : 0.9224    shannonentropy@10 : 0.0005    tailpercentage@10 : 0.0022
Sun 12 May 2024 00:49:58 INFO  epoch 83 training [time: 838.22s, train loss: 15.2853]
Sun 12 May 2024 00:51:32 INFO  epoch 83 evaluating [time: 94.12s, valid_score: 0.076100]
Sun 12 May 2024 00:51:32 INFO  valid result: 
recall@10 : 0.0449    mrr@10 : 0.0761    ndcg@10 : 0.0395    hit@10 : 0.2004    map@10 : 0.0185    precision@10 : 0.0248    gauc : 0.951    itemcoverage@10 : 0.3071    averagepopularity@10 : 126.5205    giniindex@10 : 0.9213    shannonentropy@10 : 0.0005    tailpercentage@10 : 0.0021
Sun 12 May 2024 00:51:33 INFO  Saving current: saved/amazon_books_60core_kg/DGCF/DGCF-May-11-2024_02-57-55.pth
Sun 12 May 2024 01:05:31 INFO  epoch 84 training [time: 837.97s, train loss: 15.0368]
Sun 12 May 2024 01:07:05 INFO  epoch 84 evaluating [time: 93.78s, valid_score: 0.076500]
Sun 12 May 2024 01:07:05 INFO  valid result: 
recall@10 : 0.045    mrr@10 : 0.0765    ndcg@10 : 0.0396    hit@10 : 0.1999    map@10 : 0.0186    precision@10 : 0.0247    gauc : 0.951    itemcoverage@10 : 0.3107    averagepopularity@10 : 125.3676    giniindex@10 : 0.9199    shannonentropy@10 : 0.0005    tailpercentage@10 : 0.0022
Sun 12 May 2024 01:07:05 INFO  Saving current: saved/amazon_books_60core_kg/DGCF/DGCF-May-11-2024_02-57-55.pth
Sun 12 May 2024 01:21:03 INFO  epoch 85 training [time: 837.71s, train loss: 14.7878]
Sun 12 May 2024 01:22:40 INFO  epoch 85 evaluating [time: 96.90s, valid_score: 0.077000]
Sun 12 May 2024 01:22:40 INFO  valid result: 
recall@10 : 0.0449    mrr@10 : 0.077    ndcg@10 : 0.0396    hit@10 : 0.2002    map@10 : 0.0186    precision@10 : 0.0249    gauc : 0.9509    itemcoverage@10 : 0.3129    averagepopularity@10 : 125.7376    giniindex@10 : 0.9194    shannonentropy@10 : 0.0005    tailpercentage@10 : 0.0024
Sun 12 May 2024 01:22:40 INFO  Saving current: saved/amazon_books_60core_kg/DGCF/DGCF-May-11-2024_02-57-55.pth
Sun 12 May 2024 01:36:38 INFO  epoch 86 training [time: 838.06s, train loss: 14.5709]
Sun 12 May 2024 01:38:13 INFO  epoch 86 evaluating [time: 94.87s, valid_score: 0.076700]
Sun 12 May 2024 01:38:13 INFO  valid result: 
recall@10 : 0.0444    mrr@10 : 0.0767    ndcg@10 : 0.0395    hit@10 : 0.1993    map@10 : 0.0186    precision@10 : 0.0248    gauc : 0.9509    itemcoverage@10 : 0.3147    averagepopularity@10 : 125.7376    giniindex@10 : 0.9186    shannonentropy@10 : 0.0005    tailpercentage@10 : 0.0025
Sun 12 May 2024 01:52:11 INFO  epoch 87 training [time: 837.91s, train loss: 14.4595]
Sun 12 May 2024 01:53:47 INFO  epoch 87 evaluating [time: 95.74s, valid_score: 0.076800]
Sun 12 May 2024 01:53:47 INFO  valid result: 
recall@10 : 0.0446    mrr@10 : 0.0768    ndcg@10 : 0.0395    hit@10 : 0.199    map@10 : 0.0186    precision@10 : 0.0247    gauc : 0.9509    itemcoverage@10 : 0.3165    averagepopularity@10 : 125.3857    giniindex@10 : 0.9178    shannonentropy@10 : 0.0005    tailpercentage@10 : 0.0026
Sun 12 May 2024 02:07:45 INFO  epoch 88 training [time: 837.91s, train loss: 14.2615]
Sun 12 May 2024 02:09:19 INFO  epoch 88 evaluating [time: 94.33s, valid_score: 0.076900]
Sun 12 May 2024 02:09:19 INFO  valid result: 
recall@10 : 0.0447    mrr@10 : 0.0769    ndcg@10 : 0.0395    hit@10 : 0.1996    map@10 : 0.0185    precision@10 : 0.0248    gauc : 0.9509    itemcoverage@10 : 0.32    averagepopularity@10 : 124.198    giniindex@10 : 0.9165    shannonentropy@10 : 0.0005    tailpercentage@10 : 0.0027
Sun 12 May 2024 02:23:17 INFO  epoch 89 training [time: 837.45s, train loss: 14.2321]
Sun 12 May 2024 02:24:53 INFO  epoch 89 evaluating [time: 96.08s, valid_score: 0.077300]
Sun 12 May 2024 02:24:53 INFO  valid result: 
recall@10 : 0.0452    mrr@10 : 0.0773    ndcg@10 : 0.0399    hit@10 : 0.2016    map@10 : 0.0188    precision@10 : 0.025    gauc : 0.9509    itemcoverage@10 : 0.3222    averagepopularity@10 : 124.0219    giniindex@10 : 0.9155    shannonentropy@10 : 0.0005    tailpercentage@10 : 0.0028
Sun 12 May 2024 02:24:53 INFO  Saving current: saved/amazon_books_60core_kg/DGCF/DGCF-May-11-2024_02-57-55.pth
Sun 12 May 2024 02:38:51 INFO  epoch 90 training [time: 837.38s, train loss: 14.0159]
Sun 12 May 2024 02:40:26 INFO  epoch 90 evaluating [time: 94.85s, valid_score: 0.077300]
Sun 12 May 2024 02:40:26 INFO  valid result: 
recall@10 : 0.0448    mrr@10 : 0.0773    ndcg@10 : 0.0398    hit@10 : 0.2009    map@10 : 0.0187    precision@10 : 0.025    gauc : 0.9508    itemcoverage@10 : 0.3241    averagepopularity@10 : 123.1783    giniindex@10 : 0.9143    shannonentropy@10 : 0.0005    tailpercentage@10 : 0.0029
Sun 12 May 2024 02:40:26 INFO  Saving current: saved/amazon_books_60core_kg/DGCF/DGCF-May-11-2024_02-57-55.pth
Sun 12 May 2024 02:54:24 INFO  epoch 91 training [time: 837.96s, train loss: 14.0064]
Sun 12 May 2024 02:56:00 INFO  epoch 91 evaluating [time: 95.96s, valid_score: 0.076800]
Sun 12 May 2024 02:56:00 INFO  valid result: 
recall@10 : 0.0448    mrr@10 : 0.0768    ndcg@10 : 0.0396    hit@10 : 0.2001    map@10 : 0.0186    precision@10 : 0.0249    gauc : 0.9507    itemcoverage@10 : 0.3261    averagepopularity@10 : 122.3337    giniindex@10 : 0.9137    shannonentropy@10 : 0.0005    tailpercentage@10 : 0.0031
Sun 12 May 2024 03:09:58 INFO  epoch 92 training [time: 837.99s, train loss: 13.5452]
Sun 12 May 2024 03:11:34 INFO  epoch 92 evaluating [time: 95.83s, valid_score: 0.076700]
Sun 12 May 2024 03:11:34 INFO  valid result: 
recall@10 : 0.0454    mrr@10 : 0.0767    ndcg@10 : 0.0396    hit@10 : 0.201    map@10 : 0.0185    precision@10 : 0.0249    gauc : 0.9507    itemcoverage@10 : 0.3292    averagepopularity@10 : 122.0343    giniindex@10 : 0.9127    shannonentropy@10 : 0.0005    tailpercentage@10 : 0.0031
Sun 12 May 2024 03:25:32 INFO  epoch 93 training [time: 837.81s, train loss: 13.4626]
Sun 12 May 2024 03:27:08 INFO  epoch 93 evaluating [time: 95.81s, valid_score: 0.075900]
Sun 12 May 2024 03:27:08 INFO  valid result: 
recall@10 : 0.0453    mrr@10 : 0.0759    ndcg@10 : 0.0394    hit@10 : 0.2009    map@10 : 0.0183    precision@10 : 0.0249    gauc : 0.9506    itemcoverage@10 : 0.3309    averagepopularity@10 : 121.1556    giniindex@10 : 0.9115    shannonentropy@10 : 0.0005    tailpercentage@10 : 0.0031
Sun 12 May 2024 03:41:05 INFO  epoch 94 training [time: 837.27s, train loss: 13.3517]
Sun 12 May 2024 03:42:39 INFO  epoch 94 evaluating [time: 94.25s, valid_score: 0.075800]
Sun 12 May 2024 03:42:39 INFO  valid result: 
recall@10 : 0.0451    mrr@10 : 0.0758    ndcg@10 : 0.0394    hit@10 : 0.1997    map@10 : 0.0184    precision@10 : 0.0249    gauc : 0.9506    itemcoverage@10 : 0.3331    averagepopularity@10 : 120.7955    giniindex@10 : 0.9109    shannonentropy@10 : 0.0005    tailpercentage@10 : 0.0033
Sun 12 May 2024 03:56:37 INFO  epoch 95 training [time: 837.44s, train loss: 13.1940]
Sun 12 May 2024 03:58:12 INFO  epoch 95 evaluating [time: 95.77s, valid_score: 0.075700]
Sun 12 May 2024 03:58:12 INFO  valid result: 
recall@10 : 0.045    mrr@10 : 0.0757    ndcg@10 : 0.0393    hit@10 : 0.1992    map@10 : 0.0184    precision@10 : 0.0248    gauc : 0.9506    itemcoverage@10 : 0.3361    averagepopularity@10 : 119.6729    giniindex@10 : 0.9094    shannonentropy@10 : 0.0005    tailpercentage@10 : 0.0034
Sun 12 May 2024 04:12:10 INFO  epoch 96 training [time: 837.81s, train loss: 13.2140]
Sun 12 May 2024 04:13:47 INFO  epoch 96 evaluating [time: 96.59s, valid_score: 0.076200]
Sun 12 May 2024 04:13:47 INFO  valid result: 
recall@10 : 0.0452    mrr@10 : 0.0762    ndcg@10 : 0.0395    hit@10 : 0.2001    map@10 : 0.0184    precision@10 : 0.0249    gauc : 0.9505    itemcoverage@10 : 0.3381    averagepopularity@10 : 119.5317    giniindex@10 : 0.9086    shannonentropy@10 : 0.0005    tailpercentage@10 : 0.0034
Sun 12 May 2024 04:27:44 INFO  epoch 97 training [time: 837.48s, train loss: 12.8266]
Sun 12 May 2024 04:29:20 INFO  epoch 97 evaluating [time: 95.45s, valid_score: 0.076800]
Sun 12 May 2024 04:29:20 INFO  valid result: 
recall@10 : 0.0454    mrr@10 : 0.0768    ndcg@10 : 0.0398    hit@10 : 0.2011    map@10 : 0.0185    precision@10 : 0.0251    gauc : 0.9505    itemcoverage@10 : 0.34    averagepopularity@10 : 120.262    giniindex@10 : 0.9079    shannonentropy@10 : 0.0005    tailpercentage@10 : 0.0035
Sun 12 May 2024 04:43:17 INFO  epoch 98 training [time: 837.74s, train loss: 12.7119]
Sun 12 May 2024 04:44:52 INFO  epoch 98 evaluating [time: 95.00s, valid_score: 0.077500]
Sun 12 May 2024 04:44:52 INFO  valid result: 
recall@10 : 0.045    mrr@10 : 0.0775    ndcg@10 : 0.0399    hit@10 : 0.201    map@10 : 0.0187    precision@10 : 0.0251    gauc : 0.9505    itemcoverage@10 : 0.3413    averagepopularity@10 : 120.3823    giniindex@10 : 0.9073    shannonentropy@10 : 0.0005    tailpercentage@10 : 0.0036
Sun 12 May 2024 04:44:53 INFO  Saving current: saved/amazon_books_60core_kg/DGCF/DGCF-May-11-2024_02-57-55.pth
Sun 12 May 2024 04:58:50 INFO  epoch 99 training [time: 837.34s, train loss: 12.6991]
Sun 12 May 2024 05:00:25 INFO  epoch 99 evaluating [time: 94.19s, valid_score: 0.077700]
Sun 12 May 2024 05:00:25 INFO  valid result: 
recall@10 : 0.0454    mrr@10 : 0.0777    ndcg@10 : 0.04    hit@10 : 0.2015    map@10 : 0.0187    precision@10 : 0.0251    gauc : 0.9504    itemcoverage@10 : 0.3435    averagepopularity@10 : 120.3104    giniindex@10 : 0.9065    shannonentropy@10 : 0.0005    tailpercentage@10 : 0.0035
Sun 12 May 2024 05:00:25 INFO  Saving current: saved/amazon_books_60core_kg/DGCF/DGCF-May-11-2024_02-57-55.pth
Sun 12 May 2024 05:14:22 INFO  epoch 100 training [time: 837.32s, train loss: 12.5040]
Sun 12 May 2024 05:15:57 INFO  epoch 100 evaluating [time: 94.94s, valid_score: 0.077600]
Sun 12 May 2024 05:15:57 INFO  valid result: 
recall@10 : 0.0454    mrr@10 : 0.0776    ndcg@10 : 0.04    hit@10 : 0.2006    map@10 : 0.0187    precision@10 : 0.0251    gauc : 0.9503    itemcoverage@10 : 0.3448    averagepopularity@10 : 119.5352    giniindex@10 : 0.9056    shannonentropy@10 : 0.0005    tailpercentage@10 : 0.0036
Sun 12 May 2024 05:29:55 INFO  epoch 101 training [time: 837.30s, train loss: 12.5820]
Sun 12 May 2024 05:31:29 INFO  epoch 101 evaluating [time: 94.65s, valid_score: 0.077400]
Sun 12 May 2024 05:31:29 INFO  valid result: 
recall@10 : 0.0455    mrr@10 : 0.0774    ndcg@10 : 0.04    hit@10 : 0.2016    map@10 : 0.0187    precision@10 : 0.0251    gauc : 0.9503    itemcoverage@10 : 0.3477    averagepopularity@10 : 118.0997    giniindex@10 : 0.9043    shannonentropy@10 : 0.0005    tailpercentage@10 : 0.0035
Sun 12 May 2024 05:45:27 INFO  epoch 102 training [time: 837.64s, train loss: 12.3783]
Sun 12 May 2024 05:47:02 INFO  epoch 102 evaluating [time: 95.47s, valid_score: 0.077800]
Sun 12 May 2024 05:47:02 INFO  valid result: 
recall@10 : 0.0459    mrr@10 : 0.0778    ndcg@10 : 0.0402    hit@10 : 0.2027    map@10 : 0.0187    precision@10 : 0.0253    gauc : 0.9503    itemcoverage@10 : 0.3501    averagepopularity@10 : 117.5949    giniindex@10 : 0.9034    shannonentropy@10 : 0.0005    tailpercentage@10 : 0.0036
Sun 12 May 2024 05:47:03 INFO  Saving current: saved/amazon_books_60core_kg/DGCF/DGCF-May-11-2024_02-57-55.pth
Sun 12 May 2024 06:01:01 INFO  epoch 103 training [time: 837.87s, train loss: 12.1674]
Sun 12 May 2024 06:02:35 INFO  epoch 103 evaluating [time: 93.88s, valid_score: 0.077400]
Sun 12 May 2024 06:02:35 INFO  valid result: 
recall@10 : 0.0457    mrr@10 : 0.0774    ndcg@10 : 0.04    hit@10 : 0.2021    map@10 : 0.0186    precision@10 : 0.0251    gauc : 0.9502    itemcoverage@10 : 0.3505    averagepopularity@10 : 117.5052    giniindex@10 : 0.903    shannonentropy@10 : 0.0005    tailpercentage@10 : 0.0037
Sun 12 May 2024 06:16:32 INFO  epoch 104 training [time: 837.49s, train loss: 11.9599]
Sun 12 May 2024 06:18:08 INFO  epoch 104 evaluating [time: 95.21s, valid_score: 0.077200]
Sun 12 May 2024 06:18:08 INFO  valid result: 
recall@10 : 0.0455    mrr@10 : 0.0772    ndcg@10 : 0.0398    hit@10 : 0.2013    map@10 : 0.0185    precision@10 : 0.025    gauc : 0.9501    itemcoverage@10 : 0.3526    averagepopularity@10 : 116.4281    giniindex@10 : 0.902    shannonentropy@10 : 0.0005    tailpercentage@10 : 0.0036
Sun 12 May 2024 06:32:05 INFO  epoch 105 training [time: 837.28s, train loss: 11.8937]
Sun 12 May 2024 06:33:39 INFO  epoch 105 evaluating [time: 93.88s, valid_score: 0.077600]
Sun 12 May 2024 06:33:39 INFO  valid result: 
recall@10 : 0.0456    mrr@10 : 0.0776    ndcg@10 : 0.04    hit@10 : 0.2011    map@10 : 0.0187    precision@10 : 0.0251    gauc : 0.9501    itemcoverage@10 : 0.3551    averagepopularity@10 : 116.8019    giniindex@10 : 0.9015    shannonentropy@10 : 0.0004    tailpercentage@10 : 0.0036
Sun 12 May 2024 06:47:36 INFO  epoch 106 training [time: 837.38s, train loss: 11.7044]
Sun 12 May 2024 06:49:10 INFO  epoch 106 evaluating [time: 93.67s, valid_score: 0.078100]
Sun 12 May 2024 06:49:10 INFO  valid result: 
recall@10 : 0.0462    mrr@10 : 0.0781    ndcg@10 : 0.0403    hit@10 : 0.2042    map@10 : 0.0187    precision@10 : 0.0254    gauc : 0.95    itemcoverage@10 : 0.3538    averagepopularity@10 : 116.9403    giniindex@10 : 0.9012    shannonentropy@10 : 0.0005    tailpercentage@10 : 0.0037
Sun 12 May 2024 06:49:10 INFO  Saving current: saved/amazon_books_60core_kg/DGCF/DGCF-May-11-2024_02-57-55.pth
Sun 12 May 2024 07:03:08 INFO  epoch 107 training [time: 837.59s, train loss: 11.6002]
Sun 12 May 2024 07:04:44 INFO  epoch 107 evaluating [time: 95.62s, valid_score: 0.077800]
Sun 12 May 2024 07:04:44 INFO  valid result: 
recall@10 : 0.046    mrr@10 : 0.0778    ndcg@10 : 0.0403    hit@10 : 0.2044    map@10 : 0.0187    precision@10 : 0.0256    gauc : 0.95    itemcoverage@10 : 0.3572    averagepopularity@10 : 116.7078    giniindex@10 : 0.9003    shannonentropy@10 : 0.0004    tailpercentage@10 : 0.0037
Sun 12 May 2024 07:18:41 INFO  epoch 108 training [time: 837.25s, train loss: 11.6797]
Sun 12 May 2024 07:20:15 INFO  epoch 108 evaluating [time: 94.04s, valid_score: 0.078400]
Sun 12 May 2024 07:20:15 INFO  valid result: 
recall@10 : 0.0465    mrr@10 : 0.0784    ndcg@10 : 0.0406    hit@10 : 0.2055    map@10 : 0.0188    precision@10 : 0.0257    gauc : 0.9499    itemcoverage@10 : 0.3605    averagepopularity@10 : 116.332    giniindex@10 : 0.899    shannonentropy@10 : 0.0004    tailpercentage@10 : 0.0037
Sun 12 May 2024 07:20:15 INFO  Saving current: saved/amazon_books_60core_kg/DGCF/DGCF-May-11-2024_02-57-55.pth
Sun 12 May 2024 07:34:13 INFO  epoch 109 training [time: 837.66s, train loss: 11.5401]
Sun 12 May 2024 07:35:49 INFO  epoch 109 evaluating [time: 96.09s, valid_score: 0.078900]
Sun 12 May 2024 07:35:49 INFO  valid result: 
recall@10 : 0.0464    mrr@10 : 0.0789    ndcg@10 : 0.0407    hit@10 : 0.2047    map@10 : 0.019    precision@10 : 0.0256    gauc : 0.9499    itemcoverage@10 : 0.3616    averagepopularity@10 : 115.6426    giniindex@10 : 0.8983    shannonentropy@10 : 0.0004    tailpercentage@10 : 0.0038
Sun 12 May 2024 07:35:50 INFO  Saving current: saved/amazon_books_60core_kg/DGCF/DGCF-May-11-2024_02-57-55.pth
Sun 12 May 2024 07:49:48 INFO  epoch 110 training [time: 838.14s, train loss: 11.3637]
Sun 12 May 2024 07:51:22 INFO  epoch 110 evaluating [time: 93.69s, valid_score: 0.078400]
Sun 12 May 2024 07:51:22 INFO  valid result: 
recall@10 : 0.0467    mrr@10 : 0.0784    ndcg@10 : 0.0406    hit@10 : 0.2062    map@10 : 0.0189    precision@10 : 0.0256    gauc : 0.9498    itemcoverage@10 : 0.363    averagepopularity@10 : 115.4199    giniindex@10 : 0.8978    shannonentropy@10 : 0.0004    tailpercentage@10 : 0.0038
