Thu 04 Apr 2024 23:05:13 INFO  ['src/default_tracker.py', '--dataset=LFM-1b_artist_20U50I_75strat', '--model=LINE']
Thu 04 Apr 2024 23:05:13 INFO  
General Hyper Parameters:
gpu_id = 0
use_gpu = True
seed = 2020
state = INFO
reproducibility = True
data_path = data/LFM-1b_artist_20U50I_75strat
checkpoint_dir = saved/LFM-1b_artist_20U50I_75strat/LINE
show_progress = True
save_dataset = False
dataset_save_path = None
save_dataloaders = False
dataloaders_save_path = None
log_wandb = False

Training Hyper Parameters:
epochs = 200
train_batch_size = 2048
learner = adam
learning_rate = 0.001
train_neg_sample_args = {'distribution': 'uniform', 'sample_num': 1, 'dynamic': False, 'candidate_num': 0, 'alpha': 1.0}
eval_step = 1
stopping_step = 10
clip_grad_norm = None
weight_decay = 0.0
loss_decimal_place = 4

Evaluation Hyper Parameters:
eval_args = {'split': {'RS': [0.8, 0.1, 0.1]}, 'order': 'RO', 'group_by': 'user', 'mode': {'valid': 'full', 'test': 'full'}}
repeatable = False
metrics = ['Recall', 'MRR', 'NDCG', 'Hit', 'Precision']
topk = [10]
valid_metric = MRR@10
valid_metric_bigger = True
eval_batch_size = 4096
metric_decimal_place = 4

Dataset Hyper Parameters:
field_separator = 	
seq_separator =  
USER_ID_FIELD = user_id
ITEM_ID_FIELD = item_id
RATING_FIELD = rating
TIME_FIELD = timestamp
seq_len = None
LABEL_FIELD = label
threshold = None
NEG_PREFIX = neg_
load_col = {'inter': ['user_id', 'item_id']}
unload_col = None
unused_col = None
additional_feat_suffix = None
rm_dup_inter = None
val_interval = None
filter_inter_by_user_or_item = True
user_inter_num_interval = [0,inf)
item_inter_num_interval = [0,inf)
alias_of_user_id = None
alias_of_item_id = None
alias_of_entity_id = None
alias_of_relation_id = None
preload_weight = None
normalize_field = None
normalize_all = None
ITEM_LIST_LENGTH_FIELD = item_length
LIST_SUFFIX = _list
MAX_ITEM_LIST_LENGTH = 50
POSITION_FIELD = position_id
HEAD_ENTITY_ID_FIELD = head_id
TAIL_ENTITY_ID_FIELD = tail_id
RELATION_ID_FIELD = relation_id
ENTITY_ID_FIELD = entity_id
benchmark_filename = None

Other Hyper Parameters: 
worker = 0
wandb_project = recbole
shuffle = True
require_pow = False
enable_amp = False
enable_scaler = False
transform = None
embedding_size = 64
order = 2
second_order_loss_weight = 1.0
numerical_features = []
discretization = None
kg_reverse_r = False
entity_kg_num_interval = [0,inf)
relation_kg_num_interval = [0,inf)
MODEL_TYPE = ModelType.GENERAL
encoding = utf-8
device = cuda
my_log_file = /mnt/batch/tasks/shared/LS_root/mounts/clusters/fontanagpu/code/sustainability-of-recsys/log/carbon_default.log
MODEL_INPUT_TYPE = InputType.PAIRWISE
eval_type = EvaluatorType.RANKING
single_spec = True
local_rank = 0
valid_neg_sample_args = {'distribution': 'uniform', 'sample_num': 'none'}
test_neg_sample_args = {'distribution': 'uniform', 'sample_num': 'none'}


Thu 04 Apr 2024 23:05:16 INFO  LFM-1b_artist_20U50I_75strat
The number of users: 19842
Average actions of users: 33.660097777329774
The number of items: 38933
Average actions of items: 17.154268981814447
The number of inters: 667850
The sparsity of the dataset: 99.91354788644381%
Remain Fields: ['user_id', 'item_id']
Thu 04 Apr 2024 23:05:18 INFO  [Training]: train_batch_size = [2048] train_neg_sample_args: [{'distribution': 'uniform', 'sample_num': 1, 'dynamic': False, 'candidate_num': 0, 'alpha': 1.0}]
Thu 04 Apr 2024 23:05:18 INFO  [Evaluation]: eval_batch_size = [4096] eval_args: [{'split': {'RS': [0.8, 0.1, 0.1]}, 'order': 'RO', 'group_by': 'user', 'mode': {'valid': 'full', 'test': 'full'}}]
Thu 04 Apr 2024 23:05:19 INFO  LINE(
  (user_embedding): Embedding(19842, 64)
  (item_embedding): Embedding(38933, 64)
  (user_context_embedding): Embedding(19842, 64)
  (item_context_embedding): Embedding(38933, 64)
  (loss_fct): NegSamplingLoss()
)
Trainable parameters: 7523200
Thu 04 Apr 2024 23:05:27 INFO  FLOPs: 128.0
Thu 04 Apr 2024 23:06:01 INFO  epoch 0 training [time: 3.54s, train loss: 734.2545]
Thu 04 Apr 2024 23:06:25 INFO  epoch 0 evaluating [time: 23.81s, valid_score: 0.075500]
Thu 04 Apr 2024 23:06:25 INFO  valid result: 
recall@10 : 0.0679    mrr@10 : 0.0755    ndcg@10 : 0.0486    hit@10 : 0.1941    precision@10 : 0.0232
Thu 04 Apr 2024 23:06:26 INFO  Saving current: saved/LFM-1b_artist_20U50I_75strat/LINE/LINE-Apr-04-2024_23-05-27.pth
Thu 04 Apr 2024 23:06:27 INFO  epoch 1 training [time: 1.67s, train loss: 667.8893]
Thu 04 Apr 2024 23:06:50 INFO  epoch 1 evaluating [time: 22.41s, valid_score: 0.072000]
Thu 04 Apr 2024 23:06:50 INFO  valid result: 
recall@10 : 0.0723    mrr@10 : 0.072    ndcg@10 : 0.0497    hit@10 : 0.1956    precision@10 : 0.0231
Thu 04 Apr 2024 23:06:52 INFO  epoch 2 training [time: 1.76s, train loss: 613.7837]
Thu 04 Apr 2024 23:07:14 INFO  epoch 2 evaluating [time: 22.54s, valid_score: 0.076800]
Thu 04 Apr 2024 23:07:14 INFO  valid result: 
recall@10 : 0.0772    mrr@10 : 0.0768    ndcg@10 : 0.0534    hit@10 : 0.1997    precision@10 : 0.0231
Thu 04 Apr 2024 23:07:15 INFO  Saving current: saved/LFM-1b_artist_20U50I_75strat/LINE/LINE-Apr-04-2024_23-05-27.pth
Thu 04 Apr 2024 23:07:17 INFO  epoch 3 training [time: 1.64s, train loss: 575.8415]
Thu 04 Apr 2024 23:07:40 INFO  epoch 3 evaluating [time: 22.73s, valid_score: 0.092000]
Thu 04 Apr 2024 23:07:40 INFO  valid result: 
recall@10 : 0.0892    mrr@10 : 0.092    ndcg@10 : 0.0632    hit@10 : 0.2208    precision@10 : 0.026
Thu 04 Apr 2024 23:07:41 INFO  Saving current: saved/LFM-1b_artist_20U50I_75strat/LINE/LINE-Apr-04-2024_23-05-27.pth
Thu 04 Apr 2024 23:07:42 INFO  epoch 4 training [time: 1.68s, train loss: 562.0700]
Thu 04 Apr 2024 23:08:05 INFO  epoch 4 evaluating [time: 22.72s, valid_score: 0.091600]
Thu 04 Apr 2024 23:08:05 INFO  valid result: 
recall@10 : 0.0915    mrr@10 : 0.0916    ndcg@10 : 0.0641    hit@10 : 0.2225    precision@10 : 0.0258
Thu 04 Apr 2024 23:08:07 INFO  epoch 5 training [time: 1.78s, train loss: 536.7099]
Thu 04 Apr 2024 23:08:29 INFO  epoch 5 evaluating [time: 22.60s, valid_score: 0.101900]
Thu 04 Apr 2024 23:08:29 INFO  valid result: 
recall@10 : 0.1024    mrr@10 : 0.1019    ndcg@10 : 0.0719    hit@10 : 0.2461    precision@10 : 0.0291
Thu 04 Apr 2024 23:08:30 INFO  Saving current: saved/LFM-1b_artist_20U50I_75strat/LINE/LINE-Apr-04-2024_23-05-27.pth
Thu 04 Apr 2024 23:08:32 INFO  epoch 6 training [time: 1.66s, train loss: 522.8601]
Thu 04 Apr 2024 23:08:55 INFO  epoch 6 evaluating [time: 22.68s, valid_score: 0.102000]
Thu 04 Apr 2024 23:08:55 INFO  valid result: 
recall@10 : 0.1041    mrr@10 : 0.102    ndcg@10 : 0.0727    hit@10 : 0.2454    precision@10 : 0.029
Thu 04 Apr 2024 23:08:56 INFO  Saving current: saved/LFM-1b_artist_20U50I_75strat/LINE/LINE-Apr-04-2024_23-05-27.pth
Thu 04 Apr 2024 23:08:58 INFO  epoch 7 training [time: 1.67s, train loss: 510.0130]
Thu 04 Apr 2024 23:09:20 INFO  epoch 7 evaluating [time: 22.64s, valid_score: 0.104200]
Thu 04 Apr 2024 23:09:20 INFO  valid result: 
recall@10 : 0.1045    mrr@10 : 0.1042    ndcg@10 : 0.074    hit@10 : 0.2508    precision@10 : 0.0298
Thu 04 Apr 2024 23:09:21 INFO  Saving current: saved/LFM-1b_artist_20U50I_75strat/LINE/LINE-Apr-04-2024_23-05-27.pth
Thu 04 Apr 2024 23:09:23 INFO  epoch 8 training [time: 1.66s, train loss: 488.7861]
Thu 04 Apr 2024 23:09:46 INFO  epoch 8 evaluating [time: 22.70s, valid_score: 0.104300]
Thu 04 Apr 2024 23:09:46 INFO  valid result: 
recall@10 : 0.1052    mrr@10 : 0.1043    ndcg@10 : 0.0739    hit@10 : 0.2507    precision@10 : 0.0298
Thu 04 Apr 2024 23:09:47 INFO  Saving current: saved/LFM-1b_artist_20U50I_75strat/LINE/LINE-Apr-04-2024_23-05-27.pth
Thu 04 Apr 2024 23:09:49 INFO  epoch 9 training [time: 1.66s, train loss: 481.9174]
Thu 04 Apr 2024 23:10:12 INFO  epoch 9 evaluating [time: 22.77s, valid_score: 0.103400]
Thu 04 Apr 2024 23:10:12 INFO  valid result: 
recall@10 : 0.1013    mrr@10 : 0.1034    ndcg@10 : 0.0723    hit@10 : 0.2443    precision@10 : 0.0292
Thu 04 Apr 2024 23:10:13 INFO  epoch 10 training [time: 1.77s, train loss: 466.2177]
Thu 04 Apr 2024 23:10:36 INFO  epoch 10 evaluating [time: 22.57s, valid_score: 0.101200]
Thu 04 Apr 2024 23:10:36 INFO  valid result: 
recall@10 : 0.0971    mrr@10 : 0.1012    ndcg@10 : 0.0694    hit@10 : 0.2394    precision@10 : 0.0286
Thu 04 Apr 2024 23:10:38 INFO  epoch 11 training [time: 1.79s, train loss: 446.5248]
Thu 04 Apr 2024 23:11:00 INFO  epoch 11 evaluating [time: 22.66s, valid_score: 0.102100]
Thu 04 Apr 2024 23:11:00 INFO  valid result: 
recall@10 : 0.0954    mrr@10 : 0.1021    ndcg@10 : 0.0692    hit@10 : 0.2379    precision@10 : 0.0286
Thu 04 Apr 2024 23:11:02 INFO  epoch 12 training [time: 1.77s, train loss: 434.3222]
Thu 04 Apr 2024 23:11:25 INFO  epoch 12 evaluating [time: 22.66s, valid_score: 0.102000]
Thu 04 Apr 2024 23:11:25 INFO  valid result: 
recall@10 : 0.0959    mrr@10 : 0.102    ndcg@10 : 0.0693    hit@10 : 0.2406    precision@10 : 0.0291
Thu 04 Apr 2024 23:11:27 INFO  epoch 13 training [time: 1.78s, train loss: 421.7067]
Thu 04 Apr 2024 23:11:49 INFO  epoch 13 evaluating [time: 22.73s, valid_score: 0.102300]
Thu 04 Apr 2024 23:11:49 INFO  valid result: 
recall@10 : 0.0966    mrr@10 : 0.1023    ndcg@10 : 0.0696    hit@10 : 0.2411    precision@10 : 0.0292
Thu 04 Apr 2024 23:11:51 INFO  epoch 14 training [time: 1.80s, train loss: 418.6286]
Thu 04 Apr 2024 23:12:14 INFO  epoch 14 evaluating [time: 22.74s, valid_score: 0.101800]
Thu 04 Apr 2024 23:12:14 INFO  valid result: 
recall@10 : 0.093    mrr@10 : 0.1018    ndcg@10 : 0.0681    hit@10 : 0.2357    precision@10 : 0.0286
Thu 04 Apr 2024 23:12:16 INFO  epoch 15 training [time: 1.81s, train loss: 399.6823]
Thu 04 Apr 2024 23:12:38 INFO  epoch 15 evaluating [time: 22.71s, valid_score: 0.101400]
Thu 04 Apr 2024 23:12:38 INFO  valid result: 
recall@10 : 0.0934    mrr@10 : 0.1014    ndcg@10 : 0.068    hit@10 : 0.2369    precision@10 : 0.0286
Thu 04 Apr 2024 23:12:40 INFO  epoch 16 training [time: 1.79s, train loss: 386.2673]
Thu 04 Apr 2024 23:13:03 INFO  epoch 16 evaluating [time: 22.69s, valid_score: 0.105600]
Thu 04 Apr 2024 23:13:03 INFO  valid result: 
recall@10 : 0.0995    mrr@10 : 0.1056    ndcg@10 : 0.0721    hit@10 : 0.2481    precision@10 : 0.03
Thu 04 Apr 2024 23:13:04 INFO  Saving current: saved/LFM-1b_artist_20U50I_75strat/LINE/LINE-Apr-04-2024_23-05-27.pth
Thu 04 Apr 2024 23:13:06 INFO  epoch 17 training [time: 1.64s, train loss: 364.9915]
Thu 04 Apr 2024 23:13:28 INFO  epoch 17 evaluating [time: 22.77s, valid_score: 0.107700]
Thu 04 Apr 2024 23:13:28 INFO  valid result: 
recall@10 : 0.1027    mrr@10 : 0.1077    ndcg@10 : 0.074    hit@10 : 0.2513    precision@10 : 0.0303
Thu 04 Apr 2024 23:13:30 INFO  Saving current: saved/LFM-1b_artist_20U50I_75strat/LINE/LINE-Apr-04-2024_23-05-27.pth
Thu 04 Apr 2024 23:13:31 INFO  epoch 18 training [time: 1.64s, train loss: 358.7066]
Thu 04 Apr 2024 23:13:54 INFO  epoch 18 evaluating [time: 22.54s, valid_score: 0.108600]
Thu 04 Apr 2024 23:13:54 INFO  valid result: 
recall@10 : 0.1063    mrr@10 : 0.1086    ndcg@10 : 0.0758    hit@10 : 0.2554    precision@10 : 0.0308
Thu 04 Apr 2024 23:13:55 INFO  Saving current: saved/LFM-1b_artist_20U50I_75strat/LINE/LINE-Apr-04-2024_23-05-27.pth
Thu 04 Apr 2024 23:13:56 INFO  epoch 19 training [time: 1.67s, train loss: 348.7171]
Thu 04 Apr 2024 23:14:19 INFO  epoch 19 evaluating [time: 22.77s, valid_score: 0.109900]
Thu 04 Apr 2024 23:14:19 INFO  valid result: 
recall@10 : 0.1069    mrr@10 : 0.1099    ndcg@10 : 0.0765    hit@10 : 0.2564    precision@10 : 0.0307
Thu 04 Apr 2024 23:14:20 INFO  Saving current: saved/LFM-1b_artist_20U50I_75strat/LINE/LINE-Apr-04-2024_23-05-27.pth
Thu 04 Apr 2024 23:14:22 INFO  epoch 20 training [time: 1.69s, train loss: 342.2672]
Thu 04 Apr 2024 23:14:45 INFO  epoch 20 evaluating [time: 22.80s, valid_score: 0.108900]
Thu 04 Apr 2024 23:14:45 INFO  valid result: 
recall@10 : 0.1074    mrr@10 : 0.1089    ndcg@10 : 0.0764    hit@10 : 0.2567    precision@10 : 0.0306
Thu 04 Apr 2024 23:14:47 INFO  epoch 21 training [time: 1.75s, train loss: 336.0210]
Thu 04 Apr 2024 23:15:09 INFO  epoch 21 evaluating [time: 22.85s, valid_score: 0.109600]
Thu 04 Apr 2024 23:15:09 INFO  valid result: 
recall@10 : 0.1077    mrr@10 : 0.1096    ndcg@10 : 0.0769    hit@10 : 0.2569    precision@10 : 0.0306
Thu 04 Apr 2024 23:15:11 INFO  epoch 22 training [time: 1.79s, train loss: 323.8274]
Thu 04 Apr 2024 23:15:34 INFO  epoch 22 evaluating [time: 22.72s, valid_score: 0.110700]
Thu 04 Apr 2024 23:15:34 INFO  valid result: 
recall@10 : 0.1101    mrr@10 : 0.1107    ndcg@10 : 0.0785    hit@10 : 0.2592    precision@10 : 0.0309
Thu 04 Apr 2024 23:15:35 INFO  Saving current: saved/LFM-1b_artist_20U50I_75strat/LINE/LINE-Apr-04-2024_23-05-27.pth
Thu 04 Apr 2024 23:15:37 INFO  epoch 23 training [time: 1.67s, train loss: 316.0354]
Thu 04 Apr 2024 23:16:00 INFO  epoch 23 evaluating [time: 22.84s, valid_score: 0.112200]
Thu 04 Apr 2024 23:16:00 INFO  valid result: 
recall@10 : 0.1125    mrr@10 : 0.1122    ndcg@10 : 0.0799    hit@10 : 0.2614    precision@10 : 0.0312
Thu 04 Apr 2024 23:16:00 INFO  Saving current: saved/LFM-1b_artist_20U50I_75strat/LINE/LINE-Apr-04-2024_23-05-27.pth
Thu 04 Apr 2024 23:16:02 INFO  epoch 24 training [time: 1.65s, train loss: 302.9768]
Thu 04 Apr 2024 23:16:25 INFO  epoch 24 evaluating [time: 22.73s, valid_score: 0.111300]
Thu 04 Apr 2024 23:16:25 INFO  valid result: 
recall@10 : 0.112    mrr@10 : 0.1113    ndcg@10 : 0.0795    hit@10 : 0.2604    precision@10 : 0.0309
Thu 04 Apr 2024 23:16:27 INFO  epoch 25 training [time: 1.77s, train loss: 297.9987]
Thu 04 Apr 2024 23:16:49 INFO  epoch 25 evaluating [time: 22.56s, valid_score: 0.111100]
Thu 04 Apr 2024 23:16:49 INFO  valid result: 
recall@10 : 0.1135    mrr@10 : 0.1111    ndcg@10 : 0.08    hit@10 : 0.2605    precision@10 : 0.0309
Thu 04 Apr 2024 23:16:51 INFO  epoch 26 training [time: 1.76s, train loss: 280.6311]
Thu 04 Apr 2024 23:17:14 INFO  epoch 26 evaluating [time: 22.56s, valid_score: 0.111300]
Thu 04 Apr 2024 23:17:14 INFO  valid result: 
recall@10 : 0.1147    mrr@10 : 0.1113    ndcg@10 : 0.0805    hit@10 : 0.2622    precision@10 : 0.031
Thu 04 Apr 2024 23:17:15 INFO  epoch 27 training [time: 1.81s, train loss: 280.8697]
Thu 04 Apr 2024 23:17:38 INFO  epoch 27 evaluating [time: 22.66s, valid_score: 0.109500]
Thu 04 Apr 2024 23:17:38 INFO  valid result: 
recall@10 : 0.1132    mrr@10 : 0.1095    ndcg@10 : 0.0793    hit@10 : 0.2594    precision@10 : 0.0308
Thu 04 Apr 2024 23:17:40 INFO  epoch 28 training [time: 1.79s, train loss: 273.3254]
Thu 04 Apr 2024 23:18:03 INFO  epoch 28 evaluating [time: 22.71s, valid_score: 0.109800]
Thu 04 Apr 2024 23:18:03 INFO  valid result: 
recall@10 : 0.1127    mrr@10 : 0.1098    ndcg@10 : 0.0794    hit@10 : 0.2571    precision@10 : 0.0304
Thu 04 Apr 2024 23:18:04 INFO  epoch 29 training [time: 1.75s, train loss: 260.0350]
Thu 04 Apr 2024 23:18:27 INFO  epoch 29 evaluating [time: 22.64s, valid_score: 0.109900]
Thu 04 Apr 2024 23:18:27 INFO  valid result: 
recall@10 : 0.1136    mrr@10 : 0.1099    ndcg@10 : 0.0798    hit@10 : 0.2582    precision@10 : 0.0305
Thu 04 Apr 2024 23:18:29 INFO  epoch 30 training [time: 1.76s, train loss: 255.7116]
Thu 04 Apr 2024 23:18:51 INFO  epoch 30 evaluating [time: 22.73s, valid_score: 0.109900]
Thu 04 Apr 2024 23:18:51 INFO  valid result: 
recall@10 : 0.1142    mrr@10 : 0.1099    ndcg@10 : 0.0802    hit@10 : 0.2593    precision@10 : 0.0308
Thu 04 Apr 2024 23:18:53 INFO  epoch 31 training [time: 1.79s, train loss: 252.4940]
Thu 04 Apr 2024 23:19:16 INFO  epoch 31 evaluating [time: 22.66s, valid_score: 0.108300]
Thu 04 Apr 2024 23:19:16 INFO  valid result: 
recall@10 : 0.1121    mrr@10 : 0.1083    ndcg@10 : 0.0785    hit@10 : 0.2551    precision@10 : 0.0302
Thu 04 Apr 2024 23:19:18 INFO  epoch 32 training [time: 1.76s, train loss: 242.8916]
Thu 04 Apr 2024 23:19:40 INFO  epoch 32 evaluating [time: 22.67s, valid_score: 0.108100]
Thu 04 Apr 2024 23:19:40 INFO  valid result: 
recall@10 : 0.1124    mrr@10 : 0.1081    ndcg@10 : 0.0788    hit@10 : 0.2546    precision@10 : 0.03
Thu 04 Apr 2024 23:19:42 INFO  epoch 33 training [time: 1.78s, train loss: 237.5033]
Thu 04 Apr 2024 23:20:05 INFO  epoch 33 evaluating [time: 22.87s, valid_score: 0.109100]
Thu 04 Apr 2024 23:20:05 INFO  valid result: 
recall@10 : 0.1133    mrr@10 : 0.1091    ndcg@10 : 0.0794    hit@10 : 0.257    precision@10 : 0.0302
Thu 04 Apr 2024 23:20:07 INFO  epoch 34 training [time: 1.80s, train loss: 235.1683]
Thu 04 Apr 2024 23:20:29 INFO  epoch 34 evaluating [time: 22.78s, valid_score: 0.107100]
Thu 04 Apr 2024 23:20:29 INFO  valid result: 
recall@10 : 0.1108    mrr@10 : 0.1071    ndcg@10 : 0.0779    hit@10 : 0.2498    precision@10 : 0.0295
Thu 04 Apr 2024 23:20:29 INFO  Finished training, best eval result in epoch 23
Thu 04 Apr 2024 23:20:31 INFO  Loading model structure and parameters from saved/LFM-1b_artist_20U50I_75strat/LINE/LINE-Apr-04-2024_23-05-27.pth
Thu 04 Apr 2024 23:20:56 INFO  The running environment of this training is as follows:
+-------------+----------------+
| Environment |     Usage      |
+=============+================+
| CPU         |     5.80 %     |
+-------------+----------------+
| GPU         | 0.22 G/14.58 G |
+-------------+----------------+
| Memory      | 1.32 G/27.41 G |
+-------------+----------------+
Thu 04 Apr 2024 23:20:56 INFO  best valid : OrderedDict([('recall@10', 0.1125), ('mrr@10', 0.1122), ('ndcg@10', 0.0799), ('hit@10', 0.2614), ('precision@10', 0.0312)])
Thu 04 Apr 2024 23:20:56 INFO  test result: OrderedDict([('recall@10', 0.1128), ('mrr@10', 0.1145), ('ndcg@10', 0.0817), ('hit@10', 0.2611), ('precision@10', 0.0315)])
Thu 04 Apr 2024 23:20:57 INFO  
General Hyper Parameters:
gpu_id = 0
use_gpu = True
seed = 2020
state = INFO
reproducibility = True
data_path = data/LFM-1b_artist_20U50I_75strat
checkpoint_dir = saved/LFM-1b_artist_20U50I_75strat/LINE
show_progress = True
save_dataset = False
dataset_save_path = None
save_dataloaders = False
dataloaders_save_path = None
log_wandb = False

Training Hyper Parameters:
epochs = 200
train_batch_size = 2048
learner = adam
learning_rate = 0.001
train_neg_sample_args = {'distribution': 'uniform', 'sample_num': 1, 'dynamic': False, 'candidate_num': 0, 'alpha': 1.0}
eval_step = 1
stopping_step = 10
clip_grad_norm = None
weight_decay = 0.0
loss_decimal_place = 4

Evaluation Hyper Parameters:
eval_args = {'split': {'RS': [0.8, 0.1, 0.1]}, 'order': 'RO', 'group_by': 'user', 'mode': {'valid': 'full', 'test': 'full'}}
repeatable = False
metrics = ['Recall', 'MRR', 'NDCG', 'Hit', 'Precision']
topk = [10]
valid_metric = MRR@10
valid_metric_bigger = True
eval_batch_size = 4096
metric_decimal_place = 4

Dataset Hyper Parameters:
field_separator = 	
seq_separator =  
USER_ID_FIELD = user_id
ITEM_ID_FIELD = item_id
RATING_FIELD = rating
TIME_FIELD = timestamp
seq_len = None
LABEL_FIELD = label
threshold = None
NEG_PREFIX = neg_
load_col = {'inter': ['user_id', 'item_id']}
unload_col = None
unused_col = None
additional_feat_suffix = None
rm_dup_inter = None
val_interval = None
filter_inter_by_user_or_item = True
user_inter_num_interval = [0,inf)
item_inter_num_interval = [0,inf)
alias_of_user_id = None
alias_of_item_id = None
alias_of_entity_id = None
alias_of_relation_id = None
preload_weight = None
normalize_field = None
normalize_all = None
ITEM_LIST_LENGTH_FIELD = item_length
LIST_SUFFIX = _list
MAX_ITEM_LIST_LENGTH = 50
POSITION_FIELD = position_id
HEAD_ENTITY_ID_FIELD = head_id
TAIL_ENTITY_ID_FIELD = tail_id
RELATION_ID_FIELD = relation_id
ENTITY_ID_FIELD = entity_id
benchmark_filename = None

Other Hyper Parameters: 
worker = 0
wandb_project = recbole
shuffle = True
require_pow = False
enable_amp = False
enable_scaler = False
transform = None
embedding_size = 64
order = 2
second_order_loss_weight = 1.0
numerical_features = []
discretization = None
kg_reverse_r = False
entity_kg_num_interval = [0,inf)
relation_kg_num_interval = [0,inf)
MODEL_TYPE = ModelType.GENERAL
encoding = utf-8
device = cuda
my_log_file = /mnt/batch/tasks/shared/LS_root/mounts/clusters/fontanagpu/code/sustainability-of-recsys/log/carbon_default.log
MODEL_INPUT_TYPE = InputType.PAIRWISE
eval_type = EvaluatorType.RANKING
single_spec = True
local_rank = 0
valid_neg_sample_args = {'distribution': 'uniform', 'sample_num': 'none'}
test_neg_sample_args = {'distribution': 'uniform', 'sample_num': 'none'}


Thu 04 Apr 2024 23:21:00 INFO  LFM-1b_artist_20U50I_75strat
The number of users: 19842
Average actions of users: 33.660097777329774
The number of items: 38933
Average actions of items: 17.154268981814447
The number of inters: 667850
The sparsity of the dataset: 99.91354788644381%
Remain Fields: ['user_id', 'item_id']
Thu 04 Apr 2024 23:21:02 INFO  [Training]: train_batch_size = [2048] train_neg_sample_args: [{'distribution': 'uniform', 'sample_num': 1, 'dynamic': False, 'candidate_num': 0, 'alpha': 1.0}]
Thu 04 Apr 2024 23:21:02 INFO  [Evaluation]: eval_batch_size = [4096] eval_args: [{'split': {'RS': [0.8, 0.1, 0.1]}, 'order': 'RO', 'group_by': 'user', 'mode': {'valid': 'full', 'test': 'full'}}]
Thu 04 Apr 2024 23:21:04 INFO  Loading model structure and parameters from saved/LFM-1b_artist_20U50I_75strat/LINE/LINE-Apr-04-2024_23-05-27.pth
