Tue 16 Apr 2024 12:44:38 INFO  ['src/default_tracker.py', '--dataset=ml-10m_50U10I', '--model=LINE']
Tue 16 Apr 2024 12:44:38 INFO  
General Hyper Parameters:
gpu_id = 0
use_gpu = True
seed = 2020
state = INFO
reproducibility = True
data_path = data/ml-10m_50U10I
checkpoint_dir = saved/ml-10m_50U10I/LINE
show_progress = True
save_dataset = False
dataset_save_path = None
save_dataloaders = False
dataloaders_save_path = None
log_wandb = False

Training Hyper Parameters:
epochs = 1
train_batch_size = 2048
learner = adam
learning_rate = 0.001
train_neg_sample_args = {'distribution': 'uniform', 'sample_num': 1, 'dynamic': False, 'candidate_num': 0, 'alpha': 1.0}
eval_step = 1
stopping_step = 10
clip_grad_norm = None
weight_decay = 0.0
loss_decimal_place = 4

Evaluation Hyper Parameters:
eval_args = {'split': {'RS': [0.8, 0.1, 0.1]}, 'order': 'RO', 'group_by': 'user', 'mode': {'valid': 'full', 'test': 'full'}}
repeatable = False
metrics = ['Recall', 'MRR', 'NDCG', 'Hit', 'MAP', 'Precision', 'GAUC', 'ItemCoverage', 'AveragePopularity', 'GiniIndex', 'ShannonEntropy', 'TailPercentage']
topk = [10]
valid_metric = MRR@10
valid_metric_bigger = True
eval_batch_size = 4096
metric_decimal_place = 4

Dataset Hyper Parameters:
field_separator = 	
seq_separator =  
USER_ID_FIELD = user_id
ITEM_ID_FIELD = item_id
RATING_FIELD = rating
TIME_FIELD = timestamp
seq_len = None
LABEL_FIELD = label
threshold = None
NEG_PREFIX = neg_
load_col = {'inter': ['user_id', 'item_id']}
unload_col = None
unused_col = None
additional_feat_suffix = None
rm_dup_inter = None
val_interval = None
filter_inter_by_user_or_item = True
user_inter_num_interval = [0,inf)
item_inter_num_interval = [0,inf)
alias_of_user_id = None
alias_of_item_id = None
alias_of_entity_id = None
alias_of_relation_id = None
preload_weight = None
normalize_field = None
normalize_all = None
ITEM_LIST_LENGTH_FIELD = item_length
LIST_SUFFIX = _list
MAX_ITEM_LIST_LENGTH = 50
POSITION_FIELD = position_id
HEAD_ENTITY_ID_FIELD = head_id
TAIL_ENTITY_ID_FIELD = tail_id
RELATION_ID_FIELD = relation_id
ENTITY_ID_FIELD = entity_id
benchmark_filename = None

Other Hyper Parameters: 
worker = 0
wandb_project = recbole
shuffle = True
require_pow = False
enable_amp = False
enable_scaler = False
transform = None
embedding_size = 64
order = 2
second_order_loss_weight = 1.0
numerical_features = []
discretization = None
kg_reverse_r = False
entity_kg_num_interval = [0,inf)
relation_kg_num_interval = [0,inf)
MODEL_TYPE = ModelType.GENERAL
encoding = utf-8
device = cuda
my_log_file = /mnt/batch/tasks/shared/LS_root/mounts/clusters/fontanagpu/code/sustainability-of-recsys/log/carbon_default.log
MODEL_INPUT_TYPE = InputType.PAIRWISE
eval_type = EvaluatorType.RANKING
single_spec = True
local_rank = 0
valid_neg_sample_args = {'distribution': 'uniform', 'sample_num': 'none'}
test_neg_sample_args = {'distribution': 'uniform', 'sample_num': 'none'}


Tue 16 Apr 2024 12:45:10 INFO  ml-10m_50U10I
The number of users: 50001
Average actions of users: 141.07548
The number of items: 10001
Average actions of items: 705.3774
The number of inters: 7053774
The sparsity of the dataset: 98.5894144730844%
Remain Fields: ['user_id', 'item_id']
Tue 16 Apr 2024 12:45:37 INFO  [Training]: train_batch_size = [2048] train_neg_sample_args: [{'distribution': 'uniform', 'sample_num': 1, 'dynamic': False, 'candidate_num': 0, 'alpha': 1.0}]
Tue 16 Apr 2024 12:45:37 INFO  [Evaluation]: eval_batch_size = [4096] eval_args: [{'split': {'RS': [0.8, 0.1, 0.1]}, 'order': 'RO', 'group_by': 'user', 'mode': {'valid': 'full', 'test': 'full'}}]
Tue 16 Apr 2024 12:45:42 INFO  LINE(
  (user_embedding): Embedding(50001, 64)
  (item_embedding): Embedding(10001, 64)
  (user_context_embedding): Embedding(50001, 64)
  (item_context_embedding): Embedding(10001, 64)
  (loss_fct): NegSamplingLoss()
)
Trainable parameters: 7680256
Tue 16 Apr 2024 12:46:09 INFO  FLOPs: 128.0
Tue 16 Apr 2024 12:47:19 INFO  epoch 0 training [time: 25.68s, train loss: 6101.0989]
Tue 16 Apr 2024 12:50:03 INFO  epoch 0 evaluating [time: 163.51s, valid_score: 0.255700]
Tue 16 Apr 2024 12:50:03 INFO  valid result: 
recall@10 : 0.114    mrr@10 : 0.2557    ndcg@10 : 0.1386    hit@10 : 0.5223    map@10 : 0.0709    precision@10 : 0.1025    gauc : 0.9099    itemcoverage@10 : 0.0747    averagepopularity@10 : 7550.1464    giniindex@10 : 0.983    shannonentropy@10 : 0.0073    tailpercentage@10 : 0.093
Tue 16 Apr 2024 12:50:04 INFO  Saving current: saved/ml-10m_50U10I/LINE/LINE-Apr-16-2024_12-46-10.pth
Tue 16 Apr 2024 12:50:04 INFO  Loading model structure and parameters from saved/ml-10m_50U10I/LINE/LINE-Apr-16-2024_12-46-10.pth
Tue 16 Apr 2024 12:52:53 INFO  The running environment of this training is as follows:
+-------------+----------------+
| Environment |     Usage      |
+=============+================+
| CPU         |     6.50 %     |
+-------------+----------------+
| GPU         | 0.26 G/15.57 G |
+-------------+----------------+
| Memory      | 3.66 G/27.41 G |
+-------------+----------------+
Tue 16 Apr 2024 12:52:53 INFO  best valid : OrderedDict([('recall@10', 0.114), ('mrr@10', 0.2557), ('ndcg@10', 0.1386), ('hit@10', 0.5223), ('map@10', 0.0709), ('precision@10', 0.1025), ('gauc', 0.9099), ('itemcoverage@10', 0.0747), ('averagepopularity@10', 7550.1464), ('giniindex@10', 0.983), ('shannonentropy@10', 0.0073), ('tailpercentage@10', 0.093)])
Tue 16 Apr 2024 12:52:53 INFO  test result: OrderedDict([('recall@10', 0.1236), ('mrr@10', 0.2969), ('ndcg@10', 0.165), ('hit@10', 0.5371), ('map@10', 0.0934), ('precision@10', 0.1206), ('gauc', 0.9118), ('itemcoverage@10', 0.0868), ('averagepopularity@10', 7275.7023), ('giniindex@10', 0.9811), ('shannonentropy@10', 0.0064), ('tailpercentage@10', 0.0932)])
Tue 16 Apr 2024 12:52:56 INFO  
General Hyper Parameters:
gpu_id = 0
use_gpu = True
seed = 2020
state = INFO
reproducibility = True
data_path = data/ml-10m_50U10I
checkpoint_dir = saved/ml-10m_50U10I/LINE
show_progress = True
save_dataset = False
dataset_save_path = None
save_dataloaders = False
dataloaders_save_path = None
log_wandb = False

Training Hyper Parameters:
epochs = 1
train_batch_size = 2048
learner = adam
learning_rate = 0.001
train_neg_sample_args = {'distribution': 'uniform', 'sample_num': 1, 'dynamic': False, 'candidate_num': 0, 'alpha': 1.0}
eval_step = 1
stopping_step = 10
clip_grad_norm = None
weight_decay = 0.0
loss_decimal_place = 4

Evaluation Hyper Parameters:
eval_args = {'split': {'RS': [0.8, 0.1, 0.1]}, 'order': 'RO', 'group_by': 'user', 'mode': {'valid': 'full', 'test': 'full'}}
repeatable = False
metrics = ['Recall', 'MRR', 'NDCG', 'Hit', 'MAP', 'Precision', 'GAUC', 'ItemCoverage', 'AveragePopularity', 'GiniIndex', 'ShannonEntropy', 'TailPercentage']
topk = [10]
valid_metric = MRR@10
valid_metric_bigger = True
eval_batch_size = 4096
metric_decimal_place = 4

Dataset Hyper Parameters:
field_separator = 	
seq_separator =  
USER_ID_FIELD = user_id
ITEM_ID_FIELD = item_id
RATING_FIELD = rating
TIME_FIELD = timestamp
seq_len = None
LABEL_FIELD = label
threshold = None
NEG_PREFIX = neg_
load_col = {'inter': ['user_id', 'item_id']}
unload_col = None
unused_col = None
additional_feat_suffix = None
rm_dup_inter = None
val_interval = None
filter_inter_by_user_or_item = True
user_inter_num_interval = [0,inf)
item_inter_num_interval = [0,inf)
alias_of_user_id = None
alias_of_item_id = None
alias_of_entity_id = None
alias_of_relation_id = None
preload_weight = None
normalize_field = None
normalize_all = None
ITEM_LIST_LENGTH_FIELD = item_length
LIST_SUFFIX = _list
MAX_ITEM_LIST_LENGTH = 50
POSITION_FIELD = position_id
HEAD_ENTITY_ID_FIELD = head_id
TAIL_ENTITY_ID_FIELD = tail_id
RELATION_ID_FIELD = relation_id
ENTITY_ID_FIELD = entity_id
benchmark_filename = None

Other Hyper Parameters: 
worker = 0
wandb_project = recbole
shuffle = True
require_pow = False
enable_amp = False
enable_scaler = False
transform = None
embedding_size = 64
order = 2
second_order_loss_weight = 1.0
numerical_features = []
discretization = None
kg_reverse_r = False
entity_kg_num_interval = [0,inf)
relation_kg_num_interval = [0,inf)
MODEL_TYPE = ModelType.GENERAL
encoding = utf-8
device = cuda
my_log_file = /mnt/batch/tasks/shared/LS_root/mounts/clusters/fontanagpu/code/sustainability-of-recsys/log/carbon_default.log
MODEL_INPUT_TYPE = InputType.PAIRWISE
eval_type = EvaluatorType.RANKING
single_spec = True
local_rank = 0
valid_neg_sample_args = {'distribution': 'uniform', 'sample_num': 'none'}
test_neg_sample_args = {'distribution': 'uniform', 'sample_num': 'none'}


Tue 16 Apr 2024 12:53:18 INFO  ml-10m_50U10I
The number of users: 50001
Average actions of users: 141.07548
The number of items: 10001
Average actions of items: 705.3774
The number of inters: 7053774
The sparsity of the dataset: 98.5894144730844%
Remain Fields: ['user_id', 'item_id']
Tue 16 Apr 2024 12:53:37 INFO  [Training]: train_batch_size = [2048] train_neg_sample_args: [{'distribution': 'uniform', 'sample_num': 1, 'dynamic': False, 'candidate_num': 0, 'alpha': 1.0}]
Tue 16 Apr 2024 12:53:37 INFO  [Evaluation]: eval_batch_size = [4096] eval_args: [{'split': {'RS': [0.8, 0.1, 0.1]}, 'order': 'RO', 'group_by': 'user', 'mode': {'valid': 'full', 'test': 'full'}}]
Tue 16 Apr 2024 12:53:42 INFO  Loading model structure and parameters from saved/ml-10m_50U10I/LINE/LINE-Apr-16-2024_12-46-10.pth
