Wed 08 May 2024 19:42:26 INFO  ['src/default_tracker2.py', '--dataset=LFM-1b_artist_20U50I_25strat', '--model=LINE', '--max_emission_step=7']
Wed 08 May 2024 19:42:26 INFO  
General Hyper Parameters:
gpu_id = 0
use_gpu = True
seed = 2020
state = INFO
reproducibility = True
data_path = data/LFM-1b_artist_20U50I_25strat
checkpoint_dir = saved/LFM-1b_artist_20U50I_25strat/LINE
show_progress = True
save_dataset = False
dataset_save_path = None
save_dataloaders = False
dataloaders_save_path = None
log_wandb = False

Training Hyper Parameters:
epochs = 200
train_batch_size = 2048
learner = adam
learning_rate = 0.001
train_neg_sample_args = {'distribution': 'uniform', 'sample_num': 1, 'dynamic': False, 'candidate_num': 0, 'alpha': 1.0}
eval_step = 1
stopping_step = 10
clip_grad_norm = None
weight_decay = 0.0
loss_decimal_place = 4

Evaluation Hyper Parameters:
eval_args = {'split': {'RS': [0.8, 0.1, 0.1]}, 'order': 'RO', 'group_by': 'user', 'mode': {'valid': 'full', 'test': 'full'}}
repeatable = False
metrics = ['Recall', 'MRR', 'NDCG', 'Hit', 'MAP', 'Precision', 'GAUC', 'ItemCoverage', 'AveragePopularity', 'GiniIndex', 'ShannonEntropy', 'TailPercentage']
topk = [10]
valid_metric = MRR@10
valid_metric_bigger = True
eval_batch_size = 4096
metric_decimal_place = 4

Dataset Hyper Parameters:
field_separator = 	
seq_separator =  
USER_ID_FIELD = user_id
ITEM_ID_FIELD = item_id
RATING_FIELD = rating
TIME_FIELD = timestamp
seq_len = None
LABEL_FIELD = label
threshold = None
NEG_PREFIX = neg_
load_col = {'inter': ['user_id', 'item_id']}
unload_col = None
unused_col = None
additional_feat_suffix = None
rm_dup_inter = None
val_interval = None
filter_inter_by_user_or_item = True
user_inter_num_interval = [0,inf)
item_inter_num_interval = [0,inf)
alias_of_user_id = None
alias_of_item_id = None
alias_of_entity_id = None
alias_of_relation_id = None
preload_weight = None
normalize_field = None
normalize_all = None
ITEM_LIST_LENGTH_FIELD = item_length
LIST_SUFFIX = _list
MAX_ITEM_LIST_LENGTH = 50
POSITION_FIELD = position_id
HEAD_ENTITY_ID_FIELD = head_id
TAIL_ENTITY_ID_FIELD = tail_id
RELATION_ID_FIELD = relation_id
ENTITY_ID_FIELD = entity_id
benchmark_filename = None

Other Hyper Parameters: 
worker = 0
wandb_project = recbole
shuffle = True
require_pow = False
enable_amp = False
enable_scaler = False
transform = None
embedding_size = 64
order = 2
second_order_loss_weight = 1.0
numerical_features = []
discretization = None
kg_reverse_r = False
entity_kg_num_interval = [0,inf)
relation_kg_num_interval = [0,inf)
MODEL_TYPE = ModelType.GENERAL
encoding = utf-8
device = cuda:1
my_log_file = /home/fontana/Tesi/log/carbon_default.log
max_emission_step = 7
MODEL_INPUT_TYPE = InputType.PAIRWISE
eval_type = EvaluatorType.RANKING
single_spec = True
local_rank = 0
valid_neg_sample_args = {'distribution': 'uniform', 'sample_num': 'none'}
test_neg_sample_args = {'distribution': 'uniform', 'sample_num': 'none'}


Wed 08 May 2024 19:42:27 INFO  LFM-1b_artist_20U50I_25strat
The number of users: 19842
Average actions of users: 11.01038254120256
The number of items: 24879
Average actions of items: 8.781131923788086
The number of inters: 218457
The sparsity of the dataset: 99.95574650251882%
Remain Fields: ['user_id', 'item_id']
Wed 08 May 2024 19:42:29 INFO  [Training]: train_batch_size = [2048] train_neg_sample_args: [{'distribution': 'uniform', 'sample_num': 1, 'dynamic': False, 'candidate_num': 0, 'alpha': 1.0}]
Wed 08 May 2024 19:42:29 INFO  [Evaluation]: eval_batch_size = [4096] eval_args: [{'split': {'RS': [0.8, 0.1, 0.1]}, 'order': 'RO', 'group_by': 'user', 'mode': {'valid': 'full', 'test': 'full'}}]
Wed 08 May 2024 19:42:33 INFO  LINE(
  (user_embedding): Embedding(19842, 64)
  (item_embedding): Embedding(24879, 64)
  (user_context_embedding): Embedding(19842, 64)
  (item_context_embedding): Embedding(24879, 64)
  (loss_fct): NegSamplingLoss()
)
Trainable parameters: 5724288
Wed 08 May 2024 19:42:34 INFO  FLOPs: 128.0
Wed 08 May 2024 19:42:40 INFO  epoch 0 training [time: 0.90s, train loss: 235.6679]
Wed 08 May 2024 19:43:35 INFO  epoch 0 evaluating [time: 55.03s, valid_score: 0.000900]
Wed 08 May 2024 19:43:35 INFO  valid result: 
recall@10 : 0.0017    mrr@10 : 0.0009    ndcg@10 : 0.0009    hit@10 : 0.0026    map@10 : 0.0005    precision@10 : 0.0003    gauc : 0.5212    itemcoverage@10 : 0.7616    averagepopularity@10 : 20.9037    giniindex@10 : 0.6586    shannonentropy@10 : 0.0005    tailpercentage@10 : 0.0649
Wed 08 May 2024 19:43:35 INFO  Saving current: saved/LFM-1b_artist_20U50I_25strat/LINE/LINE-May-08-2024_19-42-34.pth
Wed 08 May 2024 19:43:36 INFO  epoch 1 training [time: 0.90s, train loss: 235.2913]
Wed 08 May 2024 19:44:32 INFO  epoch 1 evaluating [time: 55.60s, valid_score: 0.016800]
Wed 08 May 2024 19:44:32 INFO  valid result: 
recall@10 : 0.0364    mrr@10 : 0.0168    ndcg@10 : 0.0192    hit@10 : 0.0493    map@10 : 0.0124    precision@10 : 0.005    gauc : 0.6917    itemcoverage@10 : 0.4309    averagepopularity@10 : 386.3764    giniindex@10 : 0.9344    shannonentropy@10 : 0.0006    tailpercentage@10 : 0.0154
Wed 08 May 2024 19:44:32 INFO  Saving current: saved/LFM-1b_artist_20U50I_25strat/LINE/LINE-May-08-2024_19-42-34.pth
Wed 08 May 2024 19:44:33 INFO  epoch 2 training [time: 0.90s, train loss: 232.0905]
Wed 08 May 2024 19:45:28 INFO  epoch 2 evaluating [time: 54.73s, valid_score: 0.021500]
Wed 08 May 2024 19:45:28 INFO  valid result: 
recall@10 : 0.0499    mrr@10 : 0.0215    ndcg@10 : 0.0258    hit@10 : 0.0662    map@10 : 0.0166    precision@10 : 0.0067    gauc : 0.7331    itemcoverage@10 : 0.233    averagepopularity@10 : 497.4249    giniindex@10 : 0.9807    shannonentropy@10 : 0.0009    tailpercentage@10 : 0.026
Wed 08 May 2024 19:45:28 INFO  Saving current: saved/LFM-1b_artist_20U50I_25strat/LINE/LINE-May-08-2024_19-42-34.pth
Wed 08 May 2024 19:45:29 INFO  epoch 3 training [time: 0.88s, train loss: 221.1318]
Wed 08 May 2024 19:46:24 INFO  epoch 3 evaluating [time: 54.61s, valid_score: 0.023000]
Wed 08 May 2024 19:46:24 INFO  valid result: 
recall@10 : 0.0548    mrr@10 : 0.023    ndcg@10 : 0.0279    hit@10 : 0.0716    map@10 : 0.0179    precision@10 : 0.0073    gauc : 0.7468    itemcoverage@10 : 0.1577    averagepopularity@10 : 526.433    giniindex@10 : 0.991    shannonentropy@10 : 0.0012    tailpercentage@10 : 0.0185
Wed 08 May 2024 19:46:24 INFO  Saving current: saved/LFM-1b_artist_20U50I_25strat/LINE/LINE-May-08-2024_19-42-34.pth
Wed 08 May 2024 19:46:25 INFO  epoch 4 training [time: 0.87s, train loss: 208.3586]
Wed 08 May 2024 19:47:20 INFO  epoch 4 evaluating [time: 54.83s, valid_score: 0.023300]
Wed 08 May 2024 19:47:20 INFO  valid result: 
recall@10 : 0.0549    mrr@10 : 0.0233    ndcg@10 : 0.028    hit@10 : 0.0714    map@10 : 0.0179    precision@10 : 0.0072    gauc : 0.7487    itemcoverage@10 : 0.1248    averagepopularity@10 : 508.9123    giniindex@10 : 0.9933    shannonentropy@10 : 0.0015    tailpercentage@10 : 0.0432
Wed 08 May 2024 19:47:21 INFO  Saving current: saved/LFM-1b_artist_20U50I_25strat/LINE/LINE-May-08-2024_19-42-34.pth
Wed 08 May 2024 19:47:22 INFO  epoch 5 training [time: 0.91s, train loss: 201.1083]
Wed 08 May 2024 19:48:16 INFO  epoch 5 evaluating [time: 54.51s, valid_score: 0.022900]
Wed 08 May 2024 19:48:16 INFO  valid result: 
recall@10 : 0.0517    mrr@10 : 0.0229    ndcg@10 : 0.0271    hit@10 : 0.0673    map@10 : 0.0177    precision@10 : 0.0068    gauc : 0.7484    itemcoverage@10 : 0.1027    averagepopularity@10 : 459.6413    giniindex@10 : 0.9943    shannonentropy@10 : 0.0019    tailpercentage@10 : 0.0232
Wed 08 May 2024 19:48:17 INFO  epoch 6 training [time: 0.88s, train loss: 194.8650]
Wed 08 May 2024 19:49:11 INFO  epoch 6 evaluating [time: 54.39s, valid_score: 0.023500]
Wed 08 May 2024 19:49:11 INFO  valid result: 
recall@10 : 0.053    mrr@10 : 0.0235    ndcg@10 : 0.0277    hit@10 : 0.0684    map@10 : 0.0182    precision@10 : 0.0069    gauc : 0.7482    itemcoverage@10 : 0.0967    averagepopularity@10 : 419.9715    giniindex@10 : 0.9938    shannonentropy@10 : 0.0021    tailpercentage@10 : 0.0137
Wed 08 May 2024 19:49:12 INFO  Saving current: saved/LFM-1b_artist_20U50I_25strat/LINE/LINE-May-08-2024_19-42-34.pth
Wed 08 May 2024 19:49:13 INFO  epoch 7 training [time: 0.88s, train loss: 187.6456]
Wed 08 May 2024 19:50:07 INFO  epoch 7 evaluating [time: 54.31s, valid_score: 0.023700]
Wed 08 May 2024 19:50:07 INFO  valid result: 
recall@10 : 0.0511    mrr@10 : 0.0237    ndcg@10 : 0.0274    hit@10 : 0.0661    map@10 : 0.0184    precision@10 : 0.0068    gauc : 0.7519    itemcoverage@10 : 0.0892    averagepopularity@10 : 384.604    giniindex@10 : 0.9935    shannonentropy@10 : 0.0023    tailpercentage@10 : 0.0132
Wed 08 May 2024 19:50:08 INFO  Saving current: saved/LFM-1b_artist_20U50I_25strat/LINE/LINE-May-08-2024_19-42-34.pth
Wed 08 May 2024 19:50:09 INFO  epoch 8 training [time: 0.91s, train loss: 183.7283]
Wed 08 May 2024 19:51:03 INFO  epoch 8 evaluating [time: 54.35s, valid_score: 0.022800]
Wed 08 May 2024 19:51:03 INFO  valid result: 
recall@10 : 0.0496    mrr@10 : 0.0228    ndcg@10 : 0.0266    hit@10 : 0.0629    map@10 : 0.0179    precision@10 : 0.0064    gauc : 0.7561    itemcoverage@10 : 0.0875    averagepopularity@10 : 342.5643    giniindex@10 : 0.9926    shannonentropy@10 : 0.0024    tailpercentage@10 : 0.0088
Wed 08 May 2024 19:51:04 INFO  epoch 9 training [time: 0.81s, train loss: 179.6733]
Wed 08 May 2024 19:51:58 INFO  epoch 9 evaluating [time: 54.51s, valid_score: 0.022400]
Wed 08 May 2024 19:51:58 INFO  valid result: 
recall@10 : 0.0483    mrr@10 : 0.0224    ndcg@10 : 0.0262    hit@10 : 0.0621    map@10 : 0.0178    precision@10 : 0.0063    gauc : 0.759    itemcoverage@10 : 0.085    averagepopularity@10 : 315.6915    giniindex@10 : 0.9922    shannonentropy@10 : 0.0026    tailpercentage@10 : 0.0054
Wed 08 May 2024 19:51:59 INFO  epoch 10 training [time: 0.91s, train loss: 176.7829]
Wed 08 May 2024 19:52:53 INFO  epoch 10 evaluating [time: 54.24s, valid_score: 0.021800]
Wed 08 May 2024 19:52:53 INFO  valid result: 
recall@10 : 0.0475    mrr@10 : 0.0218    ndcg@10 : 0.0257    hit@10 : 0.0607    map@10 : 0.0174    precision@10 : 0.0061    gauc : 0.7598    itemcoverage@10 : 0.0865    averagepopularity@10 : 295.5134    giniindex@10 : 0.9916    shannonentropy@10 : 0.0026    tailpercentage@10 : 0.0059
Wed 08 May 2024 19:52:54 INFO  epoch 11 training [time: 0.91s, train loss: 171.0112]
Wed 08 May 2024 19:53:49 INFO  epoch 11 evaluating [time: 54.24s, valid_score: 0.022800]
Wed 08 May 2024 19:53:49 INFO  valid result: 
recall@10 : 0.0488    mrr@10 : 0.0228    ndcg@10 : 0.0267    hit@10 : 0.0617    map@10 : 0.0184    precision@10 : 0.0062    gauc : 0.7648    itemcoverage@10 : 0.0903    averagepopularity@10 : 296.487    giniindex@10 : 0.9908    shannonentropy@10 : 0.0025    tailpercentage@10 : 0.0134
Wed 08 May 2024 19:53:50 INFO  epoch 12 training [time: 0.91s, train loss: 168.3016]
Wed 08 May 2024 19:54:44 INFO  epoch 12 evaluating [time: 54.36s, valid_score: 0.022900]
Wed 08 May 2024 19:54:44 INFO  valid result: 
recall@10 : 0.0498    mrr@10 : 0.0229    ndcg@10 : 0.0269    hit@10 : 0.0635    map@10 : 0.0183    precision@10 : 0.0064    gauc : 0.768    itemcoverage@10 : 0.0919    averagepopularity@10 : 286.5878    giniindex@10 : 0.9903    shannonentropy@10 : 0.0025    tailpercentage@10 : 0.0067
Wed 08 May 2024 19:54:45 INFO  epoch 13 training [time: 0.90s, train loss: 167.1583]
Wed 08 May 2024 19:55:39 INFO  epoch 13 evaluating [time: 54.29s, valid_score: 0.022000]
Wed 08 May 2024 19:55:39 INFO  valid result: 
recall@10 : 0.0484    mrr@10 : 0.022    ndcg@10 : 0.026    hit@10 : 0.0618    map@10 : 0.0176    precision@10 : 0.0062    gauc : 0.7685    itemcoverage@10 : 0.0956    averagepopularity@10 : 270.3546    giniindex@10 : 0.9889    shannonentropy@10 : 0.0024    tailpercentage@10 : 0.009
Wed 08 May 2024 19:55:40 INFO  epoch 14 training [time: 0.91s, train loss: 161.5287]
Wed 08 May 2024 19:56:35 INFO  epoch 14 evaluating [time: 54.80s, valid_score: 0.022700]
Wed 08 May 2024 19:56:35 INFO  valid result: 
recall@10 : 0.0502    mrr@10 : 0.0227    ndcg@10 : 0.0269    hit@10 : 0.0644    map@10 : 0.0181    precision@10 : 0.0065    gauc : 0.7717    itemcoverage@10 : 0.0969    averagepopularity@10 : 273.3804    giniindex@10 : 0.9882    shannonentropy@10 : 0.0024    tailpercentage@10 : 0.0106
Wed 08 May 2024 19:56:36 INFO  epoch 15 training [time: 0.87s, train loss: 162.5267]
Wed 08 May 2024 19:57:30 INFO  epoch 15 evaluating [time: 54.51s, valid_score: 0.023000]
Wed 08 May 2024 19:57:30 INFO  valid result: 
recall@10 : 0.0499    mrr@10 : 0.023    ndcg@10 : 0.0269    hit@10 : 0.0633    map@10 : 0.0182    precision@10 : 0.0064    gauc : 0.7712    itemcoverage@10 : 0.1025    averagepopularity@10 : 263.9892    giniindex@10 : 0.9872    shannonentropy@10 : 0.0023    tailpercentage@10 : 0.0078
Wed 08 May 2024 19:57:31 INFO  epoch 16 training [time: 0.90s, train loss: 158.8465]
Wed 08 May 2024 19:58:26 INFO  epoch 16 evaluating [time: 54.71s, valid_score: 0.023300]
Wed 08 May 2024 19:58:26 INFO  valid result: 
recall@10 : 0.0511    mrr@10 : 0.0233    ndcg@10 : 0.0274    hit@10 : 0.0652    map@10 : 0.0185    precision@10 : 0.0066    gauc : 0.7719    itemcoverage@10 : 0.1068    averagepopularity@10 : 264.3211    giniindex@10 : 0.9868    shannonentropy@10 : 0.0023    tailpercentage@10 : 0.0076
Wed 08 May 2024 19:58:27 INFO  epoch 17 training [time: 0.91s, train loss: 153.3100]
Wed 08 May 2024 19:59:23 INFO  epoch 17 evaluating [time: 55.84s, valid_score: 0.023000]
Wed 08 May 2024 19:59:23 INFO  valid result: 
recall@10 : 0.051    mrr@10 : 0.023    ndcg@10 : 0.0271    hit@10 : 0.0651    map@10 : 0.0181    precision@10 : 0.0066    gauc : 0.7732    itemcoverage@10 : 0.1137    averagepopularity@10 : 264.7188    giniindex@10 : 0.9859    shannonentropy@10 : 0.0021    tailpercentage@10 : 0.0084
Wed 08 May 2024 19:59:23 INFO  epoch 18 training [time: 0.89s, train loss: 149.5831]
Wed 08 May 2024 20:00:19 INFO  epoch 18 evaluating [time: 55.65s, valid_score: 0.023700]
Wed 08 May 2024 20:00:19 INFO  valid result: 
recall@10 : 0.0519    mrr@10 : 0.0237    ndcg@10 : 0.0278    hit@10 : 0.0663    map@10 : 0.0187    precision@10 : 0.0067    gauc : 0.776    itemcoverage@10 : 0.117    averagepopularity@10 : 269.4185    giniindex@10 : 0.9855    shannonentropy@10 : 0.0021    tailpercentage@10 : 0.0085
Wed 08 May 2024 20:00:20 INFO  Saving current: saved/LFM-1b_artist_20U50I_25strat/LINE/LINE-May-08-2024_19-42-34.pth
Wed 08 May 2024 20:00:21 INFO  epoch 19 training [time: 0.88s, train loss: 150.8370]
Wed 08 May 2024 20:01:15 INFO  epoch 19 evaluating [time: 54.48s, valid_score: 0.023200]
Wed 08 May 2024 20:01:15 INFO  valid result: 
recall@10 : 0.0515    mrr@10 : 0.0232    ndcg@10 : 0.0273    hit@10 : 0.066    map@10 : 0.0182    precision@10 : 0.0067    gauc : 0.7759    itemcoverage@10 : 0.1204    averagepopularity@10 : 262.0648    giniindex@10 : 0.9848    shannonentropy@10 : 0.002    tailpercentage@10 : 0.0118
Wed 08 May 2024 20:01:16 INFO  epoch 20 training [time: 0.91s, train loss: 146.5214]
Wed 08 May 2024 20:02:10 INFO  epoch 20 evaluating [time: 54.47s, valid_score: 0.023100]
Wed 08 May 2024 20:02:10 INFO  valid result: 
recall@10 : 0.0504    mrr@10 : 0.0231    ndcg@10 : 0.0271    hit@10 : 0.0643    map@10 : 0.0183    precision@10 : 0.0065    gauc : 0.7768    itemcoverage@10 : 0.1241    averagepopularity@10 : 258.0492    giniindex@10 : 0.9843    shannonentropy@10 : 0.002    tailpercentage@10 : 0.0118
Wed 08 May 2024 20:02:11 INFO  epoch 21 training [time: 0.90s, train loss: 146.2424]
Wed 08 May 2024 20:03:06 INFO  epoch 21 evaluating [time: 54.64s, valid_score: 0.023100]
Wed 08 May 2024 20:03:06 INFO  valid result: 
recall@10 : 0.0503    mrr@10 : 0.0231    ndcg@10 : 0.0271    hit@10 : 0.0644    map@10 : 0.0183    precision@10 : 0.0065    gauc : 0.7765    itemcoverage@10 : 0.1284    averagepopularity@10 : 253.4708    giniindex@10 : 0.9839    shannonentropy@10 : 0.0019    tailpercentage@10 : 0.0095
Wed 08 May 2024 20:03:07 INFO  epoch 22 training [time: 0.77s, train loss: 145.6700]
Wed 08 May 2024 20:04:01 INFO  epoch 22 evaluating [time: 54.46s, valid_score: 0.022800]
Wed 08 May 2024 20:04:01 INFO  valid result: 
recall@10 : 0.0505    mrr@10 : 0.0228    ndcg@10 : 0.0268    hit@10 : 0.0648    map@10 : 0.0179    precision@10 : 0.0065    gauc : 0.7755    itemcoverage@10 : 0.1326    averagepopularity@10 : 245.0976    giniindex@10 : 0.9825    shannonentropy@10 : 0.0019    tailpercentage@10 : 0.0112
Wed 08 May 2024 20:04:02 INFO  epoch 23 training [time: 0.74s, train loss: 144.9833]
Wed 08 May 2024 20:04:57 INFO  epoch 23 evaluating [time: 55.33s, valid_score: 0.021900]
Wed 08 May 2024 20:04:57 INFO  valid result: 
recall@10 : 0.0483    mrr@10 : 0.0219    ndcg@10 : 0.0257    hit@10 : 0.0618    map@10 : 0.0172    precision@10 : 0.0063    gauc : 0.7741    itemcoverage@10 : 0.1383    averagepopularity@10 : 240.6034    giniindex@10 : 0.9818    shannonentropy@10 : 0.0018    tailpercentage@10 : 0.0103
Wed 08 May 2024 20:04:58 INFO  epoch 24 training [time: 0.86s, train loss: 137.7551]
Wed 08 May 2024 20:05:53 INFO  epoch 24 evaluating [time: 54.45s, valid_score: 0.022200]
Wed 08 May 2024 20:05:53 INFO  valid result: 
recall@10 : 0.049    mrr@10 : 0.0222    ndcg@10 : 0.0261    hit@10 : 0.0632    map@10 : 0.0174    precision@10 : 0.0064    gauc : 0.7751    itemcoverage@10 : 0.1428    averagepopularity@10 : 242.4655    giniindex@10 : 0.9813    shannonentropy@10 : 0.0018    tailpercentage@10 : 0.0087
Wed 08 May 2024 20:05:53 INFO  epoch 25 training [time: 0.90s, train loss: 137.8509]
Wed 08 May 2024 20:06:48 INFO  epoch 25 evaluating [time: 54.61s, valid_score: 0.022300]
Wed 08 May 2024 20:06:48 INFO  valid result: 
recall@10 : 0.0487    mrr@10 : 0.0223    ndcg@10 : 0.0261    hit@10 : 0.0631    map@10 : 0.0175    precision@10 : 0.0064    gauc : 0.7746    itemcoverage@10 : 0.1447    averagepopularity@10 : 236.1347    giniindex@10 : 0.9808    shannonentropy@10 : 0.0018    tailpercentage@10 : 0.0085
Wed 08 May 2024 20:06:49 INFO  epoch 26 training [time: 0.92s, train loss: 135.1735]
Wed 08 May 2024 20:07:43 INFO  epoch 26 evaluating [time: 54.17s, valid_score: 0.021900]
Wed 08 May 2024 20:07:43 INFO  valid result: 
recall@10 : 0.0481    mrr@10 : 0.0219    ndcg@10 : 0.0257    hit@10 : 0.0619    map@10 : 0.0172    precision@10 : 0.0062    gauc : 0.7747    itemcoverage@10 : 0.149    averagepopularity@10 : 230.8984    giniindex@10 : 0.98    shannonentropy@10 : 0.0017    tailpercentage@10 : 0.0089
Wed 08 May 2024 20:07:44 INFO  epoch 27 training [time: 0.82s, train loss: 132.3220]
Wed 08 May 2024 20:08:39 INFO  epoch 27 evaluating [time: 54.67s, valid_score: 0.021500]
Wed 08 May 2024 20:08:39 INFO  valid result: 
recall@10 : 0.0469    mrr@10 : 0.0215    ndcg@10 : 0.0251    hit@10 : 0.0611    map@10 : 0.0168    precision@10 : 0.0062    gauc : 0.7748    itemcoverage@10 : 0.1543    averagepopularity@10 : 227.3526    giniindex@10 : 0.9791    shannonentropy@10 : 0.0017    tailpercentage@10 : 0.0086
Wed 08 May 2024 20:08:40 INFO  epoch 28 training [time: 0.91s, train loss: 136.0265]
Wed 08 May 2024 20:09:34 INFO  epoch 28 evaluating [time: 54.44s, valid_score: 0.021300]
Wed 08 May 2024 20:09:34 INFO  valid result: 
recall@10 : 0.0458    mrr@10 : 0.0213    ndcg@10 : 0.0247    hit@10 : 0.0602    map@10 : 0.0166    precision@10 : 0.0061    gauc : 0.7725    itemcoverage@10 : 0.16    averagepopularity@10 : 217.1984    giniindex@10 : 0.9775    shannonentropy@10 : 0.0016    tailpercentage@10 : 0.0083
Wed 08 May 2024 20:09:35 INFO  epoch 29 training [time: 0.88s, train loss: 129.1803]
Wed 08 May 2024 20:10:30 INFO  epoch 29 evaluating [time: 54.60s, valid_score: 0.021000]
Wed 08 May 2024 20:10:30 INFO  valid result: 
recall@10 : 0.0457    mrr@10 : 0.021    ndcg@10 : 0.0245    hit@10 : 0.0595    map@10 : 0.0164    precision@10 : 0.006    gauc : 0.772    itemcoverage@10 : 0.1636    averagepopularity@10 : 212.7095    giniindex@10 : 0.9771    shannonentropy@10 : 0.0016    tailpercentage@10 : 0.0081
Wed 08 May 2024 20:10:30 INFO  Finished training, best eval result in epoch 18
Wed 08 May 2024 20:10:30 INFO  Loading model structure and parameters from saved/LFM-1b_artist_20U50I_25strat/LINE/LINE-May-08-2024_19-42-34.pth
Wed 08 May 2024 20:11:31 INFO  The running environment of this training is as follows:
+-------------+----------------+
| Environment |     Usage      |
+=============+================+
| CPU         |    16.70 %     |
+-------------+----------------+
| GPU         | 0.22 G/11.93 G |
+-------------+----------------+
| Memory      | 2.21 G/31.23 G |
+-------------+----------------+
Wed 08 May 2024 20:11:31 INFO  best valid : OrderedDict([('recall@10', 0.0519), ('mrr@10', 0.0237), ('ndcg@10', 0.0278), ('hit@10', 0.0663), ('map@10', 0.0187), ('precision@10', 0.0067), ('gauc', 0.776), ('itemcoverage@10', 0.117), ('averagepopularity@10', 269.4185), ('giniindex@10', 0.9855), ('shannonentropy@10', 0.0021), ('tailpercentage@10', 0.0085)])
Wed 08 May 2024 20:11:31 INFO  test result: OrderedDict([('recall@10', 0.0496), ('mrr@10', 0.0217), ('ndcg@10', 0.0261), ('hit@10', 0.0611), ('map@10', 0.0175), ('precision@10', 0.0062), ('gauc', 0.7349), ('itemcoverage@10', 0.1255), ('averagepopularity@10', 244.7699), ('giniindex@10', 0.984), ('shannonentropy@10', 0.002), ('tailpercentage@10', 0.0124)])
Wed 08 May 2024 20:11:31 INFO  
General Hyper Parameters:
gpu_id = 0
use_gpu = True
seed = 2020
state = INFO
reproducibility = True
data_path = data/LFM-1b_artist_20U50I_25strat
checkpoint_dir = saved/LFM-1b_artist_20U50I_25strat/LINE
show_progress = True
save_dataset = False
dataset_save_path = None
save_dataloaders = False
dataloaders_save_path = None
log_wandb = False

Training Hyper Parameters:
epochs = 200
train_batch_size = 2048
learner = adam
learning_rate = 0.001
train_neg_sample_args = {'distribution': 'uniform', 'sample_num': 1, 'dynamic': False, 'candidate_num': 0, 'alpha': 1.0}
eval_step = 1
stopping_step = 10
clip_grad_norm = None
weight_decay = 0.0
loss_decimal_place = 4

Evaluation Hyper Parameters:
eval_args = {'split': {'RS': [0.8, 0.1, 0.1]}, 'order': 'RO', 'group_by': 'user', 'mode': {'valid': 'full', 'test': 'full'}}
repeatable = False
metrics = ['Recall', 'MRR', 'NDCG', 'Hit', 'MAP', 'Precision', 'GAUC', 'ItemCoverage', 'AveragePopularity', 'GiniIndex', 'ShannonEntropy', 'TailPercentage']
topk = [10]
valid_metric = MRR@10
valid_metric_bigger = True
eval_batch_size = 4096
metric_decimal_place = 4

Dataset Hyper Parameters:
field_separator = 	
seq_separator =  
USER_ID_FIELD = user_id
ITEM_ID_FIELD = item_id
RATING_FIELD = rating
TIME_FIELD = timestamp
seq_len = None
LABEL_FIELD = label
threshold = None
NEG_PREFIX = neg_
load_col = {'inter': ['user_id', 'item_id']}
unload_col = None
unused_col = None
additional_feat_suffix = None
rm_dup_inter = None
val_interval = None
filter_inter_by_user_or_item = True
user_inter_num_interval = [0,inf)
item_inter_num_interval = [0,inf)
alias_of_user_id = None
alias_of_item_id = None
alias_of_entity_id = None
alias_of_relation_id = None
preload_weight = None
normalize_field = None
normalize_all = None
ITEM_LIST_LENGTH_FIELD = item_length
LIST_SUFFIX = _list
MAX_ITEM_LIST_LENGTH = 50
POSITION_FIELD = position_id
HEAD_ENTITY_ID_FIELD = head_id
TAIL_ENTITY_ID_FIELD = tail_id
RELATION_ID_FIELD = relation_id
ENTITY_ID_FIELD = entity_id
benchmark_filename = None

Other Hyper Parameters: 
worker = 0
wandb_project = recbole
shuffle = True
require_pow = False
enable_amp = False
enable_scaler = False
transform = None
embedding_size = 64
order = 2
second_order_loss_weight = 1.0
numerical_features = []
discretization = None
kg_reverse_r = False
entity_kg_num_interval = [0,inf)
relation_kg_num_interval = [0,inf)
MODEL_TYPE = ModelType.GENERAL
encoding = utf-8
device = cuda:1
my_log_file = /home/fontana/Tesi/log/carbon_default.log
max_emission_step = 7
MODEL_INPUT_TYPE = InputType.PAIRWISE
eval_type = EvaluatorType.RANKING
single_spec = True
local_rank = 0
valid_neg_sample_args = {'distribution': 'uniform', 'sample_num': 'none'}
test_neg_sample_args = {'distribution': 'uniform', 'sample_num': 'none'}


Wed 08 May 2024 20:11:33 INFO  LFM-1b_artist_20U50I_25strat
The number of users: 19842
Average actions of users: 11.01038254120256
The number of items: 24879
Average actions of items: 8.781131923788086
The number of inters: 218457
The sparsity of the dataset: 99.95574650251882%
Remain Fields: ['user_id', 'item_id']
Wed 08 May 2024 20:11:34 INFO  [Training]: train_batch_size = [2048] train_neg_sample_args: [{'distribution': 'uniform', 'sample_num': 1, 'dynamic': False, 'candidate_num': 0, 'alpha': 1.0}]
Wed 08 May 2024 20:11:34 INFO  [Evaluation]: eval_batch_size = [4096] eval_args: [{'split': {'RS': [0.8, 0.1, 0.1]}, 'order': 'RO', 'group_by': 'user', 'mode': {'valid': 'full', 'test': 'full'}}]
Wed 08 May 2024 20:11:35 INFO  Loading model structure and parameters from saved/LFM-1b_artist_20U50I_25strat/LINE/LINE-May-08-2024_19-42-34.pth
