Fri 10 May 2024 07:25:02 INFO  ['src/default_tracker2.py', '--dataset=amazon_books_60core_kg', '--model=LINE', '--max_emission_step=-1']
Fri 10 May 2024 07:25:02 INFO  
General Hyper Parameters:
gpu_id = 0
use_gpu = True
seed = 2020
state = INFO
reproducibility = True
data_path = data/amazon_books_60core_kg
checkpoint_dir = saved/amazon_books_60core_kg/LINE
show_progress = True
save_dataset = False
dataset_save_path = None
save_dataloaders = False
dataloaders_save_path = None
log_wandb = False

Training Hyper Parameters:
epochs = 200
train_batch_size = 2048
learner = adam
learning_rate = 0.001
train_neg_sample_args = {'distribution': 'uniform', 'sample_num': 1, 'dynamic': False, 'candidate_num': 0, 'alpha': 1.0}
eval_step = 1
stopping_step = 10
clip_grad_norm = None
weight_decay = 0.0
loss_decimal_place = 4

Evaluation Hyper Parameters:
eval_args = {'split': {'RS': [0.8, 0.1, 0.1]}, 'order': 'RO', 'group_by': 'user', 'mode': {'valid': 'full', 'test': 'full'}}
repeatable = False
metrics = ['Recall', 'MRR', 'NDCG', 'Hit', 'MAP', 'Precision', 'GAUC', 'ItemCoverage', 'AveragePopularity', 'GiniIndex', 'ShannonEntropy', 'TailPercentage']
topk = [10]
valid_metric = MRR@10
valid_metric_bigger = True
eval_batch_size = 4096
metric_decimal_place = 4

Dataset Hyper Parameters:
field_separator = 	
seq_separator =  
USER_ID_FIELD = user_id
ITEM_ID_FIELD = item_id
RATING_FIELD = rating
TIME_FIELD = timestamp
seq_len = None
LABEL_FIELD = label
threshold = None
NEG_PREFIX = neg_
load_col = {'inter': ['user_id', 'item_id']}
unload_col = None
unused_col = None
additional_feat_suffix = None
rm_dup_inter = None
val_interval = None
filter_inter_by_user_or_item = True
user_inter_num_interval = [0,inf)
item_inter_num_interval = [0,inf)
alias_of_user_id = None
alias_of_item_id = None
alias_of_entity_id = None
alias_of_relation_id = None
preload_weight = None
normalize_field = None
normalize_all = None
ITEM_LIST_LENGTH_FIELD = item_length
LIST_SUFFIX = _list
MAX_ITEM_LIST_LENGTH = 50
POSITION_FIELD = position_id
HEAD_ENTITY_ID_FIELD = head_id
TAIL_ENTITY_ID_FIELD = tail_id
RELATION_ID_FIELD = relation_id
ENTITY_ID_FIELD = entity_id
benchmark_filename = None

Other Hyper Parameters: 
worker = 0
wandb_project = recbole
shuffle = True
require_pow = False
enable_amp = False
enable_scaler = False
transform = None
embedding_size = 64
order = 2
second_order_loss_weight = 1.0
numerical_features = []
discretization = None
kg_reverse_r = False
entity_kg_num_interval = [0,inf)
relation_kg_num_interval = [0,inf)
MODEL_TYPE = ModelType.GENERAL
encoding = utf-8
device = cuda:1
my_log_file = /home/fontana/Tesi/log/carbon_default.log
max_emission_step = -1
MODEL_INPUT_TYPE = InputType.PAIRWISE
eval_type = EvaluatorType.RANKING
single_spec = True
local_rank = 0
valid_neg_sample_args = {'distribution': 'uniform', 'sample_num': 'none'}
test_neg_sample_args = {'distribution': 'uniform', 'sample_num': 'none'}


Fri 10 May 2024 07:25:09 INFO  amazon_books_60core_kg
The number of users: 22156
Average actions of users: 66.16434213495825
The number of items: 54459
Average actions of items: 26.917459326453415
The number of inters: 1465871
The sparsity of the dataset: 99.87851162187994%
Remain Fields: ['user_id', 'item_id']
Fri 10 May 2024 07:25:14 INFO  [Training]: train_batch_size = [2048] train_neg_sample_args: [{'distribution': 'uniform', 'sample_num': 1, 'dynamic': False, 'candidate_num': 0, 'alpha': 1.0}]
Fri 10 May 2024 07:25:14 INFO  [Evaluation]: eval_batch_size = [4096] eval_args: [{'split': {'RS': [0.8, 0.1, 0.1]}, 'order': 'RO', 'group_by': 'user', 'mode': {'valid': 'full', 'test': 'full'}}]
Fri 10 May 2024 07:25:18 INFO  LINE(
  (user_embedding): Embedding(22156, 64)
  (item_embedding): Embedding(54459, 64)
  (user_context_embedding): Embedding(22156, 64)
  (item_context_embedding): Embedding(54459, 64)
  (loss_fct): NegSamplingLoss()
)
Trainable parameters: 9806720
Fri 10 May 2024 07:25:24 INFO  FLOPs: 128.0
Fri 10 May 2024 07:25:36 INFO  epoch 0 training [time: 6.31s, train loss: 1586.8304]
Fri 10 May 2024 07:27:21 INFO  epoch 0 evaluating [time: 104.21s, valid_score: 0.024300]
Fri 10 May 2024 07:27:21 INFO  valid result: 
recall@10 : 0.0096    mrr@10 : 0.0243    ndcg@10 : 0.0103    hit@10 : 0.067    map@10 : 0.004    precision@10 : 0.0079    gauc : 0.8403    itemcoverage@10 : 0.0429    averagepopularity@10 : 264.3388    giniindex@10 : 0.9974    shannonentropy@10 : 0.0021    tailpercentage@10 : 0.0003
Fri 10 May 2024 07:27:21 INFO  Saving current: saved/amazon_books_60core_kg/LINE/LINE-May-10-2024_07-25-25.pth
Fri 10 May 2024 07:27:27 INFO  epoch 1 training [time: 6.20s, train loss: 1351.6510]
Fri 10 May 2024 07:29:09 INFO  epoch 1 evaluating [time: 101.60s, valid_score: 0.028800]
Fri 10 May 2024 07:29:09 INFO  valid result: 
recall@10 : 0.0127    mrr@10 : 0.0288    ndcg@10 : 0.0129    hit@10 : 0.0813    map@10 : 0.0052    precision@10 : 0.0094    gauc : 0.8766    itemcoverage@10 : 0.0241    averagepopularity@10 : 199.3054    giniindex@10 : 0.9968    shannonentropy@10 : 0.0041    tailpercentage@10 : 0.0
Fri 10 May 2024 07:29:10 INFO  Saving current: saved/amazon_books_60core_kg/LINE/LINE-May-10-2024_07-25-25.pth
Fri 10 May 2024 07:29:16 INFO  epoch 2 training [time: 6.13s, train loss: 1227.8471]
Fri 10 May 2024 07:30:58 INFO  epoch 2 evaluating [time: 102.22s, valid_score: 0.030200]
Fri 10 May 2024 07:30:58 INFO  valid result: 
recall@10 : 0.0138    mrr@10 : 0.0302    ndcg@10 : 0.0137    hit@10 : 0.0866    map@10 : 0.0055    precision@10 : 0.0099    gauc : 0.8947    itemcoverage@10 : 0.0342    averagepopularity@10 : 139.0935    giniindex@10 : 0.9942    shannonentropy@10 : 0.0032    tailpercentage@10 : 0.0
Fri 10 May 2024 07:30:59 INFO  Saving current: saved/amazon_books_60core_kg/LINE/LINE-May-10-2024_07-25-25.pth
Fri 10 May 2024 07:31:05 INFO  epoch 3 training [time: 6.37s, train loss: 1170.2027]
Fri 10 May 2024 07:32:47 INFO  epoch 3 evaluating [time: 101.89s, valid_score: 0.034900]
Fri 10 May 2024 07:32:47 INFO  valid result: 
recall@10 : 0.0157    mrr@10 : 0.0349    ndcg@10 : 0.0156    hit@10 : 0.0936    map@10 : 0.0065    precision@10 : 0.0108    gauc : 0.9054    itemcoverage@10 : 0.0448    averagepopularity@10 : 122.1295    giniindex@10 : 0.9918    shannonentropy@10 : 0.0026    tailpercentage@10 : 0.0
Fri 10 May 2024 07:32:48 INFO  Saving current: saved/amazon_books_60core_kg/LINE/LINE-May-10-2024_07-25-25.pth
Fri 10 May 2024 07:32:54 INFO  epoch 4 training [time: 6.06s, train loss: 1132.9885]
Fri 10 May 2024 07:34:36 INFO  epoch 4 evaluating [time: 101.90s, valid_score: 0.035700]
Fri 10 May 2024 07:34:36 INFO  valid result: 
recall@10 : 0.0174    mrr@10 : 0.0357    ndcg@10 : 0.0165    hit@10 : 0.0994    map@10 : 0.007    precision@10 : 0.0115    gauc : 0.9125    itemcoverage@10 : 0.0556    averagepopularity@10 : 117.7828    giniindex@10 : 0.9891    shannonentropy@10 : 0.0022    tailpercentage@10 : 0.0
Fri 10 May 2024 07:34:37 INFO  Saving current: saved/amazon_books_60core_kg/LINE/LINE-May-10-2024_07-25-25.pth
Fri 10 May 2024 07:34:43 INFO  epoch 5 training [time: 6.16s, train loss: 1103.0572]
Fri 10 May 2024 07:36:25 INFO  epoch 5 evaluating [time: 101.47s, valid_score: 0.037800]
Fri 10 May 2024 07:36:25 INFO  valid result: 
recall@10 : 0.0187    mrr@10 : 0.0378    ndcg@10 : 0.0177    hit@10 : 0.1046    map@10 : 0.0075    precision@10 : 0.0122    gauc : 0.9174    itemcoverage@10 : 0.0699    averagepopularity@10 : 110.0016    giniindex@10 : 0.986    shannonentropy@10 : 0.0018    tailpercentage@10 : 0.0
Fri 10 May 2024 07:36:26 INFO  Saving current: saved/amazon_books_60core_kg/LINE/LINE-May-10-2024_07-25-25.pth
Fri 10 May 2024 07:36:32 INFO  epoch 6 training [time: 6.13s, train loss: 1077.2460]
Fri 10 May 2024 07:38:13 INFO  epoch 6 evaluating [time: 101.42s, valid_score: 0.038800]
Fri 10 May 2024 07:38:13 INFO  valid result: 
recall@10 : 0.0189    mrr@10 : 0.0388    ndcg@10 : 0.018    hit@10 : 0.1068    map@10 : 0.0077    precision@10 : 0.0124    gauc : 0.9209    itemcoverage@10 : 0.0813    averagepopularity@10 : 105.9395    giniindex@10 : 0.9832    shannonentropy@10 : 0.0016    tailpercentage@10 : 0.0002
Fri 10 May 2024 07:38:14 INFO  Saving current: saved/amazon_books_60core_kg/LINE/LINE-May-10-2024_07-25-25.pth
Fri 10 May 2024 07:38:20 INFO  epoch 7 training [time: 6.24s, train loss: 1046.6018]
Fri 10 May 2024 07:40:02 INFO  epoch 7 evaluating [time: 101.79s, valid_score: 0.039700]
Fri 10 May 2024 07:40:02 INFO  valid result: 
recall@10 : 0.0205    mrr@10 : 0.0397    ndcg@10 : 0.0189    hit@10 : 0.1111    map@10 : 0.008    precision@10 : 0.0129    gauc : 0.9235    itemcoverage@10 : 0.0929    averagepopularity@10 : 102.1219    giniindex@10 : 0.9808    shannonentropy@10 : 0.0014    tailpercentage@10 : 0.0051
Fri 10 May 2024 07:40:03 INFO  Saving current: saved/amazon_books_60core_kg/LINE/LINE-May-10-2024_07-25-25.pth
Fri 10 May 2024 07:40:09 INFO  epoch 8 training [time: 6.26s, train loss: 1009.0196]
Fri 10 May 2024 07:41:51 INFO  epoch 8 evaluating [time: 101.64s, valid_score: 0.040100]
Fri 10 May 2024 07:41:51 INFO  valid result: 
recall@10 : 0.0205    mrr@10 : 0.0401    ndcg@10 : 0.0191    hit@10 : 0.1112    map@10 : 0.0082    precision@10 : 0.0128    gauc : 0.9258    itemcoverage@10 : 0.105    averagepopularity@10 : 100.2487    giniindex@10 : 0.9779    shannonentropy@10 : 0.0013    tailpercentage@10 : 0.0048
Fri 10 May 2024 07:41:52 INFO  Saving current: saved/amazon_books_60core_kg/LINE/LINE-May-10-2024_07-25-25.pth
Fri 10 May 2024 07:41:58 INFO  epoch 9 training [time: 5.86s, train loss: 960.8213]
Fri 10 May 2024 07:43:39 INFO  epoch 9 evaluating [time: 101.65s, valid_score: 0.041500]
Fri 10 May 2024 07:43:39 INFO  valid result: 
recall@10 : 0.0205    mrr@10 : 0.0415    ndcg@10 : 0.0194    hit@10 : 0.1111    map@10 : 0.0086    precision@10 : 0.0129    gauc : 0.9275    itemcoverage@10 : 0.1214    averagepopularity@10 : 90.9082    giniindex@10 : 0.974    shannonentropy@10 : 0.0011    tailpercentage@10 : 0.0026
Fri 10 May 2024 07:43:40 INFO  Saving current: saved/amazon_books_60core_kg/LINE/LINE-May-10-2024_07-25-25.pth
Fri 10 May 2024 07:43:47 INFO  epoch 10 training [time: 6.24s, train loss: 894.4337]
Fri 10 May 2024 07:45:29 INFO  epoch 10 evaluating [time: 102.13s, valid_score: 0.042800]
Fri 10 May 2024 07:45:29 INFO  valid result: 
recall@10 : 0.0215    mrr@10 : 0.0428    ndcg@10 : 0.0202    hit@10 : 0.1159    map@10 : 0.0088    precision@10 : 0.0135    gauc : 0.9294    itemcoverage@10 : 0.1316    averagepopularity@10 : 89.5975    giniindex@10 : 0.9702    shannonentropy@10 : 0.0011    tailpercentage@10 : 0.0054
Fri 10 May 2024 07:45:30 INFO  Saving current: saved/amazon_books_60core_kg/LINE/LINE-May-10-2024_07-25-25.pth
Fri 10 May 2024 07:45:36 INFO  epoch 11 training [time: 6.20s, train loss: 822.3446]
Fri 10 May 2024 07:47:20 INFO  epoch 11 evaluating [time: 104.12s, valid_score: 0.044200]
Fri 10 May 2024 07:47:20 INFO  valid result: 
recall@10 : 0.0219    mrr@10 : 0.0442    ndcg@10 : 0.0208    hit@10 : 0.1201    map@10 : 0.009    precision@10 : 0.0139    gauc : 0.9317    itemcoverage@10 : 0.139    averagepopularity@10 : 90.7887    giniindex@10 : 0.9682    shannonentropy@10 : 0.001    tailpercentage@10 : 0.0053
Fri 10 May 2024 07:47:21 INFO  Saving current: saved/amazon_books_60core_kg/LINE/LINE-May-10-2024_07-25-25.pth
Fri 10 May 2024 07:47:27 INFO  epoch 12 training [time: 6.29s, train loss: 756.6586]
Fri 10 May 2024 07:49:09 INFO  epoch 12 evaluating [time: 102.21s, valid_score: 0.047400]
Fri 10 May 2024 07:49:09 INFO  valid result: 
recall@10 : 0.0234    mrr@10 : 0.0474    ndcg@10 : 0.0223    hit@10 : 0.1266    map@10 : 0.0097    precision@10 : 0.0149    gauc : 0.9343    itemcoverage@10 : 0.1491    averagepopularity@10 : 95.3449    giniindex@10 : 0.9645    shannonentropy@10 : 0.001    tailpercentage@10 : 0.0028
Fri 10 May 2024 07:49:10 INFO  Saving current: saved/amazon_books_60core_kg/LINE/LINE-May-10-2024_07-25-25.pth
Fri 10 May 2024 07:49:17 INFO  epoch 13 training [time: 6.22s, train loss: 700.0019]
Fri 10 May 2024 07:50:59 INFO  epoch 13 evaluating [time: 102.30s, valid_score: 0.050000]
Fri 10 May 2024 07:50:59 INFO  valid result: 
recall@10 : 0.0258    mrr@10 : 0.05    ndcg@10 : 0.0238    hit@10 : 0.1342    map@10 : 0.0103    precision@10 : 0.0157    gauc : 0.9367    itemcoverage@10 : 0.1575    averagepopularity@10 : 98.1634    giniindex@10 : 0.9623    shannonentropy@10 : 0.0009    tailpercentage@10 : 0.0057
Fri 10 May 2024 07:51:00 INFO  Saving current: saved/amazon_books_60core_kg/LINE/LINE-May-10-2024_07-25-25.pth
Fri 10 May 2024 07:51:06 INFO  epoch 14 training [time: 6.18s, train loss: 656.0465]
Fri 10 May 2024 07:52:48 INFO  epoch 14 evaluating [time: 101.81s, valid_score: 0.050700]
Fri 10 May 2024 07:52:48 INFO  valid result: 
recall@10 : 0.0273    mrr@10 : 0.0507    ndcg@10 : 0.0247    hit@10 : 0.1388    map@10 : 0.0108    precision@10 : 0.0163    gauc : 0.9387    itemcoverage@10 : 0.1636    averagepopularity@10 : 99.5724    giniindex@10 : 0.9601    shannonentropy@10 : 0.0009    tailpercentage@10 : 0.0036
Fri 10 May 2024 07:52:49 INFO  Saving current: saved/amazon_books_60core_kg/LINE/LINE-May-10-2024_07-25-25.pth
Fri 10 May 2024 07:52:55 INFO  epoch 15 training [time: 6.41s, train loss: 619.7594]
Fri 10 May 2024 07:54:37 INFO  epoch 15 evaluating [time: 101.70s, valid_score: 0.052600]
Fri 10 May 2024 07:54:37 INFO  valid result: 
recall@10 : 0.0287    mrr@10 : 0.0526    ndcg@10 : 0.0259    hit@10 : 0.1416    map@10 : 0.0116    precision@10 : 0.0167    gauc : 0.9402    itemcoverage@10 : 0.1728    averagepopularity@10 : 98.0081    giniindex@10 : 0.9571    shannonentropy@10 : 0.0008    tailpercentage@10 : 0.0008
Fri 10 May 2024 07:54:38 INFO  Saving current: saved/amazon_books_60core_kg/LINE/LINE-May-10-2024_07-25-25.pth
Fri 10 May 2024 07:54:44 INFO  epoch 16 training [time: 6.10s, train loss: 587.2402]
Fri 10 May 2024 07:56:26 INFO  epoch 16 evaluating [time: 101.83s, valid_score: 0.053400]
Fri 10 May 2024 07:56:26 INFO  valid result: 
recall@10 : 0.0299    mrr@10 : 0.0534    ndcg@10 : 0.0266    hit@10 : 0.1458    map@10 : 0.0118    precision@10 : 0.0173    gauc : 0.9416    itemcoverage@10 : 0.1828    averagepopularity@10 : 98.0285    giniindex@10 : 0.9535    shannonentropy@10 : 0.0008    tailpercentage@10 : 0.0002
Fri 10 May 2024 07:56:27 INFO  Saving current: saved/amazon_books_60core_kg/LINE/LINE-May-10-2024_07-25-25.pth
Fri 10 May 2024 07:56:33 INFO  epoch 17 training [time: 6.23s, train loss: 557.0816]
Fri 10 May 2024 07:58:15 INFO  epoch 17 evaluating [time: 101.93s, valid_score: 0.057300]
Fri 10 May 2024 07:58:15 INFO  valid result: 
recall@10 : 0.032    mrr@10 : 0.0573    ndcg@10 : 0.0286    hit@10 : 0.152    map@10 : 0.0131    precision@10 : 0.0181    gauc : 0.9428    itemcoverage@10 : 0.1896    averagepopularity@10 : 100.7049    giniindex@10 : 0.9521    shannonentropy@10 : 0.0008    tailpercentage@10 : 0.0001
Fri 10 May 2024 07:58:16 INFO  Saving current: saved/amazon_books_60core_kg/LINE/LINE-May-10-2024_07-25-25.pth
Fri 10 May 2024 07:58:22 INFO  epoch 18 training [time: 6.15s, train loss: 533.4502]
Fri 10 May 2024 08:00:04 INFO  epoch 18 evaluating [time: 102.03s, valid_score: 0.056900]
Fri 10 May 2024 08:00:04 INFO  valid result: 
recall@10 : 0.0317    mrr@10 : 0.0569    ndcg@10 : 0.0283    hit@10 : 0.1488    map@10 : 0.0131    precision@10 : 0.0176    gauc : 0.9436    itemcoverage@10 : 0.2028    averagepopularity@10 : 92.927    giniindex@10 : 0.9471    shannonentropy@10 : 0.0007    tailpercentage@10 : 0.0002
Fri 10 May 2024 08:00:10 INFO  epoch 19 training [time: 5.94s, train loss: 514.3895]
Fri 10 May 2024 08:01:52 INFO  epoch 19 evaluating [time: 101.85s, valid_score: 0.056900]
Fri 10 May 2024 08:01:52 INFO  valid result: 
recall@10 : 0.0324    mrr@10 : 0.0569    ndcg@10 : 0.0286    hit@10 : 0.1531    map@10 : 0.0132    precision@10 : 0.018    gauc : 0.9442    itemcoverage@10 : 0.2228    averagepopularity@10 : 88.348    giniindex@10 : 0.9398    shannonentropy@10 : 0.0007    tailpercentage@10 : 0.0023
Fri 10 May 2024 08:01:58 INFO  epoch 20 training [time: 6.21s, train loss: 493.2246]
Fri 10 May 2024 08:03:40 INFO  epoch 20 evaluating [time: 101.70s, valid_score: 0.058200]
Fri 10 May 2024 08:03:40 INFO  valid result: 
recall@10 : 0.0329    mrr@10 : 0.0582    ndcg@10 : 0.0292    hit@10 : 0.1539    map@10 : 0.0135    precision@10 : 0.0182    gauc : 0.9448    itemcoverage@10 : 0.2392    averagepopularity@10 : 86.8431    giniindex@10 : 0.9336    shannonentropy@10 : 0.0006    tailpercentage@10 : 0.0026
Fri 10 May 2024 08:03:41 INFO  Saving current: saved/amazon_books_60core_kg/LINE/LINE-May-10-2024_07-25-25.pth
Fri 10 May 2024 08:03:47 INFO  epoch 21 training [time: 5.97s, train loss: 473.9120]
Fri 10 May 2024 08:05:29 INFO  epoch 21 evaluating [time: 102.26s, valid_score: 0.058700]
Fri 10 May 2024 08:05:29 INFO  valid result: 
recall@10 : 0.0335    mrr@10 : 0.0587    ndcg@10 : 0.0298    hit@10 : 0.1575    map@10 : 0.0139    precision@10 : 0.0186    gauc : 0.9453    itemcoverage@10 : 0.2534    averagepopularity@10 : 85.3691    giniindex@10 : 0.9282    shannonentropy@10 : 0.0006    tailpercentage@10 : 0.0026
Fri 10 May 2024 08:05:30 INFO  Saving current: saved/amazon_books_60core_kg/LINE/LINE-May-10-2024_07-25-25.pth
Fri 10 May 2024 08:05:36 INFO  epoch 22 training [time: 6.34s, train loss: 456.1807]
Fri 10 May 2024 08:07:17 INFO  epoch 22 evaluating [time: 101.40s, valid_score: 0.059700]
Fri 10 May 2024 08:07:17 INFO  valid result: 
recall@10 : 0.0349    mrr@10 : 0.0597    ndcg@10 : 0.0305    hit@10 : 0.16    map@10 : 0.0142    precision@10 : 0.019    gauc : 0.9458    itemcoverage@10 : 0.2651    averagepopularity@10 : 85.517    giniindex@10 : 0.9237    shannonentropy@10 : 0.0006    tailpercentage@10 : 0.0017
Fri 10 May 2024 08:07:18 INFO  Saving current: saved/amazon_books_60core_kg/LINE/LINE-May-10-2024_07-25-25.pth
Fri 10 May 2024 08:07:25 INFO  epoch 23 training [time: 6.36s, train loss: 441.7712]
Fri 10 May 2024 08:09:07 INFO  epoch 23 evaluating [time: 102.60s, valid_score: 0.059200]
Fri 10 May 2024 08:09:07 INFO  valid result: 
recall@10 : 0.0353    mrr@10 : 0.0592    ndcg@10 : 0.0306    hit@10 : 0.1613    map@10 : 0.0141    precision@10 : 0.0191    gauc : 0.9462    itemcoverage@10 : 0.2773    averagepopularity@10 : 83.5414    giniindex@10 : 0.9188    shannonentropy@10 : 0.0006    tailpercentage@10 : 0.0022
Fri 10 May 2024 08:09:14 INFO  epoch 24 training [time: 6.39s, train loss: 426.8955]
Fri 10 May 2024 08:10:56 INFO  epoch 24 evaluating [time: 101.97s, valid_score: 0.061000]
Fri 10 May 2024 08:10:56 INFO  valid result: 
recall@10 : 0.0348    mrr@10 : 0.061    ndcg@10 : 0.0309    hit@10 : 0.1603    map@10 : 0.0145    precision@10 : 0.0193    gauc : 0.9466    itemcoverage@10 : 0.2896    averagepopularity@10 : 82.6109    giniindex@10 : 0.9136    shannonentropy@10 : 0.0005    tailpercentage@10 : 0.0041
Fri 10 May 2024 08:10:57 INFO  Saving current: saved/amazon_books_60core_kg/LINE/LINE-May-10-2024_07-25-25.pth
Fri 10 May 2024 08:11:03 INFO  epoch 25 training [time: 6.31s, train loss: 412.3979]
Fri 10 May 2024 08:12:45 INFO  epoch 25 evaluating [time: 101.81s, valid_score: 0.061300]
Fri 10 May 2024 08:12:45 INFO  valid result: 
recall@10 : 0.0358    mrr@10 : 0.0613    ndcg@10 : 0.0315    hit@10 : 0.1633    map@10 : 0.0148    precision@10 : 0.0195    gauc : 0.9469    itemcoverage@10 : 0.3032    averagepopularity@10 : 80.5873    giniindex@10 : 0.9076    shannonentropy@10 : 0.0005    tailpercentage@10 : 0.0035
Fri 10 May 2024 08:12:46 INFO  Saving current: saved/amazon_books_60core_kg/LINE/LINE-May-10-2024_07-25-25.pth
Fri 10 May 2024 08:12:52 INFO  epoch 26 training [time: 6.37s, train loss: 398.8166]
Fri 10 May 2024 08:14:34 INFO  epoch 26 evaluating [time: 102.29s, valid_score: 0.061300]
Fri 10 May 2024 08:14:34 INFO  valid result: 
recall@10 : 0.0357    mrr@10 : 0.0613    ndcg@10 : 0.0314    hit@10 : 0.1635    map@10 : 0.0147    precision@10 : 0.0195    gauc : 0.9471    itemcoverage@10 : 0.3155    averagepopularity@10 : 78.056    giniindex@10 : 0.9017    shannonentropy@10 : 0.0005    tailpercentage@10 : 0.004
Fri 10 May 2024 08:14:35 INFO  Saving current: saved/amazon_books_60core_kg/LINE/LINE-May-10-2024_07-25-25.pth
Fri 10 May 2024 08:14:42 INFO  epoch 27 training [time: 6.23s, train loss: 389.7809]
Fri 10 May 2024 08:16:23 INFO  epoch 27 evaluating [time: 101.93s, valid_score: 0.060400]
Fri 10 May 2024 08:16:23 INFO  valid result: 
recall@10 : 0.0359    mrr@10 : 0.0604    ndcg@10 : 0.0312    hit@10 : 0.1632    map@10 : 0.0144    precision@10 : 0.0195    gauc : 0.9472    itemcoverage@10 : 0.3284    averagepopularity@10 : 76.2532    giniindex@10 : 0.8955    shannonentropy@10 : 0.0005    tailpercentage@10 : 0.0035
Fri 10 May 2024 08:16:30 INFO  epoch 28 training [time: 6.36s, train loss: 375.5720]
Fri 10 May 2024 08:18:11 INFO  epoch 28 evaluating [time: 101.52s, valid_score: 0.060000]
Fri 10 May 2024 08:18:11 INFO  valid result: 
recall@10 : 0.0369    mrr@10 : 0.06    ndcg@10 : 0.0316    hit@10 : 0.1636    map@10 : 0.0148    precision@10 : 0.0198    gauc : 0.9474    itemcoverage@10 : 0.3384    averagepopularity@10 : 76.7283    giniindex@10 : 0.8931    shannonentropy@10 : 0.0005    tailpercentage@10 : 0.0022
Fri 10 May 2024 08:18:17 INFO  epoch 29 training [time: 5.86s, train loss: 365.2301]
Fri 10 May 2024 08:20:00 INFO  epoch 29 evaluating [time: 102.42s, valid_score: 0.062400]
Fri 10 May 2024 08:20:00 INFO  valid result: 
recall@10 : 0.0371    mrr@10 : 0.0624    ndcg@10 : 0.0324    hit@10 : 0.1651    map@10 : 0.0154    precision@10 : 0.0198    gauc : 0.9475    itemcoverage@10 : 0.3482    averagepopularity@10 : 76.4003    giniindex@10 : 0.8888    shannonentropy@10 : 0.0005    tailpercentage@10 : 0.0018
Fri 10 May 2024 08:20:01 INFO  Saving current: saved/amazon_books_60core_kg/LINE/LINE-May-10-2024_07-25-25.pth
Fri 10 May 2024 08:20:07 INFO  epoch 30 training [time: 6.33s, train loss: 356.3738]
Fri 10 May 2024 08:21:49 INFO  epoch 30 evaluating [time: 102.28s, valid_score: 0.061800]
Fri 10 May 2024 08:21:49 INFO  valid result: 
recall@10 : 0.0375    mrr@10 : 0.0618    ndcg@10 : 0.0323    hit@10 : 0.1654    map@10 : 0.0152    precision@10 : 0.0198    gauc : 0.9476    itemcoverage@10 : 0.3648    averagepopularity@10 : 73.1455    giniindex@10 : 0.8797    shannonentropy@10 : 0.0005    tailpercentage@10 : 0.0019
Fri 10 May 2024 08:21:55 INFO  epoch 31 training [time: 6.22s, train loss: 346.5410]
Fri 10 May 2024 08:23:37 INFO  epoch 31 evaluating [time: 101.57s, valid_score: 0.062900]
Fri 10 May 2024 08:23:37 INFO  valid result: 
recall@10 : 0.0376    mrr@10 : 0.0629    ndcg@10 : 0.0329    hit@10 : 0.1665    map@10 : 0.0156    precision@10 : 0.0202    gauc : 0.9476    itemcoverage@10 : 0.3783    averagepopularity@10 : 72.785    giniindex@10 : 0.8734    shannonentropy@10 : 0.0004    tailpercentage@10 : 0.0024
Fri 10 May 2024 08:23:38 INFO  Saving current: saved/amazon_books_60core_kg/LINE/LINE-May-10-2024_07-25-25.pth
Fri 10 May 2024 08:23:44 INFO  epoch 32 training [time: 6.32s, train loss: 336.2155]
Fri 10 May 2024 08:25:26 INFO  epoch 32 evaluating [time: 101.70s, valid_score: 0.063800]
Fri 10 May 2024 08:25:26 INFO  valid result: 
recall@10 : 0.0375    mrr@10 : 0.0638    ndcg@10 : 0.033    hit@10 : 0.1674    map@10 : 0.0157    precision@10 : 0.0202    gauc : 0.9476    itemcoverage@10 : 0.386    averagepopularity@10 : 72.7849    giniindex@10 : 0.8691    shannonentropy@10 : 0.0004    tailpercentage@10 : 0.0028
Fri 10 May 2024 08:25:27 INFO  Saving current: saved/amazon_books_60core_kg/LINE/LINE-May-10-2024_07-25-25.pth
Fri 10 May 2024 08:25:33 INFO  epoch 33 training [time: 6.42s, train loss: 329.2004]
Fri 10 May 2024 08:27:15 INFO  epoch 33 evaluating [time: 101.90s, valid_score: 0.063700]
Fri 10 May 2024 08:27:15 INFO  valid result: 
recall@10 : 0.0382    mrr@10 : 0.0637    ndcg@10 : 0.0335    hit@10 : 0.1695    map@10 : 0.0161    precision@10 : 0.0206    gauc : 0.9476    itemcoverage@10 : 0.3971    averagepopularity@10 : 71.0855    giniindex@10 : 0.8642    shannonentropy@10 : 0.0004    tailpercentage@10 : 0.0031
Fri 10 May 2024 08:27:21 INFO  epoch 34 training [time: 6.28s, train loss: 318.6154]
Fri 10 May 2024 08:29:03 INFO  epoch 34 evaluating [time: 101.56s, valid_score: 0.063600]
Fri 10 May 2024 08:29:03 INFO  valid result: 
recall@10 : 0.0386    mrr@10 : 0.0636    ndcg@10 : 0.0335    hit@10 : 0.1706    map@10 : 0.016    precision@10 : 0.0206    gauc : 0.9477    itemcoverage@10 : 0.4038    averagepopularity@10 : 70.3926    giniindex@10 : 0.8592    shannonentropy@10 : 0.0004    tailpercentage@10 : 0.0038
Fri 10 May 2024 08:29:09 INFO  epoch 35 training [time: 6.22s, train loss: 311.5874]
Fri 10 May 2024 08:30:51 INFO  epoch 35 evaluating [time: 101.87s, valid_score: 0.062700]
Fri 10 May 2024 08:30:51 INFO  valid result: 
recall@10 : 0.0383    mrr@10 : 0.0627    ndcg@10 : 0.0331    hit@10 : 0.1682    map@10 : 0.0157    precision@10 : 0.0205    gauc : 0.9476    itemcoverage@10 : 0.4136    averagepopularity@10 : 68.9993    giniindex@10 : 0.8536    shannonentropy@10 : 0.0004    tailpercentage@10 : 0.004
Fri 10 May 2024 08:30:57 INFO  epoch 36 training [time: 6.38s, train loss: 304.5108]
Fri 10 May 2024 08:32:40 INFO  epoch 36 evaluating [time: 102.78s, valid_score: 0.062400]
Fri 10 May 2024 08:32:40 INFO  valid result: 
recall@10 : 0.0379    mrr@10 : 0.0624    ndcg@10 : 0.0331    hit@10 : 0.1673    map@10 : 0.0159    precision@10 : 0.0204    gauc : 0.9476    itemcoverage@10 : 0.4211    averagepopularity@10 : 68.8097    giniindex@10 : 0.8502    shannonentropy@10 : 0.0004    tailpercentage@10 : 0.0036
Fri 10 May 2024 08:32:47 INFO  epoch 37 training [time: 6.44s, train loss: 297.4981]
Fri 10 May 2024 08:34:29 INFO  epoch 37 evaluating [time: 102.22s, valid_score: 0.062800]
Fri 10 May 2024 08:34:29 INFO  valid result: 
recall@10 : 0.0382    mrr@10 : 0.0628    ndcg@10 : 0.033    hit@10 : 0.168    map@10 : 0.0156    precision@10 : 0.0204    gauc : 0.9475    itemcoverage@10 : 0.4302    averagepopularity@10 : 67.6142    giniindex@10 : 0.8433    shannonentropy@10 : 0.0004    tailpercentage@10 : 0.0035
Fri 10 May 2024 08:34:35 INFO  epoch 38 training [time: 6.19s, train loss: 288.1386]
Fri 10 May 2024 08:36:17 INFO  epoch 38 evaluating [time: 102.28s, valid_score: 0.062700]
Fri 10 May 2024 08:36:17 INFO  valid result: 
recall@10 : 0.0387    mrr@10 : 0.0627    ndcg@10 : 0.0333    hit@10 : 0.1693    map@10 : 0.0159    precision@10 : 0.0205    gauc : 0.9476    itemcoverage@10 : 0.4355    averagepopularity@10 : 67.6631    giniindex@10 : 0.8414    shannonentropy@10 : 0.0004    tailpercentage@10 : 0.0028
Fri 10 May 2024 08:36:23 INFO  epoch 39 training [time: 6.05s, train loss: 280.4810]
Fri 10 May 2024 08:38:06 INFO  epoch 39 evaluating [time: 102.26s, valid_score: 0.062400]
Fri 10 May 2024 08:38:06 INFO  valid result: 
recall@10 : 0.0386    mrr@10 : 0.0624    ndcg@10 : 0.0332    hit@10 : 0.1711    map@10 : 0.0157    precision@10 : 0.0206    gauc : 0.9475    itemcoverage@10 : 0.4397    averagepopularity@10 : 67.3527    giniindex@10 : 0.8396    shannonentropy@10 : 0.0004    tailpercentage@10 : 0.0023
Fri 10 May 2024 08:38:11 INFO  epoch 40 training [time: 5.53s, train loss: 276.2427]
Fri 10 May 2024 08:39:53 INFO  epoch 40 evaluating [time: 101.95s, valid_score: 0.063400]
Fri 10 May 2024 08:39:53 INFO  valid result: 
recall@10 : 0.0381    mrr@10 : 0.0634    ndcg@10 : 0.0333    hit@10 : 0.1697    map@10 : 0.0159    precision@10 : 0.0205    gauc : 0.9474    itemcoverage@10 : 0.4463    averagepopularity@10 : 66.6022    giniindex@10 : 0.8335    shannonentropy@10 : 0.0004    tailpercentage@10 : 0.0026
Fri 10 May 2024 08:39:59 INFO  epoch 41 training [time: 6.34s, train loss: 269.6015]
Fri 10 May 2024 08:41:42 INFO  epoch 41 evaluating [time: 102.97s, valid_score: 0.062800]
Fri 10 May 2024 08:41:42 INFO  valid result: 
recall@10 : 0.0383    mrr@10 : 0.0628    ndcg@10 : 0.033    hit@10 : 0.1692    map@10 : 0.0156    precision@10 : 0.0203    gauc : 0.9473    itemcoverage@10 : 0.4525    averagepopularity@10 : 66.1045    giniindex@10 : 0.8309    shannonentropy@10 : 0.0004    tailpercentage@10 : 0.0035
Fri 10 May 2024 08:41:49 INFO  epoch 42 training [time: 6.37s, train loss: 265.1349]
Fri 10 May 2024 08:43:31 INFO  epoch 42 evaluating [time: 102.41s, valid_score: 0.064900]
Fri 10 May 2024 08:43:31 INFO  valid result: 
recall@10 : 0.0388    mrr@10 : 0.0649    ndcg@10 : 0.0338    hit@10 : 0.1709    map@10 : 0.0162    precision@10 : 0.0205    gauc : 0.9472    itemcoverage@10 : 0.4618    averagepopularity@10 : 65.4469    giniindex@10 : 0.825    shannonentropy@10 : 0.0004    tailpercentage@10 : 0.0036
Fri 10 May 2024 08:43:32 INFO  Saving current: saved/amazon_books_60core_kg/LINE/LINE-May-10-2024_07-25-25.pth
Fri 10 May 2024 08:43:39 INFO  epoch 43 training [time: 6.33s, train loss: 258.5849]
Fri 10 May 2024 08:45:20 INFO  epoch 43 evaluating [time: 101.57s, valid_score: 0.064900]
Fri 10 May 2024 08:45:20 INFO  valid result: 
recall@10 : 0.0389    mrr@10 : 0.0649    ndcg@10 : 0.0339    hit@10 : 0.1729    map@10 : 0.0161    precision@10 : 0.0208    gauc : 0.9471    itemcoverage@10 : 0.469    averagepopularity@10 : 64.8847    giniindex@10 : 0.8213    shannonentropy@10 : 0.0004    tailpercentage@10 : 0.0042
Fri 10 May 2024 08:45:21 INFO  Saving current: saved/amazon_books_60core_kg/LINE/LINE-May-10-2024_07-25-25.pth
Fri 10 May 2024 08:45:27 INFO  epoch 44 training [time: 5.91s, train loss: 253.1717]
Fri 10 May 2024 08:47:09 INFO  epoch 44 evaluating [time: 101.91s, valid_score: 0.064300]
Fri 10 May 2024 08:47:09 INFO  valid result: 
recall@10 : 0.0386    mrr@10 : 0.0643    ndcg@10 : 0.0336    hit@10 : 0.1707    map@10 : 0.016    precision@10 : 0.0207    gauc : 0.947    itemcoverage@10 : 0.4726    averagepopularity@10 : 65.0974    giniindex@10 : 0.8182    shannonentropy@10 : 0.0004    tailpercentage@10 : 0.0044
Fri 10 May 2024 08:47:15 INFO  epoch 45 training [time: 6.22s, train loss: 247.6124]
Fri 10 May 2024 08:48:57 INFO  epoch 45 evaluating [time: 102.05s, valid_score: 0.064300]
Fri 10 May 2024 08:48:57 INFO  valid result: 
recall@10 : 0.0386    mrr@10 : 0.0643    ndcg@10 : 0.0336    hit@10 : 0.1711    map@10 : 0.0159    precision@10 : 0.0207    gauc : 0.9469    itemcoverage@10 : 0.4773    averagepopularity@10 : 64.2744    giniindex@10 : 0.8156    shannonentropy@10 : 0.0004    tailpercentage@10 : 0.0037
Fri 10 May 2024 08:49:03 INFO  epoch 46 training [time: 5.94s, train loss: 243.4076]
Fri 10 May 2024 08:50:46 INFO  epoch 46 evaluating [time: 102.43s, valid_score: 0.064400]
Fri 10 May 2024 08:50:46 INFO  valid result: 
recall@10 : 0.0391    mrr@10 : 0.0644    ndcg@10 : 0.0338    hit@10 : 0.1703    map@10 : 0.0162    precision@10 : 0.0207    gauc : 0.9468    itemcoverage@10 : 0.4828    averagepopularity@10 : 63.5562    giniindex@10 : 0.8121    shannonentropy@10 : 0.0004    tailpercentage@10 : 0.004
Fri 10 May 2024 08:50:52 INFO  epoch 47 training [time: 6.23s, train loss: 237.9417]
Fri 10 May 2024 08:52:34 INFO  epoch 47 evaluating [time: 102.15s, valid_score: 0.064200]
Fri 10 May 2024 08:52:34 INFO  valid result: 
recall@10 : 0.0393    mrr@10 : 0.0642    ndcg@10 : 0.0339    hit@10 : 0.1715    map@10 : 0.0162    precision@10 : 0.0207    gauc : 0.9466    itemcoverage@10 : 0.4888    averagepopularity@10 : 63.7047    giniindex@10 : 0.8091    shannonentropy@10 : 0.0004    tailpercentage@10 : 0.0043
Fri 10 May 2024 08:52:40 INFO  epoch 48 training [time: 6.03s, train loss: 233.4859]
Fri 10 May 2024 08:54:23 INFO  epoch 48 evaluating [time: 103.05s, valid_score: 0.064500]
Fri 10 May 2024 08:54:23 INFO  valid result: 
recall@10 : 0.0392    mrr@10 : 0.0645    ndcg@10 : 0.0341    hit@10 : 0.1722    map@10 : 0.0163    precision@10 : 0.0209    gauc : 0.9465    itemcoverage@10 : 0.4972    averagepopularity@10 : 63.0631    giniindex@10 : 0.8035    shannonentropy@10 : 0.0004    tailpercentage@10 : 0.0032
Fri 10 May 2024 08:54:29 INFO  epoch 49 training [time: 6.07s, train loss: 230.1392]
Fri 10 May 2024 08:56:12 INFO  epoch 49 evaluating [time: 102.63s, valid_score: 0.065300]
Fri 10 May 2024 08:56:12 INFO  valid result: 
recall@10 : 0.0391    mrr@10 : 0.0653    ndcg@10 : 0.0342    hit@10 : 0.1714    map@10 : 0.0164    precision@10 : 0.0207    gauc : 0.9463    itemcoverage@10 : 0.5049    averagepopularity@10 : 62.2093    giniindex@10 : 0.7983    shannonentropy@10 : 0.0003    tailpercentage@10 : 0.0031
Fri 10 May 2024 08:56:13 INFO  Saving current: saved/amazon_books_60core_kg/LINE/LINE-May-10-2024_07-25-25.pth
Fri 10 May 2024 08:56:19 INFO  epoch 50 training [time: 6.32s, train loss: 225.4976]
Fri 10 May 2024 08:58:01 INFO  epoch 50 evaluating [time: 102.47s, valid_score: 0.064800]
Fri 10 May 2024 08:58:01 INFO  valid result: 
recall@10 : 0.039    mrr@10 : 0.0648    ndcg@10 : 0.0338    hit@10 : 0.1709    map@10 : 0.0161    precision@10 : 0.0207    gauc : 0.9461    itemcoverage@10 : 0.5107    averagepopularity@10 : 61.6403    giniindex@10 : 0.7946    shannonentropy@10 : 0.0003    tailpercentage@10 : 0.0036
Fri 10 May 2024 08:58:07 INFO  epoch 51 training [time: 6.02s, train loss: 221.9676]
Fri 10 May 2024 08:59:50 INFO  epoch 51 evaluating [time: 102.63s, valid_score: 0.064500]
Fri 10 May 2024 08:59:50 INFO  valid result: 
recall@10 : 0.0387    mrr@10 : 0.0645    ndcg@10 : 0.0338    hit@10 : 0.1704    map@10 : 0.0161    precision@10 : 0.0206    gauc : 0.9459    itemcoverage@10 : 0.5162    averagepopularity@10 : 61.3282    giniindex@10 : 0.7918    shannonentropy@10 : 0.0003    tailpercentage@10 : 0.0034
Fri 10 May 2024 08:59:56 INFO  epoch 52 training [time: 6.08s, train loss: 216.9645]
Fri 10 May 2024 09:01:39 INFO  epoch 52 evaluating [time: 102.69s, valid_score: 0.065400]
Fri 10 May 2024 09:01:39 INFO  valid result: 
recall@10 : 0.0391    mrr@10 : 0.0654    ndcg@10 : 0.034    hit@10 : 0.1735    map@10 : 0.0161    precision@10 : 0.0209    gauc : 0.9458    itemcoverage@10 : 0.5165    averagepopularity@10 : 61.4186    giniindex@10 : 0.7908    shannonentropy@10 : 0.0003    tailpercentage@10 : 0.0036
Fri 10 May 2024 09:01:40 INFO  Saving current: saved/amazon_books_60core_kg/LINE/LINE-May-10-2024_07-25-25.pth
Fri 10 May 2024 09:01:46 INFO  epoch 53 training [time: 6.39s, train loss: 214.4166]
Fri 10 May 2024 09:03:28 INFO  epoch 53 evaluating [time: 102.30s, valid_score: 0.064900]
Fri 10 May 2024 09:03:28 INFO  valid result: 
recall@10 : 0.0387    mrr@10 : 0.0649    ndcg@10 : 0.0338    hit@10 : 0.1713    map@10 : 0.0161    precision@10 : 0.0207    gauc : 0.9456    itemcoverage@10 : 0.5235    averagepopularity@10 : 60.9621    giniindex@10 : 0.7864    shannonentropy@10 : 0.0003    tailpercentage@10 : 0.0038
Fri 10 May 2024 09:03:35 INFO  epoch 54 training [time: 6.32s, train loss: 210.2663]
Fri 10 May 2024 09:05:17 INFO  epoch 54 evaluating [time: 102.34s, valid_score: 0.064800]
Fri 10 May 2024 09:05:17 INFO  valid result: 
recall@10 : 0.0391    mrr@10 : 0.0648    ndcg@10 : 0.0339    hit@10 : 0.1723    map@10 : 0.0162    precision@10 : 0.0208    gauc : 0.9454    itemcoverage@10 : 0.5256    averagepopularity@10 : 61.2166    giniindex@10 : 0.7859    shannonentropy@10 : 0.0003    tailpercentage@10 : 0.0035
Fri 10 May 2024 09:05:23 INFO  epoch 55 training [time: 6.37s, train loss: 207.1793]
Fri 10 May 2024 09:07:05 INFO  epoch 55 evaluating [time: 101.87s, valid_score: 0.064100]
Fri 10 May 2024 09:07:05 INFO  valid result: 
recall@10 : 0.039    mrr@10 : 0.0641    ndcg@10 : 0.0337    hit@10 : 0.1706    map@10 : 0.016    precision@10 : 0.0207    gauc : 0.9453    itemcoverage@10 : 0.5271    averagepopularity@10 : 61.2155    giniindex@10 : 0.7845    shannonentropy@10 : 0.0003    tailpercentage@10 : 0.0035
Fri 10 May 2024 09:07:11 INFO  epoch 56 training [time: 5.98s, train loss: 203.5139]
Fri 10 May 2024 09:08:54 INFO  epoch 56 evaluating [time: 102.34s, valid_score: 0.063500]
Fri 10 May 2024 09:08:54 INFO  valid result: 
recall@10 : 0.0394    mrr@10 : 0.0635    ndcg@10 : 0.0336    hit@10 : 0.1715    map@10 : 0.0158    precision@10 : 0.0209    gauc : 0.945    itemcoverage@10 : 0.5371    averagepopularity@10 : 60.1595    giniindex@10 : 0.7778    shannonentropy@10 : 0.0003    tailpercentage@10 : 0.004
Fri 10 May 2024 09:09:00 INFO  epoch 57 training [time: 6.28s, train loss: 198.9763]
Fri 10 May 2024 09:10:42 INFO  epoch 57 evaluating [time: 102.16s, valid_score: 0.064900]
Fri 10 May 2024 09:10:42 INFO  valid result: 
recall@10 : 0.0398    mrr@10 : 0.0649    ndcg@10 : 0.0341    hit@10 : 0.1736    map@10 : 0.0161    precision@10 : 0.021    gauc : 0.9449    itemcoverage@10 : 0.5365    averagepopularity@10 : 60.6506    giniindex@10 : 0.7767    shannonentropy@10 : 0.0003    tailpercentage@10 : 0.0037
Fri 10 May 2024 09:10:48 INFO  epoch 58 training [time: 6.35s, train loss: 195.5243]
Fri 10 May 2024 09:12:31 INFO  epoch 58 evaluating [time: 102.04s, valid_score: 0.064900]
Fri 10 May 2024 09:12:31 INFO  valid result: 
recall@10 : 0.0397    mrr@10 : 0.0649    ndcg@10 : 0.0342    hit@10 : 0.1759    map@10 : 0.0161    precision@10 : 0.0212    gauc : 0.9448    itemcoverage@10 : 0.5371    averagepopularity@10 : 61.0498    giniindex@10 : 0.7772    shannonentropy@10 : 0.0003    tailpercentage@10 : 0.0038
Fri 10 May 2024 09:12:37 INFO  epoch 59 training [time: 6.03s, train loss: 192.8610]
Fri 10 May 2024 09:14:19 INFO  epoch 59 evaluating [time: 102.14s, valid_score: 0.065400]
Fri 10 May 2024 09:14:19 INFO  valid result: 
recall@10 : 0.0402    mrr@10 : 0.0654    ndcg@10 : 0.0345    hit@10 : 0.1748    map@10 : 0.0164    precision@10 : 0.0211    gauc : 0.9446    itemcoverage@10 : 0.537    averagepopularity@10 : 61.0209    giniindex@10 : 0.7768    shannonentropy@10 : 0.0003    tailpercentage@10 : 0.0035
Fri 10 May 2024 09:14:20 INFO  Saving current: saved/amazon_books_60core_kg/LINE/LINE-May-10-2024_07-25-25.pth
Fri 10 May 2024 09:14:26 INFO  epoch 60 training [time: 6.26s, train loss: 189.7454]
Fri 10 May 2024 09:16:08 INFO  epoch 60 evaluating [time: 101.73s, valid_score: 0.064200]
Fri 10 May 2024 09:16:08 INFO  valid result: 
recall@10 : 0.0396    mrr@10 : 0.0642    ndcg@10 : 0.0339    hit@10 : 0.1733    map@10 : 0.0159    precision@10 : 0.021    gauc : 0.9444    itemcoverage@10 : 0.544    averagepopularity@10 : 60.024    giniindex@10 : 0.7712    shannonentropy@10 : 0.0003    tailpercentage@10 : 0.0034
Fri 10 May 2024 09:16:14 INFO  epoch 61 training [time: 6.39s, train loss: 187.8381]
Fri 10 May 2024 09:17:56 INFO  epoch 61 evaluating [time: 102.12s, valid_score: 0.064800]
Fri 10 May 2024 09:17:56 INFO  valid result: 
recall@10 : 0.0399    mrr@10 : 0.0648    ndcg@10 : 0.0341    hit@10 : 0.1739    map@10 : 0.016    precision@10 : 0.0211    gauc : 0.9442    itemcoverage@10 : 0.5469    averagepopularity@10 : 59.832    giniindex@10 : 0.769    shannonentropy@10 : 0.0003    tailpercentage@10 : 0.0032
Fri 10 May 2024 09:18:02 INFO  epoch 62 training [time: 6.22s, train loss: 184.3866]
Fri 10 May 2024 09:19:44 INFO  epoch 62 evaluating [time: 102.11s, valid_score: 0.064100]
Fri 10 May 2024 09:19:44 INFO  valid result: 
recall@10 : 0.0387    mrr@10 : 0.0641    ndcg@10 : 0.0335    hit@10 : 0.1709    map@10 : 0.0158    precision@10 : 0.0207    gauc : 0.944    itemcoverage@10 : 0.5483    averagepopularity@10 : 59.684    giniindex@10 : 0.7681    shannonentropy@10 : 0.0003    tailpercentage@10 : 0.003
Fri 10 May 2024 09:19:51 INFO  epoch 63 training [time: 6.38s, train loss: 181.6638]
Fri 10 May 2024 09:21:33 INFO  epoch 63 evaluating [time: 101.66s, valid_score: 0.064800]
Fri 10 May 2024 09:21:33 INFO  valid result: 
recall@10 : 0.0396    mrr@10 : 0.0648    ndcg@10 : 0.0341    hit@10 : 0.1724    map@10 : 0.0162    precision@10 : 0.0208    gauc : 0.9439    itemcoverage@10 : 0.5483    averagepopularity@10 : 59.8869    giniindex@10 : 0.7668    shannonentropy@10 : 0.0003    tailpercentage@10 : 0.0032
Fri 10 May 2024 09:21:39 INFO  epoch 64 training [time: 6.19s, train loss: 180.0992]
Fri 10 May 2024 09:23:21 INFO  epoch 64 evaluating [time: 101.85s, valid_score: 0.064800]
Fri 10 May 2024 09:23:21 INFO  valid result: 
recall@10 : 0.0394    mrr@10 : 0.0648    ndcg@10 : 0.034    hit@10 : 0.1727    map@10 : 0.0161    precision@10 : 0.0209    gauc : 0.9437    itemcoverage@10 : 0.5529    averagepopularity@10 : 59.688    giniindex@10 : 0.7653    shannonentropy@10 : 0.0003    tailpercentage@10 : 0.0034
Fri 10 May 2024 09:23:26 INFO  epoch 65 training [time: 5.55s, train loss: 176.2231]
Fri 10 May 2024 09:25:08 INFO  epoch 65 evaluating [time: 102.36s, valid_score: 0.064400]
Fri 10 May 2024 09:25:08 INFO  valid result: 
recall@10 : 0.0396    mrr@10 : 0.0644    ndcg@10 : 0.0341    hit@10 : 0.1745    map@10 : 0.0161    precision@10 : 0.0211    gauc : 0.9435    itemcoverage@10 : 0.5566    averagepopularity@10 : 59.5847    giniindex@10 : 0.7622    shannonentropy@10 : 0.0003    tailpercentage@10 : 0.0031
Fri 10 May 2024 09:25:15 INFO  epoch 66 training [time: 6.21s, train loss: 175.5625]
Fri 10 May 2024 09:26:57 INFO  epoch 66 evaluating [time: 102.43s, valid_score: 0.064500]
Fri 10 May 2024 09:26:57 INFO  valid result: 
recall@10 : 0.0394    mrr@10 : 0.0645    ndcg@10 : 0.034    hit@10 : 0.1729    map@10 : 0.0162    precision@10 : 0.021    gauc : 0.9433    itemcoverage@10 : 0.5599    averagepopularity@10 : 58.4979    giniindex@10 : 0.7594    shannonentropy@10 : 0.0003    tailpercentage@10 : 0.0031
Fri 10 May 2024 09:27:03 INFO  epoch 67 training [time: 6.35s, train loss: 173.4996]
Fri 10 May 2024 09:28:47 INFO  epoch 67 evaluating [time: 103.09s, valid_score: 0.065800]
Fri 10 May 2024 09:28:47 INFO  valid result: 
recall@10 : 0.0399    mrr@10 : 0.0658    ndcg@10 : 0.0346    hit@10 : 0.175    map@10 : 0.0165    precision@10 : 0.0211    gauc : 0.9432    itemcoverage@10 : 0.562    averagepopularity@10 : 58.8198    giniindex@10 : 0.7575    shannonentropy@10 : 0.0003    tailpercentage@10 : 0.0031
Fri 10 May 2024 09:28:47 INFO  Saving current: saved/amazon_books_60core_kg/LINE/LINE-May-10-2024_07-25-25.pth
Fri 10 May 2024 09:28:54 INFO  epoch 68 training [time: 6.39s, train loss: 169.8773]
Fri 10 May 2024 09:30:36 INFO  epoch 68 evaluating [time: 102.15s, valid_score: 0.066000]
Fri 10 May 2024 09:30:36 INFO  valid result: 
recall@10 : 0.0393    mrr@10 : 0.066    ndcg@10 : 0.0344    hit@10 : 0.1741    map@10 : 0.0165    precision@10 : 0.021    gauc : 0.943    itemcoverage@10 : 0.5655    averagepopularity@10 : 58.8859    giniindex@10 : 0.7562    shannonentropy@10 : 0.0003    tailpercentage@10 : 0.0028
Fri 10 May 2024 09:30:37 INFO  Saving current: saved/amazon_books_60core_kg/LINE/LINE-May-10-2024_07-25-25.pth
Fri 10 May 2024 09:30:43 INFO  epoch 69 training [time: 6.34s, train loss: 167.3829]
Fri 10 May 2024 09:32:26 INFO  epoch 69 evaluating [time: 102.17s, valid_score: 0.065200]
Fri 10 May 2024 09:32:26 INFO  valid result: 
recall@10 : 0.0395    mrr@10 : 0.0652    ndcg@10 : 0.0344    hit@10 : 0.1727    map@10 : 0.0164    precision@10 : 0.0212    gauc : 0.9428    itemcoverage@10 : 0.5654    averagepopularity@10 : 59.2032    giniindex@10 : 0.7555    shannonentropy@10 : 0.0003    tailpercentage@10 : 0.0026
Fri 10 May 2024 09:32:32 INFO  epoch 70 training [time: 6.44s, train loss: 166.8947]
Fri 10 May 2024 09:34:15 INFO  epoch 70 evaluating [time: 102.57s, valid_score: 0.064300]
Fri 10 May 2024 09:34:15 INFO  valid result: 
recall@10 : 0.0388    mrr@10 : 0.0643    ndcg@10 : 0.0339    hit@10 : 0.1703    map@10 : 0.0163    precision@10 : 0.0208    gauc : 0.9425    itemcoverage@10 : 0.5703    averagepopularity@10 : 58.2691    giniindex@10 : 0.7507    shannonentropy@10 : 0.0003    tailpercentage@10 : 0.0029
Fri 10 May 2024 09:34:21 INFO  epoch 71 training [time: 6.29s, train loss: 163.9244]
Fri 10 May 2024 09:36:03 INFO  epoch 71 evaluating [time: 102.23s, valid_score: 0.063700]
Fri 10 May 2024 09:36:03 INFO  valid result: 
recall@10 : 0.039    mrr@10 : 0.0637    ndcg@10 : 0.0339    hit@10 : 0.1726    map@10 : 0.0162    precision@10 : 0.021    gauc : 0.9423    itemcoverage@10 : 0.5707    averagepopularity@10 : 58.0943    giniindex@10 : 0.7509    shannonentropy@10 : 0.0003    tailpercentage@10 : 0.0028
Fri 10 May 2024 09:36:09 INFO  epoch 72 training [time: 6.37s, train loss: 161.8677]
Fri 10 May 2024 09:37:52 INFO  epoch 72 evaluating [time: 102.48s, valid_score: 0.064200]
Fri 10 May 2024 09:37:52 INFO  valid result: 
recall@10 : 0.0399    mrr@10 : 0.0642    ndcg@10 : 0.0343    hit@10 : 0.1737    map@10 : 0.0163    precision@10 : 0.0211    gauc : 0.9422    itemcoverage@10 : 0.5716    averagepopularity@10 : 58.4091    giniindex@10 : 0.7499    shannonentropy@10 : 0.0003    tailpercentage@10 : 0.0029
Fri 10 May 2024 09:37:58 INFO  epoch 73 training [time: 6.05s, train loss: 160.0488]
Fri 10 May 2024 09:39:40 INFO  epoch 73 evaluating [time: 102.49s, valid_score: 0.063700]
Fri 10 May 2024 09:39:40 INFO  valid result: 
recall@10 : 0.0394    mrr@10 : 0.0637    ndcg@10 : 0.0339    hit@10 : 0.173    map@10 : 0.0161    precision@10 : 0.021    gauc : 0.942    itemcoverage@10 : 0.5755    averagepopularity@10 : 57.8028    giniindex@10 : 0.7473    shannonentropy@10 : 0.0003    tailpercentage@10 : 0.0027
Fri 10 May 2024 09:39:47 INFO  epoch 74 training [time: 6.25s, train loss: 157.0295]
Fri 10 May 2024 09:41:29 INFO  epoch 74 evaluating [time: 102.47s, valid_score: 0.064300]
Fri 10 May 2024 09:41:29 INFO  valid result: 
recall@10 : 0.0393    mrr@10 : 0.0643    ndcg@10 : 0.0342    hit@10 : 0.1719    map@10 : 0.0164    precision@10 : 0.0211    gauc : 0.9419    itemcoverage@10 : 0.5767    averagepopularity@10 : 57.8637    giniindex@10 : 0.7464    shannonentropy@10 : 0.0003    tailpercentage@10 : 0.0027
Fri 10 May 2024 09:41:35 INFO  epoch 75 training [time: 6.30s, train loss: 157.4581]
Fri 10 May 2024 09:43:18 INFO  epoch 75 evaluating [time: 102.39s, valid_score: 0.063800]
Fri 10 May 2024 09:43:18 INFO  valid result: 
recall@10 : 0.0386    mrr@10 : 0.0638    ndcg@10 : 0.0336    hit@10 : 0.1705    map@10 : 0.016    precision@10 : 0.0208    gauc : 0.9416    itemcoverage@10 : 0.5791    averagepopularity@10 : 57.4329    giniindex@10 : 0.7438    shannonentropy@10 : 0.0003    tailpercentage@10 : 0.0027
Fri 10 May 2024 09:43:24 INFO  epoch 76 training [time: 6.43s, train loss: 154.6456]
Fri 10 May 2024 09:45:06 INFO  epoch 76 evaluating [time: 102.09s, valid_score: 0.064000]
Fri 10 May 2024 09:45:06 INFO  valid result: 
recall@10 : 0.0388    mrr@10 : 0.064    ndcg@10 : 0.0337    hit@10 : 0.1695    map@10 : 0.0161    precision@10 : 0.0207    gauc : 0.9415    itemcoverage@10 : 0.5813    averagepopularity@10 : 57.7025    giniindex@10 : 0.7431    shannonentropy@10 : 0.0003    tailpercentage@10 : 0.0027
Fri 10 May 2024 09:45:13 INFO  epoch 77 training [time: 6.23s, train loss: 153.3979]
Fri 10 May 2024 09:46:55 INFO  epoch 77 evaluating [time: 102.10s, valid_score: 0.064500]
Fri 10 May 2024 09:46:55 INFO  valid result: 
recall@10 : 0.0393    mrr@10 : 0.0645    ndcg@10 : 0.0341    hit@10 : 0.1721    map@10 : 0.0164    precision@10 : 0.0209    gauc : 0.9413    itemcoverage@10 : 0.5852    averagepopularity@10 : 57.3268    giniindex@10 : 0.7393    shannonentropy@10 : 0.0003    tailpercentage@10 : 0.0026
Fri 10 May 2024 09:47:01 INFO  epoch 78 training [time: 6.10s, train loss: 151.2989]
Fri 10 May 2024 09:48:43 INFO  epoch 78 evaluating [time: 102.25s, valid_score: 0.064400]
Fri 10 May 2024 09:48:43 INFO  valid result: 
recall@10 : 0.0391    mrr@10 : 0.0644    ndcg@10 : 0.034    hit@10 : 0.1717    map@10 : 0.0163    precision@10 : 0.0209    gauc : 0.9411    itemcoverage@10 : 0.5847    averagepopularity@10 : 57.6746    giniindex@10 : 0.7391    shannonentropy@10 : 0.0003    tailpercentage@10 : 0.0028
Fri 10 May 2024 09:48:49 INFO  epoch 79 training [time: 6.39s, train loss: 150.1948]
Fri 10 May 2024 09:50:32 INFO  epoch 79 evaluating [time: 102.43s, valid_score: 0.064200]
Fri 10 May 2024 09:50:32 INFO  valid result: 
recall@10 : 0.039    mrr@10 : 0.0642    ndcg@10 : 0.034    hit@10 : 0.1722    map@10 : 0.0163    precision@10 : 0.0211    gauc : 0.9409    itemcoverage@10 : 0.5862    averagepopularity@10 : 57.4135    giniindex@10 : 0.7381    shannonentropy@10 : 0.0003    tailpercentage@10 : 0.0029
Fri 10 May 2024 09:50:32 INFO  Finished training, best eval result in epoch 68
Fri 10 May 2024 09:50:32 INFO  Loading model structure and parameters from saved/amazon_books_60core_kg/LINE/LINE-May-10-2024_07-25-25.pth
Fri 10 May 2024 09:52:17 INFO  The running environment of this training is as follows:
+-------------+----------------+
| Environment |     Usage      |
+=============+================+
| CPU         |    13.10 %     |
+-------------+----------------+
| GPU         | 0.29 G/11.93 G |
+-------------+----------------+
| Memory      | 2.69 G/31.23 G |
+-------------+----------------+
Fri 10 May 2024 09:52:17 INFO  best valid : OrderedDict([('recall@10', 0.0393), ('mrr@10', 0.066), ('ndcg@10', 0.0344), ('hit@10', 0.1741), ('map@10', 0.0165), ('precision@10', 0.021), ('gauc', 0.943), ('itemcoverage@10', 0.5655), ('averagepopularity@10', 58.8859), ('giniindex@10', 0.7562), ('shannonentropy@10', 0.0003), ('tailpercentage@10', 0.0028)])
Fri 10 May 2024 09:52:17 INFO  test result: OrderedDict([('recall@10', 0.0391), ('mrr@10', 0.0651), ('ndcg@10', 0.0342), ('hit@10', 0.1692), ('map@10', 0.0165), ('precision@10', 0.0209), ('gauc', 0.9433), ('itemcoverage@10', 0.5679), ('averagepopularity@10', 58.1057), ('giniindex@10', 0.7542), ('shannonentropy@10', 0.0003), ('tailpercentage@10', 0.0037)])
Fri 10 May 2024 09:52:17 INFO  
General Hyper Parameters:
gpu_id = 0
use_gpu = True
seed = 2020
state = INFO
reproducibility = True
data_path = data/amazon_books_60core_kg
checkpoint_dir = saved/amazon_books_60core_kg/LINE
show_progress = True
save_dataset = False
dataset_save_path = None
save_dataloaders = False
dataloaders_save_path = None
log_wandb = False

Training Hyper Parameters:
epochs = 200
train_batch_size = 2048
learner = adam
learning_rate = 0.001
train_neg_sample_args = {'distribution': 'uniform', 'sample_num': 1, 'dynamic': False, 'candidate_num': 0, 'alpha': 1.0}
eval_step = 1
stopping_step = 10
clip_grad_norm = None
weight_decay = 0.0
loss_decimal_place = 4

Evaluation Hyper Parameters:
eval_args = {'split': {'RS': [0.8, 0.1, 0.1]}, 'order': 'RO', 'group_by': 'user', 'mode': {'valid': 'full', 'test': 'full'}}
repeatable = False
metrics = ['Recall', 'MRR', 'NDCG', 'Hit', 'MAP', 'Precision', 'GAUC', 'ItemCoverage', 'AveragePopularity', 'GiniIndex', 'ShannonEntropy', 'TailPercentage']
topk = [10]
valid_metric = MRR@10
valid_metric_bigger = True
eval_batch_size = 4096
metric_decimal_place = 4

Dataset Hyper Parameters:
field_separator = 	
seq_separator =  
USER_ID_FIELD = user_id
ITEM_ID_FIELD = item_id
RATING_FIELD = rating
TIME_FIELD = timestamp
seq_len = None
LABEL_FIELD = label
threshold = None
NEG_PREFIX = neg_
load_col = {'inter': ['user_id', 'item_id']}
unload_col = None
unused_col = None
additional_feat_suffix = None
rm_dup_inter = None
val_interval = None
filter_inter_by_user_or_item = True
user_inter_num_interval = [0,inf)
item_inter_num_interval = [0,inf)
alias_of_user_id = None
alias_of_item_id = None
alias_of_entity_id = None
alias_of_relation_id = None
preload_weight = None
normalize_field = None
normalize_all = None
ITEM_LIST_LENGTH_FIELD = item_length
LIST_SUFFIX = _list
MAX_ITEM_LIST_LENGTH = 50
POSITION_FIELD = position_id
HEAD_ENTITY_ID_FIELD = head_id
TAIL_ENTITY_ID_FIELD = tail_id
RELATION_ID_FIELD = relation_id
ENTITY_ID_FIELD = entity_id
benchmark_filename = None

Other Hyper Parameters: 
worker = 0
wandb_project = recbole
shuffle = True
require_pow = False
enable_amp = False
enable_scaler = False
transform = None
embedding_size = 64
order = 2
second_order_loss_weight = 1.0
numerical_features = []
discretization = None
kg_reverse_r = False
entity_kg_num_interval = [0,inf)
relation_kg_num_interval = [0,inf)
MODEL_TYPE = ModelType.GENERAL
encoding = utf-8
device = cuda:1
my_log_file = /home/fontana/Tesi/log/carbon_default.log
max_emission_step = -1
MODEL_INPUT_TYPE = InputType.PAIRWISE
eval_type = EvaluatorType.RANKING
single_spec = True
local_rank = 0
valid_neg_sample_args = {'distribution': 'uniform', 'sample_num': 'none'}
test_neg_sample_args = {'distribution': 'uniform', 'sample_num': 'none'}


Fri 10 May 2024 09:52:24 INFO  amazon_books_60core_kg
The number of users: 22156
Average actions of users: 66.16434213495825
The number of items: 54459
Average actions of items: 26.917459326453415
The number of inters: 1465871
The sparsity of the dataset: 99.87851162187994%
Remain Fields: ['user_id', 'item_id']
Fri 10 May 2024 09:52:30 INFO  [Training]: train_batch_size = [2048] train_neg_sample_args: [{'distribution': 'uniform', 'sample_num': 1, 'dynamic': False, 'candidate_num': 0, 'alpha': 1.0}]
Fri 10 May 2024 09:52:30 INFO  [Evaluation]: eval_batch_size = [4096] eval_args: [{'split': {'RS': [0.8, 0.1, 0.1]}, 'order': 'RO', 'group_by': 'user', 'mode': {'valid': 'full', 'test': 'full'}}]
Fri 10 May 2024 09:52:32 INFO  Loading model structure and parameters from saved/amazon_books_60core_kg/LINE/LINE-May-10-2024_07-25-25.pth
