Sat 06 Apr 2024 04:21:47 INFO  ['src/default_tracker.py', '--dataset=LFM-1b_artist_20U50I_25strat', '--model=LINE']
Sat 06 Apr 2024 04:21:47 INFO  
General Hyper Parameters:
gpu_id = 0
use_gpu = True
seed = 2020
state = INFO
reproducibility = True
data_path = data/LFM-1b_artist_20U50I_25strat
checkpoint_dir = saved/LFM-1b_artist_20U50I_25strat/LINE
show_progress = True
save_dataset = False
dataset_save_path = None
save_dataloaders = False
dataloaders_save_path = None
log_wandb = False

Training Hyper Parameters:
epochs = 200
train_batch_size = 2048
learner = adam
learning_rate = 0.001
train_neg_sample_args = {'distribution': 'uniform', 'sample_num': 1, 'dynamic': False, 'candidate_num': 0, 'alpha': 1.0}
eval_step = 1
stopping_step = 10
clip_grad_norm = None
weight_decay = 0.0
loss_decimal_place = 4

Evaluation Hyper Parameters:
eval_args = {'split': {'RS': [0.8, 0.1, 0.1]}, 'order': 'RO', 'group_by': 'user', 'mode': {'valid': 'full', 'test': 'full'}}
repeatable = False
metrics = ['Recall', 'MRR', 'NDCG', 'Hit', 'Precision']
topk = [10]
valid_metric = MRR@10
valid_metric_bigger = True
eval_batch_size = 4096
metric_decimal_place = 4

Dataset Hyper Parameters:
field_separator = 	
seq_separator =  
USER_ID_FIELD = user_id
ITEM_ID_FIELD = item_id
RATING_FIELD = rating
TIME_FIELD = timestamp
seq_len = None
LABEL_FIELD = label
threshold = None
NEG_PREFIX = neg_
load_col = {'inter': ['user_id', 'item_id']}
unload_col = None
unused_col = None
additional_feat_suffix = None
rm_dup_inter = None
val_interval = None
filter_inter_by_user_or_item = True
user_inter_num_interval = [0,inf)
item_inter_num_interval = [0,inf)
alias_of_user_id = None
alias_of_item_id = None
alias_of_entity_id = None
alias_of_relation_id = None
preload_weight = None
normalize_field = None
normalize_all = None
ITEM_LIST_LENGTH_FIELD = item_length
LIST_SUFFIX = _list
MAX_ITEM_LIST_LENGTH = 50
POSITION_FIELD = position_id
HEAD_ENTITY_ID_FIELD = head_id
TAIL_ENTITY_ID_FIELD = tail_id
RELATION_ID_FIELD = relation_id
ENTITY_ID_FIELD = entity_id
benchmark_filename = None

Other Hyper Parameters: 
worker = 0
wandb_project = recbole
shuffle = True
require_pow = False
enable_amp = False
enable_scaler = False
transform = None
embedding_size = 64
order = 2
second_order_loss_weight = 1.0
numerical_features = []
discretization = None
kg_reverse_r = False
entity_kg_num_interval = [0,inf)
relation_kg_num_interval = [0,inf)
MODEL_TYPE = ModelType.GENERAL
encoding = utf-8
device = cuda
my_log_file = /mnt/batch/tasks/shared/LS_root/mounts/clusters/fontanagpu/code/sustainability-of-recsys/log/carbon_default.log
MODEL_INPUT_TYPE = InputType.PAIRWISE
eval_type = EvaluatorType.RANKING
single_spec = True
local_rank = 0
valid_neg_sample_args = {'distribution': 'uniform', 'sample_num': 'none'}
test_neg_sample_args = {'distribution': 'uniform', 'sample_num': 'none'}


Sat 06 Apr 2024 04:21:48 INFO  LFM-1b_artist_20U50I_25strat
The number of users: 19842
Average actions of users: 11.01038254120256
The number of items: 24879
Average actions of items: 8.781131923788086
The number of inters: 218457
The sparsity of the dataset: 99.95574650251882%
Remain Fields: ['user_id', 'item_id']
Sat 06 Apr 2024 04:21:49 INFO  [Training]: train_batch_size = [2048] train_neg_sample_args: [{'distribution': 'uniform', 'sample_num': 1, 'dynamic': False, 'candidate_num': 0, 'alpha': 1.0}]
Sat 06 Apr 2024 04:21:49 INFO  [Evaluation]: eval_batch_size = [4096] eval_args: [{'split': {'RS': [0.8, 0.1, 0.1]}, 'order': 'RO', 'group_by': 'user', 'mode': {'valid': 'full', 'test': 'full'}}]
Sat 06 Apr 2024 04:21:50 INFO  LINE(
  (user_embedding): Embedding(19842, 64)
  (item_embedding): Embedding(24879, 64)
  (user_context_embedding): Embedding(19842, 64)
  (item_context_embedding): Embedding(24879, 64)
  (loss_fct): NegSamplingLoss()
)
Trainable parameters: 5724288
Sat 06 Apr 2024 04:21:56 INFO  FLOPs: 128.0
Sat 06 Apr 2024 04:22:30 INFO  epoch 0 training [time: 2.12s, train loss: 235.6683]
Sat 06 Apr 2024 04:22:49 INFO  epoch 0 evaluating [time: 18.95s, valid_score: 0.000800]
Sat 06 Apr 2024 04:22:49 INFO  valid result: 
recall@10 : 0.0016    mrr@10 : 0.0008    ndcg@10 : 0.0008    hit@10 : 0.0024    precision@10 : 0.0002
Sat 06 Apr 2024 04:22:50 INFO  Saving current: saved/LFM-1b_artist_20U50I_25strat/LINE/LINE-Apr-06-2024_04-21-56.pth
Sat 06 Apr 2024 04:22:51 INFO  epoch 1 training [time: 0.50s, train loss: 235.3670]
Sat 06 Apr 2024 04:23:08 INFO  epoch 1 evaluating [time: 17.59s, valid_score: 0.015900]
Sat 06 Apr 2024 04:23:08 INFO  valid result: 
recall@10 : 0.0335    mrr@10 : 0.0159    ndcg@10 : 0.0179    hit@10 : 0.0456    precision@10 : 0.0047
Sat 06 Apr 2024 04:23:09 INFO  Saving current: saved/LFM-1b_artist_20U50I_25strat/LINE/LINE-Apr-06-2024_04-21-56.pth
Sat 06 Apr 2024 04:23:10 INFO  epoch 2 training [time: 0.51s, train loss: 233.0236]
Sat 06 Apr 2024 04:23:27 INFO  epoch 2 evaluating [time: 17.69s, valid_score: 0.020800]
Sat 06 Apr 2024 04:23:27 INFO  valid result: 
recall@10 : 0.0478    mrr@10 : 0.0208    ndcg@10 : 0.0248    hit@10 : 0.0635    precision@10 : 0.0065
Sat 06 Apr 2024 04:23:28 INFO  Saving current: saved/LFM-1b_artist_20U50I_25strat/LINE/LINE-Apr-06-2024_04-21-56.pth
Sat 06 Apr 2024 04:23:29 INFO  epoch 3 training [time: 0.51s, train loss: 224.3573]
Sat 06 Apr 2024 04:23:46 INFO  epoch 3 evaluating [time: 17.68s, valid_score: 0.022600]
Sat 06 Apr 2024 04:23:46 INFO  valid result: 
recall@10 : 0.0531    mrr@10 : 0.0226    ndcg@10 : 0.0272    hit@10 : 0.0695    precision@10 : 0.0071
Sat 06 Apr 2024 04:23:47 INFO  Saving current: saved/LFM-1b_artist_20U50I_25strat/LINE/LINE-Apr-06-2024_04-21-56.pth
Sat 06 Apr 2024 04:23:48 INFO  epoch 4 training [time: 0.51s, train loss: 212.7415]
Sat 06 Apr 2024 04:24:05 INFO  epoch 4 evaluating [time: 17.76s, valid_score: 0.022800]
Sat 06 Apr 2024 04:24:05 INFO  valid result: 
recall@10 : 0.0546    mrr@10 : 0.0228    ndcg@10 : 0.0277    hit@10 : 0.071    precision@10 : 0.0072
Sat 06 Apr 2024 04:24:06 INFO  Saving current: saved/LFM-1b_artist_20U50I_25strat/LINE/LINE-Apr-06-2024_04-21-56.pth
Sat 06 Apr 2024 04:24:07 INFO  epoch 5 training [time: 0.52s, train loss: 205.1508]
Sat 06 Apr 2024 04:24:24 INFO  epoch 5 evaluating [time: 17.76s, valid_score: 0.022700]
Sat 06 Apr 2024 04:24:24 INFO  valid result: 
recall@10 : 0.0506    mrr@10 : 0.0227    ndcg@10 : 0.0267    hit@10 : 0.0664    precision@10 : 0.0068
Sat 06 Apr 2024 04:24:25 INFO  epoch 6 training [time: 0.61s, train loss: 198.7569]
Sat 06 Apr 2024 04:24:43 INFO  epoch 6 evaluating [time: 17.77s, valid_score: 0.023100]
Sat 06 Apr 2024 04:24:43 INFO  valid result: 
recall@10 : 0.0518    mrr@10 : 0.0231    ndcg@10 : 0.0272    hit@10 : 0.0671    precision@10 : 0.0068
Sat 06 Apr 2024 04:24:43 INFO  Saving current: saved/LFM-1b_artist_20U50I_25strat/LINE/LINE-Apr-06-2024_04-21-56.pth
Sat 06 Apr 2024 04:24:44 INFO  epoch 7 training [time: 0.51s, train loss: 191.7381]
Sat 06 Apr 2024 04:25:02 INFO  epoch 7 evaluating [time: 17.91s, valid_score: 0.023800]
Sat 06 Apr 2024 04:25:02 INFO  valid result: 
recall@10 : 0.0501    mrr@10 : 0.0238    ndcg@10 : 0.0272    hit@10 : 0.0651    precision@10 : 0.0066
Sat 06 Apr 2024 04:25:03 INFO  Saving current: saved/LFM-1b_artist_20U50I_25strat/LINE/LINE-Apr-06-2024_04-21-56.pth
Sat 06 Apr 2024 04:25:03 INFO  epoch 8 training [time: 0.51s, train loss: 187.6827]
Sat 06 Apr 2024 04:25:21 INFO  epoch 8 evaluating [time: 17.78s, valid_score: 0.022700]
Sat 06 Apr 2024 04:25:21 INFO  valid result: 
recall@10 : 0.0493    mrr@10 : 0.0227    ndcg@10 : 0.0263    hit@10 : 0.0629    precision@10 : 0.0064
Sat 06 Apr 2024 04:25:22 INFO  epoch 9 training [time: 0.63s, train loss: 183.5859]
Sat 06 Apr 2024 04:25:39 INFO  epoch 9 evaluating [time: 17.78s, valid_score: 0.022600]
Sat 06 Apr 2024 04:25:39 INFO  valid result: 
recall@10 : 0.0483    mrr@10 : 0.0226    ndcg@10 : 0.0262    hit@10 : 0.0618    precision@10 : 0.0063
Sat 06 Apr 2024 04:25:40 INFO  epoch 10 training [time: 0.63s, train loss: 180.6188]
Sat 06 Apr 2024 04:25:58 INFO  epoch 10 evaluating [time: 17.76s, valid_score: 0.021900]
Sat 06 Apr 2024 04:25:58 INFO  valid result: 
recall@10 : 0.0468    mrr@10 : 0.0219    ndcg@10 : 0.0255    hit@10 : 0.0601    precision@10 : 0.0061
Sat 06 Apr 2024 04:25:58 INFO  epoch 11 training [time: 0.63s, train loss: 175.0685]
Sat 06 Apr 2024 04:26:16 INFO  epoch 11 evaluating [time: 17.77s, valid_score: 0.022900]
Sat 06 Apr 2024 04:26:16 INFO  valid result: 
recall@10 : 0.0486    mrr@10 : 0.0229    ndcg@10 : 0.0267    hit@10 : 0.0617    precision@10 : 0.0062
Sat 06 Apr 2024 04:26:17 INFO  epoch 12 training [time: 0.60s, train loss: 172.3253]
Sat 06 Apr 2024 04:26:35 INFO  epoch 12 evaluating [time: 17.80s, valid_score: 0.022800]
Sat 06 Apr 2024 04:26:35 INFO  valid result: 
recall@10 : 0.0491    mrr@10 : 0.0228    ndcg@10 : 0.0267    hit@10 : 0.0628    precision@10 : 0.0063
Sat 06 Apr 2024 04:26:35 INFO  epoch 13 training [time: 0.63s, train loss: 171.1126]
Sat 06 Apr 2024 04:26:53 INFO  epoch 13 evaluating [time: 17.80s, valid_score: 0.021800]
Sat 06 Apr 2024 04:26:53 INFO  valid result: 
recall@10 : 0.0488    mrr@10 : 0.0218    ndcg@10 : 0.026    hit@10 : 0.0623    precision@10 : 0.0063
Sat 06 Apr 2024 04:26:54 INFO  epoch 14 training [time: 0.62s, train loss: 165.7086]
Sat 06 Apr 2024 04:27:11 INFO  epoch 14 evaluating [time: 17.80s, valid_score: 0.022200]
Sat 06 Apr 2024 04:27:11 INFO  valid result: 
recall@10 : 0.0489    mrr@10 : 0.0222    ndcg@10 : 0.0263    hit@10 : 0.0628    precision@10 : 0.0063
Sat 06 Apr 2024 04:27:12 INFO  epoch 15 training [time: 0.64s, train loss: 166.5333]
Sat 06 Apr 2024 04:27:30 INFO  epoch 15 evaluating [time: 17.81s, valid_score: 0.022400]
Sat 06 Apr 2024 04:27:30 INFO  valid result: 
recall@10 : 0.0489    mrr@10 : 0.0224    ndcg@10 : 0.0263    hit@10 : 0.0619    precision@10 : 0.0062
Sat 06 Apr 2024 04:27:31 INFO  epoch 16 training [time: 0.63s, train loss: 162.9909]
Sat 06 Apr 2024 04:27:48 INFO  epoch 16 evaluating [time: 17.80s, valid_score: 0.022700]
Sat 06 Apr 2024 04:27:48 INFO  valid result: 
recall@10 : 0.0497    mrr@10 : 0.0227    ndcg@10 : 0.0267    hit@10 : 0.0635    precision@10 : 0.0064
Sat 06 Apr 2024 04:27:49 INFO  epoch 17 training [time: 0.65s, train loss: 157.6664]
Sat 06 Apr 2024 04:28:07 INFO  epoch 17 evaluating [time: 17.74s, valid_score: 0.022500]
Sat 06 Apr 2024 04:28:07 INFO  valid result: 
recall@10 : 0.0491    mrr@10 : 0.0225    ndcg@10 : 0.0264    hit@10 : 0.0627    precision@10 : 0.0063
Sat 06 Apr 2024 04:28:07 INFO  epoch 18 training [time: 0.62s, train loss: 154.0188]
Sat 06 Apr 2024 04:28:25 INFO  epoch 18 evaluating [time: 17.77s, valid_score: 0.023300]
Sat 06 Apr 2024 04:28:25 INFO  valid result: 
recall@10 : 0.0506    mrr@10 : 0.0233    ndcg@10 : 0.0273    hit@10 : 0.0648    precision@10 : 0.0065
Sat 06 Apr 2024 04:28:25 INFO  Finished training, best eval result in epoch 7
Sat 06 Apr 2024 04:28:27 INFO  Loading model structure and parameters from saved/LFM-1b_artist_20U50I_25strat/LINE/LINE-Apr-06-2024_04-21-56.pth
Sat 06 Apr 2024 04:28:47 INFO  The running environment of this training is as follows:
+-------------+----------------+
| Environment |     Usage      |
+=============+================+
| CPU         |     0.80 %     |
+-------------+----------------+
| GPU         | 0.18 G/14.58 G |
+-------------+----------------+
| Memory      | 1.14 G/27.41 G |
+-------------+----------------+
Sat 06 Apr 2024 04:28:47 INFO  best valid : OrderedDict([('recall@10', 0.0501), ('mrr@10', 0.0238), ('ndcg@10', 0.0272), ('hit@10', 0.0651), ('precision@10', 0.0066)])
Sat 06 Apr 2024 04:28:47 INFO  test result: OrderedDict([('recall@10', 0.0451), ('mrr@10', 0.0202), ('ndcg@10', 0.0238), ('hit@10', 0.0584), ('precision@10', 0.006)])
Sat 06 Apr 2024 04:28:49 INFO  
General Hyper Parameters:
gpu_id = 0
use_gpu = True
seed = 2020
state = INFO
reproducibility = True
data_path = data/LFM-1b_artist_20U50I_25strat
checkpoint_dir = saved/LFM-1b_artist_20U50I_25strat/LINE
show_progress = True
save_dataset = False
dataset_save_path = None
save_dataloaders = False
dataloaders_save_path = None
log_wandb = False

Training Hyper Parameters:
epochs = 200
train_batch_size = 2048
learner = adam
learning_rate = 0.001
train_neg_sample_args = {'distribution': 'uniform', 'sample_num': 1, 'dynamic': False, 'candidate_num': 0, 'alpha': 1.0}
eval_step = 1
stopping_step = 10
clip_grad_norm = None
weight_decay = 0.0
loss_decimal_place = 4

Evaluation Hyper Parameters:
eval_args = {'split': {'RS': [0.8, 0.1, 0.1]}, 'order': 'RO', 'group_by': 'user', 'mode': {'valid': 'full', 'test': 'full'}}
repeatable = False
metrics = ['Recall', 'MRR', 'NDCG', 'Hit', 'Precision']
topk = [10]
valid_metric = MRR@10
valid_metric_bigger = True
eval_batch_size = 4096
metric_decimal_place = 4

Dataset Hyper Parameters:
field_separator = 	
seq_separator =  
USER_ID_FIELD = user_id
ITEM_ID_FIELD = item_id
RATING_FIELD = rating
TIME_FIELD = timestamp
seq_len = None
LABEL_FIELD = label
threshold = None
NEG_PREFIX = neg_
load_col = {'inter': ['user_id', 'item_id']}
unload_col = None
unused_col = None
additional_feat_suffix = None
rm_dup_inter = None
val_interval = None
filter_inter_by_user_or_item = True
user_inter_num_interval = [0,inf)
item_inter_num_interval = [0,inf)
alias_of_user_id = None
alias_of_item_id = None
alias_of_entity_id = None
alias_of_relation_id = None
preload_weight = None
normalize_field = None
normalize_all = None
ITEM_LIST_LENGTH_FIELD = item_length
LIST_SUFFIX = _list
MAX_ITEM_LIST_LENGTH = 50
POSITION_FIELD = position_id
HEAD_ENTITY_ID_FIELD = head_id
TAIL_ENTITY_ID_FIELD = tail_id
RELATION_ID_FIELD = relation_id
ENTITY_ID_FIELD = entity_id
benchmark_filename = None

Other Hyper Parameters: 
worker = 0
wandb_project = recbole
shuffle = True
require_pow = False
enable_amp = False
enable_scaler = False
transform = None
embedding_size = 64
order = 2
second_order_loss_weight = 1.0
numerical_features = []
discretization = None
kg_reverse_r = False
entity_kg_num_interval = [0,inf)
relation_kg_num_interval = [0,inf)
MODEL_TYPE = ModelType.GENERAL
encoding = utf-8
device = cuda
my_log_file = /mnt/batch/tasks/shared/LS_root/mounts/clusters/fontanagpu/code/sustainability-of-recsys/log/carbon_default.log
MODEL_INPUT_TYPE = InputType.PAIRWISE
eval_type = EvaluatorType.RANKING
single_spec = True
local_rank = 0
valid_neg_sample_args = {'distribution': 'uniform', 'sample_num': 'none'}
test_neg_sample_args = {'distribution': 'uniform', 'sample_num': 'none'}


Sat 06 Apr 2024 04:28:50 INFO  LFM-1b_artist_20U50I_25strat
The number of users: 19842
Average actions of users: 11.01038254120256
The number of items: 24879
Average actions of items: 8.781131923788086
The number of inters: 218457
The sparsity of the dataset: 99.95574650251882%
Remain Fields: ['user_id', 'item_id']
Sat 06 Apr 2024 04:28:51 INFO  [Training]: train_batch_size = [2048] train_neg_sample_args: [{'distribution': 'uniform', 'sample_num': 1, 'dynamic': False, 'candidate_num': 0, 'alpha': 1.0}]
Sat 06 Apr 2024 04:28:51 INFO  [Evaluation]: eval_batch_size = [4096] eval_args: [{'split': {'RS': [0.8, 0.1, 0.1]}, 'order': 'RO', 'group_by': 'user', 'mode': {'valid': 'full', 'test': 'full'}}]
Sat 06 Apr 2024 04:28:52 INFO  Loading model structure and parameters from saved/LFM-1b_artist_20U50I_25strat/LINE/LINE-Apr-06-2024_04-21-56.pth
