Wed 03 Apr 2024 16:18:36 INFO  ['src/default_tracker.py', '--dataset=LFM-1b_artist_20U50I', '--model=LINE']
Wed 03 Apr 2024 16:18:36 INFO  
General Hyper Parameters:
gpu_id = 0
use_gpu = True
seed = 2020
state = INFO
reproducibility = True
data_path = data/LFM-1b_artist_20U50I
checkpoint_dir = saved/LFM-1b_artist_20U50I/LINE
show_progress = True
save_dataset = False
dataset_save_path = None
save_dataloaders = False
dataloaders_save_path = None
log_wandb = False

Training Hyper Parameters:
epochs = 200
train_batch_size = 2048
learner = adam
learning_rate = 0.001
train_neg_sample_args = {'distribution': 'uniform', 'sample_num': 1, 'dynamic': False, 'candidate_num': 0, 'alpha': 1.0}
eval_step = 1
stopping_step = 10
clip_grad_norm = None
weight_decay = 0.0
loss_decimal_place = 4

Evaluation Hyper Parameters:
eval_args = {'split': {'RS': [0.8, 0.1, 0.1]}, 'order': 'RO', 'group_by': 'user', 'mode': {'valid': 'full', 'test': 'full'}}
repeatable = False
metrics = ['Recall', 'MRR', 'NDCG', 'Hit', 'Precision']
topk = [10]
valid_metric = MRR@10
valid_metric_bigger = True
eval_batch_size = 4096
metric_decimal_place = 4

Dataset Hyper Parameters:
field_separator = 	
seq_separator =  
USER_ID_FIELD = user_id
ITEM_ID_FIELD = item_id
RATING_FIELD = rating
TIME_FIELD = timestamp
seq_len = None
LABEL_FIELD = label
threshold = None
NEG_PREFIX = neg_
load_col = {'inter': ['user_id', 'item_id']}
unload_col = None
unused_col = None
additional_feat_suffix = None
rm_dup_inter = None
val_interval = None
filter_inter_by_user_or_item = True
user_inter_num_interval = [0,inf)
item_inter_num_interval = [0,inf)
alias_of_user_id = None
alias_of_item_id = None
alias_of_entity_id = None
alias_of_relation_id = None
preload_weight = None
normalize_field = None
normalize_all = None
ITEM_LIST_LENGTH_FIELD = item_length
LIST_SUFFIX = _list
MAX_ITEM_LIST_LENGTH = 50
POSITION_FIELD = position_id
HEAD_ENTITY_ID_FIELD = head_id
TAIL_ENTITY_ID_FIELD = tail_id
RELATION_ID_FIELD = relation_id
ENTITY_ID_FIELD = entity_id
benchmark_filename = None

Other Hyper Parameters: 
worker = 0
wandb_project = recbole
shuffle = True
require_pow = False
enable_amp = False
enable_scaler = False
transform = None
embedding_size = 64
order = 2
second_order_loss_weight = 1.0
numerical_features = []
discretization = None
kg_reverse_r = False
entity_kg_num_interval = [0,inf)
relation_kg_num_interval = [0,inf)
MODEL_TYPE = ModelType.GENERAL
encoding = utf-8
device = cuda
my_log_file = /mnt/batch/tasks/shared/LS_root/mounts/clusters/fontanagpu/code/sustainability-of-recsys/log/carbon_default.log
MODEL_INPUT_TYPE = InputType.PAIRWISE
eval_type = EvaluatorType.RANKING
single_spec = True
local_rank = 0
valid_neg_sample_args = {'distribution': 'uniform', 'sample_num': 'none'}
test_neg_sample_args = {'distribution': 'uniform', 'sample_num': 'none'}


Wed 03 Apr 2024 16:18:39 INFO  LFM-1b_artist_20U50I
The number of users: 19842
Average actions of users: 45.371301849705155
The number of items: 42458
Average actions of items: 21.202911180724026
The number of inters: 900212
The sparsity of the dataset: 99.89314377686127%
Remain Fields: ['user_id', 'item_id']
Wed 03 Apr 2024 16:18:43 INFO  [Training]: train_batch_size = [2048] train_neg_sample_args: [{'distribution': 'uniform', 'sample_num': 1, 'dynamic': False, 'candidate_num': 0, 'alpha': 1.0}]
Wed 03 Apr 2024 16:18:43 INFO  [Evaluation]: eval_batch_size = [4096] eval_args: [{'split': {'RS': [0.8, 0.1, 0.1]}, 'order': 'RO', 'group_by': 'user', 'mode': {'valid': 'full', 'test': 'full'}}]
Wed 03 Apr 2024 16:18:44 INFO  LINE(
  (user_embedding): Embedding(19842, 64)
  (item_embedding): Embedding(42458, 64)
  (user_context_embedding): Embedding(19842, 64)
  (item_context_embedding): Embedding(42458, 64)
  (loss_fct): NegSamplingLoss()
)
Trainable parameters: 7974400
Wed 03 Apr 2024 16:18:53 INFO  FLOPs: 128.0
Wed 03 Apr 2024 16:19:37 INFO  epoch 0 training [time: 5.46s, train loss: 973.8564]
Wed 03 Apr 2024 16:20:02 INFO  epoch 0 evaluating [time: 25.10s, valid_score: 0.115300]
Wed 03 Apr 2024 16:20:02 INFO  valid result: 
recall@10 : 0.0778    mrr@10 : 0.1153    ndcg@10 : 0.0651    hit@10 : 0.2637    precision@10 : 0.0357
Wed 03 Apr 2024 16:20:03 INFO  Saving current: saved/LFM-1b_artist_20U50I/LINE/LINE-Apr-03-2024_16-18-53.pth
Wed 03 Apr 2024 16:20:06 INFO  epoch 1 training [time: 2.27s, train loss: 853.0352]
Wed 03 Apr 2024 16:20:29 INFO  epoch 1 evaluating [time: 23.06s, valid_score: 0.142500]
Wed 03 Apr 2024 16:20:29 INFO  valid result: 
recall@10 : 0.0972    mrr@10 : 0.1425    ndcg@10 : 0.0823    hit@10 : 0.3065    precision@10 : 0.0418
Wed 03 Apr 2024 16:20:30 INFO  Saving current: saved/LFM-1b_artist_20U50I/LINE/LINE-Apr-03-2024_16-18-53.pth
Wed 03 Apr 2024 16:20:32 INFO  epoch 2 training [time: 2.26s, train loss: 784.8973]
Wed 03 Apr 2024 16:20:55 INFO  epoch 2 evaluating [time: 22.99s, valid_score: 0.156100]
Wed 03 Apr 2024 16:20:55 INFO  valid result: 
recall@10 : 0.1063    mrr@10 : 0.1561    ndcg@10 : 0.0905    hit@10 : 0.3209    precision@10 : 0.0435
Wed 03 Apr 2024 16:20:57 INFO  Saving current: saved/LFM-1b_artist_20U50I/LINE/LINE-Apr-03-2024_16-18-53.pth
Wed 03 Apr 2024 16:20:59 INFO  epoch 3 training [time: 2.28s, train loss: 752.0383]
Wed 03 Apr 2024 16:21:22 INFO  epoch 3 evaluating [time: 23.09s, valid_score: 0.159300]
Wed 03 Apr 2024 16:21:22 INFO  valid result: 
recall@10 : 0.1102    mrr@10 : 0.1593    ndcg@10 : 0.0932    hit@10 : 0.3233    precision@10 : 0.0431
Wed 03 Apr 2024 16:21:24 INFO  Saving current: saved/LFM-1b_artist_20U50I/LINE/LINE-Apr-03-2024_16-18-53.pth
Wed 03 Apr 2024 16:21:26 INFO  epoch 4 training [time: 2.25s, train loss: 710.0718]
Wed 03 Apr 2024 16:21:49 INFO  epoch 4 evaluating [time: 23.03s, valid_score: 0.166700]
Wed 03 Apr 2024 16:21:49 INFO  valid result: 
recall@10 : 0.1192    mrr@10 : 0.1667    ndcg@10 : 0.0998    hit@10 : 0.3397    precision@10 : 0.0461
Wed 03 Apr 2024 16:21:51 INFO  Saving current: saved/LFM-1b_artist_20U50I/LINE/LINE-Apr-03-2024_16-18-53.pth
Wed 03 Apr 2024 16:21:53 INFO  epoch 5 training [time: 2.26s, train loss: 689.6250]
Wed 03 Apr 2024 16:22:16 INFO  epoch 5 evaluating [time: 23.14s, valid_score: 0.174300]
Wed 03 Apr 2024 16:22:16 INFO  valid result: 
recall@10 : 0.1238    mrr@10 : 0.1743    ndcg@10 : 0.1046    hit@10 : 0.3497    precision@10 : 0.0485
Wed 03 Apr 2024 16:22:18 INFO  Saving current: saved/LFM-1b_artist_20U50I/LINE/LINE-Apr-03-2024_16-18-53.pth
Wed 03 Apr 2024 16:22:20 INFO  epoch 6 training [time: 2.26s, train loss: 662.8168]
Wed 03 Apr 2024 16:22:43 INFO  epoch 6 evaluating [time: 22.89s, valid_score: 0.173600]
Wed 03 Apr 2024 16:22:43 INFO  valid result: 
recall@10 : 0.1236    mrr@10 : 0.1736    ndcg@10 : 0.1039    hit@10 : 0.3491    precision@10 : 0.048
Wed 03 Apr 2024 16:22:45 INFO  epoch 7 training [time: 2.36s, train loss: 634.8596]
Wed 03 Apr 2024 16:23:08 INFO  epoch 7 evaluating [time: 23.05s, valid_score: 0.174600]
Wed 03 Apr 2024 16:23:08 INFO  valid result: 
recall@10 : 0.1236    mrr@10 : 0.1746    ndcg@10 : 0.1045    hit@10 : 0.3511    precision@10 : 0.049
Wed 03 Apr 2024 16:23:10 INFO  Saving current: saved/LFM-1b_artist_20U50I/LINE/LINE-Apr-03-2024_16-18-53.pth
Wed 03 Apr 2024 16:23:12 INFO  epoch 8 training [time: 2.25s, train loss: 617.8215]
Wed 03 Apr 2024 16:23:35 INFO  epoch 8 evaluating [time: 23.00s, valid_score: 0.170500]
Wed 03 Apr 2024 16:23:35 INFO  valid result: 
recall@10 : 0.1176    mrr@10 : 0.1705    ndcg@10 : 0.1006    hit@10 : 0.3409    precision@10 : 0.0476
Wed 03 Apr 2024 16:23:38 INFO  epoch 9 training [time: 2.39s, train loss: 590.0187]
Wed 03 Apr 2024 16:24:01 INFO  epoch 9 evaluating [time: 23.12s, valid_score: 0.170200]
Wed 03 Apr 2024 16:24:01 INFO  valid result: 
recall@10 : 0.1171    mrr@10 : 0.1702    ndcg@10 : 0.1002    hit@10 : 0.3407    precision@10 : 0.0478
Wed 03 Apr 2024 16:24:03 INFO  epoch 10 training [time: 2.44s, train loss: 574.6982]
Wed 03 Apr 2024 16:24:26 INFO  epoch 10 evaluating [time: 23.11s, valid_score: 0.171000]
Wed 03 Apr 2024 16:24:26 INFO  valid result: 
recall@10 : 0.1133    mrr@10 : 0.171    ndcg@10 : 0.099    hit@10 : 0.3356    precision@10 : 0.0474
Wed 03 Apr 2024 16:24:29 INFO  epoch 11 training [time: 2.40s, train loss: 556.7290]
Wed 03 Apr 2024 16:24:52 INFO  epoch 11 evaluating [time: 23.11s, valid_score: 0.172900]
Wed 03 Apr 2024 16:24:52 INFO  valid result: 
recall@10 : 0.1159    mrr@10 : 0.1729    ndcg@10 : 0.1008    hit@10 : 0.3407    precision@10 : 0.0481
Wed 03 Apr 2024 16:24:54 INFO  epoch 12 training [time: 2.37s, train loss: 524.6377]
Wed 03 Apr 2024 16:25:17 INFO  epoch 12 evaluating [time: 23.24s, valid_score: 0.181400]
Wed 03 Apr 2024 16:25:17 INFO  valid result: 
recall@10 : 0.1259    mrr@10 : 0.1814    ndcg@10 : 0.1085    hit@10 : 0.3574    precision@10 : 0.0506
Wed 03 Apr 2024 16:25:19 INFO  Saving current: saved/LFM-1b_artist_20U50I/LINE/LINE-Apr-03-2024_16-18-53.pth
Wed 03 Apr 2024 16:25:21 INFO  epoch 13 training [time: 2.25s, train loss: 504.7384]
Wed 03 Apr 2024 16:25:46 INFO  epoch 13 evaluating [time: 24.63s, valid_score: 0.184000]
Wed 03 Apr 2024 16:25:46 INFO  valid result: 
recall@10 : 0.1301    mrr@10 : 0.184    ndcg@10 : 0.111    hit@10 : 0.3613    precision@10 : 0.0512
Wed 03 Apr 2024 16:25:47 INFO  Saving current: saved/LFM-1b_artist_20U50I/LINE/LINE-Apr-03-2024_16-18-53.pth
Wed 03 Apr 2024 16:25:49 INFO  epoch 14 training [time: 2.26s, train loss: 493.8608]
Wed 03 Apr 2024 16:26:12 INFO  epoch 14 evaluating [time: 23.16s, valid_score: 0.183500]
Wed 03 Apr 2024 16:26:12 INFO  valid result: 
recall@10 : 0.1308    mrr@10 : 0.1835    ndcg@10 : 0.1111    hit@10 : 0.3611    precision@10 : 0.0508
Wed 03 Apr 2024 16:26:15 INFO  epoch 15 training [time: 2.42s, train loss: 481.3617]
Wed 03 Apr 2024 16:26:38 INFO  epoch 15 evaluating [time: 23.09s, valid_score: 0.186000]
Wed 03 Apr 2024 16:26:38 INFO  valid result: 
recall@10 : 0.1347    mrr@10 : 0.186    ndcg@10 : 0.1137    hit@10 : 0.3676    precision@10 : 0.0513
Wed 03 Apr 2024 16:26:39 INFO  Saving current: saved/LFM-1b_artist_20U50I/LINE/LINE-Apr-03-2024_16-18-53.pth
Wed 03 Apr 2024 16:26:41 INFO  epoch 16 training [time: 2.28s, train loss: 465.4023]
Wed 03 Apr 2024 16:27:05 INFO  epoch 16 evaluating [time: 23.19s, valid_score: 0.188700]
Wed 03 Apr 2024 16:27:05 INFO  valid result: 
recall@10 : 0.1395    mrr@10 : 0.1887    ndcg@10 : 0.1166    hit@10 : 0.373    precision@10 : 0.0519
Wed 03 Apr 2024 16:27:06 INFO  Saving current: saved/LFM-1b_artist_20U50I/LINE/LINE-Apr-03-2024_16-18-53.pth
Wed 03 Apr 2024 16:27:08 INFO  epoch 17 training [time: 2.26s, train loss: 454.2349]
Wed 03 Apr 2024 16:27:31 INFO  epoch 17 evaluating [time: 23.22s, valid_score: 0.190700]
Wed 03 Apr 2024 16:27:31 INFO  valid result: 
recall@10 : 0.1424    mrr@10 : 0.1907    ndcg@10 : 0.1188    hit@10 : 0.3765    precision@10 : 0.0525
Wed 03 Apr 2024 16:27:32 INFO  Saving current: saved/LFM-1b_artist_20U50I/LINE/LINE-Apr-03-2024_16-18-53.pth
Wed 03 Apr 2024 16:27:35 INFO  epoch 18 training [time: 2.29s, train loss: 439.1218]
Wed 03 Apr 2024 16:27:58 INFO  epoch 18 evaluating [time: 23.19s, valid_score: 0.190400]
Wed 03 Apr 2024 16:27:58 INFO  valid result: 
recall@10 : 0.1435    mrr@10 : 0.1904    ndcg@10 : 0.119    hit@10 : 0.3759    precision@10 : 0.0521
Wed 03 Apr 2024 16:28:00 INFO  epoch 19 training [time: 2.40s, train loss: 412.8500]
Wed 03 Apr 2024 16:28:23 INFO  epoch 19 evaluating [time: 23.15s, valid_score: 0.192900]
Wed 03 Apr 2024 16:28:23 INFO  valid result: 
recall@10 : 0.1492    mrr@10 : 0.1929    ndcg@10 : 0.1227    hit@10 : 0.3835    precision@10 : 0.0534
Wed 03 Apr 2024 16:28:25 INFO  Saving current: saved/LFM-1b_artist_20U50I/LINE/LINE-Apr-03-2024_16-18-53.pth
Wed 03 Apr 2024 16:28:27 INFO  epoch 20 training [time: 2.27s, train loss: 414.4092]
Wed 03 Apr 2024 16:28:50 INFO  epoch 20 evaluating [time: 23.14s, valid_score: 0.188800]
Wed 03 Apr 2024 16:28:50 INFO  valid result: 
recall@10 : 0.1436    mrr@10 : 0.1888    ndcg@10 : 0.119    hit@10 : 0.3731    precision@10 : 0.0515
Wed 03 Apr 2024 16:28:53 INFO  epoch 21 training [time: 2.39s, train loss: 393.8958]
Wed 03 Apr 2024 16:29:16 INFO  epoch 21 evaluating [time: 23.23s, valid_score: 0.191200]
Wed 03 Apr 2024 16:29:16 INFO  valid result: 
recall@10 : 0.1483    mrr@10 : 0.1912    ndcg@10 : 0.122    hit@10 : 0.3788    precision@10 : 0.0523
Wed 03 Apr 2024 16:29:18 INFO  epoch 22 training [time: 2.46s, train loss: 383.0531]
Wed 03 Apr 2024 16:29:42 INFO  epoch 22 evaluating [time: 23.19s, valid_score: 0.191000]
Wed 03 Apr 2024 16:29:42 INFO  valid result: 
recall@10 : 0.1488    mrr@10 : 0.191    ndcg@10 : 0.122    hit@10 : 0.3791    precision@10 : 0.0522
Wed 03 Apr 2024 16:29:44 INFO  epoch 23 training [time: 2.46s, train loss: 374.8083]
Wed 03 Apr 2024 16:30:08 INFO  epoch 23 evaluating [time: 23.36s, valid_score: 0.189700]
Wed 03 Apr 2024 16:30:08 INFO  valid result: 
recall@10 : 0.1481    mrr@10 : 0.1897    ndcg@10 : 0.1211    hit@10 : 0.3767    precision@10 : 0.0518
Wed 03 Apr 2024 16:30:10 INFO  epoch 24 training [time: 2.45s, train loss: 370.4266]
Wed 03 Apr 2024 16:30:33 INFO  epoch 24 evaluating [time: 23.18s, valid_score: 0.187300]
Wed 03 Apr 2024 16:30:33 INFO  valid result: 
recall@10 : 0.1455    mrr@10 : 0.1873    ndcg@10 : 0.119    hit@10 : 0.3716    precision@10 : 0.0509
Wed 03 Apr 2024 16:30:36 INFO  epoch 25 training [time: 2.39s, train loss: 353.3787]
Wed 03 Apr 2024 16:30:59 INFO  epoch 25 evaluating [time: 23.14s, valid_score: 0.185700]
Wed 03 Apr 2024 16:30:59 INFO  valid result: 
recall@10 : 0.1456    mrr@10 : 0.1857    ndcg@10 : 0.1185    hit@10 : 0.371    precision@10 : 0.0508
Wed 03 Apr 2024 16:31:01 INFO  epoch 26 training [time: 2.39s, train loss: 345.2796]
Wed 03 Apr 2024 16:31:24 INFO  epoch 26 evaluating [time: 23.30s, valid_score: 0.187200]
Wed 03 Apr 2024 16:31:24 INFO  valid result: 
recall@10 : 0.1487    mrr@10 : 0.1872    ndcg@10 : 0.12    hit@10 : 0.3754    precision@10 : 0.0513
Wed 03 Apr 2024 16:31:27 INFO  epoch 27 training [time: 2.38s, train loss: 325.0212]
Wed 03 Apr 2024 16:31:50 INFO  epoch 27 evaluating [time: 23.32s, valid_score: 0.186300]
Wed 03 Apr 2024 16:31:50 INFO  valid result: 
recall@10 : 0.1494    mrr@10 : 0.1863    ndcg@10 : 0.12    hit@10 : 0.3754    precision@10 : 0.0512
Wed 03 Apr 2024 16:31:52 INFO  epoch 28 training [time: 2.43s, train loss: 310.6676]
Wed 03 Apr 2024 16:32:16 INFO  epoch 28 evaluating [time: 23.34s, valid_score: 0.185500]
Wed 03 Apr 2024 16:32:16 INFO  valid result: 
recall@10 : 0.1491    mrr@10 : 0.1855    ndcg@10 : 0.1196    hit@10 : 0.3744    precision@10 : 0.0509
Wed 03 Apr 2024 16:32:18 INFO  epoch 29 training [time: 2.36s, train loss: 314.8612]
Wed 03 Apr 2024 16:32:41 INFO  epoch 29 evaluating [time: 23.27s, valid_score: 0.183300]
Wed 03 Apr 2024 16:32:41 INFO  valid result: 
recall@10 : 0.1468    mrr@10 : 0.1833    ndcg@10 : 0.1181    hit@10 : 0.3694    precision@10 : 0.0501
Wed 03 Apr 2024 16:32:44 INFO  epoch 30 training [time: 2.36s, train loss: 302.6058]
Wed 03 Apr 2024 16:33:07 INFO  epoch 30 evaluating [time: 23.33s, valid_score: 0.182900]
Wed 03 Apr 2024 16:33:07 INFO  valid result: 
recall@10 : 0.1458    mrr@10 : 0.1829    ndcg@10 : 0.1174    hit@10 : 0.3674    precision@10 : 0.0497
Wed 03 Apr 2024 16:33:07 INFO  Finished training, best eval result in epoch 19
Wed 03 Apr 2024 16:33:10 INFO  Loading model structure and parameters from saved/LFM-1b_artist_20U50I/LINE/LINE-Apr-03-2024_16-18-53.pth
Wed 03 Apr 2024 16:33:34 INFO  The running environment of this training is as follows:
+-------------+----------------+
| Environment |     Usage      |
+=============+================+
| CPU         |     6.00 %     |
+-------------+----------------+
| GPU         | 0.26 G/14.58 G |
+-------------+----------------+
| Memory      | 1.43 G/27.41 G |
+-------------+----------------+
Wed 03 Apr 2024 16:33:34 INFO  best valid : OrderedDict([('recall@10', 0.1492), ('mrr@10', 0.1929), ('ndcg@10', 0.1227), ('hit@10', 0.3835), ('precision@10', 0.0534)])
Wed 03 Apr 2024 16:33:34 INFO  test result: OrderedDict([('recall@10', 0.1473), ('mrr@10', 0.2026), ('ndcg@10', 0.125), ('hit@10', 0.3804), ('precision@10', 0.0544)])
Wed 03 Apr 2024 16:33:37 INFO  
General Hyper Parameters:
gpu_id = 0
use_gpu = True
seed = 2020
state = INFO
reproducibility = True
data_path = data/LFM-1b_artist_20U50I
checkpoint_dir = saved/LFM-1b_artist_20U50I/LINE
show_progress = True
save_dataset = False
dataset_save_path = None
save_dataloaders = False
dataloaders_save_path = None
log_wandb = False

Training Hyper Parameters:
epochs = 100
train_batch_size = 2048
learner = adam
learning_rate = 0.001
train_neg_sample_args = {'distribution': 'uniform', 'sample_num': 1, 'dynamic': False, 'candidate_num': 0, 'alpha': 1.0}
eval_step = 1
stopping_step = 10
clip_grad_norm = None
weight_decay = 0.0
loss_decimal_place = 4

Evaluation Hyper Parameters:
eval_args = {'split': {'RS': [0.8, 0.1, 0.1]}, 'order': 'RO', 'group_by': 'user', 'mode': {'valid': 'full', 'test': 'full'}}
repeatable = False
metrics = ['Recall', 'MRR', 'NDCG', 'Hit', 'Precision']
topk = [10]
valid_metric = MRR@10
valid_metric_bigger = True
eval_batch_size = 4096
metric_decimal_place = 4

Dataset Hyper Parameters:
field_separator = 	
seq_separator =  
USER_ID_FIELD = user_id
ITEM_ID_FIELD = item_id
RATING_FIELD = rating
TIME_FIELD = timestamp
seq_len = None
LABEL_FIELD = label
threshold = None
NEG_PREFIX = neg_
load_col = {'inter': ['user_id', 'item_id']}
unload_col = None
unused_col = None
additional_feat_suffix = None
rm_dup_inter = None
val_interval = None
filter_inter_by_user_or_item = True
user_inter_num_interval = [0,inf)
item_inter_num_interval = [0,inf)
alias_of_user_id = None
alias_of_item_id = None
alias_of_entity_id = None
alias_of_relation_id = None
preload_weight = None
normalize_field = None
normalize_all = None
ITEM_LIST_LENGTH_FIELD = item_length
LIST_SUFFIX = _list
MAX_ITEM_LIST_LENGTH = 50
POSITION_FIELD = position_id
HEAD_ENTITY_ID_FIELD = head_id
TAIL_ENTITY_ID_FIELD = tail_id
RELATION_ID_FIELD = relation_id
ENTITY_ID_FIELD = entity_id
benchmark_filename = None

Other Hyper Parameters: 
worker = 0
wandb_project = recbole
shuffle = True
require_pow = False
enable_amp = False
enable_scaler = False
transform = None
embedding_size = 64
order = 2
second_order_loss_weight = 1.0
numerical_features = []
discretization = None
kg_reverse_r = False
entity_kg_num_interval = [0,inf)
relation_kg_num_interval = [0,inf)
MODEL_TYPE = ModelType.GENERAL
encoding = utf-8
device = cuda
my_log_file = /mnt/batch/tasks/shared/LS_root/mounts/clusters/fontanagpu/code/sustainability-of-recsys/log/carbon_default_default.log
MODEL_INPUT_TYPE = InputType.PAIRWISE
eval_type = EvaluatorType.RANKING
single_spec = True
local_rank = 0
valid_neg_sample_args = {'distribution': 'uniform', 'sample_num': 'none'}
test_neg_sample_args = {'distribution': 'uniform', 'sample_num': 'none'}


Wed 03 Apr 2024 16:33:40 INFO  LFM-1b_artist_20U50I
The number of users: 19842
Average actions of users: 45.371301849705155
The number of items: 42458
Average actions of items: 21.202911180724026
The number of inters: 900212
The sparsity of the dataset: 99.89314377686127%
Remain Fields: ['user_id', 'item_id']
Wed 03 Apr 2024 16:33:43 INFO  [Training]: train_batch_size = [2048] train_neg_sample_args: [{'distribution': 'uniform', 'sample_num': 1, 'dynamic': False, 'candidate_num': 0, 'alpha': 1.0}]
Wed 03 Apr 2024 16:33:43 INFO  [Evaluation]: eval_batch_size = [4096] eval_args: [{'split': {'RS': [0.8, 0.1, 0.1]}, 'order': 'RO', 'group_by': 'user', 'mode': {'valid': 'full', 'test': 'full'}}]
Wed 03 Apr 2024 16:33:45 INFO  Loading model structure and parameters from saved/LFM-1b_artist_20U50I/LINE/LINE-Mar-29-2024_03-55-35.pth
