Wed 17 Apr 2024 13:26:37 INFO  ['src/default_tracker.py', '--dataset=ml-10m_50U10I', '--model=LINE']
Wed 17 Apr 2024 13:26:37 INFO  
General Hyper Parameters:
gpu_id = 0
use_gpu = True
seed = 2020
state = INFO
reproducibility = True
data_path = data/ml-10m_50U10I
checkpoint_dir = saved/ml-10m_50U10I/LINE
show_progress = True
save_dataset = False
dataset_save_path = None
save_dataloaders = False
dataloaders_save_path = None
log_wandb = False

Training Hyper Parameters:
epochs = 200
train_batch_size = 2048
learner = adam
learning_rate = 0.001
train_neg_sample_args = {'distribution': 'uniform', 'sample_num': 1, 'dynamic': False, 'candidate_num': 0, 'alpha': 1.0}
eval_step = 1
stopping_step = 10
clip_grad_norm = None
weight_decay = 0.0
loss_decimal_place = 4

Evaluation Hyper Parameters:
eval_args = {'split': {'RS': [0.8, 0.1, 0.1]}, 'order': 'RO', 'group_by': 'user', 'mode': {'valid': 'full', 'test': 'full'}}
repeatable = False
metrics = ['Recall', 'MRR', 'NDCG', 'Hit', 'MAP', 'Precision', 'GAUC', 'ItemCoverage', 'AveragePopularity', 'GiniIndex', 'ShannonEntropy', 'TailPercentage']
topk = [10]
valid_metric = MRR@10
valid_metric_bigger = True
eval_batch_size = 4096
metric_decimal_place = 4

Dataset Hyper Parameters:
field_separator = 	
seq_separator =  
USER_ID_FIELD = user_id
ITEM_ID_FIELD = item_id
RATING_FIELD = rating
TIME_FIELD = timestamp
seq_len = None
LABEL_FIELD = label
threshold = None
NEG_PREFIX = neg_
load_col = {'inter': ['user_id', 'item_id']}
unload_col = None
unused_col = None
additional_feat_suffix = None
rm_dup_inter = None
val_interval = None
filter_inter_by_user_or_item = True
user_inter_num_interval = [0,inf)
item_inter_num_interval = [0,inf)
alias_of_user_id = None
alias_of_item_id = None
alias_of_entity_id = None
alias_of_relation_id = None
preload_weight = None
normalize_field = None
normalize_all = None
ITEM_LIST_LENGTH_FIELD = item_length
LIST_SUFFIX = _list
MAX_ITEM_LIST_LENGTH = 50
POSITION_FIELD = position_id
HEAD_ENTITY_ID_FIELD = head_id
TAIL_ENTITY_ID_FIELD = tail_id
RELATION_ID_FIELD = relation_id
ENTITY_ID_FIELD = entity_id
benchmark_filename = None

Other Hyper Parameters: 
worker = 0
wandb_project = recbole
shuffle = True
require_pow = False
enable_amp = False
enable_scaler = False
transform = None
embedding_size = 64
order = 2
second_order_loss_weight = 1.0
numerical_features = []
discretization = None
kg_reverse_r = False
entity_kg_num_interval = [0,inf)
relation_kg_num_interval = [0,inf)
MODEL_TYPE = ModelType.GENERAL
encoding = utf-8
device = cuda
my_log_file = /mnt/batch/tasks/shared/LS_root/mounts/clusters/fontanagpu/code/sustainability-of-recsys/log/carbon_default.log
MODEL_INPUT_TYPE = InputType.PAIRWISE
eval_type = EvaluatorType.RANKING
single_spec = True
local_rank = 0
valid_neg_sample_args = {'distribution': 'uniform', 'sample_num': 'none'}
test_neg_sample_args = {'distribution': 'uniform', 'sample_num': 'none'}


Wed 17 Apr 2024 13:26:58 INFO  ml-10m_50U10I
The number of users: 50001
Average actions of users: 141.07548
The number of items: 10001
Average actions of items: 705.3774
The number of inters: 7053774
The sparsity of the dataset: 98.5894144730844%
Remain Fields: ['user_id', 'item_id']
Wed 17 Apr 2024 13:27:17 INFO  [Training]: train_batch_size = [2048] train_neg_sample_args: [{'distribution': 'uniform', 'sample_num': 1, 'dynamic': False, 'candidate_num': 0, 'alpha': 1.0}]
Wed 17 Apr 2024 13:27:17 INFO  [Evaluation]: eval_batch_size = [4096] eval_args: [{'split': {'RS': [0.8, 0.1, 0.1]}, 'order': 'RO', 'group_by': 'user', 'mode': {'valid': 'full', 'test': 'full'}}]
Wed 17 Apr 2024 13:27:20 INFO  LINE(
  (user_embedding): Embedding(50001, 64)
  (item_embedding): Embedding(10001, 64)
  (user_context_embedding): Embedding(50001, 64)
  (item_context_embedding): Embedding(10001, 64)
  (loss_fct): NegSamplingLoss()
)
Trainable parameters: 7680256
Wed 17 Apr 2024 13:27:40 INFO  FLOPs: 128.0
Wed 17 Apr 2024 13:28:40 INFO  epoch 0 training [time: 21.19s, train loss: 6101.0989]
Wed 17 Apr 2024 13:30:59 INFO  epoch 0 evaluating [time: 138.32s, valid_score: 0.255700]
Wed 17 Apr 2024 13:30:59 INFO  valid result: 
recall@10 : 0.114    mrr@10 : 0.2557    ndcg@10 : 0.1386    hit@10 : 0.5223    map@10 : 0.0709    precision@10 : 0.1025    gauc : 0.9099    itemcoverage@10 : 0.0747    averagepopularity@10 : 7550.1464    giniindex@10 : 0.983    shannonentropy@10 : 0.0073    tailpercentage@10 : 0.093
Wed 17 Apr 2024 13:31:00 INFO  Saving current: saved/ml-10m_50U10I/LINE/LINE-Apr-17-2024_13-27-41.pth
Wed 17 Apr 2024 13:31:19 INFO  epoch 1 training [time: 18.99s, train loss: 4668.8633]
Wed 17 Apr 2024 13:33:35 INFO  epoch 1 evaluating [time: 136.07s, valid_score: 0.302200]
Wed 17 Apr 2024 13:33:35 INFO  valid result: 
recall@10 : 0.1536    mrr@10 : 0.3022    ndcg@10 : 0.1724    hit@10 : 0.5975    map@10 : 0.0932    precision@10 : 0.1174    gauc : 0.9338    itemcoverage@10 : 0.1082    averagepopularity@10 : 7647.3108    giniindex@10 : 0.9773    shannonentropy@10 : 0.0053    tailpercentage@10 : 0.0104
Wed 17 Apr 2024 13:33:36 INFO  Saving current: saved/ml-10m_50U10I/LINE/LINE-Apr-17-2024_13-27-41.pth
Wed 17 Apr 2024 13:33:55 INFO  epoch 2 training [time: 19.00s, train loss: 4138.0860]
Wed 17 Apr 2024 13:36:12 INFO  epoch 2 evaluating [time: 136.62s, valid_score: 0.318900]
Wed 17 Apr 2024 13:36:12 INFO  valid result: 
recall@10 : 0.168    mrr@10 : 0.3189    ndcg@10 : 0.1855    hit@10 : 0.6269    map@10 : 0.1018    precision@10 : 0.1247    gauc : 0.942    itemcoverage@10 : 0.1517    averagepopularity@10 : 7067.1682    giniindex@10 : 0.9685    shannonentropy@10 : 0.004    tailpercentage@10 : 0.0027
Wed 17 Apr 2024 13:36:13 INFO  Saving current: saved/ml-10m_50U10I/LINE/LINE-Apr-17-2024_13-27-41.pth
Wed 17 Apr 2024 13:36:32 INFO  epoch 3 training [time: 18.90s, train loss: 3841.6975]
Wed 17 Apr 2024 13:38:48 INFO  epoch 3 evaluating [time: 135.70s, valid_score: 0.320700]
Wed 17 Apr 2024 13:38:48 INFO  valid result: 
recall@10 : 0.1702    mrr@10 : 0.3207    ndcg@10 : 0.1875    hit@10 : 0.6315    map@10 : 0.1027    precision@10 : 0.1263    gauc : 0.9458    itemcoverage@10 : 0.1929    averagepopularity@10 : 6423.5251    giniindex@10 : 0.9574    shannonentropy@10 : 0.0033    tailpercentage@10 : 0.0009
Wed 17 Apr 2024 13:38:49 INFO  Saving current: saved/ml-10m_50U10I/LINE/LINE-Apr-17-2024_13-27-41.pth
Wed 17 Apr 2024 13:39:08 INFO  epoch 4 training [time: 19.13s, train loss: 3663.7825]
Wed 17 Apr 2024 13:41:24 INFO  epoch 4 evaluating [time: 135.53s, valid_score: 0.326200]
Wed 17 Apr 2024 13:41:24 INFO  valid result: 
recall@10 : 0.1752    mrr@10 : 0.3262    ndcg@10 : 0.1926    hit@10 : 0.6417    map@10 : 0.1063    precision@10 : 0.1295    gauc : 0.9487    itemcoverage@10 : 0.233    averagepopularity@10 : 5982.759    giniindex@10 : 0.9467    shannonentropy@10 : 0.0028    tailpercentage@10 : 0.0005
Wed 17 Apr 2024 13:41:24 INFO  Saving current: saved/ml-10m_50U10I/LINE/LINE-Apr-17-2024_13-27-41.pth
Wed 17 Apr 2024 13:41:43 INFO  epoch 5 training [time: 18.93s, train loss: 3483.5474]
Wed 17 Apr 2024 13:43:59 INFO  epoch 5 evaluating [time: 135.43s, valid_score: 0.326900]
Wed 17 Apr 2024 13:43:59 INFO  valid result: 
recall@10 : 0.1766    mrr@10 : 0.3269    ndcg@10 : 0.1939    hit@10 : 0.6461    map@10 : 0.1069    precision@10 : 0.1308    gauc : 0.9508    itemcoverage@10 : 0.2681    averagepopularity@10 : 5663.9716    giniindex@10 : 0.9378    shannonentropy@10 : 0.0025    tailpercentage@10 : 0.0004
Wed 17 Apr 2024 13:44:00 INFO  Saving current: saved/ml-10m_50U10I/LINE/LINE-Apr-17-2024_13-27-41.pth
Wed 17 Apr 2024 13:44:19 INFO  epoch 6 training [time: 18.92s, train loss: 3362.5400]
Wed 17 Apr 2024 13:46:35 INFO  epoch 6 evaluating [time: 136.32s, valid_score: 0.323700]
Wed 17 Apr 2024 13:46:35 INFO  valid result: 
recall@10 : 0.1731    mrr@10 : 0.3237    ndcg@10 : 0.1901    hit@10 : 0.6422    map@10 : 0.1043    precision@10 : 0.1277    gauc : 0.9511    itemcoverage@10 : 0.3039    averagepopularity@10 : 5208.437    giniindex@10 : 0.9262    shannonentropy@10 : 0.0023    tailpercentage@10 : 0.0004
Wed 17 Apr 2024 13:46:54 INFO  epoch 7 training [time: 19.02s, train loss: 3256.2333]
Wed 17 Apr 2024 13:49:10 INFO  epoch 7 evaluating [time: 136.31s, valid_score: 0.323700]
Wed 17 Apr 2024 13:49:10 INFO  valid result: 
recall@10 : 0.1729    mrr@10 : 0.3237    ndcg@10 : 0.1901    hit@10 : 0.6437    map@10 : 0.1043    precision@10 : 0.1278    gauc : 0.952    itemcoverage@10 : 0.331    averagepopularity@10 : 5044.1892    giniindex@10 : 0.919    shannonentropy@10 : 0.0021    tailpercentage@10 : 0.0003
Wed 17 Apr 2024 13:49:29 INFO  epoch 8 training [time: 19.01s, train loss: 3137.4818]
Wed 17 Apr 2024 13:51:46 INFO  epoch 8 evaluating [time: 136.19s, valid_score: 0.323900]
Wed 17 Apr 2024 13:51:46 INFO  valid result: 
recall@10 : 0.1717    mrr@10 : 0.3239    ndcg@10 : 0.1892    hit@10 : 0.6433    map@10 : 0.1034    precision@10 : 0.1272    gauc : 0.9527    itemcoverage@10 : 0.3555    averagepopularity@10 : 4917.5076    giniindex@10 : 0.9134    shannonentropy@10 : 0.002    tailpercentage@10 : 0.0003
Wed 17 Apr 2024 13:52:05 INFO  epoch 9 training [time: 19.01s, train loss: 3065.0225]
Wed 17 Apr 2024 13:54:21 INFO  epoch 9 evaluating [time: 136.00s, valid_score: 0.320100]
Wed 17 Apr 2024 13:54:21 INFO  valid result: 
recall@10 : 0.1682    mrr@10 : 0.3201    ndcg@10 : 0.1862    hit@10 : 0.6389    map@10 : 0.1013    precision@10 : 0.1256    gauc : 0.9526    itemcoverage@10 : 0.3796    averagepopularity@10 : 4732.9024    giniindex@10 : 0.9071    shannonentropy@10 : 0.0019    tailpercentage@10 : 0.0003
Wed 17 Apr 2024 13:54:40 INFO  epoch 10 training [time: 19.04s, train loss: 3003.1125]
Wed 17 Apr 2024 13:56:56 INFO  epoch 10 evaluating [time: 136.49s, valid_score: 0.317700]
Wed 17 Apr 2024 13:56:56 INFO  valid result: 
recall@10 : 0.1659    mrr@10 : 0.3177    ndcg@10 : 0.1839    hit@10 : 0.6375    map@10 : 0.0995    precision@10 : 0.1246    gauc : 0.9523    itemcoverage@10 : 0.4026    averagepopularity@10 : 4619.3575    giniindex@10 : 0.9016    shannonentropy@10 : 0.0018    tailpercentage@10 : 0.0004
Wed 17 Apr 2024 13:57:15 INFO  epoch 11 training [time: 19.06s, train loss: 2928.4884]
Wed 17 Apr 2024 13:59:32 INFO  epoch 11 evaluating [time: 136.61s, valid_score: 0.314500]
Wed 17 Apr 2024 13:59:32 INFO  valid result: 
recall@10 : 0.1622    mrr@10 : 0.3145    ndcg@10 : 0.1809    hit@10 : 0.6308    map@10 : 0.0975    precision@10 : 0.1226    gauc : 0.9514    itemcoverage@10 : 0.4267    averagepopularity@10 : 4468.6082    giniindex@10 : 0.895    shannonentropy@10 : 0.0017    tailpercentage@10 : 0.0004
Wed 17 Apr 2024 13:59:51 INFO  epoch 12 training [time: 18.92s, train loss: 2836.4234]
Wed 17 Apr 2024 14:03:47 INFO  epoch 12 evaluating [time: 235.85s, valid_score: 0.312900]
Wed 17 Apr 2024 14:03:47 INFO  valid result: 
recall@10 : 0.1597    mrr@10 : 0.3129    ndcg@10 : 0.1794    hit@10 : 0.6293    map@10 : 0.0962    precision@10 : 0.1226    gauc : 0.9515    itemcoverage@10 : 0.4401    averagepopularity@10 : 4433.6987    giniindex@10 : 0.8934    shannonentropy@10 : 0.0016    tailpercentage@10 : 0.0003
Wed 17 Apr 2024 14:04:06 INFO  epoch 13 training [time: 19.17s, train loss: 2784.2973]
Wed 17 Apr 2024 14:06:22 INFO  epoch 13 evaluating [time: 136.65s, valid_score: 0.310400]
Wed 17 Apr 2024 14:06:22 INFO  valid result: 
recall@10 : 0.1577    mrr@10 : 0.3104    ndcg@10 : 0.1773    hit@10 : 0.6273    map@10 : 0.0948    precision@10 : 0.1213    gauc : 0.9509    itemcoverage@10 : 0.4552    averagepopularity@10 : 4371.1166    giniindex@10 : 0.8896    shannonentropy@10 : 0.0016    tailpercentage@10 : 0.0003
Wed 17 Apr 2024 14:06:41 INFO  epoch 14 training [time: 19.00s, train loss: 2736.7421]
Wed 17 Apr 2024 14:08:58 INFO  epoch 14 evaluating [time: 136.22s, valid_score: 0.309300]
Wed 17 Apr 2024 14:08:58 INFO  valid result: 
recall@10 : 0.1559    mrr@10 : 0.3093    ndcg@10 : 0.1762    hit@10 : 0.6257    map@10 : 0.0939    precision@10 : 0.1211    gauc : 0.9504    itemcoverage@10 : 0.4756    averagepopularity@10 : 4347.1498    giniindex@10 : 0.887    shannonentropy@10 : 0.0015    tailpercentage@10 : 0.0003
Wed 17 Apr 2024 14:09:17 INFO  epoch 15 training [time: 19.00s, train loss: 2685.8494]
Wed 17 Apr 2024 14:11:34 INFO  epoch 15 evaluating [time: 137.14s, valid_score: 0.305600]
Wed 17 Apr 2024 14:11:34 INFO  valid result: 
recall@10 : 0.1528    mrr@10 : 0.3056    ndcg@10 : 0.1736    hit@10 : 0.6197    map@10 : 0.0923    precision@10 : 0.1194    gauc : 0.9495    itemcoverage@10 : 0.4931    averagepopularity@10 : 4283.6142    giniindex@10 : 0.8834    shannonentropy@10 : 0.0015    tailpercentage@10 : 0.0003
Wed 17 Apr 2024 14:11:53 INFO  epoch 16 training [time: 19.12s, train loss: 2649.0859]
Wed 17 Apr 2024 14:14:12 INFO  epoch 16 evaluating [time: 139.26s, valid_score: 0.304200]
Wed 17 Apr 2024 14:14:12 INFO  valid result: 
recall@10 : 0.1511    mrr@10 : 0.3042    ndcg@10 : 0.1722    hit@10 : 0.6158    map@10 : 0.0913    precision@10 : 0.1188    gauc : 0.9489    itemcoverage@10 : 0.5112    averagepopularity@10 : 4274.8676    giniindex@10 : 0.8808    shannonentropy@10 : 0.0014    tailpercentage@10 : 0.0003
Wed 17 Apr 2024 14:14:12 INFO  Finished training, best eval result in epoch 5
Wed 17 Apr 2024 14:14:14 INFO  Loading model structure and parameters from saved/ml-10m_50U10I/LINE/LINE-Apr-17-2024_13-27-41.pth
Wed 17 Apr 2024 14:16:35 INFO  The running environment of this training is as follows:
+-------------+----------------+
| Environment |     Usage      |
+=============+================+
| CPU         |     5.50 %     |
+-------------+----------------+
| GPU         | 0.26 G/15.57 G |
+-------------+----------------+
| Memory      | 3.66 G/27.41 G |
+-------------+----------------+
Wed 17 Apr 2024 14:16:35 INFO  best valid : OrderedDict([('recall@10', 0.1766), ('mrr@10', 0.3269), ('ndcg@10', 0.1939), ('hit@10', 0.6461), ('map@10', 0.1069), ('precision@10', 0.1308), ('gauc', 0.9508), ('itemcoverage@10', 0.2681), ('averagepopularity@10', 5663.9716), ('giniindex@10', 0.9378), ('shannonentropy@10', 0.0025), ('tailpercentage@10', 0.0004)])
Wed 17 Apr 2024 14:16:35 INFO  test result: OrderedDict([('recall@10', 0.1934), ('mrr@10', 0.3883), ('ndcg@10', 0.2339), ('hit@10', 0.6687), ('map@10', 0.1419), ('precision@10', 0.1567), ('gauc', 0.953), ('itemcoverage@10', 0.2784), ('averagepopularity@10', 5371.8317), ('giniindex@10', 0.9331), ('shannonentropy@10', 0.0024), ('tailpercentage@10', 0.0004)])
Wed 17 Apr 2024 14:16:39 INFO  
General Hyper Parameters:
gpu_id = 0
use_gpu = True
seed = 2020
state = INFO
reproducibility = True
data_path = data/ml-10m_50U10I
checkpoint_dir = saved/ml-10m_50U10I/LINE
show_progress = True
save_dataset = False
dataset_save_path = None
save_dataloaders = False
dataloaders_save_path = None
log_wandb = False

Training Hyper Parameters:
epochs = 200
train_batch_size = 2048
learner = adam
learning_rate = 0.001
train_neg_sample_args = {'distribution': 'uniform', 'sample_num': 1, 'dynamic': False, 'candidate_num': 0, 'alpha': 1.0}
eval_step = 1
stopping_step = 10
clip_grad_norm = None
weight_decay = 0.0
loss_decimal_place = 4

Evaluation Hyper Parameters:
eval_args = {'split': {'RS': [0.8, 0.1, 0.1]}, 'order': 'RO', 'group_by': 'user', 'mode': {'valid': 'full', 'test': 'full'}}
repeatable = False
metrics = ['Recall', 'MRR', 'NDCG', 'Hit', 'MAP', 'Precision', 'GAUC', 'ItemCoverage', 'AveragePopularity', 'GiniIndex', 'ShannonEntropy', 'TailPercentage']
topk = [10]
valid_metric = MRR@10
valid_metric_bigger = True
eval_batch_size = 4096
metric_decimal_place = 4

Dataset Hyper Parameters:
field_separator = 	
seq_separator =  
USER_ID_FIELD = user_id
ITEM_ID_FIELD = item_id
RATING_FIELD = rating
TIME_FIELD = timestamp
seq_len = None
LABEL_FIELD = label
threshold = None
NEG_PREFIX = neg_
load_col = {'inter': ['user_id', 'item_id']}
unload_col = None
unused_col = None
additional_feat_suffix = None
rm_dup_inter = None
val_interval = None
filter_inter_by_user_or_item = True
user_inter_num_interval = [0,inf)
item_inter_num_interval = [0,inf)
alias_of_user_id = None
alias_of_item_id = None
alias_of_entity_id = None
alias_of_relation_id = None
preload_weight = None
normalize_field = None
normalize_all = None
ITEM_LIST_LENGTH_FIELD = item_length
LIST_SUFFIX = _list
MAX_ITEM_LIST_LENGTH = 50
POSITION_FIELD = position_id
HEAD_ENTITY_ID_FIELD = head_id
TAIL_ENTITY_ID_FIELD = tail_id
RELATION_ID_FIELD = relation_id
ENTITY_ID_FIELD = entity_id
benchmark_filename = None

Other Hyper Parameters: 
worker = 0
wandb_project = recbole
shuffle = True
require_pow = False
enable_amp = False
enable_scaler = False
transform = None
embedding_size = 64
order = 2
second_order_loss_weight = 1.0
numerical_features = []
discretization = None
kg_reverse_r = False
entity_kg_num_interval = [0,inf)
relation_kg_num_interval = [0,inf)
MODEL_TYPE = ModelType.GENERAL
encoding = utf-8
device = cuda
my_log_file = /mnt/batch/tasks/shared/LS_root/mounts/clusters/fontanagpu/code/sustainability-of-recsys/log/carbon_default.log
MODEL_INPUT_TYPE = InputType.PAIRWISE
eval_type = EvaluatorType.RANKING
single_spec = True
local_rank = 0
valid_neg_sample_args = {'distribution': 'uniform', 'sample_num': 'none'}
test_neg_sample_args = {'distribution': 'uniform', 'sample_num': 'none'}


Wed 17 Apr 2024 14:17:00 INFO  ml-10m_50U10I
The number of users: 50001
Average actions of users: 141.07548
The number of items: 10001
Average actions of items: 705.3774
The number of inters: 7053774
The sparsity of the dataset: 98.5894144730844%
Remain Fields: ['user_id', 'item_id']
Wed 17 Apr 2024 14:17:19 INFO  [Training]: train_batch_size = [2048] train_neg_sample_args: [{'distribution': 'uniform', 'sample_num': 1, 'dynamic': False, 'candidate_num': 0, 'alpha': 1.0}]
Wed 17 Apr 2024 14:17:19 INFO  [Evaluation]: eval_batch_size = [4096] eval_args: [{'split': {'RS': [0.8, 0.1, 0.1]}, 'order': 'RO', 'group_by': 'user', 'mode': {'valid': 'full', 'test': 'full'}}]
Wed 17 Apr 2024 14:17:24 INFO  Loading model structure and parameters from saved/ml-10m_50U10I/LINE/LINE-Apr-17-2024_13-27-41.pth
