Wed 15 May 2024 13:13:03 INFO  ['src/default_tracker2.py', '--dataset=mind', '--model=LINE', '--max_emission_step=-1', '--ratio_tolerance=-1']
Wed 15 May 2024 13:13:03 INFO  
General Hyper Parameters:
gpu_id = 0
use_gpu = True
seed = 2020
state = INFO
reproducibility = True
data_path = data/mind
checkpoint_dir = saved/mind/LINE
show_progress = True
save_dataset = False
dataset_save_path = None
save_dataloaders = False
dataloaders_save_path = None
log_wandb = False

Training Hyper Parameters:
epochs = 200
train_batch_size = 2048
learner = adam
learning_rate = 0.001
train_neg_sample_args = {'distribution': 'uniform', 'sample_num': 1, 'dynamic': False, 'candidate_num': 0, 'alpha': 1.0}
eval_step = 1
stopping_step = 10
clip_grad_norm = None
weight_decay = 0.0
loss_decimal_place = 4

Evaluation Hyper Parameters:
eval_args = {'split': {'RS': [0.8, 0.1, 0.1]}, 'order': 'RO', 'group_by': 'user', 'mode': {'valid': 'full', 'test': 'full'}}
repeatable = False
metrics = ['Recall', 'MRR', 'NDCG', 'Hit', 'MAP', 'Precision', 'GAUC', 'ItemCoverage', 'AveragePopularity', 'GiniIndex', 'ShannonEntropy', 'TailPercentage']
topk = [10]
valid_metric = MRR@10
valid_metric_bigger = True
eval_batch_size = 4096
metric_decimal_place = 4

Dataset Hyper Parameters:
field_separator = 	
seq_separator =  
USER_ID_FIELD = user_id
ITEM_ID_FIELD = item_id
RATING_FIELD = rating
TIME_FIELD = timestamp
seq_len = None
LABEL_FIELD = label
threshold = None
NEG_PREFIX = neg_
load_col = {'inter': ['user_id', 'item_id']}
unload_col = None
unused_col = None
additional_feat_suffix = None
rm_dup_inter = None
val_interval = None
filter_inter_by_user_or_item = True
user_inter_num_interval = [0,inf)
item_inter_num_interval = [0,inf)
alias_of_user_id = None
alias_of_item_id = None
alias_of_entity_id = None
alias_of_relation_id = None
preload_weight = None
normalize_field = None
normalize_all = None
ITEM_LIST_LENGTH_FIELD = item_length
LIST_SUFFIX = _list
MAX_ITEM_LIST_LENGTH = 50
POSITION_FIELD = position_id
HEAD_ENTITY_ID_FIELD = head_id
TAIL_ENTITY_ID_FIELD = tail_id
RELATION_ID_FIELD = relation_id
ENTITY_ID_FIELD = entity_id
benchmark_filename = None

Other Hyper Parameters: 
worker = 0
wandb_project = recbole
shuffle = True
require_pow = False
enable_amp = False
enable_scaler = False
transform = None
embedding_size = 64
order = 2
second_order_loss_weight = 1.0
numerical_features = []
discretization = None
kg_reverse_r = False
entity_kg_num_interval = [0,inf)
relation_kg_num_interval = [0,inf)
MODEL_TYPE = ModelType.GENERAL
encoding = utf-8
device = cuda:1
my_log_file = /home/fontana/Tesi/log/carbon_default.log
max_emission_step = -1
ratio_tolerance = -1
MODEL_INPUT_TYPE = InputType.PAIRWISE
eval_type = EvaluatorType.RANKING
single_spec = True
local_rank = 0
valid_neg_sample_args = {'distribution': 'uniform', 'sample_num': 'none'}
test_neg_sample_args = {'distribution': 'uniform', 'sample_num': 'none'}


Wed 15 May 2024 13:13:07 INFO  mind
The number of users: 23680
Average actions of users: 44.282908906626126
The number of items: 4415
Average actions of items: 237.55663797009515
The number of inters: 1048575
The sparsity of the dataset: 98.9970319625968%
Remain Fields: ['user_id', 'item_id']
Wed 15 May 2024 13:13:10 INFO  [Training]: train_batch_size = [2048] train_neg_sample_args: [{'distribution': 'uniform', 'sample_num': 1, 'dynamic': False, 'candidate_num': 0, 'alpha': 1.0}]
Wed 15 May 2024 13:13:10 INFO  [Evaluation]: eval_batch_size = [4096] eval_args: [{'split': {'RS': [0.8, 0.1, 0.1]}, 'order': 'RO', 'group_by': 'user', 'mode': {'valid': 'full', 'test': 'full'}}]
Wed 15 May 2024 13:13:13 INFO  LINE(
  (user_embedding): Embedding(23680, 64)
  (item_embedding): Embedding(4415, 64)
  (user_context_embedding): Embedding(23680, 64)
  (item_context_embedding): Embedding(4415, 64)
  (loss_fct): NegSamplingLoss()
)
Trainable parameters: 3596160
Wed 15 May 2024 13:13:17 INFO  FLOPs: 128.0
Wed 15 May 2024 13:13:26 INFO  epoch 0 training [time: 4.17s, train loss: 1034.4835]
Wed 15 May 2024 13:14:24 INFO  epoch 0 evaluating [time: 57.97s, valid_score: 0.365800]
Wed 15 May 2024 13:14:24 INFO  valid result: 
recall@10 : 0.3238    mrr@10 : 0.3658    ndcg@10 : 0.2718    hit@10 : 0.6177    map@10 : 0.1909    precision@10 : 0.1089    gauc : 0.929    itemcoverage@10 : 0.0978    averagepopularity@10 : 3579.0802    giniindex@10 : 0.976    shannonentropy@10 : 0.0115    tailpercentage@10 : 0.039
Wed 15 May 2024 13:14:24 INFO  Saving current: saved/mind/LINE/LINE-May-15-2024_13-13-17.pth
Wed 15 May 2024 13:14:29 INFO  epoch 1 training [time: 4.10s, train loss: 739.2588]
Wed 15 May 2024 13:15:26 INFO  epoch 1 evaluating [time: 57.49s, valid_score: 0.433500]
Wed 15 May 2024 13:15:26 INFO  valid result: 
recall@10 : 0.406    mrr@10 : 0.4335    ndcg@10 : 0.3392    hit@10 : 0.7004    map@10 : 0.2481    precision@10 : 0.1283    gauc : 0.9458    itemcoverage@10 : 0.0858    averagepopularity@10 : 3756.2952    giniindex@10 : 0.9746    shannonentropy@10 : 0.0132    tailpercentage@10 : 0.031
Wed 15 May 2024 13:15:26 INFO  Saving current: saved/mind/LINE/LINE-May-15-2024_13-13-17.pth
Wed 15 May 2024 13:15:30 INFO  epoch 2 training [time: 3.94s, train loss: 649.8963]
Wed 15 May 2024 13:16:28 INFO  epoch 2 evaluating [time: 57.83s, valid_score: 0.464600]
Wed 15 May 2024 13:16:28 INFO  valid result: 
recall@10 : 0.4456    mrr@10 : 0.4646    ndcg@10 : 0.3703    hit@10 : 0.7389    map@10 : 0.2739    precision@10 : 0.1383    gauc : 0.9541    itemcoverage@10 : 0.0845    averagepopularity@10 : 3842.59    giniindex@10 : 0.9741    shannonentropy@10 : 0.0135    tailpercentage@10 : 0.0324
Wed 15 May 2024 13:16:28 INFO  Saving current: saved/mind/LINE/LINE-May-15-2024_13-13-17.pth
Wed 15 May 2024 13:16:32 INFO  epoch 3 training [time: 3.98s, train loss: 615.5082]
Wed 15 May 2024 13:17:30 INFO  epoch 3 evaluating [time: 57.89s, valid_score: 0.476900]
Wed 15 May 2024 13:17:30 INFO  valid result: 
recall@10 : 0.4654    mrr@10 : 0.4769    ndcg@10 : 0.3848    hit@10 : 0.7558    map@10 : 0.2856    precision@10 : 0.1437    gauc : 0.9572    itemcoverage@10 : 0.0922    averagepopularity@10 : 3796.9292    giniindex@10 : 0.9725    shannonentropy@10 : 0.0125    tailpercentage@10 : 0.0326
Wed 15 May 2024 13:17:30 INFO  Saving current: saved/mind/LINE/LINE-May-15-2024_13-13-17.pth
Wed 15 May 2024 13:17:35 INFO  epoch 4 training [time: 4.12s, train loss: 574.6619]
Wed 15 May 2024 13:18:32 INFO  epoch 4 evaluating [time: 57.76s, valid_score: 0.487900]
Wed 15 May 2024 13:18:32 INFO  valid result: 
recall@10 : 0.4735    mrr@10 : 0.4879    ndcg@10 : 0.3953    hit@10 : 0.7617    map@10 : 0.2963    precision@10 : 0.146    gauc : 0.9589    itemcoverage@10 : 0.1065    averagepopularity@10 : 3646.1333    giniindex@10 : 0.9699    shannonentropy@10 : 0.0111    tailpercentage@10 : 0.0424
Wed 15 May 2024 13:18:33 INFO  Saving current: saved/mind/LINE/LINE-May-15-2024_13-13-17.pth
Wed 15 May 2024 13:18:37 INFO  epoch 5 training [time: 4.05s, train loss: 521.7311]
Wed 15 May 2024 13:19:34 INFO  epoch 5 evaluating [time: 57.30s, valid_score: 0.494700]
Wed 15 May 2024 13:19:34 INFO  valid result: 
recall@10 : 0.4891    mrr@10 : 0.4947    ndcg@10 : 0.4062    hit@10 : 0.7748    map@10 : 0.3058    precision@10 : 0.1492    gauc : 0.9617    itemcoverage@10 : 0.1166    averagepopularity@10 : 3516.4765    giniindex@10 : 0.9667    shannonentropy@10 : 0.0103    tailpercentage@10 : 0.0235
Wed 15 May 2024 13:19:34 INFO  Saving current: saved/mind/LINE/LINE-May-15-2024_13-13-17.pth
Wed 15 May 2024 13:19:38 INFO  epoch 6 training [time: 4.03s, train loss: 485.9818]
Wed 15 May 2024 13:20:36 INFO  epoch 6 evaluating [time: 58.21s, valid_score: 0.502000]
Wed 15 May 2024 13:20:36 INFO  valid result: 
recall@10 : 0.5009    mrr@10 : 0.502    ndcg@10 : 0.4162    hit@10 : 0.7846    map@10 : 0.3153    precision@10 : 0.1516    gauc : 0.9641    itemcoverage@10 : 0.1282    averagepopularity@10 : 3390.7175    giniindex@10 : 0.9632    shannonentropy@10 : 0.0095    tailpercentage@10 : 0.017
Wed 15 May 2024 13:20:37 INFO  Saving current: saved/mind/LINE/LINE-May-15-2024_13-13-17.pth
Wed 15 May 2024 13:20:41 INFO  epoch 7 training [time: 4.15s, train loss: 455.5288]
Wed 15 May 2024 13:21:39 INFO  epoch 7 evaluating [time: 58.26s, valid_score: 0.507300]
Wed 15 May 2024 13:21:39 INFO  valid result: 
recall@10 : 0.5096    mrr@10 : 0.5073    ndcg@10 : 0.4233    hit@10 : 0.7928    map@10 : 0.3218    precision@10 : 0.1534    gauc : 0.9661    itemcoverage@10 : 0.1379    averagepopularity@10 : 3229.0247    giniindex@10 : 0.9598    shannonentropy@10 : 0.009    tailpercentage@10 : 0.0219
Wed 15 May 2024 13:21:39 INFO  Saving current: saved/mind/LINE/LINE-May-15-2024_13-13-17.pth
Wed 15 May 2024 13:21:43 INFO  epoch 8 training [time: 4.07s, train loss: 417.5973]
Wed 15 May 2024 13:22:42 INFO  epoch 8 evaluating [time: 58.39s, valid_score: 0.514100]
Wed 15 May 2024 13:22:42 INFO  valid result: 
recall@10 : 0.5228    mrr@10 : 0.5141    ndcg@10 : 0.4332    hit@10 : 0.804    map@10 : 0.3307    precision@10 : 0.1561    gauc : 0.9689    itemcoverage@10 : 0.1454    averagepopularity@10 : 3209.5556    giniindex@10 : 0.9589    shannonentropy@10 : 0.0086    tailpercentage@10 : 0.0182
Wed 15 May 2024 13:22:42 INFO  Saving current: saved/mind/LINE/LINE-May-15-2024_13-13-17.pth
Wed 15 May 2024 13:22:46 INFO  epoch 9 training [time: 4.14s, train loss: 405.3251]
Wed 15 May 2024 13:23:45 INFO  epoch 9 evaluating [time: 58.34s, valid_score: 0.518900]
Wed 15 May 2024 13:23:45 INFO  valid result: 
recall@10 : 0.5279    mrr@10 : 0.5189    ndcg@10 : 0.4374    hit@10 : 0.8091    map@10 : 0.3343    precision@10 : 0.1569    gauc : 0.9706    itemcoverage@10 : 0.147    averagepopularity@10 : 3108.6754    giniindex@10 : 0.9559    shannonentropy@10 : 0.0086    tailpercentage@10 : 0.0118
Wed 15 May 2024 13:23:45 INFO  Saving current: saved/mind/LINE/LINE-May-15-2024_13-13-17.pth
Wed 15 May 2024 13:23:49 INFO  epoch 10 training [time: 4.12s, train loss: 377.1954]
Wed 15 May 2024 13:24:47 INFO  epoch 10 evaluating [time: 58.03s, valid_score: 0.525300]
Wed 15 May 2024 13:24:47 INFO  valid result: 
recall@10 : 0.5375    mrr@10 : 0.5253    ndcg@10 : 0.4442    hit@10 : 0.819    map@10 : 0.3399    precision@10 : 0.1589    gauc : 0.9731    itemcoverage@10 : 0.1499    averagepopularity@10 : 3121.3393    giniindex@10 : 0.9559    shannonentropy@10 : 0.0084    tailpercentage@10 : 0.0114
Wed 15 May 2024 13:24:47 INFO  Saving current: saved/mind/LINE/LINE-May-15-2024_13-13-17.pth
Wed 15 May 2024 13:24:51 INFO  epoch 11 training [time: 4.12s, train loss: 357.9205]
Wed 15 May 2024 13:25:50 INFO  epoch 11 evaluating [time: 58.20s, valid_score: 0.527000]
Wed 15 May 2024 13:25:50 INFO  valid result: 
recall@10 : 0.5387    mrr@10 : 0.527    ndcg@10 : 0.4458    hit@10 : 0.8208    map@10 : 0.3416    precision@10 : 0.1589    gauc : 0.9741    itemcoverage@10 : 0.1595    averagepopularity@10 : 3023.8474    giniindex@10 : 0.9533    shannonentropy@10 : 0.008    tailpercentage@10 : 0.0094
Wed 15 May 2024 13:25:50 INFO  Saving current: saved/mind/LINE/LINE-May-15-2024_13-13-17.pth
Wed 15 May 2024 13:25:54 INFO  epoch 12 training [time: 4.11s, train loss: 344.8638]
Wed 15 May 2024 13:26:52 INFO  epoch 12 evaluating [time: 57.96s, valid_score: 0.526800]
Wed 15 May 2024 13:26:52 INFO  valid result: 
recall@10 : 0.535    mrr@10 : 0.5268    ndcg@10 : 0.4445    hit@10 : 0.8188    map@10 : 0.3407    precision@10 : 0.1588    gauc : 0.9744    itemcoverage@10 : 0.1694    averagepopularity@10 : 2920.7824    giniindex@10 : 0.9506    shannonentropy@10 : 0.0076    tailpercentage@10 : 0.0072
Wed 15 May 2024 13:26:56 INFO  epoch 13 training [time: 4.11s, train loss: 334.3439]
Wed 15 May 2024 13:27:54 INFO  epoch 13 evaluating [time: 58.53s, valid_score: 0.524000]
Wed 15 May 2024 13:27:54 INFO  valid result: 
recall@10 : 0.5302    mrr@10 : 0.524    ndcg@10 : 0.4407    hit@10 : 0.8158    map@10 : 0.3373    precision@10 : 0.1576    gauc : 0.9743    itemcoverage@10 : 0.1803    averagepopularity@10 : 2804.5406    giniindex@10 : 0.9483    shannonentropy@10 : 0.0072    tailpercentage@10 : 0.0054
Wed 15 May 2024 13:27:59 INFO  epoch 14 training [time: 4.15s, train loss: 324.6309]
Wed 15 May 2024 13:28:56 INFO  epoch 14 evaluating [time: 57.79s, valid_score: 0.522500]
Wed 15 May 2024 13:28:56 INFO  valid result: 
recall@10 : 0.5288    mrr@10 : 0.5225    ndcg@10 : 0.4387    hit@10 : 0.8152    map@10 : 0.3348    precision@10 : 0.1583    gauc : 0.9742    itemcoverage@10 : 0.1907    averagepopularity@10 : 2729.7249    giniindex@10 : 0.9463    shannonentropy@10 : 0.0068    tailpercentage@10 : 0.0052
Wed 15 May 2024 13:29:01 INFO  epoch 15 training [time: 4.13s, train loss: 305.0322]
Wed 15 May 2024 13:29:59 INFO  epoch 15 evaluating [time: 58.10s, valid_score: 0.520700]
Wed 15 May 2024 13:29:59 INFO  valid result: 
recall@10 : 0.5286    mrr@10 : 0.5207    ndcg@10 : 0.4377    hit@10 : 0.8138    map@10 : 0.3335    precision@10 : 0.1586    gauc : 0.9747    itemcoverage@10 : 0.193    averagepopularity@10 : 2704.9793    giniindex@10 : 0.9459    shannonentropy@10 : 0.0068    tailpercentage@10 : 0.0026
Wed 15 May 2024 13:30:03 INFO  epoch 16 training [time: 4.11s, train loss: 296.7413]
Wed 15 May 2024 13:31:01 INFO  epoch 16 evaluating [time: 58.30s, valid_score: 0.520300]
Wed 15 May 2024 13:31:01 INFO  valid result: 
recall@10 : 0.5248    mrr@10 : 0.5203    ndcg@10 : 0.4358    hit@10 : 0.8131    map@10 : 0.3318    precision@10 : 0.1585    gauc : 0.9749    itemcoverage@10 : 0.1995    averagepopularity@10 : 2659.5433    giniindex@10 : 0.9443    shannonentropy@10 : 0.0066    tailpercentage@10 : 0.003
Wed 15 May 2024 13:31:05 INFO  epoch 17 training [time: 4.14s, train loss: 288.7788]
Wed 15 May 2024 13:32:04 INFO  epoch 17 evaluating [time: 58.46s, valid_score: 0.516300]
Wed 15 May 2024 13:32:04 INFO  valid result: 
recall@10 : 0.5166    mrr@10 : 0.5163    ndcg@10 : 0.4304    hit@10 : 0.8051    map@10 : 0.3273    precision@10 : 0.1573    gauc : 0.9741    itemcoverage@10 : 0.2113    averagepopularity@10 : 2551.8489    giniindex@10 : 0.9407    shannonentropy@10 : 0.0063    tailpercentage@10 : 0.0028
Wed 15 May 2024 13:32:07 INFO  epoch 18 training [time: 3.71s, train loss: 275.5835]
Wed 15 May 2024 13:33:05 INFO  epoch 18 evaluating [time: 57.79s, valid_score: 0.514900]
Wed 15 May 2024 13:33:05 INFO  valid result: 
recall@10 : 0.5115    mrr@10 : 0.5149    ndcg@10 : 0.4279    hit@10 : 0.8001    map@10 : 0.3256    precision@10 : 0.1566    gauc : 0.9742    itemcoverage@10 : 0.2154    averagepopularity@10 : 2513.1897    giniindex@10 : 0.94    shannonentropy@10 : 0.0062    tailpercentage@10 : 0.0025
Wed 15 May 2024 13:33:09 INFO  epoch 19 training [time: 4.14s, train loss: 269.5967]
Wed 15 May 2024 13:34:07 INFO  epoch 19 evaluating [time: 57.93s, valid_score: 0.510900]
Wed 15 May 2024 13:34:07 INFO  valid result: 
recall@10 : 0.5056    mrr@10 : 0.5109    ndcg@10 : 0.4229    hit@10 : 0.7961    map@10 : 0.3208    precision@10 : 0.1561    gauc : 0.9737    itemcoverage@10 : 0.2174    averagepopularity@10 : 2453.7624    giniindex@10 : 0.9387    shannonentropy@10 : 0.0061    tailpercentage@10 : 0.002
Wed 15 May 2024 13:34:11 INFO  epoch 20 training [time: 3.80s, train loss: 264.6156]
Wed 15 May 2024 13:35:09 INFO  epoch 20 evaluating [time: 57.71s, valid_score: 0.507800]
Wed 15 May 2024 13:35:09 INFO  valid result: 
recall@10 : 0.4984    mrr@10 : 0.5078    ndcg@10 : 0.4185    hit@10 : 0.7879    map@10 : 0.3175    precision@10 : 0.155    gauc : 0.9729    itemcoverage@10 : 0.2299    averagepopularity@10 : 2359.9589    giniindex@10 : 0.9355    shannonentropy@10 : 0.0059    tailpercentage@10 : 0.0018
Wed 15 May 2024 13:35:13 INFO  epoch 21 training [time: 4.12s, train loss: 254.3768]
Wed 15 May 2024 13:36:10 INFO  epoch 21 evaluating [time: 57.57s, valid_score: 0.504100]
Wed 15 May 2024 13:36:10 INFO  valid result: 
recall@10 : 0.4932    mrr@10 : 0.5041    ndcg@10 : 0.4147    hit@10 : 0.7828    map@10 : 0.3142    precision@10 : 0.1542    gauc : 0.9726    itemcoverage@10 : 0.2371    averagepopularity@10 : 2325.7078    giniindex@10 : 0.9338    shannonentropy@10 : 0.0057    tailpercentage@10 : 0.0012
Wed 15 May 2024 13:36:15 INFO  epoch 22 training [time: 4.12s, train loss: 251.3625]
Wed 15 May 2024 13:37:13 INFO  epoch 22 evaluating [time: 58.18s, valid_score: 0.501400]
Wed 15 May 2024 13:37:13 INFO  valid result: 
recall@10 : 0.4868    mrr@10 : 0.5014    ndcg@10 : 0.4112    hit@10 : 0.7773    map@10 : 0.3116    precision@10 : 0.1535    gauc : 0.9718    itemcoverage@10 : 0.2476    averagepopularity@10 : 2256.7297    giniindex@10 : 0.9314    shannonentropy@10 : 0.0055    tailpercentage@10 : 0.0011
Wed 15 May 2024 13:37:13 INFO  Finished training, best eval result in epoch 11
Wed 15 May 2024 13:37:13 INFO  Loading model structure and parameters from saved/mind/LINE/LINE-May-15-2024_13-13-17.pth
Wed 15 May 2024 13:38:15 INFO  The running environment of this training is as follows:
+-------------+----------------+
| Environment |     Usage      |
+=============+================+
| CPU         |     0.40 %     |
+-------------+----------------+
| GPU         | 0.10 G/11.93 G |
+-------------+----------------+
| Memory      | 2.52 G/31.23 G |
+-------------+----------------+
Wed 15 May 2024 13:38:15 INFO  best valid : OrderedDict([('recall@10', 0.5387), ('mrr@10', 0.527), ('ndcg@10', 0.4458), ('hit@10', 0.8208), ('map@10', 0.3416), ('precision@10', 0.1589), ('gauc', 0.9741), ('itemcoverage@10', 0.1595), ('averagepopularity@10', 3023.8474), ('giniindex@10', 0.9533), ('shannonentropy@10', 0.008), ('tailpercentage@10', 0.0094)])
Wed 15 May 2024 13:38:15 INFO  test result: OrderedDict([('recall@10', 0.5359), ('mrr@10', 0.5968), ('ndcg@10', 0.4883), ('hit@10', 0.7953), ('map@10', 0.3963), ('precision@10', 0.1684), ('gauc', 0.9675), ('itemcoverage@10', 0.1667), ('averagepopularity@10', 2544.0052), ('giniindex@10', 0.947), ('shannonentropy@10', 0.0078), ('tailpercentage@10', 0.029)])
Wed 15 May 2024 13:38:16 INFO  
General Hyper Parameters:
gpu_id = 0
use_gpu = True
seed = 2020
state = INFO
reproducibility = True
data_path = data/mind
checkpoint_dir = saved/mind/LINE
show_progress = True
save_dataset = False
dataset_save_path = None
save_dataloaders = False
dataloaders_save_path = None
log_wandb = False

Training Hyper Parameters:
epochs = 200
train_batch_size = 2048
learner = adam
learning_rate = 0.001
train_neg_sample_args = {'distribution': 'uniform', 'sample_num': 1, 'dynamic': False, 'candidate_num': 0, 'alpha': 1.0}
eval_step = 1
stopping_step = 10
clip_grad_norm = None
weight_decay = 0.0
loss_decimal_place = 4

Evaluation Hyper Parameters:
eval_args = {'split': {'RS': [0.8, 0.1, 0.1]}, 'order': 'RO', 'group_by': 'user', 'mode': {'valid': 'full', 'test': 'full'}}
repeatable = False
metrics = ['Recall', 'MRR', 'NDCG', 'Hit', 'MAP', 'Precision', 'GAUC', 'ItemCoverage', 'AveragePopularity', 'GiniIndex', 'ShannonEntropy', 'TailPercentage']
topk = [10]
valid_metric = MRR@10
valid_metric_bigger = True
eval_batch_size = 4096
metric_decimal_place = 4

Dataset Hyper Parameters:
field_separator = 	
seq_separator =  
USER_ID_FIELD = user_id
ITEM_ID_FIELD = item_id
RATING_FIELD = rating
TIME_FIELD = timestamp
seq_len = None
LABEL_FIELD = label
threshold = None
NEG_PREFIX = neg_
load_col = {'inter': ['user_id', 'item_id']}
unload_col = None
unused_col = None
additional_feat_suffix = None
rm_dup_inter = None
val_interval = None
filter_inter_by_user_or_item = True
user_inter_num_interval = [0,inf)
item_inter_num_interval = [0,inf)
alias_of_user_id = None
alias_of_item_id = None
alias_of_entity_id = None
alias_of_relation_id = None
preload_weight = None
normalize_field = None
normalize_all = None
ITEM_LIST_LENGTH_FIELD = item_length
LIST_SUFFIX = _list
MAX_ITEM_LIST_LENGTH = 50
POSITION_FIELD = position_id
HEAD_ENTITY_ID_FIELD = head_id
TAIL_ENTITY_ID_FIELD = tail_id
RELATION_ID_FIELD = relation_id
ENTITY_ID_FIELD = entity_id
benchmark_filename = None

Other Hyper Parameters: 
worker = 0
wandb_project = recbole
shuffle = True
require_pow = False
enable_amp = False
enable_scaler = False
transform = None
embedding_size = 64
order = 2
second_order_loss_weight = 1.0
numerical_features = []
discretization = None
kg_reverse_r = False
entity_kg_num_interval = [0,inf)
relation_kg_num_interval = [0,inf)
MODEL_TYPE = ModelType.GENERAL
encoding = utf-8
device = cuda:1
my_log_file = /home/fontana/Tesi/log/carbon_default.log
max_emission_step = -1
ratio_tolerance = -1
MODEL_INPUT_TYPE = InputType.PAIRWISE
eval_type = EvaluatorType.RANKING
single_spec = True
local_rank = 0
valid_neg_sample_args = {'distribution': 'uniform', 'sample_num': 'none'}
test_neg_sample_args = {'distribution': 'uniform', 'sample_num': 'none'}


Wed 15 May 2024 13:38:20 INFO  mind
The number of users: 23680
Average actions of users: 44.282908906626126
The number of items: 4415
Average actions of items: 237.55663797009515
The number of inters: 1048575
The sparsity of the dataset: 98.9970319625968%
Remain Fields: ['user_id', 'item_id']
Wed 15 May 2024 13:38:23 INFO  [Training]: train_batch_size = [2048] train_neg_sample_args: [{'distribution': 'uniform', 'sample_num': 1, 'dynamic': False, 'candidate_num': 0, 'alpha': 1.0}]
Wed 15 May 2024 13:38:23 INFO  [Evaluation]: eval_batch_size = [4096] eval_args: [{'split': {'RS': [0.8, 0.1, 0.1]}, 'order': 'RO', 'group_by': 'user', 'mode': {'valid': 'full', 'test': 'full'}}]
Wed 15 May 2024 13:38:24 INFO  Loading model structure and parameters from saved/mind/LINE/LINE-May-15-2024_13-13-17.pth
