\BOOKMARK [1][-]{section.1}{\376\377\000I\000n\000t\000r\000o\000d\000u\000z\000i\000o\000n\000e}{}% 1
\BOOKMARK [1][-]{section.2}{\376\377\000D\000a\000t\000a\000s\000e\000t\000\040\000d\000e\000l\000\040\000r\000e\000g\000r\000e\000s\000s\000o\000r\000e}{}% 2
\BOOKMARK [2][-]{subsection.2.1}{\376\377\000D\000e\000s\000c\000r\000i\000z\000i\000o\000n\000e\000\040\000d\000e\000l\000l\000e\000\040\000f\000e\000a\000t\000u\000r\000e\000\040\000d\000i\000\040\000o\000u\000t\000p\000u\000t}{section.2}% 3
\BOOKMARK [2][-]{subsection.2.2}{\376\377\000D\000e\000s\000c\000r\000i\000z\000i\000o\000n\000e\000\040\000d\000e\000l\000l\000e\000\040\000f\000e\000a\000t\000u\000r\000e\000\040\000d\000i\000\040\000i\000n\000p\000u\000t}{section.2}% 4
\BOOKMARK [2][-]{subsection.2.3}{\376\377\000P\000r\000e\000-\000P\000r\000o\000c\000e\000s\000s\000i\000n\000g}{section.2}% 5
\BOOKMARK [1][-]{section.3}{\376\377\000M\000o\000d\000e\000l\000l\000i\000\040\000d\000i\000\040\000r\000e\000g\000r\000e\000s\000s\000i\000o\000n\000e}{}% 6
\BOOKMARK [2][-]{subsection.3.1}{\376\377\000I\000n\000t\000r\000o\000d\000u\000z\000i\000o\000n\000e\000\040\000a\000i\000\040\000r\000e\000g\000r\000e\000s\000s\000o\000r\000i}{section.3}% 7
\BOOKMARK [2][-]{subsection.3.2}{\376\377\000R\000e\000g\000r\000e\000s\000s\000o\000r\000i\000\040\000u\000t\000i\000l\000i\000z\000z\000a\000t\000i}{section.3}% 8
\BOOKMARK [3][-]{subsubsection.3.2.1}{\376\377\000S\000u\000p\000p\000o\000r\000t\000\040\000V\000e\000c\000t\000o\000r\000\040\000R\000e\000g\000r\000e\000s\000s\000i\000o\000n\000\040\000\050\000S\000V\000R\000\051}{subsection.3.2}% 9
\BOOKMARK [3][-]{subsubsection.3.2.2}{\376\377\000D\000e\000c\000i\000s\000i\000o\000n\000\040\000T\000r\000e\000e\000\040\000R\000e\000g\000r\000e\000s\000s\000o\000r}{subsection.3.2}% 10
\BOOKMARK [3][-]{subsubsection.3.2.3}{\376\377\000R\000a\000n\000d\000o\000m\000\040\000F\000o\000r\000e\000s\000t\000\040\000R\000e\000g\000r\000e\000s\000s\000o\000r}{subsection.3.2}% 11
\BOOKMARK [3][-]{subsubsection.3.2.4}{\376\377\000A\000d\000a\000B\000o\000o\000s\000t\000\040\000R\000e\000g\000r\000e\000s\000s\000o\000r}{subsection.3.2}% 12
\BOOKMARK [1][-]{section.4}{\376\377\000R\000i\000s\000u\000l\000t\000a\000t\000i}{}% 13
\BOOKMARK [2][-]{subsection.4.1}{\376\377\000R\000i\000s\000u\000l\000t\000a\000t\000i\000\040\000o\000t\000t\000e\000n\000u\000t\000i}{section.4}% 14
\BOOKMARK [2][-]{subsection.4.2}{\376\377\000A\000n\000a\000l\000i\000s\000i\000\040\000d\000e\000i\000\040\000r\000i\000s\000u\000l\000t\000a\000t\000i}{section.4}% 15
\BOOKMARK [2][-]{subsection.4.3}{\376\377\000C\000o\000n\000c\000l\000u\000s\000i\000o\000n\000i}{section.4}% 16
\BOOKMARK [1][-]{section.5}{\376\377\000S\000t\000a\000t\000i\000s\000t\000i\000c\000h\000e\000\040\000d\000e\000i\000\040\000d\000a\000t\000a\000s\000e\000t}{}% 17
\BOOKMARK [2][-]{subsection.5.1}{\376\377\000D\000a\000t\000a\000s\000e\000t\000\040\000o\000r\000i\000g\000i\000n\000a\000l\000e}{section.5}% 18
\BOOKMARK [2][-]{subsection.5.2}{\376\377\000P\000r\000o\000c\000e\000s\000s\000i\000n\000g\000\040\000d\000e\000l\000\040\000d\000a\000t\000a\000s\000e\000t}{section.5}% 19
\BOOKMARK [3][-]{subsubsection.5.2.1}{\376\377\000D\000e\000s\000c\000r\000i\000z\000i\000o\000n\000e\000\040\000p\000r\000o\000c\000e\000d\000i\000m\000e\000n\000t\000o}{subsection.5.2}% 20
\BOOKMARK [3][-]{subsubsection.5.2.2}{\376\377\000D\000a\000t\000a\000s\000e\000t\000\040\000c\000o\000r\000e\0005}{subsection.5.2}% 21
\BOOKMARK [3][-]{subsubsection.5.2.3}{\376\377\000D\000a\000t\000a\000s\000e\000t\000\040\0002\0000\000.\0000\0000\0000\000\040\000u\000s\000e\000r\000s\000,\000\040\0005\0000\000.\0000\0000\0000\000\040\000i\000t\000e\000m\000s}{subsection.5.2}% 22
\BOOKMARK [3][-]{subsubsection.5.2.4}{\376\377\000D\000a\000t\000a\000s\000e\000t\000\040\0007\0005\000\045}{subsection.5.2}% 23
\BOOKMARK [3][-]{subsubsection.5.2.5}{\376\377\000D\000a\000t\000a\000s\000e\000t\000\040\0005\0000\000\045}{subsection.5.2}% 24
\BOOKMARK [3][-]{subsubsection.5.2.6}{\376\377\000D\000a\000t\000a\000s\000e\000t\000\040\0002\0005\000\045}{subsection.5.2}% 25
\BOOKMARK [1][-]{section.6}{\376\377\000C\000o\000n\000f\000i\000g\000u\000r\000a\000z\000i\000o\000n\000e}{}% 26
\BOOKMARK [2][-]{subsection.6.1}{\376\377\000P\000a\000r\000a\000m\000e\000t\000r\000i\000\040\000d\000i\000\040\000r\000u\000n\000n\000i\000n\000g}{section.6}% 27
\BOOKMARK [1][-]{section.7}{\376\377\000E\000m\000i\000s\000s\000i\000o\000n\000i}{}% 28
\BOOKMARK [1][-]{section.8}{\376\377\000T\000r\000a\000d\000e\000-\000o\000f\000f}{}% 29
\BOOKMARK [2][-]{subsection.8.1}{\376\377\000I\000n\000t\000r\000o\000d\000u\000z\000i\000o\000n\000e}{section.8}% 30
\BOOKMARK [2][-]{subsection.8.2}{\376\377\000L\000F\000M\000-\0001\000b\000\137\000a\000r\000t\000i\000s\000t\000\137\0002\0000\000U\0005\0000\000I}{section.8}% 31
\BOOKMARK [2][-]{subsection.8.3}{\376\377\000L\000F\000M\000-\0001\000b\000\137\000a\000r\000t\000i\000s\000t\000\137\0002\0000\000U\0005\0000\000I\000\137\0007\0005\000s\000t\000r\000a\000t}{section.8}% 32
\BOOKMARK [2][-]{subsection.8.4}{\376\377\000L\000F\000M\000-\0001\000b\000\137\000a\000r\000t\000i\000s\000t\000\137\0002\0000\000U\0005\0000\000I\000\137\0005\0000\000s\000t\000r\000a\000t}{section.8}% 33
\BOOKMARK [2][-]{subsection.8.5}{\376\377\000L\000F\000M\000-\0001\000b\000\137\000a\000r\000t\000i\000s\000t\000\137\0002\0000\000U\0005\0000\000I\000\137\0002\0005\000s\000t\000r\000a\000t}{section.8}% 34
\BOOKMARK [1][-]{section.9}{\376\377\000C\000o\000n\000c\000l\000u\000s\000i\000o\000n\000i}{}% 35
\BOOKMARK [1][-]{section.10}{\376\377\000N\000u\000o\000v\000i\000\040\000r\000i\000s\000u\000l\000t\000a\000t\000i}{}% 36
\BOOKMARK [2][-]{subsection.10.1}{\376\377\000D\000a\000t\000a\000s\000e\000t\000\040\000o\000r\000i\000g\000i\000n\000a\000l\000e}{section.10}% 37
\BOOKMARK [3][-]{subsubsection.10.1.1}{\376\377\000D\000a\000t\000a\000s\000e\000t\000\040\000c\000o\000m\000p\000l\000e\000t\000o}{subsection.10.1}% 38
\BOOKMARK [3][-]{subsubsection.10.1.2}{\376\377\000D\000a\000t\000a\000s\000e\000t\000\040\000A\000z\000u\000r\000e}{subsection.10.1}% 39
\BOOKMARK [2][-]{subsection.10.2}{\376\377\000D\000a\000t\000a\000s\000e\000t\000\040\000r\000i\000d\000o\000t\000t\000o}{section.10}% 40
\BOOKMARK [3][-]{subsubsection.10.2.1}{\376\377\000D\000a\000t\000a\000s\000e\000t\000\040\000c\000o\000m\000p\000l\000e\000t\000o}{subsection.10.2}% 41
\BOOKMARK [3][-]{subsubsection.10.2.2}{\376\377\000D\000a\000t\000a\000s\000e\000t\000\040\000A\000Z\000U\000R\000E}{subsection.10.2}% 42
\BOOKMARK [3][-]{subsubsection.10.2.3}{\376\377\000D\000a\000t\000a\000s\000e\000t\000\040\000A\000Z\000U\000R\000E}{subsection.10.2}% 43
