Mon 25 Mar 2024 18:39:14 INFO  ['src/default_tracker.py']
Mon 25 Mar 2024 18:39:14 INFO  
General Hyper Parameters:
gpu_id = 0
use_gpu = True
seed = 42
state = INFO
reproducibility = True
data_path = data/LFM-1b_artist_20U50I
checkpoint_dir = saved/LFM-1b_artist_20U50I/DiffRec
show_progress = True
save_dataset = False
dataset_save_path = None
save_dataloaders = False
dataloaders_save_path = None
log_wandb = False

Training Hyper Parameters:
epochs = 1
train_batch_size = 4096
learner = adam
learning_rate = 0.001
train_neg_sample_args = {'distribution': 'uniform', 'sample_num': 1, 'dynamic': False, 'candidate_num': 0, 'alpha': 1.0}
eval_step = 1
stopping_step = 10
clip_grad_norm = None
weight_decay = 0.0
loss_decimal_place = 4

Evaluation Hyper Parameters:
eval_args = {'split': {'RS': [0.8, 0.1, 0.1]}, 'order': 'RO', 'group_by': 'user', 'mode': {'valid': 'full', 'test': 'full'}}
repeatable = False
metrics = ['Recall', 'MRR', 'NDCG', 'Hit', 'MAP', 'Precision', 'GAUC', 'ItemCoverage', 'AveragePopularity', 'GiniIndex', 'ShannonEntropy', 'TailPercentage']
topk = [10]
valid_metric = MRR@10
valid_metric_bigger = True
eval_batch_size = 1024
metric_decimal_place = 4

Dataset Hyper Parameters:
field_separator = 	
seq_separator =  
USER_ID_FIELD = user_id
ITEM_ID_FIELD = item_id
RATING_FIELD = rating
TIME_FIELD = timestamp
seq_len = None
LABEL_FIELD = label
threshold = None
NEG_PREFIX = neg_
load_col = {'inter': ['user_id', 'item_id']}
unload_col = None
unused_col = None
additional_feat_suffix = None
rm_dup_inter = None
val_interval = None
filter_inter_by_user_or_item = True
user_inter_num_interval = [0,inf)
item_inter_num_interval = [0,inf)
alias_of_user_id = None
alias_of_item_id = None
alias_of_entity_id = None
alias_of_relation_id = None
preload_weight = None
normalize_field = None
normalize_all = None
ITEM_LIST_LENGTH_FIELD = item_length
LIST_SUFFIX = _list
MAX_ITEM_LIST_LENGTH = 50
POSITION_FIELD = position_id
HEAD_ENTITY_ID_FIELD = head_id
TAIL_ENTITY_ID_FIELD = tail_id
RELATION_ID_FIELD = relation_id
ENTITY_ID_FIELD = entity_id
benchmark_filename = None

Other Hyper Parameters: 
worker = 0
wandb_project = recbole
shuffle = True
require_pow = False
enable_amp = False
enable_scaler = False
transform = None
noise_schedule = linear
noise_scale = 0.001
noise_min = 0.0005
noise_max = 0.005
sampling_noise = False
sampling_steps = 0
reweight = True
mean_type = x0
steps = 5
history_num_per_term = 10
beta_fixed = True
dims_dnn = [300]
embedding_size = 10
mlp_act_func = tanh
time-aware = False
w_max = 1
w_min = 0.1
numerical_features = []
discretization = None
kg_reverse_r = False
entity_kg_num_interval = [0,inf)
relation_kg_num_interval = [0,inf)
MODEL_TYPE = ModelType.GENERAL
encoding = utf-8
device = cuda
my_log_file = /mnt/batch/tasks/shared/LS_root/mounts/clusters/fontanagpu/code/sustainability-of-recsys/log/carbon_default.log
MODEL_INPUT_TYPE = InputType.LISTWISE
eval_type = EvaluatorType.RANKING
single_spec = True
local_rank = 0
valid_neg_sample_args = {'distribution': 'uniform', 'sample_num': 'none'}
test_neg_sample_args = {'distribution': 'uniform', 'sample_num': 'none'}


Mon 25 Mar 2024 18:39:17 INFO  LFM-1b_artist_20U50I
The number of users: 19842
Average actions of users: 45.371301849705155
The number of items: 42458
Average actions of items: 21.202911180724026
The number of inters: 900212
The sparsity of the dataset: 99.89314377686127%
Remain Fields: ['user_id', 'item_id']
Mon 25 Mar 2024 18:39:20 INFO  [Training]: train_batch_size = [4096] train_neg_sample_args: [{'distribution': 'uniform', 'sample_num': 1, 'dynamic': False, 'candidate_num': 0, 'alpha': 1.0}]
Mon 25 Mar 2024 18:39:20 INFO  [Evaluation]: eval_batch_size = [1024] eval_args: [{'split': {'RS': [0.8, 0.1, 0.1]}, 'order': 'RO', 'group_by': 'user', 'mode': {'valid': 'full', 'test': 'full'}}]
Mon 25 Mar 2024 18:39:24 INFO  DiffRec(
  (mlp): DNN(
    (emb_layer): Linear(in_features=10, out_features=10, bias=True)
    (mlp_layers): MLPLayers(
      (mlp_layers): Sequential(
        (0): Dropout(p=0, inplace=False)
        (1): Linear(in_features=42468, out_features=300, bias=True)
        (2): Tanh()
        (3): Dropout(p=0, inplace=False)
        (4): Linear(in_features=300, out_features=42458, bias=True)
      )
    )
    (drop): Dropout(p=0.5, inplace=False)
  )
)
Trainable parameters: 25520668
Mon 25 Mar 2024 18:39:30 INFO  FLOPs: 127389500.0
Mon 25 Mar 2024 18:40:07 INFO  epoch 0 training [time: 6.03s, train loss: 51.2044]
Mon 25 Mar 2024 18:42:17 INFO  epoch 0 evaluating [time: 129.84s, valid_score: 0.084900]
Mon 25 Mar 2024 18:42:17 INFO  valid result: 
recall@10 : 0.0756    mrr@10 : 0.0849    ndcg@10 : 0.0536    hit@10 : 0.222    map@10 : 0.0276    precision@10 : 0.0277    gauc : 0.8766    itemcoverage@10 : 0.0017    averagepopularity@10 : 2800.8673    giniindex@10 : 0.9996    shannonentropy@10 : 0.0425    tailpercentage@10 : 0.0
Mon 25 Mar 2024 18:42:20 INFO  Saving current: saved/LFM-1b_artist_20U50I/DiffRec/DiffRec-Mar-25-2024_18-39-31.pth
Mon 25 Mar 2024 18:42:20 INFO  Loading model structure and parameters from saved/LFM-1b_artist_20U50I/DiffRec/DiffRec-Mar-25-2024_18-39-31.pth
Mon 25 Mar 2024 18:44:32 INFO  The running environment of this training is as follows:
+-------------+----------------+
| Environment |     Usage      |
+=============+================+
| CPU         |     4.00 %     |
+-------------+----------------+
| GPU         | 5.76 G/15.57 G |
+-------------+----------------+
| Memory      | 1.42 G/27.41 G |
+-------------+----------------+
Mon 25 Mar 2024 18:44:32 INFO  best valid : OrderedDict([('recall@10', 0.0756), ('mrr@10', 0.0849), ('ndcg@10', 0.0536), ('hit@10', 0.222), ('map@10', 0.0276), ('precision@10', 0.0277), ('gauc', 0.8766), ('itemcoverage@10', 0.0017), ('averagepopularity@10', 2800.8673), ('giniindex@10', 0.9996), ('shannonentropy@10', 0.0425), ('tailpercentage@10', 0.0)])
Mon 25 Mar 2024 18:44:32 INFO  test result: OrderedDict([('recall@10', 0.0783), ('mrr@10', 0.0909), ('ndcg@10', 0.0566), ('hit@10', 0.2281), ('map@10', 0.0295), ('precision@10', 0.0288), ('gauc', 0.8763), ('itemcoverage@10', 0.0018), ('averagepopularity@10', 2771.9918), ('giniindex@10', 0.9996), ('shannonentropy@10', 0.0411), ('tailpercentage@10', 0.0)])
Mon 25 Mar 2024 18:44:38 INFO  
General Hyper Parameters:
gpu_id = 0
use_gpu = True
seed = 42
state = INFO
reproducibility = True
data_path = data/LFM-1b_artist_20U50I
checkpoint_dir = saved/LFM-1b_artist_20U50I/DiffRec
show_progress = True
save_dataset = False
dataset_save_path = None
save_dataloaders = False
dataloaders_save_path = None
log_wandb = False

Training Hyper Parameters:
epochs = 1
train_batch_size = 4096
learner = adam
learning_rate = 0.001
train_neg_sample_args = {'distribution': 'uniform', 'sample_num': 1, 'dynamic': False, 'candidate_num': 0, 'alpha': 1.0}
eval_step = 1
stopping_step = 10
clip_grad_norm = None
weight_decay = 0.0
loss_decimal_place = 4

Evaluation Hyper Parameters:
eval_args = {'split': {'RS': [0.8, 0.1, 0.1]}, 'order': 'RO', 'group_by': 'user', 'mode': {'valid': 'full', 'test': 'full'}}
repeatable = False
metrics = ['Recall', 'MRR', 'NDCG', 'Hit', 'MAP', 'Precision', 'GAUC', 'ItemCoverage', 'AveragePopularity', 'GiniIndex', 'ShannonEntropy', 'TailPercentage']
topk = [10]
valid_metric = MRR@10
valid_metric_bigger = True
eval_batch_size = 1024
metric_decimal_place = 4

Dataset Hyper Parameters:
field_separator = 	
seq_separator =  
USER_ID_FIELD = user_id
ITEM_ID_FIELD = item_id
RATING_FIELD = rating
TIME_FIELD = timestamp
seq_len = None
LABEL_FIELD = label
threshold = None
NEG_PREFIX = neg_
load_col = {'inter': ['user_id', 'item_id']}
unload_col = None
unused_col = None
additional_feat_suffix = None
rm_dup_inter = None
val_interval = None
filter_inter_by_user_or_item = True
user_inter_num_interval = [0,inf)
item_inter_num_interval = [0,inf)
alias_of_user_id = None
alias_of_item_id = None
alias_of_entity_id = None
alias_of_relation_id = None
preload_weight = None
normalize_field = None
normalize_all = None
ITEM_LIST_LENGTH_FIELD = item_length
LIST_SUFFIX = _list
MAX_ITEM_LIST_LENGTH = 50
POSITION_FIELD = position_id
HEAD_ENTITY_ID_FIELD = head_id
TAIL_ENTITY_ID_FIELD = tail_id
RELATION_ID_FIELD = relation_id
ENTITY_ID_FIELD = entity_id
benchmark_filename = None

Other Hyper Parameters: 
worker = 0
wandb_project = recbole
shuffle = True
require_pow = False
enable_amp = False
enable_scaler = False
transform = None
noise_schedule = linear
noise_scale = 0.001
noise_min = 0.0005
noise_max = 0.005
sampling_noise = False
sampling_steps = 0
reweight = True
mean_type = x0
steps = 5
history_num_per_term = 10
beta_fixed = True
dims_dnn = [300]
embedding_size = 10
mlp_act_func = tanh
time-aware = False
w_max = 1
w_min = 0.1
numerical_features = []
discretization = None
kg_reverse_r = False
entity_kg_num_interval = [0,inf)
relation_kg_num_interval = [0,inf)
MODEL_TYPE = ModelType.GENERAL
encoding = utf-8
device = cuda
my_log_file = /mnt/batch/tasks/shared/LS_root/mounts/clusters/fontanagpu/code/sustainability-of-recsys/log/carbon_default.log
MODEL_INPUT_TYPE = InputType.LISTWISE
eval_type = EvaluatorType.RANKING
single_spec = True
local_rank = 0
valid_neg_sample_args = {'distribution': 'uniform', 'sample_num': 'none'}
test_neg_sample_args = {'distribution': 'uniform', 'sample_num': 'none'}


Mon 25 Mar 2024 18:44:41 INFO  LFM-1b_artist_20U50I
The number of users: 19842
Average actions of users: 45.371301849705155
The number of items: 42458
Average actions of items: 21.202911180724026
The number of inters: 900212
The sparsity of the dataset: 99.89314377686127%
Remain Fields: ['user_id', 'item_id']
Mon 25 Mar 2024 18:44:44 INFO  [Training]: train_batch_size = [4096] train_neg_sample_args: [{'distribution': 'uniform', 'sample_num': 1, 'dynamic': False, 'candidate_num': 0, 'alpha': 1.0}]
Mon 25 Mar 2024 18:44:44 INFO  [Evaluation]: eval_batch_size = [1024] eval_args: [{'split': {'RS': [0.8, 0.1, 0.1]}, 'order': 'RO', 'group_by': 'user', 'mode': {'valid': 'full', 'test': 'full'}}]
Mon 25 Mar 2024 18:44:51 INFO  Loading model structure and parameters from saved/LFM-1b_artist_20U50I/DiffRec/DiffRec-Mar-25-2024_18-39-31.pth
Mon 25 Mar 2024 18:46:47 INFO  ['src/default_tracker.py']
Mon 25 Mar 2024 18:46:47 INFO  
General Hyper Parameters:
gpu_id = 0
use_gpu = True
seed = 42
state = INFO
reproducibility = True
data_path = data/LFM-1b_artist_20U50I
checkpoint_dir = saved/LFM-1b_artist_20U50I/EASE
show_progress = True
save_dataset = False
dataset_save_path = None
save_dataloaders = False
dataloaders_save_path = None
log_wandb = False

Training Hyper Parameters:
epochs = 1
train_batch_size = 4096
learner = adam
learning_rate = 0.001
train_neg_sample_args = {'distribution': 'uniform', 'sample_num': 1, 'dynamic': False, 'candidate_num': 0, 'alpha': 1.0}
eval_step = 1
stopping_step = 10
clip_grad_norm = None
weight_decay = 0.0
loss_decimal_place = 4

Evaluation Hyper Parameters:
eval_args = {'split': {'RS': [0.8, 0.1, 0.1]}, 'order': 'RO', 'group_by': 'user', 'mode': {'valid': 'full', 'test': 'full'}}
repeatable = False
metrics = ['Recall', 'MRR', 'NDCG', 'Hit', 'MAP', 'Precision', 'GAUC', 'ItemCoverage', 'AveragePopularity', 'GiniIndex', 'ShannonEntropy', 'TailPercentage']
topk = [10]
valid_metric = MRR@10
valid_metric_bigger = True
eval_batch_size = 1024
metric_decimal_place = 4

Dataset Hyper Parameters:
field_separator = 	
seq_separator =  
USER_ID_FIELD = user_id
ITEM_ID_FIELD = item_id
RATING_FIELD = rating
TIME_FIELD = timestamp
seq_len = None
LABEL_FIELD = label
threshold = None
NEG_PREFIX = neg_
load_col = {'inter': ['user_id', 'item_id']}
unload_col = None
unused_col = None
additional_feat_suffix = None
rm_dup_inter = None
val_interval = None
filter_inter_by_user_or_item = True
user_inter_num_interval = [0,inf)
item_inter_num_interval = [0,inf)
alias_of_user_id = None
alias_of_item_id = None
alias_of_entity_id = None
alias_of_relation_id = None
preload_weight = None
normalize_field = None
normalize_all = None
ITEM_LIST_LENGTH_FIELD = item_length
LIST_SUFFIX = _list
MAX_ITEM_LIST_LENGTH = 50
POSITION_FIELD = position_id
HEAD_ENTITY_ID_FIELD = head_id
TAIL_ENTITY_ID_FIELD = tail_id
RELATION_ID_FIELD = relation_id
ENTITY_ID_FIELD = entity_id
benchmark_filename = None

Other Hyper Parameters: 
worker = 0
wandb_project = recbole
shuffle = True
require_pow = False
enable_amp = False
enable_scaler = False
transform = None
reg_weight = 250.0
numerical_features = []
discretization = None
kg_reverse_r = False
entity_kg_num_interval = [0,inf)
relation_kg_num_interval = [0,inf)
MODEL_TYPE = ModelType.TRADITIONAL
encoding = utf-8
device = cuda
my_log_file = /mnt/batch/tasks/shared/LS_root/mounts/clusters/fontanagpu/code/sustainability-of-recsys/log/carbon_default.log
MODEL_INPUT_TYPE = InputType.POINTWISE
eval_type = EvaluatorType.RANKING
single_spec = True
local_rank = 0
valid_neg_sample_args = {'distribution': 'uniform', 'sample_num': 'none'}
test_neg_sample_args = {'distribution': 'uniform', 'sample_num': 'none'}


Mon 25 Mar 2024 18:46:50 INFO  LFM-1b_artist_20U50I
The number of users: 19842
Average actions of users: 45.371301849705155
The number of items: 42458
Average actions of items: 21.202911180724026
The number of inters: 900212
The sparsity of the dataset: 99.89314377686127%
Remain Fields: ['user_id', 'item_id']
Mon 25 Mar 2024 18:46:53 INFO  [Training]: train_batch_size = [4096] train_neg_sample_args: [{'distribution': 'uniform', 'sample_num': 1, 'dynamic': False, 'candidate_num': 0, 'alpha': 1.0}]
Mon 25 Mar 2024 18:46:53 INFO  [Evaluation]: eval_batch_size = [1024] eval_args: [{'split': {'RS': [0.8, 0.1, 0.1]}, 'order': 'RO', 'group_by': 'user', 'mode': {'valid': 'full', 'test': 'full'}}]
