Wed 08 May 2024 20:59:50 INFO  ['src/default_tracker2.py', '--dataset=LFM-1b_artist_20U50I_25strat', '--model=NGCF', '--max_emission_step=7']
Wed 08 May 2024 20:59:50 INFO  
General Hyper Parameters:
gpu_id = 0
use_gpu = True
seed = 2020
state = INFO
reproducibility = True
data_path = data/LFM-1b_artist_20U50I_25strat
checkpoint_dir = saved/LFM-1b_artist_20U50I_25strat/NGCF
show_progress = True
save_dataset = False
dataset_save_path = None
save_dataloaders = False
dataloaders_save_path = None
log_wandb = False

Training Hyper Parameters:
epochs = 200
train_batch_size = 2048
learner = adam
learning_rate = 0.001
train_neg_sample_args = {'distribution': 'uniform', 'sample_num': 1, 'dynamic': False, 'candidate_num': 0, 'alpha': 1.0}
eval_step = 1
stopping_step = 10
clip_grad_norm = None
weight_decay = 0.0
loss_decimal_place = 4

Evaluation Hyper Parameters:
eval_args = {'split': {'RS': [0.8, 0.1, 0.1]}, 'order': 'RO', 'group_by': 'user', 'mode': {'valid': 'full', 'test': 'full'}}
repeatable = False
metrics = ['Recall', 'MRR', 'NDCG', 'Hit', 'MAP', 'Precision', 'GAUC', 'ItemCoverage', 'AveragePopularity', 'GiniIndex', 'ShannonEntropy', 'TailPercentage']
topk = [10]
valid_metric = MRR@10
valid_metric_bigger = True
eval_batch_size = 4096
metric_decimal_place = 4

Dataset Hyper Parameters:
field_separator = 	
seq_separator =  
USER_ID_FIELD = user_id
ITEM_ID_FIELD = item_id
RATING_FIELD = rating
TIME_FIELD = timestamp
seq_len = None
LABEL_FIELD = label
threshold = None
NEG_PREFIX = neg_
load_col = {'inter': ['user_id', 'item_id']}
unload_col = None
unused_col = None
additional_feat_suffix = None
rm_dup_inter = None
val_interval = None
filter_inter_by_user_or_item = True
user_inter_num_interval = [0,inf)
item_inter_num_interval = [0,inf)
alias_of_user_id = None
alias_of_item_id = None
alias_of_entity_id = None
alias_of_relation_id = None
preload_weight = None
normalize_field = None
normalize_all = None
ITEM_LIST_LENGTH_FIELD = item_length
LIST_SUFFIX = _list
MAX_ITEM_LIST_LENGTH = 50
POSITION_FIELD = position_id
HEAD_ENTITY_ID_FIELD = head_id
TAIL_ENTITY_ID_FIELD = tail_id
RELATION_ID_FIELD = relation_id
ENTITY_ID_FIELD = entity_id
benchmark_filename = None

Other Hyper Parameters: 
worker = 0
wandb_project = recbole
shuffle = True
require_pow = False
enable_amp = False
enable_scaler = False
transform = None
embedding_size = 64
hidden_size_list = [64, 64, 64]
node_dropout = 0.0
message_dropout = 0.1
reg_weight = 1e-05
numerical_features = []
discretization = None
kg_reverse_r = False
entity_kg_num_interval = [0,inf)
relation_kg_num_interval = [0,inf)
MODEL_TYPE = ModelType.GENERAL
encoding = utf-8
device = cuda:1
my_log_file = /home/fontana/Tesi/log/carbon_default.log
max_emission_step = 7
MODEL_INPUT_TYPE = InputType.PAIRWISE
eval_type = EvaluatorType.RANKING
single_spec = True
local_rank = 0
valid_neg_sample_args = {'distribution': 'uniform', 'sample_num': 'none'}
test_neg_sample_args = {'distribution': 'uniform', 'sample_num': 'none'}


Wed 08 May 2024 20:59:51 INFO  LFM-1b_artist_20U50I_25strat
The number of users: 19842
Average actions of users: 11.01038254120256
The number of items: 24879
Average actions of items: 8.781131923788086
The number of inters: 218457
The sparsity of the dataset: 99.95574650251882%
Remain Fields: ['user_id', 'item_id']
Wed 08 May 2024 20:59:53 INFO  [Training]: train_batch_size = [2048] train_neg_sample_args: [{'distribution': 'uniform', 'sample_num': 1, 'dynamic': False, 'candidate_num': 0, 'alpha': 1.0}]
Wed 08 May 2024 20:59:53 INFO  [Evaluation]: eval_batch_size = [4096] eval_args: [{'split': {'RS': [0.8, 0.1, 0.1]}, 'order': 'RO', 'group_by': 'user', 'mode': {'valid': 'full', 'test': 'full'}}]
Wed 08 May 2024 20:59:57 INFO  NGCF(
  (sparse_dropout): SparseDropout()
  (user_embedding): Embedding(19842, 64)
  (item_embedding): Embedding(24879, 64)
  (GNNlayers): ModuleList(
    (0): BiGNNLayer(
      (linear): Linear(in_features=64, out_features=64, bias=True)
      (interActTransform): Linear(in_features=64, out_features=64, bias=True)
    )
    (1): BiGNNLayer(
      (linear): Linear(in_features=64, out_features=64, bias=True)
      (interActTransform): Linear(in_features=64, out_features=64, bias=True)
    )
    (2): BiGNNLayer(
      (linear): Linear(in_features=64, out_features=64, bias=True)
      (interActTransform): Linear(in_features=64, out_features=64, bias=True)
    )
  )
  (mf_loss): BPRLoss()
  (reg_loss): EmbLoss()
)
Trainable parameters: 2887104
Wed 08 May 2024 20:59:57 INFO  FLOPs: 1099063296.0
Wed 08 May 2024 21:00:06 INFO  epoch 0 training [time: 3.99s, train loss: 27.6679]
Wed 08 May 2024 21:01:00 INFO  epoch 0 evaluating [time: 53.75s, valid_score: 0.000900]
Wed 08 May 2024 21:01:00 INFO  valid result: 
recall@10 : 0.003    mrr@10 : 0.0009    ndcg@10 : 0.0013    hit@10 : 0.0037    map@10 : 0.0007    precision@10 : 0.0004    gauc : 0.8236    itemcoverage@10 : 0.6639    averagepopularity@10 : 36.284    giniindex@10 : 0.7984    shannonentropy@10 : 0.0005    tailpercentage@10 : 0.0197
Wed 08 May 2024 21:01:00 INFO  Saving current: saved/LFM-1b_artist_20U50I_25strat/NGCF/NGCF-May-08-2024_20-59-57.pth
Wed 08 May 2024 21:01:04 INFO  epoch 1 training [time: 3.83s, train loss: 20.6194]
Wed 08 May 2024 21:01:59 INFO  epoch 1 evaluating [time: 54.33s, valid_score: 0.001600]
Wed 08 May 2024 21:01:59 INFO  valid result: 
recall@10 : 0.0044    mrr@10 : 0.0016    ndcg@10 : 0.002    hit@10 : 0.0056    map@10 : 0.0012    precision@10 : 0.0006    gauc : 0.8359    itemcoverage@10 : 0.5799    averagepopularity@10 : 51.423    giniindex@10 : 0.8479    shannonentropy@10 : 0.0006    tailpercentage@10 : 0.0114
Wed 08 May 2024 21:01:59 INFO  Saving current: saved/LFM-1b_artist_20U50I_25strat/NGCF/NGCF-May-08-2024_20-59-57.pth
Wed 08 May 2024 21:02:03 INFO  epoch 2 training [time: 3.95s, train loss: 18.5430]
Wed 08 May 2024 21:02:58 INFO  epoch 2 evaluating [time: 54.80s, valid_score: 0.001700]
Wed 08 May 2024 21:02:58 INFO  valid result: 
recall@10 : 0.0054    mrr@10 : 0.0017    ndcg@10 : 0.0024    hit@10 : 0.0074    map@10 : 0.0013    precision@10 : 0.0007    gauc : 0.8393    itemcoverage@10 : 0.5432    averagepopularity@10 : 53.5736    giniindex@10 : 0.8652    shannonentropy@10 : 0.0006    tailpercentage@10 : 0.0091
Wed 08 May 2024 21:02:59 INFO  Saving current: saved/LFM-1b_artist_20U50I_25strat/NGCF/NGCF-May-08-2024_20-59-57.pth
Wed 08 May 2024 21:03:03 INFO  epoch 3 training [time: 3.86s, train loss: 17.2712]
Wed 08 May 2024 21:03:57 INFO  epoch 3 evaluating [time: 54.63s, valid_score: 0.002600]
Wed 08 May 2024 21:03:57 INFO  valid result: 
recall@10 : 0.0083    mrr@10 : 0.0026    ndcg@10 : 0.0036    hit@10 : 0.0105    map@10 : 0.0021    precision@10 : 0.0011    gauc : 0.8421    itemcoverage@10 : 0.5125    averagepopularity@10 : 70.247    giniindex@10 : 0.8786    shannonentropy@10 : 0.0006    tailpercentage@10 : 0.0082
Wed 08 May 2024 21:03:58 INFO  Saving current: saved/LFM-1b_artist_20U50I_25strat/NGCF/NGCF-May-08-2024_20-59-57.pth
Wed 08 May 2024 21:04:02 INFO  epoch 4 training [time: 4.05s, train loss: 16.3836]
Wed 08 May 2024 21:04:57 INFO  epoch 4 evaluating [time: 54.76s, valid_score: 0.004100]
Wed 08 May 2024 21:04:57 INFO  valid result: 
recall@10 : 0.0102    mrr@10 : 0.0041    ndcg@10 : 0.005    hit@10 : 0.013    map@10 : 0.0031    precision@10 : 0.0013    gauc : 0.8472    itemcoverage@10 : 0.4903    averagepopularity@10 : 71.6513    giniindex@10 : 0.8903    shannonentropy@10 : 0.0007    tailpercentage@10 : 0.0068
Wed 08 May 2024 21:04:58 INFO  Saving current: saved/LFM-1b_artist_20U50I_25strat/NGCF/NGCF-May-08-2024_20-59-57.pth
Wed 08 May 2024 21:05:02 INFO  epoch 5 training [time: 3.89s, train loss: 15.8074]
Wed 08 May 2024 21:05:57 INFO  epoch 5 evaluating [time: 55.00s, valid_score: 0.004000]
Wed 08 May 2024 21:05:57 INFO  valid result: 
recall@10 : 0.0106    mrr@10 : 0.004    ndcg@10 : 0.0052    hit@10 : 0.0132    map@10 : 0.0033    precision@10 : 0.0013    gauc : 0.8505    itemcoverage@10 : 0.4686    averagepopularity@10 : 82.679    giniindex@10 : 0.8985    shannonentropy@10 : 0.0007    tailpercentage@10 : 0.0062
Wed 08 May 2024 21:06:00 INFO  epoch 6 training [time: 3.83s, train loss: 15.2880]
Wed 08 May 2024 21:06:55 INFO  epoch 6 evaluating [time: 54.61s, valid_score: 0.005000]
Wed 08 May 2024 21:06:55 INFO  valid result: 
recall@10 : 0.0127    mrr@10 : 0.005    ndcg@10 : 0.0063    hit@10 : 0.016    map@10 : 0.004    precision@10 : 0.0016    gauc : 0.8509    itemcoverage@10 : 0.4692    averagepopularity@10 : 96.2048    giniindex@10 : 0.9015    shannonentropy@10 : 0.0007    tailpercentage@10 : 0.0062
Wed 08 May 2024 21:06:56 INFO  Saving current: saved/LFM-1b_artist_20U50I_25strat/NGCF/NGCF-May-08-2024_20-59-57.pth
Wed 08 May 2024 21:07:00 INFO  epoch 7 training [time: 3.94s, train loss: 14.9204]
Wed 08 May 2024 21:07:55 INFO  epoch 7 evaluating [time: 54.90s, valid_score: 0.005500]
Wed 08 May 2024 21:07:55 INFO  valid result: 
recall@10 : 0.0149    mrr@10 : 0.0055    ndcg@10 : 0.0073    hit@10 : 0.0178    map@10 : 0.0047    precision@10 : 0.0018    gauc : 0.8547    itemcoverage@10 : 0.4512    averagepopularity@10 : 106.6311    giniindex@10 : 0.9077    shannonentropy@10 : 0.0007    tailpercentage@10 : 0.0056
Wed 08 May 2024 21:07:55 INFO  Saving current: saved/LFM-1b_artist_20U50I_25strat/NGCF/NGCF-May-08-2024_20-59-57.pth
Wed 08 May 2024 21:07:55 INFO  Finished training, max emissions step reached
Wed 08 May 2024 21:07:56 INFO  Loading model structure and parameters from saved/LFM-1b_artist_20U50I_25strat/NGCF/NGCF-May-08-2024_20-59-57.pth
Wed 08 May 2024 21:08:58 INFO  The running environment of this training is as follows:
+-------------+----------------+
| Environment |     Usage      |
+=============+================+
| CPU         |    16.10 %     |
+-------------+----------------+
| GPU         | 0.45 G/11.93 G |
+-------------+----------------+
| Memory      | 2.18 G/31.23 G |
+-------------+----------------+
Wed 08 May 2024 21:08:58 INFO  best valid : OrderedDict([('recall@10', 0.0149), ('mrr@10', 0.0055), ('ndcg@10', 0.0073), ('hit@10', 0.0178), ('map@10', 0.0047), ('precision@10', 0.0018), ('gauc', 0.8547), ('itemcoverage@10', 0.4512), ('averagepopularity@10', 106.6311), ('giniindex@10', 0.9077), ('shannonentropy@10', 0.0007), ('tailpercentage@10', 0.0056)])
Wed 08 May 2024 21:08:58 INFO  test result: OrderedDict([('recall@10', 0.0183), ('mrr@10', 0.0068), ('ndcg@10', 0.009), ('hit@10', 0.0211), ('map@10', 0.0059), ('precision@10', 0.0021), ('gauc', 0.8472), ('itemcoverage@10', 0.5208), ('averagepopularity@10', 112.7163), ('giniindex@10', 0.8987), ('shannonentropy@10', 0.0006), ('tailpercentage@10', 0.0073)])
Wed 08 May 2024 21:08:58 INFO  
General Hyper Parameters:
gpu_id = 0
use_gpu = True
seed = 2020
state = INFO
reproducibility = True
data_path = data/LFM-1b_artist_20U50I_25strat
checkpoint_dir = saved/LFM-1b_artist_20U50I_25strat/NGCF
show_progress = True
save_dataset = False
dataset_save_path = None
save_dataloaders = False
dataloaders_save_path = None
log_wandb = False

Training Hyper Parameters:
epochs = 200
train_batch_size = 2048
learner = adam
learning_rate = 0.001
train_neg_sample_args = {'distribution': 'uniform', 'sample_num': 1, 'dynamic': False, 'candidate_num': 0, 'alpha': 1.0}
eval_step = 1
stopping_step = 10
clip_grad_norm = None
weight_decay = 0.0
loss_decimal_place = 4

Evaluation Hyper Parameters:
eval_args = {'split': {'RS': [0.8, 0.1, 0.1]}, 'order': 'RO', 'group_by': 'user', 'mode': {'valid': 'full', 'test': 'full'}}
repeatable = False
metrics = ['Recall', 'MRR', 'NDCG', 'Hit', 'MAP', 'Precision', 'GAUC', 'ItemCoverage', 'AveragePopularity', 'GiniIndex', 'ShannonEntropy', 'TailPercentage']
topk = [10]
valid_metric = MRR@10
valid_metric_bigger = True
eval_batch_size = 4096
metric_decimal_place = 4

Dataset Hyper Parameters:
field_separator = 	
seq_separator =  
USER_ID_FIELD = user_id
ITEM_ID_FIELD = item_id
RATING_FIELD = rating
TIME_FIELD = timestamp
seq_len = None
LABEL_FIELD = label
threshold = None
NEG_PREFIX = neg_
load_col = {'inter': ['user_id', 'item_id']}
unload_col = None
unused_col = None
additional_feat_suffix = None
rm_dup_inter = None
val_interval = None
filter_inter_by_user_or_item = True
user_inter_num_interval = [0,inf)
item_inter_num_interval = [0,inf)
alias_of_user_id = None
alias_of_item_id = None
alias_of_entity_id = None
alias_of_relation_id = None
preload_weight = None
normalize_field = None
normalize_all = None
ITEM_LIST_LENGTH_FIELD = item_length
LIST_SUFFIX = _list
MAX_ITEM_LIST_LENGTH = 50
POSITION_FIELD = position_id
HEAD_ENTITY_ID_FIELD = head_id
TAIL_ENTITY_ID_FIELD = tail_id
RELATION_ID_FIELD = relation_id
ENTITY_ID_FIELD = entity_id
benchmark_filename = None

Other Hyper Parameters: 
worker = 0
wandb_project = recbole
shuffle = True
require_pow = False
enable_amp = False
enable_scaler = False
transform = None
embedding_size = 64
hidden_size_list = [64, 64, 64]
node_dropout = 0.0
message_dropout = 0.1
reg_weight = 1e-05
numerical_features = []
discretization = None
kg_reverse_r = False
entity_kg_num_interval = [0,inf)
relation_kg_num_interval = [0,inf)
MODEL_TYPE = ModelType.GENERAL
encoding = utf-8
device = cuda:1
my_log_file = /home/fontana/Tesi/log/carbon_default.log
max_emission_step = 7
MODEL_INPUT_TYPE = InputType.PAIRWISE
eval_type = EvaluatorType.RANKING
single_spec = True
local_rank = 0
valid_neg_sample_args = {'distribution': 'uniform', 'sample_num': 'none'}
test_neg_sample_args = {'distribution': 'uniform', 'sample_num': 'none'}


Wed 08 May 2024 21:08:59 INFO  LFM-1b_artist_20U50I_25strat
The number of users: 19842
Average actions of users: 11.01038254120256
The number of items: 24879
Average actions of items: 8.781131923788086
The number of inters: 218457
The sparsity of the dataset: 99.95574650251882%
Remain Fields: ['user_id', 'item_id']
Wed 08 May 2024 21:09:01 INFO  [Training]: train_batch_size = [2048] train_neg_sample_args: [{'distribution': 'uniform', 'sample_num': 1, 'dynamic': False, 'candidate_num': 0, 'alpha': 1.0}]
Wed 08 May 2024 21:09:01 INFO  [Evaluation]: eval_batch_size = [4096] eval_args: [{'split': {'RS': [0.8, 0.1, 0.1]}, 'order': 'RO', 'group_by': 'user', 'mode': {'valid': 'full', 'test': 'full'}}]
Wed 08 May 2024 21:09:02 INFO  Loading model structure and parameters from saved/LFM-1b_artist_20U50I_25strat/NGCF/NGCF-May-08-2024_20-59-57.pth
