Sat 06 Apr 2024 05:32:20 INFO  ['src/default_tracker.py', '--dataset=LFM-1b_artist_20U50I_25strat', '--model=NGCF']
Sat 06 Apr 2024 05:32:20 INFO  
General Hyper Parameters:
gpu_id = 0
use_gpu = True
seed = 2020
state = INFO
reproducibility = True
data_path = data/LFM-1b_artist_20U50I_25strat
checkpoint_dir = saved/LFM-1b_artist_20U50I_25strat/NGCF
show_progress = True
save_dataset = False
dataset_save_path = None
save_dataloaders = False
dataloaders_save_path = None
log_wandb = False

Training Hyper Parameters:
epochs = 200
train_batch_size = 2048
learner = adam
learning_rate = 0.001
train_neg_sample_args = {'distribution': 'uniform', 'sample_num': 1, 'dynamic': False, 'candidate_num': 0, 'alpha': 1.0}
eval_step = 1
stopping_step = 10
clip_grad_norm = None
weight_decay = 0.0
loss_decimal_place = 4

Evaluation Hyper Parameters:
eval_args = {'split': {'RS': [0.8, 0.1, 0.1]}, 'order': 'RO', 'group_by': 'user', 'mode': {'valid': 'full', 'test': 'full'}}
repeatable = False
metrics = ['Recall', 'MRR', 'NDCG', 'Hit', 'Precision']
topk = [10]
valid_metric = MRR@10
valid_metric_bigger = True
eval_batch_size = 4096
metric_decimal_place = 4

Dataset Hyper Parameters:
field_separator = 	
seq_separator =  
USER_ID_FIELD = user_id
ITEM_ID_FIELD = item_id
RATING_FIELD = rating
TIME_FIELD = timestamp
seq_len = None
LABEL_FIELD = label
threshold = None
NEG_PREFIX = neg_
load_col = {'inter': ['user_id', 'item_id']}
unload_col = None
unused_col = None
additional_feat_suffix = None
rm_dup_inter = None
val_interval = None
filter_inter_by_user_or_item = True
user_inter_num_interval = [0,inf)
item_inter_num_interval = [0,inf)
alias_of_user_id = None
alias_of_item_id = None
alias_of_entity_id = None
alias_of_relation_id = None
preload_weight = None
normalize_field = None
normalize_all = None
ITEM_LIST_LENGTH_FIELD = item_length
LIST_SUFFIX = _list
MAX_ITEM_LIST_LENGTH = 50
POSITION_FIELD = position_id
HEAD_ENTITY_ID_FIELD = head_id
TAIL_ENTITY_ID_FIELD = tail_id
RELATION_ID_FIELD = relation_id
ENTITY_ID_FIELD = entity_id
benchmark_filename = None

Other Hyper Parameters: 
worker = 0
wandb_project = recbole
shuffle = True
require_pow = False
enable_amp = False
enable_scaler = False
transform = None
embedding_size = 64
hidden_size_list = [64, 64, 64]
node_dropout = 0.0
message_dropout = 0.1
reg_weight = 1e-05
numerical_features = []
discretization = None
kg_reverse_r = False
entity_kg_num_interval = [0,inf)
relation_kg_num_interval = [0,inf)
MODEL_TYPE = ModelType.GENERAL
encoding = utf-8
device = cuda
my_log_file = /mnt/batch/tasks/shared/LS_root/mounts/clusters/fontanagpu/code/sustainability-of-recsys/log/carbon_default.log
MODEL_INPUT_TYPE = InputType.PAIRWISE
eval_type = EvaluatorType.RANKING
single_spec = True
local_rank = 0
valid_neg_sample_args = {'distribution': 'uniform', 'sample_num': 'none'}
test_neg_sample_args = {'distribution': 'uniform', 'sample_num': 'none'}


Sat 06 Apr 2024 05:32:21 INFO  LFM-1b_artist_20U50I_25strat
The number of users: 19842
Average actions of users: 11.01038254120256
The number of items: 24879
Average actions of items: 8.781131923788086
The number of inters: 218457
The sparsity of the dataset: 99.95574650251882%
Remain Fields: ['user_id', 'item_id']
Sat 06 Apr 2024 05:32:23 INFO  [Training]: train_batch_size = [2048] train_neg_sample_args: [{'distribution': 'uniform', 'sample_num': 1, 'dynamic': False, 'candidate_num': 0, 'alpha': 1.0}]
Sat 06 Apr 2024 05:32:23 INFO  [Evaluation]: eval_batch_size = [4096] eval_args: [{'split': {'RS': [0.8, 0.1, 0.1]}, 'order': 'RO', 'group_by': 'user', 'mode': {'valid': 'full', 'test': 'full'}}]
Sat 06 Apr 2024 05:32:24 INFO  NGCF(
  (sparse_dropout): SparseDropout()
  (user_embedding): Embedding(19842, 64)
  (item_embedding): Embedding(24879, 64)
  (GNNlayers): ModuleList(
    (0-2): 3 x BiGNNLayer(
      (linear): Linear(in_features=64, out_features=64, bias=True)
      (interActTransform): Linear(in_features=64, out_features=64, bias=True)
    )
  )
  (mf_loss): BPRLoss()
  (reg_loss): EmbLoss()
)
Trainable parameters: 2887104
Sat 06 Apr 2024 05:32:32 INFO  FLOPs: 1099063296.0
Sat 06 Apr 2024 05:33:08 INFO  epoch 0 training [time: 6.08s, train loss: 27.6248]
Sat 06 Apr 2024 05:33:27 INFO  epoch 0 evaluating [time: 19.06s, valid_score: 0.000800]
Sat 06 Apr 2024 05:33:27 INFO  valid result: 
recall@10 : 0.0024    mrr@10 : 0.0008    ndcg@10 : 0.0011    hit@10 : 0.0036    precision@10 : 0.0004
Sat 06 Apr 2024 05:33:28 INFO  Saving current: saved/LFM-1b_artist_20U50I_25strat/NGCF/NGCF-Apr-06-2024_05-32-32.pth
Sat 06 Apr 2024 05:33:31 INFO  epoch 1 training [time: 3.33s, train loss: 20.6060]
Sat 06 Apr 2024 05:33:49 INFO  epoch 1 evaluating [time: 18.43s, valid_score: 0.001800]
Sat 06 Apr 2024 05:33:49 INFO  valid result: 
recall@10 : 0.0053    mrr@10 : 0.0018    ndcg@10 : 0.0024    hit@10 : 0.0069    precision@10 : 0.0007
Sat 06 Apr 2024 05:33:50 INFO  Saving current: saved/LFM-1b_artist_20U50I_25strat/NGCF/NGCF-Apr-06-2024_05-32-32.pth
Sat 06 Apr 2024 05:33:54 INFO  epoch 2 training [time: 3.34s, train loss: 18.5597]
Sat 06 Apr 2024 05:34:12 INFO  epoch 2 evaluating [time: 18.41s, valid_score: 0.001900]
Sat 06 Apr 2024 05:34:12 INFO  valid result: 
recall@10 : 0.0062    mrr@10 : 0.0019    ndcg@10 : 0.0027    hit@10 : 0.0079    precision@10 : 0.0008
Sat 06 Apr 2024 05:34:13 INFO  Saving current: saved/LFM-1b_artist_20U50I_25strat/NGCF/NGCF-Apr-06-2024_05-32-32.pth
Sat 06 Apr 2024 05:34:16 INFO  epoch 3 training [time: 3.35s, train loss: 17.2208]
Sat 06 Apr 2024 05:34:35 INFO  epoch 3 evaluating [time: 18.46s, valid_score: 0.003100]
Sat 06 Apr 2024 05:34:35 INFO  valid result: 
recall@10 : 0.0083    mrr@10 : 0.0031    ndcg@10 : 0.004    hit@10 : 0.01    precision@10 : 0.001
Sat 06 Apr 2024 05:34:35 INFO  Saving current: saved/LFM-1b_artist_20U50I_25strat/NGCF/NGCF-Apr-06-2024_05-32-32.pth
Sat 06 Apr 2024 05:34:39 INFO  epoch 4 training [time: 3.34s, train loss: 16.3462]
Sat 06 Apr 2024 05:34:57 INFO  epoch 4 evaluating [time: 18.44s, valid_score: 0.003100]
Sat 06 Apr 2024 05:34:57 INFO  valid result: 
recall@10 : 0.0074    mrr@10 : 0.0031    ndcg@10 : 0.0038    hit@10 : 0.0098    precision@10 : 0.001
Sat 06 Apr 2024 05:34:58 INFO  Saving current: saved/LFM-1b_artist_20U50I_25strat/NGCF/NGCF-Apr-06-2024_05-32-32.pth
Sat 06 Apr 2024 05:35:01 INFO  epoch 5 training [time: 3.37s, train loss: 15.8234]
Sat 06 Apr 2024 05:35:20 INFO  epoch 5 evaluating [time: 18.44s, valid_score: 0.003700]
Sat 06 Apr 2024 05:35:20 INFO  valid result: 
recall@10 : 0.0112    mrr@10 : 0.0037    ndcg@10 : 0.0051    hit@10 : 0.0138    precision@10 : 0.0014
Sat 06 Apr 2024 05:35:21 INFO  Saving current: saved/LFM-1b_artist_20U50I_25strat/NGCF/NGCF-Apr-06-2024_05-32-32.pth
Sat 06 Apr 2024 05:35:24 INFO  epoch 6 training [time: 3.37s, train loss: 15.2486]
Sat 06 Apr 2024 05:35:43 INFO  epoch 6 evaluating [time: 18.50s, valid_score: 0.004200]
Sat 06 Apr 2024 05:35:43 INFO  valid result: 
recall@10 : 0.0123    mrr@10 : 0.0042    ndcg@10 : 0.0057    hit@10 : 0.015    precision@10 : 0.0015
Sat 06 Apr 2024 05:35:44 INFO  Saving current: saved/LFM-1b_artist_20U50I_25strat/NGCF/NGCF-Apr-06-2024_05-32-32.pth
Sat 06 Apr 2024 05:35:47 INFO  epoch 7 training [time: 3.35s, train loss: 14.8835]
Sat 06 Apr 2024 05:36:05 INFO  epoch 7 evaluating [time: 18.54s, valid_score: 0.006300]
Sat 06 Apr 2024 05:36:05 INFO  valid result: 
recall@10 : 0.0161    mrr@10 : 0.0063    ndcg@10 : 0.0081    hit@10 : 0.0192    precision@10 : 0.0019
Sat 06 Apr 2024 05:36:06 INFO  Saving current: saved/LFM-1b_artist_20U50I_25strat/NGCF/NGCF-Apr-06-2024_05-32-32.pth
Sat 06 Apr 2024 05:36:10 INFO  epoch 8 training [time: 3.35s, train loss: 14.3876]
Sat 06 Apr 2024 05:36:28 INFO  epoch 8 evaluating [time: 18.46s, valid_score: 0.006100]
Sat 06 Apr 2024 05:36:28 INFO  valid result: 
recall@10 : 0.0177    mrr@10 : 0.0061    ndcg@10 : 0.0083    hit@10 : 0.0211    precision@10 : 0.0021
Sat 06 Apr 2024 05:36:32 INFO  epoch 9 training [time: 3.51s, train loss: 14.1633]
Sat 06 Apr 2024 05:36:50 INFO  epoch 9 evaluating [time: 18.48s, valid_score: 0.006300]
Sat 06 Apr 2024 05:36:50 INFO  valid result: 
recall@10 : 0.0185    mrr@10 : 0.0063    ndcg@10 : 0.0086    hit@10 : 0.022    precision@10 : 0.0022
Sat 06 Apr 2024 05:36:51 INFO  Saving current: saved/LFM-1b_artist_20U50I_25strat/NGCF/NGCF-Apr-06-2024_05-32-32.pth
Sat 06 Apr 2024 05:36:54 INFO  epoch 10 training [time: 3.34s, train loss: 13.9469]
Sat 06 Apr 2024 05:37:13 INFO  epoch 10 evaluating [time: 18.47s, valid_score: 0.007900]
Sat 06 Apr 2024 05:37:13 INFO  valid result: 
recall@10 : 0.0225    mrr@10 : 0.0079    ndcg@10 : 0.0107    hit@10 : 0.0271    precision@10 : 0.0027
Sat 06 Apr 2024 05:37:13 INFO  Saving current: saved/LFM-1b_artist_20U50I_25strat/NGCF/NGCF-Apr-06-2024_05-32-32.pth
Sat 06 Apr 2024 05:37:17 INFO  epoch 11 training [time: 3.37s, train loss: 13.7079]
Sat 06 Apr 2024 05:37:35 INFO  epoch 11 evaluating [time: 18.49s, valid_score: 0.008600]
Sat 06 Apr 2024 05:37:35 INFO  valid result: 
recall@10 : 0.0235    mrr@10 : 0.0086    ndcg@10 : 0.0113    hit@10 : 0.0288    precision@10 : 0.0029
Sat 06 Apr 2024 05:37:36 INFO  Saving current: saved/LFM-1b_artist_20U50I_25strat/NGCF/NGCF-Apr-06-2024_05-32-32.pth
Sat 06 Apr 2024 05:37:40 INFO  epoch 12 training [time: 3.36s, train loss: 13.4850]
Sat 06 Apr 2024 05:37:58 INFO  epoch 12 evaluating [time: 18.51s, valid_score: 0.010300]
Sat 06 Apr 2024 05:37:58 INFO  valid result: 
recall@10 : 0.0283    mrr@10 : 0.0103    ndcg@10 : 0.0137    hit@10 : 0.0338    precision@10 : 0.0034
Sat 06 Apr 2024 05:37:59 INFO  Saving current: saved/LFM-1b_artist_20U50I_25strat/NGCF/NGCF-Apr-06-2024_05-32-32.pth
Sat 06 Apr 2024 05:38:02 INFO  epoch 13 training [time: 3.36s, train loss: 13.3501]
Sat 06 Apr 2024 05:38:21 INFO  epoch 13 evaluating [time: 18.57s, valid_score: 0.010100]
Sat 06 Apr 2024 05:38:21 INFO  valid result: 
recall@10 : 0.0269    mrr@10 : 0.0101    ndcg@10 : 0.0132    hit@10 : 0.0321    precision@10 : 0.0032
Sat 06 Apr 2024 05:38:24 INFO  epoch 14 training [time: 3.45s, train loss: 13.1411]
Sat 06 Apr 2024 05:38:43 INFO  epoch 14 evaluating [time: 18.61s, valid_score: 0.011900]
Sat 06 Apr 2024 05:38:43 INFO  valid result: 
recall@10 : 0.0317    mrr@10 : 0.0119    ndcg@10 : 0.0158    hit@10 : 0.0367    precision@10 : 0.0037
Sat 06 Apr 2024 05:38:44 INFO  Saving current: saved/LFM-1b_artist_20U50I_25strat/NGCF/NGCF-Apr-06-2024_05-32-32.pth
Sat 06 Apr 2024 05:38:47 INFO  epoch 15 training [time: 3.37s, train loss: 12.9830]
Sat 06 Apr 2024 05:39:06 INFO  epoch 15 evaluating [time: 18.61s, valid_score: 0.013300]
Sat 06 Apr 2024 05:39:06 INFO  valid result: 
recall@10 : 0.0333    mrr@10 : 0.0133    ndcg@10 : 0.0172    hit@10 : 0.0394    precision@10 : 0.004
Sat 06 Apr 2024 05:39:06 INFO  Saving current: saved/LFM-1b_artist_20U50I_25strat/NGCF/NGCF-Apr-06-2024_05-32-32.pth
Sat 06 Apr 2024 05:39:10 INFO  epoch 16 training [time: 3.36s, train loss: 12.8214]
Sat 06 Apr 2024 05:39:28 INFO  epoch 16 evaluating [time: 18.66s, valid_score: 0.014400]
Sat 06 Apr 2024 05:39:28 INFO  valid result: 
recall@10 : 0.0373    mrr@10 : 0.0144    ndcg@10 : 0.0188    hit@10 : 0.0437    precision@10 : 0.0044
Sat 06 Apr 2024 05:39:29 INFO  Saving current: saved/LFM-1b_artist_20U50I_25strat/NGCF/NGCF-Apr-06-2024_05-32-32.pth
Sat 06 Apr 2024 05:39:33 INFO  epoch 17 training [time: 3.36s, train loss: 12.6770]
Sat 06 Apr 2024 05:39:51 INFO  epoch 17 evaluating [time: 18.62s, valid_score: 0.015500]
Sat 06 Apr 2024 05:39:51 INFO  valid result: 
recall@10 : 0.0409    mrr@10 : 0.0155    ndcg@10 : 0.0204    hit@10 : 0.0468    precision@10 : 0.0047
Sat 06 Apr 2024 05:39:52 INFO  Saving current: saved/LFM-1b_artist_20U50I_25strat/NGCF/NGCF-Apr-06-2024_05-32-32.pth
Sat 06 Apr 2024 05:39:55 INFO  epoch 18 training [time: 3.37s, train loss: 12.4313]
Sat 06 Apr 2024 05:40:14 INFO  epoch 18 evaluating [time: 18.71s, valid_score: 0.014800]
Sat 06 Apr 2024 05:40:14 INFO  valid result: 
recall@10 : 0.0392    mrr@10 : 0.0148    ndcg@10 : 0.0195    hit@10 : 0.0453    precision@10 : 0.0045
Sat 06 Apr 2024 05:40:18 INFO  epoch 19 training [time: 3.53s, train loss: 12.4124]
Sat 06 Apr 2024 05:40:36 INFO  epoch 19 evaluating [time: 18.68s, valid_score: 0.016100]
Sat 06 Apr 2024 05:40:36 INFO  valid result: 
recall@10 : 0.041    mrr@10 : 0.0161    ndcg@10 : 0.0206    hit@10 : 0.0496    precision@10 : 0.005
Sat 06 Apr 2024 05:40:37 INFO  Saving current: saved/LFM-1b_artist_20U50I_25strat/NGCF/NGCF-Apr-06-2024_05-32-32.pth
Sat 06 Apr 2024 05:40:40 INFO  epoch 20 training [time: 3.36s, train loss: 12.2837]
Sat 06 Apr 2024 05:40:59 INFO  epoch 20 evaluating [time: 18.52s, valid_score: 0.018400]
Sat 06 Apr 2024 05:40:59 INFO  valid result: 
recall@10 : 0.0514    mrr@10 : 0.0184    ndcg@10 : 0.0249    hit@10 : 0.0595    precision@10 : 0.006
Sat 06 Apr 2024 05:41:00 INFO  Saving current: saved/LFM-1b_artist_20U50I_25strat/NGCF/NGCF-Apr-06-2024_05-32-32.pth
Sat 06 Apr 2024 05:41:03 INFO  epoch 21 training [time: 3.35s, train loss: 12.1612]
Sat 06 Apr 2024 05:41:22 INFO  epoch 21 evaluating [time: 18.59s, valid_score: 0.019600]
Sat 06 Apr 2024 05:41:22 INFO  valid result: 
recall@10 : 0.0484    mrr@10 : 0.0196    ndcg@10 : 0.0249    hit@10 : 0.0573    precision@10 : 0.0058
Sat 06 Apr 2024 05:41:23 INFO  Saving current: saved/LFM-1b_artist_20U50I_25strat/NGCF/NGCF-Apr-06-2024_05-32-32.pth
Sat 06 Apr 2024 05:41:26 INFO  epoch 22 training [time: 3.36s, train loss: 12.0252]
Sat 06 Apr 2024 05:41:44 INFO  epoch 22 evaluating [time: 18.56s, valid_score: 0.022800]
Sat 06 Apr 2024 05:41:44 INFO  valid result: 
recall@10 : 0.0569    mrr@10 : 0.0228    ndcg@10 : 0.0291    hit@10 : 0.0669    precision@10 : 0.0067
Sat 06 Apr 2024 05:41:45 INFO  Saving current: saved/LFM-1b_artist_20U50I_25strat/NGCF/NGCF-Apr-06-2024_05-32-32.pth
Sat 06 Apr 2024 05:41:49 INFO  epoch 23 training [time: 3.36s, train loss: 11.8409]
Sat 06 Apr 2024 05:42:07 INFO  epoch 23 evaluating [time: 18.57s, valid_score: 0.022100]
Sat 06 Apr 2024 05:42:07 INFO  valid result: 
recall@10 : 0.0546    mrr@10 : 0.0221    ndcg@10 : 0.0281    hit@10 : 0.0648    precision@10 : 0.0065
Sat 06 Apr 2024 05:42:11 INFO  epoch 24 training [time: 3.50s, train loss: 11.8272]
Sat 06 Apr 2024 05:42:30 INFO  epoch 24 evaluating [time: 18.61s, valid_score: 0.022100]
Sat 06 Apr 2024 05:42:30 INFO  valid result: 
recall@10 : 0.0564    mrr@10 : 0.0221    ndcg@10 : 0.0283    hit@10 : 0.0682    precision@10 : 0.0069
Sat 06 Apr 2024 05:42:33 INFO  epoch 25 training [time: 3.47s, train loss: 11.6236]
Sat 06 Apr 2024 05:42:52 INFO  epoch 25 evaluating [time: 18.57s, valid_score: 0.024900]
Sat 06 Apr 2024 05:42:52 INFO  valid result: 
recall@10 : 0.0606    mrr@10 : 0.0249    ndcg@10 : 0.0313    hit@10 : 0.0717    precision@10 : 0.0073
Sat 06 Apr 2024 05:42:52 INFO  Saving current: saved/LFM-1b_artist_20U50I_25strat/NGCF/NGCF-Apr-06-2024_05-32-32.pth
Sat 06 Apr 2024 05:42:56 INFO  epoch 26 training [time: 3.37s, train loss: 11.5822]
Sat 06 Apr 2024 05:43:14 INFO  epoch 26 evaluating [time: 18.60s, valid_score: 0.024900]
Sat 06 Apr 2024 05:43:14 INFO  valid result: 
recall@10 : 0.0647    mrr@10 : 0.0249    ndcg@10 : 0.0322    hit@10 : 0.0781    precision@10 : 0.0079
Sat 06 Apr 2024 05:43:15 INFO  Saving current: saved/LFM-1b_artist_20U50I_25strat/NGCF/NGCF-Apr-06-2024_05-32-32.pth
Sat 06 Apr 2024 05:43:19 INFO  epoch 27 training [time: 3.35s, train loss: 11.4155]
Sat 06 Apr 2024 05:43:37 INFO  epoch 27 evaluating [time: 18.62s, valid_score: 0.028400]
Sat 06 Apr 2024 05:43:37 INFO  valid result: 
recall@10 : 0.0698    mrr@10 : 0.0284    ndcg@10 : 0.0357    hit@10 : 0.0836    precision@10 : 0.0084
Sat 06 Apr 2024 05:43:38 INFO  Saving current: saved/LFM-1b_artist_20U50I_25strat/NGCF/NGCF-Apr-06-2024_05-32-32.pth
Sat 06 Apr 2024 05:43:41 INFO  epoch 28 training [time: 3.38s, train loss: 11.3478]
Sat 06 Apr 2024 05:44:00 INFO  epoch 28 evaluating [time: 18.64s, valid_score: 0.028700]
Sat 06 Apr 2024 05:44:00 INFO  valid result: 
recall@10 : 0.0688    mrr@10 : 0.0287    ndcg@10 : 0.0357    hit@10 : 0.0835    precision@10 : 0.0085
Sat 06 Apr 2024 05:44:01 INFO  Saving current: saved/LFM-1b_artist_20U50I_25strat/NGCF/NGCF-Apr-06-2024_05-32-32.pth
Sat 06 Apr 2024 05:44:05 INFO  epoch 29 training [time: 3.35s, train loss: 11.2095]
Sat 06 Apr 2024 05:44:23 INFO  epoch 29 evaluating [time: 18.61s, valid_score: 0.029200]
Sat 06 Apr 2024 05:44:23 INFO  valid result: 
recall@10 : 0.0728    mrr@10 : 0.0292    ndcg@10 : 0.0369    hit@10 : 0.0884    precision@10 : 0.0089
Sat 06 Apr 2024 05:44:24 INFO  Saving current: saved/LFM-1b_artist_20U50I_25strat/NGCF/NGCF-Apr-06-2024_05-32-32.pth
Sat 06 Apr 2024 05:44:27 INFO  epoch 30 training [time: 3.37s, train loss: 11.0074]
Sat 06 Apr 2024 05:44:46 INFO  epoch 30 evaluating [time: 18.67s, valid_score: 0.031200]
Sat 06 Apr 2024 05:44:46 INFO  valid result: 
recall@10 : 0.0741    mrr@10 : 0.0312    ndcg@10 : 0.0384    hit@10 : 0.0904    precision@10 : 0.0092
Sat 06 Apr 2024 05:44:47 INFO  Saving current: saved/LFM-1b_artist_20U50I_25strat/NGCF/NGCF-Apr-06-2024_05-32-32.pth
Sat 06 Apr 2024 05:44:50 INFO  epoch 31 training [time: 3.39s, train loss: 10.9185]
Sat 06 Apr 2024 05:45:09 INFO  epoch 31 evaluating [time: 18.73s, valid_score: 0.029300]
Sat 06 Apr 2024 05:45:09 INFO  valid result: 
recall@10 : 0.0726    mrr@10 : 0.0293    ndcg@10 : 0.0368    hit@10 : 0.089    precision@10 : 0.009
Sat 06 Apr 2024 05:45:13 INFO  epoch 32 training [time: 3.46s, train loss: 10.7277]
Sat 06 Apr 2024 05:45:31 INFO  epoch 32 evaluating [time: 18.57s, valid_score: 0.031400]
Sat 06 Apr 2024 05:45:31 INFO  valid result: 
recall@10 : 0.0776    mrr@10 : 0.0314    ndcg@10 : 0.0394    hit@10 : 0.0963    precision@10 : 0.0098
Sat 06 Apr 2024 05:45:32 INFO  Saving current: saved/LFM-1b_artist_20U50I_25strat/NGCF/NGCF-Apr-06-2024_05-32-32.pth
Sat 06 Apr 2024 05:45:35 INFO  epoch 33 training [time: 3.37s, train loss: 10.6606]
Sat 06 Apr 2024 05:45:54 INFO  epoch 33 evaluating [time: 18.56s, valid_score: 0.034300]
Sat 06 Apr 2024 05:45:54 INFO  valid result: 
recall@10 : 0.0819    mrr@10 : 0.0343    ndcg@10 : 0.0424    hit@10 : 0.1004    precision@10 : 0.0102
Sat 06 Apr 2024 05:45:55 INFO  Saving current: saved/LFM-1b_artist_20U50I_25strat/NGCF/NGCF-Apr-06-2024_05-32-32.pth
Sat 06 Apr 2024 05:45:58 INFO  epoch 34 training [time: 3.37s, train loss: 10.5768]
Sat 06 Apr 2024 05:46:17 INFO  epoch 34 evaluating [time: 18.56s, valid_score: 0.035900]
Sat 06 Apr 2024 05:46:17 INFO  valid result: 
recall@10 : 0.0834    mrr@10 : 0.0359    ndcg@10 : 0.0437    hit@10 : 0.103    precision@10 : 0.0105
Sat 06 Apr 2024 05:46:17 INFO  Saving current: saved/LFM-1b_artist_20U50I_25strat/NGCF/NGCF-Apr-06-2024_05-32-32.pth
Sat 06 Apr 2024 05:46:21 INFO  epoch 35 training [time: 3.35s, train loss: 10.3891]
Sat 06 Apr 2024 05:46:39 INFO  epoch 35 evaluating [time: 18.65s, valid_score: 0.034600]
Sat 06 Apr 2024 05:46:39 INFO  valid result: 
recall@10 : 0.0835    mrr@10 : 0.0346    ndcg@10 : 0.0428    hit@10 : 0.1032    precision@10 : 0.0105
Sat 06 Apr 2024 05:46:43 INFO  epoch 36 training [time: 3.52s, train loss: 10.2362]
Sat 06 Apr 2024 05:47:01 INFO  epoch 36 evaluating [time: 18.38s, valid_score: 0.034600]
Sat 06 Apr 2024 05:47:01 INFO  valid result: 
recall@10 : 0.081    mrr@10 : 0.0346    ndcg@10 : 0.0422    hit@10 : 0.1008    precision@10 : 0.0102
Sat 06 Apr 2024 05:47:05 INFO  epoch 37 training [time: 3.47s, train loss: 10.1575]
Sat 06 Apr 2024 05:47:23 INFO  epoch 37 evaluating [time: 18.41s, valid_score: 0.035400]
Sat 06 Apr 2024 05:47:23 INFO  valid result: 
recall@10 : 0.0844    mrr@10 : 0.0354    ndcg@10 : 0.0435    hit@10 : 0.1039    precision@10 : 0.0106
Sat 06 Apr 2024 05:47:27 INFO  epoch 38 training [time: 3.44s, train loss: 10.0257]
Sat 06 Apr 2024 05:47:45 INFO  epoch 38 evaluating [time: 18.42s, valid_score: 0.035700]
Sat 06 Apr 2024 05:47:45 INFO  valid result: 
recall@10 : 0.0845    mrr@10 : 0.0357    ndcg@10 : 0.0436    hit@10 : 0.1048    precision@10 : 0.0106
Sat 06 Apr 2024 05:47:49 INFO  epoch 39 training [time: 3.48s, train loss: 9.8899]
Sat 06 Apr 2024 05:48:07 INFO  epoch 39 evaluating [time: 18.48s, valid_score: 0.036900]
Sat 06 Apr 2024 05:48:07 INFO  valid result: 
recall@10 : 0.0855    mrr@10 : 0.0369    ndcg@10 : 0.0448    hit@10 : 0.1056    precision@10 : 0.0108
Sat 06 Apr 2024 05:48:08 INFO  Saving current: saved/LFM-1b_artist_20U50I_25strat/NGCF/NGCF-Apr-06-2024_05-32-32.pth
Sat 06 Apr 2024 05:48:11 INFO  epoch 40 training [time: 3.35s, train loss: 9.6834]
Sat 06 Apr 2024 05:48:30 INFO  epoch 40 evaluating [time: 18.45s, valid_score: 0.037700]
Sat 06 Apr 2024 05:48:30 INFO  valid result: 
recall@10 : 0.0875    mrr@10 : 0.0377    ndcg@10 : 0.0458    hit@10 : 0.1067    precision@10 : 0.0108
Sat 06 Apr 2024 05:48:31 INFO  Saving current: saved/LFM-1b_artist_20U50I_25strat/NGCF/NGCF-Apr-06-2024_05-32-32.pth
Sat 06 Apr 2024 05:48:34 INFO  epoch 41 training [time: 3.35s, train loss: 9.5270]
Sat 06 Apr 2024 05:48:53 INFO  epoch 41 evaluating [time: 18.52s, valid_score: 0.036400]
Sat 06 Apr 2024 05:48:53 INFO  valid result: 
recall@10 : 0.0882    mrr@10 : 0.0364    ndcg@10 : 0.0452    hit@10 : 0.1083    precision@10 : 0.011
Sat 06 Apr 2024 05:48:56 INFO  epoch 42 training [time: 3.50s, train loss: 9.3611]
Sat 06 Apr 2024 05:49:15 INFO  epoch 42 evaluating [time: 18.50s, valid_score: 0.037200]
Sat 06 Apr 2024 05:49:15 INFO  valid result: 
recall@10 : 0.0873    mrr@10 : 0.0372    ndcg@10 : 0.0454    hit@10 : 0.1083    precision@10 : 0.0109
Sat 06 Apr 2024 05:49:18 INFO  epoch 43 training [time: 3.48s, train loss: 9.3301]
Sat 06 Apr 2024 05:49:37 INFO  epoch 43 evaluating [time: 18.51s, valid_score: 0.038300]
Sat 06 Apr 2024 05:49:37 INFO  valid result: 
recall@10 : 0.0908    mrr@10 : 0.0383    ndcg@10 : 0.0471    hit@10 : 0.1115    precision@10 : 0.0113
Sat 06 Apr 2024 05:49:37 INFO  Saving current: saved/LFM-1b_artist_20U50I_25strat/NGCF/NGCF-Apr-06-2024_05-32-32.pth
Sat 06 Apr 2024 05:49:41 INFO  epoch 44 training [time: 3.34s, train loss: 9.1163]
Sat 06 Apr 2024 05:49:59 INFO  epoch 44 evaluating [time: 18.55s, valid_score: 0.038700]
Sat 06 Apr 2024 05:49:59 INFO  valid result: 
recall@10 : 0.0911    mrr@10 : 0.0387    ndcg@10 : 0.0473    hit@10 : 0.1121    precision@10 : 0.0114
Sat 06 Apr 2024 05:50:00 INFO  Saving current: saved/LFM-1b_artist_20U50I_25strat/NGCF/NGCF-Apr-06-2024_05-32-32.pth
Sat 06 Apr 2024 05:50:04 INFO  epoch 45 training [time: 3.36s, train loss: 9.0325]
Sat 06 Apr 2024 05:50:22 INFO  epoch 45 evaluating [time: 18.59s, valid_score: 0.038800]
Sat 06 Apr 2024 05:50:22 INFO  valid result: 
recall@10 : 0.0916    mrr@10 : 0.0388    ndcg@10 : 0.0475    hit@10 : 0.1125    precision@10 : 0.0114
Sat 06 Apr 2024 05:50:23 INFO  Saving current: saved/LFM-1b_artist_20U50I_25strat/NGCF/NGCF-Apr-06-2024_05-32-32.pth
Sat 06 Apr 2024 05:50:26 INFO  epoch 46 training [time: 3.38s, train loss: 8.8721]
Sat 06 Apr 2024 05:50:45 INFO  epoch 46 evaluating [time: 18.58s, valid_score: 0.038100]
Sat 06 Apr 2024 05:50:45 INFO  valid result: 
recall@10 : 0.0893    mrr@10 : 0.0381    ndcg@10 : 0.0465    hit@10 : 0.1101    precision@10 : 0.0112
Sat 06 Apr 2024 05:50:48 INFO  epoch 47 training [time: 3.50s, train loss: 8.6841]
Sat 06 Apr 2024 05:51:07 INFO  epoch 47 evaluating [time: 18.63s, valid_score: 0.038100]
Sat 06 Apr 2024 05:51:07 INFO  valid result: 
recall@10 : 0.0893    mrr@10 : 0.0381    ndcg@10 : 0.0465    hit@10 : 0.1101    precision@10 : 0.0112
Sat 06 Apr 2024 05:51:10 INFO  epoch 48 training [time: 3.47s, train loss: 8.5405]
Sat 06 Apr 2024 05:51:29 INFO  epoch 48 evaluating [time: 18.58s, valid_score: 0.038700]
Sat 06 Apr 2024 05:51:29 INFO  valid result: 
recall@10 : 0.0918    mrr@10 : 0.0387    ndcg@10 : 0.0476    hit@10 : 0.1124    precision@10 : 0.0114
Sat 06 Apr 2024 05:51:33 INFO  epoch 49 training [time: 3.48s, train loss: 8.4474]
Sat 06 Apr 2024 05:51:51 INFO  epoch 49 evaluating [time: 18.63s, valid_score: 0.039400]
Sat 06 Apr 2024 05:51:51 INFO  valid result: 
recall@10 : 0.0907    mrr@10 : 0.0394    ndcg@10 : 0.0477    hit@10 : 0.1114    precision@10 : 0.0113
Sat 06 Apr 2024 05:51:52 INFO  Saving current: saved/LFM-1b_artist_20U50I_25strat/NGCF/NGCF-Apr-06-2024_05-32-32.pth
Sat 06 Apr 2024 05:51:55 INFO  epoch 50 training [time: 3.36s, train loss: 8.3353]
Sat 06 Apr 2024 05:52:14 INFO  epoch 50 evaluating [time: 18.66s, valid_score: 0.038800]
Sat 06 Apr 2024 05:52:14 INFO  valid result: 
recall@10 : 0.0913    mrr@10 : 0.0388    ndcg@10 : 0.0474    hit@10 : 0.1123    precision@10 : 0.0114
Sat 06 Apr 2024 05:52:17 INFO  epoch 51 training [time: 3.51s, train loss: 8.2049]
Sat 06 Apr 2024 05:52:36 INFO  epoch 51 evaluating [time: 18.77s, valid_score: 0.039000]
Sat 06 Apr 2024 05:52:36 INFO  valid result: 
recall@10 : 0.0927    mrr@10 : 0.039    ndcg@10 : 0.048    hit@10 : 0.1141    precision@10 : 0.0116
Sat 06 Apr 2024 05:52:40 INFO  epoch 52 training [time: 3.48s, train loss: 8.0934]
Sat 06 Apr 2024 05:52:58 INFO  epoch 52 evaluating [time: 18.68s, valid_score: 0.038800]
Sat 06 Apr 2024 05:52:58 INFO  valid result: 
recall@10 : 0.0934    mrr@10 : 0.0388    ndcg@10 : 0.048    hit@10 : 0.1149    precision@10 : 0.0117
Sat 06 Apr 2024 05:53:02 INFO  epoch 53 training [time: 3.51s, train loss: 8.0154]
Sat 06 Apr 2024 05:53:21 INFO  epoch 53 evaluating [time: 18.60s, valid_score: 0.038800]
Sat 06 Apr 2024 05:53:21 INFO  valid result: 
recall@10 : 0.0939    mrr@10 : 0.0388    ndcg@10 : 0.048    hit@10 : 0.1147    precision@10 : 0.0117
Sat 06 Apr 2024 05:53:24 INFO  epoch 54 training [time: 3.47s, train loss: 7.8417]
Sat 06 Apr 2024 05:53:43 INFO  epoch 54 evaluating [time: 18.62s, valid_score: 0.038800]
Sat 06 Apr 2024 05:53:43 INFO  valid result: 
recall@10 : 0.0937    mrr@10 : 0.0388    ndcg@10 : 0.0482    hit@10 : 0.1146    precision@10 : 0.0116
Sat 06 Apr 2024 05:53:46 INFO  epoch 55 training [time: 3.47s, train loss: 7.7753]
Sat 06 Apr 2024 05:54:05 INFO  epoch 55 evaluating [time: 18.65s, valid_score: 0.038900]
Sat 06 Apr 2024 05:54:05 INFO  valid result: 
recall@10 : 0.0933    mrr@10 : 0.0389    ndcg@10 : 0.0481    hit@10 : 0.1143    precision@10 : 0.0116
Sat 06 Apr 2024 05:54:08 INFO  epoch 56 training [time: 3.47s, train loss: 7.6881]
Sat 06 Apr 2024 05:54:27 INFO  epoch 56 evaluating [time: 18.54s, valid_score: 0.038600]
Sat 06 Apr 2024 05:54:27 INFO  valid result: 
recall@10 : 0.095    mrr@10 : 0.0386    ndcg@10 : 0.0485    hit@10 : 0.1167    precision@10 : 0.0118
Sat 06 Apr 2024 05:54:30 INFO  epoch 57 training [time: 3.50s, train loss: 7.5246]
Sat 06 Apr 2024 05:54:49 INFO  epoch 57 evaluating [time: 18.49s, valid_score: 0.038700]
Sat 06 Apr 2024 05:54:49 INFO  valid result: 
recall@10 : 0.0949    mrr@10 : 0.0387    ndcg@10 : 0.0482    hit@10 : 0.1159    precision@10 : 0.0118
Sat 06 Apr 2024 05:54:52 INFO  epoch 58 training [time: 3.52s, train loss: 7.4257]
Sat 06 Apr 2024 05:55:11 INFO  epoch 58 evaluating [time: 18.56s, valid_score: 0.039200]
Sat 06 Apr 2024 05:55:11 INFO  valid result: 
recall@10 : 0.0949    mrr@10 : 0.0392    ndcg@10 : 0.0486    hit@10 : 0.1166    precision@10 : 0.0118
Sat 06 Apr 2024 05:55:14 INFO  epoch 59 training [time: 3.47s, train loss: 7.3038]
Sat 06 Apr 2024 05:55:33 INFO  epoch 59 evaluating [time: 18.50s, valid_score: 0.039000]
Sat 06 Apr 2024 05:55:33 INFO  valid result: 
recall@10 : 0.095    mrr@10 : 0.039    ndcg@10 : 0.0486    hit@10 : 0.1165    precision@10 : 0.0118
Sat 06 Apr 2024 05:55:36 INFO  epoch 60 training [time: 3.48s, train loss: 7.1755]
Sat 06 Apr 2024 05:55:55 INFO  epoch 60 evaluating [time: 18.40s, valid_score: 0.038800]
Sat 06 Apr 2024 05:55:55 INFO  valid result: 
recall@10 : 0.0934    mrr@10 : 0.0388    ndcg@10 : 0.048    hit@10 : 0.1147    precision@10 : 0.0116
Sat 06 Apr 2024 05:55:55 INFO  Finished training, best eval result in epoch 49
Sat 06 Apr 2024 05:55:56 INFO  Loading model structure and parameters from saved/LFM-1b_artist_20U50I_25strat/NGCF/NGCF-Apr-06-2024_05-32-32.pth
Sat 06 Apr 2024 05:56:18 INFO  The running environment of this training is as follows:
+-------------+----------------+
| Environment |     Usage      |
+=============+================+
| CPU         |     0.50 %     |
+-------------+----------------+
| GPU         | 0.43 G/14.58 G |
+-------------+----------------+
| Memory      | 1.38 G/27.41 G |
+-------------+----------------+
Sat 06 Apr 2024 05:56:18 INFO  best valid : OrderedDict([('recall@10', 0.0907), ('mrr@10', 0.0394), ('ndcg@10', 0.0477), ('hit@10', 0.1114), ('precision@10', 0.0113)])
Sat 06 Apr 2024 05:56:18 INFO  test result: OrderedDict([('recall@10', 0.0917), ('mrr@10', 0.0364), ('ndcg@10', 0.0466), ('hit@10', 0.1093), ('precision@10', 0.011)])
Sat 06 Apr 2024 05:56:20 INFO  
General Hyper Parameters:
gpu_id = 0
use_gpu = True
seed = 2020
state = INFO
reproducibility = True
data_path = data/LFM-1b_artist_20U50I_25strat
checkpoint_dir = saved/LFM-1b_artist_20U50I_25strat/NGCF
show_progress = True
save_dataset = False
dataset_save_path = None
save_dataloaders = False
dataloaders_save_path = None
log_wandb = False

Training Hyper Parameters:
epochs = 200
train_batch_size = 2048
learner = adam
learning_rate = 0.001
train_neg_sample_args = {'distribution': 'uniform', 'sample_num': 1, 'dynamic': False, 'candidate_num': 0, 'alpha': 1.0}
eval_step = 1
stopping_step = 10
clip_grad_norm = None
weight_decay = 0.0
loss_decimal_place = 4

Evaluation Hyper Parameters:
eval_args = {'split': {'RS': [0.8, 0.1, 0.1]}, 'order': 'RO', 'group_by': 'user', 'mode': {'valid': 'full', 'test': 'full'}}
repeatable = False
metrics = ['Recall', 'MRR', 'NDCG', 'Hit', 'Precision']
topk = [10]
valid_metric = MRR@10
valid_metric_bigger = True
eval_batch_size = 4096
metric_decimal_place = 4

Dataset Hyper Parameters:
field_separator = 	
seq_separator =  
USER_ID_FIELD = user_id
ITEM_ID_FIELD = item_id
RATING_FIELD = rating
TIME_FIELD = timestamp
seq_len = None
LABEL_FIELD = label
threshold = None
NEG_PREFIX = neg_
load_col = {'inter': ['user_id', 'item_id']}
unload_col = None
unused_col = None
additional_feat_suffix = None
rm_dup_inter = None
val_interval = None
filter_inter_by_user_or_item = True
user_inter_num_interval = [0,inf)
item_inter_num_interval = [0,inf)
alias_of_user_id = None
alias_of_item_id = None
alias_of_entity_id = None
alias_of_relation_id = None
preload_weight = None
normalize_field = None
normalize_all = None
ITEM_LIST_LENGTH_FIELD = item_length
LIST_SUFFIX = _list
MAX_ITEM_LIST_LENGTH = 50
POSITION_FIELD = position_id
HEAD_ENTITY_ID_FIELD = head_id
TAIL_ENTITY_ID_FIELD = tail_id
RELATION_ID_FIELD = relation_id
ENTITY_ID_FIELD = entity_id
benchmark_filename = None

Other Hyper Parameters: 
worker = 0
wandb_project = recbole
shuffle = True
require_pow = False
enable_amp = False
enable_scaler = False
transform = None
embedding_size = 64
hidden_size_list = [64, 64, 64]
node_dropout = 0.0
message_dropout = 0.1
reg_weight = 1e-05
numerical_features = []
discretization = None
kg_reverse_r = False
entity_kg_num_interval = [0,inf)
relation_kg_num_interval = [0,inf)
MODEL_TYPE = ModelType.GENERAL
encoding = utf-8
device = cuda
my_log_file = /mnt/batch/tasks/shared/LS_root/mounts/clusters/fontanagpu/code/sustainability-of-recsys/log/carbon_default.log
MODEL_INPUT_TYPE = InputType.PAIRWISE
eval_type = EvaluatorType.RANKING
single_spec = True
local_rank = 0
valid_neg_sample_args = {'distribution': 'uniform', 'sample_num': 'none'}
test_neg_sample_args = {'distribution': 'uniform', 'sample_num': 'none'}


Sat 06 Apr 2024 05:56:21 INFO  LFM-1b_artist_20U50I_25strat
The number of users: 19842
Average actions of users: 11.01038254120256
The number of items: 24879
Average actions of items: 8.781131923788086
The number of inters: 218457
The sparsity of the dataset: 99.95574650251882%
Remain Fields: ['user_id', 'item_id']
Sat 06 Apr 2024 05:56:22 INFO  [Training]: train_batch_size = [2048] train_neg_sample_args: [{'distribution': 'uniform', 'sample_num': 1, 'dynamic': False, 'candidate_num': 0, 'alpha': 1.0}]
Sat 06 Apr 2024 05:56:22 INFO  [Evaluation]: eval_batch_size = [4096] eval_args: [{'split': {'RS': [0.8, 0.1, 0.1]}, 'order': 'RO', 'group_by': 'user', 'mode': {'valid': 'full', 'test': 'full'}}]
Sat 06 Apr 2024 05:56:23 INFO  Loading model structure and parameters from saved/LFM-1b_artist_20U50I_25strat/NGCF/NGCF-Apr-06-2024_05-32-32.pth
