Tue 09 Apr 2024 11:00:12 INFO  ['src/default_tracker.py']
Tue 09 Apr 2024 11:00:12 INFO  
General Hyper Parameters:
gpu_id = 0
use_gpu = True
seed = 2020
state = INFO
reproducibility = True
data_path = data/mind
checkpoint_dir = saved/mind/NGCF
show_progress = True
save_dataset = False
dataset_save_path = None
save_dataloaders = False
dataloaders_save_path = None
log_wandb = False

Training Hyper Parameters:
epochs = 300
train_batch_size = 2048
learner = adam
learning_rate = 0.001
train_neg_sample_args = {'distribution': 'uniform', 'sample_num': 1, 'dynamic': False, 'candidate_num': 0, 'alpha': 1.0}
eval_step = 1
stopping_step = 10
clip_grad_norm = None
weight_decay = 0.0
loss_decimal_place = 4

Evaluation Hyper Parameters:
eval_args = {'split': {'RS': [0.8, 0.1, 0.1]}, 'order': 'RO', 'group_by': 'user', 'mode': {'valid': 'full', 'test': 'full'}}
repeatable = False
metrics = ['Recall', 'MRR', 'NDCG', 'Hit', 'MAP', 'Precision', 'GAUC', 'ItemCoverage', 'AveragePopularity', 'GiniIndex', 'ShannonEntropy', 'TailPercentage']
topk = [10]
valid_metric = MRR@10
valid_metric_bigger = True
eval_batch_size = 4096
metric_decimal_place = 4

Dataset Hyper Parameters:
field_separator = 	
seq_separator =  
USER_ID_FIELD = user_id
ITEM_ID_FIELD = item_id
RATING_FIELD = rating
TIME_FIELD = timestamp
seq_len = None
LABEL_FIELD = label
threshold = None
NEG_PREFIX = neg_
load_col = {'inter': ['user_id', 'item_id']}
unload_col = None
unused_col = None
additional_feat_suffix = None
rm_dup_inter = None
val_interval = None
filter_inter_by_user_or_item = True
user_inter_num_interval = [0,inf)
item_inter_num_interval = [0,inf)
alias_of_user_id = None
alias_of_item_id = None
alias_of_entity_id = None
alias_of_relation_id = None
preload_weight = None
normalize_field = None
normalize_all = None
ITEM_LIST_LENGTH_FIELD = item_length
LIST_SUFFIX = _list
MAX_ITEM_LIST_LENGTH = 50
POSITION_FIELD = position_id
HEAD_ENTITY_ID_FIELD = head_id
TAIL_ENTITY_ID_FIELD = tail_id
RELATION_ID_FIELD = relation_id
ENTITY_ID_FIELD = entity_id
benchmark_filename = None

Other Hyper Parameters: 
worker = 0
wandb_project = recbole
shuffle = True
require_pow = False
enable_amp = False
enable_scaler = False
transform = None
embedding_size = 64
hidden_size_list = [64, 64, 64]
node_dropout = 0.0
message_dropout = 0.1
reg_weight = 1e-05
numerical_features = []
discretization = None
kg_reverse_r = False
entity_kg_num_interval = [0,inf)
relation_kg_num_interval = [0,inf)
MODEL_TYPE = ModelType.GENERAL
encoding = utf-8
device = cuda
my_log_file = /mnt/batch/tasks/shared/LS_root/mounts/clusters/fontanagpu/code/sustainability-of-recsys/log/carbon_default.log
MODEL_INPUT_TYPE = InputType.PAIRWISE
eval_type = EvaluatorType.RANKING
single_spec = True
local_rank = 0
valid_neg_sample_args = {'distribution': 'uniform', 'sample_num': 'none'}
test_neg_sample_args = {'distribution': 'uniform', 'sample_num': 'none'}


Tue 09 Apr 2024 11:00:15 INFO  mind
The number of users: 23680
Average actions of users: 44.282908906626126
The number of items: 4415
Average actions of items: 237.55663797009515
The number of inters: 1048575
The sparsity of the dataset: 98.9970319625968%
Remain Fields: ['user_id', 'item_id']
Tue 09 Apr 2024 11:00:19 INFO  [Training]: train_batch_size = [2048] train_neg_sample_args: [{'distribution': 'uniform', 'sample_num': 1, 'dynamic': False, 'candidate_num': 0, 'alpha': 1.0}]
Tue 09 Apr 2024 11:00:19 INFO  [Evaluation]: eval_batch_size = [4096] eval_args: [{'split': {'RS': [0.8, 0.1, 0.1]}, 'order': 'RO', 'group_by': 'user', 'mode': {'valid': 'full', 'test': 'full'}}]
Tue 09 Apr 2024 11:00:22 INFO  NGCF(
  (sparse_dropout): SparseDropout()
  (user_embedding): Embedding(23680, 64)
  (item_embedding): Embedding(4415, 64)
  (GNNlayers): ModuleList(
    (0-2): 3 x BiGNNLayer(
      (linear): Linear(in_features=64, out_features=64, bias=True)
      (interActTransform): Linear(in_features=64, out_features=64, bias=True)
    )
  )
  (mf_loss): BPRLoss()
  (reg_loss): EmbLoss()
)
Trainable parameters: 1823040
Tue 09 Apr 2024 11:00:34 INFO  FLOPs: 690462720.0
Tue 09 Apr 2024 11:02:01 INFO  epoch 0 training [time: 39.81s, train loss: 62.3993]
Tue 09 Apr 2024 11:03:09 INFO  epoch 0 evaluating [time: 67.70s, valid_score: 0.104900]
Tue 09 Apr 2024 11:03:09 INFO  valid result: 
recall@10 : 0.1098    mrr@10 : 0.1049    ndcg@10 : 0.0748    hit@10 : 0.303    map@10 : 0.039    precision@10 : 0.0407    gauc : 0.9657    itemcoverage@10 : 0.2757    averagepopularity@10 : 2291.568    giniindex@10 : 0.9698    shannonentropy@10 : 0.0042    tailpercentage@10 : 0.0007
Tue 09 Apr 2024 11:03:10 INFO  Saving current: saved/mind/NGCF/NGCF-Apr-09-2024_11-00-34.pth
Tue 09 Apr 2024 11:03:47 INFO  epoch 1 training [time: 36.33s, train loss: 41.4457]
Tue 09 Apr 2024 11:04:52 INFO  epoch 1 evaluating [time: 65.23s, valid_score: 0.199500]
Tue 09 Apr 2024 11:04:52 INFO  valid result: 
recall@10 : 0.2263    mrr@10 : 0.1995    ndcg@10 : 0.1567    hit@10 : 0.4687    map@10 : 0.0967    precision@10 : 0.0664    gauc : 0.9704    itemcoverage@10 : 0.1814    averagepopularity@10 : 3517.9139    giniindex@10 : 0.9734    shannonentropy@10 : 0.0063    tailpercentage@10 : 0.0005
Tue 09 Apr 2024 11:04:53 INFO  Saving current: saved/mind/NGCF/NGCF-Apr-09-2024_11-00-34.pth
Tue 09 Apr 2024 11:05:29 INFO  epoch 2 training [time: 36.29s, train loss: 38.0191]
Tue 09 Apr 2024 11:06:31 INFO  epoch 2 evaluating [time: 62.21s, valid_score: 0.251500]
Tue 09 Apr 2024 11:06:31 INFO  valid result: 
recall@10 : 0.2849    mrr@10 : 0.2515    ndcg@10 : 0.2017    hit@10 : 0.5532    map@10 : 0.1285    precision@10 : 0.0853    gauc : 0.9735    itemcoverage@10 : 0.1649    averagepopularity@10 : 4274.3046    giniindex@10 : 0.9756    shannonentropy@10 : 0.0068    tailpercentage@10 : 0.0003
Tue 09 Apr 2024 11:06:32 INFO  Saving current: saved/mind/NGCF/NGCF-Apr-09-2024_11-00-34.pth
Tue 09 Apr 2024 11:07:08 INFO  epoch 3 training [time: 36.36s, train loss: 35.8383]
Tue 09 Apr 2024 11:08:10 INFO  epoch 3 evaluating [time: 61.56s, valid_score: 0.299700]
Tue 09 Apr 2024 11:08:10 INFO  valid result: 
recall@10 : 0.3409    mrr@10 : 0.2997    ndcg@10 : 0.2461    hit@10 : 0.6141    map@10 : 0.1645    precision@10 : 0.0975    gauc : 0.9755    itemcoverage@10 : 0.1518    averagepopularity@10 : 4481.214    giniindex@10 : 0.9773    shannonentropy@10 : 0.0073    tailpercentage@10 : 0.0003
Tue 09 Apr 2024 11:08:11 INFO  Saving current: saved/mind/NGCF/NGCF-Apr-09-2024_11-00-34.pth
Tue 09 Apr 2024 11:08:47 INFO  epoch 4 training [time: 36.36s, train loss: 34.2720]
Tue 09 Apr 2024 11:09:47 INFO  epoch 4 evaluating [time: 59.44s, valid_score: 0.365000]
Tue 09 Apr 2024 11:09:47 INFO  valid result: 
recall@10 : 0.4002    mrr@10 : 0.365    ndcg@10 : 0.3012    hit@10 : 0.6873    map@10 : 0.2103    precision@10 : 0.1147    gauc : 0.977    itemcoverage@10 : 0.1472    averagepopularity@10 : 5006.2251    giniindex@10 : 0.9795    shannonentropy@10 : 0.0074    tailpercentage@10 : 0.0001
Tue 09 Apr 2024 11:09:48 INFO  Saving current: saved/mind/NGCF/NGCF-Apr-09-2024_11-00-34.pth
Tue 09 Apr 2024 11:10:24 INFO  epoch 5 training [time: 36.35s, train loss: 32.4045]
Tue 09 Apr 2024 11:11:22 INFO  epoch 5 evaluating [time: 57.73s, valid_score: 0.401600]
Tue 09 Apr 2024 11:11:22 INFO  valid result: 
recall@10 : 0.4307    mrr@10 : 0.4016    ndcg@10 : 0.3298    hit@10 : 0.7188    map@10 : 0.2334    precision@10 : 0.1255    gauc : 0.9785    itemcoverage@10 : 0.1361    averagepopularity@10 : 5417.1909    giniindex@10 : 0.98    shannonentropy@10 : 0.0079    tailpercentage@10 : 0.0
Tue 09 Apr 2024 11:11:23 INFO  Saving current: saved/mind/NGCF/NGCF-Apr-09-2024_11-00-34.pth
Tue 09 Apr 2024 11:11:59 INFO  epoch 6 training [time: 36.10s, train loss: 30.4266]
Tue 09 Apr 2024 11:12:55 INFO  epoch 6 evaluating [time: 56.41s, valid_score: 0.445400]
Tue 09 Apr 2024 11:12:55 INFO  valid result: 
recall@10 : 0.4513    mrr@10 : 0.4454    ndcg@10 : 0.3609    hit@10 : 0.7428    map@10 : 0.2628    precision@10 : 0.1344    gauc : 0.979    itemcoverage@10 : 0.1293    averagepopularity@10 : 5748.8663    giniindex@10 : 0.9816    shannonentropy@10 : 0.0082    tailpercentage@10 : 0.0
Tue 09 Apr 2024 11:12:56 INFO  Saving current: saved/mind/NGCF/NGCF-Apr-09-2024_11-00-34.pth
Tue 09 Apr 2024 11:13:32 INFO  epoch 7 training [time: 36.20s, train loss: 28.5342]
Tue 09 Apr 2024 11:14:28 INFO  epoch 7 evaluating [time: 56.04s, valid_score: 0.465000]
Tue 09 Apr 2024 11:14:28 INFO  valid result: 
recall@10 : 0.4672    mrr@10 : 0.465    ndcg@10 : 0.3752    hit@10 : 0.759    map@10 : 0.2741    precision@10 : 0.1389    gauc : 0.98    itemcoverage@10 : 0.1219    averagepopularity@10 : 5917.9938    giniindex@10 : 0.9829    shannonentropy@10 : 0.0086    tailpercentage@10 : 0.0
Tue 09 Apr 2024 11:14:29 INFO  Saving current: saved/mind/NGCF/NGCF-Apr-09-2024_11-00-34.pth
Tue 09 Apr 2024 11:15:05 INFO  epoch 8 training [time: 36.24s, train loss: 26.5262]
Tue 09 Apr 2024 11:15:57 INFO  epoch 8 evaluating [time: 52.17s, valid_score: 0.470800]
Tue 09 Apr 2024 11:15:57 INFO  valid result: 
recall@10 : 0.479    mrr@10 : 0.4708    ndcg@10 : 0.3836    hit@10 : 0.7721    map@10 : 0.2805    precision@10 : 0.1429    gauc : 0.9809    itemcoverage@10 : 0.1144    averagepopularity@10 : 6100.4842    giniindex@10 : 0.9841    shannonentropy@10 : 0.009    tailpercentage@10 : 0.0
Tue 09 Apr 2024 11:15:58 INFO  Saving current: saved/mind/NGCF/NGCF-Apr-09-2024_11-00-34.pth
Tue 09 Apr 2024 11:16:34 INFO  epoch 9 training [time: 36.15s, train loss: 24.7476]
Tue 09 Apr 2024 11:17:26 INFO  epoch 9 evaluating [time: 51.66s, valid_score: 0.478000]
Tue 09 Apr 2024 11:17:26 INFO  valid result: 
recall@10 : 0.4922    mrr@10 : 0.478    ndcg@10 : 0.3901    hit@10 : 0.783    map@10 : 0.284    precision@10 : 0.1464    gauc : 0.9817    itemcoverage@10 : 0.1094    averagepopularity@10 : 6101.8002    giniindex@10 : 0.9842    shannonentropy@10 : 0.0094    tailpercentage@10 : 0.0
Tue 09 Apr 2024 11:17:27 INFO  Saving current: saved/mind/NGCF/NGCF-Apr-09-2024_11-00-34.pth
Tue 09 Apr 2024 11:18:03 INFO  epoch 10 training [time: 36.21s, train loss: 23.2789]
Tue 09 Apr 2024 11:18:55 INFO  epoch 10 evaluating [time: 52.09s, valid_score: 0.489600]
Tue 09 Apr 2024 11:18:55 INFO  valid result: 
recall@10 : 0.5022    mrr@10 : 0.4896    ndcg@10 : 0.4012    hit@10 : 0.7944    map@10 : 0.2944    precision@10 : 0.1494    gauc : 0.9819    itemcoverage@10 : 0.0965    averagepopularity@10 : 6102.4646    giniindex@10 : 0.9845    shannonentropy@10 : 0.0106    tailpercentage@10 : 0.0001
Tue 09 Apr 2024 11:18:56 INFO  Saving current: saved/mind/NGCF/NGCF-Apr-09-2024_11-00-34.pth
Tue 09 Apr 2024 11:19:32 INFO  epoch 11 training [time: 36.19s, train loss: 21.8653]
Tue 09 Apr 2024 11:20:24 INFO  epoch 11 evaluating [time: 51.70s, valid_score: 0.492500]
Tue 09 Apr 2024 11:20:24 INFO  valid result: 
recall@10 : 0.5126    mrr@10 : 0.4925    ndcg@10 : 0.4063    hit@10 : 0.804    map@10 : 0.2972    precision@10 : 0.1528    gauc : 0.9826    itemcoverage@10 : 0.0915    averagepopularity@10 : 6112.8677    giniindex@10 : 0.9842    shannonentropy@10 : 0.0112    tailpercentage@10 : 0.0
Tue 09 Apr 2024 11:20:25 INFO  Saving current: saved/mind/NGCF/NGCF-Apr-09-2024_11-00-34.pth
Tue 09 Apr 2024 11:21:01 INFO  epoch 12 training [time: 36.21s, train loss: 20.7815]
Tue 09 Apr 2024 11:21:52 INFO  epoch 12 evaluating [time: 51.44s, valid_score: 0.494800]
Tue 09 Apr 2024 11:21:52 INFO  valid result: 
recall@10 : 0.5185    mrr@10 : 0.4948    ndcg@10 : 0.4094    hit@10 : 0.8089    map@10 : 0.2993    precision@10 : 0.1538    gauc : 0.9828    itemcoverage@10 : 0.0861    averagepopularity@10 : 6114.2839    giniindex@10 : 0.9841    shannonentropy@10 : 0.012    tailpercentage@10 : 0.0
Tue 09 Apr 2024 11:21:53 INFO  Saving current: saved/mind/NGCF/NGCF-Apr-09-2024_11-00-34.pth
Tue 09 Apr 2024 11:22:29 INFO  epoch 13 training [time: 36.20s, train loss: 20.1686]
Tue 09 Apr 2024 11:23:20 INFO  epoch 13 evaluating [time: 51.32s, valid_score: 0.494200]
Tue 09 Apr 2024 11:23:20 INFO  valid result: 
recall@10 : 0.5255    mrr@10 : 0.4942    ndcg@10 : 0.4125    hit@10 : 0.8134    map@10 : 0.3012    precision@10 : 0.1565    gauc : 0.9834    itemcoverage@10 : 0.0818    averagepopularity@10 : 6032.8125    giniindex@10 : 0.9832    shannonentropy@10 : 0.0127    tailpercentage@10 : 0.0
Tue 09 Apr 2024 11:23:57 INFO  epoch 14 training [time: 36.32s, train loss: 19.1938]
Tue 09 Apr 2024 11:24:48 INFO  epoch 14 evaluating [time: 51.59s, valid_score: 0.497600]
Tue 09 Apr 2024 11:24:48 INFO  valid result: 
recall@10 : 0.5285    mrr@10 : 0.4976    ndcg@10 : 0.4153    hit@10 : 0.8179    map@10 : 0.3037    precision@10 : 0.1572    gauc : 0.9836    itemcoverage@10 : 0.0802    averagepopularity@10 : 5993.6626    giniindex@10 : 0.9829    shannonentropy@10 : 0.0131    tailpercentage@10 : 0.0
Tue 09 Apr 2024 11:24:49 INFO  Saving current: saved/mind/NGCF/NGCF-Apr-09-2024_11-00-34.pth
Tue 09 Apr 2024 11:25:25 INFO  epoch 15 training [time: 36.15s, train loss: 18.4940]
Tue 09 Apr 2024 11:26:17 INFO  epoch 15 evaluating [time: 51.31s, valid_score: 0.497600]
Tue 09 Apr 2024 11:26:17 INFO  valid result: 
recall@10 : 0.5341    mrr@10 : 0.4976    ndcg@10 : 0.418    hit@10 : 0.8212    map@10 : 0.3056    precision@10 : 0.1588    gauc : 0.9839    itemcoverage@10 : 0.0831    averagepopularity@10 : 6027.2224    giniindex@10 : 0.9826    shannonentropy@10 : 0.0126    tailpercentage@10 : 0.0
Tue 09 Apr 2024 11:26:17 INFO  Saving current: saved/mind/NGCF/NGCF-Apr-09-2024_11-00-34.pth
Tue 09 Apr 2024 11:26:53 INFO  epoch 16 training [time: 36.15s, train loss: 17.7090]
Tue 09 Apr 2024 11:27:45 INFO  epoch 16 evaluating [time: 51.76s, valid_score: 0.498300]
Tue 09 Apr 2024 11:27:45 INFO  valid result: 
recall@10 : 0.5392    mrr@10 : 0.4983    ndcg@10 : 0.4207    hit@10 : 0.8254    map@10 : 0.3073    precision@10 : 0.1608    gauc : 0.9842    itemcoverage@10 : 0.082    averagepopularity@10 : 5967.5438    giniindex@10 : 0.9821    shannonentropy@10 : 0.0129    tailpercentage@10 : 0.0
Tue 09 Apr 2024 11:27:46 INFO  Saving current: saved/mind/NGCF/NGCF-Apr-09-2024_11-00-34.pth
Tue 09 Apr 2024 11:28:22 INFO  epoch 17 training [time: 36.21s, train loss: 17.2038]
Tue 09 Apr 2024 11:29:14 INFO  epoch 17 evaluating [time: 51.69s, valid_score: 0.505100]
Tue 09 Apr 2024 11:29:14 INFO  valid result: 
recall@10 : 0.543    mrr@10 : 0.5051    ndcg@10 : 0.4268    hit@10 : 0.8287    map@10 : 0.3138    precision@10 : 0.1619    gauc : 0.9843    itemcoverage@10 : 0.0813    averagepopularity@10 : 5948.3839    giniindex@10 : 0.9819    shannonentropy@10 : 0.013    tailpercentage@10 : 0.0
Tue 09 Apr 2024 11:29:14 INFO  Saving current: saved/mind/NGCF/NGCF-Apr-09-2024_11-00-34.pth
Tue 09 Apr 2024 11:29:51 INFO  epoch 18 training [time: 36.25s, train loss: 16.7666]
Tue 09 Apr 2024 11:30:42 INFO  epoch 18 evaluating [time: 51.52s, valid_score: 0.498400]
Tue 09 Apr 2024 11:30:42 INFO  valid result: 
recall@10 : 0.5455    mrr@10 : 0.4984    ndcg@10 : 0.4234    hit@10 : 0.8295    map@10 : 0.3089    precision@10 : 0.1627    gauc : 0.9846    itemcoverage@10 : 0.084    averagepopularity@10 : 5830.8442    giniindex@10 : 0.981    shannonentropy@10 : 0.0127    tailpercentage@10 : 0.0
Tue 09 Apr 2024 11:31:18 INFO  epoch 19 training [time: 36.26s, train loss: 16.1924]
Tue 09 Apr 2024 11:32:10 INFO  epoch 19 evaluating [time: 51.34s, valid_score: 0.501600]
Tue 09 Apr 2024 11:32:10 INFO  valid result: 
recall@10 : 0.5528    mrr@10 : 0.5016    ndcg@10 : 0.4272    hit@10 : 0.8376    map@10 : 0.3109    precision@10 : 0.1643    gauc : 0.9849    itemcoverage@10 : 0.0872    averagepopularity@10 : 5807.4712    giniindex@10 : 0.9807    shannonentropy@10 : 0.0123    tailpercentage@10 : 0.0
Tue 09 Apr 2024 11:32:46 INFO  epoch 20 training [time: 36.59s, train loss: 15.7879]
Tue 09 Apr 2024 11:33:38 INFO  epoch 20 evaluating [time: 51.42s, valid_score: 0.510700]
Tue 09 Apr 2024 11:33:38 INFO  valid result: 
recall@10 : 0.5538    mrr@10 : 0.5107    ndcg@10 : 0.4347    hit@10 : 0.8381    map@10 : 0.3203    precision@10 : 0.165    gauc : 0.9851    itemcoverage@10 : 0.0892    averagepopularity@10 : 5765.8216    giniindex@10 : 0.9804    shannonentropy@10 : 0.0121    tailpercentage@10 : 0.0
Tue 09 Apr 2024 11:33:38 INFO  Saving current: saved/mind/NGCF/NGCF-Apr-09-2024_11-00-34.pth
Tue 09 Apr 2024 11:34:15 INFO  epoch 21 training [time: 36.17s, train loss: 15.3375]
Tue 09 Apr 2024 11:35:08 INFO  epoch 21 evaluating [time: 53.15s, valid_score: 0.510300]
Tue 09 Apr 2024 11:35:08 INFO  valid result: 
recall@10 : 0.5573    mrr@10 : 0.5103    ndcg@10 : 0.4357    hit@10 : 0.8409    map@10 : 0.3206    precision@10 : 0.1658    gauc : 0.9853    itemcoverage@10 : 0.0935    averagepopularity@10 : 5683.6585    giniindex@10 : 0.9795    shannonentropy@10 : 0.0116    tailpercentage@10 : 0.0
Tue 09 Apr 2024 11:35:44 INFO  epoch 22 training [time: 36.50s, train loss: 15.0032]
Tue 09 Apr 2024 11:36:35 INFO  epoch 22 evaluating [time: 50.51s, valid_score: 0.509200]
Tue 09 Apr 2024 11:36:35 INFO  valid result: 
recall@10 : 0.5588    mrr@10 : 0.5092    ndcg@10 : 0.4357    hit@10 : 0.8411    map@10 : 0.3203    precision@10 : 0.1661    gauc : 0.9855    itemcoverage@10 : 0.0951    averagepopularity@10 : 5649.5012    giniindex@10 : 0.979    shannonentropy@10 : 0.0115    tailpercentage@10 : 0.0
Tue 09 Apr 2024 11:37:11 INFO  epoch 23 training [time: 36.43s, train loss: 14.6063]
Tue 09 Apr 2024 11:38:02 INFO  epoch 23 evaluating [time: 50.90s, valid_score: 0.509100]
Tue 09 Apr 2024 11:38:02 INFO  valid result: 
recall@10 : 0.5604    mrr@10 : 0.5091    ndcg@10 : 0.436    hit@10 : 0.8437    map@10 : 0.3201    precision@10 : 0.1666    gauc : 0.9856    itemcoverage@10 : 0.0967    averagepopularity@10 : 5630.3758    giniindex@10 : 0.9788    shannonentropy@10 : 0.0113    tailpercentage@10 : 0.0
Tue 09 Apr 2024 11:38:39 INFO  epoch 24 training [time: 36.38s, train loss: 14.1328]
Tue 09 Apr 2024 11:39:29 INFO  epoch 24 evaluating [time: 50.06s, valid_score: 0.515800]
Tue 09 Apr 2024 11:39:29 INFO  valid result: 
recall@10 : 0.5629    mrr@10 : 0.5158    ndcg@10 : 0.4407    hit@10 : 0.8458    map@10 : 0.325    precision@10 : 0.1676    gauc : 0.9857    itemcoverage@10 : 0.0974    averagepopularity@10 : 5659.7573    giniindex@10 : 0.9792    shannonentropy@10 : 0.0112    tailpercentage@10 : 0.0
Tue 09 Apr 2024 11:39:29 INFO  Saving current: saved/mind/NGCF/NGCF-Apr-09-2024_11-00-34.pth
Tue 09 Apr 2024 11:40:06 INFO  epoch 25 training [time: 36.31s, train loss: 13.8599]
Tue 09 Apr 2024 11:40:56 INFO  epoch 25 evaluating [time: 49.98s, valid_score: 0.514800]
Tue 09 Apr 2024 11:40:56 INFO  valid result: 
recall@10 : 0.563    mrr@10 : 0.5148    ndcg@10 : 0.441    hit@10 : 0.845    map@10 : 0.3254    precision@10 : 0.1682    gauc : 0.986    itemcoverage@10 : 0.1019    averagepopularity@10 : 5527.5506    giniindex@10 : 0.9781    shannonentropy@10 : 0.0108    tailpercentage@10 : 0.0
Tue 09 Apr 2024 11:41:32 INFO  epoch 26 training [time: 36.38s, train loss: 13.6463]
Tue 09 Apr 2024 11:42:22 INFO  epoch 26 evaluating [time: 49.99s, valid_score: 0.522800]
Tue 09 Apr 2024 11:42:22 INFO  valid result: 
recall@10 : 0.5662    mrr@10 : 0.5228    ndcg@10 : 0.4469    hit@10 : 0.8494    map@10 : 0.3318    precision@10 : 0.1688    gauc : 0.9861    itemcoverage@10 : 0.1031    averagepopularity@10 : 5557.8619    giniindex@10 : 0.9783    shannonentropy@10 : 0.0107    tailpercentage@10 : 0.0
Tue 09 Apr 2024 11:42:23 INFO  Saving current: saved/mind/NGCF/NGCF-Apr-09-2024_11-00-34.pth
Tue 09 Apr 2024 11:42:59 INFO  epoch 27 training [time: 36.36s, train loss: 13.0829]
Tue 09 Apr 2024 11:43:50 INFO  epoch 27 evaluating [time: 50.39s, valid_score: 0.524600]
Tue 09 Apr 2024 11:43:50 INFO  valid result: 
recall@10 : 0.5688    mrr@10 : 0.5246    ndcg@10 : 0.4491    hit@10 : 0.8515    map@10 : 0.3337    precision@10 : 0.1696    gauc : 0.9863    itemcoverage@10 : 0.1065    averagepopularity@10 : 5546.6615    giniindex@10 : 0.9779    shannonentropy@10 : 0.0104    tailpercentage@10 : 0.0
Tue 09 Apr 2024 11:43:51 INFO  Saving current: saved/mind/NGCF/NGCF-Apr-09-2024_11-00-34.pth
Tue 09 Apr 2024 11:44:27 INFO  epoch 28 training [time: 36.32s, train loss: 13.0687]
Tue 09 Apr 2024 11:45:18 INFO  epoch 28 evaluating [time: 50.54s, valid_score: 0.523700]
Tue 09 Apr 2024 11:45:18 INFO  valid result: 
recall@10 : 0.5706    mrr@10 : 0.5237    ndcg@10 : 0.4497    hit@10 : 0.8527    map@10 : 0.334    precision@10 : 0.1702    gauc : 0.9865    itemcoverage@10 : 0.1085    averagepopularity@10 : 5486.1379    giniindex@10 : 0.977    shannonentropy@10 : 0.0102    tailpercentage@10 : 0.0
Tue 09 Apr 2024 11:45:54 INFO  epoch 29 training [time: 36.38s, train loss: 12.8366]
Tue 09 Apr 2024 11:46:44 INFO  epoch 29 evaluating [time: 50.22s, valid_score: 0.524800]
Tue 09 Apr 2024 11:46:44 INFO  valid result: 
recall@10 : 0.5752    mrr@10 : 0.5248    ndcg@10 : 0.452    hit@10 : 0.8578    map@10 : 0.3355    precision@10 : 0.1709    gauc : 0.9866    itemcoverage@10 : 0.1105    averagepopularity@10 : 5444.5654    giniindex@10 : 0.9767    shannonentropy@10 : 0.0101    tailpercentage@10 : 0.0
Tue 09 Apr 2024 11:46:45 INFO  Saving current: saved/mind/NGCF/NGCF-Apr-09-2024_11-00-34.pth
Tue 09 Apr 2024 11:47:21 INFO  epoch 30 training [time: 36.41s, train loss: 12.4414]
Tue 09 Apr 2024 11:48:12 INFO  epoch 30 evaluating [time: 50.34s, valid_score: 0.527300]
Tue 09 Apr 2024 11:48:12 INFO  valid result: 
recall@10 : 0.5756    mrr@10 : 0.5273    ndcg@10 : 0.454    hit@10 : 0.8577    map@10 : 0.338    precision@10 : 0.1715    gauc : 0.9867    itemcoverage@10 : 0.1128    averagepopularity@10 : 5442.838    giniindex@10 : 0.9765    shannonentropy@10 : 0.0099    tailpercentage@10 : 0.0
Tue 09 Apr 2024 11:48:13 INFO  Saving current: saved/mind/NGCF/NGCF-Apr-09-2024_11-00-34.pth
Tue 09 Apr 2024 11:48:49 INFO  epoch 31 training [time: 36.33s, train loss: 12.0545]
Tue 09 Apr 2024 11:49:40 INFO  epoch 31 evaluating [time: 50.51s, valid_score: 0.524300]
Tue 09 Apr 2024 11:49:40 INFO  valid result: 
recall@10 : 0.577    mrr@10 : 0.5243    ndcg@10 : 0.4534    hit@10 : 0.8576    map@10 : 0.3371    precision@10 : 0.1717    gauc : 0.9869    itemcoverage@10 : 0.1166    averagepopularity@10 : 5395.495    giniindex@10 : 0.9757    shannonentropy@10 : 0.0096    tailpercentage@10 : 0.0
Tue 09 Apr 2024 11:50:16 INFO  epoch 32 training [time: 36.42s, train loss: 11.8814]
Tue 09 Apr 2024 11:51:06 INFO  epoch 32 evaluating [time: 50.02s, valid_score: 0.529900]
Tue 09 Apr 2024 11:51:06 INFO  valid result: 
recall@10 : 0.5802    mrr@10 : 0.5299    ndcg@10 : 0.4577    hit@10 : 0.8606    map@10 : 0.3416    precision@10 : 0.1728    gauc : 0.9869    itemcoverage@10 : 0.1189    averagepopularity@10 : 5379.6844    giniindex@10 : 0.976    shannonentropy@10 : 0.0094    tailpercentage@10 : 0.0
Tue 09 Apr 2024 11:51:07 INFO  Saving current: saved/mind/NGCF/NGCF-Apr-09-2024_11-00-34.pth
Tue 09 Apr 2024 11:51:43 INFO  epoch 33 training [time: 36.39s, train loss: 11.6357]
Tue 09 Apr 2024 11:52:33 INFO  epoch 33 evaluating [time: 50.21s, valid_score: 0.533700]
Tue 09 Apr 2024 11:52:33 INFO  valid result: 
recall@10 : 0.5852    mrr@10 : 0.5337    ndcg@10 : 0.4619    hit@10 : 0.8653    map@10 : 0.3453    precision@10 : 0.1737    gauc : 0.987    itemcoverage@10 : 0.1216    averagepopularity@10 : 5327.0205    giniindex@10 : 0.9754    shannonentropy@10 : 0.0093    tailpercentage@10 : 0.0
Tue 09 Apr 2024 11:52:34 INFO  Saving current: saved/mind/NGCF/NGCF-Apr-09-2024_11-00-34.pth
Tue 09 Apr 2024 11:53:10 INFO  epoch 34 training [time: 36.29s, train loss: 11.3812]
Tue 09 Apr 2024 11:54:01 INFO  epoch 34 evaluating [time: 50.10s, valid_score: 0.533900]
Tue 09 Apr 2024 11:54:01 INFO  valid result: 
recall@10 : 0.585    mrr@10 : 0.5339    ndcg@10 : 0.4621    hit@10 : 0.8647    map@10 : 0.3454    precision@10 : 0.1743    gauc : 0.9872    itemcoverage@10 : 0.1234    averagepopularity@10 : 5392.3333    giniindex@10 : 0.9757    shannonentropy@10 : 0.0091    tailpercentage@10 : 0.0
Tue 09 Apr 2024 11:54:01 INFO  Saving current: saved/mind/NGCF/NGCF-Apr-09-2024_11-00-34.pth
Tue 09 Apr 2024 11:54:38 INFO  epoch 35 training [time: 36.31s, train loss: 11.2002]
Tue 09 Apr 2024 11:55:33 INFO  epoch 35 evaluating [time: 55.17s, valid_score: 0.532100]
Tue 09 Apr 2024 11:55:33 INFO  valid result: 
recall@10 : 0.5857    mrr@10 : 0.5321    ndcg@10 : 0.4606    hit@10 : 0.8654    map@10 : 0.3432    precision@10 : 0.1745    gauc : 0.9873    itemcoverage@10 : 0.1293    averagepopularity@10 : 5353.1608    giniindex@10 : 0.9753    shannonentropy@10 : 0.0087    tailpercentage@10 : 0.0
Tue 09 Apr 2024 11:56:09 INFO  epoch 36 training [time: 36.44s, train loss: 10.8457]
Tue 09 Apr 2024 11:57:00 INFO  epoch 36 evaluating [time: 51.18s, valid_score: 0.531500]
Tue 09 Apr 2024 11:57:00 INFO  valid result: 
recall@10 : 0.5886    mrr@10 : 0.5315    ndcg@10 : 0.4609    hit@10 : 0.8676    map@10 : 0.3426    precision@10 : 0.1755    gauc : 0.9874    itemcoverage@10 : 0.1287    averagepopularity@10 : 5322.6408    giniindex@10 : 0.975    shannonentropy@10 : 0.0088    tailpercentage@10 : 0.0
Tue 09 Apr 2024 11:57:37 INFO  epoch 37 training [time: 36.42s, train loss: 10.6197]
Tue 09 Apr 2024 11:58:27 INFO  epoch 37 evaluating [time: 50.31s, valid_score: 0.535100]
Tue 09 Apr 2024 11:58:27 INFO  valid result: 
recall@10 : 0.5898    mrr@10 : 0.5351    ndcg@10 : 0.4639    hit@10 : 0.8692    map@10 : 0.3461    precision@10 : 0.1758    gauc : 0.9874    itemcoverage@10 : 0.1309    averagepopularity@10 : 5326.1358    giniindex@10 : 0.9749    shannonentropy@10 : 0.0086    tailpercentage@10 : 0.0
Tue 09 Apr 2024 11:58:28 INFO  Saving current: saved/mind/NGCF/NGCF-Apr-09-2024_11-00-34.pth
Tue 09 Apr 2024 11:59:04 INFO  epoch 38 training [time: 36.31s, train loss: 10.5098]
Tue 09 Apr 2024 11:59:56 INFO  epoch 38 evaluating [time: 52.22s, valid_score: 0.536300]
Tue 09 Apr 2024 11:59:56 INFO  valid result: 
recall@10 : 0.5902    mrr@10 : 0.5363    ndcg@10 : 0.4652    hit@10 : 0.8695    map@10 : 0.3478    precision@10 : 0.1757    gauc : 0.9876    itemcoverage@10 : 0.1375    averagepopularity@10 : 5320.1547    giniindex@10 : 0.9746    shannonentropy@10 : 0.0082    tailpercentage@10 : 0.0
Tue 09 Apr 2024 11:59:57 INFO  Saving current: saved/mind/NGCF/NGCF-Apr-09-2024_11-00-34.pth
Tue 09 Apr 2024 12:00:33 INFO  epoch 39 training [time: 36.37s, train loss: 10.2400]
Tue 09 Apr 2024 12:01:23 INFO  epoch 39 evaluating [time: 50.16s, valid_score: 0.532000]
Tue 09 Apr 2024 12:01:23 INFO  valid result: 
recall@10 : 0.5909    mrr@10 : 0.532    ndcg@10 : 0.4631    hit@10 : 0.8703    map@10 : 0.345    precision@10 : 0.1758    gauc : 0.9877    itemcoverage@10 : 0.1398    averagepopularity@10 : 5285.2523    giniindex@10 : 0.9741    shannonentropy@10 : 0.0081    tailpercentage@10 : 0.0
Tue 09 Apr 2024 12:02:00 INFO  epoch 40 training [time: 36.66s, train loss: 10.1839]
Tue 09 Apr 2024 12:02:50 INFO  epoch 40 evaluating [time: 50.00s, valid_score: 0.533600]
Tue 09 Apr 2024 12:02:50 INFO  valid result: 
recall@10 : 0.5948    mrr@10 : 0.5336    ndcg@10 : 0.4659    hit@10 : 0.8736    map@10 : 0.3473    precision@10 : 0.1768    gauc : 0.9878    itemcoverage@10 : 0.1357    averagepopularity@10 : 5179.9098    giniindex@10 : 0.9729    shannonentropy@10 : 0.0085    tailpercentage@10 : 0.0
Tue 09 Apr 2024 12:03:27 INFO  epoch 41 training [time: 36.68s, train loss: 9.8743]
Tue 09 Apr 2024 12:04:17 INFO  epoch 41 evaluating [time: 50.25s, valid_score: 0.535600]
Tue 09 Apr 2024 12:04:17 INFO  valid result: 
recall@10 : 0.5946    mrr@10 : 0.5356    ndcg@10 : 0.4665    hit@10 : 0.8723    map@10 : 0.348    precision@10 : 0.1771    gauc : 0.9879    itemcoverage@10 : 0.1402    averagepopularity@10 : 5184.0348    giniindex@10 : 0.973    shannonentropy@10 : 0.0082    tailpercentage@10 : 0.0
Tue 09 Apr 2024 12:04:54 INFO  epoch 42 training [time: 36.50s, train loss: 9.5752]
Tue 09 Apr 2024 12:05:44 INFO  epoch 42 evaluating [time: 50.68s, valid_score: 0.537200]
Tue 09 Apr 2024 12:05:44 INFO  valid result: 
recall@10 : 0.596    mrr@10 : 0.5372    ndcg@10 : 0.4678    hit@10 : 0.873    map@10 : 0.3492    precision@10 : 0.1776    gauc : 0.988    itemcoverage@10 : 0.1411    averagepopularity@10 : 5269.2558    giniindex@10 : 0.9734    shannonentropy@10 : 0.0081    tailpercentage@10 : 0.0
Tue 09 Apr 2024 12:05:45 INFO  Saving current: saved/mind/NGCF/NGCF-Apr-09-2024_11-00-34.pth
Tue 09 Apr 2024 12:06:22 INFO  epoch 43 training [time: 36.51s, train loss: 9.5277]
Tue 09 Apr 2024 12:07:12 INFO  epoch 43 evaluating [time: 50.79s, valid_score: 0.540200]
Tue 09 Apr 2024 12:07:12 INFO  valid result: 
recall@10 : 0.5976    mrr@10 : 0.5402    ndcg@10 : 0.4709    hit@10 : 0.8744    map@10 : 0.3526    precision@10 : 0.1782    gauc : 0.9881    itemcoverage@10 : 0.1461    averagepopularity@10 : 5237.1939    giniindex@10 : 0.973    shannonentropy@10 : 0.0078    tailpercentage@10 : 0.0
Tue 09 Apr 2024 12:07:13 INFO  Saving current: saved/mind/NGCF/NGCF-Apr-09-2024_11-00-34.pth
Tue 09 Apr 2024 12:07:50 INFO  epoch 44 training [time: 36.43s, train loss: 9.3692]
Tue 09 Apr 2024 12:08:40 INFO  epoch 44 evaluating [time: 50.45s, valid_score: 0.540000]
Tue 09 Apr 2024 12:08:40 INFO  valid result: 
recall@10 : 0.5985    mrr@10 : 0.54    ndcg@10 : 0.4712    hit@10 : 0.8756    map@10 : 0.3528    precision@10 : 0.1783    gauc : 0.9882    itemcoverage@10 : 0.1465    averagepopularity@10 : 5153.1311    giniindex@10 : 0.9725    shannonentropy@10 : 0.0078    tailpercentage@10 : 0.0
Tue 09 Apr 2024 12:09:17 INFO  epoch 45 training [time: 36.64s, train loss: 9.3871]
Tue 09 Apr 2024 12:10:07 INFO  epoch 45 evaluating [time: 50.49s, valid_score: 0.538700]
Tue 09 Apr 2024 12:10:07 INFO  valid result: 
recall@10 : 0.601    mrr@10 : 0.5387    ndcg@10 : 0.4715    hit@10 : 0.8777    map@10 : 0.3525    precision@10 : 0.1794    gauc : 0.9883    itemcoverage@10 : 0.1527    averagepopularity@10 : 5209.4439    giniindex@10 : 0.9723    shannonentropy@10 : 0.0075    tailpercentage@10 : 0.0
Tue 09 Apr 2024 12:10:44 INFO  epoch 46 training [time: 36.83s, train loss: 9.0673]
Tue 09 Apr 2024 12:11:35 INFO  epoch 46 evaluating [time: 50.51s, valid_score: 0.537500]
Tue 09 Apr 2024 12:11:35 INFO  valid result: 
recall@10 : 0.6013    mrr@10 : 0.5375    ndcg@10 : 0.4705    hit@10 : 0.8771    map@10 : 0.3509    precision@10 : 0.1796    gauc : 0.9884    itemcoverage@10 : 0.1549    averagepopularity@10 : 5166.2834    giniindex@10 : 0.9719    shannonentropy@10 : 0.0074    tailpercentage@10 : 0.0
Tue 09 Apr 2024 12:12:11 INFO  epoch 47 training [time: 36.56s, train loss: 8.8473]
Tue 09 Apr 2024 12:13:02 INFO  epoch 47 evaluating [time: 50.37s, valid_score: 0.538900]
Tue 09 Apr 2024 12:13:02 INFO  valid result: 
recall@10 : 0.6006    mrr@10 : 0.5389    ndcg@10 : 0.4716    hit@10 : 0.8754    map@10 : 0.3527    precision@10 : 0.1795    gauc : 0.9884    itemcoverage@10 : 0.1558    averagepopularity@10 : 5173.2016    giniindex@10 : 0.9723    shannonentropy@10 : 0.0074    tailpercentage@10 : 0.0
Tue 09 Apr 2024 12:13:38 INFO  epoch 48 training [time: 36.50s, train loss: 8.8158]
Tue 09 Apr 2024 12:14:28 INFO  epoch 48 evaluating [time: 50.09s, valid_score: 0.533600]
Tue 09 Apr 2024 12:14:28 INFO  valid result: 
recall@10 : 0.5996    mrr@10 : 0.5336    ndcg@10 : 0.4681    hit@10 : 0.8733    map@10 : 0.3486    precision@10 : 0.1797    gauc : 0.9885    itemcoverage@10 : 0.159    averagepopularity@10 : 5166.4716    giniindex@10 : 0.9722    shannonentropy@10 : 0.0072    tailpercentage@10 : 0.0
Tue 09 Apr 2024 12:15:05 INFO  epoch 49 training [time: 36.49s, train loss: 8.7192]
Tue 09 Apr 2024 12:15:54 INFO  epoch 49 evaluating [time: 49.72s, valid_score: 0.534300]
Tue 09 Apr 2024 12:15:54 INFO  valid result: 
recall@10 : 0.6026    mrr@10 : 0.5343    ndcg@10 : 0.4696    hit@10 : 0.8774    map@10 : 0.3495    precision@10 : 0.1801    gauc : 0.9885    itemcoverage@10 : 0.1608    averagepopularity@10 : 5107.9438    giniindex@10 : 0.971    shannonentropy@10 : 0.0072    tailpercentage@10 : 0.0
Tue 09 Apr 2024 12:16:31 INFO  epoch 50 training [time: 36.40s, train loss: 8.5892]
Tue 09 Apr 2024 12:17:20 INFO  epoch 50 evaluating [time: 49.54s, valid_score: 0.537800]
Tue 09 Apr 2024 12:17:20 INFO  valid result: 
recall@10 : 0.601    mrr@10 : 0.5378    ndcg@10 : 0.471    hit@10 : 0.8751    map@10 : 0.3518    precision@10 : 0.1799    gauc : 0.9886    itemcoverage@10 : 0.1624    averagepopularity@10 : 5144.5696    giniindex@10 : 0.9716    shannonentropy@10 : 0.0071    tailpercentage@10 : 0.0
Tue 09 Apr 2024 12:17:57 INFO  epoch 51 training [time: 36.56s, train loss: 8.5206]
Tue 09 Apr 2024 12:18:47 INFO  epoch 51 evaluating [time: 50.35s, valid_score: 0.535700]
Tue 09 Apr 2024 12:18:47 INFO  valid result: 
recall@10 : 0.6022    mrr@10 : 0.5357    ndcg@10 : 0.4708    hit@10 : 0.8758    map@10 : 0.3511    precision@10 : 0.1806    gauc : 0.9887    itemcoverage@10 : 0.1642    averagepopularity@10 : 5083.0549    giniindex@10 : 0.9705    shannonentropy@10 : 0.0071    tailpercentage@10 : 0.0
Tue 09 Apr 2024 12:19:24 INFO  epoch 52 training [time: 36.47s, train loss: 8.2630]
Tue 09 Apr 2024 12:20:14 INFO  epoch 52 evaluating [time: 50.28s, valid_score: 0.538300]
Tue 09 Apr 2024 12:20:14 INFO  valid result: 
recall@10 : 0.6032    mrr@10 : 0.5383    ndcg@10 : 0.4721    hit@10 : 0.876    map@10 : 0.3524    precision@10 : 0.1808    gauc : 0.9887    itemcoverage@10 : 0.166    averagepopularity@10 : 5131.6594    giniindex@10 : 0.9708    shannonentropy@10 : 0.007    tailpercentage@10 : 0.0
Tue 09 Apr 2024 12:20:51 INFO  epoch 53 training [time: 36.58s, train loss: 8.2410]
Tue 09 Apr 2024 12:21:42 INFO  epoch 53 evaluating [time: 51.04s, valid_score: 0.536400]
Tue 09 Apr 2024 12:21:42 INFO  valid result: 
recall@10 : 0.6024    mrr@10 : 0.5364    ndcg@10 : 0.4707    hit@10 : 0.876    map@10 : 0.3508    precision@10 : 0.1809    gauc : 0.9888    itemcoverage@10 : 0.1685    averagepopularity@10 : 5096.5407    giniindex@10 : 0.9702    shannonentropy@10 : 0.0069    tailpercentage@10 : 0.0
Tue 09 Apr 2024 12:22:18 INFO  epoch 54 training [time: 36.41s, train loss: 8.0740]
Tue 09 Apr 2024 12:23:08 INFO  epoch 54 evaluating [time: 49.90s, valid_score: 0.538400]
Tue 09 Apr 2024 12:23:08 INFO  valid result: 
recall@10 : 0.6052    mrr@10 : 0.5384    ndcg@10 : 0.4726    hit@10 : 0.8777    map@10 : 0.3524    precision@10 : 0.1816    gauc : 0.9889    itemcoverage@10 : 0.1685    averagepopularity@10 : 5083.7591    giniindex@10 : 0.9706    shannonentropy@10 : 0.0069    tailpercentage@10 : 0.0
Tue 09 Apr 2024 12:23:08 INFO  Finished training, best eval result in epoch 43
Tue 09 Apr 2024 12:23:11 INFO  Loading model structure and parameters from saved/mind/NGCF/NGCF-Apr-09-2024_11-00-34.pth
Tue 09 Apr 2024 12:24:05 INFO  The running environment of this training is as follows:
+-------------+----------------+
| Environment |     Usage      |
+=============+================+
| CPU         |     5.00 %     |
+-------------+----------------+
| GPU         | 0.34 G/14.58 G |
+-------------+----------------+
| Memory      | 1.80 G/27.41 G |
+-------------+----------------+
Tue 09 Apr 2024 12:24:05 INFO  best valid : OrderedDict([('recall@10', 0.5976), ('mrr@10', 0.5402), ('ndcg@10', 0.4709), ('hit@10', 0.8744), ('map@10', 0.3526), ('precision@10', 0.1782), ('gauc', 0.9881), ('itemcoverage@10', 0.1461), ('averagepopularity@10', 5237.1939), ('giniindex@10', 0.973), ('shannonentropy@10', 0.0078), ('tailpercentage@10', 0.0)])
Tue 09 Apr 2024 12:24:05 INFO  test result: OrderedDict([('recall@10', 0.6396), ('mrr@10', 0.6396), ('ndcg@10', 0.5498), ('hit@10', 0.8834), ('map@10', 0.4428), ('precision@10', 0.1954), ('gauc', 0.9891), ('itemcoverage@10', 0.1626), ('averagepopularity@10', 4991.2039), ('giniindex@10', 0.9704), ('shannonentropy@10', 0.0072), ('tailpercentage@10', 0.0)])
Tue 09 Apr 2024 12:24:07 INFO  
General Hyper Parameters:
gpu_id = 0
use_gpu = True
seed = 2020
state = INFO
reproducibility = True
data_path = data/mind
checkpoint_dir = saved/mind/NGCF
show_progress = True
save_dataset = False
dataset_save_path = None
save_dataloaders = False
dataloaders_save_path = None
log_wandb = False

Training Hyper Parameters:
epochs = 300
train_batch_size = 2048
learner = adam
learning_rate = 0.001
train_neg_sample_args = {'distribution': 'uniform', 'sample_num': 1, 'dynamic': False, 'candidate_num': 0, 'alpha': 1.0}
eval_step = 1
stopping_step = 10
clip_grad_norm = None
weight_decay = 0.0
loss_decimal_place = 4

Evaluation Hyper Parameters:
eval_args = {'split': {'RS': [0.8, 0.1, 0.1]}, 'order': 'RO', 'group_by': 'user', 'mode': {'valid': 'full', 'test': 'full'}}
repeatable = False
metrics = ['Recall', 'MRR', 'NDCG', 'Hit', 'MAP', 'Precision', 'GAUC', 'ItemCoverage', 'AveragePopularity', 'GiniIndex', 'ShannonEntropy', 'TailPercentage']
topk = [10]
valid_metric = MRR@10
valid_metric_bigger = True
eval_batch_size = 4096
metric_decimal_place = 4

Dataset Hyper Parameters:
field_separator = 	
seq_separator =  
USER_ID_FIELD = user_id
ITEM_ID_FIELD = item_id
RATING_FIELD = rating
TIME_FIELD = timestamp
seq_len = None
LABEL_FIELD = label
threshold = None
NEG_PREFIX = neg_
load_col = {'inter': ['user_id', 'item_id']}
unload_col = None
unused_col = None
additional_feat_suffix = None
rm_dup_inter = None
val_interval = None
filter_inter_by_user_or_item = True
user_inter_num_interval = [0,inf)
item_inter_num_interval = [0,inf)
alias_of_user_id = None
alias_of_item_id = None
alias_of_entity_id = None
alias_of_relation_id = None
preload_weight = None
normalize_field = None
normalize_all = None
ITEM_LIST_LENGTH_FIELD = item_length
LIST_SUFFIX = _list
MAX_ITEM_LIST_LENGTH = 50
POSITION_FIELD = position_id
HEAD_ENTITY_ID_FIELD = head_id
TAIL_ENTITY_ID_FIELD = tail_id
RELATION_ID_FIELD = relation_id
ENTITY_ID_FIELD = entity_id
benchmark_filename = None

Other Hyper Parameters: 
worker = 0
wandb_project = recbole
shuffle = True
require_pow = False
enable_amp = False
enable_scaler = False
transform = None
embedding_size = 64
hidden_size_list = [64, 64, 64]
node_dropout = 0.0
message_dropout = 0.1
reg_weight = 1e-05
numerical_features = []
discretization = None
kg_reverse_r = False
entity_kg_num_interval = [0,inf)
relation_kg_num_interval = [0,inf)
MODEL_TYPE = ModelType.GENERAL
encoding = utf-8
device = cuda
my_log_file = /mnt/batch/tasks/shared/LS_root/mounts/clusters/fontanagpu/code/sustainability-of-recsys/log/carbon_default.log
MODEL_INPUT_TYPE = InputType.PAIRWISE
eval_type = EvaluatorType.RANKING
single_spec = True
local_rank = 0
valid_neg_sample_args = {'distribution': 'uniform', 'sample_num': 'none'}
test_neg_sample_args = {'distribution': 'uniform', 'sample_num': 'none'}


Tue 09 Apr 2024 12:24:10 INFO  mind
The number of users: 23680
Average actions of users: 44.282908906626126
The number of items: 4415
Average actions of items: 237.55663797009515
The number of inters: 1048575
The sparsity of the dataset: 98.9970319625968%
Remain Fields: ['user_id', 'item_id']
Tue 09 Apr 2024 12:24:13 INFO  [Training]: train_batch_size = [2048] train_neg_sample_args: [{'distribution': 'uniform', 'sample_num': 1, 'dynamic': False, 'candidate_num': 0, 'alpha': 1.0}]
Tue 09 Apr 2024 12:24:13 INFO  [Evaluation]: eval_batch_size = [4096] eval_args: [{'split': {'RS': [0.8, 0.1, 0.1]}, 'order': 'RO', 'group_by': 'user', 'mode': {'valid': 'full', 'test': 'full'}}]
Tue 09 Apr 2024 12:24:16 INFO  Loading model structure and parameters from saved/mind/NGCF/NGCF-Apr-09-2024_11-00-34.pth
