Fri 05 Apr 2024 20:25:42 INFO  ['src/default_tracker.py', '--dataset=LFM-1b_artist_20U50I_50strat', '--model=NGCF']
Fri 05 Apr 2024 20:25:42 INFO  
General Hyper Parameters:
gpu_id = 0
use_gpu = True
seed = 2020
state = INFO
reproducibility = True
data_path = data/LFM-1b_artist_20U50I_50strat
checkpoint_dir = saved/LFM-1b_artist_20U50I_50strat/NGCF
show_progress = True
save_dataset = False
dataset_save_path = None
save_dataloaders = False
dataloaders_save_path = None
log_wandb = False

Training Hyper Parameters:
epochs = 200
train_batch_size = 2048
learner = adam
learning_rate = 0.001
train_neg_sample_args = {'distribution': 'uniform', 'sample_num': 1, 'dynamic': False, 'candidate_num': 0, 'alpha': 1.0}
eval_step = 1
stopping_step = 10
clip_grad_norm = None
weight_decay = 0.0
loss_decimal_place = 4

Evaluation Hyper Parameters:
eval_args = {'split': {'RS': [0.8, 0.1, 0.1]}, 'order': 'RO', 'group_by': 'user', 'mode': {'valid': 'full', 'test': 'full'}}
repeatable = False
metrics = ['Recall', 'MRR', 'NDCG', 'Hit', 'Precision']
topk = [10]
valid_metric = MRR@10
valid_metric_bigger = True
eval_batch_size = 4096
metric_decimal_place = 4

Dataset Hyper Parameters:
field_separator = 	
seq_separator =  
USER_ID_FIELD = user_id
ITEM_ID_FIELD = item_id
RATING_FIELD = rating
TIME_FIELD = timestamp
seq_len = None
LABEL_FIELD = label
threshold = None
NEG_PREFIX = neg_
load_col = {'inter': ['user_id', 'item_id']}
unload_col = None
unused_col = None
additional_feat_suffix = None
rm_dup_inter = None
val_interval = None
filter_inter_by_user_or_item = True
user_inter_num_interval = [0,inf)
item_inter_num_interval = [0,inf)
alias_of_user_id = None
alias_of_item_id = None
alias_of_entity_id = None
alias_of_relation_id = None
preload_weight = None
normalize_field = None
normalize_all = None
ITEM_LIST_LENGTH_FIELD = item_length
LIST_SUFFIX = _list
MAX_ITEM_LIST_LENGTH = 50
POSITION_FIELD = position_id
HEAD_ENTITY_ID_FIELD = head_id
TAIL_ENTITY_ID_FIELD = tail_id
RELATION_ID_FIELD = relation_id
ENTITY_ID_FIELD = entity_id
benchmark_filename = None

Other Hyper Parameters: 
worker = 0
wandb_project = recbole
shuffle = True
require_pow = False
enable_amp = False
enable_scaler = False
transform = None
embedding_size = 64
hidden_size_list = [64, 64, 64]
node_dropout = 0.0
message_dropout = 0.1
reg_weight = 1e-05
numerical_features = []
discretization = None
kg_reverse_r = False
entity_kg_num_interval = [0,inf)
relation_kg_num_interval = [0,inf)
MODEL_TYPE = ModelType.GENERAL
encoding = utf-8
device = cuda
my_log_file = /mnt/batch/tasks/shared/LS_root/mounts/clusters/fontanagpu/code/sustainability-of-recsys/log/carbon_default.log
MODEL_INPUT_TYPE = InputType.PAIRWISE
eval_type = EvaluatorType.RANKING
single_spec = True
local_rank = 0
valid_neg_sample_args = {'distribution': 'uniform', 'sample_num': 'none'}
test_neg_sample_args = {'distribution': 'uniform', 'sample_num': 'none'}


Fri 05 Apr 2024 20:25:44 INFO  LFM-1b_artist_20U50I_50strat
The number of users: 19842
Average actions of users: 22.20755002268031
The number of items: 33654
Average actions of items: 13.093037767806733
The number of inters: 440620
The sparsity of the dataset: 99.93401547868501%
Remain Fields: ['user_id', 'item_id']
Fri 05 Apr 2024 20:25:46 INFO  [Training]: train_batch_size = [2048] train_neg_sample_args: [{'distribution': 'uniform', 'sample_num': 1, 'dynamic': False, 'candidate_num': 0, 'alpha': 1.0}]
Fri 05 Apr 2024 20:25:46 INFO  [Evaluation]: eval_batch_size = [4096] eval_args: [{'split': {'RS': [0.8, 0.1, 0.1]}, 'order': 'RO', 'group_by': 'user', 'mode': {'valid': 'full', 'test': 'full'}}]
Fri 05 Apr 2024 20:25:48 INFO  NGCF(
  (sparse_dropout): SparseDropout()
  (user_embedding): Embedding(19842, 64)
  (item_embedding): Embedding(33654, 64)
  (GNNlayers): ModuleList(
    (0-2): 3 x BiGNNLayer(
      (linear): Linear(in_features=64, out_features=64, bias=True)
      (interActTransform): Linear(in_features=64, out_features=64, bias=True)
    )
  )
  (mf_loss): BPRLoss()
  (reg_loss): EmbLoss()
)
Trainable parameters: 3448704
Fri 05 Apr 2024 20:25:56 INFO  FLOPs: 1314717696.0
Fri 05 Apr 2024 20:26:37 INFO  epoch 0 training [time: 13.19s, train loss: 50.5320]
Fri 05 Apr 2024 20:26:59 INFO  epoch 0 evaluating [time: 22.33s, valid_score: 0.001800]
Fri 05 Apr 2024 20:26:59 INFO  valid result: 
recall@10 : 0.0031    mrr@10 : 0.0018    ndcg@10 : 0.0016    hit@10 : 0.0079    precision@10 : 0.0008
Fri 05 Apr 2024 20:27:00 INFO  Saving current: saved/LFM-1b_artist_20U50I_50strat/NGCF/NGCF-Apr-05-2024_20-25-56.pth
Fri 05 Apr 2024 20:27:11 INFO  epoch 1 training [time: 10.84s, train loss: 37.6043]
Fri 05 Apr 2024 20:27:33 INFO  epoch 1 evaluating [time: 21.61s, valid_score: 0.005000]
Fri 05 Apr 2024 20:27:33 INFO  valid result: 
recall@10 : 0.008    mrr@10 : 0.005    ndcg@10 : 0.0045    hit@10 : 0.0167    precision@10 : 0.0017
Fri 05 Apr 2024 20:27:34 INFO  Saving current: saved/LFM-1b_artist_20U50I_50strat/NGCF/NGCF-Apr-05-2024_20-25-56.pth
Fri 05 Apr 2024 20:27:45 INFO  epoch 2 training [time: 10.86s, train loss: 33.2873]
Fri 05 Apr 2024 20:28:07 INFO  epoch 2 evaluating [time: 21.68s, valid_score: 0.007500]
Fri 05 Apr 2024 20:28:07 INFO  valid result: 
recall@10 : 0.0142    mrr@10 : 0.0075    ndcg@10 : 0.0073    hit@10 : 0.0277    precision@10 : 0.0028
Fri 05 Apr 2024 20:28:08 INFO  Saving current: saved/LFM-1b_artist_20U50I_50strat/NGCF/NGCF-Apr-05-2024_20-25-56.pth
Fri 05 Apr 2024 20:28:18 INFO  epoch 3 training [time: 10.83s, train loss: 30.9859]
Fri 05 Apr 2024 20:28:40 INFO  epoch 3 evaluating [time: 21.70s, valid_score: 0.009900]
Fri 05 Apr 2024 20:28:40 INFO  valid result: 
recall@10 : 0.0161    mrr@10 : 0.0099    ndcg@10 : 0.0091    hit@10 : 0.0306    precision@10 : 0.0031
Fri 05 Apr 2024 20:28:41 INFO  Saving current: saved/LFM-1b_artist_20U50I_50strat/NGCF/NGCF-Apr-05-2024_20-25-56.pth
Fri 05 Apr 2024 20:28:52 INFO  epoch 4 training [time: 10.87s, train loss: 29.3885]
Fri 05 Apr 2024 20:29:15 INFO  epoch 4 evaluating [time: 23.26s, valid_score: 0.013100]
Fri 05 Apr 2024 20:29:15 INFO  valid result: 
recall@10 : 0.023    mrr@10 : 0.0131    ndcg@10 : 0.0126    hit@10 : 0.0414    precision@10 : 0.0042
Fri 05 Apr 2024 20:29:16 INFO  Saving current: saved/LFM-1b_artist_20U50I_50strat/NGCF/NGCF-Apr-05-2024_20-25-56.pth
Fri 05 Apr 2024 20:29:27 INFO  epoch 5 training [time: 10.83s, train loss: 28.1825]
Fri 05 Apr 2024 20:29:49 INFO  epoch 5 evaluating [time: 21.80s, valid_score: 0.015500]
Fri 05 Apr 2024 20:29:49 INFO  valid result: 
recall@10 : 0.027    mrr@10 : 0.0155    ndcg@10 : 0.015    hit@10 : 0.0466    precision@10 : 0.0048
Fri 05 Apr 2024 20:29:50 INFO  Saving current: saved/LFM-1b_artist_20U50I_50strat/NGCF/NGCF-Apr-05-2024_20-25-56.pth
Fri 05 Apr 2024 20:30:01 INFO  epoch 6 training [time: 10.87s, train loss: 27.3057]
Fri 05 Apr 2024 20:30:22 INFO  epoch 6 evaluating [time: 21.76s, valid_score: 0.020100]
Fri 05 Apr 2024 20:30:22 INFO  valid result: 
recall@10 : 0.0359    mrr@10 : 0.0201    ndcg@10 : 0.02    hit@10 : 0.0619    precision@10 : 0.0063
Fri 05 Apr 2024 20:30:23 INFO  Saving current: saved/LFM-1b_artist_20U50I_50strat/NGCF/NGCF-Apr-05-2024_20-25-56.pth
Fri 05 Apr 2024 20:30:34 INFO  epoch 7 training [time: 10.87s, train loss: 26.4853]
Fri 05 Apr 2024 20:30:56 INFO  epoch 7 evaluating [time: 21.82s, valid_score: 0.022900]
Fri 05 Apr 2024 20:30:56 INFO  valid result: 
recall@10 : 0.0407    mrr@10 : 0.0229    ndcg@10 : 0.0226    hit@10 : 0.068    precision@10 : 0.007
Fri 05 Apr 2024 20:30:57 INFO  Saving current: saved/LFM-1b_artist_20U50I_50strat/NGCF/NGCF-Apr-05-2024_20-25-56.pth
Fri 05 Apr 2024 20:31:08 INFO  epoch 8 training [time: 10.87s, train loss: 25.8927]
Fri 05 Apr 2024 20:31:30 INFO  epoch 8 evaluating [time: 21.80s, valid_score: 0.026000]
Fri 05 Apr 2024 20:31:30 INFO  valid result: 
recall@10 : 0.0479    mrr@10 : 0.026    ndcg@10 : 0.0258    hit@10 : 0.0806    precision@10 : 0.0084
Fri 05 Apr 2024 20:31:31 INFO  Saving current: saved/LFM-1b_artist_20U50I_50strat/NGCF/NGCF-Apr-05-2024_20-25-56.pth
Fri 05 Apr 2024 20:31:42 INFO  epoch 9 training [time: 10.88s, train loss: 25.4074]
Fri 05 Apr 2024 20:32:03 INFO  epoch 9 evaluating [time: 21.78s, valid_score: 0.031600]
Fri 05 Apr 2024 20:32:03 INFO  valid result: 
recall@10 : 0.0565    mrr@10 : 0.0316    ndcg@10 : 0.0315    hit@10 : 0.0938    precision@10 : 0.0098
Fri 05 Apr 2024 20:32:04 INFO  Saving current: saved/LFM-1b_artist_20U50I_50strat/NGCF/NGCF-Apr-05-2024_20-25-56.pth
Fri 05 Apr 2024 20:32:15 INFO  epoch 10 training [time: 10.88s, train loss: 24.9279]
Fri 05 Apr 2024 20:32:37 INFO  epoch 10 evaluating [time: 21.78s, valid_score: 0.035200]
Fri 05 Apr 2024 20:32:37 INFO  valid result: 
recall@10 : 0.0641    mrr@10 : 0.0352    ndcg@10 : 0.0351    hit@10 : 0.1054    precision@10 : 0.0112
Fri 05 Apr 2024 20:32:38 INFO  Saving current: saved/LFM-1b_artist_20U50I_50strat/NGCF/NGCF-Apr-05-2024_20-25-56.pth
Fri 05 Apr 2024 20:32:49 INFO  epoch 11 training [time: 10.87s, train loss: 24.2526]
Fri 05 Apr 2024 20:33:11 INFO  epoch 11 evaluating [time: 21.87s, valid_score: 0.042300]
Fri 05 Apr 2024 20:33:11 INFO  valid result: 
recall@10 : 0.0712    mrr@10 : 0.0423    ndcg@10 : 0.0406    hit@10 : 0.1188    precision@10 : 0.0125
Fri 05 Apr 2024 20:33:12 INFO  Saving current: saved/LFM-1b_artist_20U50I_50strat/NGCF/NGCF-Apr-05-2024_20-25-56.pth
Fri 05 Apr 2024 20:33:22 INFO  epoch 12 training [time: 10.88s, train loss: 23.8248]
Fri 05 Apr 2024 20:33:44 INFO  epoch 12 evaluating [time: 21.91s, valid_score: 0.048300]
Fri 05 Apr 2024 20:33:44 INFO  valid result: 
recall@10 : 0.0791    mrr@10 : 0.0483    ndcg@10 : 0.0456    hit@10 : 0.1349    precision@10 : 0.0143
Fri 05 Apr 2024 20:33:45 INFO  Saving current: saved/LFM-1b_artist_20U50I_50strat/NGCF/NGCF-Apr-05-2024_20-25-56.pth
Fri 05 Apr 2024 20:33:56 INFO  epoch 13 training [time: 10.86s, train loss: 23.4586]
Fri 05 Apr 2024 20:34:18 INFO  epoch 13 evaluating [time: 21.83s, valid_score: 0.051200]
Fri 05 Apr 2024 20:34:18 INFO  valid result: 
recall@10 : 0.085    mrr@10 : 0.0512    ndcg@10 : 0.0482    hit@10 : 0.1442    precision@10 : 0.0154
Fri 05 Apr 2024 20:34:19 INFO  Saving current: saved/LFM-1b_artist_20U50I_50strat/NGCF/NGCF-Apr-05-2024_20-25-56.pth
Fri 05 Apr 2024 20:34:30 INFO  epoch 14 training [time: 10.91s, train loss: 22.9691]
Fri 05 Apr 2024 20:34:52 INFO  epoch 14 evaluating [time: 21.82s, valid_score: 0.056400]
Fri 05 Apr 2024 20:34:52 INFO  valid result: 
recall@10 : 0.0918    mrr@10 : 0.0564    ndcg@10 : 0.0526    hit@10 : 0.1577    precision@10 : 0.0171
Fri 05 Apr 2024 20:34:53 INFO  Saving current: saved/LFM-1b_artist_20U50I_50strat/NGCF/NGCF-Apr-05-2024_20-25-56.pth
Fri 05 Apr 2024 20:35:03 INFO  epoch 15 training [time: 10.89s, train loss: 22.3594]
Fri 05 Apr 2024 20:35:25 INFO  epoch 15 evaluating [time: 21.87s, valid_score: 0.059900]
Fri 05 Apr 2024 20:35:25 INFO  valid result: 
recall@10 : 0.0943    mrr@10 : 0.0599    ndcg@10 : 0.0553    hit@10 : 0.1639    precision@10 : 0.0178
Fri 05 Apr 2024 20:35:26 INFO  Saving current: saved/LFM-1b_artist_20U50I_50strat/NGCF/NGCF-Apr-05-2024_20-25-56.pth
Fri 05 Apr 2024 20:35:37 INFO  epoch 16 training [time: 10.92s, train loss: 21.9547]
Fri 05 Apr 2024 20:35:59 INFO  epoch 16 evaluating [time: 21.91s, valid_score: 0.061100]
Fri 05 Apr 2024 20:35:59 INFO  valid result: 
recall@10 : 0.0989    mrr@10 : 0.0611    ndcg@10 : 0.0571    hit@10 : 0.1715    precision@10 : 0.0186
Fri 05 Apr 2024 20:36:00 INFO  Saving current: saved/LFM-1b_artist_20U50I_50strat/NGCF/NGCF-Apr-05-2024_20-25-56.pth
Fri 05 Apr 2024 20:36:11 INFO  epoch 17 training [time: 10.87s, train loss: 21.4486]
Fri 05 Apr 2024 20:36:33 INFO  epoch 17 evaluating [time: 21.83s, valid_score: 0.061900]
Fri 05 Apr 2024 20:36:33 INFO  valid result: 
recall@10 : 0.1001    mrr@10 : 0.0619    ndcg@10 : 0.0579    hit@10 : 0.1742    precision@10 : 0.019
Fri 05 Apr 2024 20:36:34 INFO  Saving current: saved/LFM-1b_artist_20U50I_50strat/NGCF/NGCF-Apr-05-2024_20-25-56.pth
Fri 05 Apr 2024 20:36:45 INFO  epoch 18 training [time: 10.87s, train loss: 20.8813]
Fri 05 Apr 2024 20:37:06 INFO  epoch 18 evaluating [time: 21.84s, valid_score: 0.063000]
Fri 05 Apr 2024 20:37:06 INFO  valid result: 
recall@10 : 0.1035    mrr@10 : 0.063    ndcg@10 : 0.059    hit@10 : 0.1796    precision@10 : 0.0197
Fri 05 Apr 2024 20:37:07 INFO  Saving current: saved/LFM-1b_artist_20U50I_50strat/NGCF/NGCF-Apr-05-2024_20-25-56.pth
Fri 05 Apr 2024 20:37:18 INFO  epoch 19 training [time: 10.92s, train loss: 20.4213]
Fri 05 Apr 2024 20:37:40 INFO  epoch 19 evaluating [time: 21.91s, valid_score: 0.063200]
Fri 05 Apr 2024 20:37:40 INFO  valid result: 
recall@10 : 0.1022    mrr@10 : 0.0632    ndcg@10 : 0.0588    hit@10 : 0.1787    precision@10 : 0.0196
Fri 05 Apr 2024 20:37:41 INFO  Saving current: saved/LFM-1b_artist_20U50I_50strat/NGCF/NGCF-Apr-05-2024_20-25-56.pth
Fri 05 Apr 2024 20:37:52 INFO  epoch 20 training [time: 10.88s, train loss: 19.8948]
Fri 05 Apr 2024 20:38:14 INFO  epoch 20 evaluating [time: 21.84s, valid_score: 0.064700]
Fri 05 Apr 2024 20:38:14 INFO  valid result: 
recall@10 : 0.1023    mrr@10 : 0.0647    ndcg@10 : 0.0595    hit@10 : 0.1796    precision@10 : 0.0198
Fri 05 Apr 2024 20:38:15 INFO  Saving current: saved/LFM-1b_artist_20U50I_50strat/NGCF/NGCF-Apr-05-2024_20-25-56.pth
Fri 05 Apr 2024 20:38:26 INFO  epoch 21 training [time: 10.92s, train loss: 19.3056]
Fri 05 Apr 2024 20:38:47 INFO  epoch 21 evaluating [time: 21.87s, valid_score: 0.065900]
Fri 05 Apr 2024 20:38:47 INFO  valid result: 
recall@10 : 0.104    mrr@10 : 0.0659    ndcg@10 : 0.0608    hit@10 : 0.1818    precision@10 : 0.0201
Fri 05 Apr 2024 20:38:48 INFO  Saving current: saved/LFM-1b_artist_20U50I_50strat/NGCF/NGCF-Apr-05-2024_20-25-56.pth
Fri 05 Apr 2024 20:38:59 INFO  epoch 22 training [time: 10.88s, train loss: 18.7459]
Fri 05 Apr 2024 20:39:21 INFO  epoch 22 evaluating [time: 21.87s, valid_score: 0.065700]
Fri 05 Apr 2024 20:39:21 INFO  valid result: 
recall@10 : 0.105    mrr@10 : 0.0657    ndcg@10 : 0.0609    hit@10 : 0.1826    precision@10 : 0.02
Fri 05 Apr 2024 20:39:32 INFO  epoch 23 training [time: 10.98s, train loss: 18.2249]
Fri 05 Apr 2024 20:39:54 INFO  epoch 23 evaluating [time: 21.87s, valid_score: 0.065700]
Fri 05 Apr 2024 20:39:54 INFO  valid result: 
recall@10 : 0.1049    mrr@10 : 0.0657    ndcg@10 : 0.0607    hit@10 : 0.1835    precision@10 : 0.02
Fri 05 Apr 2024 20:40:05 INFO  epoch 24 training [time: 11.03s, train loss: 17.8496]
Fri 05 Apr 2024 20:40:27 INFO  epoch 24 evaluating [time: 21.81s, valid_score: 0.065400]
Fri 05 Apr 2024 20:40:27 INFO  valid result: 
recall@10 : 0.1049    mrr@10 : 0.0654    ndcg@10 : 0.0608    hit@10 : 0.1831    precision@10 : 0.0202
Fri 05 Apr 2024 20:40:38 INFO  epoch 25 training [time: 11.00s, train loss: 17.4323]
Fri 05 Apr 2024 20:41:00 INFO  epoch 25 evaluating [time: 21.84s, valid_score: 0.066600]
Fri 05 Apr 2024 20:41:00 INFO  valid result: 
recall@10 : 0.1062    mrr@10 : 0.0666    ndcg@10 : 0.0618    hit@10 : 0.1844    precision@10 : 0.0203
Fri 05 Apr 2024 20:41:01 INFO  Saving current: saved/LFM-1b_artist_20U50I_50strat/NGCF/NGCF-Apr-05-2024_20-25-56.pth
Fri 05 Apr 2024 20:41:11 INFO  epoch 26 training [time: 10.89s, train loss: 16.9597]
Fri 05 Apr 2024 20:41:33 INFO  epoch 26 evaluating [time: 21.85s, valid_score: 0.067500]
Fri 05 Apr 2024 20:41:33 INFO  valid result: 
recall@10 : 0.1089    mrr@10 : 0.0675    ndcg@10 : 0.0631    hit@10 : 0.1874    precision@10 : 0.0207
Fri 05 Apr 2024 20:41:34 INFO  Saving current: saved/LFM-1b_artist_20U50I_50strat/NGCF/NGCF-Apr-05-2024_20-25-56.pth
Fri 05 Apr 2024 20:41:45 INFO  epoch 27 training [time: 10.89s, train loss: 16.6656]
Fri 05 Apr 2024 20:42:07 INFO  epoch 27 evaluating [time: 21.86s, valid_score: 0.068200]
Fri 05 Apr 2024 20:42:07 INFO  valid result: 
recall@10 : 0.1088    mrr@10 : 0.0682    ndcg@10 : 0.0633    hit@10 : 0.1866    precision@10 : 0.0206
Fri 05 Apr 2024 20:42:08 INFO  Saving current: saved/LFM-1b_artist_20U50I_50strat/NGCF/NGCF-Apr-05-2024_20-25-56.pth
Fri 05 Apr 2024 20:42:19 INFO  epoch 28 training [time: 10.91s, train loss: 16.1718]
Fri 05 Apr 2024 20:42:41 INFO  epoch 28 evaluating [time: 21.84s, valid_score: 0.069400]
Fri 05 Apr 2024 20:42:41 INFO  valid result: 
recall@10 : 0.108    mrr@10 : 0.0694    ndcg@10 : 0.0642    hit@10 : 0.1878    precision@10 : 0.0206
Fri 05 Apr 2024 20:42:42 INFO  Saving current: saved/LFM-1b_artist_20U50I_50strat/NGCF/NGCF-Apr-05-2024_20-25-56.pth
Fri 05 Apr 2024 20:42:52 INFO  epoch 29 training [time: 10.88s, train loss: 15.9289]
Fri 05 Apr 2024 20:43:14 INFO  epoch 29 evaluating [time: 21.81s, valid_score: 0.068800]
Fri 05 Apr 2024 20:43:14 INFO  valid result: 
recall@10 : 0.1089    mrr@10 : 0.0688    ndcg@10 : 0.0638    hit@10 : 0.1881    precision@10 : 0.0207
Fri 05 Apr 2024 20:43:25 INFO  epoch 30 training [time: 10.99s, train loss: 15.4996]
Fri 05 Apr 2024 20:43:47 INFO  epoch 30 evaluating [time: 21.83s, valid_score: 0.068200]
Fri 05 Apr 2024 20:43:47 INFO  valid result: 
recall@10 : 0.1098    mrr@10 : 0.0682    ndcg@10 : 0.0636    hit@10 : 0.1889    precision@10 : 0.0208
Fri 05 Apr 2024 20:43:58 INFO  epoch 31 training [time: 11.01s, train loss: 15.0908]
Fri 05 Apr 2024 20:44:20 INFO  epoch 31 evaluating [time: 21.87s, valid_score: 0.069500]
Fri 05 Apr 2024 20:44:20 INFO  valid result: 
recall@10 : 0.1114    mrr@10 : 0.0695    ndcg@10 : 0.065    hit@10 : 0.1928    precision@10 : 0.0212
Fri 05 Apr 2024 20:44:21 INFO  Saving current: saved/LFM-1b_artist_20U50I_50strat/NGCF/NGCF-Apr-05-2024_20-25-56.pth
Fri 05 Apr 2024 20:44:32 INFO  epoch 32 training [time: 10.89s, train loss: 14.7547]
Fri 05 Apr 2024 20:44:54 INFO  epoch 32 evaluating [time: 21.82s, valid_score: 0.070100]
Fri 05 Apr 2024 20:44:54 INFO  valid result: 
recall@10 : 0.1123    mrr@10 : 0.0701    ndcg@10 : 0.0652    hit@10 : 0.1922    precision@10 : 0.0212
Fri 05 Apr 2024 20:44:54 INFO  Saving current: saved/LFM-1b_artist_20U50I_50strat/NGCF/NGCF-Apr-05-2024_20-25-56.pth
Fri 05 Apr 2024 20:45:05 INFO  epoch 33 training [time: 10.91s, train loss: 14.4633]
Fri 05 Apr 2024 20:45:27 INFO  epoch 33 evaluating [time: 21.84s, valid_score: 0.071300]
Fri 05 Apr 2024 20:45:27 INFO  valid result: 
recall@10 : 0.1153    mrr@10 : 0.0713    ndcg@10 : 0.0667    hit@10 : 0.1969    precision@10 : 0.0216
Fri 05 Apr 2024 20:45:28 INFO  Saving current: saved/LFM-1b_artist_20U50I_50strat/NGCF/NGCF-Apr-05-2024_20-25-56.pth
Fri 05 Apr 2024 20:45:39 INFO  epoch 34 training [time: 10.87s, train loss: 14.0899]
Fri 05 Apr 2024 20:46:01 INFO  epoch 34 evaluating [time: 21.82s, valid_score: 0.072300]
Fri 05 Apr 2024 20:46:01 INFO  valid result: 
recall@10 : 0.1149    mrr@10 : 0.0723    ndcg@10 : 0.0673    hit@10 : 0.1965    precision@10 : 0.0216
Fri 05 Apr 2024 20:46:02 INFO  Saving current: saved/LFM-1b_artist_20U50I_50strat/NGCF/NGCF-Apr-05-2024_20-25-56.pth
Fri 05 Apr 2024 20:46:13 INFO  epoch 35 training [time: 10.88s, train loss: 13.7686]
Fri 05 Apr 2024 20:46:34 INFO  epoch 35 evaluating [time: 21.76s, valid_score: 0.070800]
Fri 05 Apr 2024 20:46:34 INFO  valid result: 
recall@10 : 0.1133    mrr@10 : 0.0708    ndcg@10 : 0.0659    hit@10 : 0.1952    precision@10 : 0.0215
Fri 05 Apr 2024 20:46:45 INFO  epoch 36 training [time: 10.99s, train loss: 13.4034]
Fri 05 Apr 2024 20:47:07 INFO  epoch 36 evaluating [time: 21.69s, valid_score: 0.072800]
Fri 05 Apr 2024 20:47:07 INFO  valid result: 
recall@10 : 0.1162    mrr@10 : 0.0728    ndcg@10 : 0.0679    hit@10 : 0.1969    precision@10 : 0.0217
Fri 05 Apr 2024 20:47:08 INFO  Saving current: saved/LFM-1b_artist_20U50I_50strat/NGCF/NGCF-Apr-05-2024_20-25-56.pth
Fri 05 Apr 2024 20:47:19 INFO  epoch 37 training [time: 10.89s, train loss: 13.1662]
Fri 05 Apr 2024 20:47:40 INFO  epoch 37 evaluating [time: 21.66s, valid_score: 0.074100]
Fri 05 Apr 2024 20:47:40 INFO  valid result: 
recall@10 : 0.1164    mrr@10 : 0.0741    ndcg@10 : 0.0686    hit@10 : 0.1989    precision@10 : 0.0219
Fri 05 Apr 2024 20:47:41 INFO  Saving current: saved/LFM-1b_artist_20U50I_50strat/NGCF/NGCF-Apr-05-2024_20-25-56.pth
Fri 05 Apr 2024 20:47:52 INFO  epoch 38 training [time: 10.89s, train loss: 12.8744]
Fri 05 Apr 2024 20:48:14 INFO  epoch 38 evaluating [time: 21.54s, valid_score: 0.073500]
Fri 05 Apr 2024 20:48:14 INFO  valid result: 
recall@10 : 0.1151    mrr@10 : 0.0735    ndcg@10 : 0.0681    hit@10 : 0.1966    precision@10 : 0.0217
Fri 05 Apr 2024 20:48:25 INFO  epoch 39 training [time: 11.03s, train loss: 12.4275]
Fri 05 Apr 2024 20:48:46 INFO  epoch 39 evaluating [time: 21.58s, valid_score: 0.072800]
Fri 05 Apr 2024 20:48:46 INFO  valid result: 
recall@10 : 0.1161    mrr@10 : 0.0728    ndcg@10 : 0.0683    hit@10 : 0.1979    precision@10 : 0.0218
Fri 05 Apr 2024 20:48:57 INFO  epoch 40 training [time: 11.03s, train loss: 12.2176]
Fri 05 Apr 2024 20:49:19 INFO  epoch 40 evaluating [time: 21.58s, valid_score: 0.074200]
Fri 05 Apr 2024 20:49:19 INFO  valid result: 
recall@10 : 0.1175    mrr@10 : 0.0742    ndcg@10 : 0.0689    hit@10 : 0.2003    precision@10 : 0.0221
Fri 05 Apr 2024 20:49:20 INFO  Saving current: saved/LFM-1b_artist_20U50I_50strat/NGCF/NGCF-Apr-05-2024_20-25-56.pth
Fri 05 Apr 2024 20:49:31 INFO  epoch 41 training [time: 10.87s, train loss: 11.8797]
Fri 05 Apr 2024 20:49:52 INFO  epoch 41 evaluating [time: 21.62s, valid_score: 0.075000]
Fri 05 Apr 2024 20:49:52 INFO  valid result: 
recall@10 : 0.1203    mrr@10 : 0.075    ndcg@10 : 0.0703    hit@10 : 0.2033    precision@10 : 0.0225
Fri 05 Apr 2024 20:49:53 INFO  Saving current: saved/LFM-1b_artist_20U50I_50strat/NGCF/NGCF-Apr-05-2024_20-25-56.pth
Fri 05 Apr 2024 20:50:04 INFO  epoch 42 training [time: 10.90s, train loss: 11.5909]
Fri 05 Apr 2024 20:50:26 INFO  epoch 42 evaluating [time: 21.61s, valid_score: 0.075100]
Fri 05 Apr 2024 20:50:26 INFO  valid result: 
recall@10 : 0.1189    mrr@10 : 0.0751    ndcg@10 : 0.0701    hit@10 : 0.2032    precision@10 : 0.0223
Fri 05 Apr 2024 20:50:27 INFO  Saving current: saved/LFM-1b_artist_20U50I_50strat/NGCF/NGCF-Apr-05-2024_20-25-56.pth
Fri 05 Apr 2024 20:50:38 INFO  epoch 43 training [time: 10.91s, train loss: 11.2908]
Fri 05 Apr 2024 20:50:59 INFO  epoch 43 evaluating [time: 21.55s, valid_score: 0.075900]
Fri 05 Apr 2024 20:50:59 INFO  valid result: 
recall@10 : 0.1216    mrr@10 : 0.0759    ndcg@10 : 0.0714    hit@10 : 0.2049    precision@10 : 0.0226
Fri 05 Apr 2024 20:51:00 INFO  Saving current: saved/LFM-1b_artist_20U50I_50strat/NGCF/NGCF-Apr-05-2024_20-25-56.pth
Fri 05 Apr 2024 20:51:11 INFO  epoch 44 training [time: 10.88s, train loss: 11.0101]
Fri 05 Apr 2024 20:51:33 INFO  epoch 44 evaluating [time: 21.30s, valid_score: 0.075400]
Fri 05 Apr 2024 20:51:33 INFO  valid result: 
recall@10 : 0.1213    mrr@10 : 0.0754    ndcg@10 : 0.0708    hit@10 : 0.2057    precision@10 : 0.0226
Fri 05 Apr 2024 20:51:44 INFO  epoch 45 training [time: 10.98s, train loss: 10.6517]
Fri 05 Apr 2024 20:52:05 INFO  epoch 45 evaluating [time: 21.32s, valid_score: 0.076000]
Fri 05 Apr 2024 20:52:05 INFO  valid result: 
recall@10 : 0.1215    mrr@10 : 0.076    ndcg@10 : 0.0712    hit@10 : 0.2059    precision@10 : 0.0227
Fri 05 Apr 2024 20:52:06 INFO  Saving current: saved/LFM-1b_artist_20U50I_50strat/NGCF/NGCF-Apr-05-2024_20-25-56.pth
Fri 05 Apr 2024 20:52:17 INFO  epoch 46 training [time: 10.91s, train loss: 10.4704]
Fri 05 Apr 2024 20:52:38 INFO  epoch 46 evaluating [time: 21.37s, valid_score: 0.076600]
Fri 05 Apr 2024 20:52:38 INFO  valid result: 
recall@10 : 0.1224    mrr@10 : 0.0766    ndcg@10 : 0.0716    hit@10 : 0.2061    precision@10 : 0.0227
Fri 05 Apr 2024 20:52:39 INFO  Saving current: saved/LFM-1b_artist_20U50I_50strat/NGCF/NGCF-Apr-05-2024_20-25-56.pth
Fri 05 Apr 2024 20:52:50 INFO  epoch 47 training [time: 10.87s, train loss: 10.1783]
Fri 05 Apr 2024 20:53:11 INFO  epoch 47 evaluating [time: 21.38s, valid_score: 0.077900]
Fri 05 Apr 2024 20:53:11 INFO  valid result: 
recall@10 : 0.1242    mrr@10 : 0.0779    ndcg@10 : 0.0731    hit@10 : 0.2079    precision@10 : 0.0229
Fri 05 Apr 2024 20:53:12 INFO  Saving current: saved/LFM-1b_artist_20U50I_50strat/NGCF/NGCF-Apr-05-2024_20-25-56.pth
Fri 05 Apr 2024 20:53:23 INFO  epoch 48 training [time: 10.87s, train loss: 9.8341]
Fri 05 Apr 2024 20:53:45 INFO  epoch 48 evaluating [time: 21.35s, valid_score: 0.079000]
Fri 05 Apr 2024 20:53:45 INFO  valid result: 
recall@10 : 0.125    mrr@10 : 0.079    ndcg@10 : 0.074    hit@10 : 0.2095    precision@10 : 0.0231
Fri 05 Apr 2024 20:53:46 INFO  Saving current: saved/LFM-1b_artist_20U50I_50strat/NGCF/NGCF-Apr-05-2024_20-25-56.pth
Fri 05 Apr 2024 20:53:56 INFO  epoch 49 training [time: 10.89s, train loss: 9.6540]
Fri 05 Apr 2024 20:54:18 INFO  epoch 49 evaluating [time: 21.27s, valid_score: 0.078200]
Fri 05 Apr 2024 20:54:18 INFO  valid result: 
recall@10 : 0.124    mrr@10 : 0.0782    ndcg@10 : 0.0731    hit@10 : 0.2086    precision@10 : 0.023
Fri 05 Apr 2024 20:54:29 INFO  epoch 50 training [time: 11.01s, train loss: 9.4177]
Fri 05 Apr 2024 20:54:50 INFO  epoch 50 evaluating [time: 21.34s, valid_score: 0.078900]
Fri 05 Apr 2024 20:54:50 INFO  valid result: 
recall@10 : 0.1228    mrr@10 : 0.0789    ndcg@10 : 0.0731    hit@10 : 0.2078    precision@10 : 0.0228
Fri 05 Apr 2024 20:55:01 INFO  epoch 51 training [time: 11.02s, train loss: 9.1885]
Fri 05 Apr 2024 20:55:22 INFO  epoch 51 evaluating [time: 21.27s, valid_score: 0.078900]
Fri 05 Apr 2024 20:55:22 INFO  valid result: 
recall@10 : 0.1247    mrr@10 : 0.0789    ndcg@10 : 0.0734    hit@10 : 0.2113    precision@10 : 0.0232
Fri 05 Apr 2024 20:55:33 INFO  epoch 52 training [time: 11.02s, train loss: 9.0074]
Fri 05 Apr 2024 20:55:55 INFO  epoch 52 evaluating [time: 21.30s, valid_score: 0.077400]
Fri 05 Apr 2024 20:55:55 INFO  valid result: 
recall@10 : 0.1257    mrr@10 : 0.0774    ndcg@10 : 0.0727    hit@10 : 0.2108    precision@10 : 0.0231
Fri 05 Apr 2024 20:56:06 INFO  epoch 53 training [time: 10.98s, train loss: 8.5701]
Fri 05 Apr 2024 20:56:27 INFO  epoch 53 evaluating [time: 21.31s, valid_score: 0.078900]
Fri 05 Apr 2024 20:56:27 INFO  valid result: 
recall@10 : 0.1252    mrr@10 : 0.0789    ndcg@10 : 0.0737    hit@10 : 0.2113    precision@10 : 0.0232
Fri 05 Apr 2024 20:56:38 INFO  epoch 54 training [time: 11.02s, train loss: 8.4857]
Fri 05 Apr 2024 20:56:59 INFO  epoch 54 evaluating [time: 21.25s, valid_score: 0.077900]
Fri 05 Apr 2024 20:56:59 INFO  valid result: 
recall@10 : 0.1255    mrr@10 : 0.0779    ndcg@10 : 0.0731    hit@10 : 0.2111    precision@10 : 0.0231
Fri 05 Apr 2024 20:57:10 INFO  epoch 55 training [time: 11.06s, train loss: 8.2854]
Fri 05 Apr 2024 20:57:31 INFO  epoch 55 evaluating [time: 21.20s, valid_score: 0.079400]
Fri 05 Apr 2024 20:57:31 INFO  valid result: 
recall@10 : 0.1269    mrr@10 : 0.0794    ndcg@10 : 0.0745    hit@10 : 0.2114    precision@10 : 0.0232
Fri 05 Apr 2024 20:57:33 INFO  Saving current: saved/LFM-1b_artist_20U50I_50strat/NGCF/NGCF-Apr-05-2024_20-25-56.pth
Fri 05 Apr 2024 20:57:44 INFO  epoch 56 training [time: 10.87s, train loss: 7.8596]
Fri 05 Apr 2024 20:58:05 INFO  epoch 56 evaluating [time: 21.21s, valid_score: 0.078600]
Fri 05 Apr 2024 20:58:05 INFO  valid result: 
recall@10 : 0.1269    mrr@10 : 0.0786    ndcg@10 : 0.0741    hit@10 : 0.2126    precision@10 : 0.0234
Fri 05 Apr 2024 20:58:16 INFO  epoch 57 training [time: 11.00s, train loss: 7.8291]
Fri 05 Apr 2024 20:58:37 INFO  epoch 57 evaluating [time: 21.23s, valid_score: 0.079500]
Fri 05 Apr 2024 20:58:37 INFO  valid result: 
recall@10 : 0.1255    mrr@10 : 0.0795    ndcg@10 : 0.0743    hit@10 : 0.2115    precision@10 : 0.0232
Fri 05 Apr 2024 20:58:38 INFO  Saving current: saved/LFM-1b_artist_20U50I_50strat/NGCF/NGCF-Apr-05-2024_20-25-56.pth
Fri 05 Apr 2024 20:58:49 INFO  epoch 58 training [time: 10.89s, train loss: 7.5828]
Fri 05 Apr 2024 20:59:12 INFO  epoch 58 evaluating [time: 22.76s, valid_score: 0.079100]
Fri 05 Apr 2024 20:59:12 INFO  valid result: 
recall@10 : 0.1277    mrr@10 : 0.0791    ndcg@10 : 0.0748    hit@10 : 0.2153    precision@10 : 0.0236
Fri 05 Apr 2024 20:59:23 INFO  epoch 59 training [time: 11.03s, train loss: 7.5487]
Fri 05 Apr 2024 20:59:44 INFO  epoch 59 evaluating [time: 21.19s, valid_score: 0.079400]
Fri 05 Apr 2024 20:59:44 INFO  valid result: 
recall@10 : 0.1278    mrr@10 : 0.0794    ndcg@10 : 0.0748    hit@10 : 0.2142    precision@10 : 0.0235
Fri 05 Apr 2024 20:59:55 INFO  epoch 60 training [time: 10.98s, train loss: 7.3123]
Fri 05 Apr 2024 21:00:16 INFO  epoch 60 evaluating [time: 21.31s, valid_score: 0.078200]
Fri 05 Apr 2024 21:00:16 INFO  valid result: 
recall@10 : 0.1262    mrr@10 : 0.0782    ndcg@10 : 0.0737    hit@10 : 0.2118    precision@10 : 0.0232
Fri 05 Apr 2024 21:00:27 INFO  epoch 61 training [time: 11.08s, train loss: 7.1287]
Fri 05 Apr 2024 21:00:49 INFO  epoch 61 evaluating [time: 21.22s, valid_score: 0.079400]
Fri 05 Apr 2024 21:00:49 INFO  valid result: 
recall@10 : 0.1278    mrr@10 : 0.0794    ndcg@10 : 0.0749    hit@10 : 0.2152    precision@10 : 0.0236
Fri 05 Apr 2024 21:01:00 INFO  epoch 62 training [time: 11.02s, train loss: 6.9128]
Fri 05 Apr 2024 21:01:21 INFO  epoch 62 evaluating [time: 21.22s, valid_score: 0.079400]
Fri 05 Apr 2024 21:01:21 INFO  valid result: 
recall@10 : 0.1276    mrr@10 : 0.0794    ndcg@10 : 0.075    hit@10 : 0.2136    precision@10 : 0.0234
Fri 05 Apr 2024 21:01:32 INFO  epoch 63 training [time: 11.01s, train loss: 6.7084]
Fri 05 Apr 2024 21:01:53 INFO  epoch 63 evaluating [time: 21.30s, valid_score: 0.079100]
Fri 05 Apr 2024 21:01:53 INFO  valid result: 
recall@10 : 0.1276    mrr@10 : 0.0791    ndcg@10 : 0.0745    hit@10 : 0.2134    precision@10 : 0.0234
Fri 05 Apr 2024 21:02:04 INFO  epoch 64 training [time: 11.06s, train loss: 6.5891]
Fri 05 Apr 2024 21:02:25 INFO  epoch 64 evaluating [time: 21.23s, valid_score: 0.080500]
Fri 05 Apr 2024 21:02:25 INFO  valid result: 
recall@10 : 0.1277    mrr@10 : 0.0805    ndcg@10 : 0.0752    hit@10 : 0.2147    precision@10 : 0.0235
Fri 05 Apr 2024 21:02:27 INFO  Saving current: saved/LFM-1b_artist_20U50I_50strat/NGCF/NGCF-Apr-05-2024_20-25-56.pth
Fri 05 Apr 2024 21:02:37 INFO  epoch 65 training [time: 10.89s, train loss: 6.4305]
Fri 05 Apr 2024 21:02:59 INFO  epoch 65 evaluating [time: 21.22s, valid_score: 0.079000]
Fri 05 Apr 2024 21:02:59 INFO  valid result: 
recall@10 : 0.1264    mrr@10 : 0.079    ndcg@10 : 0.0739    hit@10 : 0.2119    precision@10 : 0.0232
Fri 05 Apr 2024 21:03:10 INFO  epoch 66 training [time: 11.03s, train loss: 6.3532]
Fri 05 Apr 2024 21:03:31 INFO  epoch 66 evaluating [time: 21.22s, valid_score: 0.078800]
Fri 05 Apr 2024 21:03:31 INFO  valid result: 
recall@10 : 0.1271    mrr@10 : 0.0788    ndcg@10 : 0.0741    hit@10 : 0.2138    precision@10 : 0.0234
Fri 05 Apr 2024 21:03:42 INFO  epoch 67 training [time: 11.02s, train loss: 6.2365]
Fri 05 Apr 2024 21:04:03 INFO  epoch 67 evaluating [time: 21.25s, valid_score: 0.079000]
Fri 05 Apr 2024 21:04:03 INFO  valid result: 
recall@10 : 0.1266    mrr@10 : 0.079    ndcg@10 : 0.0743    hit@10 : 0.2133    precision@10 : 0.0234
Fri 05 Apr 2024 21:04:14 INFO  epoch 68 training [time: 11.11s, train loss: 6.0111]
Fri 05 Apr 2024 21:04:36 INFO  epoch 68 evaluating [time: 21.23s, valid_score: 0.079200]
Fri 05 Apr 2024 21:04:36 INFO  valid result: 
recall@10 : 0.1277    mrr@10 : 0.0792    ndcg@10 : 0.0745    hit@10 : 0.2144    precision@10 : 0.0235
Fri 05 Apr 2024 21:04:47 INFO  epoch 69 training [time: 11.07s, train loss: 5.9047]
Fri 05 Apr 2024 21:05:08 INFO  epoch 69 evaluating [time: 21.35s, valid_score: 0.078800]
Fri 05 Apr 2024 21:05:08 INFO  valid result: 
recall@10 : 0.1282    mrr@10 : 0.0788    ndcg@10 : 0.0742    hit@10 : 0.2142    precision@10 : 0.0236
Fri 05 Apr 2024 21:05:19 INFO  epoch 70 training [time: 11.07s, train loss: 5.8354]
Fri 05 Apr 2024 21:05:40 INFO  epoch 70 evaluating [time: 21.26s, valid_score: 0.078700]
Fri 05 Apr 2024 21:05:40 INFO  valid result: 
recall@10 : 0.1276    mrr@10 : 0.0787    ndcg@10 : 0.0741    hit@10 : 0.2151    precision@10 : 0.0236
Fri 05 Apr 2024 21:05:51 INFO  epoch 71 training [time: 11.09s, train loss: 5.7212]
Fri 05 Apr 2024 21:06:13 INFO  epoch 71 evaluating [time: 21.25s, valid_score: 0.080000]
Fri 05 Apr 2024 21:06:13 INFO  valid result: 
recall@10 : 0.1287    mrr@10 : 0.08    ndcg@10 : 0.0751    hit@10 : 0.2161    precision@10 : 0.0237
Fri 05 Apr 2024 21:06:24 INFO  epoch 72 training [time: 11.04s, train loss: 5.5920]
Fri 05 Apr 2024 21:06:45 INFO  epoch 72 evaluating [time: 21.23s, valid_score: 0.079100]
Fri 05 Apr 2024 21:06:45 INFO  valid result: 
recall@10 : 0.1284    mrr@10 : 0.0791    ndcg@10 : 0.0747    hit@10 : 0.2159    precision@10 : 0.0236
Fri 05 Apr 2024 21:06:56 INFO  epoch 73 training [time: 11.01s, train loss: 5.4137]
Fri 05 Apr 2024 21:07:17 INFO  epoch 73 evaluating [time: 21.20s, valid_score: 0.078600]
Fri 05 Apr 2024 21:07:17 INFO  valid result: 
recall@10 : 0.1283    mrr@10 : 0.0786    ndcg@10 : 0.0747    hit@10 : 0.2152    precision@10 : 0.0235
Fri 05 Apr 2024 21:07:28 INFO  epoch 74 training [time: 11.03s, train loss: 5.3265]
Fri 05 Apr 2024 21:07:49 INFO  epoch 74 evaluating [time: 21.26s, valid_score: 0.078300]
Fri 05 Apr 2024 21:07:49 INFO  valid result: 
recall@10 : 0.1298    mrr@10 : 0.0783    ndcg@10 : 0.0749    hit@10 : 0.2159    precision@10 : 0.0236
Fri 05 Apr 2024 21:08:00 INFO  epoch 75 training [time: 11.08s, train loss: 5.2280]
Fri 05 Apr 2024 21:08:22 INFO  epoch 75 evaluating [time: 21.21s, valid_score: 0.078900]
Fri 05 Apr 2024 21:08:22 INFO  valid result: 
recall@10 : 0.1296    mrr@10 : 0.0789    ndcg@10 : 0.0753    hit@10 : 0.2162    precision@10 : 0.0236
Fri 05 Apr 2024 21:08:22 INFO  Finished training, best eval result in epoch 64
Fri 05 Apr 2024 21:08:24 INFO  Loading model structure and parameters from saved/LFM-1b_artist_20U50I_50strat/NGCF/NGCF-Apr-05-2024_20-25-56.pth
Fri 05 Apr 2024 21:08:48 INFO  The running environment of this training is as follows:
+-------------+----------------+
| Environment |     Usage      |
+=============+================+
| CPU         |     1.00 %     |
+-------------+----------------+
| GPU         | 0.47 G/14.58 G |
+-------------+----------------+
| Memory      | 1.63 G/27.41 G |
+-------------+----------------+
Fri 05 Apr 2024 21:08:48 INFO  best valid : OrderedDict([('recall@10', 0.1277), ('mrr@10', 0.0805), ('ndcg@10', 0.0752), ('hit@10', 0.2147), ('precision@10', 0.0235)])
Fri 05 Apr 2024 21:08:48 INFO  test result: OrderedDict([('recall@10', 0.1308), ('mrr@10', 0.0783), ('ndcg@10', 0.076), ('hit@10', 0.2142), ('precision@10', 0.0234)])
Fri 05 Apr 2024 21:08:50 INFO  
General Hyper Parameters:
gpu_id = 0
use_gpu = True
seed = 2020
state = INFO
reproducibility = True
data_path = data/LFM-1b_artist_20U50I_50strat
checkpoint_dir = saved/LFM-1b_artist_20U50I_50strat/NGCF
show_progress = True
save_dataset = False
dataset_save_path = None
save_dataloaders = False
dataloaders_save_path = None
log_wandb = False

Training Hyper Parameters:
epochs = 200
train_batch_size = 2048
learner = adam
learning_rate = 0.001
train_neg_sample_args = {'distribution': 'uniform', 'sample_num': 1, 'dynamic': False, 'candidate_num': 0, 'alpha': 1.0}
eval_step = 1
stopping_step = 10
clip_grad_norm = None
weight_decay = 0.0
loss_decimal_place = 4

Evaluation Hyper Parameters:
eval_args = {'split': {'RS': [0.8, 0.1, 0.1]}, 'order': 'RO', 'group_by': 'user', 'mode': {'valid': 'full', 'test': 'full'}}
repeatable = False
metrics = ['Recall', 'MRR', 'NDCG', 'Hit', 'Precision']
topk = [10]
valid_metric = MRR@10
valid_metric_bigger = True
eval_batch_size = 4096
metric_decimal_place = 4

Dataset Hyper Parameters:
field_separator = 	
seq_separator =  
USER_ID_FIELD = user_id
ITEM_ID_FIELD = item_id
RATING_FIELD = rating
TIME_FIELD = timestamp
seq_len = None
LABEL_FIELD = label
threshold = None
NEG_PREFIX = neg_
load_col = {'inter': ['user_id', 'item_id']}
unload_col = None
unused_col = None
additional_feat_suffix = None
rm_dup_inter = None
val_interval = None
filter_inter_by_user_or_item = True
user_inter_num_interval = [0,inf)
item_inter_num_interval = [0,inf)
alias_of_user_id = None
alias_of_item_id = None
alias_of_entity_id = None
alias_of_relation_id = None
preload_weight = None
normalize_field = None
normalize_all = None
ITEM_LIST_LENGTH_FIELD = item_length
LIST_SUFFIX = _list
MAX_ITEM_LIST_LENGTH = 50
POSITION_FIELD = position_id
HEAD_ENTITY_ID_FIELD = head_id
TAIL_ENTITY_ID_FIELD = tail_id
RELATION_ID_FIELD = relation_id
ENTITY_ID_FIELD = entity_id
benchmark_filename = None

Other Hyper Parameters: 
worker = 0
wandb_project = recbole
shuffle = True
require_pow = False
enable_amp = False
enable_scaler = False
transform = None
embedding_size = 64
hidden_size_list = [64, 64, 64]
node_dropout = 0.0
message_dropout = 0.1
reg_weight = 1e-05
numerical_features = []
discretization = None
kg_reverse_r = False
entity_kg_num_interval = [0,inf)
relation_kg_num_interval = [0,inf)
MODEL_TYPE = ModelType.GENERAL
encoding = utf-8
device = cuda
my_log_file = /mnt/batch/tasks/shared/LS_root/mounts/clusters/fontanagpu/code/sustainability-of-recsys/log/carbon_default.log
MODEL_INPUT_TYPE = InputType.PAIRWISE
eval_type = EvaluatorType.RANKING
single_spec = True
local_rank = 0
valid_neg_sample_args = {'distribution': 'uniform', 'sample_num': 'none'}
test_neg_sample_args = {'distribution': 'uniform', 'sample_num': 'none'}


Fri 05 Apr 2024 21:08:52 INFO  LFM-1b_artist_20U50I_50strat
The number of users: 19842
Average actions of users: 22.20755002268031
The number of items: 33654
Average actions of items: 13.093037767806733
The number of inters: 440620
The sparsity of the dataset: 99.93401547868501%
Remain Fields: ['user_id', 'item_id']
Fri 05 Apr 2024 21:08:54 INFO  [Training]: train_batch_size = [2048] train_neg_sample_args: [{'distribution': 'uniform', 'sample_num': 1, 'dynamic': False, 'candidate_num': 0, 'alpha': 1.0}]
Fri 05 Apr 2024 21:08:54 INFO  [Evaluation]: eval_batch_size = [4096] eval_args: [{'split': {'RS': [0.8, 0.1, 0.1]}, 'order': 'RO', 'group_by': 'user', 'mode': {'valid': 'full', 'test': 'full'}}]
Fri 05 Apr 2024 21:08:56 INFO  Loading model structure and parameters from saved/LFM-1b_artist_20U50I_50strat/NGCF/NGCF-Apr-05-2024_20-25-56.pth
