Wed 15 May 2024 15:14:11 INFO  ['src/default_tracker2.py', '--dataset=mind', '--model=NGCF', '--max_emission_step=-1', '--ratio_tolerance=-1']
Wed 15 May 2024 15:14:11 INFO  
General Hyper Parameters:
gpu_id = 0
use_gpu = True
seed = 2020
state = INFO
reproducibility = True
data_path = data/mind
checkpoint_dir = saved/mind/NGCF
show_progress = True
save_dataset = False
dataset_save_path = None
save_dataloaders = False
dataloaders_save_path = None
log_wandb = False

Training Hyper Parameters:
epochs = 200
train_batch_size = 2048
learner = adam
learning_rate = 0.001
train_neg_sample_args = {'distribution': 'uniform', 'sample_num': 1, 'dynamic': False, 'candidate_num': 0, 'alpha': 1.0}
eval_step = 1
stopping_step = 10
clip_grad_norm = None
weight_decay = 0.0
loss_decimal_place = 4

Evaluation Hyper Parameters:
eval_args = {'split': {'RS': [0.8, 0.1, 0.1]}, 'order': 'RO', 'group_by': 'user', 'mode': {'valid': 'full', 'test': 'full'}}
repeatable = False
metrics = ['Recall', 'MRR', 'NDCG', 'Hit', 'MAP', 'Precision', 'GAUC', 'ItemCoverage', 'AveragePopularity', 'GiniIndex', 'ShannonEntropy', 'TailPercentage']
topk = [10]
valid_metric = MRR@10
valid_metric_bigger = True
eval_batch_size = 4096
metric_decimal_place = 4

Dataset Hyper Parameters:
field_separator = 	
seq_separator =  
USER_ID_FIELD = user_id
ITEM_ID_FIELD = item_id
RATING_FIELD = rating
TIME_FIELD = timestamp
seq_len = None
LABEL_FIELD = label
threshold = None
NEG_PREFIX = neg_
load_col = {'inter': ['user_id', 'item_id']}
unload_col = None
unused_col = None
additional_feat_suffix = None
rm_dup_inter = None
val_interval = None
filter_inter_by_user_or_item = True
user_inter_num_interval = [0,inf)
item_inter_num_interval = [0,inf)
alias_of_user_id = None
alias_of_item_id = None
alias_of_entity_id = None
alias_of_relation_id = None
preload_weight = None
normalize_field = None
normalize_all = None
ITEM_LIST_LENGTH_FIELD = item_length
LIST_SUFFIX = _list
MAX_ITEM_LIST_LENGTH = 50
POSITION_FIELD = position_id
HEAD_ENTITY_ID_FIELD = head_id
TAIL_ENTITY_ID_FIELD = tail_id
RELATION_ID_FIELD = relation_id
ENTITY_ID_FIELD = entity_id
benchmark_filename = None

Other Hyper Parameters: 
worker = 0
wandb_project = recbole
shuffle = True
require_pow = False
enable_amp = False
enable_scaler = False
transform = None
embedding_size = 64
hidden_size_list = [64, 64, 64]
node_dropout = 0.0
message_dropout = 0.1
reg_weight = 1e-05
numerical_features = []
discretization = None
kg_reverse_r = False
entity_kg_num_interval = [0,inf)
relation_kg_num_interval = [0,inf)
MODEL_TYPE = ModelType.GENERAL
encoding = utf-8
device = cuda:1
my_log_file = /home/fontana/Tesi/log/carbon_default.log
max_emission_step = -1
ratio_tolerance = -1
MODEL_INPUT_TYPE = InputType.PAIRWISE
eval_type = EvaluatorType.RANKING
single_spec = True
local_rank = 0
valid_neg_sample_args = {'distribution': 'uniform', 'sample_num': 'none'}
test_neg_sample_args = {'distribution': 'uniform', 'sample_num': 'none'}


Wed 15 May 2024 15:14:15 INFO  mind
The number of users: 23680
Average actions of users: 44.282908906626126
The number of items: 4415
Average actions of items: 237.55663797009515
The number of inters: 1048575
The sparsity of the dataset: 98.9970319625968%
Remain Fields: ['user_id', 'item_id']
Wed 15 May 2024 15:14:18 INFO  [Training]: train_batch_size = [2048] train_neg_sample_args: [{'distribution': 'uniform', 'sample_num': 1, 'dynamic': False, 'candidate_num': 0, 'alpha': 1.0}]
Wed 15 May 2024 15:14:18 INFO  [Evaluation]: eval_batch_size = [4096] eval_args: [{'split': {'RS': [0.8, 0.1, 0.1]}, 'order': 'RO', 'group_by': 'user', 'mode': {'valid': 'full', 'test': 'full'}}]
Wed 15 May 2024 15:14:23 INFO  NGCF(
  (sparse_dropout): SparseDropout()
  (user_embedding): Embedding(23680, 64)
  (item_embedding): Embedding(4415, 64)
  (GNNlayers): ModuleList(
    (0): BiGNNLayer(
      (linear): Linear(in_features=64, out_features=64, bias=True)
      (interActTransform): Linear(in_features=64, out_features=64, bias=True)
    )
    (1): BiGNNLayer(
      (linear): Linear(in_features=64, out_features=64, bias=True)
      (interActTransform): Linear(in_features=64, out_features=64, bias=True)
    )
    (2): BiGNNLayer(
      (linear): Linear(in_features=64, out_features=64, bias=True)
      (interActTransform): Linear(in_features=64, out_features=64, bias=True)
    )
  )
  (mf_loss): BPRLoss()
  (reg_loss): EmbLoss()
)
Trainable parameters: 1823040
Wed 15 May 2024 15:14:23 INFO  FLOPs: 690462720.0
Wed 15 May 2024 15:15:10 INFO  epoch 0 training [time: 42.03s, train loss: 62.7154]
Wed 15 May 2024 15:16:14 INFO  epoch 0 evaluating [time: 63.43s, valid_score: 0.118500]
Wed 15 May 2024 15:16:14 INFO  valid result: 
recall@10 : 0.1253    mrr@10 : 0.1185    ndcg@10 : 0.0852    hit@10 : 0.3262    map@10 : 0.0456    precision@10 : 0.0442    gauc : 0.9659    itemcoverage@10 : 0.2598    averagepopularity@10 : 2566.039    giniindex@10 : 0.9715    shannonentropy@10 : 0.0044    tailpercentage@10 : 0.0007
Wed 15 May 2024 15:16:14 INFO  Saving current: saved/mind/NGCF/NGCF-May-15-2024_15-14-24.pth
Wed 15 May 2024 15:16:56 INFO  epoch 1 training [time: 42.30s, train loss: 41.3262]
Wed 15 May 2024 15:17:56 INFO  epoch 1 evaluating [time: 59.67s, valid_score: 0.187200]
Wed 15 May 2024 15:17:56 INFO  valid result: 
recall@10 : 0.2195    mrr@10 : 0.1872    ndcg@10 : 0.1474    hit@10 : 0.4693    map@10 : 0.0863    precision@10 : 0.0682    gauc : 0.971    itemcoverage@10 : 0.1803    averagepopularity@10 : 3688.8537    giniindex@10 : 0.9741    shannonentropy@10 : 0.0062    tailpercentage@10 : 0.0006
Wed 15 May 2024 15:17:56 INFO  Saving current: saved/mind/NGCF/NGCF-May-15-2024_15-14-24.pth
Wed 15 May 2024 15:18:39 INFO  epoch 2 training [time: 42.18s, train loss: 37.9545]
Wed 15 May 2024 15:19:38 INFO  epoch 2 evaluating [time: 59.48s, valid_score: 0.260900]
Wed 15 May 2024 15:19:38 INFO  valid result: 
recall@10 : 0.2995    mrr@10 : 0.2609    ndcg@10 : 0.2112    hit@10 : 0.57    map@10 : 0.1355    precision@10 : 0.0878    gauc : 0.9738    itemcoverage@10 : 0.1617    averagepopularity@10 : 4153.2793    giniindex@10 : 0.9755    shannonentropy@10 : 0.0069    tailpercentage@10 : 0.0004
Wed 15 May 2024 15:19:38 INFO  Saving current: saved/mind/NGCF/NGCF-May-15-2024_15-14-24.pth
Wed 15 May 2024 15:20:21 INFO  epoch 3 training [time: 42.21s, train loss: 35.7421]
Wed 15 May 2024 15:21:20 INFO  epoch 3 evaluating [time: 59.57s, valid_score: 0.299100]
Wed 15 May 2024 15:21:20 INFO  valid result: 
recall@10 : 0.3308    mrr@10 : 0.2991    ndcg@10 : 0.2419    hit@10 : 0.608    map@10 : 0.1611    precision@10 : 0.0974    gauc : 0.9755    itemcoverage@10 : 0.1542    averagepopularity@10 : 4549.2765    giniindex@10 : 0.9771    shannonentropy@10 : 0.0072    tailpercentage@10 : 0.0002
Wed 15 May 2024 15:21:21 INFO  Saving current: saved/mind/NGCF/NGCF-May-15-2024_15-14-24.pth
Wed 15 May 2024 15:22:03 INFO  epoch 4 training [time: 42.11s, train loss: 34.2279]
Wed 15 May 2024 15:23:02 INFO  epoch 4 evaluating [time: 59.58s, valid_score: 0.360000]
Wed 15 May 2024 15:23:02 INFO  valid result: 
recall@10 : 0.3929    mrr@10 : 0.36    ndcg@10 : 0.2951    hit@10 : 0.6785    map@10 : 0.2045    precision@10 : 0.1142    gauc : 0.9769    itemcoverage@10 : 0.1497    averagepopularity@10 : 4937.4411    giniindex@10 : 0.9788    shannonentropy@10 : 0.0073    tailpercentage@10 : 0.0001
Wed 15 May 2024 15:23:03 INFO  Saving current: saved/mind/NGCF/NGCF-May-15-2024_15-14-24.pth
Wed 15 May 2024 15:23:45 INFO  epoch 5 training [time: 42.55s, train loss: 32.4617]
Wed 15 May 2024 15:24:48 INFO  epoch 5 evaluating [time: 62.48s, valid_score: 0.410200]
Wed 15 May 2024 15:24:48 INFO  valid result: 
recall@10 : 0.4253    mrr@10 : 0.4102    ndcg@10 : 0.334    hit@10 : 0.7123    map@10 : 0.2402    precision@10 : 0.1245    gauc : 0.9783    itemcoverage@10 : 0.1364    averagepopularity@10 : 5328.7595    giniindex@10 : 0.9795    shannonentropy@10 : 0.008    tailpercentage@10 : 0.0001
Wed 15 May 2024 15:24:49 INFO  Saving current: saved/mind/NGCF/NGCF-May-15-2024_15-14-24.pth
Wed 15 May 2024 15:25:31 INFO  epoch 6 training [time: 42.20s, train loss: 30.5862]
Wed 15 May 2024 15:26:33 INFO  epoch 6 evaluating [time: 61.66s, valid_score: 0.435800]
Wed 15 May 2024 15:26:33 INFO  valid result: 
recall@10 : 0.449    mrr@10 : 0.4358    ndcg@10 : 0.3545    hit@10 : 0.7394    map@10 : 0.256    precision@10 : 0.1328    gauc : 0.979    itemcoverage@10 : 0.1307    averagepopularity@10 : 5606.4755    giniindex@10 : 0.9814    shannonentropy@10 : 0.0081    tailpercentage@10 : 0.0001
Wed 15 May 2024 15:26:34 INFO  Saving current: saved/mind/NGCF/NGCF-May-15-2024_15-14-24.pth
Wed 15 May 2024 15:27:16 INFO  epoch 7 training [time: 42.09s, train loss: 28.6734]
Wed 15 May 2024 15:28:15 INFO  epoch 7 evaluating [time: 59.00s, valid_score: 0.456400]
Wed 15 May 2024 15:28:15 INFO  valid result: 
recall@10 : 0.4714    mrr@10 : 0.4564    ndcg@10 : 0.3715    hit@10 : 0.763    map@10 : 0.2685    precision@10 : 0.1393    gauc : 0.9799    itemcoverage@10 : 0.1223    averagepopularity@10 : 5839.36    giniindex@10 : 0.9829    shannonentropy@10 : 0.0086    tailpercentage@10 : 0.0
Wed 15 May 2024 15:28:15 INFO  Saving current: saved/mind/NGCF/NGCF-May-15-2024_15-14-24.pth
Wed 15 May 2024 15:28:57 INFO  epoch 8 training [time: 42.00s, train loss: 26.6768]
Wed 15 May 2024 15:29:56 INFO  epoch 8 evaluating [time: 59.17s, valid_score: 0.470400]
Wed 15 May 2024 15:29:56 INFO  valid result: 
recall@10 : 0.4813    mrr@10 : 0.4704    ndcg@10 : 0.3829    hit@10 : 0.7743    map@10 : 0.279    precision@10 : 0.1427    gauc : 0.9807    itemcoverage@10 : 0.1105    averagepopularity@10 : 6058.1324    giniindex@10 : 0.984    shannonentropy@10 : 0.0093    tailpercentage@10 : 0.0001
Wed 15 May 2024 15:29:57 INFO  Saving current: saved/mind/NGCF/NGCF-May-15-2024_15-14-24.pth
Wed 15 May 2024 15:30:39 INFO  epoch 9 training [time: 42.10s, train loss: 24.8612]
Wed 15 May 2024 15:31:38 INFO  epoch 9 evaluating [time: 59.31s, valid_score: 0.481800]
Wed 15 May 2024 15:31:38 INFO  valid result: 
recall@10 : 0.4925    mrr@10 : 0.4818    ndcg@10 : 0.3936    hit@10 : 0.7844    map@10 : 0.2884    precision@10 : 0.1465    gauc : 0.9815    itemcoverage@10 : 0.1028    averagepopularity@10 : 6105.32    giniindex@10 : 0.9843    shannonentropy@10 : 0.01    tailpercentage@10 : 0.0
Wed 15 May 2024 15:31:39 INFO  Saving current: saved/mind/NGCF/NGCF-May-15-2024_15-14-24.pth
Wed 15 May 2024 15:32:20 INFO  epoch 10 training [time: 41.93s, train loss: 23.3968]
Wed 15 May 2024 15:33:20 INFO  epoch 10 evaluating [time: 59.41s, valid_score: 0.486900]
Wed 15 May 2024 15:33:20 INFO  valid result: 
recall@10 : 0.5005    mrr@10 : 0.4869    ndcg@10 : 0.399    hit@10 : 0.7918    map@10 : 0.2921    precision@10 : 0.1493    gauc : 0.9818    itemcoverage@10 : 0.104    averagepopularity@10 : 6121.3799    giniindex@10 : 0.9844    shannonentropy@10 : 0.0099    tailpercentage@10 : 0.0
Wed 15 May 2024 15:33:20 INFO  Saving current: saved/mind/NGCF/NGCF-May-15-2024_15-14-24.pth
Wed 15 May 2024 15:34:02 INFO  epoch 11 training [time: 42.08s, train loss: 21.9554]
Wed 15 May 2024 15:35:01 INFO  epoch 11 evaluating [time: 59.17s, valid_score: 0.496000]
Wed 15 May 2024 15:35:01 INFO  valid result: 
recall@10 : 0.5108    mrr@10 : 0.496    ndcg@10 : 0.4077    hit@10 : 0.8008    map@10 : 0.2997    precision@10 : 0.152    gauc : 0.9825    itemcoverage@10 : 0.0915    averagepopularity@10 : 6087.0998    giniindex@10 : 0.9841    shannonentropy@10 : 0.0113    tailpercentage@10 : 0.0
Wed 15 May 2024 15:35:02 INFO  Saving current: saved/mind/NGCF/NGCF-May-15-2024_15-14-24.pth
Wed 15 May 2024 15:35:44 INFO  epoch 12 training [time: 42.03s, train loss: 20.8616]
Wed 15 May 2024 15:36:49 INFO  epoch 12 evaluating [time: 65.48s, valid_score: 0.494100]
Wed 15 May 2024 15:36:49 INFO  valid result: 
recall@10 : 0.5166    mrr@10 : 0.4941    ndcg@10 : 0.4084    hit@10 : 0.8066    map@10 : 0.2987    precision@10 : 0.1534    gauc : 0.9828    itemcoverage@10 : 0.087    averagepopularity@10 : 6087.3856    giniindex@10 : 0.9841    shannonentropy@10 : 0.0118    tailpercentage@10 : 0.0
Wed 15 May 2024 15:37:32 INFO  epoch 13 training [time: 42.81s, train loss: 20.1996]
Wed 15 May 2024 15:38:34 INFO  epoch 13 evaluating [time: 61.02s, valid_score: 0.494300]
Wed 15 May 2024 15:38:34 INFO  valid result: 
recall@10 : 0.5256    mrr@10 : 0.4943    ndcg@10 : 0.4128    hit@10 : 0.8141    map@10 : 0.3016    precision@10 : 0.1564    gauc : 0.9834    itemcoverage@10 : 0.0831    averagepopularity@10 : 6001.1485    giniindex@10 : 0.9831    shannonentropy@10 : 0.0126    tailpercentage@10 : 0.0
Wed 15 May 2024 15:39:16 INFO  epoch 14 training [time: 42.25s, train loss: 19.2197]
Wed 15 May 2024 15:40:17 INFO  epoch 14 evaluating [time: 61.13s, valid_score: 0.496300]
Wed 15 May 2024 15:40:17 INFO  valid result: 
recall@10 : 0.5294    mrr@10 : 0.4963    ndcg@10 : 0.4148    hit@10 : 0.8186    map@10 : 0.3028    precision@10 : 0.1575    gauc : 0.9836    itemcoverage@10 : 0.0843    averagepopularity@10 : 5953.5248    giniindex@10 : 0.9827    shannonentropy@10 : 0.0125    tailpercentage@10 : 0.0
Wed 15 May 2024 15:40:20 INFO  Saving current: saved/mind/NGCF/NGCF-May-15-2024_15-14-24.pth
Wed 15 May 2024 15:41:03 INFO  epoch 15 training [time: 42.42s, train loss: 18.5145]
Wed 15 May 2024 15:42:04 INFO  epoch 15 evaluating [time: 60.73s, valid_score: 0.499200]
Wed 15 May 2024 15:42:04 INFO  valid result: 
recall@10 : 0.533    mrr@10 : 0.4992    ndcg@10 : 0.4181    hit@10 : 0.8203    map@10 : 0.3058    precision@10 : 0.1587    gauc : 0.9839    itemcoverage@10 : 0.0822    averagepopularity@10 : 6026.0331    giniindex@10 : 0.9827    shannonentropy@10 : 0.0128    tailpercentage@10 : 0.0
Wed 15 May 2024 15:42:05 INFO  Saving current: saved/mind/NGCF/NGCF-May-15-2024_15-14-24.pth
Wed 15 May 2024 15:42:47 INFO  epoch 16 training [time: 42.54s, train loss: 17.7177]
Wed 15 May 2024 15:43:49 INFO  epoch 16 evaluating [time: 61.85s, valid_score: 0.497900]
Wed 15 May 2024 15:43:49 INFO  valid result: 
recall@10 : 0.5354    mrr@10 : 0.4979    ndcg@10 : 0.4185    hit@10 : 0.8219    map@10 : 0.3054    precision@10 : 0.1596    gauc : 0.9841    itemcoverage@10 : 0.0797    averagepopularity@10 : 5952.0087    giniindex@10 : 0.9822    shannonentropy@10 : 0.0132    tailpercentage@10 : 0.0
Wed 15 May 2024 15:44:32 INFO  epoch 17 training [time: 42.89s, train loss: 17.1508]
Wed 15 May 2024 15:45:32 INFO  epoch 17 evaluating [time: 60.16s, valid_score: 0.500100]
Wed 15 May 2024 15:45:32 INFO  valid result: 
recall@10 : 0.5422    mrr@10 : 0.5001    ndcg@10 : 0.4225    hit@10 : 0.8282    map@10 : 0.3084    precision@10 : 0.1616    gauc : 0.9844    itemcoverage@10 : 0.0811    averagepopularity@10 : 5924.8851    giniindex@10 : 0.9818    shannonentropy@10 : 0.0131    tailpercentage@10 : 0.0
Wed 15 May 2024 15:45:33 INFO  Saving current: saved/mind/NGCF/NGCF-May-15-2024_15-14-24.pth
Wed 15 May 2024 15:46:15 INFO  epoch 18 training [time: 42.26s, train loss: 16.7231]
Wed 15 May 2024 15:47:16 INFO  epoch 18 evaluating [time: 61.22s, valid_score: 0.500600]
Wed 15 May 2024 15:47:16 INFO  valid result: 
recall@10 : 0.5449    mrr@10 : 0.5006    ndcg@10 : 0.4252    hit@10 : 0.8289    map@10 : 0.3112    precision@10 : 0.1633    gauc : 0.9847    itemcoverage@10 : 0.0834    averagepopularity@10 : 5819.6047    giniindex@10 : 0.981    shannonentropy@10 : 0.0128    tailpercentage@10 : 0.0
Wed 15 May 2024 15:47:17 INFO  Saving current: saved/mind/NGCF/NGCF-May-15-2024_15-14-24.pth
Wed 15 May 2024 15:47:59 INFO  epoch 19 training [time: 42.21s, train loss: 16.1321]
Wed 15 May 2024 15:49:00 INFO  epoch 19 evaluating [time: 60.92s, valid_score: 0.505600]
Wed 15 May 2024 15:49:00 INFO  valid result: 
recall@10 : 0.5499    mrr@10 : 0.5056    ndcg@10 : 0.43    hit@10 : 0.8337    map@10 : 0.3156    precision@10 : 0.1644    gauc : 0.985    itemcoverage@10 : 0.0865    averagepopularity@10 : 5748.9535    giniindex@10 : 0.9805    shannonentropy@10 : 0.0124    tailpercentage@10 : 0.0
Wed 15 May 2024 15:49:00 INFO  Saving current: saved/mind/NGCF/NGCF-May-15-2024_15-14-24.pth
Wed 15 May 2024 15:49:43 INFO  epoch 20 training [time: 42.26s, train loss: 15.7473]
Wed 15 May 2024 15:50:44 INFO  epoch 20 evaluating [time: 60.99s, valid_score: 0.508400]
Wed 15 May 2024 15:50:44 INFO  valid result: 
recall@10 : 0.5556    mrr@10 : 0.5084    ndcg@10 : 0.4335    hit@10 : 0.8392    map@10 : 0.318    precision@10 : 0.1654    gauc : 0.9853    itemcoverage@10 : 0.089    averagepopularity@10 : 5723.7466    giniindex@10 : 0.9802    shannonentropy@10 : 0.0121    tailpercentage@10 : 0.0
Wed 15 May 2024 15:50:44 INFO  Saving current: saved/mind/NGCF/NGCF-May-15-2024_15-14-24.pth
Wed 15 May 2024 15:51:26 INFO  epoch 21 training [time: 42.24s, train loss: 15.2168]
Wed 15 May 2024 15:52:28 INFO  epoch 21 evaluating [time: 61.38s, valid_score: 0.510700]
Wed 15 May 2024 15:52:28 INFO  valid result: 
recall@10 : 0.5563    mrr@10 : 0.5107    ndcg@10 : 0.4354    hit@10 : 0.8385    map@10 : 0.3204    precision@10 : 0.1662    gauc : 0.9854    itemcoverage@10 : 0.0911    averagepopularity@10 : 5681.9017    giniindex@10 : 0.9795    shannonentropy@10 : 0.0119    tailpercentage@10 : 0.0
Wed 15 May 2024 15:52:28 INFO  Saving current: saved/mind/NGCF/NGCF-May-15-2024_15-14-24.pth
Wed 15 May 2024 15:53:10 INFO  epoch 22 training [time: 42.14s, train loss: 14.8787]
Wed 15 May 2024 15:54:11 INFO  epoch 22 evaluating [time: 60.57s, valid_score: 0.511100]
Wed 15 May 2024 15:54:11 INFO  valid result: 
recall@10 : 0.5621    mrr@10 : 0.5111    ndcg@10 : 0.4384    hit@10 : 0.8425    map@10 : 0.3228    precision@10 : 0.1672    gauc : 0.9856    itemcoverage@10 : 0.0935    averagepopularity@10 : 5618.21    giniindex@10 : 0.9787    shannonentropy@10 : 0.0117    tailpercentage@10 : 0.0
Wed 15 May 2024 15:54:11 INFO  Saving current: saved/mind/NGCF/NGCF-May-15-2024_15-14-24.pth
Wed 15 May 2024 15:54:53 INFO  epoch 23 training [time: 42.09s, train loss: 14.4239]
Wed 15 May 2024 15:55:53 INFO  epoch 23 evaluating [time: 60.25s, valid_score: 0.515700]
Wed 15 May 2024 15:55:53 INFO  valid result: 
recall@10 : 0.5645    mrr@10 : 0.5157    ndcg@10 : 0.4419    hit@10 : 0.8466    map@10 : 0.3262    precision@10 : 0.1679    gauc : 0.9859    itemcoverage@10 : 0.0974    averagepopularity@10 : 5608.1207    giniindex@10 : 0.9788    shannonentropy@10 : 0.0112    tailpercentage@10 : 0.0
Wed 15 May 2024 15:55:54 INFO  Saving current: saved/mind/NGCF/NGCF-May-15-2024_15-14-24.pth
Wed 15 May 2024 15:56:36 INFO  epoch 24 training [time: 42.34s, train loss: 13.9172]
Wed 15 May 2024 15:57:37 INFO  epoch 24 evaluating [time: 60.64s, valid_score: 0.521400]
Wed 15 May 2024 15:57:37 INFO  valid result: 
recall@10 : 0.5672    mrr@10 : 0.5214    ndcg@10 : 0.4454    hit@10 : 0.8487    map@10 : 0.3293    precision@10 : 0.1688    gauc : 0.986    itemcoverage@10 : 0.099    averagepopularity@10 : 5604.8109    giniindex@10 : 0.9787    shannonentropy@10 : 0.011    tailpercentage@10 : 0.0
Wed 15 May 2024 15:57:37 INFO  Saving current: saved/mind/NGCF/NGCF-May-15-2024_15-14-24.pth
Wed 15 May 2024 15:58:19 INFO  epoch 25 training [time: 41.99s, train loss: 13.6255]
Wed 15 May 2024 15:59:20 INFO  epoch 25 evaluating [time: 60.81s, valid_score: 0.525200]
Wed 15 May 2024 15:59:20 INFO  valid result: 
recall@10 : 0.5689    mrr@10 : 0.5252    ndcg@10 : 0.4494    hit@10 : 0.8498    map@10 : 0.334    precision@10 : 0.1697    gauc : 0.9863    itemcoverage@10 : 0.1033    averagepopularity@10 : 5506.8765    giniindex@10 : 0.9777    shannonentropy@10 : 0.0107    tailpercentage@10 : 0.0
Wed 15 May 2024 15:59:20 INFO  Saving current: saved/mind/NGCF/NGCF-May-15-2024_15-14-24.pth
Wed 15 May 2024 16:00:03 INFO  epoch 26 training [time: 42.38s, train loss: 13.3840]
Wed 15 May 2024 16:01:03 INFO  epoch 26 evaluating [time: 59.88s, valid_score: 0.530100]
Wed 15 May 2024 16:01:03 INFO  valid result: 
recall@10 : 0.572    mrr@10 : 0.5301    ndcg@10 : 0.4543    hit@10 : 0.8535    map@10 : 0.3393    precision@10 : 0.171    gauc : 0.9864    itemcoverage@10 : 0.1026    averagepopularity@10 : 5520.977    giniindex@10 : 0.9778    shannonentropy@10 : 0.0108    tailpercentage@10 : 0.0
Wed 15 May 2024 16:01:03 INFO  Saving current: saved/mind/NGCF/NGCF-May-15-2024_15-14-24.pth
Wed 15 May 2024 16:01:45 INFO  epoch 27 training [time: 42.12s, train loss: 12.8212]
Wed 15 May 2024 16:02:47 INFO  epoch 27 evaluating [time: 61.50s, valid_score: 0.530800]
Wed 15 May 2024 16:02:47 INFO  valid result: 
recall@10 : 0.5738    mrr@10 : 0.5308    ndcg@10 : 0.4546    hit@10 : 0.8556    map@10 : 0.339    precision@10 : 0.1715    gauc : 0.9865    itemcoverage@10 : 0.1037    averagepopularity@10 : 5489.8849    giniindex@10 : 0.9775    shannonentropy@10 : 0.0107    tailpercentage@10 : 0.0
Wed 15 May 2024 16:02:48 INFO  Saving current: saved/mind/NGCF/NGCF-May-15-2024_15-14-24.pth
Wed 15 May 2024 16:03:30 INFO  epoch 28 training [time: 42.28s, train loss: 12.7439]
Wed 15 May 2024 16:04:31 INFO  epoch 28 evaluating [time: 60.96s, valid_score: 0.527200]
Wed 15 May 2024 16:04:31 INFO  valid result: 
recall@10 : 0.5743    mrr@10 : 0.5272    ndcg@10 : 0.4529    hit@10 : 0.8556    map@10 : 0.3365    precision@10 : 0.1716    gauc : 0.9868    itemcoverage@10 : 0.1087    averagepopularity@10 : 5433.5052    giniindex@10 : 0.9766    shannonentropy@10 : 0.0103    tailpercentage@10 : 0.0
Wed 15 May 2024 16:05:13 INFO  epoch 29 training [time: 42.34s, train loss: 12.5422]
Wed 15 May 2024 16:06:16 INFO  epoch 29 evaluating [time: 62.27s, valid_score: 0.532000]
Wed 15 May 2024 16:06:16 INFO  valid result: 
recall@10 : 0.5803    mrr@10 : 0.532    ndcg@10 : 0.4582    hit@10 : 0.861    map@10 : 0.3418    precision@10 : 0.1725    gauc : 0.9868    itemcoverage@10 : 0.1103    averagepopularity@10 : 5399.8032    giniindex@10 : 0.9762    shannonentropy@10 : 0.0101    tailpercentage@10 : 0.0
Wed 15 May 2024 16:06:16 INFO  Saving current: saved/mind/NGCF/NGCF-May-15-2024_15-14-24.pth
Wed 15 May 2024 16:06:58 INFO  epoch 30 training [time: 42.16s, train loss: 12.1480]
Wed 15 May 2024 16:08:04 INFO  epoch 30 evaluating [time: 66.04s, valid_score: 0.531700]
Wed 15 May 2024 16:08:04 INFO  valid result: 
recall@10 : 0.5807    mrr@10 : 0.5317    ndcg@10 : 0.4585    hit@10 : 0.8621    map@10 : 0.3417    precision@10 : 0.1732    gauc : 0.987    itemcoverage@10 : 0.1155    averagepopularity@10 : 5369.8439    giniindex@10 : 0.976    shannonentropy@10 : 0.0097    tailpercentage@10 : 0.0
Wed 15 May 2024 16:08:47 INFO  epoch 31 training [time: 42.30s, train loss: 11.7552]
Wed 15 May 2024 16:09:49 INFO  epoch 31 evaluating [time: 62.62s, valid_score: 0.531800]
Wed 15 May 2024 16:09:49 INFO  valid result: 
recall@10 : 0.5841    mrr@10 : 0.5318    ndcg@10 : 0.4606    hit@10 : 0.8641    map@10 : 0.3439    precision@10 : 0.1737    gauc : 0.9871    itemcoverage@10 : 0.1187    averagepopularity@10 : 5314.9322    giniindex@10 : 0.9749    shannonentropy@10 : 0.0095    tailpercentage@10 : 0.0
Wed 15 May 2024 16:10:31 INFO  epoch 32 training [time: 42.01s, train loss: 11.6102]
Wed 15 May 2024 16:11:30 INFO  epoch 32 evaluating [time: 59.16s, valid_score: 0.537600]
Wed 15 May 2024 16:11:30 INFO  valid result: 
recall@10 : 0.5871    mrr@10 : 0.5376    ndcg@10 : 0.4648    hit@10 : 0.8657    map@10 : 0.3483    precision@10 : 0.1747    gauc : 0.9872    itemcoverage@10 : 0.12    averagepopularity@10 : 5323.038    giniindex@10 : 0.9753    shannonentropy@10 : 0.0094    tailpercentage@10 : 0.0
Wed 15 May 2024 16:11:31 INFO  Saving current: saved/mind/NGCF/NGCF-May-15-2024_15-14-24.pth
Wed 15 May 2024 16:12:13 INFO  epoch 33 training [time: 42.00s, train loss: 11.3721]
Wed 15 May 2024 16:13:13 INFO  epoch 33 evaluating [time: 60.03s, valid_score: 0.542300]
Wed 15 May 2024 16:13:13 INFO  valid result: 
recall@10 : 0.5903    mrr@10 : 0.5423    ndcg@10 : 0.4693    hit@10 : 0.8696    map@10 : 0.353    precision@10 : 0.1754    gauc : 0.9873    itemcoverage@10 : 0.123    averagepopularity@10 : 5295.8397    giniindex@10 : 0.975    shannonentropy@10 : 0.0092    tailpercentage@10 : 0.0
Wed 15 May 2024 16:13:13 INFO  Saving current: saved/mind/NGCF/NGCF-May-15-2024_15-14-24.pth
Wed 15 May 2024 16:13:58 INFO  epoch 34 training [time: 44.52s, train loss: 11.1484]
Wed 15 May 2024 16:15:12 INFO  epoch 34 evaluating [time: 73.62s, valid_score: 0.537500]
Wed 15 May 2024 16:15:12 INFO  valid result: 
recall@10 : 0.5905    mrr@10 : 0.5375    ndcg@10 : 0.4662    hit@10 : 0.8697    map@10 : 0.3488    precision@10 : 0.1755    gauc : 0.9875    itemcoverage@10 : 0.1237    averagepopularity@10 : 5342.3167    giniindex@10 : 0.9751    shannonentropy@10 : 0.0091    tailpercentage@10 : 0.0
Wed 15 May 2024 16:16:29 INFO  epoch 35 training [time: 76.22s, train loss: 10.9905]
Wed 15 May 2024 16:17:32 INFO  epoch 35 evaluating [time: 62.99s, valid_score: 0.535800]
Wed 15 May 2024 16:17:32 INFO  valid result: 
recall@10 : 0.593    mrr@10 : 0.5358    ndcg@10 : 0.4655    hit@10 : 0.8718    map@10 : 0.3472    precision@10 : 0.1758    gauc : 0.9875    itemcoverage@10 : 0.1262    averagepopularity@10 : 5304.1631    giniindex@10 : 0.9749    shannonentropy@10 : 0.009    tailpercentage@10 : 0.0
Wed 15 May 2024 16:18:14 INFO  epoch 36 training [time: 42.60s, train loss: 10.6378]
Wed 15 May 2024 16:19:21 INFO  epoch 36 evaluating [time: 67.05s, valid_score: 0.539300]
Wed 15 May 2024 16:19:21 INFO  valid result: 
recall@10 : 0.5944    mrr@10 : 0.5393    ndcg@10 : 0.4686    hit@10 : 0.8724    map@10 : 0.3507    precision@10 : 0.1766    gauc : 0.9876    itemcoverage@10 : 0.1255    averagepopularity@10 : 5286.9449    giniindex@10 : 0.9747    shannonentropy@10 : 0.009    tailpercentage@10 : 0.0
Wed 15 May 2024 16:20:04 INFO  epoch 37 training [time: 42.57s, train loss: 10.4304]
Wed 15 May 2024 16:21:11 INFO  epoch 37 evaluating [time: 66.88s, valid_score: 0.541800]
Wed 15 May 2024 16:21:11 INFO  valid result: 
recall@10 : 0.5955    mrr@10 : 0.5418    ndcg@10 : 0.4704    hit@10 : 0.8736    map@10 : 0.3526    precision@10 : 0.1769    gauc : 0.9877    itemcoverage@10 : 0.1298    averagepopularity@10 : 5303.8911    giniindex@10 : 0.9745    shannonentropy@10 : 0.0087    tailpercentage@10 : 0.0
Wed 15 May 2024 16:21:53 INFO  epoch 38 training [time: 42.57s, train loss: 10.3361]
Wed 15 May 2024 16:23:00 INFO  epoch 38 evaluating [time: 66.64s, valid_score: 0.541700]
Wed 15 May 2024 16:23:00 INFO  valid result: 
recall@10 : 0.5965    mrr@10 : 0.5417    ndcg@10 : 0.4708    hit@10 : 0.8736    map@10 : 0.3526    precision@10 : 0.1777    gauc : 0.9878    itemcoverage@10 : 0.1332    averagepopularity@10 : 5314.4784    giniindex@10 : 0.9747    shannonentropy@10 : 0.0085    tailpercentage@10 : 0.0
Wed 15 May 2024 16:23:42 INFO  epoch 39 training [time: 42.35s, train loss: 10.0934]
Wed 15 May 2024 16:24:48 INFO  epoch 39 evaluating [time: 66.29s, valid_score: 0.539100]
Wed 15 May 2024 16:24:48 INFO  valid result: 
recall@10 : 0.5963    mrr@10 : 0.5391    ndcg@10 : 0.4698    hit@10 : 0.8735    map@10 : 0.3519    precision@10 : 0.1771    gauc : 0.9878    itemcoverage@10 : 0.1388    averagepopularity@10 : 5247.197    giniindex@10 : 0.9738    shannonentropy@10 : 0.0082    tailpercentage@10 : 0.0
Wed 15 May 2024 16:25:31 INFO  epoch 40 training [time: 42.29s, train loss: 10.0324]
Wed 15 May 2024 16:26:33 INFO  epoch 40 evaluating [time: 61.77s, valid_score: 0.539000]
Wed 15 May 2024 16:26:33 INFO  valid result: 
recall@10 : 0.598    mrr@10 : 0.539    ndcg@10 : 0.4705    hit@10 : 0.8753    map@10 : 0.3522    precision@10 : 0.1776    gauc : 0.9879    itemcoverage@10 : 0.1359    averagepopularity@10 : 5167.4198    giniindex@10 : 0.973    shannonentropy@10 : 0.0084    tailpercentage@10 : 0.0
Wed 15 May 2024 16:27:15 INFO  epoch 41 training [time: 42.51s, train loss: 9.7767]
Wed 15 May 2024 16:28:21 INFO  epoch 41 evaluating [time: 66.24s, valid_score: 0.542300]
Wed 15 May 2024 16:28:21 INFO  valid result: 
recall@10 : 0.601    mrr@10 : 0.5423    ndcg@10 : 0.4733    hit@10 : 0.8774    map@10 : 0.3547    precision@10 : 0.1787    gauc : 0.9881    itemcoverage@10 : 0.1391    averagepopularity@10 : 5140.587    giniindex@10 : 0.9727    shannonentropy@10 : 0.0083    tailpercentage@10 : 0.0
Wed 15 May 2024 16:28:22 INFO  Saving current: saved/mind/NGCF/NGCF-May-15-2024_15-14-24.pth
Wed 15 May 2024 16:29:04 INFO  epoch 42 training [time: 42.38s, train loss: 9.4713]
Wed 15 May 2024 16:30:10 INFO  epoch 42 evaluating [time: 66.06s, valid_score: 0.542700]
Wed 15 May 2024 16:30:10 INFO  valid result: 
recall@10 : 0.6015    mrr@10 : 0.5427    ndcg@10 : 0.4732    hit@10 : 0.8787    map@10 : 0.3542    precision@10 : 0.1787    gauc : 0.9881    itemcoverage@10 : 0.1409    averagepopularity@10 : 5177.1464    giniindex@10 : 0.9729    shannonentropy@10 : 0.0081    tailpercentage@10 : 0.0
Wed 15 May 2024 16:30:11 INFO  Saving current: saved/mind/NGCF/NGCF-May-15-2024_15-14-24.pth
Wed 15 May 2024 16:30:53 INFO  epoch 43 training [time: 42.56s, train loss: 9.4617]
Wed 15 May 2024 16:31:53 INFO  epoch 43 evaluating [time: 59.52s, valid_score: 0.544500]
Wed 15 May 2024 16:31:53 INFO  valid result: 
recall@10 : 0.602    mrr@10 : 0.5445    ndcg@10 : 0.4753    hit@10 : 0.8787    map@10 : 0.3571    precision@10 : 0.1788    gauc : 0.9881    itemcoverage@10 : 0.1447    averagepopularity@10 : 5141.9328    giniindex@10 : 0.9725    shannonentropy@10 : 0.0079    tailpercentage@10 : 0.0
Wed 15 May 2024 16:31:53 INFO  Saving current: saved/mind/NGCF/NGCF-May-15-2024_15-14-24.pth
Wed 15 May 2024 16:32:35 INFO  epoch 44 training [time: 42.11s, train loss: 9.3255]
Wed 15 May 2024 16:33:34 INFO  epoch 44 evaluating [time: 58.85s, valid_score: 0.543500]
Wed 15 May 2024 16:33:34 INFO  valid result: 
recall@10 : 0.6035    mrr@10 : 0.5435    ndcg@10 : 0.4749    hit@10 : 0.8797    map@10 : 0.356    precision@10 : 0.1793    gauc : 0.9882    itemcoverage@10 : 0.1502    averagepopularity@10 : 5128.1402    giniindex@10 : 0.9719    shannonentropy@10 : 0.0077    tailpercentage@10 : 0.0
Wed 15 May 2024 16:34:16 INFO  epoch 45 training [time: 42.27s, train loss: 9.3425]
Wed 15 May 2024 16:35:18 INFO  epoch 45 evaluating [time: 61.65s, valid_score: 0.545700]
Wed 15 May 2024 16:35:18 INFO  valid result: 
recall@10 : 0.6028    mrr@10 : 0.5457    ndcg@10 : 0.4761    hit@10 : 0.8791    map@10 : 0.3576    precision@10 : 0.1792    gauc : 0.9883    itemcoverage@10 : 0.1493    averagepopularity@10 : 5165.0517    giniindex@10 : 0.9723    shannonentropy@10 : 0.0077    tailpercentage@10 : 0.0
Wed 15 May 2024 16:35:18 INFO  Saving current: saved/mind/NGCF/NGCF-May-15-2024_15-14-24.pth
Wed 15 May 2024 16:36:00 INFO  epoch 46 training [time: 42.18s, train loss: 9.0248]
Wed 15 May 2024 16:37:01 INFO  epoch 46 evaluating [time: 61.08s, valid_score: 0.539200]
Wed 15 May 2024 16:37:01 INFO  valid result: 
recall@10 : 0.6022    mrr@10 : 0.5392    ndcg@10 : 0.4719    hit@10 : 0.8783    map@10 : 0.3526    precision@10 : 0.1795    gauc : 0.9884    itemcoverage@10 : 0.1554    averagepopularity@10 : 5126.4233    giniindex@10 : 0.9715    shannonentropy@10 : 0.0074    tailpercentage@10 : 0.0
Wed 15 May 2024 16:37:44 INFO  epoch 47 training [time: 42.68s, train loss: 8.8091]
Wed 15 May 2024 16:38:53 INFO  epoch 47 evaluating [time: 69.25s, valid_score: 0.541300]
Wed 15 May 2024 16:38:53 INFO  valid result: 
recall@10 : 0.6035    mrr@10 : 0.5413    ndcg@10 : 0.4741    hit@10 : 0.8789    map@10 : 0.3553    precision@10 : 0.1794    gauc : 0.9884    itemcoverage@10 : 0.1554    averagepopularity@10 : 5110.613    giniindex@10 : 0.9719    shannonentropy@10 : 0.0074    tailpercentage@10 : 0.0
Wed 15 May 2024 16:39:36 INFO  epoch 48 training [time: 42.34s, train loss: 8.8140]
Wed 15 May 2024 16:40:46 INFO  epoch 48 evaluating [time: 69.96s, valid_score: 0.538700]
Wed 15 May 2024 16:40:46 INFO  valid result: 
recall@10 : 0.6035    mrr@10 : 0.5387    ndcg@10 : 0.4725    hit@10 : 0.879    map@10 : 0.3532    precision@10 : 0.1797    gauc : 0.9884    itemcoverage@10 : 0.1563    averagepopularity@10 : 5110.3294    giniindex@10 : 0.9719    shannonentropy@10 : 0.0074    tailpercentage@10 : 0.0
Wed 15 May 2024 16:41:28 INFO  epoch 49 training [time: 42.19s, train loss: 8.7324]
Wed 15 May 2024 16:42:27 INFO  epoch 49 evaluating [time: 59.01s, valid_score: 0.545100]
Wed 15 May 2024 16:42:27 INFO  valid result: 
recall@10 : 0.6074    mrr@10 : 0.5451    ndcg@10 : 0.4783    hit@10 : 0.8813    map@10 : 0.3594    precision@10 : 0.1806    gauc : 0.9885    itemcoverage@10 : 0.1615    averagepopularity@10 : 5059.1971    giniindex@10 : 0.9706    shannonentropy@10 : 0.0072    tailpercentage@10 : 0.0
Wed 15 May 2024 16:43:09 INFO  epoch 50 training [time: 41.99s, train loss: 8.5742]
Wed 15 May 2024 16:44:11 INFO  epoch 50 evaluating [time: 62.50s, valid_score: 0.544500]
Wed 15 May 2024 16:44:11 INFO  valid result: 
recall@10 : 0.6046    mrr@10 : 0.5445    ndcg@10 : 0.4767    hit@10 : 0.8796    map@10 : 0.3577    precision@10 : 0.1804    gauc : 0.9886    itemcoverage@10 : 0.161    averagepopularity@10 : 5113.25    giniindex@10 : 0.9714    shannonentropy@10 : 0.0072    tailpercentage@10 : 0.0
Wed 15 May 2024 16:44:54 INFO  epoch 51 training [time: 42.24s, train loss: 8.5044]
Wed 15 May 2024 16:45:53 INFO  epoch 51 evaluating [time: 59.20s, valid_score: 0.546800]
Wed 15 May 2024 16:45:53 INFO  valid result: 
recall@10 : 0.6068    mrr@10 : 0.5468    ndcg@10 : 0.4788    hit@10 : 0.8803    map@10 : 0.3599    precision@10 : 0.1808    gauc : 0.9886    itemcoverage@10 : 0.1629    averagepopularity@10 : 5063.7434    giniindex@10 : 0.9706    shannonentropy@10 : 0.0071    tailpercentage@10 : 0.0
Wed 15 May 2024 16:45:53 INFO  Saving current: saved/mind/NGCF/NGCF-May-15-2024_15-14-24.pth
Wed 15 May 2024 16:46:35 INFO  epoch 52 training [time: 42.19s, train loss: 8.2711]
Wed 15 May 2024 16:47:34 INFO  epoch 52 evaluating [time: 58.98s, valid_score: 0.545600]
Wed 15 May 2024 16:47:34 INFO  valid result: 
recall@10 : 0.6079    mrr@10 : 0.5456    ndcg@10 : 0.479    hit@10 : 0.8799    map@10 : 0.3602    precision@10 : 0.1808    gauc : 0.9887    itemcoverage@10 : 0.1653    averagepopularity@10 : 5069.9735    giniindex@10 : 0.9702    shannonentropy@10 : 0.007    tailpercentage@10 : 0.0
Wed 15 May 2024 16:48:17 INFO  epoch 53 training [time: 42.27s, train loss: 8.2740]
Wed 15 May 2024 16:49:16 INFO  epoch 53 evaluating [time: 59.50s, valid_score: 0.547800]
Wed 15 May 2024 16:49:16 INFO  valid result: 
recall@10 : 0.611    mrr@10 : 0.5478    ndcg@10 : 0.4807    hit@10 : 0.8846    map@10 : 0.361    precision@10 : 0.1817    gauc : 0.9887    itemcoverage@10 : 0.1665    averagepopularity@10 : 5086.3931    giniindex@10 : 0.9702    shannonentropy@10 : 0.007    tailpercentage@10 : 0.0
Wed 15 May 2024 16:49:17 INFO  Saving current: saved/mind/NGCF/NGCF-May-15-2024_15-14-24.pth
Wed 15 May 2024 16:49:59 INFO  epoch 54 training [time: 42.21s, train loss: 8.1274]
Wed 15 May 2024 16:50:58 INFO  epoch 54 evaluating [time: 59.13s, valid_score: 0.545700]
Wed 15 May 2024 16:50:58 INFO  valid result: 
recall@10 : 0.6079    mrr@10 : 0.5457    ndcg@10 : 0.4784    hit@10 : 0.8806    map@10 : 0.359    precision@10 : 0.1813    gauc : 0.9888    itemcoverage@10 : 0.1674    averagepopularity@10 : 5043.7029    giniindex@10 : 0.9701    shannonentropy@10 : 0.007    tailpercentage@10 : 0.0
Wed 15 May 2024 16:51:40 INFO  epoch 55 training [time: 42.14s, train loss: 8.0027]
Wed 15 May 2024 16:52:41 INFO  epoch 55 evaluating [time: 60.79s, valid_score: 0.545600]
Wed 15 May 2024 16:52:41 INFO  valid result: 
recall@10 : 0.6117    mrr@10 : 0.5456    ndcg@10 : 0.48    hit@10 : 0.8839    map@10 : 0.36    precision@10 : 0.1821    gauc : 0.9888    itemcoverage@10 : 0.171    averagepopularity@10 : 5091.3584    giniindex@10 : 0.9703    shannonentropy@10 : 0.0068    tailpercentage@10 : 0.0
Wed 15 May 2024 16:53:23 INFO  epoch 56 training [time: 42.13s, train loss: 7.8647]
Wed 15 May 2024 16:54:23 INFO  epoch 56 evaluating [time: 59.50s, valid_score: 0.548900]
Wed 15 May 2024 16:54:23 INFO  valid result: 
recall@10 : 0.6108    mrr@10 : 0.5489    ndcg@10 : 0.4813    hit@10 : 0.8832    map@10 : 0.3618    precision@10 : 0.1819    gauc : 0.9888    itemcoverage@10 : 0.1701    averagepopularity@10 : 5014.3315    giniindex@10 : 0.9702    shannonentropy@10 : 0.0069    tailpercentage@10 : 0.0
Wed 15 May 2024 16:54:23 INFO  Saving current: saved/mind/NGCF/NGCF-May-15-2024_15-14-24.pth
Wed 15 May 2024 16:55:05 INFO  epoch 57 training [time: 42.06s, train loss: 7.7250]
Wed 15 May 2024 16:56:05 INFO  epoch 57 evaluating [time: 59.95s, valid_score: 0.548600]
Wed 15 May 2024 16:56:05 INFO  valid result: 
recall@10 : 0.6117    mrr@10 : 0.5486    ndcg@10 : 0.4821    hit@10 : 0.8834    map@10 : 0.3626    precision@10 : 0.1826    gauc : 0.9889    itemcoverage@10 : 0.173    averagepopularity@10 : 5023.2364    giniindex@10 : 0.9702    shannonentropy@10 : 0.0067    tailpercentage@10 : 0.0
Wed 15 May 2024 16:56:47 INFO  epoch 58 training [time: 42.10s, train loss: 7.6197]
Wed 15 May 2024 16:57:47 INFO  epoch 58 evaluating [time: 60.04s, valid_score: 0.549300]
Wed 15 May 2024 16:57:47 INFO  valid result: 
recall@10 : 0.6106    mrr@10 : 0.5493    ndcg@10 : 0.4819    hit@10 : 0.8831    map@10 : 0.3626    precision@10 : 0.1823    gauc : 0.9889    itemcoverage@10 : 0.173    averagepopularity@10 : 5000.4493    giniindex@10 : 0.9697    shannonentropy@10 : 0.0068    tailpercentage@10 : 0.0
Wed 15 May 2024 16:57:48 INFO  Saving current: saved/mind/NGCF/NGCF-May-15-2024_15-14-24.pth
Wed 15 May 2024 16:58:30 INFO  epoch 59 training [time: 41.94s, train loss: 7.6398]
Wed 15 May 2024 16:59:28 INFO  epoch 59 evaluating [time: 58.70s, valid_score: 0.547200]
Wed 15 May 2024 16:59:28 INFO  valid result: 
recall@10 : 0.6092    mrr@10 : 0.5472    ndcg@10 : 0.4792    hit@10 : 0.8827    map@10 : 0.3595    precision@10 : 0.1818    gauc : 0.989    itemcoverage@10 : 0.1764    averagepopularity@10 : 4984.3872    giniindex@10 : 0.9692    shannonentropy@10 : 0.0066    tailpercentage@10 : 0.0
Wed 15 May 2024 17:00:10 INFO  epoch 60 training [time: 42.08s, train loss: 7.4102]
Wed 15 May 2024 17:01:10 INFO  epoch 60 evaluating [time: 59.25s, valid_score: 0.547100]
Wed 15 May 2024 17:01:10 INFO  valid result: 
recall@10 : 0.6127    mrr@10 : 0.5471    ndcg@10 : 0.4811    hit@10 : 0.8846    map@10 : 0.361    precision@10 : 0.1831    gauc : 0.9891    itemcoverage@10 : 0.181    averagepopularity@10 : 5005.886    giniindex@10 : 0.9696    shannonentropy@10 : 0.0065    tailpercentage@10 : 0.0
Wed 15 May 2024 17:01:52 INFO  epoch 61 training [time: 42.07s, train loss: 7.4946]
Wed 15 May 2024 17:02:51 INFO  epoch 61 evaluating [time: 59.38s, valid_score: 0.546900]
Wed 15 May 2024 17:02:51 INFO  valid result: 
recall@10 : 0.6122    mrr@10 : 0.5469    ndcg@10 : 0.4808    hit@10 : 0.8834    map@10 : 0.3606    precision@10 : 0.1835    gauc : 0.9891    itemcoverage@10 : 0.1844    averagepopularity@10 : 5013.1253    giniindex@10 : 0.9695    shannonentropy@10 : 0.0063    tailpercentage@10 : 0.0
Wed 15 May 2024 17:03:33 INFO  epoch 62 training [time: 42.21s, train loss: 7.3661]
Wed 15 May 2024 17:04:48 INFO  epoch 62 evaluating [time: 74.57s, valid_score: 0.545100]
Wed 15 May 2024 17:04:48 INFO  valid result: 
recall@10 : 0.6114    mrr@10 : 0.5451    ndcg@10 : 0.4787    hit@10 : 0.8829    map@10 : 0.3582    precision@10 : 0.1827    gauc : 0.9892    itemcoverage@10 : 0.186    averagepopularity@10 : 4962.1661    giniindex@10 : 0.9686    shannonentropy@10 : 0.0063    tailpercentage@10 : 0.0
Wed 15 May 2024 17:05:30 INFO  epoch 63 training [time: 42.41s, train loss: 7.2334]
Wed 15 May 2024 17:06:31 INFO  epoch 63 evaluating [time: 60.66s, valid_score: 0.549600]
Wed 15 May 2024 17:06:31 INFO  valid result: 
recall@10 : 0.6133    mrr@10 : 0.5496    ndcg@10 : 0.4826    hit@10 : 0.8841    map@10 : 0.3624    precision@10 : 0.1836    gauc : 0.9892    itemcoverage@10 : 0.19    averagepopularity@10 : 5022.4559    giniindex@10 : 0.9692    shannonentropy@10 : 0.0062    tailpercentage@10 : 0.0
Wed 15 May 2024 17:06:31 INFO  Saving current: saved/mind/NGCF/NGCF-May-15-2024_15-14-24.pth
Wed 15 May 2024 17:07:13 INFO  epoch 64 training [time: 42.00s, train loss: 7.0674]
Wed 15 May 2024 17:08:12 INFO  epoch 64 evaluating [time: 58.93s, valid_score: 0.545900]
Wed 15 May 2024 17:08:12 INFO  valid result: 
recall@10 : 0.6133    mrr@10 : 0.5459    ndcg@10 : 0.4808    hit@10 : 0.8846    map@10 : 0.3601    precision@10 : 0.1839    gauc : 0.9893    itemcoverage@10 : 0.1882    averagepopularity@10 : 4992.862    giniindex@10 : 0.9688    shannonentropy@10 : 0.0062    tailpercentage@10 : 0.0
Wed 15 May 2024 17:08:54 INFO  epoch 65 training [time: 41.95s, train loss: 7.1388]
Wed 15 May 2024 17:10:10 INFO  epoch 65 evaluating [time: 75.42s, valid_score: 0.550500]
Wed 15 May 2024 17:10:10 INFO  valid result: 
recall@10 : 0.6144    mrr@10 : 0.5505    ndcg@10 : 0.4839    hit@10 : 0.8853    map@10 : 0.3637    precision@10 : 0.1841    gauc : 0.9893    itemcoverage@10 : 0.1934    averagepopularity@10 : 5007.6111    giniindex@10 : 0.9685    shannonentropy@10 : 0.0061    tailpercentage@10 : 0.0
Wed 15 May 2024 17:10:10 INFO  Saving current: saved/mind/NGCF/NGCF-May-15-2024_15-14-24.pth
Wed 15 May 2024 17:10:52 INFO  epoch 66 training [time: 42.35s, train loss: 7.0582]
Wed 15 May 2024 17:11:53 INFO  epoch 66 evaluating [time: 60.48s, valid_score: 0.549500]
Wed 15 May 2024 17:11:53 INFO  valid result: 
recall@10 : 0.6171    mrr@10 : 0.5495    ndcg@10 : 0.4843    hit@10 : 0.8884    map@10 : 0.3635    precision@10 : 0.1844    gauc : 0.9893    itemcoverage@10 : 0.188    averagepopularity@10 : 4955.9297    giniindex@10 : 0.968    shannonentropy@10 : 0.0063    tailpercentage@10 : 0.0
Wed 15 May 2024 17:12:35 INFO  epoch 67 training [time: 42.21s, train loss: 6.9008]
Wed 15 May 2024 17:13:38 INFO  epoch 67 evaluating [time: 62.46s, valid_score: 0.550400]
Wed 15 May 2024 17:13:38 INFO  valid result: 
recall@10 : 0.6183    mrr@10 : 0.5504    ndcg@10 : 0.4857    hit@10 : 0.8901    map@10 : 0.3649    precision@10 : 0.1847    gauc : 0.9893    itemcoverage@10 : 0.1918    averagepopularity@10 : 4918.3938    giniindex@10 : 0.9684    shannonentropy@10 : 0.0061    tailpercentage@10 : 0.0
Wed 15 May 2024 17:14:21 INFO  epoch 68 training [time: 43.16s, train loss: 6.8455]
Wed 15 May 2024 17:15:42 INFO  epoch 68 evaluating [time: 80.88s, valid_score: 0.549100]
Wed 15 May 2024 17:15:42 INFO  valid result: 
recall@10 : 0.6184    mrr@10 : 0.5491    ndcg@10 : 0.4854    hit@10 : 0.8897    map@10 : 0.3648    precision@10 : 0.1843    gauc : 0.9894    itemcoverage@10 : 0.1959    averagepopularity@10 : 4877.4815    giniindex@10 : 0.9678    shannonentropy@10 : 0.006    tailpercentage@10 : 0.0
Wed 15 May 2024 17:16:27 INFO  epoch 69 training [time: 45.48s, train loss: 6.7517]
Wed 15 May 2024 17:17:26 INFO  epoch 69 evaluating [time: 59.12s, valid_score: 0.550600]
Wed 15 May 2024 17:17:26 INFO  valid result: 
recall@10 : 0.6204    mrr@10 : 0.5506    ndcg@10 : 0.4866    hit@10 : 0.8918    map@10 : 0.3655    precision@10 : 0.1851    gauc : 0.9895    itemcoverage@10 : 0.2007    averagepopularity@10 : 4947.5276    giniindex@10 : 0.968    shannonentropy@10 : 0.0059    tailpercentage@10 : 0.0
Wed 15 May 2024 17:17:27 INFO  Saving current: saved/mind/NGCF/NGCF-May-15-2024_15-14-24.pth
Wed 15 May 2024 17:18:09 INFO  epoch 70 training [time: 42.26s, train loss: 6.7541]
Wed 15 May 2024 17:19:08 INFO  epoch 70 evaluating [time: 59.04s, valid_score: 0.548400]
Wed 15 May 2024 17:19:08 INFO  valid result: 
recall@10 : 0.6193    mrr@10 : 0.5484    ndcg@10 : 0.4844    hit@10 : 0.8909    map@10 : 0.3626    precision@10 : 0.1854    gauc : 0.9895    itemcoverage@10 : 0.2005    averagepopularity@10 : 4943.4986    giniindex@10 : 0.9677    shannonentropy@10 : 0.0059    tailpercentage@10 : 0.0
Wed 15 May 2024 17:19:50 INFO  epoch 71 training [time: 42.18s, train loss: 6.7098]
Wed 15 May 2024 17:20:50 INFO  epoch 71 evaluating [time: 60.26s, valid_score: 0.552400]
Wed 15 May 2024 17:20:50 INFO  valid result: 
recall@10 : 0.619    mrr@10 : 0.5524    ndcg@10 : 0.4877    hit@10 : 0.8918    map@10 : 0.3673    precision@10 : 0.1849    gauc : 0.9895    itemcoverage@10 : 0.2034    averagepopularity@10 : 4900.0056    giniindex@10 : 0.9676    shannonentropy@10 : 0.0058    tailpercentage@10 : 0.0
Wed 15 May 2024 17:20:51 INFO  Saving current: saved/mind/NGCF/NGCF-May-15-2024_15-14-24.pth
Wed 15 May 2024 17:21:44 INFO  epoch 72 training [time: 53.43s, train loss: 6.4988]
Wed 15 May 2024 17:22:53 INFO  epoch 72 evaluating [time: 68.72s, valid_score: 0.555300]
Wed 15 May 2024 17:22:53 INFO  valid result: 
recall@10 : 0.6223    mrr@10 : 0.5553    ndcg@10 : 0.4909    hit@10 : 0.8945    map@10 : 0.3706    precision@10 : 0.1853    gauc : 0.9895    itemcoverage@10 : 0.2057    averagepopularity@10 : 4888.3571    giniindex@10 : 0.9667    shannonentropy@10 : 0.0058    tailpercentage@10 : 0.0
Wed 15 May 2024 17:22:53 INFO  Saving current: saved/mind/NGCF/NGCF-May-15-2024_15-14-24.pth
Wed 15 May 2024 17:23:37 INFO  epoch 73 training [time: 43.38s, train loss: 6.6013]
Wed 15 May 2024 17:24:44 INFO  epoch 73 evaluating [time: 66.94s, valid_score: 0.552400]
Wed 15 May 2024 17:24:44 INFO  valid result: 
recall@10 : 0.6224    mrr@10 : 0.5524    ndcg@10 : 0.4894    hit@10 : 0.8942    map@10 : 0.3687    precision@10 : 0.1854    gauc : 0.9896    itemcoverage@10 : 0.2075    averagepopularity@10 : 4927.8559    giniindex@10 : 0.9671    shannonentropy@10 : 0.0057    tailpercentage@10 : 0.0
Wed 15 May 2024 17:25:27 INFO  epoch 74 training [time: 43.18s, train loss: 6.5012]
Wed 15 May 2024 17:26:34 INFO  epoch 74 evaluating [time: 66.67s, valid_score: 0.552700]
Wed 15 May 2024 17:26:34 INFO  valid result: 
recall@10 : 0.6252    mrr@10 : 0.5527    ndcg@10 : 0.49    hit@10 : 0.8953    map@10 : 0.3684    precision@10 : 0.1867    gauc : 0.9896    itemcoverage@10 : 0.2075    averagepopularity@10 : 4965.353    giniindex@10 : 0.9678    shannonentropy@10 : 0.0057    tailpercentage@10 : 0.0
Wed 15 May 2024 17:27:17 INFO  epoch 75 training [time: 43.29s, train loss: 6.3416]
Wed 15 May 2024 17:28:23 INFO  epoch 75 evaluating [time: 66.31s, valid_score: 0.555300]
Wed 15 May 2024 17:28:23 INFO  valid result: 
recall@10 : 0.626    mrr@10 : 0.5553    ndcg@10 : 0.4926    hit@10 : 0.8967    map@10 : 0.3716    precision@10 : 0.1865    gauc : 0.9896    itemcoverage@10 : 0.2097    averagepopularity@10 : 4933.2573    giniindex@10 : 0.9674    shannonentropy@10 : 0.0056    tailpercentage@10 : 0.0
Wed 15 May 2024 17:28:24 INFO  Saving current: saved/mind/NGCF/NGCF-May-15-2024_15-14-24.pth
Wed 15 May 2024 17:29:07 INFO  epoch 76 training [time: 43.33s, train loss: 6.3506]
Wed 15 May 2024 17:30:13 INFO  epoch 76 evaluating [time: 66.31s, valid_score: 0.555800]
Wed 15 May 2024 17:30:13 INFO  valid result: 
recall@10 : 0.6265    mrr@10 : 0.5558    ndcg@10 : 0.4936    hit@10 : 0.8957    map@10 : 0.3728    precision@10 : 0.1869    gauc : 0.9896    itemcoverage@10 : 0.2097    averagepopularity@10 : 4948.9998    giniindex@10 : 0.9672    shannonentropy@10 : 0.0056    tailpercentage@10 : 0.0
Wed 15 May 2024 17:30:14 INFO  Saving current: saved/mind/NGCF/NGCF-May-15-2024_15-14-24.pth
Wed 15 May 2024 17:30:58 INFO  epoch 77 training [time: 44.60s, train loss: 6.3167]
Wed 15 May 2024 17:32:16 INFO  epoch 77 evaluating [time: 77.53s, valid_score: 0.556500]
Wed 15 May 2024 17:32:16 INFO  valid result: 
recall@10 : 0.6259    mrr@10 : 0.5565    ndcg@10 : 0.4936    hit@10 : 0.8956    map@10 : 0.3729    precision@10 : 0.1867    gauc : 0.9897    itemcoverage@10 : 0.2116    averagepopularity@10 : 4917.0481    giniindex@10 : 0.9668    shannonentropy@10 : 0.0056    tailpercentage@10 : 0.0
Wed 15 May 2024 17:32:16 INFO  Saving current: saved/mind/NGCF/NGCF-May-15-2024_15-14-24.pth
Wed 15 May 2024 17:33:01 INFO  epoch 78 training [time: 44.44s, train loss: 6.1593]
Wed 15 May 2024 17:34:07 INFO  epoch 78 evaluating [time: 66.73s, valid_score: 0.554600]
Wed 15 May 2024 17:34:07 INFO  valid result: 
recall@10 : 0.6267    mrr@10 : 0.5546    ndcg@10 : 0.4922    hit@10 : 0.8956    map@10 : 0.371    precision@10 : 0.1866    gauc : 0.9897    itemcoverage@10 : 0.2163    averagepopularity@10 : 4915.9469    giniindex@10 : 0.9664    shannonentropy@10 : 0.0055    tailpercentage@10 : 0.0
Wed 15 May 2024 17:34:51 INFO  epoch 79 training [time: 43.59s, train loss: 6.0676]
Wed 15 May 2024 17:36:10 INFO  epoch 79 evaluating [time: 79.12s, valid_score: 0.558800]
Wed 15 May 2024 17:36:10 INFO  valid result: 
recall@10 : 0.6272    mrr@10 : 0.5588    ndcg@10 : 0.4952    hit@10 : 0.8964    map@10 : 0.3746    precision@10 : 0.187    gauc : 0.9897    itemcoverage@10 : 0.2116    averagepopularity@10 : 4906.9444    giniindex@10 : 0.9665    shannonentropy@10 : 0.0056    tailpercentage@10 : 0.0
Wed 15 May 2024 17:36:11 INFO  Saving current: saved/mind/NGCF/NGCF-May-15-2024_15-14-24.pth
Wed 15 May 2024 17:36:54 INFO  epoch 80 training [time: 43.26s, train loss: 5.9768]
Wed 15 May 2024 17:38:03 INFO  epoch 80 evaluating [time: 68.97s, valid_score: 0.558200]
Wed 15 May 2024 17:38:03 INFO  valid result: 
recall@10 : 0.627    mrr@10 : 0.5582    ndcg@10 : 0.4954    hit@10 : 0.8963    map@10 : 0.3752    precision@10 : 0.1867    gauc : 0.9897    itemcoverage@10 : 0.2143    averagepopularity@10 : 4812.0868    giniindex@10 : 0.9658    shannonentropy@10 : 0.0056    tailpercentage@10 : 0.0
Wed 15 May 2024 17:38:45 INFO  epoch 81 training [time: 42.19s, train loss: 6.1365]
Wed 15 May 2024 17:39:45 INFO  epoch 81 evaluating [time: 59.66s, valid_score: 0.556800]
Wed 15 May 2024 17:39:45 INFO  valid result: 
recall@10 : 0.6266    mrr@10 : 0.5568    ndcg@10 : 0.4949    hit@10 : 0.8962    map@10 : 0.3747    precision@10 : 0.1874    gauc : 0.9897    itemcoverage@10 : 0.2183    averagepopularity@10 : 4871.0071    giniindex@10 : 0.966    shannonentropy@10 : 0.0055    tailpercentage@10 : 0.0
Wed 15 May 2024 17:40:27 INFO  epoch 82 training [time: 42.58s, train loss: 6.0542]
Wed 15 May 2024 17:42:13 INFO  epoch 82 evaluating [time: 105.76s, valid_score: 0.557200]
Wed 15 May 2024 17:42:13 INFO  valid result: 
recall@10 : 0.6288    mrr@10 : 0.5572    ndcg@10 : 0.4956    hit@10 : 0.8979    map@10 : 0.3746    precision@10 : 0.188    gauc : 0.9898    itemcoverage@10 : 0.217    averagepopularity@10 : 4848.4849    giniindex@10 : 0.9659    shannonentropy@10 : 0.0055    tailpercentage@10 : 0.0
Wed 15 May 2024 17:43:25 INFO  epoch 83 training [time: 71.55s, train loss: 5.8229]
Wed 15 May 2024 17:44:59 INFO  epoch 83 evaluating [time: 94.11s, valid_score: 0.557700]
Wed 15 May 2024 17:44:59 INFO  valid result: 
recall@10 : 0.6279    mrr@10 : 0.5577    ndcg@10 : 0.4952    hit@10 : 0.8949    map@10 : 0.3747    precision@10 : 0.1873    gauc : 0.9898    itemcoverage@10 : 0.2215    averagepopularity@10 : 4840.6898    giniindex@10 : 0.9656    shannonentropy@10 : 0.0054    tailpercentage@10 : 0.0
Wed 15 May 2024 17:45:41 INFO  epoch 84 training [time: 42.45s, train loss: 5.8200]
Wed 15 May 2024 17:46:47 INFO  epoch 84 evaluating [time: 65.44s, valid_score: 0.554700]
Wed 15 May 2024 17:46:47 INFO  valid result: 
recall@10 : 0.626    mrr@10 : 0.5547    ndcg@10 : 0.4927    hit@10 : 0.8938    map@10 : 0.3717    precision@10 : 0.1875    gauc : 0.9898    itemcoverage@10 : 0.2227    averagepopularity@10 : 4825.4662    giniindex@10 : 0.9658    shannonentropy@10 : 0.0054    tailpercentage@10 : 0.0
Wed 15 May 2024 17:47:30 INFO  epoch 85 training [time: 42.96s, train loss: 5.7700]
Wed 15 May 2024 17:48:39 INFO  epoch 85 evaluating [time: 69.58s, valid_score: 0.555200]
Wed 15 May 2024 17:48:39 INFO  valid result: 
recall@10 : 0.6269    mrr@10 : 0.5552    ndcg@10 : 0.4939    hit@10 : 0.8952    map@10 : 0.3733    precision@10 : 0.1873    gauc : 0.9898    itemcoverage@10 : 0.2224    averagepopularity@10 : 4820.6407    giniindex@10 : 0.9656    shannonentropy@10 : 0.0054    tailpercentage@10 : 0.0
Wed 15 May 2024 17:49:21 INFO  epoch 86 training [time: 42.14s, train loss: 5.7791]
Wed 15 May 2024 17:50:34 INFO  epoch 86 evaluating [time: 73.11s, valid_score: 0.557600]
Wed 15 May 2024 17:50:34 INFO  valid result: 
recall@10 : 0.6287    mrr@10 : 0.5576    ndcg@10 : 0.4958    hit@10 : 0.897    map@10 : 0.3752    precision@10 : 0.1878    gauc : 0.9898    itemcoverage@10 : 0.2265    averagepopularity@10 : 4837.5218    giniindex@10 : 0.9659    shannonentropy@10 : 0.0053    tailpercentage@10 : 0.0
Wed 15 May 2024 17:51:17 INFO  epoch 87 training [time: 42.16s, train loss: 5.7855]
Wed 15 May 2024 17:52:30 INFO  epoch 87 evaluating [time: 73.91s, valid_score: 0.558800]
Wed 15 May 2024 17:52:30 INFO  valid result: 
recall@10 : 0.6296    mrr@10 : 0.5588    ndcg@10 : 0.4969    hit@10 : 0.8959    map@10 : 0.3764    precision@10 : 0.1878    gauc : 0.9899    itemcoverage@10 : 0.2313    averagepopularity@10 : 4849.4658    giniindex@10 : 0.9658    shannonentropy@10 : 0.0052    tailpercentage@10 : 0.0
Wed 15 May 2024 17:52:31 INFO  Saving current: saved/mind/NGCF/NGCF-May-15-2024_15-14-24.pth
Wed 15 May 2024 17:53:13 INFO  epoch 88 training [time: 42.47s, train loss: 5.6618]
Wed 15 May 2024 17:54:14 INFO  epoch 88 evaluating [time: 60.84s, valid_score: 0.557700]
Wed 15 May 2024 17:54:14 INFO  valid result: 
recall@10 : 0.6323    mrr@10 : 0.5577    ndcg@10 : 0.4971    hit@10 : 0.9006    map@10 : 0.3759    precision@10 : 0.1882    gauc : 0.9899    itemcoverage@10 : 0.229    averagepopularity@10 : 4831.1536    giniindex@10 : 0.9651    shannonentropy@10 : 0.0052    tailpercentage@10 : 0.0
Wed 15 May 2024 17:54:56 INFO  epoch 89 training [time: 42.03s, train loss: 5.5134]
Wed 15 May 2024 17:55:56 INFO  epoch 89 evaluating [time: 59.66s, valid_score: 0.561400]
Wed 15 May 2024 17:55:56 INFO  valid result: 
recall@10 : 0.6336    mrr@10 : 0.5614    ndcg@10 : 0.4997    hit@10 : 0.9003    map@10 : 0.3786    precision@10 : 0.189    gauc : 0.99    itemcoverage@10 : 0.2294    averagepopularity@10 : 4837.7303    giniindex@10 : 0.9653    shannonentropy@10 : 0.0052    tailpercentage@10 : 0.0
Wed 15 May 2024 17:55:56 INFO  Saving current: saved/mind/NGCF/NGCF-May-15-2024_15-14-24.pth
Wed 15 May 2024 17:56:38 INFO  epoch 90 training [time: 42.04s, train loss: 5.4570]
Wed 15 May 2024 17:57:37 INFO  epoch 90 evaluating [time: 59.09s, valid_score: 0.561300]
Wed 15 May 2024 17:57:37 INFO  valid result: 
recall@10 : 0.6317    mrr@10 : 0.5613    ndcg@10 : 0.499    hit@10 : 0.8978    map@10 : 0.3783    precision@10 : 0.1883    gauc : 0.9899    itemcoverage@10 : 0.2276    averagepopularity@10 : 4845.1637    giniindex@10 : 0.9652    shannonentropy@10 : 0.0053    tailpercentage@10 : 0.0
Wed 15 May 2024 17:58:20 INFO  epoch 91 training [time: 42.10s, train loss: 5.4999]
Wed 15 May 2024 17:59:19 INFO  epoch 91 evaluating [time: 59.14s, valid_score: 0.561000]
Wed 15 May 2024 17:59:19 INFO  valid result: 
recall@10 : 0.6329    mrr@10 : 0.561    ndcg@10 : 0.4993    hit@10 : 0.8996    map@10 : 0.3783    precision@10 : 0.1884    gauc : 0.9899    itemcoverage@10 : 0.227    averagepopularity@10 : 4799.9376    giniindex@10 : 0.9644    shannonentropy@10 : 0.0053    tailpercentage@10 : 0.0
Wed 15 May 2024 18:00:08 INFO  epoch 92 training [time: 49.59s, train loss: 5.5800]
Wed 15 May 2024 18:01:12 INFO  epoch 92 evaluating [time: 63.32s, valid_score: 0.563200]
Wed 15 May 2024 18:01:12 INFO  valid result: 
recall@10 : 0.6331    mrr@10 : 0.5632    ndcg@10 : 0.5008    hit@10 : 0.9001    map@10 : 0.3799    precision@10 : 0.1892    gauc : 0.99    itemcoverage@10 : 0.2319    averagepopularity@10 : 4807.9026    giniindex@10 : 0.9643    shannonentropy@10 : 0.0052    tailpercentage@10 : 0.0
Wed 15 May 2024 18:01:12 INFO  Saving current: saved/mind/NGCF/NGCF-May-15-2024_15-14-24.pth
Wed 15 May 2024 18:01:54 INFO  epoch 93 training [time: 42.07s, train loss: 5.4788]
Wed 15 May 2024 18:02:54 INFO  epoch 93 evaluating [time: 59.72s, valid_score: 0.561500]
Wed 15 May 2024 18:02:54 INFO  valid result: 
recall@10 : 0.6339    mrr@10 : 0.5615    ndcg@10 : 0.4999    hit@10 : 0.9001    map@10 : 0.3787    precision@10 : 0.1893    gauc : 0.99    itemcoverage@10 : 0.2326    averagepopularity@10 : 4838.5581    giniindex@10 : 0.9647    shannonentropy@10 : 0.0052    tailpercentage@10 : 0.0
Wed 15 May 2024 18:03:36 INFO  epoch 94 training [time: 41.84s, train loss: 5.3136]
Wed 15 May 2024 18:04:35 INFO  epoch 94 evaluating [time: 58.99s, valid_score: 0.565400]
Wed 15 May 2024 18:04:35 INFO  valid result: 
recall@10 : 0.6352    mrr@10 : 0.5654    ndcg@10 : 0.5029    hit@10 : 0.9034    map@10 : 0.3818    precision@10 : 0.1893    gauc : 0.99    itemcoverage@10 : 0.2297    averagepopularity@10 : 4793.5676    giniindex@10 : 0.964    shannonentropy@10 : 0.0052    tailpercentage@10 : 0.0
Wed 15 May 2024 18:04:35 INFO  Saving current: saved/mind/NGCF/NGCF-May-15-2024_15-14-24.pth
Wed 15 May 2024 18:05:17 INFO  epoch 95 training [time: 42.04s, train loss: 5.3584]
Wed 15 May 2024 18:06:17 INFO  epoch 95 evaluating [time: 60.39s, valid_score: 0.566500]
Wed 15 May 2024 18:06:17 INFO  valid result: 
recall@10 : 0.6359    mrr@10 : 0.5665    ndcg@10 : 0.5038    hit@10 : 0.9018    map@10 : 0.3828    precision@10 : 0.19    gauc : 0.99    itemcoverage@10 : 0.236    averagepopularity@10 : 4831.6346    giniindex@10 : 0.9645    shannonentropy@10 : 0.0051    tailpercentage@10 : 0.0
Wed 15 May 2024 18:06:18 INFO  Saving current: saved/mind/NGCF/NGCF-May-15-2024_15-14-24.pth
Wed 15 May 2024 18:07:00 INFO  epoch 96 training [time: 42.08s, train loss: 5.3139]
Wed 15 May 2024 18:07:59 INFO  epoch 96 evaluating [time: 58.92s, valid_score: 0.562700]
Wed 15 May 2024 18:07:59 INFO  valid result: 
recall@10 : 0.6351    mrr@10 : 0.5627    ndcg@10 : 0.5012    hit@10 : 0.9027    map@10 : 0.3799    precision@10 : 0.1893    gauc : 0.99    itemcoverage@10 : 0.2333    averagepopularity@10 : 4750.218    giniindex@10 : 0.9641    shannonentropy@10 : 0.0052    tailpercentage@10 : 0.0
Wed 15 May 2024 18:08:41 INFO  epoch 97 training [time: 41.95s, train loss: 5.1835]
Wed 15 May 2024 18:09:40 INFO  epoch 97 evaluating [time: 59.08s, valid_score: 0.560200]
Wed 15 May 2024 18:09:40 INFO  valid result: 
recall@10 : 0.6333    mrr@10 : 0.5602    ndcg@10 : 0.4986    hit@10 : 0.8994    map@10 : 0.3773    precision@10 : 0.1888    gauc : 0.99    itemcoverage@10 : 0.2362    averagepopularity@10 : 4794.4721    giniindex@10 : 0.964    shannonentropy@10 : 0.0051    tailpercentage@10 : 0.0
Wed 15 May 2024 18:10:22 INFO  epoch 98 training [time: 42.09s, train loss: 5.2149]
Wed 15 May 2024 18:11:21 INFO  epoch 98 evaluating [time: 59.18s, valid_score: 0.561500]
Wed 15 May 2024 18:11:21 INFO  valid result: 
recall@10 : 0.6336    mrr@10 : 0.5615    ndcg@10 : 0.5002    hit@10 : 0.9009    map@10 : 0.3793    precision@10 : 0.189    gauc : 0.99    itemcoverage@10 : 0.239    averagepopularity@10 : 4779.0341    giniindex@10 : 0.9638    shannonentropy@10 : 0.005    tailpercentage@10 : 0.0
Wed 15 May 2024 18:12:03 INFO  epoch 99 training [time: 42.03s, train loss: 5.1850]
Wed 15 May 2024 18:13:03 INFO  epoch 99 evaluating [time: 59.45s, valid_score: 0.562600]
Wed 15 May 2024 18:13:03 INFO  valid result: 
recall@10 : 0.636    mrr@10 : 0.5626    ndcg@10 : 0.5018    hit@10 : 0.9032    map@10 : 0.3805    precision@10 : 0.1898    gauc : 0.9901    itemcoverage@10 : 0.2428    averagepopularity@10 : 4776.9077    giniindex@10 : 0.9638    shannonentropy@10 : 0.005    tailpercentage@10 : 0.0
Wed 15 May 2024 18:13:45 INFO  epoch 100 training [time: 41.94s, train loss: 5.1491]
Wed 15 May 2024 18:14:44 INFO  epoch 100 evaluating [time: 59.29s, valid_score: 0.562300]
Wed 15 May 2024 18:14:44 INFO  valid result: 
recall@10 : 0.6361    mrr@10 : 0.5623    ndcg@10 : 0.5014    hit@10 : 0.9034    map@10 : 0.38    precision@10 : 0.1898    gauc : 0.9901    itemcoverage@10 : 0.2376    averagepopularity@10 : 4747.3364    giniindex@10 : 0.9636    shannonentropy@10 : 0.0051    tailpercentage@10 : 0.0
Wed 15 May 2024 18:15:26 INFO  epoch 101 training [time: 42.13s, train loss: 4.9932]
Wed 15 May 2024 18:16:25 INFO  epoch 101 evaluating [time: 59.29s, valid_score: 0.564900]
Wed 15 May 2024 18:16:25 INFO  valid result: 
recall@10 : 0.6367    mrr@10 : 0.5649    ndcg@10 : 0.5029    hit@10 : 0.9034    map@10 : 0.3815    precision@10 : 0.19    gauc : 0.9901    itemcoverage@10 : 0.2408    averagepopularity@10 : 4789.3496    giniindex@10 : 0.9638    shannonentropy@10 : 0.005    tailpercentage@10 : 0.0
Wed 15 May 2024 18:17:07 INFO  epoch 102 training [time: 42.03s, train loss: 5.0713]
Wed 15 May 2024 18:18:06 INFO  epoch 102 evaluating [time: 59.13s, valid_score: 0.563700]
Wed 15 May 2024 18:18:06 INFO  valid result: 
recall@10 : 0.6358    mrr@10 : 0.5637    ndcg@10 : 0.5018    hit@10 : 0.9014    map@10 : 0.3803    precision@10 : 0.1901    gauc : 0.9901    itemcoverage@10 : 0.2414    averagepopularity@10 : 4756.1915    giniindex@10 : 0.9636    shannonentropy@10 : 0.005    tailpercentage@10 : 0.0
Wed 15 May 2024 18:18:49 INFO  epoch 103 training [time: 42.24s, train loss: 4.9941]
Wed 15 May 2024 18:19:50 INFO  epoch 103 evaluating [time: 60.94s, valid_score: 0.561500]
Wed 15 May 2024 18:19:50 INFO  valid result: 
recall@10 : 0.6348    mrr@10 : 0.5615    ndcg@10 : 0.5007    hit@10 : 0.9007    map@10 : 0.3796    precision@10 : 0.1898    gauc : 0.9901    itemcoverage@10 : 0.241    averagepopularity@10 : 4750.8805    giniindex@10 : 0.9634    shannonentropy@10 : 0.005    tailpercentage@10 : 0.0
Wed 15 May 2024 18:20:32 INFO  epoch 104 training [time: 42.16s, train loss: 4.8563]
Wed 15 May 2024 18:22:05 INFO  epoch 104 evaluating [time: 93.26s, valid_score: 0.562400]
Wed 15 May 2024 18:22:05 INFO  valid result: 
recall@10 : 0.6355    mrr@10 : 0.5624    ndcg@10 : 0.5009    hit@10 : 0.9006    map@10 : 0.3794    precision@10 : 0.1901    gauc : 0.9901    itemcoverage@10 : 0.2442    averagepopularity@10 : 4748.4258    giniindex@10 : 0.9626    shannonentropy@10 : 0.005    tailpercentage@10 : 0.0
Wed 15 May 2024 18:23:09 INFO  epoch 105 training [time: 64.28s, train loss: 4.9755]
Wed 15 May 2024 18:24:09 INFO  epoch 105 evaluating [time: 60.05s, valid_score: 0.561600]
Wed 15 May 2024 18:24:09 INFO  valid result: 
recall@10 : 0.636    mrr@10 : 0.5616    ndcg@10 : 0.5004    hit@10 : 0.9    map@10 : 0.3787    precision@10 : 0.1899    gauc : 0.9901    itemcoverage@10 : 0.2467    averagepopularity@10 : 4770.9121    giniindex@10 : 0.9627    shannonentropy@10 : 0.0049    tailpercentage@10 : 0.0
Wed 15 May 2024 18:24:52 INFO  epoch 106 training [time: 42.19s, train loss: 4.7958]
Wed 15 May 2024 18:25:51 INFO  epoch 106 evaluating [time: 59.14s, valid_score: 0.560100]
Wed 15 May 2024 18:25:51 INFO  valid result: 
recall@10 : 0.6369    mrr@10 : 0.5601    ndcg@10 : 0.5002    hit@10 : 0.9021    map@10 : 0.3784    precision@10 : 0.1899    gauc : 0.9901    itemcoverage@10 : 0.2498    averagepopularity@10 : 4752.5709    giniindex@10 : 0.9625    shannonentropy@10 : 0.0048    tailpercentage@10 : 0.0
Wed 15 May 2024 18:25:51 INFO  Finished training, best eval result in epoch 95
Wed 15 May 2024 18:25:51 INFO  Loading model structure and parameters from saved/mind/NGCF/NGCF-May-15-2024_15-14-24.pth
Wed 15 May 2024 18:26:56 INFO  The running environment of this training is as follows:
+-------------+----------------+
| Environment |     Usage      |
+=============+================+
| CPU         |     0.40 %     |
+-------------+----------------+
| GPU         | 0.33 G/11.93 G |
+-------------+----------------+
| Memory      | 1.45 G/31.23 G |
+-------------+----------------+
Wed 15 May 2024 18:26:56 INFO  best valid : OrderedDict([('recall@10', 0.6359), ('mrr@10', 0.5665), ('ndcg@10', 0.5038), ('hit@10', 0.9018), ('map@10', 0.3828), ('precision@10', 0.19), ('gauc', 0.99), ('itemcoverage@10', 0.236), ('averagepopularity@10', 4831.6346), ('giniindex@10', 0.9645), ('shannonentropy@10', 0.0051), ('tailpercentage@10', 0.0)])
Wed 15 May 2024 18:26:56 INFO  test result: OrderedDict([('recall@10', 0.6769), ('mrr@10', 0.6654), ('ndcg@10', 0.5838), ('hit@10', 0.9076), ('map@10', 0.4763), ('precision@10', 0.209), ('gauc', 0.9911), ('itemcoverage@10', 0.2546), ('averagepopularity@10', 4572.4598), ('giniindex@10', 0.9612), ('shannonentropy@10', 0.0048), ('tailpercentage@10', 0.0)])
Wed 15 May 2024 18:26:57 INFO  
General Hyper Parameters:
gpu_id = 0
use_gpu = True
seed = 2020
state = INFO
reproducibility = True
data_path = data/mind
checkpoint_dir = saved/mind/NGCF
show_progress = True
save_dataset = False
dataset_save_path = None
save_dataloaders = False
dataloaders_save_path = None
log_wandb = False

Training Hyper Parameters:
epochs = 200
train_batch_size = 2048
learner = adam
learning_rate = 0.001
train_neg_sample_args = {'distribution': 'uniform', 'sample_num': 1, 'dynamic': False, 'candidate_num': 0, 'alpha': 1.0}
eval_step = 1
stopping_step = 10
clip_grad_norm = None
weight_decay = 0.0
loss_decimal_place = 4

Evaluation Hyper Parameters:
eval_args = {'split': {'RS': [0.8, 0.1, 0.1]}, 'order': 'RO', 'group_by': 'user', 'mode': {'valid': 'full', 'test': 'full'}}
repeatable = False
metrics = ['Recall', 'MRR', 'NDCG', 'Hit', 'MAP', 'Precision', 'GAUC', 'ItemCoverage', 'AveragePopularity', 'GiniIndex', 'ShannonEntropy', 'TailPercentage']
topk = [10]
valid_metric = MRR@10
valid_metric_bigger = True
eval_batch_size = 4096
metric_decimal_place = 4

Dataset Hyper Parameters:
field_separator = 	
seq_separator =  
USER_ID_FIELD = user_id
ITEM_ID_FIELD = item_id
RATING_FIELD = rating
TIME_FIELD = timestamp
seq_len = None
LABEL_FIELD = label
threshold = None
NEG_PREFIX = neg_
load_col = {'inter': ['user_id', 'item_id']}
unload_col = None
unused_col = None
additional_feat_suffix = None
rm_dup_inter = None
val_interval = None
filter_inter_by_user_or_item = True
user_inter_num_interval = [0,inf)
item_inter_num_interval = [0,inf)
alias_of_user_id = None
alias_of_item_id = None
alias_of_entity_id = None
alias_of_relation_id = None
preload_weight = None
normalize_field = None
normalize_all = None
ITEM_LIST_LENGTH_FIELD = item_length
LIST_SUFFIX = _list
MAX_ITEM_LIST_LENGTH = 50
POSITION_FIELD = position_id
HEAD_ENTITY_ID_FIELD = head_id
TAIL_ENTITY_ID_FIELD = tail_id
RELATION_ID_FIELD = relation_id
ENTITY_ID_FIELD = entity_id
benchmark_filename = None

Other Hyper Parameters: 
worker = 0
wandb_project = recbole
shuffle = True
require_pow = False
enable_amp = False
enable_scaler = False
transform = None
embedding_size = 64
hidden_size_list = [64, 64, 64]
node_dropout = 0.0
message_dropout = 0.1
reg_weight = 1e-05
numerical_features = []
discretization = None
kg_reverse_r = False
entity_kg_num_interval = [0,inf)
relation_kg_num_interval = [0,inf)
MODEL_TYPE = ModelType.GENERAL
encoding = utf-8
device = cuda:1
my_log_file = /home/fontana/Tesi/log/carbon_default.log
max_emission_step = -1
ratio_tolerance = -1
MODEL_INPUT_TYPE = InputType.PAIRWISE
eval_type = EvaluatorType.RANKING
single_spec = True
local_rank = 0
valid_neg_sample_args = {'distribution': 'uniform', 'sample_num': 'none'}
test_neg_sample_args = {'distribution': 'uniform', 'sample_num': 'none'}


Wed 15 May 2024 18:27:01 INFO  mind
The number of users: 23680
Average actions of users: 44.282908906626126
The number of items: 4415
Average actions of items: 237.55663797009515
The number of inters: 1048575
The sparsity of the dataset: 98.9970319625968%
Remain Fields: ['user_id', 'item_id']
Wed 15 May 2024 18:27:07 INFO  [Training]: train_batch_size = [2048] train_neg_sample_args: [{'distribution': 'uniform', 'sample_num': 1, 'dynamic': False, 'candidate_num': 0, 'alpha': 1.0}]
Wed 15 May 2024 18:27:07 INFO  [Evaluation]: eval_batch_size = [4096] eval_args: [{'split': {'RS': [0.8, 0.1, 0.1]}, 'order': 'RO', 'group_by': 'user', 'mode': {'valid': 'full', 'test': 'full'}}]
Wed 15 May 2024 18:27:10 INFO  Loading model structure and parameters from saved/mind/NGCF/NGCF-May-15-2024_15-14-24.pth
