Thu 09 May 2024 02:37:07 INFO  ['src/default_tracker2.py', '--dataset=LFM-1b_artist_20U50I_25strat', '--model=NGCF', '--max_emission_step=-1']
Thu 09 May 2024 02:37:07 INFO  
General Hyper Parameters:
gpu_id = 0
use_gpu = True
seed = 2020
state = INFO
reproducibility = True
data_path = data/LFM-1b_artist_20U50I_25strat
checkpoint_dir = saved/LFM-1b_artist_20U50I_25strat/NGCF
show_progress = True
save_dataset = False
dataset_save_path = None
save_dataloaders = False
dataloaders_save_path = None
log_wandb = False

Training Hyper Parameters:
epochs = 200
train_batch_size = 2048
learner = adam
learning_rate = 0.001
train_neg_sample_args = {'distribution': 'uniform', 'sample_num': 1, 'dynamic': False, 'candidate_num': 0, 'alpha': 1.0}
eval_step = 1
stopping_step = 10
clip_grad_norm = None
weight_decay = 0.0
loss_decimal_place = 4

Evaluation Hyper Parameters:
eval_args = {'split': {'RS': [0.8, 0.1, 0.1]}, 'order': 'RO', 'group_by': 'user', 'mode': {'valid': 'full', 'test': 'full'}}
repeatable = False
metrics = ['Recall', 'MRR', 'NDCG', 'Hit', 'MAP', 'Precision', 'GAUC', 'ItemCoverage', 'AveragePopularity', 'GiniIndex', 'ShannonEntropy', 'TailPercentage']
topk = [10]
valid_metric = MRR@10
valid_metric_bigger = True
eval_batch_size = 4096
metric_decimal_place = 4

Dataset Hyper Parameters:
field_separator = 	
seq_separator =  
USER_ID_FIELD = user_id
ITEM_ID_FIELD = item_id
RATING_FIELD = rating
TIME_FIELD = timestamp
seq_len = None
LABEL_FIELD = label
threshold = None
NEG_PREFIX = neg_
load_col = {'inter': ['user_id', 'item_id']}
unload_col = None
unused_col = None
additional_feat_suffix = None
rm_dup_inter = None
val_interval = None
filter_inter_by_user_or_item = True
user_inter_num_interval = [0,inf)
item_inter_num_interval = [0,inf)
alias_of_user_id = None
alias_of_item_id = None
alias_of_entity_id = None
alias_of_relation_id = None
preload_weight = None
normalize_field = None
normalize_all = None
ITEM_LIST_LENGTH_FIELD = item_length
LIST_SUFFIX = _list
MAX_ITEM_LIST_LENGTH = 50
POSITION_FIELD = position_id
HEAD_ENTITY_ID_FIELD = head_id
TAIL_ENTITY_ID_FIELD = tail_id
RELATION_ID_FIELD = relation_id
ENTITY_ID_FIELD = entity_id
benchmark_filename = None

Other Hyper Parameters: 
worker = 0
wandb_project = recbole
shuffle = True
require_pow = False
enable_amp = False
enable_scaler = False
transform = None
embedding_size = 64
hidden_size_list = [64, 64, 64]
node_dropout = 0.0
message_dropout = 0.1
reg_weight = 1e-05
numerical_features = []
discretization = None
kg_reverse_r = False
entity_kg_num_interval = [0,inf)
relation_kg_num_interval = [0,inf)
MODEL_TYPE = ModelType.GENERAL
encoding = utf-8
device = cuda:1
my_log_file = /home/fontana/Tesi/log/carbon_default.log
max_emission_step = -1
MODEL_INPUT_TYPE = InputType.PAIRWISE
eval_type = EvaluatorType.RANKING
single_spec = True
local_rank = 0
valid_neg_sample_args = {'distribution': 'uniform', 'sample_num': 'none'}
test_neg_sample_args = {'distribution': 'uniform', 'sample_num': 'none'}


Thu 09 May 2024 02:37:08 INFO  LFM-1b_artist_20U50I_25strat
The number of users: 19842
Average actions of users: 11.01038254120256
The number of items: 24879
Average actions of items: 8.781131923788086
The number of inters: 218457
The sparsity of the dataset: 99.95574650251882%
Remain Fields: ['user_id', 'item_id']
Thu 09 May 2024 02:37:10 INFO  [Training]: train_batch_size = [2048] train_neg_sample_args: [{'distribution': 'uniform', 'sample_num': 1, 'dynamic': False, 'candidate_num': 0, 'alpha': 1.0}]
Thu 09 May 2024 02:37:10 INFO  [Evaluation]: eval_batch_size = [4096] eval_args: [{'split': {'RS': [0.8, 0.1, 0.1]}, 'order': 'RO', 'group_by': 'user', 'mode': {'valid': 'full', 'test': 'full'}}]
Thu 09 May 2024 02:37:14 INFO  NGCF(
  (sparse_dropout): SparseDropout()
  (user_embedding): Embedding(19842, 64)
  (item_embedding): Embedding(24879, 64)
  (GNNlayers): ModuleList(
    (0): BiGNNLayer(
      (linear): Linear(in_features=64, out_features=64, bias=True)
      (interActTransform): Linear(in_features=64, out_features=64, bias=True)
    )
    (1): BiGNNLayer(
      (linear): Linear(in_features=64, out_features=64, bias=True)
      (interActTransform): Linear(in_features=64, out_features=64, bias=True)
    )
    (2): BiGNNLayer(
      (linear): Linear(in_features=64, out_features=64, bias=True)
      (interActTransform): Linear(in_features=64, out_features=64, bias=True)
    )
  )
  (mf_loss): BPRLoss()
  (reg_loss): EmbLoss()
)
Trainable parameters: 2887104
Thu 09 May 2024 02:37:14 INFO  FLOPs: 1099063296.0
Thu 09 May 2024 02:37:23 INFO  epoch 0 training [time: 3.92s, train loss: 27.6679]
Thu 09 May 2024 02:38:16 INFO  epoch 0 evaluating [time: 53.17s, valid_score: 0.000900]
Thu 09 May 2024 02:38:16 INFO  valid result: 
recall@10 : 0.003    mrr@10 : 0.0009    ndcg@10 : 0.0013    hit@10 : 0.0037    map@10 : 0.0007    precision@10 : 0.0004    gauc : 0.8236    itemcoverage@10 : 0.6639    averagepopularity@10 : 36.284    giniindex@10 : 0.7984    shannonentropy@10 : 0.0005    tailpercentage@10 : 0.0197
Thu 09 May 2024 02:38:16 INFO  Saving current: saved/LFM-1b_artist_20U50I_25strat/NGCF/NGCF-May-09-2024_02-37-14.pth
Thu 09 May 2024 02:38:20 INFO  epoch 1 training [time: 3.73s, train loss: 20.6194]
Thu 09 May 2024 02:39:13 INFO  epoch 1 evaluating [time: 53.33s, valid_score: 0.001600]
Thu 09 May 2024 02:39:13 INFO  valid result: 
recall@10 : 0.0044    mrr@10 : 0.0016    ndcg@10 : 0.002    hit@10 : 0.0056    map@10 : 0.0012    precision@10 : 0.0006    gauc : 0.8359    itemcoverage@10 : 0.5799    averagepopularity@10 : 51.423    giniindex@10 : 0.8479    shannonentropy@10 : 0.0006    tailpercentage@10 : 0.0114
Thu 09 May 2024 02:39:14 INFO  Saving current: saved/LFM-1b_artist_20U50I_25strat/NGCF/NGCF-May-09-2024_02-37-14.pth
Thu 09 May 2024 02:39:18 INFO  epoch 2 training [time: 3.90s, train loss: 18.5430]
Thu 09 May 2024 02:40:12 INFO  epoch 2 evaluating [time: 53.81s, valid_score: 0.001700]
Thu 09 May 2024 02:40:12 INFO  valid result: 
recall@10 : 0.0054    mrr@10 : 0.0017    ndcg@10 : 0.0024    hit@10 : 0.0074    map@10 : 0.0013    precision@10 : 0.0007    gauc : 0.8393    itemcoverage@10 : 0.5432    averagepopularity@10 : 53.5736    giniindex@10 : 0.8652    shannonentropy@10 : 0.0006    tailpercentage@10 : 0.0091
Thu 09 May 2024 02:40:13 INFO  Saving current: saved/LFM-1b_artist_20U50I_25strat/NGCF/NGCF-May-09-2024_02-37-14.pth
Thu 09 May 2024 02:40:17 INFO  epoch 3 training [time: 3.79s, train loss: 17.2712]
Thu 09 May 2024 02:41:11 INFO  epoch 3 evaluating [time: 54.19s, valid_score: 0.002600]
Thu 09 May 2024 02:41:11 INFO  valid result: 
recall@10 : 0.0083    mrr@10 : 0.0026    ndcg@10 : 0.0036    hit@10 : 0.0105    map@10 : 0.0021    precision@10 : 0.0011    gauc : 0.8421    itemcoverage@10 : 0.5125    averagepopularity@10 : 70.247    giniindex@10 : 0.8786    shannonentropy@10 : 0.0006    tailpercentage@10 : 0.0082
Thu 09 May 2024 02:41:12 INFO  Saving current: saved/LFM-1b_artist_20U50I_25strat/NGCF/NGCF-May-09-2024_02-37-14.pth
Thu 09 May 2024 02:41:15 INFO  epoch 4 training [time: 3.80s, train loss: 16.3836]
Thu 09 May 2024 02:42:09 INFO  epoch 4 evaluating [time: 54.06s, valid_score: 0.004100]
Thu 09 May 2024 02:42:09 INFO  valid result: 
recall@10 : 0.0102    mrr@10 : 0.0041    ndcg@10 : 0.005    hit@10 : 0.013    map@10 : 0.0031    precision@10 : 0.0013    gauc : 0.8472    itemcoverage@10 : 0.4903    averagepopularity@10 : 71.6513    giniindex@10 : 0.8903    shannonentropy@10 : 0.0007    tailpercentage@10 : 0.0068
Thu 09 May 2024 02:42:10 INFO  Saving current: saved/LFM-1b_artist_20U50I_25strat/NGCF/NGCF-May-09-2024_02-37-14.pth
Thu 09 May 2024 02:42:14 INFO  epoch 5 training [time: 3.83s, train loss: 15.8074]
Thu 09 May 2024 02:43:08 INFO  epoch 5 evaluating [time: 54.02s, valid_score: 0.004000]
Thu 09 May 2024 02:43:08 INFO  valid result: 
recall@10 : 0.0106    mrr@10 : 0.004    ndcg@10 : 0.0052    hit@10 : 0.0132    map@10 : 0.0033    precision@10 : 0.0013    gauc : 0.8505    itemcoverage@10 : 0.4686    averagepopularity@10 : 82.679    giniindex@10 : 0.8985    shannonentropy@10 : 0.0007    tailpercentage@10 : 0.0062
Thu 09 May 2024 02:43:12 INFO  epoch 6 training [time: 3.84s, train loss: 15.2880]
Thu 09 May 2024 02:44:06 INFO  epoch 6 evaluating [time: 53.69s, valid_score: 0.005000]
Thu 09 May 2024 02:44:06 INFO  valid result: 
recall@10 : 0.0127    mrr@10 : 0.005    ndcg@10 : 0.0063    hit@10 : 0.016    map@10 : 0.004    precision@10 : 0.0016    gauc : 0.8509    itemcoverage@10 : 0.4692    averagepopularity@10 : 96.2048    giniindex@10 : 0.9015    shannonentropy@10 : 0.0007    tailpercentage@10 : 0.0062
Thu 09 May 2024 02:44:07 INFO  Saving current: saved/LFM-1b_artist_20U50I_25strat/NGCF/NGCF-May-09-2024_02-37-14.pth
Thu 09 May 2024 02:44:10 INFO  epoch 7 training [time: 3.92s, train loss: 14.9204]
Thu 09 May 2024 02:45:05 INFO  epoch 7 evaluating [time: 54.10s, valid_score: 0.005500]
Thu 09 May 2024 02:45:05 INFO  valid result: 
recall@10 : 0.0149    mrr@10 : 0.0055    ndcg@10 : 0.0073    hit@10 : 0.0178    map@10 : 0.0047    precision@10 : 0.0018    gauc : 0.8547    itemcoverage@10 : 0.4512    averagepopularity@10 : 106.6311    giniindex@10 : 0.9077    shannonentropy@10 : 0.0007    tailpercentage@10 : 0.0056
Thu 09 May 2024 02:45:05 INFO  Saving current: saved/LFM-1b_artist_20U50I_25strat/NGCF/NGCF-May-09-2024_02-37-14.pth
Thu 09 May 2024 02:45:09 INFO  epoch 8 training [time: 3.94s, train loss: 14.4384]
Thu 09 May 2024 02:46:03 INFO  epoch 8 evaluating [time: 53.86s, valid_score: 0.005600]
Thu 09 May 2024 02:46:03 INFO  valid result: 
recall@10 : 0.0153    mrr@10 : 0.0056    ndcg@10 : 0.0074    hit@10 : 0.0187    map@10 : 0.0047    precision@10 : 0.0019    gauc : 0.857    itemcoverage@10 : 0.4418    averagepopularity@10 : 113.7497    giniindex@10 : 0.9135    shannonentropy@10 : 0.0007    tailpercentage@10 : 0.005
Thu 09 May 2024 02:46:04 INFO  Saving current: saved/LFM-1b_artist_20U50I_25strat/NGCF/NGCF-May-09-2024_02-37-14.pth
Thu 09 May 2024 02:46:08 INFO  epoch 9 training [time: 3.92s, train loss: 14.1956]
Thu 09 May 2024 02:47:02 INFO  epoch 9 evaluating [time: 53.78s, valid_score: 0.006900]
Thu 09 May 2024 02:47:02 INFO  valid result: 
recall@10 : 0.0201    mrr@10 : 0.0069    ndcg@10 : 0.0095    hit@10 : 0.0237    map@10 : 0.006    precision@10 : 0.0024    gauc : 0.8581    itemcoverage@10 : 0.4394    averagepopularity@10 : 144.436    giniindex@10 : 0.9171    shannonentropy@10 : 0.0007    tailpercentage@10 : 0.005
Thu 09 May 2024 02:47:03 INFO  Saving current: saved/LFM-1b_artist_20U50I_25strat/NGCF/NGCF-May-09-2024_02-37-14.pth
Thu 09 May 2024 02:47:06 INFO  epoch 10 training [time: 3.84s, train loss: 13.9891]
Thu 09 May 2024 02:48:00 INFO  epoch 10 evaluating [time: 53.95s, valid_score: 0.007400]
Thu 09 May 2024 02:48:00 INFO  valid result: 
recall@10 : 0.022    mrr@10 : 0.0074    ndcg@10 : 0.0104    hit@10 : 0.0252    map@10 : 0.0066    precision@10 : 0.0025    gauc : 0.8601    itemcoverage@10 : 0.4283    averagepopularity@10 : 139.5936    giniindex@10 : 0.9207    shannonentropy@10 : 0.0007    tailpercentage@10 : 0.0048
Thu 09 May 2024 02:48:01 INFO  Saving current: saved/LFM-1b_artist_20U50I_25strat/NGCF/NGCF-May-09-2024_02-37-14.pth
Thu 09 May 2024 02:48:05 INFO  epoch 11 training [time: 3.82s, train loss: 13.7417]
Thu 09 May 2024 02:48:59 INFO  epoch 11 evaluating [time: 53.93s, valid_score: 0.009100]
Thu 09 May 2024 02:48:59 INFO  valid result: 
recall@10 : 0.0253    mrr@10 : 0.0091    ndcg@10 : 0.0124    hit@10 : 0.0291    map@10 : 0.0081    precision@10 : 0.0029    gauc : 0.8615    itemcoverage@10 : 0.4266    averagepopularity@10 : 158.1874    giniindex@10 : 0.923    shannonentropy@10 : 0.0007    tailpercentage@10 : 0.0048
Thu 09 May 2024 02:49:00 INFO  Saving current: saved/LFM-1b_artist_20U50I_25strat/NGCF/NGCF-May-09-2024_02-37-14.pth
Thu 09 May 2024 02:49:04 INFO  epoch 12 training [time: 3.81s, train loss: 13.4820]
Thu 09 May 2024 02:49:57 INFO  epoch 12 evaluating [time: 53.81s, valid_score: 0.009600]
Thu 09 May 2024 02:49:57 INFO  valid result: 
recall@10 : 0.0249    mrr@10 : 0.0096    ndcg@10 : 0.0127    hit@10 : 0.0288    map@10 : 0.0086    precision@10 : 0.0029    gauc : 0.862    itemcoverage@10 : 0.4243    averagepopularity@10 : 147.1134    giniindex@10 : 0.9246    shannonentropy@10 : 0.0007    tailpercentage@10 : 0.0051
Thu 09 May 2024 02:49:58 INFO  Saving current: saved/LFM-1b_artist_20U50I_25strat/NGCF/NGCF-May-09-2024_02-37-14.pth
Thu 09 May 2024 02:50:02 INFO  epoch 13 training [time: 3.91s, train loss: 13.3977]
Thu 09 May 2024 02:50:56 INFO  epoch 13 evaluating [time: 53.67s, valid_score: 0.010900]
Thu 09 May 2024 02:50:56 INFO  valid result: 
recall@10 : 0.0298    mrr@10 : 0.0109    ndcg@10 : 0.0147    hit@10 : 0.0342    map@10 : 0.0097    precision@10 : 0.0034    gauc : 0.864    itemcoverage@10 : 0.4155    averagepopularity@10 : 173.6187    giniindex@10 : 0.9289    shannonentropy@10 : 0.0007    tailpercentage@10 : 0.005
Thu 09 May 2024 02:50:57 INFO  Saving current: saved/LFM-1b_artist_20U50I_25strat/NGCF/NGCF-May-09-2024_02-37-14.pth
Thu 09 May 2024 02:51:01 INFO  epoch 14 training [time: 3.95s, train loss: 13.1667]
Thu 09 May 2024 02:51:55 INFO  epoch 14 evaluating [time: 53.89s, valid_score: 0.013000]
Thu 09 May 2024 02:51:55 INFO  valid result: 
recall@10 : 0.0365    mrr@10 : 0.013    ndcg@10 : 0.0175    hit@10 : 0.0421    map@10 : 0.0112    precision@10 : 0.0042    gauc : 0.865    itemcoverage@10 : 0.4091    averagepopularity@10 : 224.981    giniindex@10 : 0.9316    shannonentropy@10 : 0.0007    tailpercentage@10 : 0.0046
Thu 09 May 2024 02:51:55 INFO  Saving current: saved/LFM-1b_artist_20U50I_25strat/NGCF/NGCF-May-09-2024_02-37-14.pth
Thu 09 May 2024 02:51:59 INFO  epoch 15 training [time: 3.79s, train loss: 12.9799]
Thu 09 May 2024 02:52:53 INFO  epoch 15 evaluating [time: 54.10s, valid_score: 0.013600]
Thu 09 May 2024 02:52:53 INFO  valid result: 
recall@10 : 0.0349    mrr@10 : 0.0136    ndcg@10 : 0.0178    hit@10 : 0.0395    map@10 : 0.0122    precision@10 : 0.004    gauc : 0.8654    itemcoverage@10 : 0.4078    averagepopularity@10 : 214.0258    giniindex@10 : 0.9336    shannonentropy@10 : 0.0007    tailpercentage@10 : 0.0051
Thu 09 May 2024 02:52:54 INFO  Saving current: saved/LFM-1b_artist_20U50I_25strat/NGCF/NGCF-May-09-2024_02-37-14.pth
Thu 09 May 2024 02:52:58 INFO  epoch 16 training [time: 3.88s, train loss: 12.8096]
Thu 09 May 2024 02:53:52 INFO  epoch 16 evaluating [time: 53.85s, valid_score: 0.012500]
Thu 09 May 2024 02:53:52 INFO  valid result: 
recall@10 : 0.0346    mrr@10 : 0.0125    ndcg@10 : 0.0169    hit@10 : 0.0407    map@10 : 0.0108    precision@10 : 0.0041    gauc : 0.8659    itemcoverage@10 : 0.4033    averagepopularity@10 : 209.9369    giniindex@10 : 0.9362    shannonentropy@10 : 0.0007    tailpercentage@10 : 0.0046
Thu 09 May 2024 02:53:56 INFO  epoch 17 training [time: 3.81s, train loss: 12.7068]
Thu 09 May 2024 02:54:50 INFO  epoch 17 evaluating [time: 53.95s, valid_score: 0.014100]
Thu 09 May 2024 02:54:50 INFO  valid result: 
recall@10 : 0.0374    mrr@10 : 0.0141    ndcg@10 : 0.0185    hit@10 : 0.0434    map@10 : 0.0122    precision@10 : 0.0044    gauc : 0.8671    itemcoverage@10 : 0.3982    averagepopularity@10 : 235.5157    giniindex@10 : 0.9392    shannonentropy@10 : 0.0007    tailpercentage@10 : 0.0047
Thu 09 May 2024 02:54:50 INFO  Saving current: saved/LFM-1b_artist_20U50I_25strat/NGCF/NGCF-May-09-2024_02-37-14.pth
Thu 09 May 2024 02:54:54 INFO  epoch 18 training [time: 3.73s, train loss: 12.4481]
Thu 09 May 2024 02:55:48 INFO  epoch 18 evaluating [time: 53.57s, valid_score: 0.015700]
Thu 09 May 2024 02:55:48 INFO  valid result: 
recall@10 : 0.0424    mrr@10 : 0.0157    ndcg@10 : 0.0209    hit@10 : 0.049    map@10 : 0.0137    precision@10 : 0.0049    gauc : 0.8681    itemcoverage@10 : 0.401    averagepopularity@10 : 259.8027    giniindex@10 : 0.9402    shannonentropy@10 : 0.0007    tailpercentage@10 : 0.0047
Thu 09 May 2024 02:55:48 INFO  Saving current: saved/LFM-1b_artist_20U50I_25strat/NGCF/NGCF-May-09-2024_02-37-14.pth
Thu 09 May 2024 02:55:52 INFO  epoch 19 training [time: 3.92s, train loss: 12.4159]
Thu 09 May 2024 02:56:46 INFO  epoch 19 evaluating [time: 53.76s, valid_score: 0.015700]
Thu 09 May 2024 02:56:46 INFO  valid result: 
recall@10 : 0.043    mrr@10 : 0.0157    ndcg@10 : 0.0212    hit@10 : 0.0499    map@10 : 0.0139    precision@10 : 0.005    gauc : 0.8686    itemcoverage@10 : 0.3889    averagepopularity@10 : 274.0135    giniindex@10 : 0.9432    shannonentropy@10 : 0.0007    tailpercentage@10 : 0.0043
Thu 09 May 2024 02:56:47 INFO  Saving current: saved/LFM-1b_artist_20U50I_25strat/NGCF/NGCF-May-09-2024_02-37-14.pth
Thu 09 May 2024 02:56:51 INFO  epoch 20 training [time: 4.04s, train loss: 12.2889]
Thu 09 May 2024 02:57:45 INFO  epoch 20 evaluating [time: 53.99s, valid_score: 0.017600]
Thu 09 May 2024 02:57:45 INFO  valid result: 
recall@10 : 0.0457    mrr@10 : 0.0176    ndcg@10 : 0.0229    hit@10 : 0.0534    map@10 : 0.0151    precision@10 : 0.0054    gauc : 0.8691    itemcoverage@10 : 0.3902    averagepopularity@10 : 279.3423    giniindex@10 : 0.9434    shannonentropy@10 : 0.0007    tailpercentage@10 : 0.0045
Thu 09 May 2024 02:57:45 INFO  Saving current: saved/LFM-1b_artist_20U50I_25strat/NGCF/NGCF-May-09-2024_02-37-14.pth
Thu 09 May 2024 02:57:49 INFO  epoch 21 training [time: 3.86s, train loss: 12.1722]
Thu 09 May 2024 02:58:43 INFO  epoch 21 evaluating [time: 54.07s, valid_score: 0.019700]
Thu 09 May 2024 02:58:43 INFO  valid result: 
recall@10 : 0.0495    mrr@10 : 0.0197    ndcg@10 : 0.0254    hit@10 : 0.0582    map@10 : 0.0171    precision@10 : 0.0059    gauc : 0.8695    itemcoverage@10 : 0.3905    averagepopularity@10 : 330.5915    giniindex@10 : 0.9456    shannonentropy@10 : 0.0007    tailpercentage@10 : 0.0042
Thu 09 May 2024 02:58:44 INFO  Saving current: saved/LFM-1b_artist_20U50I_25strat/NGCF/NGCF-May-09-2024_02-37-14.pth
Thu 09 May 2024 02:58:48 INFO  epoch 22 training [time: 3.81s, train loss: 12.0115]
Thu 09 May 2024 02:59:42 INFO  epoch 22 evaluating [time: 54.00s, valid_score: 0.017100]
Thu 09 May 2024 02:59:42 INFO  valid result: 
recall@10 : 0.0471    mrr@10 : 0.0171    ndcg@10 : 0.0229    hit@10 : 0.0556    map@10 : 0.0147    precision@10 : 0.0056    gauc : 0.8706    itemcoverage@10 : 0.3881    averagepopularity@10 : 321.4494    giniindex@10 : 0.9479    shannonentropy@10 : 0.0007    tailpercentage@10 : 0.0046
Thu 09 May 2024 02:59:46 INFO  epoch 23 training [time: 3.85s, train loss: 11.8690]
Thu 09 May 2024 03:00:40 INFO  epoch 23 evaluating [time: 53.88s, valid_score: 0.021200]
Thu 09 May 2024 03:00:40 INFO  valid result: 
recall@10 : 0.0535    mrr@10 : 0.0212    ndcg@10 : 0.0272    hit@10 : 0.0628    map@10 : 0.0182    precision@10 : 0.0063    gauc : 0.8716    itemcoverage@10 : 0.3902    averagepopularity@10 : 361.2081    giniindex@10 : 0.9499    shannonentropy@10 : 0.0007    tailpercentage@10 : 0.0042
Thu 09 May 2024 03:00:40 INFO  Saving current: saved/LFM-1b_artist_20U50I_25strat/NGCF/NGCF-May-09-2024_02-37-14.pth
Thu 09 May 2024 03:00:44 INFO  epoch 24 training [time: 3.86s, train loss: 11.8341]
Thu 09 May 2024 03:01:38 INFO  epoch 24 evaluating [time: 53.69s, valid_score: 0.020700]
Thu 09 May 2024 03:01:38 INFO  valid result: 
recall@10 : 0.0571    mrr@10 : 0.0207    ndcg@10 : 0.0277    hit@10 : 0.0671    map@10 : 0.0176    precision@10 : 0.0068    gauc : 0.8711    itemcoverage@10 : 0.3846    averagepopularity@10 : 352.1767    giniindex@10 : 0.9508    shannonentropy@10 : 0.0007    tailpercentage@10 : 0.0042
Thu 09 May 2024 03:01:42 INFO  epoch 25 training [time: 3.82s, train loss: 11.6067]
Thu 09 May 2024 03:02:35 INFO  epoch 25 evaluating [time: 53.76s, valid_score: 0.023200]
Thu 09 May 2024 03:02:35 INFO  valid result: 
recall@10 : 0.0616    mrr@10 : 0.0232    ndcg@10 : 0.0304    hit@10 : 0.0722    map@10 : 0.0198    precision@10 : 0.0073    gauc : 0.8718    itemcoverage@10 : 0.3815    averagepopularity@10 : 380.4073    giniindex@10 : 0.952    shannonentropy@10 : 0.0007    tailpercentage@10 : 0.0044
Thu 09 May 2024 03:02:36 INFO  Saving current: saved/LFM-1b_artist_20U50I_25strat/NGCF/NGCF-May-09-2024_02-37-14.pth
Thu 09 May 2024 03:02:40 INFO  epoch 26 training [time: 3.92s, train loss: 11.5771]
Thu 09 May 2024 03:03:34 INFO  epoch 26 evaluating [time: 53.88s, valid_score: 0.025000]
Thu 09 May 2024 03:03:34 INFO  valid result: 
recall@10 : 0.0616    mrr@10 : 0.025    ndcg@10 : 0.0315    hit@10 : 0.0735    map@10 : 0.0209    precision@10 : 0.0074    gauc : 0.8727    itemcoverage@10 : 0.3719    averagepopularity@10 : 423.8351    giniindex@10 : 0.9567    shannonentropy@10 : 0.0007    tailpercentage@10 : 0.0043
Thu 09 May 2024 03:03:35 INFO  Saving current: saved/LFM-1b_artist_20U50I_25strat/NGCF/NGCF-May-09-2024_02-37-14.pth
Thu 09 May 2024 03:03:38 INFO  epoch 27 training [time: 3.84s, train loss: 11.4010]
Thu 09 May 2024 03:04:32 INFO  epoch 27 evaluating [time: 53.94s, valid_score: 0.026600]
Thu 09 May 2024 03:04:32 INFO  valid result: 
recall@10 : 0.0658    mrr@10 : 0.0266    ndcg@10 : 0.0336    hit@10 : 0.0791    map@10 : 0.0223    precision@10 : 0.008    gauc : 0.8727    itemcoverage@10 : 0.3713    averagepopularity@10 : 441.7245    giniindex@10 : 0.9587    shannonentropy@10 : 0.0007    tailpercentage@10 : 0.0041
Thu 09 May 2024 03:04:33 INFO  Saving current: saved/LFM-1b_artist_20U50I_25strat/NGCF/NGCF-May-09-2024_02-37-14.pth
Thu 09 May 2024 03:04:37 INFO  epoch 28 training [time: 3.79s, train loss: 11.3480]
Thu 09 May 2024 03:05:31 INFO  epoch 28 evaluating [time: 54.10s, valid_score: 0.029300]
Thu 09 May 2024 03:05:31 INFO  valid result: 
recall@10 : 0.0692    mrr@10 : 0.0293    ndcg@10 : 0.0361    hit@10 : 0.0839    map@10 : 0.0243    precision@10 : 0.0085    gauc : 0.8731    itemcoverage@10 : 0.3749    averagepopularity@10 : 468.9717    giniindex@10 : 0.959    shannonentropy@10 : 0.0006    tailpercentage@10 : 0.0041
Thu 09 May 2024 03:05:32 INFO  Saving current: saved/LFM-1b_artist_20U50I_25strat/NGCF/NGCF-May-09-2024_02-37-14.pth
Thu 09 May 2024 03:05:35 INFO  epoch 29 training [time: 3.80s, train loss: 11.2318]
Thu 09 May 2024 03:06:30 INFO  epoch 29 evaluating [time: 54.02s, valid_score: 0.028000]
Thu 09 May 2024 03:06:30 INFO  valid result: 
recall@10 : 0.0674    mrr@10 : 0.028    ndcg@10 : 0.0345    hit@10 : 0.0819    map@10 : 0.0227    precision@10 : 0.0083    gauc : 0.8737    itemcoverage@10 : 0.3675    averagepopularity@10 : 461.4087    giniindex@10 : 0.9614    shannonentropy@10 : 0.0006    tailpercentage@10 : 0.0042
Thu 09 May 2024 03:06:33 INFO  epoch 30 training [time: 3.86s, train loss: 10.9887]
Thu 09 May 2024 03:07:27 INFO  epoch 30 evaluating [time: 53.76s, valid_score: 0.030500]
Thu 09 May 2024 03:07:27 INFO  valid result: 
recall@10 : 0.0733    mrr@10 : 0.0305    ndcg@10 : 0.0379    hit@10 : 0.0883    map@10 : 0.0253    precision@10 : 0.009    gauc : 0.8733    itemcoverage@10 : 0.3758    averagepopularity@10 : 513.2057    giniindex@10 : 0.9609    shannonentropy@10 : 0.0006    tailpercentage@10 : 0.0039
Thu 09 May 2024 03:07:28 INFO  Saving current: saved/LFM-1b_artist_20U50I_25strat/NGCF/NGCF-May-09-2024_02-37-14.pth
Thu 09 May 2024 03:07:32 INFO  epoch 31 training [time: 3.83s, train loss: 10.9190]
Thu 09 May 2024 03:08:26 INFO  epoch 31 evaluating [time: 54.15s, valid_score: 0.030600]
Thu 09 May 2024 03:08:26 INFO  valid result: 
recall@10 : 0.0793    mrr@10 : 0.0306    ndcg@10 : 0.0392    hit@10 : 0.0964    map@10 : 0.0251    precision@10 : 0.0097    gauc : 0.8743    itemcoverage@10 : 0.362    averagepopularity@10 : 543.6627    giniindex@10 : 0.9658    shannonentropy@10 : 0.0006    tailpercentage@10 : 0.0043
Thu 09 May 2024 03:08:27 INFO  Saving current: saved/LFM-1b_artist_20U50I_25strat/NGCF/NGCF-May-09-2024_02-37-14.pth
Thu 09 May 2024 03:08:30 INFO  epoch 32 training [time: 3.81s, train loss: 10.7544]
Thu 09 May 2024 03:09:25 INFO  epoch 32 evaluating [time: 54.22s, valid_score: 0.032900]
Thu 09 May 2024 03:09:25 INFO  valid result: 
recall@10 : 0.0801    mrr@10 : 0.0329    ndcg@10 : 0.041    hit@10 : 0.0974    map@10 : 0.0272    precision@10 : 0.0099    gauc : 0.8748    itemcoverage@10 : 0.3638    averagepopularity@10 : 563.6167    giniindex@10 : 0.9661    shannonentropy@10 : 0.0006    tailpercentage@10 : 0.0044
Thu 09 May 2024 03:09:25 INFO  Saving current: saved/LFM-1b_artist_20U50I_25strat/NGCF/NGCF-May-09-2024_02-37-14.pth
Thu 09 May 2024 03:09:29 INFO  epoch 33 training [time: 3.82s, train loss: 10.6915]
Thu 09 May 2024 03:10:23 INFO  epoch 33 evaluating [time: 54.11s, valid_score: 0.033000]
Thu 09 May 2024 03:10:23 INFO  valid result: 
recall@10 : 0.0781    mrr@10 : 0.033    ndcg@10 : 0.0402    hit@10 : 0.0959    map@10 : 0.0264    precision@10 : 0.0097    gauc : 0.8753    itemcoverage@10 : 0.3582    averagepopularity@10 : 568.7706    giniindex@10 : 0.9675    shannonentropy@10 : 0.0006    tailpercentage@10 : 0.0041
Thu 09 May 2024 03:10:24 INFO  Saving current: saved/LFM-1b_artist_20U50I_25strat/NGCF/NGCF-May-09-2024_02-37-14.pth
Thu 09 May 2024 03:10:28 INFO  epoch 34 training [time: 3.88s, train loss: 10.5851]
Thu 09 May 2024 03:11:22 INFO  epoch 34 evaluating [time: 54.17s, valid_score: 0.033700]
Thu 09 May 2024 03:11:22 INFO  valid result: 
recall@10 : 0.0822    mrr@10 : 0.0337    ndcg@10 : 0.0419    hit@10 : 0.1012    map@10 : 0.0273    precision@10 : 0.0103    gauc : 0.8759    itemcoverage@10 : 0.3505    averagepopularity@10 : 597.9357    giniindex@10 : 0.9701    shannonentropy@10 : 0.0006    tailpercentage@10 : 0.0042
Thu 09 May 2024 03:11:23 INFO  Saving current: saved/LFM-1b_artist_20U50I_25strat/NGCF/NGCF-May-09-2024_02-37-14.pth
Thu 09 May 2024 03:11:26 INFO  epoch 35 training [time: 3.88s, train loss: 10.3753]
Thu 09 May 2024 03:12:21 INFO  epoch 35 evaluating [time: 54.12s, valid_score: 0.034900]
Thu 09 May 2024 03:12:21 INFO  valid result: 
recall@10 : 0.0839    mrr@10 : 0.0349    ndcg@10 : 0.0431    hit@10 : 0.1026    map@10 : 0.0285    precision@10 : 0.0104    gauc : 0.8764    itemcoverage@10 : 0.3409    averagepopularity@10 : 636.3165    giniindex@10 : 0.973    shannonentropy@10 : 0.0006    tailpercentage@10 : 0.0042
Thu 09 May 2024 03:12:21 INFO  Saving current: saved/LFM-1b_artist_20U50I_25strat/NGCF/NGCF-May-09-2024_02-37-14.pth
Thu 09 May 2024 03:12:25 INFO  epoch 36 training [time: 3.89s, train loss: 10.2520]
Thu 09 May 2024 03:13:20 INFO  epoch 36 evaluating [time: 54.65s, valid_score: 0.035200]
Thu 09 May 2024 03:13:20 INFO  valid result: 
recall@10 : 0.0828    mrr@10 : 0.0352    ndcg@10 : 0.0432    hit@10 : 0.1015    map@10 : 0.0289    precision@10 : 0.0103    gauc : 0.8771    itemcoverage@10 : 0.341    averagepopularity@10 : 630.9634    giniindex@10 : 0.9733    shannonentropy@10 : 0.0006    tailpercentage@10 : 0.004
Thu 09 May 2024 03:13:21 INFO  Saving current: saved/LFM-1b_artist_20U50I_25strat/NGCF/NGCF-May-09-2024_02-37-14.pth
Thu 09 May 2024 03:13:24 INFO  epoch 37 training [time: 3.87s, train loss: 10.1618]
Thu 09 May 2024 03:14:19 INFO  epoch 37 evaluating [time: 54.23s, valid_score: 0.035600]
Thu 09 May 2024 03:14:19 INFO  valid result: 
recall@10 : 0.0857    mrr@10 : 0.0356    ndcg@10 : 0.0442    hit@10 : 0.1048    map@10 : 0.0293    precision@10 : 0.0106    gauc : 0.8767    itemcoverage@10 : 0.3398    averagepopularity@10 : 650.4975    giniindex@10 : 0.9738    shannonentropy@10 : 0.0006    tailpercentage@10 : 0.0041
Thu 09 May 2024 03:14:19 INFO  Saving current: saved/LFM-1b_artist_20U50I_25strat/NGCF/NGCF-May-09-2024_02-37-14.pth
Thu 09 May 2024 03:14:23 INFO  epoch 38 training [time: 3.72s, train loss: 10.0403]
Thu 09 May 2024 03:15:17 INFO  epoch 38 evaluating [time: 54.18s, valid_score: 0.036800]
Thu 09 May 2024 03:15:17 INFO  valid result: 
recall@10 : 0.0876    mrr@10 : 0.0368    ndcg@10 : 0.0454    hit@10 : 0.1075    map@10 : 0.0302    precision@10 : 0.0109    gauc : 0.8779    itemcoverage@10 : 0.3222    averagepopularity@10 : 666.804    giniindex@10 : 0.9771    shannonentropy@10 : 0.0006    tailpercentage@10 : 0.004
Thu 09 May 2024 03:15:18 INFO  Saving current: saved/LFM-1b_artist_20U50I_25strat/NGCF/NGCF-May-09-2024_02-37-14.pth
Thu 09 May 2024 03:15:22 INFO  epoch 39 training [time: 3.88s, train loss: 9.9218]
Thu 09 May 2024 03:16:16 INFO  epoch 39 evaluating [time: 54.16s, valid_score: 0.036800]
Thu 09 May 2024 03:16:16 INFO  valid result: 
recall@10 : 0.0879    mrr@10 : 0.0368    ndcg@10 : 0.0453    hit@10 : 0.1077    map@10 : 0.03    precision@10 : 0.011    gauc : 0.8783    itemcoverage@10 : 0.3193    averagepopularity@10 : 680.8788    giniindex@10 : 0.9782    shannonentropy@10 : 0.0006    tailpercentage@10 : 0.0037
Thu 09 May 2024 03:16:17 INFO  Saving current: saved/LFM-1b_artist_20U50I_25strat/NGCF/NGCF-May-09-2024_02-37-14.pth
Thu 09 May 2024 03:16:21 INFO  epoch 40 training [time: 3.92s, train loss: 9.7083]
Thu 09 May 2024 03:17:15 INFO  epoch 40 evaluating [time: 54.03s, valid_score: 0.037300]
Thu 09 May 2024 03:17:15 INFO  valid result: 
recall@10 : 0.0885    mrr@10 : 0.0373    ndcg@10 : 0.0459    hit@10 : 0.1092    map@10 : 0.0305    precision@10 : 0.0111    gauc : 0.8791    itemcoverage@10 : 0.3153    averagepopularity@10 : 679.3276    giniindex@10 : 0.9788    shannonentropy@10 : 0.0006    tailpercentage@10 : 0.004
Thu 09 May 2024 03:17:15 INFO  Saving current: saved/LFM-1b_artist_20U50I_25strat/NGCF/NGCF-May-09-2024_02-37-14.pth
Thu 09 May 2024 03:17:19 INFO  epoch 41 training [time: 3.88s, train loss: 9.5521]
Thu 09 May 2024 03:18:13 INFO  epoch 41 evaluating [time: 54.19s, valid_score: 0.037400]
Thu 09 May 2024 03:18:13 INFO  valid result: 
recall@10 : 0.0878    mrr@10 : 0.0374    ndcg@10 : 0.0457    hit@10 : 0.1074    map@10 : 0.0305    precision@10 : 0.0109    gauc : 0.8793    itemcoverage@10 : 0.3053    averagepopularity@10 : 711.6012    giniindex@10 : 0.9806    shannonentropy@10 : 0.0006    tailpercentage@10 : 0.0041
Thu 09 May 2024 03:18:14 INFO  Saving current: saved/LFM-1b_artist_20U50I_25strat/NGCF/NGCF-May-09-2024_02-37-14.pth
Thu 09 May 2024 03:18:18 INFO  epoch 42 training [time: 3.76s, train loss: 9.3956]
Thu 09 May 2024 03:19:12 INFO  epoch 42 evaluating [time: 54.21s, valid_score: 0.037700]
Thu 09 May 2024 03:19:12 INFO  valid result: 
recall@10 : 0.091    mrr@10 : 0.0377    ndcg@10 : 0.0467    hit@10 : 0.1113    map@10 : 0.031    precision@10 : 0.0113    gauc : 0.8801    itemcoverage@10 : 0.2964    averagepopularity@10 : 701.0937    giniindex@10 : 0.9819    shannonentropy@10 : 0.0006    tailpercentage@10 : 0.0037
Thu 09 May 2024 03:19:13 INFO  Saving current: saved/LFM-1b_artist_20U50I_25strat/NGCF/NGCF-May-09-2024_02-37-14.pth
Thu 09 May 2024 03:19:17 INFO  epoch 43 training [time: 3.99s, train loss: 9.3635]
Thu 09 May 2024 03:20:11 INFO  epoch 43 evaluating [time: 54.27s, valid_score: 0.038200]
Thu 09 May 2024 03:20:11 INFO  valid result: 
recall@10 : 0.0894    mrr@10 : 0.0382    ndcg@10 : 0.0468    hit@10 : 0.1096    map@10 : 0.0314    precision@10 : 0.0111    gauc : 0.8799    itemcoverage@10 : 0.2947    averagepopularity@10 : 704.4038    giniindex@10 : 0.9821    shannonentropy@10 : 0.0006    tailpercentage@10 : 0.004
Thu 09 May 2024 03:20:12 INFO  Saving current: saved/LFM-1b_artist_20U50I_25strat/NGCF/NGCF-May-09-2024_02-37-14.pth
Thu 09 May 2024 03:20:16 INFO  epoch 44 training [time: 3.93s, train loss: 9.1589]
Thu 09 May 2024 03:21:10 INFO  epoch 44 evaluating [time: 53.87s, valid_score: 0.038900]
Thu 09 May 2024 03:21:10 INFO  valid result: 
recall@10 : 0.0928    mrr@10 : 0.0389    ndcg@10 : 0.048    hit@10 : 0.1127    map@10 : 0.032    precision@10 : 0.0115    gauc : 0.8803    itemcoverage@10 : 0.282    averagepopularity@10 : 728.5212    giniindex@10 : 0.984    shannonentropy@10 : 0.0006    tailpercentage@10 : 0.004
Thu 09 May 2024 03:21:10 INFO  Saving current: saved/LFM-1b_artist_20U50I_25strat/NGCF/NGCF-May-09-2024_02-37-14.pth
Thu 09 May 2024 03:21:14 INFO  epoch 45 training [time: 3.94s, train loss: 9.0642]
Thu 09 May 2024 03:22:08 INFO  epoch 45 evaluating [time: 54.26s, valid_score: 0.038200]
Thu 09 May 2024 03:22:08 INFO  valid result: 
recall@10 : 0.0902    mrr@10 : 0.0382    ndcg@10 : 0.0469    hit@10 : 0.1103    map@10 : 0.0313    precision@10 : 0.0112    gauc : 0.8815    itemcoverage@10 : 0.2731    averagepopularity@10 : 736.4812    giniindex@10 : 0.985    shannonentropy@10 : 0.0006    tailpercentage@10 : 0.004
Thu 09 May 2024 03:22:12 INFO  epoch 46 training [time: 3.95s, train loss: 8.9066]
Thu 09 May 2024 03:23:07 INFO  epoch 46 evaluating [time: 54.16s, valid_score: 0.038200]
Thu 09 May 2024 03:23:07 INFO  valid result: 
recall@10 : 0.0893    mrr@10 : 0.0382    ndcg@10 : 0.0468    hit@10 : 0.1088    map@10 : 0.0315    precision@10 : 0.0111    gauc : 0.8815    itemcoverage@10 : 0.2658    averagepopularity@10 : 734.7795    giniindex@10 : 0.9859    shannonentropy@10 : 0.0006    tailpercentage@10 : 0.0039
Thu 09 May 2024 03:23:10 INFO  epoch 47 training [time: 3.85s, train loss: 8.7087]
Thu 09 May 2024 03:24:05 INFO  epoch 47 evaluating [time: 54.24s, valid_score: 0.038200]
Thu 09 May 2024 03:24:05 INFO  valid result: 
recall@10 : 0.0912    mrr@10 : 0.0382    ndcg@10 : 0.0472    hit@10 : 0.1113    map@10 : 0.0314    precision@10 : 0.0113    gauc : 0.8815    itemcoverage@10 : 0.2638    averagepopularity@10 : 747.6276    giniindex@10 : 0.9862    shannonentropy@10 : 0.0006    tailpercentage@10 : 0.004
Thu 09 May 2024 03:24:09 INFO  epoch 48 training [time: 3.98s, train loss: 8.5804]
Thu 09 May 2024 03:25:03 INFO  epoch 48 evaluating [time: 54.16s, valid_score: 0.039000]
Thu 09 May 2024 03:25:03 INFO  valid result: 
recall@10 : 0.091    mrr@10 : 0.039    ndcg@10 : 0.0476    hit@10 : 0.1115    map@10 : 0.0319    precision@10 : 0.0113    gauc : 0.8822    itemcoverage@10 : 0.2539    averagepopularity@10 : 743.3763    giniindex@10 : 0.9872    shannonentropy@10 : 0.0007    tailpercentage@10 : 0.004
Thu 09 May 2024 03:25:03 INFO  Saving current: saved/LFM-1b_artist_20U50I_25strat/NGCF/NGCF-May-09-2024_02-37-14.pth
Thu 09 May 2024 03:25:07 INFO  epoch 49 training [time: 4.00s, train loss: 8.4879]
Thu 09 May 2024 03:26:02 INFO  epoch 49 evaluating [time: 54.13s, valid_score: 0.039500]
Thu 09 May 2024 03:26:02 INFO  valid result: 
recall@10 : 0.0931    mrr@10 : 0.0395    ndcg@10 : 0.0485    hit@10 : 0.113    map@10 : 0.0326    precision@10 : 0.0115    gauc : 0.8821    itemcoverage@10 : 0.2457    averagepopularity@10 : 752.5682    giniindex@10 : 0.9881    shannonentropy@10 : 0.0007    tailpercentage@10 : 0.0041
Thu 09 May 2024 03:26:02 INFO  Saving current: saved/LFM-1b_artist_20U50I_25strat/NGCF/NGCF-May-09-2024_02-37-14.pth
Thu 09 May 2024 03:26:06 INFO  epoch 50 training [time: 3.92s, train loss: 8.3594]
Thu 09 May 2024 03:27:00 INFO  epoch 50 evaluating [time: 53.84s, valid_score: 0.039200]
Thu 09 May 2024 03:27:00 INFO  valid result: 
recall@10 : 0.0921    mrr@10 : 0.0392    ndcg@10 : 0.048    hit@10 : 0.1127    map@10 : 0.0322    precision@10 : 0.0115    gauc : 0.8829    itemcoverage@10 : 0.2436    averagepopularity@10 : 743.8215    giniindex@10 : 0.9882    shannonentropy@10 : 0.0007    tailpercentage@10 : 0.0039
Thu 09 May 2024 03:27:04 INFO  epoch 51 training [time: 3.82s, train loss: 8.2356]
Thu 09 May 2024 03:27:58 INFO  epoch 51 evaluating [time: 54.35s, valid_score: 0.039400]
Thu 09 May 2024 03:27:58 INFO  valid result: 
recall@10 : 0.0927    mrr@10 : 0.0394    ndcg@10 : 0.0485    hit@10 : 0.1125    map@10 : 0.0327    precision@10 : 0.0114    gauc : 0.8835    itemcoverage@10 : 0.2386    averagepopularity@10 : 756.0743    giniindex@10 : 0.9888    shannonentropy@10 : 0.0007    tailpercentage@10 : 0.0037
Thu 09 May 2024 03:28:02 INFO  epoch 52 training [time: 3.93s, train loss: 8.1365]
Thu 09 May 2024 03:28:56 INFO  epoch 52 evaluating [time: 53.65s, valid_score: 0.039200]
Thu 09 May 2024 03:28:56 INFO  valid result: 
recall@10 : 0.0921    mrr@10 : 0.0392    ndcg@10 : 0.0481    hit@10 : 0.1123    map@10 : 0.0323    precision@10 : 0.0114    gauc : 0.8834    itemcoverage@10 : 0.2324    averagepopularity@10 : 758.7735    giniindex@10 : 0.9893    shannonentropy@10 : 0.0007    tailpercentage@10 : 0.0039
Thu 09 May 2024 03:29:00 INFO  epoch 53 training [time: 3.94s, train loss: 8.0457]
Thu 09 May 2024 03:29:54 INFO  epoch 53 evaluating [time: 54.16s, valid_score: 0.039200]
Thu 09 May 2024 03:29:54 INFO  valid result: 
recall@10 : 0.0931    mrr@10 : 0.0392    ndcg@10 : 0.0483    hit@10 : 0.1134    map@10 : 0.0323    precision@10 : 0.0115    gauc : 0.8833    itemcoverage@10 : 0.2273    averagepopularity@10 : 756.7666    giniindex@10 : 0.9899    shannonentropy@10 : 0.0007    tailpercentage@10 : 0.0038
Thu 09 May 2024 03:29:58 INFO  epoch 54 training [time: 3.91s, train loss: 7.8558]
Thu 09 May 2024 03:30:52 INFO  epoch 54 evaluating [time: 54.00s, valid_score: 0.039800]
Thu 09 May 2024 03:30:52 INFO  valid result: 
recall@10 : 0.0928    mrr@10 : 0.0398    ndcg@10 : 0.0487    hit@10 : 0.1136    map@10 : 0.0328    precision@10 : 0.0115    gauc : 0.8839    itemcoverage@10 : 0.2225    averagepopularity@10 : 751.6487    giniindex@10 : 0.9902    shannonentropy@10 : 0.0007    tailpercentage@10 : 0.0039
Thu 09 May 2024 03:30:52 INFO  Saving current: saved/LFM-1b_artist_20U50I_25strat/NGCF/NGCF-May-09-2024_02-37-14.pth
Thu 09 May 2024 03:30:56 INFO  epoch 55 training [time: 3.86s, train loss: 7.7826]
Thu 09 May 2024 03:31:50 INFO  epoch 55 evaluating [time: 53.96s, valid_score: 0.039800]
Thu 09 May 2024 03:31:50 INFO  valid result: 
recall@10 : 0.094    mrr@10 : 0.0398    ndcg@10 : 0.0489    hit@10 : 0.1143    map@10 : 0.0328    precision@10 : 0.0116    gauc : 0.884    itemcoverage@10 : 0.2201    averagepopularity@10 : 753.2467    giniindex@10 : 0.9904    shannonentropy@10 : 0.0007    tailpercentage@10 : 0.0037
Thu 09 May 2024 03:31:51 INFO  Saving current: saved/LFM-1b_artist_20U50I_25strat/NGCF/NGCF-May-09-2024_02-37-14.pth
Thu 09 May 2024 03:31:55 INFO  epoch 56 training [time: 3.85s, train loss: 7.7325]
Thu 09 May 2024 03:32:49 INFO  epoch 56 evaluating [time: 54.23s, valid_score: 0.039700]
Thu 09 May 2024 03:32:49 INFO  valid result: 
recall@10 : 0.0953    mrr@10 : 0.0397    ndcg@10 : 0.0493    hit@10 : 0.1159    map@10 : 0.0328    precision@10 : 0.0118    gauc : 0.8849    itemcoverage@10 : 0.2211    averagepopularity@10 : 743.5878    giniindex@10 : 0.9903    shannonentropy@10 : 0.0008    tailpercentage@10 : 0.0037
Thu 09 May 2024 03:32:53 INFO  epoch 57 training [time: 3.86s, train loss: 7.5526]
Thu 09 May 2024 03:33:47 INFO  epoch 57 evaluating [time: 53.93s, valid_score: 0.040600]
Thu 09 May 2024 03:33:47 INFO  valid result: 
recall@10 : 0.096    mrr@10 : 0.0406    ndcg@10 : 0.05    hit@10 : 0.1168    map@10 : 0.0335    precision@10 : 0.0118    gauc : 0.8849    itemcoverage@10 : 0.2117    averagepopularity@10 : 754.9271    giniindex@10 : 0.991    shannonentropy@10 : 0.0008    tailpercentage@10 : 0.0034
Thu 09 May 2024 03:33:48 INFO  Saving current: saved/LFM-1b_artist_20U50I_25strat/NGCF/NGCF-May-09-2024_02-37-14.pth
Thu 09 May 2024 03:33:51 INFO  epoch 58 training [time: 3.88s, train loss: 7.4497]
Thu 09 May 2024 03:34:46 INFO  epoch 58 evaluating [time: 54.14s, valid_score: 0.040500]
Thu 09 May 2024 03:34:46 INFO  valid result: 
recall@10 : 0.0956    mrr@10 : 0.0405    ndcg@10 : 0.0499    hit@10 : 0.1167    map@10 : 0.0334    precision@10 : 0.0119    gauc : 0.8849    itemcoverage@10 : 0.2101    averagepopularity@10 : 749.8188    giniindex@10 : 0.9911    shannonentropy@10 : 0.0008    tailpercentage@10 : 0.0034
Thu 09 May 2024 03:34:49 INFO  epoch 59 training [time: 3.78s, train loss: 7.3305]
Thu 09 May 2024 03:35:44 INFO  epoch 59 evaluating [time: 54.15s, valid_score: 0.040100]
Thu 09 May 2024 03:35:44 INFO  valid result: 
recall@10 : 0.0958    mrr@10 : 0.0401    ndcg@10 : 0.0496    hit@10 : 0.1165    map@10 : 0.0331    precision@10 : 0.0118    gauc : 0.8854    itemcoverage@10 : 0.2064    averagepopularity@10 : 743.7852    giniindex@10 : 0.9913    shannonentropy@10 : 0.0008    tailpercentage@10 : 0.0034
Thu 09 May 2024 03:35:47 INFO  epoch 60 training [time: 3.82s, train loss: 7.1884]
Thu 09 May 2024 03:36:42 INFO  epoch 60 evaluating [time: 54.37s, valid_score: 0.039700]
Thu 09 May 2024 03:36:42 INFO  valid result: 
recall@10 : 0.0957    mrr@10 : 0.0397    ndcg@10 : 0.0495    hit@10 : 0.1163    map@10 : 0.033    precision@10 : 0.0118    gauc : 0.8855    itemcoverage@10 : 0.2043    averagepopularity@10 : 744.8957    giniindex@10 : 0.9915    shannonentropy@10 : 0.0008    tailpercentage@10 : 0.0033
Thu 09 May 2024 03:36:46 INFO  epoch 61 training [time: 3.96s, train loss: 7.1284]
Thu 09 May 2024 03:37:40 INFO  epoch 61 evaluating [time: 54.31s, valid_score: 0.040800]
Thu 09 May 2024 03:37:40 INFO  valid result: 
recall@10 : 0.0961    mrr@10 : 0.0408    ndcg@10 : 0.0503    hit@10 : 0.1171    map@10 : 0.0339    precision@10 : 0.0119    gauc : 0.8858    itemcoverage@10 : 0.1997    averagepopularity@10 : 748.0132    giniindex@10 : 0.9918    shannonentropy@10 : 0.0008    tailpercentage@10 : 0.0029
Thu 09 May 2024 03:37:41 INFO  Saving current: saved/LFM-1b_artist_20U50I_25strat/NGCF/NGCF-May-09-2024_02-37-14.pth
Thu 09 May 2024 03:37:45 INFO  epoch 62 training [time: 3.89s, train loss: 6.9898]
Thu 09 May 2024 03:38:39 INFO  epoch 62 evaluating [time: 54.40s, valid_score: 0.039200]
Thu 09 May 2024 03:38:39 INFO  valid result: 
recall@10 : 0.0959    mrr@10 : 0.0392    ndcg@10 : 0.049    hit@10 : 0.1164    map@10 : 0.0323    precision@10 : 0.0118    gauc : 0.8863    itemcoverage@10 : 0.1979    averagepopularity@10 : 734.5011    giniindex@10 : 0.9919    shannonentropy@10 : 0.0008    tailpercentage@10 : 0.003
Thu 09 May 2024 03:38:43 INFO  epoch 63 training [time: 3.86s, train loss: 6.9005]
Thu 09 May 2024 03:39:37 INFO  epoch 63 evaluating [time: 54.29s, valid_score: 0.040100]
Thu 09 May 2024 03:39:37 INFO  valid result: 
recall@10 : 0.0946    mrr@10 : 0.0401    ndcg@10 : 0.0495    hit@10 : 0.1152    map@10 : 0.0332    precision@10 : 0.0117    gauc : 0.8862    itemcoverage@10 : 0.1955    averagepopularity@10 : 734.9375    giniindex@10 : 0.992    shannonentropy@10 : 0.0009    tailpercentage@10 : 0.0033
Thu 09 May 2024 03:39:41 INFO  epoch 64 training [time: 3.79s, train loss: 6.8051]
Thu 09 May 2024 03:40:35 INFO  epoch 64 evaluating [time: 54.53s, valid_score: 0.040500]
Thu 09 May 2024 03:40:35 INFO  valid result: 
recall@10 : 0.0978    mrr@10 : 0.0405    ndcg@10 : 0.0505    hit@10 : 0.1185    map@10 : 0.0337    precision@10 : 0.012    gauc : 0.8868    itemcoverage@10 : 0.191    averagepopularity@10 : 727.7535    giniindex@10 : 0.9922    shannonentropy@10 : 0.0009    tailpercentage@10 : 0.003
Thu 09 May 2024 03:40:39 INFO  epoch 65 training [time: 3.87s, train loss: 6.6985]
Thu 09 May 2024 03:41:33 INFO  epoch 65 evaluating [time: 53.95s, valid_score: 0.040700]
Thu 09 May 2024 03:41:33 INFO  valid result: 
recall@10 : 0.098    mrr@10 : 0.0407    ndcg@10 : 0.0506    hit@10 : 0.1187    map@10 : 0.0337    precision@10 : 0.012    gauc : 0.8862    itemcoverage@10 : 0.1916    averagepopularity@10 : 738.6526    giniindex@10 : 0.9923    shannonentropy@10 : 0.0009    tailpercentage@10 : 0.0031
Thu 09 May 2024 03:41:37 INFO  epoch 66 training [time: 3.89s, train loss: 6.5863]
Thu 09 May 2024 03:42:31 INFO  epoch 66 evaluating [time: 54.21s, valid_score: 0.040700]
Thu 09 May 2024 03:42:31 INFO  valid result: 
recall@10 : 0.0981    mrr@10 : 0.0407    ndcg@10 : 0.0507    hit@10 : 0.1188    map@10 : 0.0339    precision@10 : 0.012    gauc : 0.8865    itemcoverage@10 : 0.1903    averagepopularity@10 : 721.0945    giniindex@10 : 0.9923    shannonentropy@10 : 0.0009    tailpercentage@10 : 0.0031
Thu 09 May 2024 03:42:35 INFO  epoch 67 training [time: 3.78s, train loss: 6.5304]
Thu 09 May 2024 03:43:30 INFO  epoch 67 evaluating [time: 54.39s, valid_score: 0.039000]
Thu 09 May 2024 03:43:30 INFO  valid result: 
recall@10 : 0.097    mrr@10 : 0.039    ndcg@10 : 0.0491    hit@10 : 0.1178    map@10 : 0.032    precision@10 : 0.012    gauc : 0.8865    itemcoverage@10 : 0.1821    averagepopularity@10 : 724.5139    giniindex@10 : 0.9928    shannonentropy@10 : 0.0009    tailpercentage@10 : 0.0027
Thu 09 May 2024 03:43:33 INFO  epoch 68 training [time: 3.84s, train loss: 6.3940]
Thu 09 May 2024 03:44:28 INFO  epoch 68 evaluating [time: 54.42s, valid_score: 0.039300]
Thu 09 May 2024 03:44:28 INFO  valid result: 
recall@10 : 0.097    mrr@10 : 0.0393    ndcg@10 : 0.0494    hit@10 : 0.1176    map@10 : 0.0324    precision@10 : 0.0119    gauc : 0.887    itemcoverage@10 : 0.182    averagepopularity@10 : 718.1315    giniindex@10 : 0.9927    shannonentropy@10 : 0.0009    tailpercentage@10 : 0.003
Thu 09 May 2024 03:44:32 INFO  epoch 69 training [time: 3.83s, train loss: 6.2603]
Thu 09 May 2024 03:45:26 INFO  epoch 69 evaluating [time: 54.19s, valid_score: 0.039000]
Thu 09 May 2024 03:45:26 INFO  valid result: 
recall@10 : 0.0958    mrr@10 : 0.039    ndcg@10 : 0.0489    hit@10 : 0.1166    map@10 : 0.0321    precision@10 : 0.0118    gauc : 0.8873    itemcoverage@10 : 0.18    averagepopularity@10 : 703.5116    giniindex@10 : 0.9928    shannonentropy@10 : 0.001    tailpercentage@10 : 0.003
Thu 09 May 2024 03:45:30 INFO  epoch 70 training [time: 3.86s, train loss: 6.1871]
Thu 09 May 2024 03:46:24 INFO  epoch 70 evaluating [time: 54.42s, valid_score: 0.040500]
Thu 09 May 2024 03:46:24 INFO  valid result: 
recall@10 : 0.0976    mrr@10 : 0.0405    ndcg@10 : 0.0505    hit@10 : 0.1181    map@10 : 0.0337    precision@10 : 0.012    gauc : 0.8866    itemcoverage@10 : 0.1751    averagepopularity@10 : 714.9256    giniindex@10 : 0.9931    shannonentropy@10 : 0.001    tailpercentage@10 : 0.0026
Thu 09 May 2024 03:46:28 INFO  epoch 71 training [time: 3.83s, train loss: 6.0779]
Thu 09 May 2024 03:47:22 INFO  epoch 71 evaluating [time: 54.00s, valid_score: 0.040300]
Thu 09 May 2024 03:47:22 INFO  valid result: 
recall@10 : 0.098    mrr@10 : 0.0403    ndcg@10 : 0.0504    hit@10 : 0.119    map@10 : 0.0335    precision@10 : 0.0121    gauc : 0.8867    itemcoverage@10 : 0.1784    averagepopularity@10 : 717.813    giniindex@10 : 0.9929    shannonentropy@10 : 0.001    tailpercentage@10 : 0.0028
Thu 09 May 2024 03:47:26 INFO  epoch 72 training [time: 3.77s, train loss: 5.9090]
Thu 09 May 2024 03:48:20 INFO  epoch 72 evaluating [time: 54.34s, valid_score: 0.040500]
Thu 09 May 2024 03:48:20 INFO  valid result: 
recall@10 : 0.098    mrr@10 : 0.0405    ndcg@10 : 0.0505    hit@10 : 0.1184    map@10 : 0.0336    precision@10 : 0.012    gauc : 0.8875    itemcoverage@10 : 0.1773    averagepopularity@10 : 708.6813    giniindex@10 : 0.9929    shannonentropy@10 : 0.001    tailpercentage@10 : 0.0028
Thu 09 May 2024 03:48:20 INFO  Finished training, best eval result in epoch 61
Thu 09 May 2024 03:48:20 INFO  Loading model structure and parameters from saved/LFM-1b_artist_20U50I_25strat/NGCF/NGCF-May-09-2024_02-37-14.pth
Thu 09 May 2024 03:49:22 INFO  The running environment of this training is as follows:
+-------------+----------------+
| Environment |     Usage      |
+=============+================+
| CPU         |    12.60 %     |
+-------------+----------------+
| GPU         | 0.45 G/11.93 G |
+-------------+----------------+
| Memory      | 2.18 G/31.23 G |
+-------------+----------------+
Thu 09 May 2024 03:49:22 INFO  best valid : OrderedDict([('recall@10', 0.0961), ('mrr@10', 0.0408), ('ndcg@10', 0.0503), ('hit@10', 0.1171), ('map@10', 0.0339), ('precision@10', 0.0119), ('gauc', 0.8858), ('itemcoverage@10', 0.1997), ('averagepopularity@10', 748.0132), ('giniindex@10', 0.9918), ('shannonentropy@10', 0.0008), ('tailpercentage@10', 0.0029)])
Thu 09 May 2024 03:49:22 INFO  test result: OrderedDict([('recall@10', 0.0947), ('mrr@10', 0.0383), ('ndcg@10', 0.0488), ('hit@10', 0.112), ('map@10', 0.0328), ('precision@10', 0.0113), ('gauc', 0.8789), ('itemcoverage@10', 0.2753), ('averagepopularity@10', 734.8359), ('giniindex@10', 0.9865), ('shannonentropy@10', 0.0006), ('tailpercentage@10', 0.0044)])
Thu 09 May 2024 03:49:22 INFO  
General Hyper Parameters:
gpu_id = 0
use_gpu = True
seed = 2020
state = INFO
reproducibility = True
data_path = data/LFM-1b_artist_20U50I_25strat
checkpoint_dir = saved/LFM-1b_artist_20U50I_25strat/NGCF
show_progress = True
save_dataset = False
dataset_save_path = None
save_dataloaders = False
dataloaders_save_path = None
log_wandb = False

Training Hyper Parameters:
epochs = 200
train_batch_size = 2048
learner = adam
learning_rate = 0.001
train_neg_sample_args = {'distribution': 'uniform', 'sample_num': 1, 'dynamic': False, 'candidate_num': 0, 'alpha': 1.0}
eval_step = 1
stopping_step = 10
clip_grad_norm = None
weight_decay = 0.0
loss_decimal_place = 4

Evaluation Hyper Parameters:
eval_args = {'split': {'RS': [0.8, 0.1, 0.1]}, 'order': 'RO', 'group_by': 'user', 'mode': {'valid': 'full', 'test': 'full'}}
repeatable = False
metrics = ['Recall', 'MRR', 'NDCG', 'Hit', 'MAP', 'Precision', 'GAUC', 'ItemCoverage', 'AveragePopularity', 'GiniIndex', 'ShannonEntropy', 'TailPercentage']
topk = [10]
valid_metric = MRR@10
valid_metric_bigger = True
eval_batch_size = 4096
metric_decimal_place = 4

Dataset Hyper Parameters:
field_separator = 	
seq_separator =  
USER_ID_FIELD = user_id
ITEM_ID_FIELD = item_id
RATING_FIELD = rating
TIME_FIELD = timestamp
seq_len = None
LABEL_FIELD = label
threshold = None
NEG_PREFIX = neg_
load_col = {'inter': ['user_id', 'item_id']}
unload_col = None
unused_col = None
additional_feat_suffix = None
rm_dup_inter = None
val_interval = None
filter_inter_by_user_or_item = True
user_inter_num_interval = [0,inf)
item_inter_num_interval = [0,inf)
alias_of_user_id = None
alias_of_item_id = None
alias_of_entity_id = None
alias_of_relation_id = None
preload_weight = None
normalize_field = None
normalize_all = None
ITEM_LIST_LENGTH_FIELD = item_length
LIST_SUFFIX = _list
MAX_ITEM_LIST_LENGTH = 50
POSITION_FIELD = position_id
HEAD_ENTITY_ID_FIELD = head_id
TAIL_ENTITY_ID_FIELD = tail_id
RELATION_ID_FIELD = relation_id
ENTITY_ID_FIELD = entity_id
benchmark_filename = None

Other Hyper Parameters: 
worker = 0
wandb_project = recbole
shuffle = True
require_pow = False
enable_amp = False
enable_scaler = False
transform = None
embedding_size = 64
hidden_size_list = [64, 64, 64]
node_dropout = 0.0
message_dropout = 0.1
reg_weight = 1e-05
numerical_features = []
discretization = None
kg_reverse_r = False
entity_kg_num_interval = [0,inf)
relation_kg_num_interval = [0,inf)
MODEL_TYPE = ModelType.GENERAL
encoding = utf-8
device = cuda:1
my_log_file = /home/fontana/Tesi/log/carbon_default.log
max_emission_step = -1
MODEL_INPUT_TYPE = InputType.PAIRWISE
eval_type = EvaluatorType.RANKING
single_spec = True
local_rank = 0
valid_neg_sample_args = {'distribution': 'uniform', 'sample_num': 'none'}
test_neg_sample_args = {'distribution': 'uniform', 'sample_num': 'none'}


Thu 09 May 2024 03:49:23 INFO  LFM-1b_artist_20U50I_25strat
The number of users: 19842
Average actions of users: 11.01038254120256
The number of items: 24879
Average actions of items: 8.781131923788086
The number of inters: 218457
The sparsity of the dataset: 99.95574650251882%
Remain Fields: ['user_id', 'item_id']
Thu 09 May 2024 03:49:25 INFO  [Training]: train_batch_size = [2048] train_neg_sample_args: [{'distribution': 'uniform', 'sample_num': 1, 'dynamic': False, 'candidate_num': 0, 'alpha': 1.0}]
Thu 09 May 2024 03:49:25 INFO  [Evaluation]: eval_batch_size = [4096] eval_args: [{'split': {'RS': [0.8, 0.1, 0.1]}, 'order': 'RO', 'group_by': 'user', 'mode': {'valid': 'full', 'test': 'full'}}]
Thu 09 May 2024 03:49:26 INFO  Loading model structure and parameters from saved/LFM-1b_artist_20U50I_25strat/NGCF/NGCF-May-09-2024_02-37-14.pth
