Fri 10 May 2024 23:12:36 INFO  ['src/default_tracker2.py', '--dataset=amazon_books_60core_kg', '--model=NGCF', '--max_emission_step=-1']
Fri 10 May 2024 23:12:36 INFO  
General Hyper Parameters:
gpu_id = 0
use_gpu = True
seed = 2020
state = INFO
reproducibility = True
data_path = data/amazon_books_60core_kg
checkpoint_dir = saved/amazon_books_60core_kg/NGCF
show_progress = True
save_dataset = False
dataset_save_path = None
save_dataloaders = False
dataloaders_save_path = None
log_wandb = False

Training Hyper Parameters:
epochs = 200
train_batch_size = 2048
learner = adam
learning_rate = 0.001
train_neg_sample_args = {'distribution': 'uniform', 'sample_num': 1, 'dynamic': False, 'candidate_num': 0, 'alpha': 1.0}
eval_step = 1
stopping_step = 10
clip_grad_norm = None
weight_decay = 0.0
loss_decimal_place = 4

Evaluation Hyper Parameters:
eval_args = {'split': {'RS': [0.8, 0.1, 0.1]}, 'order': 'RO', 'group_by': 'user', 'mode': {'valid': 'full', 'test': 'full'}}
repeatable = False
metrics = ['Recall', 'MRR', 'NDCG', 'Hit', 'MAP', 'Precision', 'GAUC', 'ItemCoverage', 'AveragePopularity', 'GiniIndex', 'ShannonEntropy', 'TailPercentage']
topk = [10]
valid_metric = MRR@10
valid_metric_bigger = True
eval_batch_size = 4096
metric_decimal_place = 4

Dataset Hyper Parameters:
field_separator = 	
seq_separator =  
USER_ID_FIELD = user_id
ITEM_ID_FIELD = item_id
RATING_FIELD = rating
TIME_FIELD = timestamp
seq_len = None
LABEL_FIELD = label
threshold = None
NEG_PREFIX = neg_
load_col = {'inter': ['user_id', 'item_id']}
unload_col = None
unused_col = None
additional_feat_suffix = None
rm_dup_inter = None
val_interval = None
filter_inter_by_user_or_item = True
user_inter_num_interval = [0,inf)
item_inter_num_interval = [0,inf)
alias_of_user_id = None
alias_of_item_id = None
alias_of_entity_id = None
alias_of_relation_id = None
preload_weight = None
normalize_field = None
normalize_all = None
ITEM_LIST_LENGTH_FIELD = item_length
LIST_SUFFIX = _list
MAX_ITEM_LIST_LENGTH = 50
POSITION_FIELD = position_id
HEAD_ENTITY_ID_FIELD = head_id
TAIL_ENTITY_ID_FIELD = tail_id
RELATION_ID_FIELD = relation_id
ENTITY_ID_FIELD = entity_id
benchmark_filename = None

Other Hyper Parameters: 
worker = 0
wandb_project = recbole
shuffle = True
require_pow = False
enable_amp = False
enable_scaler = False
transform = None
embedding_size = 64
hidden_size_list = [64, 64, 64]
node_dropout = 0.0
message_dropout = 0.1
reg_weight = 1e-05
numerical_features = []
discretization = None
kg_reverse_r = False
entity_kg_num_interval = [0,inf)
relation_kg_num_interval = [0,inf)
MODEL_TYPE = ModelType.GENERAL
encoding = utf-8
device = cuda:1
my_log_file = /home/fontana/Tesi/log/carbon_default.log
max_emission_step = -1
MODEL_INPUT_TYPE = InputType.PAIRWISE
eval_type = EvaluatorType.RANKING
single_spec = True
local_rank = 0
valid_neg_sample_args = {'distribution': 'uniform', 'sample_num': 'none'}
test_neg_sample_args = {'distribution': 'uniform', 'sample_num': 'none'}


Fri 10 May 2024 23:12:41 INFO  amazon_books_60core_kg
The number of users: 22156
Average actions of users: 66.16434213495825
The number of items: 54459
Average actions of items: 26.917459326453415
The number of inters: 1465871
The sparsity of the dataset: 99.87851162187994%
Remain Fields: ['user_id', 'item_id']
Fri 10 May 2024 23:12:46 INFO  [Training]: train_batch_size = [2048] train_neg_sample_args: [{'distribution': 'uniform', 'sample_num': 1, 'dynamic': False, 'candidate_num': 0, 'alpha': 1.0}]
Fri 10 May 2024 23:12:46 INFO  [Evaluation]: eval_batch_size = [4096] eval_args: [{'split': {'RS': [0.8, 0.1, 0.1]}, 'order': 'RO', 'group_by': 'user', 'mode': {'valid': 'full', 'test': 'full'}}]
Fri 10 May 2024 23:13:02 INFO  NGCF(
  (sparse_dropout): SparseDropout()
  (user_embedding): Embedding(22156, 64)
  (item_embedding): Embedding(54459, 64)
  (GNNlayers): ModuleList(
    (0): BiGNNLayer(
      (linear): Linear(in_features=64, out_features=64, bias=True)
      (interActTransform): Linear(in_features=64, out_features=64, bias=True)
    )
    (1): BiGNNLayer(
      (linear): Linear(in_features=64, out_features=64, bias=True)
      (interActTransform): Linear(in_features=64, out_features=64, bias=True)
    )
    (2): BiGNNLayer(
      (linear): Linear(in_features=64, out_features=64, bias=True)
      (interActTransform): Linear(in_features=64, out_features=64, bias=True)
    )
  )
  (mf_loss): BPRLoss()
  (reg_loss): EmbLoss()
)
Trainable parameters: 4928320
Fri 10 May 2024 23:13:03 INFO  FLOPs: 1882890240.0
Fri 10 May 2024 23:14:26 INFO  epoch 0 training [time: 76.76s, train loss: 153.2740]
Fri 10 May 2024 23:16:03 INFO  epoch 0 evaluating [time: 97.22s, valid_score: 0.018400]
Fri 10 May 2024 23:16:03 INFO  valid result: 
recall@10 : 0.0092    mrr@10 : 0.0184    ndcg@10 : 0.0085    hit@10 : 0.0567    map@10 : 0.0034    precision@10 : 0.0062    gauc : 0.9186    itemcoverage@10 : 0.6395    averagepopularity@10 : 41.0169    giniindex@10 : 0.7313    shannonentropy@10 : 0.0003    tailpercentage@10 : 0.0121
Fri 10 May 2024 23:16:03 INFO  Saving current: saved/amazon_books_60core_kg/NGCF/NGCF-May-10-2024_23-13-04.pth
Fri 10 May 2024 23:17:20 INFO  epoch 1 training [time: 76.78s, train loss: 125.1737]
Fri 10 May 2024 23:18:58 INFO  epoch 1 evaluating [time: 97.76s, valid_score: 0.022200]
Fri 10 May 2024 23:18:58 INFO  valid result: 
recall@10 : 0.0109    mrr@10 : 0.0222    ndcg@10 : 0.0102    hit@10 : 0.0661    map@10 : 0.004    precision@10 : 0.0073    gauc : 0.9275    itemcoverage@10 : 0.6178    averagepopularity@10 : 41.9693    giniindex@10 : 0.7403    shannonentropy@10 : 0.0003    tailpercentage@10 : 0.0084
Fri 10 May 2024 23:19:00 INFO  Saving current: saved/amazon_books_60core_kg/NGCF/NGCF-May-10-2024_23-13-04.pth
Fri 10 May 2024 23:20:17 INFO  epoch 2 training [time: 76.88s, train loss: 118.4071]
Fri 10 May 2024 23:21:53 INFO  epoch 2 evaluating [time: 96.29s, valid_score: 0.024800]
Fri 10 May 2024 23:21:53 INFO  valid result: 
recall@10 : 0.0123    mrr@10 : 0.0248    ndcg@10 : 0.0116    hit@10 : 0.0738    map@10 : 0.0047    precision@10 : 0.0082    gauc : 0.9308    itemcoverage@10 : 0.6034    averagepopularity@10 : 43.7881    giniindex@10 : 0.749    shannonentropy@10 : 0.0003    tailpercentage@10 : 0.0064
Fri 10 May 2024 23:21:55 INFO  Saving current: saved/amazon_books_60core_kg/NGCF/NGCF-May-10-2024_23-13-04.pth
Fri 10 May 2024 23:23:12 INFO  epoch 3 training [time: 76.91s, train loss: 114.6955]
Fri 10 May 2024 23:24:50 INFO  epoch 3 evaluating [time: 97.97s, valid_score: 0.028500]
Fri 10 May 2024 23:24:50 INFO  valid result: 
recall@10 : 0.014    mrr@10 : 0.0285    ndcg@10 : 0.0133    hit@10 : 0.0811    map@10 : 0.0057    precision@10 : 0.0092    gauc : 0.9335    itemcoverage@10 : 0.5887    averagepopularity@10 : 48.4156    giniindex@10 : 0.7586    shannonentropy@10 : 0.0003    tailpercentage@10 : 0.0062
Fri 10 May 2024 23:24:52 INFO  Saving current: saved/amazon_books_60core_kg/NGCF/NGCF-May-10-2024_23-13-04.pth
Fri 10 May 2024 23:26:08 INFO  epoch 4 training [time: 76.90s, train loss: 111.8857]
Fri 10 May 2024 23:27:44 INFO  epoch 4 evaluating [time: 95.77s, valid_score: 0.032000]
Fri 10 May 2024 23:27:44 INFO  valid result: 
recall@10 : 0.0155    mrr@10 : 0.032    ndcg@10 : 0.0146    hit@10 : 0.0902    map@10 : 0.006    precision@10 : 0.0102    gauc : 0.9349    itemcoverage@10 : 0.5689    averagepopularity@10 : 57.3727    giniindex@10 : 0.7781    shannonentropy@10 : 0.0003    tailpercentage@10 : 0.0056
Fri 10 May 2024 23:27:46 INFO  Saving current: saved/amazon_books_60core_kg/NGCF/NGCF-May-10-2024_23-13-04.pth
Fri 10 May 2024 23:29:03 INFO  epoch 5 training [time: 76.93s, train loss: 109.3048]
Fri 10 May 2024 23:30:41 INFO  epoch 5 evaluating [time: 97.53s, valid_score: 0.033200]
Fri 10 May 2024 23:30:41 INFO  valid result: 
recall@10 : 0.0173    mrr@10 : 0.0332    ndcg@10 : 0.0158    hit@10 : 0.0967    map@10 : 0.0064    precision@10 : 0.0112    gauc : 0.9361    itemcoverage@10 : 0.5499    averagepopularity@10 : 71.7425    giniindex@10 : 0.7996    shannonentropy@10 : 0.0003    tailpercentage@10 : 0.0054
Fri 10 May 2024 23:30:42 INFO  Saving current: saved/amazon_books_60core_kg/NGCF/NGCF-May-10-2024_23-13-04.pth
Fri 10 May 2024 23:31:59 INFO  epoch 6 training [time: 76.96s, train loss: 106.0923]
Fri 10 May 2024 23:33:35 INFO  epoch 6 evaluating [time: 95.58s, valid_score: 0.039900]
Fri 10 May 2024 23:33:35 INFO  valid result: 
recall@10 : 0.0188    mrr@10 : 0.0399    ndcg@10 : 0.0184    hit@10 : 0.109    map@10 : 0.0078    precision@10 : 0.0128    gauc : 0.9374    itemcoverage@10 : 0.5179    averagepopularity@10 : 91.9161    giniindex@10 : 0.8313    shannonentropy@10 : 0.0003    tailpercentage@10 : 0.005
Fri 10 May 2024 23:33:37 INFO  Saving current: saved/amazon_books_60core_kg/NGCF/NGCF-May-10-2024_23-13-04.pth
Fri 10 May 2024 23:34:53 INFO  epoch 7 training [time: 76.78s, train loss: 102.1572]
Fri 10 May 2024 23:36:30 INFO  epoch 7 evaluating [time: 96.43s, valid_score: 0.043100]
Fri 10 May 2024 23:36:30 INFO  valid result: 
recall@10 : 0.0209    mrr@10 : 0.0431    ndcg@10 : 0.02    hit@10 : 0.1189    map@10 : 0.0084    precision@10 : 0.0139    gauc : 0.9388    itemcoverage@10 : 0.4873    averagepopularity@10 : 114.6367    giniindex@10 : 0.8616    shannonentropy@10 : 0.0003    tailpercentage@10 : 0.0048
Fri 10 May 2024 23:36:32 INFO  Saving current: saved/amazon_books_60core_kg/NGCF/NGCF-May-10-2024_23-13-04.pth
Fri 10 May 2024 23:37:49 INFO  epoch 8 training [time: 76.87s, train loss: 97.9064]
Fri 10 May 2024 23:39:26 INFO  epoch 8 evaluating [time: 97.63s, valid_score: 0.046900]
Fri 10 May 2024 23:39:26 INFO  valid result: 
recall@10 : 0.0234    mrr@10 : 0.0469    ndcg@10 : 0.0221    hit@10 : 0.1285    map@10 : 0.0096    precision@10 : 0.015    gauc : 0.9401    itemcoverage@10 : 0.447    averagepopularity@10 : 139.0641    giniindex@10 : 0.8927    shannonentropy@10 : 0.0003    tailpercentage@10 : 0.0046
Fri 10 May 2024 23:39:28 INFO  Saving current: saved/amazon_books_60core_kg/NGCF/NGCF-May-10-2024_23-13-04.pth
Fri 10 May 2024 23:40:45 INFO  epoch 9 training [time: 76.99s, train loss: 93.2927]
Fri 10 May 2024 23:42:21 INFO  epoch 9 evaluating [time: 95.93s, valid_score: 0.048400]
Fri 10 May 2024 23:42:21 INFO  valid result: 
recall@10 : 0.0243    mrr@10 : 0.0484    ndcg@10 : 0.0228    hit@10 : 0.1311    map@10 : 0.0098    precision@10 : 0.0155    gauc : 0.9411    itemcoverage@10 : 0.399    averagepopularity@10 : 160.2441    giniindex@10 : 0.9203    shannonentropy@10 : 0.0004    tailpercentage@10 : 0.0047
Fri 10 May 2024 23:42:23 INFO  Saving current: saved/amazon_books_60core_kg/NGCF/NGCF-May-10-2024_23-13-04.pth
Fri 10 May 2024 23:43:39 INFO  epoch 10 training [time: 76.81s, train loss: 88.1778]
Fri 10 May 2024 23:45:15 INFO  epoch 10 evaluating [time: 95.82s, valid_score: 0.048000]
Fri 10 May 2024 23:45:15 INFO  valid result: 
recall@10 : 0.0251    mrr@10 : 0.048    ndcg@10 : 0.023    hit@10 : 0.1312    map@10 : 0.0099    precision@10 : 0.0154    gauc : 0.9418    itemcoverage@10 : 0.3522    averagepopularity@10 : 176.581    giniindex@10 : 0.9411    shannonentropy@10 : 0.0004    tailpercentage@10 : 0.0047
Fri 10 May 2024 23:46:32 INFO  epoch 11 training [time: 76.89s, train loss: 82.9261]
Fri 10 May 2024 23:48:09 INFO  epoch 11 evaluating [time: 97.04s, valid_score: 0.049700]
Fri 10 May 2024 23:48:09 INFO  valid result: 
recall@10 : 0.0262    mrr@10 : 0.0497    ndcg@10 : 0.0238    hit@10 : 0.1353    map@10 : 0.0103    precision@10 : 0.0159    gauc : 0.9427    itemcoverage@10 : 0.3014    averagepopularity@10 : 188.0174    giniindex@10 : 0.9568    shannonentropy@10 : 0.0004    tailpercentage@10 : 0.0048
Fri 10 May 2024 23:48:11 INFO  Saving current: saved/amazon_books_60core_kg/NGCF/NGCF-May-10-2024_23-13-04.pth
Fri 10 May 2024 23:49:28 INFO  epoch 12 training [time: 76.90s, train loss: 78.0590]
Fri 10 May 2024 23:51:05 INFO  epoch 12 evaluating [time: 97.03s, valid_score: 0.050700]
Fri 10 May 2024 23:51:05 INFO  valid result: 
recall@10 : 0.0262    mrr@10 : 0.0507    ndcg@10 : 0.0243    hit@10 : 0.1339    map@10 : 0.0108    precision@10 : 0.0158    gauc : 0.9437    itemcoverage@10 : 0.264    averagepopularity@10 : 195.2525    giniindex@10 : 0.9657    shannonentropy@10 : 0.0005    tailpercentage@10 : 0.0046
Fri 10 May 2024 23:51:07 INFO  Saving current: saved/amazon_books_60core_kg/NGCF/NGCF-May-10-2024_23-13-04.pth
Fri 10 May 2024 23:52:24 INFO  epoch 13 training [time: 76.87s, train loss: 73.0514]
Fri 10 May 2024 23:54:00 INFO  epoch 13 evaluating [time: 96.34s, valid_score: 0.051300]
Fri 10 May 2024 23:54:00 INFO  valid result: 
recall@10 : 0.0274    mrr@10 : 0.0513    ndcg@10 : 0.0248    hit@10 : 0.1385    map@10 : 0.0109    precision@10 : 0.0163    gauc : 0.9447    itemcoverage@10 : 0.2291    averagepopularity@10 : 199.0571    giniindex@10 : 0.9718    shannonentropy@10 : 0.0006    tailpercentage@10 : 0.0044
Fri 10 May 2024 23:54:02 INFO  Saving current: saved/amazon_books_60core_kg/NGCF/NGCF-May-10-2024_23-13-04.pth
Fri 10 May 2024 23:55:18 INFO  epoch 14 training [time: 76.81s, train loss: 68.5161]
Fri 10 May 2024 23:56:54 INFO  epoch 14 evaluating [time: 95.61s, valid_score: 0.051300]
Fri 10 May 2024 23:56:54 INFO  valid result: 
recall@10 : 0.0271    mrr@10 : 0.0513    ndcg@10 : 0.025    hit@10 : 0.1388    map@10 : 0.0111    precision@10 : 0.0164    gauc : 0.9452    itemcoverage@10 : 0.2064    averagepopularity@10 : 200.9315    giniindex@10 : 0.9753    shannonentropy@10 : 0.0006    tailpercentage@10 : 0.0039
Fri 10 May 2024 23:56:56 INFO  Saving current: saved/amazon_books_60core_kg/NGCF/NGCF-May-10-2024_23-13-04.pth
Fri 10 May 2024 23:58:13 INFO  epoch 15 training [time: 77.05s, train loss: 64.4304]
Fri 10 May 2024 23:59:50 INFO  epoch 15 evaluating [time: 97.47s, valid_score: 0.052100]
Fri 10 May 2024 23:59:50 INFO  valid result: 
recall@10 : 0.0279    mrr@10 : 0.0521    ndcg@10 : 0.0256    hit@10 : 0.14    map@10 : 0.0115    precision@10 : 0.0167    gauc : 0.9458    itemcoverage@10 : 0.188    averagepopularity@10 : 198.8644    giniindex@10 : 0.977    shannonentropy@10 : 0.0007    tailpercentage@10 : 0.0037
Fri 10 May 2024 23:59:52 INFO  Saving current: saved/amazon_books_60core_kg/NGCF/NGCF-May-10-2024_23-13-04.pth
Sat 11 May 2024 00:01:09 INFO  epoch 16 training [time: 76.89s, train loss: 60.5006]
Sat 11 May 2024 00:02:47 INFO  epoch 16 evaluating [time: 98.33s, valid_score: 0.052200]
Sat 11 May 2024 00:02:47 INFO  valid result: 
recall@10 : 0.0281    mrr@10 : 0.0522    ndcg@10 : 0.0255    hit@10 : 0.1421    map@10 : 0.0112    precision@10 : 0.0168    gauc : 0.9464    itemcoverage@10 : 0.1759    averagepopularity@10 : 196.568    giniindex@10 : 0.9778    shannonentropy@10 : 0.0007    tailpercentage@10 : 0.0033
Sat 11 May 2024 00:02:49 INFO  Saving current: saved/amazon_books_60core_kg/NGCF/NGCF-May-10-2024_23-13-04.pth
Sat 11 May 2024 00:04:06 INFO  epoch 17 training [time: 76.80s, train loss: 57.4712]
Sat 11 May 2024 00:05:45 INFO  epoch 17 evaluating [time: 98.86s, valid_score: 0.052700]
Sat 11 May 2024 00:05:45 INFO  valid result: 
recall@10 : 0.0284    mrr@10 : 0.0527    ndcg@10 : 0.0259    hit@10 : 0.144    map@10 : 0.0115    precision@10 : 0.0171    gauc : 0.9469    itemcoverage@10 : 0.1692    averagepopularity@10 : 192.3081    giniindex@10 : 0.9778    shannonentropy@10 : 0.0008    tailpercentage@10 : 0.0026
Sat 11 May 2024 00:05:46 INFO  Saving current: saved/amazon_books_60core_kg/NGCF/NGCF-May-10-2024_23-13-04.pth
Sat 11 May 2024 00:07:03 INFO  epoch 18 training [time: 76.99s, train loss: 54.0733]
Sat 11 May 2024 00:08:39 INFO  epoch 18 evaluating [time: 95.21s, valid_score: 0.053100]
Sat 11 May 2024 00:08:39 INFO  valid result: 
recall@10 : 0.0282    mrr@10 : 0.0531    ndcg@10 : 0.026    hit@10 : 0.1433    map@10 : 0.0116    precision@10 : 0.0171    gauc : 0.9472    itemcoverage@10 : 0.1666    averagepopularity@10 : 188.8272    giniindex@10 : 0.977    shannonentropy@10 : 0.0008    tailpercentage@10 : 0.0024
Sat 11 May 2024 00:08:40 INFO  Saving current: saved/amazon_books_60core_kg/NGCF/NGCF-May-10-2024_23-13-04.pth
Sat 11 May 2024 00:09:57 INFO  epoch 19 training [time: 76.88s, train loss: 51.5862]
Sat 11 May 2024 00:11:34 INFO  epoch 19 evaluating [time: 97.58s, valid_score: 0.055000]
Sat 11 May 2024 00:11:34 INFO  valid result: 
recall@10 : 0.0294    mrr@10 : 0.055    ndcg@10 : 0.027    hit@10 : 0.1479    map@10 : 0.0121    precision@10 : 0.0176    gauc : 0.9476    itemcoverage@10 : 0.1626    averagepopularity@10 : 185.1798    giniindex@10 : 0.9767    shannonentropy@10 : 0.0008    tailpercentage@10 : 0.0019
Sat 11 May 2024 00:11:35 INFO  Saving current: saved/amazon_books_60core_kg/NGCF/NGCF-May-10-2024_23-13-04.pth
Sat 11 May 2024 00:12:52 INFO  epoch 20 training [time: 76.97s, train loss: 48.9871]
Sat 11 May 2024 00:14:30 INFO  epoch 20 evaluating [time: 97.32s, valid_score: 0.054700]
Sat 11 May 2024 00:14:30 INFO  valid result: 
recall@10 : 0.0298    mrr@10 : 0.0547    ndcg@10 : 0.0269    hit@10 : 0.149    map@10 : 0.0119    precision@10 : 0.0177    gauc : 0.9479    itemcoverage@10 : 0.1654    averagepopularity@10 : 181.7076    giniindex@10 : 0.9752    shannonentropy@10 : 0.0008    tailpercentage@10 : 0.0019
Sat 11 May 2024 00:15:47 INFO  epoch 21 training [time: 76.88s, train loss: 46.8878]
Sat 11 May 2024 00:17:22 INFO  epoch 21 evaluating [time: 95.57s, valid_score: 0.055700]
Sat 11 May 2024 00:17:22 INFO  valid result: 
recall@10 : 0.0298    mrr@10 : 0.0557    ndcg@10 : 0.0272    hit@10 : 0.1523    map@10 : 0.012    precision@10 : 0.018    gauc : 0.9482    itemcoverage@10 : 0.1665    averagepopularity@10 : 177.4802    giniindex@10 : 0.9737    shannonentropy@10 : 0.0008    tailpercentage@10 : 0.0014
Sat 11 May 2024 00:17:23 INFO  Saving current: saved/amazon_books_60core_kg/NGCF/NGCF-May-10-2024_23-13-04.pth
Sat 11 May 2024 00:18:40 INFO  epoch 22 training [time: 76.92s, train loss: 44.6281]
Sat 11 May 2024 00:20:18 INFO  epoch 22 evaluating [time: 97.48s, valid_score: 0.055300]
Sat 11 May 2024 00:20:18 INFO  valid result: 
recall@10 : 0.0297    mrr@10 : 0.0553    ndcg@10 : 0.0272    hit@10 : 0.1512    map@10 : 0.0122    precision@10 : 0.0178    gauc : 0.9485    itemcoverage@10 : 0.1705    averagepopularity@10 : 175.1773    giniindex@10 : 0.9723    shannonentropy@10 : 0.0008    tailpercentage@10 : 0.0014
Sat 11 May 2024 00:21:35 INFO  epoch 23 training [time: 76.90s, train loss: 42.5778]
Sat 11 May 2024 00:23:11 INFO  epoch 23 evaluating [time: 95.98s, valid_score: 0.056400]
Sat 11 May 2024 00:23:11 INFO  valid result: 
recall@10 : 0.0308    mrr@10 : 0.0564    ndcg@10 : 0.0277    hit@10 : 0.1549    map@10 : 0.0123    precision@10 : 0.0182    gauc : 0.9488    itemcoverage@10 : 0.1734    averagepopularity@10 : 171.256    giniindex@10 : 0.9706    shannonentropy@10 : 0.0008    tailpercentage@10 : 0.0011
Sat 11 May 2024 00:23:12 INFO  Saving current: saved/amazon_books_60core_kg/NGCF/NGCF-May-10-2024_23-13-04.pth
Sat 11 May 2024 00:24:29 INFO  epoch 24 training [time: 76.95s, train loss: 40.7470]
Sat 11 May 2024 00:26:05 INFO  epoch 24 evaluating [time: 95.67s, valid_score: 0.057500]
Sat 11 May 2024 00:26:05 INFO  valid result: 
recall@10 : 0.0309    mrr@10 : 0.0575    ndcg@10 : 0.0281    hit@10 : 0.156    map@10 : 0.0125    precision@10 : 0.0185    gauc : 0.9492    itemcoverage@10 : 0.1756    averagepopularity@10 : 169.3207    giniindex@10 : 0.9696    shannonentropy@10 : 0.0008    tailpercentage@10 : 0.001
Sat 11 May 2024 00:26:06 INFO  Saving current: saved/amazon_books_60core_kg/NGCF/NGCF-May-10-2024_23-13-04.pth
Sat 11 May 2024 00:27:23 INFO  epoch 25 training [time: 76.90s, train loss: 39.4146]
Sat 11 May 2024 00:29:01 INFO  epoch 25 evaluating [time: 98.11s, valid_score: 0.057700]
Sat 11 May 2024 00:29:01 INFO  valid result: 
recall@10 : 0.0312    mrr@10 : 0.0577    ndcg@10 : 0.0285    hit@10 : 0.1553    map@10 : 0.0128    precision@10 : 0.0184    gauc : 0.9492    itemcoverage@10 : 0.1822    averagepopularity@10 : 169.2946    giniindex@10 : 0.9679    shannonentropy@10 : 0.0008    tailpercentage@10 : 0.0009
Sat 11 May 2024 00:29:03 INFO  Saving current: saved/amazon_books_60core_kg/NGCF/NGCF-May-10-2024_23-13-04.pth
Sat 11 May 2024 00:30:19 INFO  epoch 26 training [time: 76.70s, train loss: 37.8518]
Sat 11 May 2024 00:31:55 INFO  epoch 26 evaluating [time: 95.76s, valid_score: 0.058600]
Sat 11 May 2024 00:31:55 INFO  valid result: 
recall@10 : 0.0315    mrr@10 : 0.0586    ndcg@10 : 0.0288    hit@10 : 0.1585    map@10 : 0.0129    precision@10 : 0.0188    gauc : 0.9494    itemcoverage@10 : 0.1881    averagepopularity@10 : 164.0189    giniindex@10 : 0.9657    shannonentropy@10 : 0.0007    tailpercentage@10 : 0.0006
Sat 11 May 2024 00:31:56 INFO  Saving current: saved/amazon_books_60core_kg/NGCF/NGCF-May-10-2024_23-13-04.pth
Sat 11 May 2024 00:33:13 INFO  epoch 27 training [time: 76.91s, train loss: 36.4887]
Sat 11 May 2024 00:34:51 INFO  epoch 27 evaluating [time: 97.89s, valid_score: 0.059500]
Sat 11 May 2024 00:34:51 INFO  valid result: 
recall@10 : 0.0326    mrr@10 : 0.0595    ndcg@10 : 0.0293    hit@10 : 0.1598    map@10 : 0.013    precision@10 : 0.0191    gauc : 0.9497    itemcoverage@10 : 0.1957    averagepopularity@10 : 161.7943    giniindex@10 : 0.9635    shannonentropy@10 : 0.0007    tailpercentage@10 : 0.0007
Sat 11 May 2024 00:34:52 INFO  Saving current: saved/amazon_books_60core_kg/NGCF/NGCF-May-10-2024_23-13-04.pth
Sat 11 May 2024 00:36:09 INFO  epoch 28 training [time: 77.02s, train loss: 35.1215]
Sat 11 May 2024 00:37:45 INFO  epoch 28 evaluating [time: 95.76s, valid_score: 0.058600]
Sat 11 May 2024 00:37:45 INFO  valid result: 
recall@10 : 0.0325    mrr@10 : 0.0586    ndcg@10 : 0.0291    hit@10 : 0.1598    map@10 : 0.013    precision@10 : 0.0191    gauc : 0.9496    itemcoverage@10 : 0.2037    averagepopularity@10 : 158.9972    giniindex@10 : 0.9611    shannonentropy@10 : 0.0007    tailpercentage@10 : 0.0006
Sat 11 May 2024 00:39:02 INFO  epoch 29 training [time: 76.94s, train loss: 33.8754]
Sat 11 May 2024 00:40:41 INFO  epoch 29 evaluating [time: 98.75s, valid_score: 0.058700]
Sat 11 May 2024 00:40:41 INFO  valid result: 
recall@10 : 0.0333    mrr@10 : 0.0587    ndcg@10 : 0.0295    hit@10 : 0.1625    map@10 : 0.0132    precision@10 : 0.0193    gauc : 0.9498    itemcoverage@10 : 0.2084    averagepopularity@10 : 156.3076    giniindex@10 : 0.9594    shannonentropy@10 : 0.0007    tailpercentage@10 : 0.0005
Sat 11 May 2024 00:41:57 INFO  epoch 30 training [time: 76.69s, train loss: 32.7891]
Sat 11 May 2024 00:43:33 INFO  epoch 30 evaluating [time: 95.85s, valid_score: 0.060200]
Sat 11 May 2024 00:43:33 INFO  valid result: 
recall@10 : 0.0337    mrr@10 : 0.0602    ndcg@10 : 0.0301    hit@10 : 0.1629    map@10 : 0.0137    precision@10 : 0.0195    gauc : 0.9501    itemcoverage@10 : 0.2151    averagepopularity@10 : 154.3031    giniindex@10 : 0.957    shannonentropy@10 : 0.0007    tailpercentage@10 : 0.0004
Sat 11 May 2024 00:43:34 INFO  Saving current: saved/amazon_books_60core_kg/NGCF/NGCF-May-10-2024_23-13-04.pth
Sat 11 May 2024 00:44:51 INFO  epoch 31 training [time: 76.89s, train loss: 31.5687]
Sat 11 May 2024 00:46:29 INFO  epoch 31 evaluating [time: 97.43s, valid_score: 0.061100]
Sat 11 May 2024 00:46:29 INFO  valid result: 
recall@10 : 0.0333    mrr@10 : 0.0611    ndcg@10 : 0.0303    hit@10 : 0.1621    map@10 : 0.0138    precision@10 : 0.0194    gauc : 0.9501    itemcoverage@10 : 0.2202    averagepopularity@10 : 153.1514    giniindex@10 : 0.9548    shannonentropy@10 : 0.0007    tailpercentage@10 : 0.0004
Sat 11 May 2024 00:46:30 INFO  Saving current: saved/amazon_books_60core_kg/NGCF/NGCF-May-10-2024_23-13-04.pth
Sat 11 May 2024 00:47:47 INFO  epoch 32 training [time: 77.19s, train loss: 30.6291]
Sat 11 May 2024 00:49:25 INFO  epoch 32 evaluating [time: 98.07s, valid_score: 0.062000]
Sat 11 May 2024 00:49:25 INFO  valid result: 
recall@10 : 0.0338    mrr@10 : 0.062    ndcg@10 : 0.0305    hit@10 : 0.165    map@10 : 0.0138    precision@10 : 0.0196    gauc : 0.95    itemcoverage@10 : 0.2267    averagepopularity@10 : 150.5088    giniindex@10 : 0.953    shannonentropy@10 : 0.0006    tailpercentage@10 : 0.0005
Sat 11 May 2024 00:49:27 INFO  Saving current: saved/amazon_books_60core_kg/NGCF/NGCF-May-10-2024_23-13-04.pth
Sat 11 May 2024 00:50:43 INFO  epoch 33 training [time: 76.82s, train loss: 29.7066]
Sat 11 May 2024 00:52:21 INFO  epoch 33 evaluating [time: 97.63s, valid_score: 0.062300]
Sat 11 May 2024 00:52:21 INFO  valid result: 
recall@10 : 0.0334    mrr@10 : 0.0623    ndcg@10 : 0.0306    hit@10 : 0.1644    map@10 : 0.0139    precision@10 : 0.0196    gauc : 0.9502    itemcoverage@10 : 0.2315    averagepopularity@10 : 149.5927    giniindex@10 : 0.9519    shannonentropy@10 : 0.0006    tailpercentage@10 : 0.0005
Sat 11 May 2024 00:52:22 INFO  Saving current: saved/amazon_books_60core_kg/NGCF/NGCF-May-10-2024_23-13-04.pth
Sat 11 May 2024 00:53:39 INFO  epoch 34 training [time: 76.76s, train loss: 29.1010]
Sat 11 May 2024 00:55:15 INFO  epoch 34 evaluating [time: 95.73s, valid_score: 0.062800]
Sat 11 May 2024 00:55:15 INFO  valid result: 
recall@10 : 0.0344    mrr@10 : 0.0628    ndcg@10 : 0.0311    hit@10 : 0.1667    map@10 : 0.0142    precision@10 : 0.02    gauc : 0.9501    itemcoverage@10 : 0.2412    averagepopularity@10 : 147.4561    giniindex@10 : 0.9485    shannonentropy@10 : 0.0006    tailpercentage@10 : 0.0004
Sat 11 May 2024 00:55:16 INFO  Saving current: saved/amazon_books_60core_kg/NGCF/NGCF-May-10-2024_23-13-04.pth
Sat 11 May 2024 00:56:33 INFO  epoch 35 training [time: 76.86s, train loss: 28.2850]
Sat 11 May 2024 00:58:10 INFO  epoch 35 evaluating [time: 96.83s, valid_score: 0.063300]
Sat 11 May 2024 00:58:10 INFO  valid result: 
recall@10 : 0.0347    mrr@10 : 0.0633    ndcg@10 : 0.0314    hit@10 : 0.169    map@10 : 0.0143    precision@10 : 0.0202    gauc : 0.9501    itemcoverage@10 : 0.2486    averagepopularity@10 : 146.0614    giniindex@10 : 0.9466    shannonentropy@10 : 0.0006    tailpercentage@10 : 0.0004
Sat 11 May 2024 00:58:11 INFO  Saving current: saved/amazon_books_60core_kg/NGCF/NGCF-May-10-2024_23-13-04.pth
Sat 11 May 2024 00:59:28 INFO  epoch 36 training [time: 76.73s, train loss: 27.6143]
Sat 11 May 2024 01:01:04 INFO  epoch 36 evaluating [time: 96.99s, valid_score: 0.063400]
Sat 11 May 2024 01:01:04 INFO  valid result: 
recall@10 : 0.0352    mrr@10 : 0.0634    ndcg@10 : 0.0316    hit@10 : 0.1714    map@10 : 0.0142    precision@10 : 0.0205    gauc : 0.9502    itemcoverage@10 : 0.2529    averagepopularity@10 : 142.7364    giniindex@10 : 0.9439    shannonentropy@10 : 0.0006    tailpercentage@10 : 0.0004
Sat 11 May 2024 01:01:06 INFO  Saving current: saved/amazon_books_60core_kg/NGCF/NGCF-May-10-2024_23-13-04.pth
Sat 11 May 2024 01:02:22 INFO  epoch 37 training [time: 76.73s, train loss: 26.6614]
Sat 11 May 2024 01:04:00 INFO  epoch 37 evaluating [time: 97.31s, valid_score: 0.064100]
Sat 11 May 2024 01:04:00 INFO  valid result: 
recall@10 : 0.0354    mrr@10 : 0.0641    ndcg@10 : 0.0318    hit@10 : 0.1699    map@10 : 0.0144    precision@10 : 0.0203    gauc : 0.9498    itemcoverage@10 : 0.26    averagepopularity@10 : 142.3099    giniindex@10 : 0.942    shannonentropy@10 : 0.0006    tailpercentage@10 : 0.0004
Sat 11 May 2024 01:04:01 INFO  Saving current: saved/amazon_books_60core_kg/NGCF/NGCF-May-10-2024_23-13-04.pth
Sat 11 May 2024 01:05:18 INFO  epoch 38 training [time: 76.89s, train loss: 26.1338]
Sat 11 May 2024 01:06:53 INFO  epoch 38 evaluating [time: 95.53s, valid_score: 0.063000]
Sat 11 May 2024 01:06:53 INFO  valid result: 
recall@10 : 0.0349    mrr@10 : 0.063    ndcg@10 : 0.0314    hit@10 : 0.1705    map@10 : 0.0142    precision@10 : 0.0204    gauc : 0.95    itemcoverage@10 : 0.2619    averagepopularity@10 : 142.4636    giniindex@10 : 0.9409    shannonentropy@10 : 0.0006    tailpercentage@10 : 0.0004
Sat 11 May 2024 01:08:10 INFO  epoch 39 training [time: 76.88s, train loss: 25.5178]
Sat 11 May 2024 01:09:47 INFO  epoch 39 evaluating [time: 96.37s, valid_score: 0.063200]
Sat 11 May 2024 01:09:47 INFO  valid result: 
recall@10 : 0.035    mrr@10 : 0.0632    ndcg@10 : 0.0314    hit@10 : 0.1732    map@10 : 0.014    precision@10 : 0.0207    gauc : 0.9502    itemcoverage@10 : 0.2651    averagepopularity@10 : 140.8229    giniindex@10 : 0.9396    shannonentropy@10 : 0.0006    tailpercentage@10 : 0.0004
Sat 11 May 2024 01:11:03 INFO  epoch 40 training [time: 76.87s, train loss: 24.7688]
Sat 11 May 2024 01:12:41 INFO  epoch 40 evaluating [time: 97.67s, valid_score: 0.063700]
Sat 11 May 2024 01:12:41 INFO  valid result: 
recall@10 : 0.035    mrr@10 : 0.0637    ndcg@10 : 0.0316    hit@10 : 0.1698    map@10 : 0.0144    precision@10 : 0.0204    gauc : 0.9501    itemcoverage@10 : 0.2699    averagepopularity@10 : 139.0145    giniindex@10 : 0.9383    shannonentropy@10 : 0.0006    tailpercentage@10 : 0.0005
Sat 11 May 2024 01:13:58 INFO  epoch 41 training [time: 76.87s, train loss: 24.2692]
Sat 11 May 2024 01:15:35 INFO  epoch 41 evaluating [time: 97.21s, valid_score: 0.065000]
Sat 11 May 2024 01:15:35 INFO  valid result: 
recall@10 : 0.036    mrr@10 : 0.065    ndcg@10 : 0.0322    hit@10 : 0.173    map@10 : 0.0145    precision@10 : 0.0207    gauc : 0.95    itemcoverage@10 : 0.277    averagepopularity@10 : 138.4036    giniindex@10 : 0.936    shannonentropy@10 : 0.0005    tailpercentage@10 : 0.0004
Sat 11 May 2024 01:15:36 INFO  Saving current: saved/amazon_books_60core_kg/NGCF/NGCF-May-10-2024_23-13-04.pth
Sat 11 May 2024 01:16:53 INFO  epoch 42 training [time: 76.87s, train loss: 23.7051]
Sat 11 May 2024 01:18:31 INFO  epoch 42 evaluating [time: 97.69s, valid_score: 0.064800]
Sat 11 May 2024 01:18:31 INFO  valid result: 
recall@10 : 0.0354    mrr@10 : 0.0648    ndcg@10 : 0.0319    hit@10 : 0.1717    map@10 : 0.0144    precision@10 : 0.0205    gauc : 0.9501    itemcoverage@10 : 0.278    averagepopularity@10 : 135.0928    giniindex@10 : 0.9346    shannonentropy@10 : 0.0005    tailpercentage@10 : 0.0004
Sat 11 May 2024 01:19:48 INFO  epoch 43 training [time: 76.76s, train loss: 23.3316]
Sat 11 May 2024 01:21:24 INFO  epoch 43 evaluating [time: 95.86s, valid_score: 0.064100]
Sat 11 May 2024 01:21:24 INFO  valid result: 
recall@10 : 0.0357    mrr@10 : 0.0641    ndcg@10 : 0.032    hit@10 : 0.1738    map@10 : 0.0144    precision@10 : 0.0209    gauc : 0.95    itemcoverage@10 : 0.2829    averagepopularity@10 : 135.6346    giniindex@10 : 0.9332    shannonentropy@10 : 0.0005    tailpercentage@10 : 0.0004
Sat 11 May 2024 01:22:40 INFO  epoch 44 training [time: 76.82s, train loss: 22.8811]
Sat 11 May 2024 01:24:18 INFO  epoch 44 evaluating [time: 97.52s, valid_score: 0.064400]
Sat 11 May 2024 01:24:18 INFO  valid result: 
recall@10 : 0.0355    mrr@10 : 0.0644    ndcg@10 : 0.0318    hit@10 : 0.1738    map@10 : 0.0142    precision@10 : 0.0208    gauc : 0.95    itemcoverage@10 : 0.2878    averagepopularity@10 : 130.5668    giniindex@10 : 0.931    shannonentropy@10 : 0.0005    tailpercentage@10 : 0.0004
Sat 11 May 2024 01:25:35 INFO  epoch 45 training [time: 76.85s, train loss: 22.2677]
Sat 11 May 2024 01:27:11 INFO  epoch 45 evaluating [time: 95.99s, valid_score: 0.064200]
Sat 11 May 2024 01:27:11 INFO  valid result: 
recall@10 : 0.0356    mrr@10 : 0.0642    ndcg@10 : 0.0317    hit@10 : 0.1732    map@10 : 0.0141    precision@10 : 0.0207    gauc : 0.9501    itemcoverage@10 : 0.2917    averagepopularity@10 : 128.6385    giniindex@10 : 0.929    shannonentropy@10 : 0.0005    tailpercentage@10 : 0.0004
Sat 11 May 2024 01:28:28 INFO  epoch 46 training [time: 76.84s, train loss: 22.1213]
Sat 11 May 2024 01:30:03 INFO  epoch 46 evaluating [time: 95.93s, valid_score: 0.064100]
Sat 11 May 2024 01:30:03 INFO  valid result: 
recall@10 : 0.0357    mrr@10 : 0.0641    ndcg@10 : 0.0319    hit@10 : 0.1737    map@10 : 0.0142    precision@10 : 0.0208    gauc : 0.9499    itemcoverage@10 : 0.295    averagepopularity@10 : 128.5252    giniindex@10 : 0.9278    shannonentropy@10 : 0.0005    tailpercentage@10 : 0.0004
Sat 11 May 2024 01:31:20 INFO  epoch 47 training [time: 76.81s, train loss: 21.4257]
Sat 11 May 2024 01:32:58 INFO  epoch 47 evaluating [time: 97.45s, valid_score: 0.064000]
Sat 11 May 2024 01:32:58 INFO  valid result: 
recall@10 : 0.0354    mrr@10 : 0.064    ndcg@10 : 0.0319    hit@10 : 0.1719    map@10 : 0.0144    precision@10 : 0.0207    gauc : 0.9499    itemcoverage@10 : 0.2969    averagepopularity@10 : 129.0653    giniindex@10 : 0.9274    shannonentropy@10 : 0.0005    tailpercentage@10 : 0.0005
Sat 11 May 2024 01:34:15 INFO  epoch 48 training [time: 76.75s, train loss: 21.1036]
Sat 11 May 2024 01:35:51 INFO  epoch 48 evaluating [time: 96.02s, valid_score: 0.064200]
Sat 11 May 2024 01:35:51 INFO  valid result: 
recall@10 : 0.0353    mrr@10 : 0.0642    ndcg@10 : 0.0318    hit@10 : 0.1718    map@10 : 0.0144    precision@10 : 0.0205    gauc : 0.95    itemcoverage@10 : 0.302    averagepopularity@10 : 127.8816    giniindex@10 : 0.925    shannonentropy@10 : 0.0005    tailpercentage@10 : 0.0004
Sat 11 May 2024 01:37:07 INFO  epoch 49 training [time: 76.91s, train loss: 20.7482]
Sat 11 May 2024 01:38:44 INFO  epoch 49 evaluating [time: 96.88s, valid_score: 0.063800]
Sat 11 May 2024 01:38:44 INFO  valid result: 
recall@10 : 0.0363    mrr@10 : 0.0638    ndcg@10 : 0.0321    hit@10 : 0.1728    map@10 : 0.0145    precision@10 : 0.0208    gauc : 0.95    itemcoverage@10 : 0.3043    averagepopularity@10 : 129.0996    giniindex@10 : 0.9239    shannonentropy@10 : 0.0005    tailpercentage@10 : 0.0004
Sat 11 May 2024 01:40:01 INFO  epoch 50 training [time: 76.82s, train loss: 20.2460]
Sat 11 May 2024 01:41:39 INFO  epoch 50 evaluating [time: 97.70s, valid_score: 0.064300]
Sat 11 May 2024 01:41:39 INFO  valid result: 
recall@10 : 0.0364    mrr@10 : 0.0643    ndcg@10 : 0.0323    hit@10 : 0.1741    map@10 : 0.0146    precision@10 : 0.021    gauc : 0.95    itemcoverage@10 : 0.3096    averagepopularity@10 : 127.464    giniindex@10 : 0.9218    shannonentropy@10 : 0.0005    tailpercentage@10 : 0.0005
Sat 11 May 2024 01:42:56 INFO  epoch 51 training [time: 76.80s, train loss: 19.9633]
Sat 11 May 2024 01:44:33 INFO  epoch 51 evaluating [time: 97.03s, valid_score: 0.064900]
Sat 11 May 2024 01:44:33 INFO  valid result: 
recall@10 : 0.0368    mrr@10 : 0.0649    ndcg@10 : 0.0326    hit@10 : 0.1747    map@10 : 0.0147    precision@10 : 0.0211    gauc : 0.9499    itemcoverage@10 : 0.3093    averagepopularity@10 : 126.3295    giniindex@10 : 0.9213    shannonentropy@10 : 0.0005    tailpercentage@10 : 0.0004
Sat 11 May 2024 01:45:49 INFO  epoch 52 training [time: 76.78s, train loss: 19.6295]
Sat 11 May 2024 01:47:27 INFO  epoch 52 evaluating [time: 97.66s, valid_score: 0.066200]
Sat 11 May 2024 01:47:27 INFO  valid result: 
recall@10 : 0.0366    mrr@10 : 0.0662    ndcg@10 : 0.033    hit@10 : 0.1765    map@10 : 0.015    precision@10 : 0.0212    gauc : 0.9499    itemcoverage@10 : 0.3141    averagepopularity@10 : 124.8473    giniindex@10 : 0.92    shannonentropy@10 : 0.0005    tailpercentage@10 : 0.0004
Sat 11 May 2024 01:47:28 INFO  Saving current: saved/amazon_books_60core_kg/NGCF/NGCF-May-10-2024_23-13-04.pth
Sat 11 May 2024 01:48:45 INFO  epoch 53 training [time: 76.90s, train loss: 19.3266]
Sat 11 May 2024 01:50:24 INFO  epoch 53 evaluating [time: 99.13s, valid_score: 0.065300]
Sat 11 May 2024 01:50:24 INFO  valid result: 
recall@10 : 0.0366    mrr@10 : 0.0653    ndcg@10 : 0.0327    hit@10 : 0.1773    map@10 : 0.0147    precision@10 : 0.0214    gauc : 0.9499    itemcoverage@10 : 0.3172    averagepopularity@10 : 123.5234    giniindex@10 : 0.9185    shannonentropy@10 : 0.0005    tailpercentage@10 : 0.0005
Sat 11 May 2024 01:51:41 INFO  epoch 54 training [time: 76.72s, train loss: 18.9381]
Sat 11 May 2024 01:53:17 INFO  epoch 54 evaluating [time: 95.76s, valid_score: 0.065100]
Sat 11 May 2024 01:53:17 INFO  valid result: 
recall@10 : 0.0362    mrr@10 : 0.0651    ndcg@10 : 0.0325    hit@10 : 0.1745    map@10 : 0.0147    precision@10 : 0.021    gauc : 0.9498    itemcoverage@10 : 0.3198    averagepopularity@10 : 122.9562    giniindex@10 : 0.9174    shannonentropy@10 : 0.0005    tailpercentage@10 : 0.0005
Sat 11 May 2024 01:54:34 INFO  epoch 55 training [time: 76.69s, train loss: 18.6841]
Sat 11 May 2024 01:56:10 INFO  epoch 55 evaluating [time: 96.13s, valid_score: 0.065800]
Sat 11 May 2024 01:56:10 INFO  valid result: 
recall@10 : 0.0365    mrr@10 : 0.0658    ndcg@10 : 0.033    hit@10 : 0.1749    map@10 : 0.015    precision@10 : 0.0212    gauc : 0.9499    itemcoverage@10 : 0.3237    averagepopularity@10 : 120.4513    giniindex@10 : 0.9149    shannonentropy@10 : 0.0005    tailpercentage@10 : 0.0004
Sat 11 May 2024 01:57:26 INFO  epoch 56 training [time: 76.77s, train loss: 18.4355]
Sat 11 May 2024 01:59:03 INFO  epoch 56 evaluating [time: 96.23s, valid_score: 0.066000]
Sat 11 May 2024 01:59:03 INFO  valid result: 
recall@10 : 0.0369    mrr@10 : 0.066    ndcg@10 : 0.0331    hit@10 : 0.1759    map@10 : 0.015    precision@10 : 0.0214    gauc : 0.9499    itemcoverage@10 : 0.3266    averagepopularity@10 : 120.9876    giniindex@10 : 0.9143    shannonentropy@10 : 0.0005    tailpercentage@10 : 0.0004
Sat 11 May 2024 02:00:19 INFO  epoch 57 training [time: 76.84s, train loss: 18.0822]
Sat 11 May 2024 02:01:59 INFO  epoch 57 evaluating [time: 99.03s, valid_score: 0.065600]
Sat 11 May 2024 02:01:59 INFO  valid result: 
recall@10 : 0.0366    mrr@10 : 0.0656    ndcg@10 : 0.033    hit@10 : 0.1764    map@10 : 0.015    precision@10 : 0.0214    gauc : 0.9498    itemcoverage@10 : 0.3298    averagepopularity@10 : 120.926    giniindex@10 : 0.9133    shannonentropy@10 : 0.0005    tailpercentage@10 : 0.0004
Sat 11 May 2024 02:03:15 INFO  epoch 58 training [time: 76.86s, train loss: 17.6652]
Sat 11 May 2024 02:04:53 INFO  epoch 58 evaluating [time: 98.03s, valid_score: 0.065100]
Sat 11 May 2024 02:04:53 INFO  valid result: 
recall@10 : 0.0365    mrr@10 : 0.0651    ndcg@10 : 0.0326    hit@10 : 0.1724    map@10 : 0.0148    precision@10 : 0.0211    gauc : 0.9497    itemcoverage@10 : 0.3336    averagepopularity@10 : 120.7616    giniindex@10 : 0.9118    shannonentropy@10 : 0.0005    tailpercentage@10 : 0.0005
Sat 11 May 2024 02:06:10 INFO  epoch 59 training [time: 76.74s, train loss: 17.4611]
Sat 11 May 2024 02:07:47 INFO  epoch 59 evaluating [time: 96.86s, valid_score: 0.066000]
Sat 11 May 2024 02:07:47 INFO  valid result: 
recall@10 : 0.0369    mrr@10 : 0.066    ndcg@10 : 0.033    hit@10 : 0.1749    map@10 : 0.015    precision@10 : 0.0213    gauc : 0.9497    itemcoverage@10 : 0.3356    averagepopularity@10 : 119.6773    giniindex@10 : 0.9109    shannonentropy@10 : 0.0005    tailpercentage@10 : 0.0005
Sat 11 May 2024 02:09:04 INFO  epoch 60 training [time: 76.76s, train loss: 17.3441]
Sat 11 May 2024 02:10:40 INFO  epoch 60 evaluating [time: 96.26s, valid_score: 0.066800]
Sat 11 May 2024 02:10:40 INFO  valid result: 
recall@10 : 0.0371    mrr@10 : 0.0668    ndcg@10 : 0.0334    hit@10 : 0.177    map@10 : 0.0153    precision@10 : 0.0215    gauc : 0.9496    itemcoverage@10 : 0.3392    averagepopularity@10 : 117.7035    giniindex@10 : 0.9095    shannonentropy@10 : 0.0005    tailpercentage@10 : 0.0005
Sat 11 May 2024 02:10:41 INFO  Saving current: saved/amazon_books_60core_kg/NGCF/NGCF-May-10-2024_23-13-04.pth
Sat 11 May 2024 02:11:58 INFO  epoch 61 training [time: 76.77s, train loss: 17.1841]
Sat 11 May 2024 02:13:35 INFO  epoch 61 evaluating [time: 96.83s, valid_score: 0.067000]
Sat 11 May 2024 02:13:35 INFO  valid result: 
recall@10 : 0.0373    mrr@10 : 0.067    ndcg@10 : 0.0334    hit@10 : 0.177    map@10 : 0.0153    precision@10 : 0.0214    gauc : 0.9497    itemcoverage@10 : 0.3422    averagepopularity@10 : 116.8514    giniindex@10 : 0.9078    shannonentropy@10 : 0.0005    tailpercentage@10 : 0.0005
Sat 11 May 2024 02:13:36 INFO  Saving current: saved/amazon_books_60core_kg/NGCF/NGCF-May-10-2024_23-13-04.pth
Sat 11 May 2024 02:14:53 INFO  epoch 62 training [time: 76.73s, train loss: 16.5673]
Sat 11 May 2024 02:16:30 INFO  epoch 62 evaluating [time: 97.04s, valid_score: 0.065800]
Sat 11 May 2024 02:16:30 INFO  valid result: 
recall@10 : 0.0376    mrr@10 : 0.0658    ndcg@10 : 0.0332    hit@10 : 0.1769    map@10 : 0.015    precision@10 : 0.0214    gauc : 0.9497    itemcoverage@10 : 0.34    averagepopularity@10 : 117.0866    giniindex@10 : 0.9077    shannonentropy@10 : 0.0005    tailpercentage@10 : 0.0005
Sat 11 May 2024 02:17:47 INFO  epoch 63 training [time: 76.73s, train loss: 16.6769]
Sat 11 May 2024 02:19:24 INFO  epoch 63 evaluating [time: 97.18s, valid_score: 0.065800]
Sat 11 May 2024 02:19:24 INFO  valid result: 
recall@10 : 0.037    mrr@10 : 0.0658    ndcg@10 : 0.0331    hit@10 : 0.1751    map@10 : 0.0151    precision@10 : 0.0212    gauc : 0.9496    itemcoverage@10 : 0.3491    averagepopularity@10 : 113.2547    giniindex@10 : 0.9031    shannonentropy@10 : 0.0005    tailpercentage@10 : 0.0005
Sat 11 May 2024 02:20:41 INFO  epoch 64 training [time: 76.89s, train loss: 16.4351]
Sat 11 May 2024 02:22:17 INFO  epoch 64 evaluating [time: 96.23s, valid_score: 0.067300]
Sat 11 May 2024 02:22:17 INFO  valid result: 
recall@10 : 0.0371    mrr@10 : 0.0673    ndcg@10 : 0.0335    hit@10 : 0.1769    map@10 : 0.0154    precision@10 : 0.0212    gauc : 0.9496    itemcoverage@10 : 0.3485    averagepopularity@10 : 114.526    giniindex@10 : 0.9035    shannonentropy@10 : 0.0005    tailpercentage@10 : 0.0005
Sat 11 May 2024 02:22:18 INFO  Saving current: saved/amazon_books_60core_kg/NGCF/NGCF-May-10-2024_23-13-04.pth
Sat 11 May 2024 02:23:35 INFO  epoch 65 training [time: 76.70s, train loss: 15.9012]
Sat 11 May 2024 02:25:12 INFO  epoch 65 evaluating [time: 97.43s, valid_score: 0.066400]
Sat 11 May 2024 02:25:12 INFO  valid result: 
recall@10 : 0.0369    mrr@10 : 0.0664    ndcg@10 : 0.0332    hit@10 : 0.1767    map@10 : 0.0152    precision@10 : 0.0213    gauc : 0.9496    itemcoverage@10 : 0.3503    averagepopularity@10 : 115.9759    giniindex@10 : 0.9031    shannonentropy@10 : 0.0005    tailpercentage@10 : 0.0005
Sat 11 May 2024 02:26:29 INFO  epoch 66 training [time: 76.93s, train loss: 15.7856]
Sat 11 May 2024 02:28:07 INFO  epoch 66 evaluating [time: 98.19s, valid_score: 0.065400]
Sat 11 May 2024 02:28:07 INFO  valid result: 
recall@10 : 0.0367    mrr@10 : 0.0654    ndcg@10 : 0.0329    hit@10 : 0.1753    map@10 : 0.015    precision@10 : 0.0213    gauc : 0.9495    itemcoverage@10 : 0.3525    averagepopularity@10 : 114.5302    giniindex@10 : 0.9018    shannonentropy@10 : 0.0005    tailpercentage@10 : 0.0005
Sat 11 May 2024 02:29:24 INFO  epoch 67 training [time: 76.76s, train loss: 15.5911]
Sat 11 May 2024 02:31:00 INFO  epoch 67 evaluating [time: 95.61s, valid_score: 0.066500]
Sat 11 May 2024 02:31:00 INFO  valid result: 
recall@10 : 0.0373    mrr@10 : 0.0665    ndcg@10 : 0.0335    hit@10 : 0.1767    map@10 : 0.0154    precision@10 : 0.0215    gauc : 0.9495    itemcoverage@10 : 0.3548    averagepopularity@10 : 113.5982    giniindex@10 : 0.9013    shannonentropy@10 : 0.0004    tailpercentage@10 : 0.0005
Sat 11 May 2024 02:32:17 INFO  epoch 68 training [time: 76.86s, train loss: 15.4702]
Sat 11 May 2024 02:33:55 INFO  epoch 68 evaluating [time: 98.89s, valid_score: 0.067200]
Sat 11 May 2024 02:33:55 INFO  valid result: 
recall@10 : 0.0383    mrr@10 : 0.0672    ndcg@10 : 0.0341    hit@10 : 0.1793    map@10 : 0.0156    precision@10 : 0.0218    gauc : 0.9494    itemcoverage@10 : 0.3575    averagepopularity@10 : 112.171    giniindex@10 : 0.8997    shannonentropy@10 : 0.0004    tailpercentage@10 : 0.0006
Sat 11 May 2024 02:35:12 INFO  epoch 69 training [time: 76.61s, train loss: 15.2345]
Sat 11 May 2024 02:36:48 INFO  epoch 69 evaluating [time: 95.85s, valid_score: 0.066500]
Sat 11 May 2024 02:36:48 INFO  valid result: 
recall@10 : 0.038    mrr@10 : 0.0665    ndcg@10 : 0.0337    hit@10 : 0.1778    map@10 : 0.0154    precision@10 : 0.0217    gauc : 0.9494    itemcoverage@10 : 0.3583    averagepopularity@10 : 111.3886    giniindex@10 : 0.8991    shannonentropy@10 : 0.0004    tailpercentage@10 : 0.0005
Sat 11 May 2024 02:38:05 INFO  epoch 70 training [time: 76.75s, train loss: 15.0083]
Sat 11 May 2024 02:39:43 INFO  epoch 70 evaluating [time: 98.20s, valid_score: 0.066900]
Sat 11 May 2024 02:39:43 INFO  valid result: 
recall@10 : 0.0384    mrr@10 : 0.0669    ndcg@10 : 0.034    hit@10 : 0.18    map@10 : 0.0155    precision@10 : 0.022    gauc : 0.9493    itemcoverage@10 : 0.3607    averagepopularity@10 : 111.9657    giniindex@10 : 0.8986    shannonentropy@10 : 0.0004    tailpercentage@10 : 0.0005
Sat 11 May 2024 02:41:00 INFO  epoch 71 training [time: 77.08s, train loss: 14.7788]
Sat 11 May 2024 02:42:36 INFO  epoch 71 evaluating [time: 95.77s, valid_score: 0.065600]
Sat 11 May 2024 02:42:36 INFO  valid result: 
recall@10 : 0.0382    mrr@10 : 0.0656    ndcg@10 : 0.0337    hit@10 : 0.1785    map@10 : 0.0154    precision@10 : 0.0217    gauc : 0.9493    itemcoverage@10 : 0.3632    averagepopularity@10 : 112.4775    giniindex@10 : 0.8983    shannonentropy@10 : 0.0004    tailpercentage@10 : 0.0006
Sat 11 May 2024 02:43:52 INFO  epoch 72 training [time: 76.81s, train loss: 14.4512]
Sat 11 May 2024 02:45:30 INFO  epoch 72 evaluating [time: 97.95s, valid_score: 0.066200]
Sat 11 May 2024 02:45:30 INFO  valid result: 
recall@10 : 0.0381    mrr@10 : 0.0662    ndcg@10 : 0.0337    hit@10 : 0.178    map@10 : 0.0153    precision@10 : 0.0216    gauc : 0.9493    itemcoverage@10 : 0.3644    averagepopularity@10 : 111.6252    giniindex@10 : 0.8971    shannonentropy@10 : 0.0004    tailpercentage@10 : 0.0006
Sat 11 May 2024 02:46:47 INFO  epoch 73 training [time: 76.70s, train loss: 14.4465]
Sat 11 May 2024 02:48:23 INFO  epoch 73 evaluating [time: 95.80s, valid_score: 0.066400]
Sat 11 May 2024 02:48:23 INFO  valid result: 
recall@10 : 0.0379    mrr@10 : 0.0664    ndcg@10 : 0.0337    hit@10 : 0.1776    map@10 : 0.0154    precision@10 : 0.0216    gauc : 0.9492    itemcoverage@10 : 0.3664    averagepopularity@10 : 111.1173    giniindex@10 : 0.8959    shannonentropy@10 : 0.0004    tailpercentage@10 : 0.0006
Sat 11 May 2024 02:49:40 INFO  epoch 74 training [time: 76.76s, train loss: 14.2061]
Sat 11 May 2024 02:51:16 INFO  epoch 74 evaluating [time: 95.99s, valid_score: 0.066800]
Sat 11 May 2024 02:51:16 INFO  valid result: 
recall@10 : 0.0381    mrr@10 : 0.0668    ndcg@10 : 0.0339    hit@10 : 0.1792    map@10 : 0.0155    precision@10 : 0.0219    gauc : 0.9491    itemcoverage@10 : 0.3676    averagepopularity@10 : 110.7834    giniindex@10 : 0.8945    shannonentropy@10 : 0.0004    tailpercentage@10 : 0.0006
Sat 11 May 2024 02:52:33 INFO  epoch 75 training [time: 76.86s, train loss: 14.1769]
Sat 11 May 2024 02:54:10 INFO  epoch 75 evaluating [time: 97.12s, valid_score: 0.066100]
Sat 11 May 2024 02:54:10 INFO  valid result: 
recall@10 : 0.0381    mrr@10 : 0.0661    ndcg@10 : 0.0339    hit@10 : 0.1806    map@10 : 0.0155    precision@10 : 0.0219    gauc : 0.9491    itemcoverage@10 : 0.3681    averagepopularity@10 : 110.6628    giniindex@10 : 0.895    shannonentropy@10 : 0.0004    tailpercentage@10 : 0.0006
Sat 11 May 2024 02:54:10 INFO  Finished training, best eval result in epoch 64
Sat 11 May 2024 02:54:10 INFO  Loading model structure and parameters from saved/amazon_books_60core_kg/NGCF/NGCF-May-10-2024_23-13-04.pth
Sat 11 May 2024 02:55:50 INFO  The running environment of this training is as follows:
+-------------+----------------+
| Environment |     Usage      |
+=============+================+
| CPU         |     0.50 %     |
+-------------+----------------+
| GPU         | 0.79 G/11.93 G |
+-------------+----------------+
| Memory      | 2.55 G/31.23 G |
+-------------+----------------+
Sat 11 May 2024 02:55:50 INFO  best valid : OrderedDict([('recall@10', 0.0371), ('mrr@10', 0.0673), ('ndcg@10', 0.0335), ('hit@10', 0.1769), ('map@10', 0.0154), ('precision@10', 0.0212), ('gauc', 0.9496), ('itemcoverage@10', 0.3485), ('averagepopularity@10', 114.526), ('giniindex@10', 0.9035), ('shannonentropy@10', 0.0005), ('tailpercentage@10', 0.0005)])
Sat 11 May 2024 02:55:50 INFO  test result: OrderedDict([('recall@10', 0.0374), ('mrr@10', 0.0688), ('ndcg@10', 0.0339), ('hit@10', 0.1831), ('map@10', 0.0151), ('precision@10', 0.0224), ('gauc', 0.9494), ('itemcoverage@10', 0.3566), ('averagepopularity@10', 113.2036), ('giniindex@10', 0.9011), ('shannonentropy@10', 0.0004), ('tailpercentage@10', 0.0009)])
Sat 11 May 2024 02:55:50 INFO  
General Hyper Parameters:
gpu_id = 0
use_gpu = True
seed = 2020
state = INFO
reproducibility = True
data_path = data/amazon_books_60core_kg
checkpoint_dir = saved/amazon_books_60core_kg/NGCF
show_progress = True
save_dataset = False
dataset_save_path = None
save_dataloaders = False
dataloaders_save_path = None
log_wandb = False

Training Hyper Parameters:
epochs = 200
train_batch_size = 2048
learner = adam
learning_rate = 0.001
train_neg_sample_args = {'distribution': 'uniform', 'sample_num': 1, 'dynamic': False, 'candidate_num': 0, 'alpha': 1.0}
eval_step = 1
stopping_step = 10
clip_grad_norm = None
weight_decay = 0.0
loss_decimal_place = 4

Evaluation Hyper Parameters:
eval_args = {'split': {'RS': [0.8, 0.1, 0.1]}, 'order': 'RO', 'group_by': 'user', 'mode': {'valid': 'full', 'test': 'full'}}
repeatable = False
metrics = ['Recall', 'MRR', 'NDCG', 'Hit', 'MAP', 'Precision', 'GAUC', 'ItemCoverage', 'AveragePopularity', 'GiniIndex', 'ShannonEntropy', 'TailPercentage']
topk = [10]
valid_metric = MRR@10
valid_metric_bigger = True
eval_batch_size = 4096
metric_decimal_place = 4

Dataset Hyper Parameters:
field_separator = 	
seq_separator =  
USER_ID_FIELD = user_id
ITEM_ID_FIELD = item_id
RATING_FIELD = rating
TIME_FIELD = timestamp
seq_len = None
LABEL_FIELD = label
threshold = None
NEG_PREFIX = neg_
load_col = {'inter': ['user_id', 'item_id']}
unload_col = None
unused_col = None
additional_feat_suffix = None
rm_dup_inter = None
val_interval = None
filter_inter_by_user_or_item = True
user_inter_num_interval = [0,inf)
item_inter_num_interval = [0,inf)
alias_of_user_id = None
alias_of_item_id = None
alias_of_entity_id = None
alias_of_relation_id = None
preload_weight = None
normalize_field = None
normalize_all = None
ITEM_LIST_LENGTH_FIELD = item_length
LIST_SUFFIX = _list
MAX_ITEM_LIST_LENGTH = 50
POSITION_FIELD = position_id
HEAD_ENTITY_ID_FIELD = head_id
TAIL_ENTITY_ID_FIELD = tail_id
RELATION_ID_FIELD = relation_id
ENTITY_ID_FIELD = entity_id
benchmark_filename = None

Other Hyper Parameters: 
worker = 0
wandb_project = recbole
shuffle = True
require_pow = False
enable_amp = False
enable_scaler = False
transform = None
embedding_size = 64
hidden_size_list = [64, 64, 64]
node_dropout = 0.0
message_dropout = 0.1
reg_weight = 1e-05
numerical_features = []
discretization = None
kg_reverse_r = False
entity_kg_num_interval = [0,inf)
relation_kg_num_interval = [0,inf)
MODEL_TYPE = ModelType.GENERAL
encoding = utf-8
device = cuda:1
my_log_file = /home/fontana/Tesi/log/carbon_default.log
max_emission_step = -1
MODEL_INPUT_TYPE = InputType.PAIRWISE
eval_type = EvaluatorType.RANKING
single_spec = True
local_rank = 0
valid_neg_sample_args = {'distribution': 'uniform', 'sample_num': 'none'}
test_neg_sample_args = {'distribution': 'uniform', 'sample_num': 'none'}


Sat 11 May 2024 02:55:56 INFO  amazon_books_60core_kg
The number of users: 22156
Average actions of users: 66.16434213495825
The number of items: 54459
Average actions of items: 26.917459326453415
The number of inters: 1465871
The sparsity of the dataset: 99.87851162187994%
Remain Fields: ['user_id', 'item_id']
Sat 11 May 2024 02:56:01 INFO  [Training]: train_batch_size = [2048] train_neg_sample_args: [{'distribution': 'uniform', 'sample_num': 1, 'dynamic': False, 'candidate_num': 0, 'alpha': 1.0}]
Sat 11 May 2024 02:56:01 INFO  [Evaluation]: eval_batch_size = [4096] eval_args: [{'split': {'RS': [0.8, 0.1, 0.1]}, 'order': 'RO', 'group_by': 'user', 'mode': {'valid': 'full', 'test': 'full'}}]
Sat 11 May 2024 02:56:05 INFO  Loading model structure and parameters from saved/amazon_books_60core_kg/NGCF/NGCF-May-10-2024_23-13-04.pth
