Wed 08 May 2024 20:29:32 INFO  ['src/default_tracker2.py', '--dataset=LFM-1b_artist_20U50I_25strat', '--model=LightGCN', '--max_emission_step=7']
Wed 08 May 2024 20:29:32 INFO  
General Hyper Parameters:
gpu_id = 0
use_gpu = True
seed = 2020
state = INFO
reproducibility = True
data_path = data/LFM-1b_artist_20U50I_25strat
checkpoint_dir = saved/LFM-1b_artist_20U50I_25strat/LightGCN
show_progress = True
save_dataset = False
dataset_save_path = None
save_dataloaders = False
dataloaders_save_path = None
log_wandb = False

Training Hyper Parameters:
epochs = 200
train_batch_size = 2048
learner = adam
learning_rate = 0.001
train_neg_sample_args = {'distribution': 'uniform', 'sample_num': 1, 'dynamic': False, 'candidate_num': 0, 'alpha': 1.0}
eval_step = 1
stopping_step = 10
clip_grad_norm = None
weight_decay = 0.0
loss_decimal_place = 4

Evaluation Hyper Parameters:
eval_args = {'split': {'RS': [0.8, 0.1, 0.1]}, 'order': 'RO', 'group_by': 'user', 'mode': {'valid': 'full', 'test': 'full'}}
repeatable = False
metrics = ['Recall', 'MRR', 'NDCG', 'Hit', 'MAP', 'Precision', 'GAUC', 'ItemCoverage', 'AveragePopularity', 'GiniIndex', 'ShannonEntropy', 'TailPercentage']
topk = [10]
valid_metric = MRR@10
valid_metric_bigger = True
eval_batch_size = 4096
metric_decimal_place = 4

Dataset Hyper Parameters:
field_separator = 	
seq_separator =  
USER_ID_FIELD = user_id
ITEM_ID_FIELD = item_id
RATING_FIELD = rating
TIME_FIELD = timestamp
seq_len = None
LABEL_FIELD = label
threshold = None
NEG_PREFIX = neg_
load_col = {'inter': ['user_id', 'item_id']}
unload_col = None
unused_col = None
additional_feat_suffix = None
rm_dup_inter = None
val_interval = None
filter_inter_by_user_or_item = True
user_inter_num_interval = [0,inf)
item_inter_num_interval = [0,inf)
alias_of_user_id = None
alias_of_item_id = None
alias_of_entity_id = None
alias_of_relation_id = None
preload_weight = None
normalize_field = None
normalize_all = None
ITEM_LIST_LENGTH_FIELD = item_length
LIST_SUFFIX = _list
MAX_ITEM_LIST_LENGTH = 50
POSITION_FIELD = position_id
HEAD_ENTITY_ID_FIELD = head_id
TAIL_ENTITY_ID_FIELD = tail_id
RELATION_ID_FIELD = relation_id
ENTITY_ID_FIELD = entity_id
benchmark_filename = None

Other Hyper Parameters: 
worker = 0
wandb_project = recbole
shuffle = True
require_pow = False
enable_amp = False
enable_scaler = False
transform = None
embedding_size = 64
n_layers = 2
reg_weight = 1e-05
numerical_features = []
discretization = None
kg_reverse_r = False
entity_kg_num_interval = [0,inf)
relation_kg_num_interval = [0,inf)
MODEL_TYPE = ModelType.GENERAL
encoding = utf-8
device = cuda:1
my_log_file = /home/fontana/Tesi/log/carbon_default.log
max_emission_step = 7
MODEL_INPUT_TYPE = InputType.PAIRWISE
eval_type = EvaluatorType.RANKING
single_spec = True
local_rank = 0
valid_neg_sample_args = {'distribution': 'uniform', 'sample_num': 'none'}
test_neg_sample_args = {'distribution': 'uniform', 'sample_num': 'none'}


Wed 08 May 2024 20:29:33 INFO  LFM-1b_artist_20U50I_25strat
The number of users: 19842
Average actions of users: 11.01038254120256
The number of items: 24879
Average actions of items: 8.781131923788086
The number of inters: 218457
The sparsity of the dataset: 99.95574650251882%
Remain Fields: ['user_id', 'item_id']
Wed 08 May 2024 20:29:35 INFO  [Training]: train_batch_size = [2048] train_neg_sample_args: [{'distribution': 'uniform', 'sample_num': 1, 'dynamic': False, 'candidate_num': 0, 'alpha': 1.0}]
Wed 08 May 2024 20:29:35 INFO  [Evaluation]: eval_batch_size = [4096] eval_args: [{'split': {'RS': [0.8, 0.1, 0.1]}, 'order': 'RO', 'group_by': 'user', 'mode': {'valid': 'full', 'test': 'full'}}]
Wed 08 May 2024 20:29:39 INFO  LightGCN(
  (user_embedding): Embedding(19842, 64)
  (item_embedding): Embedding(24879, 64)
  (mf_loss): BPRLoss()
  (reg_loss): EmbLoss()
)
Trainable parameters: 2862144
Wed 08 May 2024 20:29:39 INFO  FLOPs: 0.0
Wed 08 May 2024 20:29:46 INFO  epoch 0 training [time: 2.04s, train loss: 54.1825]
Wed 08 May 2024 20:30:39 INFO  epoch 0 evaluating [time: 52.88s, valid_score: 0.034000]
Wed 08 May 2024 20:30:39 INFO  valid result: 
recall@10 : 0.0785    mrr@10 : 0.034    ndcg@10 : 0.0412    hit@10 : 0.0958    map@10 : 0.0276    precision@10 : 0.0097    gauc : 0.8653    itemcoverage@10 : 0.008    averagepopularity@10 : 924.2855    giniindex@10 : 0.9995    shannonentropy@10 : 0.0127    tailpercentage@10 : 0.003
Wed 08 May 2024 20:30:39 INFO  Saving current: saved/LFM-1b_artist_20U50I_25strat/LightGCN/LightGCN-May-08-2024_20-29-39.pth
Wed 08 May 2024 20:30:41 INFO  epoch 1 training [time: 2.08s, train loss: 33.7204]
Wed 08 May 2024 20:31:34 INFO  epoch 1 evaluating [time: 52.85s, valid_score: 0.034000]
Wed 08 May 2024 20:31:34 INFO  valid result: 
recall@10 : 0.0779    mrr@10 : 0.034    ndcg@10 : 0.0411    hit@10 : 0.0956    map@10 : 0.0276    precision@10 : 0.0097    gauc : 0.8658    itemcoverage@10 : 0.0048    averagepopularity@10 : 928.886    giniindex@10 : 0.9996    shannonentropy@10 : 0.021    tailpercentage@10 : 0.0001
Wed 08 May 2024 20:31:34 INFO  Saving current: saved/LFM-1b_artist_20U50I_25strat/LightGCN/LightGCN-May-08-2024_20-29-39.pth
Wed 08 May 2024 20:31:36 INFO  epoch 2 training [time: 1.86s, train loss: 25.4197]
Wed 08 May 2024 20:32:29 INFO  epoch 2 evaluating [time: 53.17s, valid_score: 0.033800]
Wed 08 May 2024 20:32:29 INFO  valid result: 
recall@10 : 0.0773    mrr@10 : 0.0338    ndcg@10 : 0.0408    hit@10 : 0.0948    map@10 : 0.0274    precision@10 : 0.0096    gauc : 0.8658    itemcoverage@10 : 0.0043    averagepopularity@10 : 928.1173    giniindex@10 : 0.9996    shannonentropy@10 : 0.0236    tailpercentage@10 : 0.0015
Wed 08 May 2024 20:32:31 INFO  epoch 3 training [time: 1.95s, train loss: 23.1423]
Wed 08 May 2024 20:33:24 INFO  epoch 3 evaluating [time: 53.09s, valid_score: 0.033800]
Wed 08 May 2024 20:33:24 INFO  valid result: 
recall@10 : 0.0773    mrr@10 : 0.0338    ndcg@10 : 0.0408    hit@10 : 0.0949    map@10 : 0.0274    precision@10 : 0.0096    gauc : 0.8658    itemcoverage@10 : 0.0033    averagepopularity@10 : 927.6242    giniindex@10 : 0.9996    shannonentropy@10 : 0.0305    tailpercentage@10 : 0.0007
Wed 08 May 2024 20:33:26 INFO  epoch 4 training [time: 2.10s, train loss: 22.0637]
Wed 08 May 2024 20:34:20 INFO  epoch 4 evaluating [time: 53.23s, valid_score: 0.033800]
Wed 08 May 2024 20:34:20 INFO  valid result: 
recall@10 : 0.0779    mrr@10 : 0.0338    ndcg@10 : 0.041    hit@10 : 0.0952    map@10 : 0.0275    precision@10 : 0.0097    gauc : 0.8659    itemcoverage@10 : 0.0035    averagepopularity@10 : 922.3687    giniindex@10 : 0.9996    shannonentropy@10 : 0.0294    tailpercentage@10 : 0.0015
Wed 08 May 2024 20:34:22 INFO  epoch 5 training [time: 2.14s, train loss: 21.7396]
Wed 08 May 2024 20:35:16 INFO  epoch 5 evaluating [time: 54.37s, valid_score: 0.033800]
Wed 08 May 2024 20:35:16 INFO  valid result: 
recall@10 : 0.0773    mrr@10 : 0.0338    ndcg@10 : 0.0408    hit@10 : 0.0949    map@10 : 0.0275    precision@10 : 0.0096    gauc : 0.8659    itemcoverage@10 : 0.0037    averagepopularity@10 : 927.0674    giniindex@10 : 0.9996    shannonentropy@10 : 0.0278    tailpercentage@10 : 0.0015
Wed 08 May 2024 20:35:18 INFO  epoch 6 training [time: 2.13s, train loss: 21.4190]
Wed 08 May 2024 20:36:13 INFO  epoch 6 evaluating [time: 54.77s, valid_score: 0.033900]
Wed 08 May 2024 20:36:13 INFO  valid result: 
recall@10 : 0.0777    mrr@10 : 0.0339    ndcg@10 : 0.041    hit@10 : 0.0954    map@10 : 0.0275    precision@10 : 0.0097    gauc : 0.8659    itemcoverage@10 : 0.0044    averagepopularity@10 : 926.6253    giniindex@10 : 0.9996    shannonentropy@10 : 0.0232    tailpercentage@10 : 0.0015
Wed 08 May 2024 20:36:15 INFO  epoch 7 training [time: 2.13s, train loss: 21.3946]
Wed 08 May 2024 20:37:10 INFO  epoch 7 evaluating [time: 54.42s, valid_score: 0.033900]
Wed 08 May 2024 20:37:10 INFO  valid result: 
recall@10 : 0.0783    mrr@10 : 0.0339    ndcg@10 : 0.0411    hit@10 : 0.0959    map@10 : 0.0275    precision@10 : 0.0097    gauc : 0.8658    itemcoverage@10 : 0.0057    averagepopularity@10 : 927.3072    giniindex@10 : 0.9995    shannonentropy@10 : 0.018    tailpercentage@10 : 0.0016
Wed 08 May 2024 20:37:12 INFO  epoch 8 training [time: 2.13s, train loss: 20.8573]
Wed 08 May 2024 20:38:06 INFO  epoch 8 evaluating [time: 54.42s, valid_score: 0.034000]
Wed 08 May 2024 20:38:06 INFO  valid result: 
recall@10 : 0.079    mrr@10 : 0.034    ndcg@10 : 0.0414    hit@10 : 0.097    map@10 : 0.0276    precision@10 : 0.0099    gauc : 0.8658    itemcoverage@10 : 0.0053    averagepopularity@10 : 931.074    giniindex@10 : 0.9995    shannonentropy@10 : 0.0193    tailpercentage@10 : 0.0002
Wed 08 May 2024 20:38:06 INFO  Saving current: saved/LFM-1b_artist_20U50I_25strat/LightGCN/LightGCN-May-08-2024_20-29-39.pth
Wed 08 May 2024 20:38:09 INFO  epoch 9 training [time: 2.16s, train loss: 20.7231]
Wed 08 May 2024 20:39:03 INFO  epoch 9 evaluating [time: 54.81s, valid_score: 0.034000]
Wed 08 May 2024 20:39:03 INFO  valid result: 
recall@10 : 0.0792    mrr@10 : 0.034    ndcg@10 : 0.0414    hit@10 : 0.0967    map@10 : 0.0277    precision@10 : 0.0098    gauc : 0.8659    itemcoverage@10 : 0.0065    averagepopularity@10 : 923.055    giniindex@10 : 0.9995    shannonentropy@10 : 0.0157    tailpercentage@10 : 0.0001
Wed 08 May 2024 20:39:04 INFO  Saving current: saved/LFM-1b_artist_20U50I_25strat/LightGCN/LightGCN-May-08-2024_20-29-39.pth
Wed 08 May 2024 20:39:06 INFO  epoch 10 training [time: 2.15s, train loss: 20.5097]
Wed 08 May 2024 20:40:00 INFO  epoch 10 evaluating [time: 54.48s, valid_score: 0.034100]
Wed 08 May 2024 20:40:00 INFO  valid result: 
recall@10 : 0.0791    mrr@10 : 0.0341    ndcg@10 : 0.0414    hit@10 : 0.097    map@10 : 0.0277    precision@10 : 0.0099    gauc : 0.866    itemcoverage@10 : 0.0067    averagepopularity@10 : 929.9222    giniindex@10 : 0.9995    shannonentropy@10 : 0.0152    tailpercentage@10 : 0.0002
Wed 08 May 2024 20:40:01 INFO  Saving current: saved/LFM-1b_artist_20U50I_25strat/LightGCN/LightGCN-May-08-2024_20-29-39.pth
Wed 08 May 2024 20:40:03 INFO  epoch 11 training [time: 1.96s, train loss: 20.4996]
Wed 08 May 2024 20:40:57 INFO  epoch 11 evaluating [time: 54.46s, valid_score: 0.034000]
Wed 08 May 2024 20:40:57 INFO  valid result: 
recall@10 : 0.0788    mrr@10 : 0.034    ndcg@10 : 0.0413    hit@10 : 0.0966    map@10 : 0.0276    precision@10 : 0.0098    gauc : 0.866    itemcoverage@10 : 0.0077    averagepopularity@10 : 929.7209    giniindex@10 : 0.9995    shannonentropy@10 : 0.0133    tailpercentage@10 : 0.0002
Wed 08 May 2024 20:40:59 INFO  epoch 12 training [time: 2.04s, train loss: 20.1732]
Wed 08 May 2024 20:41:54 INFO  epoch 12 evaluating [time: 54.34s, valid_score: 0.033800]
Wed 08 May 2024 20:41:54 INFO  valid result: 
recall@10 : 0.0776    mrr@10 : 0.0338    ndcg@10 : 0.0409    hit@10 : 0.0951    map@10 : 0.0275    precision@10 : 0.0097    gauc : 0.8663    itemcoverage@10 : 0.0075    averagepopularity@10 : 929.2656    giniindex@10 : 0.9995    shannonentropy@10 : 0.0136    tailpercentage@10 : 0.0001
Wed 08 May 2024 20:41:56 INFO  epoch 13 training [time: 2.06s, train loss: 20.0610]
Wed 08 May 2024 20:42:50 INFO  epoch 13 evaluating [time: 54.28s, valid_score: 0.033900]
Wed 08 May 2024 20:42:50 INFO  valid result: 
recall@10 : 0.0786    mrr@10 : 0.0339    ndcg@10 : 0.0412    hit@10 : 0.0962    map@10 : 0.0275    precision@10 : 0.0098    gauc : 0.8665    itemcoverage@10 : 0.0088    averagepopularity@10 : 921.6818    giniindex@10 : 0.9995    shannonentropy@10 : 0.0116    tailpercentage@10 : 0.0001
Wed 08 May 2024 20:42:52 INFO  epoch 14 training [time: 2.17s, train loss: 19.8671]
Wed 08 May 2024 20:43:46 INFO  epoch 14 evaluating [time: 54.31s, valid_score: 0.034000]
Wed 08 May 2024 20:43:46 INFO  valid result: 
recall@10 : 0.0787    mrr@10 : 0.034    ndcg@10 : 0.0413    hit@10 : 0.0964    map@10 : 0.0276    precision@10 : 0.0098    gauc : 0.8666    itemcoverage@10 : 0.0091    averagepopularity@10 : 921.5878    giniindex@10 : 0.9995    shannonentropy@10 : 0.0112    tailpercentage@10 : 0.0002
Wed 08 May 2024 20:43:48 INFO  epoch 15 training [time: 2.16s, train loss: 19.5814]
Wed 08 May 2024 20:44:43 INFO  epoch 15 evaluating [time: 54.57s, valid_score: 0.033900]
Wed 08 May 2024 20:44:43 INFO  valid result: 
recall@10 : 0.079    mrr@10 : 0.0339    ndcg@10 : 0.0413    hit@10 : 0.0966    map@10 : 0.0275    precision@10 : 0.0098    gauc : 0.867    itemcoverage@10 : 0.0116    averagepopularity@10 : 916.3502    giniindex@10 : 0.9995    shannonentropy@10 : 0.0089    tailpercentage@10 : 0.0002
Wed 08 May 2024 20:44:45 INFO  epoch 16 training [time: 2.11s, train loss: 19.3466]
Wed 08 May 2024 20:45:40 INFO  epoch 16 evaluating [time: 54.65s, valid_score: 0.034000]
Wed 08 May 2024 20:45:40 INFO  valid result: 
recall@10 : 0.0787    mrr@10 : 0.034    ndcg@10 : 0.0412    hit@10 : 0.0964    map@10 : 0.0276    precision@10 : 0.0098    gauc : 0.8672    itemcoverage@10 : 0.0131    averagepopularity@10 : 927.1931    giniindex@10 : 0.9995    shannonentropy@10 : 0.0079    tailpercentage@10 : 0.0002
Wed 08 May 2024 20:45:42 INFO  epoch 17 training [time: 2.06s, train loss: 19.1740]
Wed 08 May 2024 20:46:36 INFO  epoch 17 evaluating [time: 54.51s, valid_score: 0.034100]
Wed 08 May 2024 20:46:36 INFO  valid result: 
recall@10 : 0.0796    mrr@10 : 0.0341    ndcg@10 : 0.0415    hit@10 : 0.0979    map@10 : 0.0276    precision@10 : 0.01    gauc : 0.8677    itemcoverage@10 : 0.0137    averagepopularity@10 : 929.4191    giniindex@10 : 0.9995    shannonentropy@10 : 0.0075    tailpercentage@10 : 0.0003
Wed 08 May 2024 20:46:37 INFO  Saving current: saved/LFM-1b_artist_20U50I_25strat/LightGCN/LightGCN-May-08-2024_20-29-39.pth
Wed 08 May 2024 20:46:39 INFO  epoch 18 training [time: 2.06s, train loss: 18.8626]
Wed 08 May 2024 20:47:33 INFO  epoch 18 evaluating [time: 54.45s, valid_score: 0.034000]
Wed 08 May 2024 20:47:33 INFO  valid result: 
recall@10 : 0.0791    mrr@10 : 0.034    ndcg@10 : 0.0414    hit@10 : 0.097    map@10 : 0.0276    precision@10 : 0.0099    gauc : 0.868    itemcoverage@10 : 0.0158    averagepopularity@10 : 925.4084    giniindex@10 : 0.9995    shannonentropy@10 : 0.0065    tailpercentage@10 : 0.0007
Wed 08 May 2024 20:47:35 INFO  epoch 19 training [time: 2.14s, train loss: 18.6951]
Wed 08 May 2024 20:48:30 INFO  epoch 19 evaluating [time: 54.53s, valid_score: 0.034000]
Wed 08 May 2024 20:48:30 INFO  valid result: 
recall@10 : 0.0786    mrr@10 : 0.034    ndcg@10 : 0.0412    hit@10 : 0.0967    map@10 : 0.0275    precision@10 : 0.0098    gauc : 0.8682    itemcoverage@10 : 0.0168    averagepopularity@10 : 924.3287    giniindex@10 : 0.9995    shannonentropy@10 : 0.0062    tailpercentage@10 : 0.0004
Wed 08 May 2024 20:48:32 INFO  epoch 20 training [time: 2.12s, train loss: 18.3151]
Wed 08 May 2024 20:49:27 INFO  epoch 20 evaluating [time: 54.66s, valid_score: 0.033900]
Wed 08 May 2024 20:49:27 INFO  valid result: 
recall@10 : 0.0793    mrr@10 : 0.0339    ndcg@10 : 0.0413    hit@10 : 0.0967    map@10 : 0.0275    precision@10 : 0.0098    gauc : 0.8687    itemcoverage@10 : 0.0186    averagepopularity@10 : 917.3921    giniindex@10 : 0.9995    shannonentropy@10 : 0.0056    tailpercentage@10 : 0.0005
Wed 08 May 2024 20:49:29 INFO  epoch 21 training [time: 2.14s, train loss: 18.0126]
Wed 08 May 2024 20:50:23 INFO  epoch 21 evaluating [time: 54.29s, valid_score: 0.033900]
Wed 08 May 2024 20:50:23 INFO  valid result: 
recall@10 : 0.0793    mrr@10 : 0.0339    ndcg@10 : 0.0414    hit@10 : 0.0971    map@10 : 0.0276    precision@10 : 0.0098    gauc : 0.8692    itemcoverage@10 : 0.0192    averagepopularity@10 : 917.5898    giniindex@10 : 0.9995    shannonentropy@10 : 0.0054    tailpercentage@10 : 0.0005
Wed 08 May 2024 20:50:25 INFO  epoch 22 training [time: 2.11s, train loss: 17.7075]
Wed 08 May 2024 20:51:18 INFO  epoch 22 evaluating [time: 53.05s, valid_score: 0.033900]
Wed 08 May 2024 20:51:18 INFO  valid result: 
recall@10 : 0.0785    mrr@10 : 0.0339    ndcg@10 : 0.0412    hit@10 : 0.0963    map@10 : 0.0275    precision@10 : 0.0098    gauc : 0.8696    itemcoverage@10 : 0.0201    averagepopularity@10 : 918.1925    giniindex@10 : 0.9995    shannonentropy@10 : 0.0052    tailpercentage@10 : 0.0004
Wed 08 May 2024 20:51:20 INFO  epoch 23 training [time: 2.12s, train loss: 17.3501]
Wed 08 May 2024 20:52:14 INFO  epoch 23 evaluating [time: 53.30s, valid_score: 0.034000]
Wed 08 May 2024 20:52:14 INFO  valid result: 
recall@10 : 0.0797    mrr@10 : 0.034    ndcg@10 : 0.0415    hit@10 : 0.0974    map@10 : 0.0277    precision@10 : 0.0099    gauc : 0.8702    itemcoverage@10 : 0.0203    averagepopularity@10 : 916.2055    giniindex@10 : 0.9995    shannonentropy@10 : 0.0052    tailpercentage@10 : 0.0004
Wed 08 May 2024 20:52:16 INFO  epoch 24 training [time: 2.00s, train loss: 17.1720]
Wed 08 May 2024 20:53:09 INFO  epoch 24 evaluating [time: 53.13s, valid_score: 0.033900]
Wed 08 May 2024 20:53:09 INFO  valid result: 
recall@10 : 0.0792    mrr@10 : 0.0339    ndcg@10 : 0.0413    hit@10 : 0.0966    map@10 : 0.0276    precision@10 : 0.0098    gauc : 0.8707    itemcoverage@10 : 0.0213    averagepopularity@10 : 914.287    giniindex@10 : 0.9995    shannonentropy@10 : 0.005    tailpercentage@10 : 0.0005
Wed 08 May 2024 20:53:11 INFO  epoch 25 training [time: 2.08s, train loss: 16.7446]
Wed 08 May 2024 20:54:04 INFO  epoch 25 evaluating [time: 53.16s, valid_score: 0.034000]
Wed 08 May 2024 20:54:04 INFO  valid result: 
recall@10 : 0.0789    mrr@10 : 0.034    ndcg@10 : 0.0414    hit@10 : 0.0963    map@10 : 0.0277    precision@10 : 0.0098    gauc : 0.8714    itemcoverage@10 : 0.023    averagepopularity@10 : 912.9571    giniindex@10 : 0.9994    shannonentropy@10 : 0.0046    tailpercentage@10 : 0.0004
Wed 08 May 2024 20:54:06 INFO  epoch 26 training [time: 2.02s, train loss: 16.5842]
Wed 08 May 2024 20:54:59 INFO  epoch 26 evaluating [time: 53.27s, valid_score: 0.034000]
Wed 08 May 2024 20:54:59 INFO  valid result: 
recall@10 : 0.0789    mrr@10 : 0.034    ndcg@10 : 0.0414    hit@10 : 0.0963    map@10 : 0.0277    precision@10 : 0.0098    gauc : 0.8719    itemcoverage@10 : 0.0246    averagepopularity@10 : 911.3332    giniindex@10 : 0.9994    shannonentropy@10 : 0.0043    tailpercentage@10 : 0.0004
Wed 08 May 2024 20:55:01 INFO  epoch 27 training [time: 2.14s, train loss: 15.9971]
Wed 08 May 2024 20:55:56 INFO  epoch 27 evaluating [time: 54.49s, valid_score: 0.034200]
Wed 08 May 2024 20:55:56 INFO  valid result: 
recall@10 : 0.0797    mrr@10 : 0.0342    ndcg@10 : 0.0417    hit@10 : 0.0973    map@10 : 0.0278    precision@10 : 0.0099    gauc : 0.8725    itemcoverage@10 : 0.0264    averagepopularity@10 : 913.4312    giniindex@10 : 0.9994    shannonentropy@10 : 0.0041    tailpercentage@10 : 0.0005
Wed 08 May 2024 20:55:56 INFO  Saving current: saved/LFM-1b_artist_20U50I_25strat/LightGCN/LightGCN-May-08-2024_20-29-39.pth
Wed 08 May 2024 20:55:58 INFO  epoch 28 training [time: 2.11s, train loss: 15.8547]
Wed 08 May 2024 20:56:52 INFO  epoch 28 evaluating [time: 53.73s, valid_score: 0.034200]
Wed 08 May 2024 20:56:52 INFO  valid result: 
recall@10 : 0.0796    mrr@10 : 0.0342    ndcg@10 : 0.0417    hit@10 : 0.097    map@10 : 0.0279    precision@10 : 0.0098    gauc : 0.8732    itemcoverage@10 : 0.028    averagepopularity@10 : 911.3902    giniindex@10 : 0.9994    shannonentropy@10 : 0.0039    tailpercentage@10 : 0.0005
Wed 08 May 2024 20:56:53 INFO  Saving current: saved/LFM-1b_artist_20U50I_25strat/LightGCN/LightGCN-May-08-2024_20-29-39.pth
Wed 08 May 2024 20:56:55 INFO  epoch 29 training [time: 1.97s, train loss: 15.4378]
Wed 08 May 2024 20:57:48 INFO  epoch 29 evaluating [time: 53.26s, valid_score: 0.034300]
Wed 08 May 2024 20:57:48 INFO  valid result: 
recall@10 : 0.0798    mrr@10 : 0.0343    ndcg@10 : 0.0418    hit@10 : 0.0972    map@10 : 0.0279    precision@10 : 0.0099    gauc : 0.8738    itemcoverage@10 : 0.0295    averagepopularity@10 : 909.4817    giniindex@10 : 0.9993    shannonentropy@10 : 0.0037    tailpercentage@10 : 0.0005
Wed 08 May 2024 20:57:48 INFO  Saving current: saved/LFM-1b_artist_20U50I_25strat/LightGCN/LightGCN-May-08-2024_20-29-39.pth
Wed 08 May 2024 20:57:48 INFO  Finished training, max emissions step reached
Wed 08 May 2024 20:57:48 INFO  Loading model structure and parameters from saved/LFM-1b_artist_20U50I_25strat/LightGCN/LightGCN-May-08-2024_20-29-39.pth
Wed 08 May 2024 20:58:49 INFO  The running environment of this training is as follows:
+-------------+----------------+
| Environment |     Usage      |
+=============+================+
| CPU         |    14.10 %     |
+-------------+----------------+
| GPU         | 0.19 G/11.93 G |
+-------------+----------------+
| Memory      | 2.18 G/31.23 G |
+-------------+----------------+
Wed 08 May 2024 20:58:49 INFO  best valid : OrderedDict([('recall@10', 0.0798), ('mrr@10', 0.0343), ('ndcg@10', 0.0418), ('hit@10', 0.0972), ('map@10', 0.0279), ('precision@10', 0.0099), ('gauc', 0.8738), ('itemcoverage@10', 0.0295), ('averagepopularity@10', 909.4817), ('giniindex@10', 0.9993), ('shannonentropy@10', 0.0037), ('tailpercentage@10', 0.0005)])
Wed 08 May 2024 20:58:49 INFO  test result: OrderedDict([('recall@10', 0.0773), ('mrr@10', 0.0315), ('ndcg@10', 0.0399), ('hit@10', 0.091), ('map@10', 0.0268), ('precision@10', 0.0093), ('gauc', 0.8703), ('itemcoverage@10', 0.0323), ('averagepopularity@10', 902.6965), ('giniindex@10', 0.9993), ('shannonentropy@10', 0.0034), ('tailpercentage@10', 0.0006)])
Wed 08 May 2024 20:58:49 INFO  
General Hyper Parameters:
gpu_id = 0
use_gpu = True
seed = 2020
state = INFO
reproducibility = True
data_path = data/LFM-1b_artist_20U50I_25strat
checkpoint_dir = saved/LFM-1b_artist_20U50I_25strat/LightGCN
show_progress = True
save_dataset = False
dataset_save_path = None
save_dataloaders = False
dataloaders_save_path = None
log_wandb = False

Training Hyper Parameters:
epochs = 200
train_batch_size = 2048
learner = adam
learning_rate = 0.001
train_neg_sample_args = {'distribution': 'uniform', 'sample_num': 1, 'dynamic': False, 'candidate_num': 0, 'alpha': 1.0}
eval_step = 1
stopping_step = 10
clip_grad_norm = None
weight_decay = 0.0
loss_decimal_place = 4

Evaluation Hyper Parameters:
eval_args = {'split': {'RS': [0.8, 0.1, 0.1]}, 'order': 'RO', 'group_by': 'user', 'mode': {'valid': 'full', 'test': 'full'}}
repeatable = False
metrics = ['Recall', 'MRR', 'NDCG', 'Hit', 'MAP', 'Precision', 'GAUC', 'ItemCoverage', 'AveragePopularity', 'GiniIndex', 'ShannonEntropy', 'TailPercentage']
topk = [10]
valid_metric = MRR@10
valid_metric_bigger = True
eval_batch_size = 4096
metric_decimal_place = 4

Dataset Hyper Parameters:
field_separator = 	
seq_separator =  
USER_ID_FIELD = user_id
ITEM_ID_FIELD = item_id
RATING_FIELD = rating
TIME_FIELD = timestamp
seq_len = None
LABEL_FIELD = label
threshold = None
NEG_PREFIX = neg_
load_col = {'inter': ['user_id', 'item_id']}
unload_col = None
unused_col = None
additional_feat_suffix = None
rm_dup_inter = None
val_interval = None
filter_inter_by_user_or_item = True
user_inter_num_interval = [0,inf)
item_inter_num_interval = [0,inf)
alias_of_user_id = None
alias_of_item_id = None
alias_of_entity_id = None
alias_of_relation_id = None
preload_weight = None
normalize_field = None
normalize_all = None
ITEM_LIST_LENGTH_FIELD = item_length
LIST_SUFFIX = _list
MAX_ITEM_LIST_LENGTH = 50
POSITION_FIELD = position_id
HEAD_ENTITY_ID_FIELD = head_id
TAIL_ENTITY_ID_FIELD = tail_id
RELATION_ID_FIELD = relation_id
ENTITY_ID_FIELD = entity_id
benchmark_filename = None

Other Hyper Parameters: 
worker = 0
wandb_project = recbole
shuffle = True
require_pow = False
enable_amp = False
enable_scaler = False
transform = None
embedding_size = 64
n_layers = 2
reg_weight = 1e-05
numerical_features = []
discretization = None
kg_reverse_r = False
entity_kg_num_interval = [0,inf)
relation_kg_num_interval = [0,inf)
MODEL_TYPE = ModelType.GENERAL
encoding = utf-8
device = cuda:1
my_log_file = /home/fontana/Tesi/log/carbon_default.log
max_emission_step = 7
MODEL_INPUT_TYPE = InputType.PAIRWISE
eval_type = EvaluatorType.RANKING
single_spec = True
local_rank = 0
valid_neg_sample_args = {'distribution': 'uniform', 'sample_num': 'none'}
test_neg_sample_args = {'distribution': 'uniform', 'sample_num': 'none'}


Wed 08 May 2024 20:58:50 INFO  LFM-1b_artist_20U50I_25strat
The number of users: 19842
Average actions of users: 11.01038254120256
The number of items: 24879
Average actions of items: 8.781131923788086
The number of inters: 218457
The sparsity of the dataset: 99.95574650251882%
Remain Fields: ['user_id', 'item_id']
Wed 08 May 2024 20:58:52 INFO  [Training]: train_batch_size = [2048] train_neg_sample_args: [{'distribution': 'uniform', 'sample_num': 1, 'dynamic': False, 'candidate_num': 0, 'alpha': 1.0}]
Wed 08 May 2024 20:58:52 INFO  [Evaluation]: eval_batch_size = [4096] eval_args: [{'split': {'RS': [0.8, 0.1, 0.1]}, 'order': 'RO', 'group_by': 'user', 'mode': {'valid': 'full', 'test': 'full'}}]
Wed 08 May 2024 20:58:53 INFO  Loading model structure and parameters from saved/LFM-1b_artist_20U50I_25strat/LightGCN/LightGCN-May-08-2024_20-29-39.pth
