Tue 16 Apr 2024 13:15:54 INFO  ['src/default_tracker.py', '--dataset=ml-10m_50U10I', '--model=LightGCN']
Tue 16 Apr 2024 13:15:54 INFO  
General Hyper Parameters:
gpu_id = 0
use_gpu = True
seed = 2020
state = INFO
reproducibility = True
data_path = data/ml-10m_50U10I
checkpoint_dir = saved/ml-10m_50U10I/LightGCN
show_progress = True
save_dataset = False
dataset_save_path = None
save_dataloaders = False
dataloaders_save_path = None
log_wandb = False

Training Hyper Parameters:
epochs = 1
train_batch_size = 2048
learner = adam
learning_rate = 0.001
train_neg_sample_args = {'distribution': 'uniform', 'sample_num': 1, 'dynamic': False, 'candidate_num': 0, 'alpha': 1.0}
eval_step = 1
stopping_step = 10
clip_grad_norm = None
weight_decay = 0.0
loss_decimal_place = 4

Evaluation Hyper Parameters:
eval_args = {'split': {'RS': [0.8, 0.1, 0.1]}, 'order': 'RO', 'group_by': 'user', 'mode': {'valid': 'full', 'test': 'full'}}
repeatable = False
metrics = ['Recall', 'MRR', 'NDCG', 'Hit', 'MAP', 'Precision', 'GAUC', 'ItemCoverage', 'AveragePopularity', 'GiniIndex', 'ShannonEntropy', 'TailPercentage']
topk = [10]
valid_metric = MRR@10
valid_metric_bigger = True
eval_batch_size = 4096
metric_decimal_place = 4

Dataset Hyper Parameters:
field_separator = 	
seq_separator =  
USER_ID_FIELD = user_id
ITEM_ID_FIELD = item_id
RATING_FIELD = rating
TIME_FIELD = timestamp
seq_len = None
LABEL_FIELD = label
threshold = None
NEG_PREFIX = neg_
load_col = {'inter': ['user_id', 'item_id']}
unload_col = None
unused_col = None
additional_feat_suffix = None
rm_dup_inter = None
val_interval = None
filter_inter_by_user_or_item = True
user_inter_num_interval = [0,inf)
item_inter_num_interval = [0,inf)
alias_of_user_id = None
alias_of_item_id = None
alias_of_entity_id = None
alias_of_relation_id = None
preload_weight = None
normalize_field = None
normalize_all = None
ITEM_LIST_LENGTH_FIELD = item_length
LIST_SUFFIX = _list
MAX_ITEM_LIST_LENGTH = 50
POSITION_FIELD = position_id
HEAD_ENTITY_ID_FIELD = head_id
TAIL_ENTITY_ID_FIELD = tail_id
RELATION_ID_FIELD = relation_id
ENTITY_ID_FIELD = entity_id
benchmark_filename = None

Other Hyper Parameters: 
worker = 0
wandb_project = recbole
shuffle = True
require_pow = False
enable_amp = False
enable_scaler = False
transform = None
embedding_size = 64
n_layers = 2
reg_weight = 1e-05
numerical_features = []
discretization = None
kg_reverse_r = False
entity_kg_num_interval = [0,inf)
relation_kg_num_interval = [0,inf)
MODEL_TYPE = ModelType.GENERAL
encoding = utf-8
device = cuda
my_log_file = /mnt/batch/tasks/shared/LS_root/mounts/clusters/fontanagpu/code/sustainability-of-recsys/log/carbon_default.log
MODEL_INPUT_TYPE = InputType.PAIRWISE
eval_type = EvaluatorType.RANKING
single_spec = True
local_rank = 0
valid_neg_sample_args = {'distribution': 'uniform', 'sample_num': 'none'}
test_neg_sample_args = {'distribution': 'uniform', 'sample_num': 'none'}


Tue 16 Apr 2024 13:16:15 INFO  ml-10m_50U10I
The number of users: 50001
Average actions of users: 141.07548
The number of items: 10001
Average actions of items: 705.3774
The number of inters: 7053774
The sparsity of the dataset: 98.5894144730844%
Remain Fields: ['user_id', 'item_id']
Tue 16 Apr 2024 13:16:34 INFO  [Training]: train_batch_size = [2048] train_neg_sample_args: [{'distribution': 'uniform', 'sample_num': 1, 'dynamic': False, 'candidate_num': 0, 'alpha': 1.0}]
Tue 16 Apr 2024 13:16:34 INFO  [Evaluation]: eval_batch_size = [4096] eval_args: [{'split': {'RS': [0.8, 0.1, 0.1]}, 'order': 'RO', 'group_by': 'user', 'mode': {'valid': 'full', 'test': 'full'}}]
Tue 16 Apr 2024 13:16:48 INFO  LightGCN(
  (user_embedding): Embedding(50001, 64)
  (item_embedding): Embedding(10001, 64)
  (mf_loss): BPRLoss()
  (reg_loss): EmbLoss()
)
Trainable parameters: 3840128
Tue 16 Apr 2024 13:16:55 INFO  FLOPs: 0.0
Tue 16 Apr 2024 13:33:36 INFO  epoch 0 training [time: 967.50s, train loss: 695.7045]
Tue 16 Apr 2024 13:36:12 INFO  epoch 0 evaluating [time: 156.66s, valid_score: 0.214700]
Tue 16 Apr 2024 13:36:12 INFO  valid result: 
recall@10 : 0.0875    mrr@10 : 0.2147    ndcg@10 : 0.1103    hit@10 : 0.4596    map@10 : 0.0542    precision@10 : 0.081    gauc : 0.9126    itemcoverage@10 : 0.0107    averagepopularity@10 : 16561.9568    giniindex@10 : 0.9982    shannonentropy@10 : 0.0294    tailpercentage@10 : 0.0008
Tue 16 Apr 2024 13:36:14 INFO  Saving current: saved/ml-10m_50U10I/LightGCN/LightGCN-Apr-16-2024_13-16-56.pth
Tue 16 Apr 2024 13:36:14 INFO  Loading model structure and parameters from saved/ml-10m_50U10I/LightGCN/LightGCN-Apr-16-2024_13-16-56.pth
Tue 16 Apr 2024 13:38:49 INFO  The running environment of this training is as follows:
+-------------+----------------+
| Environment |     Usage      |
+=============+================+
| CPU         |     5.00 %     |
+-------------+----------------+
| GPU         | 1.11 G/15.57 G |
+-------------+----------------+
| Memory      | 3.05 G/27.41 G |
+-------------+----------------+
Tue 16 Apr 2024 13:38:49 INFO  best valid : OrderedDict([('recall@10', 0.0875), ('mrr@10', 0.2147), ('ndcg@10', 0.1103), ('hit@10', 0.4596), ('map@10', 0.0542), ('precision@10', 0.081), ('gauc', 0.9126), ('itemcoverage@10', 0.0107), ('averagepopularity@10', 16561.9568), ('giniindex@10', 0.9982), ('shannonentropy@10', 0.0294), ('tailpercentage@10', 0.0008)])
Tue 16 Apr 2024 13:38:49 INFO  test result: OrderedDict([('recall@10', 0.0938), ('mrr@10', 0.2442), ('ndcg@10', 0.1272), ('hit@10', 0.4733), ('map@10', 0.0675), ('precision@10', 0.0925), ('gauc', 0.9146), ('itemcoverage@10', 0.0157), ('averagepopularity@10', 16290.0901), ('giniindex@10', 0.9979), ('shannonentropy@10', 0.021), ('tailpercentage@10', 0.0008)])
Tue 16 Apr 2024 13:38:50 INFO  
General Hyper Parameters:
gpu_id = 0
use_gpu = True
seed = 2020
state = INFO
reproducibility = True
data_path = data/ml-10m_50U10I
checkpoint_dir = saved/ml-10m_50U10I/LightGCN
show_progress = True
save_dataset = False
dataset_save_path = None
save_dataloaders = False
dataloaders_save_path = None
log_wandb = False

Training Hyper Parameters:
epochs = 1
train_batch_size = 2048
learner = adam
learning_rate = 0.001
train_neg_sample_args = {'distribution': 'uniform', 'sample_num': 1, 'dynamic': False, 'candidate_num': 0, 'alpha': 1.0}
eval_step = 1
stopping_step = 10
clip_grad_norm = None
weight_decay = 0.0
loss_decimal_place = 4

Evaluation Hyper Parameters:
eval_args = {'split': {'RS': [0.8, 0.1, 0.1]}, 'order': 'RO', 'group_by': 'user', 'mode': {'valid': 'full', 'test': 'full'}}
repeatable = False
metrics = ['Recall', 'MRR', 'NDCG', 'Hit', 'MAP', 'Precision', 'GAUC', 'ItemCoverage', 'AveragePopularity', 'GiniIndex', 'ShannonEntropy', 'TailPercentage']
topk = [10]
valid_metric = MRR@10
valid_metric_bigger = True
eval_batch_size = 4096
metric_decimal_place = 4

Dataset Hyper Parameters:
field_separator = 	
seq_separator =  
USER_ID_FIELD = user_id
ITEM_ID_FIELD = item_id
RATING_FIELD = rating
TIME_FIELD = timestamp
seq_len = None
LABEL_FIELD = label
threshold = None
NEG_PREFIX = neg_
load_col = {'inter': ['user_id', 'item_id']}
unload_col = None
unused_col = None
additional_feat_suffix = None
rm_dup_inter = None
val_interval = None
filter_inter_by_user_or_item = True
user_inter_num_interval = [0,inf)
item_inter_num_interval = [0,inf)
alias_of_user_id = None
alias_of_item_id = None
alias_of_entity_id = None
alias_of_relation_id = None
preload_weight = None
normalize_field = None
normalize_all = None
ITEM_LIST_LENGTH_FIELD = item_length
LIST_SUFFIX = _list
MAX_ITEM_LIST_LENGTH = 50
POSITION_FIELD = position_id
HEAD_ENTITY_ID_FIELD = head_id
TAIL_ENTITY_ID_FIELD = tail_id
RELATION_ID_FIELD = relation_id
ENTITY_ID_FIELD = entity_id
benchmark_filename = None

Other Hyper Parameters: 
worker = 0
wandb_project = recbole
shuffle = True
require_pow = False
enable_amp = False
enable_scaler = False
transform = None
embedding_size = 64
n_layers = 2
reg_weight = 1e-05
numerical_features = []
discretization = None
kg_reverse_r = False
entity_kg_num_interval = [0,inf)
relation_kg_num_interval = [0,inf)
MODEL_TYPE = ModelType.GENERAL
encoding = utf-8
device = cuda
my_log_file = /mnt/batch/tasks/shared/LS_root/mounts/clusters/fontanagpu/code/sustainability-of-recsys/log/carbon_default.log
MODEL_INPUT_TYPE = InputType.PAIRWISE
eval_type = EvaluatorType.RANKING
single_spec = True
local_rank = 0
valid_neg_sample_args = {'distribution': 'uniform', 'sample_num': 'none'}
test_neg_sample_args = {'distribution': 'uniform', 'sample_num': 'none'}


Tue 16 Apr 2024 13:39:11 INFO  ml-10m_50U10I
The number of users: 50001
Average actions of users: 141.07548
The number of items: 10001
Average actions of items: 705.3774
The number of inters: 7053774
The sparsity of the dataset: 98.5894144730844%
Remain Fields: ['user_id', 'item_id']
Tue 16 Apr 2024 13:39:31 INFO  [Training]: train_batch_size = [2048] train_neg_sample_args: [{'distribution': 'uniform', 'sample_num': 1, 'dynamic': False, 'candidate_num': 0, 'alpha': 1.0}]
Tue 16 Apr 2024 13:39:31 INFO  [Evaluation]: eval_batch_size = [4096] eval_args: [{'split': {'RS': [0.8, 0.1, 0.1]}, 'order': 'RO', 'group_by': 'user', 'mode': {'valid': 'full', 'test': 'full'}}]
Tue 16 Apr 2024 13:39:46 INFO  Loading model structure and parameters from saved/ml-10m_50U10I/LightGCN/LightGCN-Apr-16-2024_13-16-56.pth
