Wed 03 Apr 2024 17:34:57 INFO  ['src/default_tracker.py', '--dataset=LFM-1b_artist_20U50I', '--model=LightGCN']
Wed 03 Apr 2024 17:34:57 INFO  
General Hyper Parameters:
gpu_id = 0
use_gpu = True
seed = 2020
state = INFO
reproducibility = True
data_path = data/LFM-1b_artist_20U50I
checkpoint_dir = saved/LFM-1b_artist_20U50I/LightGCN
show_progress = True
save_dataset = False
dataset_save_path = None
save_dataloaders = False
dataloaders_save_path = None
log_wandb = False

Training Hyper Parameters:
epochs = 200
train_batch_size = 2048
learner = adam
learning_rate = 0.001
train_neg_sample_args = {'distribution': 'uniform', 'sample_num': 1, 'dynamic': False, 'candidate_num': 0, 'alpha': 1.0}
eval_step = 1
stopping_step = 10
clip_grad_norm = None
weight_decay = 0.0
loss_decimal_place = 4

Evaluation Hyper Parameters:
eval_args = {'split': {'RS': [0.8, 0.1, 0.1]}, 'order': 'RO', 'group_by': 'user', 'mode': {'valid': 'full', 'test': 'full'}}
repeatable = False
metrics = ['Recall', 'MRR', 'NDCG', 'Hit', 'Precision']
topk = [10]
valid_metric = MRR@10
valid_metric_bigger = True
eval_batch_size = 4096
metric_decimal_place = 4

Dataset Hyper Parameters:
field_separator = 	
seq_separator =  
USER_ID_FIELD = user_id
ITEM_ID_FIELD = item_id
RATING_FIELD = rating
TIME_FIELD = timestamp
seq_len = None
LABEL_FIELD = label
threshold = None
NEG_PREFIX = neg_
load_col = {'inter': ['user_id', 'item_id']}
unload_col = None
unused_col = None
additional_feat_suffix = None
rm_dup_inter = None
val_interval = None
filter_inter_by_user_or_item = True
user_inter_num_interval = [0,inf)
item_inter_num_interval = [0,inf)
alias_of_user_id = None
alias_of_item_id = None
alias_of_entity_id = None
alias_of_relation_id = None
preload_weight = None
normalize_field = None
normalize_all = None
ITEM_LIST_LENGTH_FIELD = item_length
LIST_SUFFIX = _list
MAX_ITEM_LIST_LENGTH = 50
POSITION_FIELD = position_id
HEAD_ENTITY_ID_FIELD = head_id
TAIL_ENTITY_ID_FIELD = tail_id
RELATION_ID_FIELD = relation_id
ENTITY_ID_FIELD = entity_id
benchmark_filename = None

Other Hyper Parameters: 
worker = 0
wandb_project = recbole
shuffle = True
require_pow = False
enable_amp = False
enable_scaler = False
transform = None
embedding_size = 64
n_layers = 2
reg_weight = 1e-05
numerical_features = []
discretization = None
kg_reverse_r = False
entity_kg_num_interval = [0,inf)
relation_kg_num_interval = [0,inf)
MODEL_TYPE = ModelType.GENERAL
encoding = utf-8
device = cuda
my_log_file = /mnt/batch/tasks/shared/LS_root/mounts/clusters/fontanagpu/code/sustainability-of-recsys/log/carbon_default.log
MODEL_INPUT_TYPE = InputType.PAIRWISE
eval_type = EvaluatorType.RANKING
single_spec = True
local_rank = 0
valid_neg_sample_args = {'distribution': 'uniform', 'sample_num': 'none'}
test_neg_sample_args = {'distribution': 'uniform', 'sample_num': 'none'}


Wed 03 Apr 2024 17:35:01 INFO  LFM-1b_artist_20U50I
The number of users: 19842
Average actions of users: 45.371301849705155
The number of items: 42458
Average actions of items: 21.202911180724026
The number of inters: 900212
The sparsity of the dataset: 99.89314377686127%
Remain Fields: ['user_id', 'item_id']
Wed 03 Apr 2024 17:35:03 INFO  [Training]: train_batch_size = [2048] train_neg_sample_args: [{'distribution': 'uniform', 'sample_num': 1, 'dynamic': False, 'candidate_num': 0, 'alpha': 1.0}]
Wed 03 Apr 2024 17:35:03 INFO  [Evaluation]: eval_batch_size = [4096] eval_args: [{'split': {'RS': [0.8, 0.1, 0.1]}, 'order': 'RO', 'group_by': 'user', 'mode': {'valid': 'full', 'test': 'full'}}]
Wed 03 Apr 2024 17:35:05 INFO  LightGCN(
  (user_embedding): Embedding(19842, 64)
  (item_embedding): Embedding(42458, 64)
  (mf_loss): BPRLoss()
  (reg_loss): EmbLoss()
)
Trainable parameters: 3987200
Wed 03 Apr 2024 17:35:12 INFO  FLOPs: 0.0
Wed 03 Apr 2024 17:36:06 INFO  epoch 0 training [time: 22.79s, train loss: 125.3447]
Wed 03 Apr 2024 17:36:29 INFO  epoch 0 evaluating [time: 23.30s, valid_score: 0.120400]
Wed 03 Apr 2024 17:36:29 INFO  valid result: 
recall@10 : 0.0908    mrr@10 : 0.1204    ndcg@10 : 0.0719    hit@10 : 0.265    precision@10 : 0.0346
Wed 03 Apr 2024 17:36:30 INFO  Saving current: saved/LFM-1b_artist_20U50I/LightGCN/LightGCN-Apr-03-2024_17-35-13.pth
Wed 03 Apr 2024 17:36:50 INFO  epoch 1 training [time: 20.20s, train loss: 73.1881]
Wed 03 Apr 2024 17:37:13 INFO  epoch 1 evaluating [time: 22.55s, valid_score: 0.120600]
Wed 03 Apr 2024 17:37:13 INFO  valid result: 
recall@10 : 0.0902    mrr@10 : 0.1206    ndcg@10 : 0.0718    hit@10 : 0.2647    precision@10 : 0.0346
Wed 03 Apr 2024 17:37:13 INFO  Saving current: saved/LFM-1b_artist_20U50I/LightGCN/LightGCN-Apr-03-2024_17-35-13.pth
Wed 03 Apr 2024 17:37:34 INFO  epoch 2 training [time: 20.16s, train loss: 70.4530]
Wed 03 Apr 2024 17:37:56 INFO  epoch 2 evaluating [time: 22.48s, valid_score: 0.120700]
Wed 03 Apr 2024 17:37:56 INFO  valid result: 
recall@10 : 0.0902    mrr@10 : 0.1207    ndcg@10 : 0.0719    hit@10 : 0.2646    precision@10 : 0.0347
Wed 03 Apr 2024 17:37:57 INFO  Saving current: saved/LFM-1b_artist_20U50I/LightGCN/LightGCN-Apr-03-2024_17-35-13.pth
Wed 03 Apr 2024 17:38:17 INFO  epoch 3 training [time: 20.16s, train loss: 69.2558]
Wed 03 Apr 2024 17:38:39 INFO  epoch 3 evaluating [time: 22.50s, valid_score: 0.120500]
Wed 03 Apr 2024 17:38:39 INFO  valid result: 
recall@10 : 0.0902    mrr@10 : 0.1205    ndcg@10 : 0.0717    hit@10 : 0.2649    precision@10 : 0.0347
Wed 03 Apr 2024 17:39:00 INFO  epoch 4 training [time: 20.19s, train loss: 68.3740]
Wed 03 Apr 2024 17:39:22 INFO  epoch 4 evaluating [time: 22.55s, valid_score: 0.120700]
Wed 03 Apr 2024 17:39:22 INFO  valid result: 
recall@10 : 0.0907    mrr@10 : 0.1207    ndcg@10 : 0.072    hit@10 : 0.2656    precision@10 : 0.0348
Wed 03 Apr 2024 17:39:23 INFO  Saving current: saved/LFM-1b_artist_20U50I/LightGCN/LightGCN-Apr-03-2024_17-35-13.pth
Wed 03 Apr 2024 17:39:43 INFO  epoch 5 training [time: 20.20s, train loss: 66.9352]
Wed 03 Apr 2024 17:40:06 INFO  epoch 5 evaluating [time: 22.68s, valid_score: 0.120600]
Wed 03 Apr 2024 17:40:06 INFO  valid result: 
recall@10 : 0.0903    mrr@10 : 0.1206    ndcg@10 : 0.0718    hit@10 : 0.2646    precision@10 : 0.0346
Wed 03 Apr 2024 17:40:26 INFO  epoch 6 training [time: 20.34s, train loss: 66.4614]
Wed 03 Apr 2024 17:40:49 INFO  epoch 6 evaluating [time: 22.71s, valid_score: 0.120500]
Wed 03 Apr 2024 17:40:49 INFO  valid result: 
recall@10 : 0.0906    mrr@10 : 0.1205    ndcg@10 : 0.0719    hit@10 : 0.2648    precision@10 : 0.0347
Wed 03 Apr 2024 17:41:09 INFO  epoch 7 training [time: 20.38s, train loss: 65.3356]
Wed 03 Apr 2024 17:41:32 INFO  epoch 7 evaluating [time: 22.71s, valid_score: 0.120200]
Wed 03 Apr 2024 17:41:32 INFO  valid result: 
recall@10 : 0.0899    mrr@10 : 0.1202    ndcg@10 : 0.0716    hit@10 : 0.2642    precision@10 : 0.0345
Wed 03 Apr 2024 17:41:52 INFO  epoch 8 training [time: 20.37s, train loss: 65.0562]
Wed 03 Apr 2024 17:42:15 INFO  epoch 8 evaluating [time: 22.69s, valid_score: 0.120200]
Wed 03 Apr 2024 17:42:15 INFO  valid result: 
recall@10 : 0.0899    mrr@10 : 0.1202    ndcg@10 : 0.0716    hit@10 : 0.2646    precision@10 : 0.0346
Wed 03 Apr 2024 17:42:35 INFO  epoch 9 training [time: 20.39s, train loss: 63.4993]
Wed 03 Apr 2024 17:42:58 INFO  epoch 9 evaluating [time: 22.57s, valid_score: 0.120600]
Wed 03 Apr 2024 17:42:58 INFO  valid result: 
recall@10 : 0.0897    mrr@10 : 0.1206    ndcg@10 : 0.0717    hit@10 : 0.2647    precision@10 : 0.0346
Wed 03 Apr 2024 17:43:18 INFO  epoch 10 training [time: 20.24s, train loss: 62.3263]
Wed 03 Apr 2024 17:43:41 INFO  epoch 10 evaluating [time: 22.47s, valid_score: 0.120500]
Wed 03 Apr 2024 17:43:41 INFO  valid result: 
recall@10 : 0.09    mrr@10 : 0.1205    ndcg@10 : 0.0718    hit@10 : 0.265    precision@10 : 0.0347
Wed 03 Apr 2024 17:44:01 INFO  epoch 11 training [time: 20.36s, train loss: 60.3849]
Wed 03 Apr 2024 17:44:24 INFO  epoch 11 evaluating [time: 22.44s, valid_score: 0.121300]
Wed 03 Apr 2024 17:44:24 INFO  valid result: 
recall@10 : 0.0906    mrr@10 : 0.1213    ndcg@10 : 0.0723    hit@10 : 0.2671    precision@10 : 0.035
Wed 03 Apr 2024 17:44:24 INFO  Saving current: saved/LFM-1b_artist_20U50I/LightGCN/LightGCN-Apr-03-2024_17-35-13.pth
Wed 03 Apr 2024 17:44:44 INFO  epoch 12 training [time: 20.21s, train loss: 58.2111]
Wed 03 Apr 2024 17:45:07 INFO  epoch 12 evaluating [time: 22.57s, valid_score: 0.122300]
Wed 03 Apr 2024 17:45:07 INFO  valid result: 
recall@10 : 0.0913    mrr@10 : 0.1223    ndcg@10 : 0.0729    hit@10 : 0.2695    precision@10 : 0.0354
Wed 03 Apr 2024 17:45:08 INFO  Saving current: saved/LFM-1b_artist_20U50I/LightGCN/LightGCN-Apr-03-2024_17-35-13.pth
Wed 03 Apr 2024 17:45:28 INFO  epoch 13 training [time: 20.24s, train loss: 55.3044]
Wed 03 Apr 2024 17:45:50 INFO  epoch 13 evaluating [time: 22.36s, valid_score: 0.123300]
Wed 03 Apr 2024 17:45:50 INFO  valid result: 
recall@10 : 0.0922    mrr@10 : 0.1233    ndcg@10 : 0.0735    hit@10 : 0.2722    precision@10 : 0.0358
Wed 03 Apr 2024 17:45:51 INFO  Saving current: saved/LFM-1b_artist_20U50I/LightGCN/LightGCN-Apr-03-2024_17-35-13.pth
Wed 03 Apr 2024 17:46:12 INFO  epoch 14 training [time: 20.26s, train loss: 52.5418]
Wed 03 Apr 2024 17:46:34 INFO  epoch 14 evaluating [time: 22.25s, valid_score: 0.125700]
Wed 03 Apr 2024 17:46:34 INFO  valid result: 
recall@10 : 0.0956    mrr@10 : 0.1257    ndcg@10 : 0.0754    hit@10 : 0.2791    precision@10 : 0.0367
Wed 03 Apr 2024 17:46:34 INFO  Saving current: saved/LFM-1b_artist_20U50I/LightGCN/LightGCN-Apr-03-2024_17-35-13.pth
Wed 03 Apr 2024 17:46:55 INFO  epoch 15 training [time: 20.23s, train loss: 49.8223]
Wed 03 Apr 2024 17:47:17 INFO  epoch 15 evaluating [time: 22.11s, valid_score: 0.128400]
Wed 03 Apr 2024 17:47:17 INFO  valid result: 
recall@10 : 0.0978    mrr@10 : 0.1284    ndcg@10 : 0.0772    hit@10 : 0.2838    precision@10 : 0.0376
Wed 03 Apr 2024 17:47:18 INFO  Saving current: saved/LFM-1b_artist_20U50I/LightGCN/LightGCN-Apr-03-2024_17-35-13.pth
Wed 03 Apr 2024 17:47:38 INFO  epoch 16 training [time: 20.23s, train loss: 47.4862]
Wed 03 Apr 2024 17:48:00 INFO  epoch 16 evaluating [time: 22.24s, valid_score: 0.131000]
Wed 03 Apr 2024 17:48:00 INFO  valid result: 
recall@10 : 0.1033    mrr@10 : 0.131    ndcg@10 : 0.0799    hit@10 : 0.2937    precision@10 : 0.0388
Wed 03 Apr 2024 17:48:01 INFO  Saving current: saved/LFM-1b_artist_20U50I/LightGCN/LightGCN-Apr-03-2024_17-35-13.pth
Wed 03 Apr 2024 17:48:21 INFO  epoch 17 training [time: 20.29s, train loss: 45.0379]
Wed 03 Apr 2024 17:48:44 INFO  epoch 17 evaluating [time: 22.36s, valid_score: 0.134000]
Wed 03 Apr 2024 17:48:44 INFO  valid result: 
recall@10 : 0.1081    mrr@10 : 0.134    ndcg@10 : 0.0828    hit@10 : 0.3029    precision@10 : 0.0402
Wed 03 Apr 2024 17:48:44 INFO  Saving current: saved/LFM-1b_artist_20U50I/LightGCN/LightGCN-Apr-03-2024_17-35-13.pth
Wed 03 Apr 2024 17:49:05 INFO  epoch 18 training [time: 20.28s, train loss: 43.2182]
Wed 03 Apr 2024 17:49:27 INFO  epoch 18 evaluating [time: 22.31s, valid_score: 0.136800]
Wed 03 Apr 2024 17:49:27 INFO  valid result: 
recall@10 : 0.1117    mrr@10 : 0.1368    ndcg@10 : 0.0849    hit@10 : 0.3102    precision@10 : 0.0413
Wed 03 Apr 2024 17:49:28 INFO  Saving current: saved/LFM-1b_artist_20U50I/LightGCN/LightGCN-Apr-03-2024_17-35-13.pth
Wed 03 Apr 2024 17:49:48 INFO  epoch 19 training [time: 20.25s, train loss: 40.8370]
Wed 03 Apr 2024 17:50:10 INFO  epoch 19 evaluating [time: 22.49s, valid_score: 0.139400]
Wed 03 Apr 2024 17:50:10 INFO  valid result: 
recall@10 : 0.1161    mrr@10 : 0.1394    ndcg@10 : 0.0874    hit@10 : 0.3187    precision@10 : 0.0426
Wed 03 Apr 2024 17:50:11 INFO  Saving current: saved/LFM-1b_artist_20U50I/LightGCN/LightGCN-Apr-03-2024_17-35-13.pth
Wed 03 Apr 2024 17:50:32 INFO  epoch 20 training [time: 20.29s, train loss: 39.2583]
Wed 03 Apr 2024 17:50:54 INFO  epoch 20 evaluating [time: 22.17s, valid_score: 0.141900]
Wed 03 Apr 2024 17:50:54 INFO  valid result: 
recall@10 : 0.1189    mrr@10 : 0.1419    ndcg@10 : 0.0894    hit@10 : 0.3253    precision@10 : 0.0436
Wed 03 Apr 2024 17:50:55 INFO  Saving current: saved/LFM-1b_artist_20U50I/LightGCN/LightGCN-Apr-03-2024_17-35-13.pth
Wed 03 Apr 2024 17:51:15 INFO  epoch 21 training [time: 20.25s, train loss: 37.9138]
Wed 03 Apr 2024 17:51:37 INFO  epoch 21 evaluating [time: 22.15s, valid_score: 0.144000]
Wed 03 Apr 2024 17:51:37 INFO  valid result: 
recall@10 : 0.1214    mrr@10 : 0.144    ndcg@10 : 0.0912    hit@10 : 0.332    precision@10 : 0.0447
Wed 03 Apr 2024 17:51:38 INFO  Saving current: saved/LFM-1b_artist_20U50I/LightGCN/LightGCN-Apr-03-2024_17-35-13.pth
Wed 03 Apr 2024 17:51:58 INFO  epoch 22 training [time: 20.21s, train loss: 36.1793]
Wed 03 Apr 2024 17:52:20 INFO  epoch 22 evaluating [time: 22.05s, valid_score: 0.146100]
Wed 03 Apr 2024 17:52:20 INFO  valid result: 
recall@10 : 0.1236    mrr@10 : 0.1461    ndcg@10 : 0.0927    hit@10 : 0.3368    precision@10 : 0.0454
Wed 03 Apr 2024 17:52:21 INFO  Saving current: saved/LFM-1b_artist_20U50I/LightGCN/LightGCN-Apr-03-2024_17-35-13.pth
Wed 03 Apr 2024 17:52:41 INFO  epoch 23 training [time: 20.25s, train loss: 34.7370]
Wed 03 Apr 2024 17:53:04 INFO  epoch 23 evaluating [time: 22.11s, valid_score: 0.148100]
Wed 03 Apr 2024 17:53:04 INFO  valid result: 
recall@10 : 0.1259    mrr@10 : 0.1481    ndcg@10 : 0.0942    hit@10 : 0.3409    precision@10 : 0.0461
Wed 03 Apr 2024 17:53:04 INFO  Saving current: saved/LFM-1b_artist_20U50I/LightGCN/LightGCN-Apr-03-2024_17-35-13.pth
Wed 03 Apr 2024 17:53:25 INFO  epoch 24 training [time: 20.21s, train loss: 33.6323]
Wed 03 Apr 2024 17:53:47 INFO  epoch 24 evaluating [time: 22.14s, valid_score: 0.149800]
Wed 03 Apr 2024 17:53:47 INFO  valid result: 
recall@10 : 0.1276    mrr@10 : 0.1498    ndcg@10 : 0.0955    hit@10 : 0.3439    precision@10 : 0.0467
Wed 03 Apr 2024 17:53:47 INFO  Saving current: saved/LFM-1b_artist_20U50I/LightGCN/LightGCN-Apr-03-2024_17-35-13.pth
Wed 03 Apr 2024 17:54:08 INFO  epoch 25 training [time: 20.23s, train loss: 33.0421]
Wed 03 Apr 2024 17:54:30 INFO  epoch 25 evaluating [time: 22.04s, valid_score: 0.151300]
Wed 03 Apr 2024 17:54:30 INFO  valid result: 
recall@10 : 0.1302    mrr@10 : 0.1513    ndcg@10 : 0.097    hit@10 : 0.3493    precision@10 : 0.0475
Wed 03 Apr 2024 17:54:31 INFO  Saving current: saved/LFM-1b_artist_20U50I/LightGCN/LightGCN-Apr-03-2024_17-35-13.pth
Wed 03 Apr 2024 17:54:51 INFO  epoch 26 training [time: 20.34s, train loss: 31.2735]
Wed 03 Apr 2024 17:55:13 INFO  epoch 26 evaluating [time: 22.04s, valid_score: 0.152500]
Wed 03 Apr 2024 17:55:13 INFO  valid result: 
recall@10 : 0.1309    mrr@10 : 0.1525    ndcg@10 : 0.0978    hit@10 : 0.3513    precision@10 : 0.0478
Wed 03 Apr 2024 17:55:14 INFO  Saving current: saved/LFM-1b_artist_20U50I/LightGCN/LightGCN-Apr-03-2024_17-35-13.pth
Wed 03 Apr 2024 17:55:34 INFO  epoch 27 training [time: 20.22s, train loss: 30.5376]
Wed 03 Apr 2024 17:55:56 INFO  epoch 27 evaluating [time: 22.03s, valid_score: 0.153900]
Wed 03 Apr 2024 17:55:56 INFO  valid result: 
recall@10 : 0.1315    mrr@10 : 0.1539    ndcg@10 : 0.0985    hit@10 : 0.3531    precision@10 : 0.0481
Wed 03 Apr 2024 17:55:57 INFO  Saving current: saved/LFM-1b_artist_20U50I/LightGCN/LightGCN-Apr-03-2024_17-35-13.pth
Wed 03 Apr 2024 17:56:17 INFO  epoch 28 training [time: 20.26s, train loss: 29.5336]
Wed 03 Apr 2024 17:56:39 INFO  epoch 28 evaluating [time: 22.02s, valid_score: 0.155100]
Wed 03 Apr 2024 17:56:39 INFO  valid result: 
recall@10 : 0.133    mrr@10 : 0.1551    ndcg@10 : 0.0997    hit@10 : 0.3563    precision@10 : 0.0486
Wed 03 Apr 2024 17:56:40 INFO  Saving current: saved/LFM-1b_artist_20U50I/LightGCN/LightGCN-Apr-03-2024_17-35-13.pth
Wed 03 Apr 2024 17:57:00 INFO  epoch 29 training [time: 20.24s, train loss: 28.4965]
Wed 03 Apr 2024 17:57:22 INFO  epoch 29 evaluating [time: 22.02s, valid_score: 0.156500]
Wed 03 Apr 2024 17:57:22 INFO  valid result: 
recall@10 : 0.1342    mrr@10 : 0.1565    ndcg@10 : 0.1007    hit@10 : 0.3587    precision@10 : 0.0491
Wed 03 Apr 2024 17:57:23 INFO  Saving current: saved/LFM-1b_artist_20U50I/LightGCN/LightGCN-Apr-03-2024_17-35-13.pth
Wed 03 Apr 2024 17:57:43 INFO  epoch 30 training [time: 20.24s, train loss: 27.8835]
Wed 03 Apr 2024 17:58:05 INFO  epoch 30 evaluating [time: 22.04s, valid_score: 0.157700]
Wed 03 Apr 2024 17:58:05 INFO  valid result: 
recall@10 : 0.1356    mrr@10 : 0.1577    ndcg@10 : 0.1015    hit@10 : 0.3623    precision@10 : 0.0496
Wed 03 Apr 2024 17:58:06 INFO  Saving current: saved/LFM-1b_artist_20U50I/LightGCN/LightGCN-Apr-03-2024_17-35-13.pth
Wed 03 Apr 2024 17:58:27 INFO  epoch 31 training [time: 20.23s, train loss: 26.6425]
Wed 03 Apr 2024 17:58:49 INFO  epoch 31 evaluating [time: 22.07s, valid_score: 0.158400]
Wed 03 Apr 2024 17:58:49 INFO  valid result: 
recall@10 : 0.1365    mrr@10 : 0.1584    ndcg@10 : 0.1023    hit@10 : 0.3638    precision@10 : 0.05
Wed 03 Apr 2024 17:58:49 INFO  Saving current: saved/LFM-1b_artist_20U50I/LightGCN/LightGCN-Apr-03-2024_17-35-13.pth
Wed 03 Apr 2024 17:59:10 INFO  epoch 32 training [time: 20.22s, train loss: 25.9379]
Wed 03 Apr 2024 17:59:31 INFO  epoch 32 evaluating [time: 21.74s, valid_score: 0.159300]
Wed 03 Apr 2024 17:59:31 INFO  valid result: 
recall@10 : 0.1371    mrr@10 : 0.1593    ndcg@10 : 0.103    hit@10 : 0.3655    precision@10 : 0.0503
Wed 03 Apr 2024 17:59:32 INFO  Saving current: saved/LFM-1b_artist_20U50I/LightGCN/LightGCN-Apr-03-2024_17-35-13.pth
Wed 03 Apr 2024 17:59:53 INFO  epoch 33 training [time: 20.25s, train loss: 25.5656]
Wed 03 Apr 2024 18:00:14 INFO  epoch 33 evaluating [time: 21.89s, valid_score: 0.161000]
Wed 03 Apr 2024 18:00:14 INFO  valid result: 
recall@10 : 0.1388    mrr@10 : 0.161    ndcg@10 : 0.1042    hit@10 : 0.3681    precision@10 : 0.0508
Wed 03 Apr 2024 18:00:15 INFO  Saving current: saved/LFM-1b_artist_20U50I/LightGCN/LightGCN-Apr-03-2024_17-35-13.pth
Wed 03 Apr 2024 18:00:36 INFO  epoch 34 training [time: 20.19s, train loss: 24.6307]
Wed 03 Apr 2024 18:00:57 INFO  epoch 34 evaluating [time: 21.80s, valid_score: 0.161800]
Wed 03 Apr 2024 18:00:57 INFO  valid result: 
recall@10 : 0.1395    mrr@10 : 0.1618    ndcg@10 : 0.1048    hit@10 : 0.3699    precision@10 : 0.0511
Wed 03 Apr 2024 18:00:58 INFO  Saving current: saved/LFM-1b_artist_20U50I/LightGCN/LightGCN-Apr-03-2024_17-35-13.pth
Wed 03 Apr 2024 18:01:19 INFO  epoch 35 training [time: 20.25s, train loss: 23.9311]
Wed 03 Apr 2024 18:01:41 INFO  epoch 35 evaluating [time: 21.83s, valid_score: 0.163600]
Wed 03 Apr 2024 18:01:41 INFO  valid result: 
recall@10 : 0.1411    mrr@10 : 0.1636    ndcg@10 : 0.1061    hit@10 : 0.3738    precision@10 : 0.0518
Wed 03 Apr 2024 18:01:41 INFO  Saving current: saved/LFM-1b_artist_20U50I/LightGCN/LightGCN-Apr-03-2024_17-35-13.pth
Wed 03 Apr 2024 18:02:02 INFO  epoch 36 training [time: 20.29s, train loss: 23.2311]
Wed 03 Apr 2024 18:02:24 INFO  epoch 36 evaluating [time: 21.90s, valid_score: 0.164100]
Wed 03 Apr 2024 18:02:24 INFO  valid result: 
recall@10 : 0.1421    mrr@10 : 0.1641    ndcg@10 : 0.1068    hit@10 : 0.3749    precision@10 : 0.0522
Wed 03 Apr 2024 18:02:24 INFO  Saving current: saved/LFM-1b_artist_20U50I/LightGCN/LightGCN-Apr-03-2024_17-35-13.pth
Wed 03 Apr 2024 18:02:45 INFO  epoch 37 training [time: 20.37s, train loss: 22.6524]
Wed 03 Apr 2024 18:03:07 INFO  epoch 37 evaluating [time: 21.88s, valid_score: 0.165800]
Wed 03 Apr 2024 18:03:07 INFO  valid result: 
recall@10 : 0.1434    mrr@10 : 0.1658    ndcg@10 : 0.1077    hit@10 : 0.3774    precision@10 : 0.0526
Wed 03 Apr 2024 18:03:08 INFO  Saving current: saved/LFM-1b_artist_20U50I/LightGCN/LightGCN-Apr-03-2024_17-35-13.pth
Wed 03 Apr 2024 18:03:28 INFO  epoch 38 training [time: 20.25s, train loss: 22.0877]
Wed 03 Apr 2024 18:03:50 INFO  epoch 38 evaluating [time: 21.83s, valid_score: 0.167300]
Wed 03 Apr 2024 18:03:50 INFO  valid result: 
recall@10 : 0.1443    mrr@10 : 0.1673    ndcg@10 : 0.1087    hit@10 : 0.3796    precision@10 : 0.0531
Wed 03 Apr 2024 18:03:51 INFO  Saving current: saved/LFM-1b_artist_20U50I/LightGCN/LightGCN-Apr-03-2024_17-35-13.pth
Wed 03 Apr 2024 18:04:11 INFO  epoch 39 training [time: 20.34s, train loss: 21.1779]
Wed 03 Apr 2024 18:04:33 INFO  epoch 39 evaluating [time: 21.92s, valid_score: 0.167500]
Wed 03 Apr 2024 18:04:33 INFO  valid result: 
recall@10 : 0.1454    mrr@10 : 0.1675    ndcg@10 : 0.1093    hit@10 : 0.381    precision@10 : 0.0533
Wed 03 Apr 2024 18:04:34 INFO  Saving current: saved/LFM-1b_artist_20U50I/LightGCN/LightGCN-Apr-03-2024_17-35-13.pth
Wed 03 Apr 2024 18:04:54 INFO  epoch 40 training [time: 20.28s, train loss: 20.9797]
Wed 03 Apr 2024 18:05:16 INFO  epoch 40 evaluating [time: 21.92s, valid_score: 0.169100]
Wed 03 Apr 2024 18:05:16 INFO  valid result: 
recall@10 : 0.1467    mrr@10 : 0.1691    ndcg@10 : 0.1104    hit@10 : 0.3827    precision@10 : 0.0537
Wed 03 Apr 2024 18:05:17 INFO  Saving current: saved/LFM-1b_artist_20U50I/LightGCN/LightGCN-Apr-03-2024_17-35-13.pth
Wed 03 Apr 2024 18:05:38 INFO  epoch 41 training [time: 20.38s, train loss: 20.3699]
Wed 03 Apr 2024 18:05:59 INFO  epoch 41 evaluating [time: 21.81s, valid_score: 0.170300]
Wed 03 Apr 2024 18:05:59 INFO  valid result: 
recall@10 : 0.1489    mrr@10 : 0.1703    ndcg@10 : 0.1115    hit@10 : 0.3859    precision@10 : 0.0541
Wed 03 Apr 2024 18:06:00 INFO  Saving current: saved/LFM-1b_artist_20U50I/LightGCN/LightGCN-Apr-03-2024_17-35-13.pth
Wed 03 Apr 2024 18:06:20 INFO  epoch 42 training [time: 20.23s, train loss: 19.5720]
Wed 03 Apr 2024 18:06:42 INFO  epoch 42 evaluating [time: 21.90s, valid_score: 0.170500]
Wed 03 Apr 2024 18:06:42 INFO  valid result: 
recall@10 : 0.1492    mrr@10 : 0.1705    ndcg@10 : 0.1118    hit@10 : 0.3873    precision@10 : 0.0545
Wed 03 Apr 2024 18:06:43 INFO  Saving current: saved/LFM-1b_artist_20U50I/LightGCN/LightGCN-Apr-03-2024_17-35-13.pth
Wed 03 Apr 2024 18:07:03 INFO  epoch 43 training [time: 20.21s, train loss: 19.5923]
Wed 03 Apr 2024 18:07:26 INFO  epoch 43 evaluating [time: 22.38s, valid_score: 0.171700]
Wed 03 Apr 2024 18:07:26 INFO  valid result: 
recall@10 : 0.1498    mrr@10 : 0.1717    ndcg@10 : 0.1127    hit@10 : 0.3888    precision@10 : 0.0547
Wed 03 Apr 2024 18:07:26 INFO  Saving current: saved/LFM-1b_artist_20U50I/LightGCN/LightGCN-Apr-03-2024_17-35-13.pth
Wed 03 Apr 2024 18:07:47 INFO  epoch 44 training [time: 20.32s, train loss: 18.8946]
Wed 03 Apr 2024 18:08:09 INFO  epoch 44 evaluating [time: 22.39s, valid_score: 0.173100]
Wed 03 Apr 2024 18:08:09 INFO  valid result: 
recall@10 : 0.1509    mrr@10 : 0.1731    ndcg@10 : 0.1136    hit@10 : 0.3905    precision@10 : 0.0551
Wed 03 Apr 2024 18:08:10 INFO  Saving current: saved/LFM-1b_artist_20U50I/LightGCN/LightGCN-Apr-03-2024_17-35-13.pth
Wed 03 Apr 2024 18:08:30 INFO  epoch 45 training [time: 20.25s, train loss: 18.1880]
Wed 03 Apr 2024 18:08:52 INFO  epoch 45 evaluating [time: 22.29s, valid_score: 0.174400]
Wed 03 Apr 2024 18:08:52 INFO  valid result: 
recall@10 : 0.1514    mrr@10 : 0.1744    ndcg@10 : 0.1141    hit@10 : 0.3908    precision@10 : 0.0551
Wed 03 Apr 2024 18:08:53 INFO  Saving current: saved/LFM-1b_artist_20U50I/LightGCN/LightGCN-Apr-03-2024_17-35-13.pth
Wed 03 Apr 2024 18:09:13 INFO  epoch 46 training [time: 20.28s, train loss: 18.1570]
Wed 03 Apr 2024 18:09:36 INFO  epoch 46 evaluating [time: 22.44s, valid_score: 0.175200]
Wed 03 Apr 2024 18:09:36 INFO  valid result: 
recall@10 : 0.1523    mrr@10 : 0.1752    ndcg@10 : 0.1148    hit@10 : 0.3925    precision@10 : 0.0553
Wed 03 Apr 2024 18:09:37 INFO  Saving current: saved/LFM-1b_artist_20U50I/LightGCN/LightGCN-Apr-03-2024_17-35-13.pth
Wed 03 Apr 2024 18:09:57 INFO  epoch 47 training [time: 20.22s, train loss: 17.4686]
Wed 03 Apr 2024 18:10:19 INFO  epoch 47 evaluating [time: 22.44s, valid_score: 0.176500]
Wed 03 Apr 2024 18:10:19 INFO  valid result: 
recall@10 : 0.1533    mrr@10 : 0.1765    ndcg@10 : 0.1156    hit@10 : 0.3936    precision@10 : 0.0555
Wed 03 Apr 2024 18:10:20 INFO  Saving current: saved/LFM-1b_artist_20U50I/LightGCN/LightGCN-Apr-03-2024_17-35-13.pth
Wed 03 Apr 2024 18:10:40 INFO  epoch 48 training [time: 20.22s, train loss: 17.1033]
Wed 03 Apr 2024 18:11:03 INFO  epoch 48 evaluating [time: 22.52s, valid_score: 0.176600]
Wed 03 Apr 2024 18:11:03 INFO  valid result: 
recall@10 : 0.154    mrr@10 : 0.1766    ndcg@10 : 0.116    hit@10 : 0.3948    precision@10 : 0.0558
Wed 03 Apr 2024 18:11:04 INFO  Saving current: saved/LFM-1b_artist_20U50I/LightGCN/LightGCN-Apr-03-2024_17-35-13.pth
Wed 03 Apr 2024 18:11:24 INFO  epoch 49 training [time: 20.20s, train loss: 16.7518]
Wed 03 Apr 2024 18:11:46 INFO  epoch 49 evaluating [time: 22.26s, valid_score: 0.178100]
Wed 03 Apr 2024 18:11:46 INFO  valid result: 
recall@10 : 0.1548    mrr@10 : 0.1781    ndcg@10 : 0.1169    hit@10 : 0.3966    precision@10 : 0.0561
Wed 03 Apr 2024 18:11:47 INFO  Saving current: saved/LFM-1b_artist_20U50I/LightGCN/LightGCN-Apr-03-2024_17-35-13.pth
Wed 03 Apr 2024 18:12:07 INFO  epoch 50 training [time: 20.19s, train loss: 16.5469]
Wed 03 Apr 2024 18:12:29 INFO  epoch 50 evaluating [time: 22.25s, valid_score: 0.179100]
Wed 03 Apr 2024 18:12:29 INFO  valid result: 
recall@10 : 0.1561    mrr@10 : 0.1791    ndcg@10 : 0.1178    hit@10 : 0.3991    precision@10 : 0.0563
Wed 03 Apr 2024 18:12:30 INFO  Saving current: saved/LFM-1b_artist_20U50I/LightGCN/LightGCN-Apr-03-2024_17-35-13.pth
Wed 03 Apr 2024 18:12:50 INFO  epoch 51 training [time: 20.20s, train loss: 16.2826]
Wed 03 Apr 2024 18:13:13 INFO  epoch 51 evaluating [time: 22.36s, valid_score: 0.180100]
Wed 03 Apr 2024 18:13:13 INFO  valid result: 
recall@10 : 0.1566    mrr@10 : 0.1801    ndcg@10 : 0.1183    hit@10 : 0.4    precision@10 : 0.0564
Wed 03 Apr 2024 18:13:13 INFO  Saving current: saved/LFM-1b_artist_20U50I/LightGCN/LightGCN-Apr-03-2024_17-35-13.pth
Wed 03 Apr 2024 18:13:34 INFO  epoch 52 training [time: 20.14s, train loss: 15.6332]
Wed 03 Apr 2024 18:13:56 INFO  epoch 52 evaluating [time: 22.33s, valid_score: 0.180900]
Wed 03 Apr 2024 18:13:56 INFO  valid result: 
recall@10 : 0.1574    mrr@10 : 0.1809    ndcg@10 : 0.119    hit@10 : 0.4011    precision@10 : 0.0565
Wed 03 Apr 2024 18:13:57 INFO  Saving current: saved/LFM-1b_artist_20U50I/LightGCN/LightGCN-Apr-03-2024_17-35-13.pth
Wed 03 Apr 2024 18:14:17 INFO  epoch 53 training [time: 20.12s, train loss: 15.1972]
Wed 03 Apr 2024 18:14:39 INFO  epoch 53 evaluating [time: 22.32s, valid_score: 0.181000]
Wed 03 Apr 2024 18:14:39 INFO  valid result: 
recall@10 : 0.1581    mrr@10 : 0.181    ndcg@10 : 0.1194    hit@10 : 0.402    precision@10 : 0.0569
Wed 03 Apr 2024 18:14:40 INFO  Saving current: saved/LFM-1b_artist_20U50I/LightGCN/LightGCN-Apr-03-2024_17-35-13.pth
Wed 03 Apr 2024 18:15:00 INFO  epoch 54 training [time: 20.13s, train loss: 14.9881]
Wed 03 Apr 2024 18:15:22 INFO  epoch 54 evaluating [time: 22.28s, valid_score: 0.181500]
Wed 03 Apr 2024 18:15:22 INFO  valid result: 
recall@10 : 0.1584    mrr@10 : 0.1815    ndcg@10 : 0.1196    hit@10 : 0.4019    precision@10 : 0.0568
Wed 03 Apr 2024 18:15:23 INFO  Saving current: saved/LFM-1b_artist_20U50I/LightGCN/LightGCN-Apr-03-2024_17-35-13.pth
Wed 03 Apr 2024 18:15:43 INFO  epoch 55 training [time: 20.13s, train loss: 14.5730]
Wed 03 Apr 2024 18:16:06 INFO  epoch 55 evaluating [time: 22.25s, valid_score: 0.182900]
Wed 03 Apr 2024 18:16:06 INFO  valid result: 
recall@10 : 0.1602    mrr@10 : 0.1829    ndcg@10 : 0.1208    hit@10 : 0.4056    precision@10 : 0.0573
Wed 03 Apr 2024 18:16:07 INFO  Saving current: saved/LFM-1b_artist_20U50I/LightGCN/LightGCN-Apr-03-2024_17-35-13.pth
Wed 03 Apr 2024 18:16:27 INFO  epoch 56 training [time: 20.14s, train loss: 14.2778]
Wed 03 Apr 2024 18:16:49 INFO  epoch 56 evaluating [time: 22.32s, valid_score: 0.183800]
Wed 03 Apr 2024 18:16:49 INFO  valid result: 
recall@10 : 0.1613    mrr@10 : 0.1838    ndcg@10 : 0.1215    hit@10 : 0.407    precision@10 : 0.0576
Wed 03 Apr 2024 18:16:50 INFO  Saving current: saved/LFM-1b_artist_20U50I/LightGCN/LightGCN-Apr-03-2024_17-35-13.pth
Wed 03 Apr 2024 18:17:10 INFO  epoch 57 training [time: 20.16s, train loss: 14.0500]
Wed 03 Apr 2024 18:17:32 INFO  epoch 57 evaluating [time: 21.92s, valid_score: 0.183800]
Wed 03 Apr 2024 18:17:32 INFO  valid result: 
recall@10 : 0.1618    mrr@10 : 0.1838    ndcg@10 : 0.1217    hit@10 : 0.4076    precision@10 : 0.0576
Wed 03 Apr 2024 18:17:33 INFO  Saving current: saved/LFM-1b_artist_20U50I/LightGCN/LightGCN-Apr-03-2024_17-35-13.pth
Wed 03 Apr 2024 18:17:53 INFO  epoch 58 training [time: 20.16s, train loss: 13.6729]
Wed 03 Apr 2024 18:18:15 INFO  epoch 58 evaluating [time: 22.03s, valid_score: 0.185000]
Wed 03 Apr 2024 18:18:15 INFO  valid result: 
recall@10 : 0.1622    mrr@10 : 0.185    ndcg@10 : 0.1223    hit@10 : 0.4091    precision@10 : 0.0579
Wed 03 Apr 2024 18:18:16 INFO  Saving current: saved/LFM-1b_artist_20U50I/LightGCN/LightGCN-Apr-03-2024_17-35-13.pth
Wed 03 Apr 2024 18:18:36 INFO  epoch 59 training [time: 20.17s, train loss: 13.3231]
Wed 03 Apr 2024 18:18:58 INFO  epoch 59 evaluating [time: 22.03s, valid_score: 0.185800]
Wed 03 Apr 2024 18:18:58 INFO  valid result: 
recall@10 : 0.1625    mrr@10 : 0.1858    ndcg@10 : 0.1229    hit@10 : 0.41    precision@10 : 0.0582
Wed 03 Apr 2024 18:18:59 INFO  Saving current: saved/LFM-1b_artist_20U50I/LightGCN/LightGCN-Apr-03-2024_17-35-13.pth
Wed 03 Apr 2024 18:19:19 INFO  epoch 60 training [time: 20.16s, train loss: 13.1295]
Wed 03 Apr 2024 18:19:41 INFO  epoch 60 evaluating [time: 22.07s, valid_score: 0.186700]
Wed 03 Apr 2024 18:19:41 INFO  valid result: 
recall@10 : 0.1629    mrr@10 : 0.1867    ndcg@10 : 0.1234    hit@10 : 0.41    precision@10 : 0.0582
Wed 03 Apr 2024 18:19:42 INFO  Saving current: saved/LFM-1b_artist_20U50I/LightGCN/LightGCN-Apr-03-2024_17-35-13.pth
Wed 03 Apr 2024 18:20:03 INFO  epoch 61 training [time: 20.22s, train loss: 13.0168]
Wed 03 Apr 2024 18:20:25 INFO  epoch 61 evaluating [time: 22.08s, valid_score: 0.187500]
Wed 03 Apr 2024 18:20:25 INFO  valid result: 
recall@10 : 0.1625    mrr@10 : 0.1875    ndcg@10 : 0.1237    hit@10 : 0.4101    precision@10 : 0.0582
Wed 03 Apr 2024 18:20:26 INFO  Saving current: saved/LFM-1b_artist_20U50I/LightGCN/LightGCN-Apr-03-2024_17-35-13.pth
Wed 03 Apr 2024 18:20:46 INFO  epoch 62 training [time: 20.29s, train loss: 12.7959]
Wed 03 Apr 2024 18:21:08 INFO  epoch 62 evaluating [time: 22.17s, valid_score: 0.188600]
Wed 03 Apr 2024 18:21:08 INFO  valid result: 
recall@10 : 0.1638    mrr@10 : 0.1886    ndcg@10 : 0.1245    hit@10 : 0.4126    precision@10 : 0.0585
Wed 03 Apr 2024 18:21:09 INFO  Saving current: saved/LFM-1b_artist_20U50I/LightGCN/LightGCN-Apr-03-2024_17-35-13.pth
Wed 03 Apr 2024 18:21:29 INFO  epoch 63 training [time: 20.15s, train loss: 12.5943]
Wed 03 Apr 2024 18:21:51 INFO  epoch 63 evaluating [time: 22.17s, valid_score: 0.189800]
Wed 03 Apr 2024 18:21:51 INFO  valid result: 
recall@10 : 0.1645    mrr@10 : 0.1898    ndcg@10 : 0.1253    hit@10 : 0.4137    precision@10 : 0.0588
Wed 03 Apr 2024 18:21:52 INFO  Saving current: saved/LFM-1b_artist_20U50I/LightGCN/LightGCN-Apr-03-2024_17-35-13.pth
Wed 03 Apr 2024 18:22:13 INFO  epoch 64 training [time: 20.20s, train loss: 12.2832]
Wed 03 Apr 2024 18:22:35 INFO  epoch 64 evaluating [time: 22.09s, valid_score: 0.190100]
Wed 03 Apr 2024 18:22:35 INFO  valid result: 
recall@10 : 0.1651    mrr@10 : 0.1901    ndcg@10 : 0.1255    hit@10 : 0.4147    precision@10 : 0.0589
Wed 03 Apr 2024 18:22:36 INFO  Saving current: saved/LFM-1b_artist_20U50I/LightGCN/LightGCN-Apr-03-2024_17-35-13.pth
Wed 03 Apr 2024 18:22:56 INFO  epoch 65 training [time: 20.09s, train loss: 11.8446]
Wed 03 Apr 2024 18:23:18 INFO  epoch 65 evaluating [time: 22.15s, valid_score: 0.191000]
Wed 03 Apr 2024 18:23:18 INFO  valid result: 
recall@10 : 0.1665    mrr@10 : 0.191    ndcg@10 : 0.1263    hit@10 : 0.4173    precision@10 : 0.0592
Wed 03 Apr 2024 18:23:19 INFO  Saving current: saved/LFM-1b_artist_20U50I/LightGCN/LightGCN-Apr-03-2024_17-35-13.pth
Wed 03 Apr 2024 18:23:39 INFO  epoch 66 training [time: 20.14s, train loss: 11.8262]
Wed 03 Apr 2024 18:24:01 INFO  epoch 66 evaluating [time: 22.23s, valid_score: 0.191900]
Wed 03 Apr 2024 18:24:01 INFO  valid result: 
recall@10 : 0.1666    mrr@10 : 0.1919    ndcg@10 : 0.127    hit@10 : 0.4184    precision@10 : 0.0594
Wed 03 Apr 2024 18:24:02 INFO  Saving current: saved/LFM-1b_artist_20U50I/LightGCN/LightGCN-Apr-03-2024_17-35-13.pth
Wed 03 Apr 2024 18:24:22 INFO  epoch 67 training [time: 20.11s, train loss: 11.5622]
Wed 03 Apr 2024 18:24:44 INFO  epoch 67 evaluating [time: 22.14s, valid_score: 0.192100]
Wed 03 Apr 2024 18:24:44 INFO  valid result: 
recall@10 : 0.1676    mrr@10 : 0.1921    ndcg@10 : 0.1276    hit@10 : 0.4193    precision@10 : 0.0598
Wed 03 Apr 2024 18:24:45 INFO  Saving current: saved/LFM-1b_artist_20U50I/LightGCN/LightGCN-Apr-03-2024_17-35-13.pth
Wed 03 Apr 2024 18:25:05 INFO  epoch 68 training [time: 20.19s, train loss: 11.3465]
Wed 03 Apr 2024 18:25:27 INFO  epoch 68 evaluating [time: 22.21s, valid_score: 0.193100]
Wed 03 Apr 2024 18:25:27 INFO  valid result: 
recall@10 : 0.1692    mrr@10 : 0.1931    ndcg@10 : 0.1284    hit@10 : 0.4218    precision@10 : 0.0601
Wed 03 Apr 2024 18:25:28 INFO  Saving current: saved/LFM-1b_artist_20U50I/LightGCN/LightGCN-Apr-03-2024_17-35-13.pth
Wed 03 Apr 2024 18:25:48 INFO  epoch 69 training [time: 20.20s, train loss: 11.1975]
Wed 03 Apr 2024 18:26:10 INFO  epoch 69 evaluating [time: 22.15s, valid_score: 0.194500]
Wed 03 Apr 2024 18:26:10 INFO  valid result: 
recall@10 : 0.1704    mrr@10 : 0.1945    ndcg@10 : 0.1293    hit@10 : 0.423    precision@10 : 0.0603
Wed 03 Apr 2024 18:26:11 INFO  Saving current: saved/LFM-1b_artist_20U50I/LightGCN/LightGCN-Apr-03-2024_17-35-13.pth
Wed 03 Apr 2024 18:26:32 INFO  epoch 70 training [time: 20.24s, train loss: 11.0505]
Wed 03 Apr 2024 18:26:54 INFO  epoch 70 evaluating [time: 22.17s, valid_score: 0.195300]
Wed 03 Apr 2024 18:26:54 INFO  valid result: 
recall@10 : 0.171    mrr@10 : 0.1953    ndcg@10 : 0.1299    hit@10 : 0.4245    precision@10 : 0.0605
Wed 03 Apr 2024 18:26:55 INFO  Saving current: saved/LFM-1b_artist_20U50I/LightGCN/LightGCN-Apr-03-2024_17-35-13.pth
Wed 03 Apr 2024 18:27:15 INFO  epoch 71 training [time: 20.21s, train loss: 10.8766]
Wed 03 Apr 2024 18:27:37 INFO  epoch 71 evaluating [time: 22.24s, valid_score: 0.195400]
Wed 03 Apr 2024 18:27:37 INFO  valid result: 
recall@10 : 0.1705    mrr@10 : 0.1954    ndcg@10 : 0.1299    hit@10 : 0.4233    precision@10 : 0.0605
Wed 03 Apr 2024 18:27:38 INFO  Saving current: saved/LFM-1b_artist_20U50I/LightGCN/LightGCN-Apr-03-2024_17-35-13.pth
Wed 03 Apr 2024 18:27:59 INFO  epoch 72 training [time: 20.21s, train loss: 10.6760]
Wed 03 Apr 2024 18:28:21 INFO  epoch 72 evaluating [time: 22.21s, valid_score: 0.195800]
Wed 03 Apr 2024 18:28:21 INFO  valid result: 
recall@10 : 0.1703    mrr@10 : 0.1958    ndcg@10 : 0.13    hit@10 : 0.4235    precision@10 : 0.0604
Wed 03 Apr 2024 18:28:22 INFO  Saving current: saved/LFM-1b_artist_20U50I/LightGCN/LightGCN-Apr-03-2024_17-35-13.pth
Wed 03 Apr 2024 18:28:42 INFO  epoch 73 training [time: 20.29s, train loss: 10.5153]
Wed 03 Apr 2024 18:29:04 INFO  epoch 73 evaluating [time: 22.18s, valid_score: 0.196400]
Wed 03 Apr 2024 18:29:04 INFO  valid result: 
recall@10 : 0.1712    mrr@10 : 0.1964    ndcg@10 : 0.1306    hit@10 : 0.4262    precision@10 : 0.0608
Wed 03 Apr 2024 18:29:05 INFO  Saving current: saved/LFM-1b_artist_20U50I/LightGCN/LightGCN-Apr-03-2024_17-35-13.pth
Wed 03 Apr 2024 18:29:25 INFO  epoch 74 training [time: 20.20s, train loss: 10.4109]
Wed 03 Apr 2024 18:29:47 INFO  epoch 74 evaluating [time: 22.22s, valid_score: 0.197400]
Wed 03 Apr 2024 18:29:47 INFO  valid result: 
recall@10 : 0.1712    mrr@10 : 0.1974    ndcg@10 : 0.1311    hit@10 : 0.4265    precision@10 : 0.0609
Wed 03 Apr 2024 18:29:48 INFO  Saving current: saved/LFM-1b_artist_20U50I/LightGCN/LightGCN-Apr-03-2024_17-35-13.pth
Wed 03 Apr 2024 18:30:08 INFO  epoch 75 training [time: 20.38s, train loss: 10.1319]
Wed 03 Apr 2024 18:30:31 INFO  epoch 75 evaluating [time: 22.18s, valid_score: 0.197000]
Wed 03 Apr 2024 18:30:31 INFO  valid result: 
recall@10 : 0.1727    mrr@10 : 0.197    ndcg@10 : 0.1314    hit@10 : 0.4274    precision@10 : 0.0612
Wed 03 Apr 2024 18:30:51 INFO  epoch 76 training [time: 20.34s, train loss: 10.1221]
Wed 03 Apr 2024 18:31:13 INFO  epoch 76 evaluating [time: 22.19s, valid_score: 0.197900]
Wed 03 Apr 2024 18:31:13 INFO  valid result: 
recall@10 : 0.1727    mrr@10 : 0.1979    ndcg@10 : 0.1319    hit@10 : 0.4287    precision@10 : 0.0615
Wed 03 Apr 2024 18:31:14 INFO  Saving current: saved/LFM-1b_artist_20U50I/LightGCN/LightGCN-Apr-03-2024_17-35-13.pth
Wed 03 Apr 2024 18:31:34 INFO  epoch 77 training [time: 20.28s, train loss: 9.7387]
Wed 03 Apr 2024 18:31:56 INFO  epoch 77 evaluating [time: 22.26s, valid_score: 0.198400]
Wed 03 Apr 2024 18:31:56 INFO  valid result: 
recall@10 : 0.174    mrr@10 : 0.1984    ndcg@10 : 0.1324    hit@10 : 0.4309    precision@10 : 0.0618
Wed 03 Apr 2024 18:31:57 INFO  Saving current: saved/LFM-1b_artist_20U50I/LightGCN/LightGCN-Apr-03-2024_17-35-13.pth
Wed 03 Apr 2024 18:32:17 INFO  epoch 78 training [time: 20.24s, train loss: 9.8970]
Wed 03 Apr 2024 18:32:40 INFO  epoch 78 evaluating [time: 22.17s, valid_score: 0.199200]
Wed 03 Apr 2024 18:32:40 INFO  valid result: 
recall@10 : 0.1748    mrr@10 : 0.1992    ndcg@10 : 0.133    hit@10 : 0.4319    precision@10 : 0.0619
Wed 03 Apr 2024 18:32:41 INFO  Saving current: saved/LFM-1b_artist_20U50I/LightGCN/LightGCN-Apr-03-2024_17-35-13.pth
Wed 03 Apr 2024 18:33:01 INFO  epoch 79 training [time: 20.24s, train loss: 9.3935]
Wed 03 Apr 2024 18:33:23 INFO  epoch 79 evaluating [time: 22.27s, valid_score: 0.199500]
Wed 03 Apr 2024 18:33:23 INFO  valid result: 
recall@10 : 0.1746    mrr@10 : 0.1995    ndcg@10 : 0.1333    hit@10 : 0.4316    precision@10 : 0.062
Wed 03 Apr 2024 18:33:24 INFO  Saving current: saved/LFM-1b_artist_20U50I/LightGCN/LightGCN-Apr-03-2024_17-35-13.pth
Wed 03 Apr 2024 18:33:44 INFO  epoch 80 training [time: 20.17s, train loss: 9.4741]
Wed 03 Apr 2024 18:34:06 INFO  epoch 80 evaluating [time: 22.21s, valid_score: 0.199700]
Wed 03 Apr 2024 18:34:06 INFO  valid result: 
recall@10 : 0.1751    mrr@10 : 0.1997    ndcg@10 : 0.1337    hit@10 : 0.4324    precision@10 : 0.0621
Wed 03 Apr 2024 18:34:07 INFO  Saving current: saved/LFM-1b_artist_20U50I/LightGCN/LightGCN-Apr-03-2024_17-35-13.pth
Wed 03 Apr 2024 18:34:27 INFO  epoch 81 training [time: 20.21s, train loss: 9.2229]
Wed 03 Apr 2024 18:34:49 INFO  epoch 81 evaluating [time: 22.13s, valid_score: 0.200600]
Wed 03 Apr 2024 18:34:49 INFO  valid result: 
recall@10 : 0.1756    mrr@10 : 0.2006    ndcg@10 : 0.1342    hit@10 : 0.4327    precision@10 : 0.0623
Wed 03 Apr 2024 18:34:50 INFO  Saving current: saved/LFM-1b_artist_20U50I/LightGCN/LightGCN-Apr-03-2024_17-35-13.pth
Wed 03 Apr 2024 18:35:11 INFO  epoch 82 training [time: 20.31s, train loss: 9.0326]
Wed 03 Apr 2024 18:35:33 INFO  epoch 82 evaluating [time: 22.12s, valid_score: 0.201000]
Wed 03 Apr 2024 18:35:33 INFO  valid result: 
recall@10 : 0.1766    mrr@10 : 0.201    ndcg@10 : 0.1348    hit@10 : 0.4339    precision@10 : 0.0626
Wed 03 Apr 2024 18:35:34 INFO  Saving current: saved/LFM-1b_artist_20U50I/LightGCN/LightGCN-Apr-03-2024_17-35-13.pth
Wed 03 Apr 2024 18:35:54 INFO  epoch 83 training [time: 20.19s, train loss: 8.8446]
Wed 03 Apr 2024 18:36:16 INFO  epoch 83 evaluating [time: 22.26s, valid_score: 0.201200]
Wed 03 Apr 2024 18:36:16 INFO  valid result: 
recall@10 : 0.1771    mrr@10 : 0.2012    ndcg@10 : 0.1351    hit@10 : 0.4345    precision@10 : 0.0626
Wed 03 Apr 2024 18:36:17 INFO  Saving current: saved/LFM-1b_artist_20U50I/LightGCN/LightGCN-Apr-03-2024_17-35-13.pth
Wed 03 Apr 2024 18:36:37 INFO  epoch 84 training [time: 20.16s, train loss: 8.8444]
Wed 03 Apr 2024 18:36:59 INFO  epoch 84 evaluating [time: 22.18s, valid_score: 0.202300]
Wed 03 Apr 2024 18:36:59 INFO  valid result: 
recall@10 : 0.1779    mrr@10 : 0.2023    ndcg@10 : 0.1356    hit@10 : 0.436    precision@10 : 0.0628
Wed 03 Apr 2024 18:37:00 INFO  Saving current: saved/LFM-1b_artist_20U50I/LightGCN/LightGCN-Apr-03-2024_17-35-13.pth
Wed 03 Apr 2024 18:37:20 INFO  epoch 85 training [time: 20.20s, train loss: 8.7344]
Wed 03 Apr 2024 18:37:42 INFO  epoch 85 evaluating [time: 22.23s, valid_score: 0.202700]
Wed 03 Apr 2024 18:37:42 INFO  valid result: 
recall@10 : 0.1778    mrr@10 : 0.2027    ndcg@10 : 0.1358    hit@10 : 0.4357    precision@10 : 0.0629
Wed 03 Apr 2024 18:37:43 INFO  Saving current: saved/LFM-1b_artist_20U50I/LightGCN/LightGCN-Apr-03-2024_17-35-13.pth
Wed 03 Apr 2024 18:38:03 INFO  epoch 86 training [time: 20.21s, train loss: 8.5836]
Wed 03 Apr 2024 18:38:26 INFO  epoch 86 evaluating [time: 22.31s, valid_score: 0.204000]
Wed 03 Apr 2024 18:38:26 INFO  valid result: 
recall@10 : 0.1792    mrr@10 : 0.204    ndcg@10 : 0.1367    hit@10 : 0.4377    precision@10 : 0.0633
Wed 03 Apr 2024 18:38:26 INFO  Saving current: saved/LFM-1b_artist_20U50I/LightGCN/LightGCN-Apr-03-2024_17-35-13.pth
Wed 03 Apr 2024 18:38:47 INFO  epoch 87 training [time: 20.21s, train loss: 8.5347]
Wed 03 Apr 2024 18:39:09 INFO  epoch 87 evaluating [time: 22.30s, valid_score: 0.204000]
Wed 03 Apr 2024 18:39:09 INFO  valid result: 
recall@10 : 0.1794    mrr@10 : 0.204    ndcg@10 : 0.1369    hit@10 : 0.4378    precision@10 : 0.0633
Wed 03 Apr 2024 18:39:10 INFO  Saving current: saved/LFM-1b_artist_20U50I/LightGCN/LightGCN-Apr-03-2024_17-35-13.pth
Wed 03 Apr 2024 18:39:30 INFO  epoch 88 training [time: 20.24s, train loss: 8.3889]
Wed 03 Apr 2024 18:39:52 INFO  epoch 88 evaluating [time: 22.29s, valid_score: 0.205100]
Wed 03 Apr 2024 18:39:52 INFO  valid result: 
recall@10 : 0.1796    mrr@10 : 0.2051    ndcg@10 : 0.1374    hit@10 : 0.4384    precision@10 : 0.0633
Wed 03 Apr 2024 18:39:53 INFO  Saving current: saved/LFM-1b_artist_20U50I/LightGCN/LightGCN-Apr-03-2024_17-35-13.pth
Wed 03 Apr 2024 18:40:13 INFO  epoch 89 training [time: 20.19s, train loss: 8.3199]
Wed 03 Apr 2024 18:40:35 INFO  epoch 89 evaluating [time: 22.24s, valid_score: 0.205000]
Wed 03 Apr 2024 18:40:35 INFO  valid result: 
recall@10 : 0.1808    mrr@10 : 0.205    ndcg@10 : 0.1378    hit@10 : 0.4391    precision@10 : 0.0636
Wed 03 Apr 2024 18:40:56 INFO  epoch 90 training [time: 20.33s, train loss: 8.1990]
Wed 03 Apr 2024 18:41:18 INFO  epoch 90 evaluating [time: 22.40s, valid_score: 0.204800]
Wed 03 Apr 2024 18:41:18 INFO  valid result: 
recall@10 : 0.1806    mrr@10 : 0.2048    ndcg@10 : 0.1377    hit@10 : 0.4395    precision@10 : 0.0637
Wed 03 Apr 2024 18:41:38 INFO  epoch 91 training [time: 20.23s, train loss: 8.0278]
Wed 03 Apr 2024 18:42:01 INFO  epoch 91 evaluating [time: 22.28s, valid_score: 0.205500]
Wed 03 Apr 2024 18:42:01 INFO  valid result: 
recall@10 : 0.1804    mrr@10 : 0.2055    ndcg@10 : 0.1377    hit@10 : 0.4389    precision@10 : 0.0636
Wed 03 Apr 2024 18:42:01 INFO  Saving current: saved/LFM-1b_artist_20U50I/LightGCN/LightGCN-Apr-03-2024_17-35-13.pth
Wed 03 Apr 2024 18:42:22 INFO  epoch 92 training [time: 20.22s, train loss: 8.0192]
Wed 03 Apr 2024 18:42:44 INFO  epoch 92 evaluating [time: 22.32s, valid_score: 0.206700]
Wed 03 Apr 2024 18:42:44 INFO  valid result: 
recall@10 : 0.1811    mrr@10 : 0.2067    ndcg@10 : 0.1385    hit@10 : 0.4402    precision@10 : 0.0639
Wed 03 Apr 2024 18:42:45 INFO  Saving current: saved/LFM-1b_artist_20U50I/LightGCN/LightGCN-Apr-03-2024_17-35-13.pth
Wed 03 Apr 2024 18:43:05 INFO  epoch 93 training [time: 20.23s, train loss: 7.8861]
Wed 03 Apr 2024 18:43:27 INFO  epoch 93 evaluating [time: 22.38s, valid_score: 0.207400]
Wed 03 Apr 2024 18:43:27 INFO  valid result: 
recall@10 : 0.1808    mrr@10 : 0.2074    ndcg@10 : 0.1388    hit@10 : 0.4397    precision@10 : 0.0638
Wed 03 Apr 2024 18:43:28 INFO  Saving current: saved/LFM-1b_artist_20U50I/LightGCN/LightGCN-Apr-03-2024_17-35-13.pth
Wed 03 Apr 2024 18:43:48 INFO  epoch 94 training [time: 20.24s, train loss: 7.8351]
Wed 03 Apr 2024 18:44:11 INFO  epoch 94 evaluating [time: 22.26s, valid_score: 0.207700]
Wed 03 Apr 2024 18:44:11 INFO  valid result: 
recall@10 : 0.1822    mrr@10 : 0.2077    ndcg@10 : 0.1394    hit@10 : 0.4412    precision@10 : 0.0642
Wed 03 Apr 2024 18:44:12 INFO  Saving current: saved/LFM-1b_artist_20U50I/LightGCN/LightGCN-Apr-03-2024_17-35-13.pth
Wed 03 Apr 2024 18:44:32 INFO  epoch 95 training [time: 20.27s, train loss: 7.6044]
Wed 03 Apr 2024 18:44:54 INFO  epoch 95 evaluating [time: 22.27s, valid_score: 0.208400]
Wed 03 Apr 2024 18:44:54 INFO  valid result: 
recall@10 : 0.1821    mrr@10 : 0.2084    ndcg@10 : 0.1398    hit@10 : 0.4409    precision@10 : 0.0642
Wed 03 Apr 2024 18:44:55 INFO  Saving current: saved/LFM-1b_artist_20U50I/LightGCN/LightGCN-Apr-03-2024_17-35-13.pth
Wed 03 Apr 2024 18:45:15 INFO  epoch 96 training [time: 20.27s, train loss: 7.6349]
Wed 03 Apr 2024 18:45:38 INFO  epoch 96 evaluating [time: 22.33s, valid_score: 0.209200]
Wed 03 Apr 2024 18:45:38 INFO  valid result: 
recall@10 : 0.1834    mrr@10 : 0.2092    ndcg@10 : 0.1404    hit@10 : 0.4439    precision@10 : 0.0643
Wed 03 Apr 2024 18:45:38 INFO  Saving current: saved/LFM-1b_artist_20U50I/LightGCN/LightGCN-Apr-03-2024_17-35-13.pth
Wed 03 Apr 2024 18:45:59 INFO  epoch 97 training [time: 20.21s, train loss: 7.4949]
Wed 03 Apr 2024 18:46:21 INFO  epoch 97 evaluating [time: 22.32s, valid_score: 0.208900]
Wed 03 Apr 2024 18:46:21 INFO  valid result: 
recall@10 : 0.1833    mrr@10 : 0.2089    ndcg@10 : 0.1403    hit@10 : 0.4431    precision@10 : 0.0644
Wed 03 Apr 2024 18:46:41 INFO  epoch 98 training [time: 20.40s, train loss: 7.4681]
Wed 03 Apr 2024 18:47:03 INFO  epoch 98 evaluating [time: 22.22s, valid_score: 0.209100]
Wed 03 Apr 2024 18:47:03 INFO  valid result: 
recall@10 : 0.1836    mrr@10 : 0.2091    ndcg@10 : 0.1406    hit@10 : 0.4437    precision@10 : 0.0646
Wed 03 Apr 2024 18:47:24 INFO  epoch 99 training [time: 20.44s, train loss: 7.4070]
Wed 03 Apr 2024 18:47:46 INFO  epoch 99 evaluating [time: 22.30s, valid_score: 0.210000]
Wed 03 Apr 2024 18:47:46 INFO  valid result: 
recall@10 : 0.1831    mrr@10 : 0.21    ndcg@10 : 0.1409    hit@10 : 0.4429    precision@10 : 0.0646
Wed 03 Apr 2024 18:47:47 INFO  Saving current: saved/LFM-1b_artist_20U50I/LightGCN/LightGCN-Apr-03-2024_17-35-13.pth
Wed 03 Apr 2024 18:48:07 INFO  epoch 100 training [time: 20.25s, train loss: 7.1532]
Wed 03 Apr 2024 18:48:29 INFO  epoch 100 evaluating [time: 22.26s, valid_score: 0.210200]
Wed 03 Apr 2024 18:48:29 INFO  valid result: 
recall@10 : 0.1828    mrr@10 : 0.2102    ndcg@10 : 0.1411    hit@10 : 0.4427    precision@10 : 0.0646
Wed 03 Apr 2024 18:48:30 INFO  Saving current: saved/LFM-1b_artist_20U50I/LightGCN/LightGCN-Apr-03-2024_17-35-13.pth
Wed 03 Apr 2024 18:48:51 INFO  epoch 101 training [time: 20.29s, train loss: 7.2143]
Wed 03 Apr 2024 18:49:13 INFO  epoch 101 evaluating [time: 22.33s, valid_score: 0.210400]
Wed 03 Apr 2024 18:49:13 INFO  valid result: 
recall@10 : 0.1834    mrr@10 : 0.2104    ndcg@10 : 0.1414    hit@10 : 0.4434    precision@10 : 0.0647
Wed 03 Apr 2024 18:49:14 INFO  Saving current: saved/LFM-1b_artist_20U50I/LightGCN/LightGCN-Apr-03-2024_17-35-13.pth
Wed 03 Apr 2024 18:49:34 INFO  epoch 102 training [time: 20.18s, train loss: 7.1963]
Wed 03 Apr 2024 18:49:56 INFO  epoch 102 evaluating [time: 22.06s, valid_score: 0.210500]
Wed 03 Apr 2024 18:49:56 INFO  valid result: 
recall@10 : 0.1845    mrr@10 : 0.2105    ndcg@10 : 0.1416    hit@10 : 0.4449    precision@10 : 0.0647
Wed 03 Apr 2024 18:49:57 INFO  Saving current: saved/LFM-1b_artist_20U50I/LightGCN/LightGCN-Apr-03-2024_17-35-13.pth
Wed 03 Apr 2024 18:50:17 INFO  epoch 103 training [time: 20.26s, train loss: 7.0019]
Wed 03 Apr 2024 18:50:39 INFO  epoch 103 evaluating [time: 22.03s, valid_score: 0.210700]
Wed 03 Apr 2024 18:50:39 INFO  valid result: 
recall@10 : 0.185    mrr@10 : 0.2107    ndcg@10 : 0.1419    hit@10 : 0.4452    precision@10 : 0.065
Wed 03 Apr 2024 18:50:40 INFO  Saving current: saved/LFM-1b_artist_20U50I/LightGCN/LightGCN-Apr-03-2024_17-35-13.pth
Wed 03 Apr 2024 18:51:00 INFO  epoch 104 training [time: 20.32s, train loss: 6.8754]
Wed 03 Apr 2024 18:51:22 INFO  epoch 104 evaluating [time: 22.05s, valid_score: 0.211300]
Wed 03 Apr 2024 18:51:22 INFO  valid result: 
recall@10 : 0.1844    mrr@10 : 0.2113    ndcg@10 : 0.1418    hit@10 : 0.4447    precision@10 : 0.0649
Wed 03 Apr 2024 18:51:23 INFO  Saving current: saved/LFM-1b_artist_20U50I/LightGCN/LightGCN-Apr-03-2024_17-35-13.pth
Wed 03 Apr 2024 18:51:43 INFO  epoch 105 training [time: 20.20s, train loss: 6.8205]
Wed 03 Apr 2024 18:52:05 INFO  epoch 105 evaluating [time: 22.07s, valid_score: 0.211900]
Wed 03 Apr 2024 18:52:05 INFO  valid result: 
recall@10 : 0.1851    mrr@10 : 0.2119    ndcg@10 : 0.1424    hit@10 : 0.446    precision@10 : 0.0651
Wed 03 Apr 2024 18:52:06 INFO  Saving current: saved/LFM-1b_artist_20U50I/LightGCN/LightGCN-Apr-03-2024_17-35-13.pth
Wed 03 Apr 2024 18:52:26 INFO  epoch 106 training [time: 20.26s, train loss: 6.8505]
Wed 03 Apr 2024 18:52:48 INFO  epoch 106 evaluating [time: 22.17s, valid_score: 0.211800]
Wed 03 Apr 2024 18:52:48 INFO  valid result: 
recall@10 : 0.1861    mrr@10 : 0.2118    ndcg@10 : 0.1427    hit@10 : 0.4474    precision@10 : 0.0654
Wed 03 Apr 2024 18:53:09 INFO  epoch 107 training [time: 20.31s, train loss: 6.6746]
Wed 03 Apr 2024 18:53:31 INFO  epoch 107 evaluating [time: 22.23s, valid_score: 0.211800]
Wed 03 Apr 2024 18:53:31 INFO  valid result: 
recall@10 : 0.1858    mrr@10 : 0.2118    ndcg@10 : 0.1428    hit@10 : 0.4474    precision@10 : 0.0655
Wed 03 Apr 2024 18:53:51 INFO  epoch 108 training [time: 20.36s, train loss: 6.5192]
Wed 03 Apr 2024 18:54:14 INFO  epoch 108 evaluating [time: 22.22s, valid_score: 0.212400]
Wed 03 Apr 2024 18:54:14 INFO  valid result: 
recall@10 : 0.1866    mrr@10 : 0.2124    ndcg@10 : 0.1432    hit@10 : 0.4479    precision@10 : 0.0657
Wed 03 Apr 2024 18:54:14 INFO  Saving current: saved/LFM-1b_artist_20U50I/LightGCN/LightGCN-Apr-03-2024_17-35-13.pth
Wed 03 Apr 2024 18:54:35 INFO  epoch 109 training [time: 20.21s, train loss: 6.5198]
Wed 03 Apr 2024 18:54:57 INFO  epoch 109 evaluating [time: 22.15s, valid_score: 0.212900]
Wed 03 Apr 2024 18:54:57 INFO  valid result: 
recall@10 : 0.1871    mrr@10 : 0.2129    ndcg@10 : 0.1435    hit@10 : 0.4487    precision@10 : 0.0656
Wed 03 Apr 2024 18:54:58 INFO  Saving current: saved/LFM-1b_artist_20U50I/LightGCN/LightGCN-Apr-03-2024_17-35-13.pth
Wed 03 Apr 2024 18:55:18 INFO  epoch 110 training [time: 20.22s, train loss: 6.4632]
Wed 03 Apr 2024 18:55:42 INFO  epoch 110 evaluating [time: 23.75s, valid_score: 0.213100]
Wed 03 Apr 2024 18:55:42 INFO  valid result: 
recall@10 : 0.1863    mrr@10 : 0.2131    ndcg@10 : 0.1434    hit@10 : 0.448    precision@10 : 0.0655
Wed 03 Apr 2024 18:55:42 INFO  Saving current: saved/LFM-1b_artist_20U50I/LightGCN/LightGCN-Apr-03-2024_17-35-13.pth
Wed 03 Apr 2024 18:56:03 INFO  epoch 111 training [time: 20.24s, train loss: 6.4494]
Wed 03 Apr 2024 18:56:25 INFO  epoch 111 evaluating [time: 22.11s, valid_score: 0.212400]
Wed 03 Apr 2024 18:56:25 INFO  valid result: 
recall@10 : 0.1865    mrr@10 : 0.2124    ndcg@10 : 0.1435    hit@10 : 0.4474    precision@10 : 0.0656
Wed 03 Apr 2024 18:56:45 INFO  epoch 112 training [time: 20.44s, train loss: 6.4164]
Wed 03 Apr 2024 18:57:07 INFO  epoch 112 evaluating [time: 22.16s, valid_score: 0.213100]
Wed 03 Apr 2024 18:57:07 INFO  valid result: 
recall@10 : 0.187    mrr@10 : 0.2131    ndcg@10 : 0.1438    hit@10 : 0.4483    precision@10 : 0.0658
Wed 03 Apr 2024 18:57:08 INFO  Saving current: saved/LFM-1b_artist_20U50I/LightGCN/LightGCN-Apr-03-2024_17-35-13.pth
Wed 03 Apr 2024 18:57:28 INFO  epoch 113 training [time: 20.21s, train loss: 6.2151]
Wed 03 Apr 2024 18:57:51 INFO  epoch 113 evaluating [time: 22.22s, valid_score: 0.213500]
Wed 03 Apr 2024 18:57:51 INFO  valid result: 
recall@10 : 0.1876    mrr@10 : 0.2135    ndcg@10 : 0.1441    hit@10 : 0.4498    precision@10 : 0.0658
Wed 03 Apr 2024 18:57:51 INFO  Saving current: saved/LFM-1b_artist_20U50I/LightGCN/LightGCN-Apr-03-2024_17-35-13.pth
Wed 03 Apr 2024 18:58:12 INFO  epoch 114 training [time: 20.28s, train loss: 6.1717]
Wed 03 Apr 2024 18:58:34 INFO  epoch 114 evaluating [time: 22.22s, valid_score: 0.214500]
Wed 03 Apr 2024 18:58:34 INFO  valid result: 
recall@10 : 0.1873    mrr@10 : 0.2145    ndcg@10 : 0.1444    hit@10 : 0.4485    precision@10 : 0.0657
Wed 03 Apr 2024 18:58:35 INFO  Saving current: saved/LFM-1b_artist_20U50I/LightGCN/LightGCN-Apr-03-2024_17-35-13.pth
Wed 03 Apr 2024 18:58:55 INFO  epoch 115 training [time: 20.27s, train loss: 6.1154]
Wed 03 Apr 2024 18:59:17 INFO  epoch 115 evaluating [time: 22.23s, valid_score: 0.214500]
Wed 03 Apr 2024 18:59:17 INFO  valid result: 
recall@10 : 0.1883    mrr@10 : 0.2145    ndcg@10 : 0.1449    hit@10 : 0.4506    precision@10 : 0.066
Wed 03 Apr 2024 18:59:18 INFO  Saving current: saved/LFM-1b_artist_20U50I/LightGCN/LightGCN-Apr-03-2024_17-35-13.pth
Wed 03 Apr 2024 18:59:38 INFO  epoch 116 training [time: 20.25s, train loss: 6.1770]
Wed 03 Apr 2024 19:00:00 INFO  epoch 116 evaluating [time: 22.23s, valid_score: 0.213900]
Wed 03 Apr 2024 19:00:00 INFO  valid result: 
recall@10 : 0.1877    mrr@10 : 0.2139    ndcg@10 : 0.1445    hit@10 : 0.4494    precision@10 : 0.0658
Wed 03 Apr 2024 19:00:21 INFO  epoch 117 training [time: 20.44s, train loss: 6.0337]
Wed 03 Apr 2024 19:00:43 INFO  epoch 117 evaluating [time: 22.20s, valid_score: 0.214800]
Wed 03 Apr 2024 19:00:43 INFO  valid result: 
recall@10 : 0.1877    mrr@10 : 0.2148    ndcg@10 : 0.1449    hit@10 : 0.4492    precision@10 : 0.0658
Wed 03 Apr 2024 19:00:44 INFO  Saving current: saved/LFM-1b_artist_20U50I/LightGCN/LightGCN-Apr-03-2024_17-35-13.pth
Wed 03 Apr 2024 19:01:04 INFO  epoch 118 training [time: 20.27s, train loss: 6.0719]
Wed 03 Apr 2024 19:01:26 INFO  epoch 118 evaluating [time: 22.26s, valid_score: 0.214200]
Wed 03 Apr 2024 19:01:26 INFO  valid result: 
recall@10 : 0.1879    mrr@10 : 0.2142    ndcg@10 : 0.1448    hit@10 : 0.4482    precision@10 : 0.0657
Wed 03 Apr 2024 19:01:47 INFO  epoch 119 training [time: 20.47s, train loss: 5.8555]
Wed 03 Apr 2024 19:02:09 INFO  epoch 119 evaluating [time: 22.30s, valid_score: 0.214600]
Wed 03 Apr 2024 19:02:09 INFO  valid result: 
recall@10 : 0.1878    mrr@10 : 0.2146    ndcg@10 : 0.145    hit@10 : 0.4488    precision@10 : 0.0658
Wed 03 Apr 2024 19:02:30 INFO  epoch 120 training [time: 20.52s, train loss: 5.8948]
Wed 03 Apr 2024 19:02:52 INFO  epoch 120 evaluating [time: 22.28s, valid_score: 0.215000]
Wed 03 Apr 2024 19:02:52 INFO  valid result: 
recall@10 : 0.1882    mrr@10 : 0.215    ndcg@10 : 0.1451    hit@10 : 0.449    precision@10 : 0.0658
Wed 03 Apr 2024 19:02:53 INFO  Saving current: saved/LFM-1b_artist_20U50I/LightGCN/LightGCN-Apr-03-2024_17-35-13.pth
Wed 03 Apr 2024 19:03:13 INFO  epoch 121 training [time: 20.23s, train loss: 5.8632]
Wed 03 Apr 2024 19:03:35 INFO  epoch 121 evaluating [time: 22.30s, valid_score: 0.215100]
Wed 03 Apr 2024 19:03:35 INFO  valid result: 
recall@10 : 0.1888    mrr@10 : 0.2151    ndcg@10 : 0.1454    hit@10 : 0.4502    precision@10 : 0.0659
Wed 03 Apr 2024 19:03:36 INFO  Saving current: saved/LFM-1b_artist_20U50I/LightGCN/LightGCN-Apr-03-2024_17-35-13.pth
Wed 03 Apr 2024 19:03:56 INFO  epoch 122 training [time: 20.20s, train loss: 5.7082]
Wed 03 Apr 2024 19:04:19 INFO  epoch 122 evaluating [time: 22.24s, valid_score: 0.215300]
Wed 03 Apr 2024 19:04:19 INFO  valid result: 
recall@10 : 0.189    mrr@10 : 0.2153    ndcg@10 : 0.1454    hit@10 : 0.4511    precision@10 : 0.0659
Wed 03 Apr 2024 19:04:19 INFO  Saving current: saved/LFM-1b_artist_20U50I/LightGCN/LightGCN-Apr-03-2024_17-35-13.pth
Wed 03 Apr 2024 19:04:40 INFO  epoch 123 training [time: 20.26s, train loss: 5.6275]
Wed 03 Apr 2024 19:05:02 INFO  epoch 123 evaluating [time: 22.43s, valid_score: 0.215400]
Wed 03 Apr 2024 19:05:02 INFO  valid result: 
recall@10 : 0.1889    mrr@10 : 0.2154    ndcg@10 : 0.1455    hit@10 : 0.4498    precision@10 : 0.0659
Wed 03 Apr 2024 19:05:03 INFO  Saving current: saved/LFM-1b_artist_20U50I/LightGCN/LightGCN-Apr-03-2024_17-35-13.pth
Wed 03 Apr 2024 19:05:23 INFO  epoch 124 training [time: 20.28s, train loss: 5.5251]
Wed 03 Apr 2024 19:05:45 INFO  epoch 124 evaluating [time: 22.22s, valid_score: 0.215500]
Wed 03 Apr 2024 19:05:45 INFO  valid result: 
recall@10 : 0.1891    mrr@10 : 0.2155    ndcg@10 : 0.1457    hit@10 : 0.4497    precision@10 : 0.066
Wed 03 Apr 2024 19:05:46 INFO  Saving current: saved/LFM-1b_artist_20U50I/LightGCN/LightGCN-Apr-03-2024_17-35-13.pth
Wed 03 Apr 2024 19:06:07 INFO  epoch 125 training [time: 20.29s, train loss: 5.5952]
Wed 03 Apr 2024 19:06:29 INFO  epoch 125 evaluating [time: 22.24s, valid_score: 0.215600]
Wed 03 Apr 2024 19:06:29 INFO  valid result: 
recall@10 : 0.1888    mrr@10 : 0.2156    ndcg@10 : 0.1456    hit@10 : 0.4491    precision@10 : 0.0658
Wed 03 Apr 2024 19:06:30 INFO  Saving current: saved/LFM-1b_artist_20U50I/LightGCN/LightGCN-Apr-03-2024_17-35-13.pth
Wed 03 Apr 2024 19:06:50 INFO  epoch 126 training [time: 20.31s, train loss: 5.5866]
Wed 03 Apr 2024 19:07:12 INFO  epoch 126 evaluating [time: 22.30s, valid_score: 0.217000]
Wed 03 Apr 2024 19:07:12 INFO  valid result: 
recall@10 : 0.1897    mrr@10 : 0.217    ndcg@10 : 0.1462    hit@10 : 0.4518    precision@10 : 0.066
Wed 03 Apr 2024 19:07:13 INFO  Saving current: saved/LFM-1b_artist_20U50I/LightGCN/LightGCN-Apr-03-2024_17-35-13.pth
Wed 03 Apr 2024 19:07:34 INFO  epoch 127 training [time: 20.26s, train loss: 5.5119]
Wed 03 Apr 2024 19:07:56 INFO  epoch 127 evaluating [time: 22.26s, valid_score: 0.217700]
Wed 03 Apr 2024 19:07:56 INFO  valid result: 
recall@10 : 0.1895    mrr@10 : 0.2177    ndcg@10 : 0.1466    hit@10 : 0.4514    precision@10 : 0.066
Wed 03 Apr 2024 19:07:57 INFO  Saving current: saved/LFM-1b_artist_20U50I/LightGCN/LightGCN-Apr-03-2024_17-35-13.pth
Wed 03 Apr 2024 19:08:17 INFO  epoch 128 training [time: 20.32s, train loss: 5.2943]
Wed 03 Apr 2024 19:08:40 INFO  epoch 128 evaluating [time: 22.22s, valid_score: 0.217500]
Wed 03 Apr 2024 19:08:40 INFO  valid result: 
recall@10 : 0.1899    mrr@10 : 0.2175    ndcg@10 : 0.1467    hit@10 : 0.4526    precision@10 : 0.0662
Wed 03 Apr 2024 19:09:00 INFO  epoch 129 training [time: 20.39s, train loss: 5.4868]
Wed 03 Apr 2024 19:09:22 INFO  epoch 129 evaluating [time: 22.37s, valid_score: 0.218200]
Wed 03 Apr 2024 19:09:22 INFO  valid result: 
recall@10 : 0.1896    mrr@10 : 0.2182    ndcg@10 : 0.1468    hit@10 : 0.4513    precision@10 : 0.066
Wed 03 Apr 2024 19:09:23 INFO  Saving current: saved/LFM-1b_artist_20U50I/LightGCN/LightGCN-Apr-03-2024_17-35-13.pth
Wed 03 Apr 2024 19:09:44 INFO  epoch 130 training [time: 20.25s, train loss: 5.3404]
Wed 03 Apr 2024 19:10:06 INFO  epoch 130 evaluating [time: 22.45s, valid_score: 0.218100]
Wed 03 Apr 2024 19:10:06 INFO  valid result: 
recall@10 : 0.1906    mrr@10 : 0.2181    ndcg@10 : 0.1472    hit@10 : 0.4523    precision@10 : 0.0662
Wed 03 Apr 2024 19:10:27 INFO  epoch 131 training [time: 20.48s, train loss: 5.2717]
Wed 03 Apr 2024 19:10:49 INFO  epoch 131 evaluating [time: 22.38s, valid_score: 0.217900]
Wed 03 Apr 2024 19:10:49 INFO  valid result: 
recall@10 : 0.19    mrr@10 : 0.2179    ndcg@10 : 0.1471    hit@10 : 0.4521    precision@10 : 0.0662
Wed 03 Apr 2024 19:11:09 INFO  epoch 132 training [time: 20.42s, train loss: 5.3148]
Wed 03 Apr 2024 19:11:32 INFO  epoch 132 evaluating [time: 22.37s, valid_score: 0.218300]
Wed 03 Apr 2024 19:11:32 INFO  valid result: 
recall@10 : 0.1909    mrr@10 : 0.2183    ndcg@10 : 0.1475    hit@10 : 0.4523    precision@10 : 0.0662
Wed 03 Apr 2024 19:11:33 INFO  Saving current: saved/LFM-1b_artist_20U50I/LightGCN/LightGCN-Apr-03-2024_17-35-13.pth
Wed 03 Apr 2024 19:11:53 INFO  epoch 133 training [time: 20.24s, train loss: 5.2640]
Wed 03 Apr 2024 19:12:15 INFO  epoch 133 evaluating [time: 22.28s, valid_score: 0.218300]
Wed 03 Apr 2024 19:12:15 INFO  valid result: 
recall@10 : 0.1919    mrr@10 : 0.2183    ndcg@10 : 0.1478    hit@10 : 0.4543    precision@10 : 0.0664
Wed 03 Apr 2024 19:12:16 INFO  Saving current: saved/LFM-1b_artist_20U50I/LightGCN/LightGCN-Apr-03-2024_17-35-13.pth
Wed 03 Apr 2024 19:12:36 INFO  epoch 134 training [time: 20.26s, train loss: 5.1029]
Wed 03 Apr 2024 19:12:59 INFO  epoch 134 evaluating [time: 22.31s, valid_score: 0.218700]
Wed 03 Apr 2024 19:12:59 INFO  valid result: 
recall@10 : 0.1921    mrr@10 : 0.2187    ndcg@10 : 0.1478    hit@10 : 0.4542    precision@10 : 0.0664
Wed 03 Apr 2024 19:12:59 INFO  Saving current: saved/LFM-1b_artist_20U50I/LightGCN/LightGCN-Apr-03-2024_17-35-13.pth
Wed 03 Apr 2024 19:13:20 INFO  epoch 135 training [time: 20.25s, train loss: 5.0218]
Wed 03 Apr 2024 19:13:42 INFO  epoch 135 evaluating [time: 22.22s, valid_score: 0.219200]
Wed 03 Apr 2024 19:13:42 INFO  valid result: 
recall@10 : 0.1918    mrr@10 : 0.2192    ndcg@10 : 0.148    hit@10 : 0.454    precision@10 : 0.0664
Wed 03 Apr 2024 19:13:42 INFO  Saving current: saved/LFM-1b_artist_20U50I/LightGCN/LightGCN-Apr-03-2024_17-35-13.pth
Wed 03 Apr 2024 19:14:03 INFO  epoch 136 training [time: 20.26s, train loss: 4.9935]
Wed 03 Apr 2024 19:14:25 INFO  epoch 136 evaluating [time: 22.24s, valid_score: 0.220300]
Wed 03 Apr 2024 19:14:25 INFO  valid result: 
recall@10 : 0.1931    mrr@10 : 0.2203    ndcg@10 : 0.1489    hit@10 : 0.4562    precision@10 : 0.0668
Wed 03 Apr 2024 19:14:26 INFO  Saving current: saved/LFM-1b_artist_20U50I/LightGCN/LightGCN-Apr-03-2024_17-35-13.pth
Wed 03 Apr 2024 19:14:46 INFO  epoch 137 training [time: 20.22s, train loss: 5.0217]
Wed 03 Apr 2024 19:15:09 INFO  epoch 137 evaluating [time: 22.47s, valid_score: 0.220100]
Wed 03 Apr 2024 19:15:09 INFO  valid result: 
recall@10 : 0.1924    mrr@10 : 0.2201    ndcg@10 : 0.1487    hit@10 : 0.4549    precision@10 : 0.0668
Wed 03 Apr 2024 19:15:29 INFO  epoch 138 training [time: 20.40s, train loss: 5.0122]
Wed 03 Apr 2024 19:15:51 INFO  epoch 138 evaluating [time: 22.24s, valid_score: 0.219900]
Wed 03 Apr 2024 19:15:51 INFO  valid result: 
recall@10 : 0.1927    mrr@10 : 0.2199    ndcg@10 : 0.1487    hit@10 : 0.4552    precision@10 : 0.0666
Wed 03 Apr 2024 19:16:12 INFO  epoch 139 training [time: 20.35s, train loss: 4.9384]
Wed 03 Apr 2024 19:16:34 INFO  epoch 139 evaluating [time: 22.19s, valid_score: 0.220400]
Wed 03 Apr 2024 19:16:34 INFO  valid result: 
recall@10 : 0.1924    mrr@10 : 0.2204    ndcg@10 : 0.1488    hit@10 : 0.4553    precision@10 : 0.0667
Wed 03 Apr 2024 19:16:35 INFO  Saving current: saved/LFM-1b_artist_20U50I/LightGCN/LightGCN-Apr-03-2024_17-35-13.pth
Wed 03 Apr 2024 19:16:55 INFO  epoch 140 training [time: 20.27s, train loss: 4.8339]
Wed 03 Apr 2024 19:17:17 INFO  epoch 140 evaluating [time: 22.30s, valid_score: 0.220200]
Wed 03 Apr 2024 19:17:17 INFO  valid result: 
recall@10 : 0.1924    mrr@10 : 0.2202    ndcg@10 : 0.1487    hit@10 : 0.4548    precision@10 : 0.0667
Wed 03 Apr 2024 19:17:38 INFO  epoch 141 training [time: 20.39s, train loss: 4.9095]
Wed 03 Apr 2024 19:18:00 INFO  epoch 141 evaluating [time: 22.25s, valid_score: 0.220800]
Wed 03 Apr 2024 19:18:00 INFO  valid result: 
recall@10 : 0.1931    mrr@10 : 0.2208    ndcg@10 : 0.1491    hit@10 : 0.4552    precision@10 : 0.0667
Wed 03 Apr 2024 19:18:01 INFO  Saving current: saved/LFM-1b_artist_20U50I/LightGCN/LightGCN-Apr-03-2024_17-35-13.pth
Wed 03 Apr 2024 19:18:21 INFO  epoch 142 training [time: 20.23s, train loss: 4.8600]
Wed 03 Apr 2024 19:18:43 INFO  epoch 142 evaluating [time: 22.25s, valid_score: 0.220700]
Wed 03 Apr 2024 19:18:43 INFO  valid result: 
recall@10 : 0.1931    mrr@10 : 0.2207    ndcg@10 : 0.1492    hit@10 : 0.4556    precision@10 : 0.0668
Wed 03 Apr 2024 19:19:03 INFO  epoch 143 training [time: 20.39s, train loss: 4.8973]
Wed 03 Apr 2024 19:19:26 INFO  epoch 143 evaluating [time: 22.41s, valid_score: 0.221500]
Wed 03 Apr 2024 19:19:26 INFO  valid result: 
recall@10 : 0.1933    mrr@10 : 0.2215    ndcg@10 : 0.1497    hit@10 : 0.4557    precision@10 : 0.067
Wed 03 Apr 2024 19:19:27 INFO  Saving current: saved/LFM-1b_artist_20U50I/LightGCN/LightGCN-Apr-03-2024_17-35-13.pth
Wed 03 Apr 2024 19:19:47 INFO  epoch 144 training [time: 20.21s, train loss: 4.8012]
Wed 03 Apr 2024 19:20:09 INFO  epoch 144 evaluating [time: 22.35s, valid_score: 0.221100]
Wed 03 Apr 2024 19:20:09 INFO  valid result: 
recall@10 : 0.1932    mrr@10 : 0.2211    ndcg@10 : 0.1494    hit@10 : 0.4544    precision@10 : 0.0669
Wed 03 Apr 2024 19:20:30 INFO  epoch 145 training [time: 20.50s, train loss: 4.7399]
Wed 03 Apr 2024 19:20:52 INFO  epoch 145 evaluating [time: 22.28s, valid_score: 0.221500]
Wed 03 Apr 2024 19:20:52 INFO  valid result: 
recall@10 : 0.1933    mrr@10 : 0.2215    ndcg@10 : 0.1496    hit@10 : 0.4558    precision@10 : 0.067
Wed 03 Apr 2024 19:20:53 INFO  Saving current: saved/LFM-1b_artist_20U50I/LightGCN/LightGCN-Apr-03-2024_17-35-13.pth
Wed 03 Apr 2024 19:21:13 INFO  epoch 146 training [time: 20.21s, train loss: 4.6495]
Wed 03 Apr 2024 19:21:35 INFO  epoch 146 evaluating [time: 22.23s, valid_score: 0.221500]
Wed 03 Apr 2024 19:21:35 INFO  valid result: 
recall@10 : 0.194    mrr@10 : 0.2215    ndcg@10 : 0.1498    hit@10 : 0.4572    precision@10 : 0.0671
Wed 03 Apr 2024 19:21:36 INFO  Saving current: saved/LFM-1b_artist_20U50I/LightGCN/LightGCN-Apr-03-2024_17-35-13.pth
Wed 03 Apr 2024 19:21:56 INFO  epoch 147 training [time: 20.21s, train loss: 4.6677]
Wed 03 Apr 2024 19:22:18 INFO  epoch 147 evaluating [time: 22.05s, valid_score: 0.221700]
Wed 03 Apr 2024 19:22:18 INFO  valid result: 
recall@10 : 0.1937    mrr@10 : 0.2217    ndcg@10 : 0.1502    hit@10 : 0.4568    precision@10 : 0.0671
Wed 03 Apr 2024 19:22:19 INFO  Saving current: saved/LFM-1b_artist_20U50I/LightGCN/LightGCN-Apr-03-2024_17-35-13.pth
Wed 03 Apr 2024 19:22:39 INFO  epoch 148 training [time: 20.15s, train loss: 4.7245]
Wed 03 Apr 2024 19:23:01 INFO  epoch 148 evaluating [time: 22.25s, valid_score: 0.221700]
Wed 03 Apr 2024 19:23:01 INFO  valid result: 
recall@10 : 0.1944    mrr@10 : 0.2217    ndcg@10 : 0.1504    hit@10 : 0.4576    precision@10 : 0.0672
Wed 03 Apr 2024 19:23:02 INFO  Saving current: saved/LFM-1b_artist_20U50I/LightGCN/LightGCN-Apr-03-2024_17-35-13.pth
Wed 03 Apr 2024 19:23:22 INFO  epoch 149 training [time: 20.22s, train loss: 4.5330]
Wed 03 Apr 2024 19:23:45 INFO  epoch 149 evaluating [time: 22.24s, valid_score: 0.221900]
Wed 03 Apr 2024 19:23:45 INFO  valid result: 
recall@10 : 0.1944    mrr@10 : 0.2219    ndcg@10 : 0.1505    hit@10 : 0.4571    precision@10 : 0.0674
Wed 03 Apr 2024 19:23:45 INFO  Saving current: saved/LFM-1b_artist_20U50I/LightGCN/LightGCN-Apr-03-2024_17-35-13.pth
Wed 03 Apr 2024 19:24:05 INFO  epoch 150 training [time: 20.22s, train loss: 4.5253]
Wed 03 Apr 2024 19:24:28 INFO  epoch 150 evaluating [time: 22.12s, valid_score: 0.222100]
Wed 03 Apr 2024 19:24:28 INFO  valid result: 
recall@10 : 0.1937    mrr@10 : 0.2221    ndcg@10 : 0.1502    hit@10 : 0.4566    precision@10 : 0.0673
Wed 03 Apr 2024 19:24:28 INFO  Saving current: saved/LFM-1b_artist_20U50I/LightGCN/LightGCN-Apr-03-2024_17-35-13.pth
Wed 03 Apr 2024 19:24:48 INFO  epoch 151 training [time: 20.16s, train loss: 4.4337]
Wed 03 Apr 2024 19:25:11 INFO  epoch 151 evaluating [time: 22.22s, valid_score: 0.222500]
Wed 03 Apr 2024 19:25:11 INFO  valid result: 
recall@10 : 0.1936    mrr@10 : 0.2225    ndcg@10 : 0.1505    hit@10 : 0.4568    precision@10 : 0.0674
Wed 03 Apr 2024 19:25:11 INFO  Saving current: saved/LFM-1b_artist_20U50I/LightGCN/LightGCN-Apr-03-2024_17-35-13.pth
Wed 03 Apr 2024 19:25:32 INFO  epoch 152 training [time: 20.19s, train loss: 4.5516]
Wed 03 Apr 2024 19:25:55 INFO  epoch 152 evaluating [time: 23.77s, valid_score: 0.221900]
Wed 03 Apr 2024 19:25:55 INFO  valid result: 
recall@10 : 0.1946    mrr@10 : 0.2219    ndcg@10 : 0.1507    hit@10 : 0.4576    precision@10 : 0.0676
Wed 03 Apr 2024 19:26:16 INFO  epoch 153 training [time: 20.22s, train loss: 4.4309]
Wed 03 Apr 2024 19:26:38 INFO  epoch 153 evaluating [time: 22.20s, valid_score: 0.221900]
Wed 03 Apr 2024 19:26:38 INFO  valid result: 
recall@10 : 0.1943    mrr@10 : 0.2219    ndcg@10 : 0.1504    hit@10 : 0.4577    precision@10 : 0.0676
Wed 03 Apr 2024 19:26:58 INFO  epoch 154 training [time: 20.33s, train loss: 4.4718]
Wed 03 Apr 2024 19:27:20 INFO  epoch 154 evaluating [time: 22.27s, valid_score: 0.221900]
Wed 03 Apr 2024 19:27:20 INFO  valid result: 
recall@10 : 0.1951    mrr@10 : 0.2219    ndcg@10 : 0.1507    hit@10 : 0.4583    precision@10 : 0.0676
Wed 03 Apr 2024 19:27:41 INFO  epoch 155 training [time: 20.19s, train loss: 4.3768]
Wed 03 Apr 2024 19:28:03 INFO  epoch 155 evaluating [time: 22.31s, valid_score: 0.221200]
Wed 03 Apr 2024 19:28:03 INFO  valid result: 
recall@10 : 0.1952    mrr@10 : 0.2212    ndcg@10 : 0.1503    hit@10 : 0.4586    precision@10 : 0.0675
Wed 03 Apr 2024 19:28:23 INFO  epoch 156 training [time: 20.20s, train loss: 4.4413]
Wed 03 Apr 2024 19:28:45 INFO  epoch 156 evaluating [time: 21.78s, valid_score: 0.221400]
Wed 03 Apr 2024 19:28:45 INFO  valid result: 
recall@10 : 0.1952    mrr@10 : 0.2214    ndcg@10 : 0.1505    hit@10 : 0.4593    precision@10 : 0.0676
Wed 03 Apr 2024 19:29:05 INFO  epoch 157 training [time: 20.17s, train loss: 4.2908]
Wed 03 Apr 2024 19:29:27 INFO  epoch 157 evaluating [time: 21.74s, valid_score: 0.222500]
Wed 03 Apr 2024 19:29:27 INFO  valid result: 
recall@10 : 0.1958    mrr@10 : 0.2225    ndcg@10 : 0.151    hit@10 : 0.4609    precision@10 : 0.0676
Wed 03 Apr 2024 19:29:28 INFO  Saving current: saved/LFM-1b_artist_20U50I/LightGCN/LightGCN-Apr-03-2024_17-35-13.pth
Wed 03 Apr 2024 19:29:48 INFO  epoch 158 training [time: 20.16s, train loss: 4.3040]
Wed 03 Apr 2024 19:30:10 INFO  epoch 158 evaluating [time: 21.90s, valid_score: 0.222600]
Wed 03 Apr 2024 19:30:10 INFO  valid result: 
recall@10 : 0.1954    mrr@10 : 0.2226    ndcg@10 : 0.1509    hit@10 : 0.4594    precision@10 : 0.0676
Wed 03 Apr 2024 19:30:10 INFO  Saving current: saved/LFM-1b_artist_20U50I/LightGCN/LightGCN-Apr-03-2024_17-35-13.pth
Wed 03 Apr 2024 19:30:31 INFO  epoch 159 training [time: 20.24s, train loss: 4.1854]
Wed 03 Apr 2024 19:30:52 INFO  epoch 159 evaluating [time: 21.77s, valid_score: 0.221700]
Wed 03 Apr 2024 19:30:52 INFO  valid result: 
recall@10 : 0.1956    mrr@10 : 0.2217    ndcg@10 : 0.1507    hit@10 : 0.4595    precision@10 : 0.0676
Wed 03 Apr 2024 19:31:13 INFO  epoch 160 training [time: 20.41s, train loss: 4.2295]
Wed 03 Apr 2024 19:31:35 INFO  epoch 160 evaluating [time: 21.82s, valid_score: 0.222100]
Wed 03 Apr 2024 19:31:35 INFO  valid result: 
recall@10 : 0.1963    mrr@10 : 0.2221    ndcg@10 : 0.1509    hit@10 : 0.4617    precision@10 : 0.0677
Wed 03 Apr 2024 19:31:55 INFO  epoch 161 training [time: 20.42s, train loss: 4.1181]
Wed 03 Apr 2024 19:32:17 INFO  epoch 161 evaluating [time: 21.88s, valid_score: 0.221200]
Wed 03 Apr 2024 19:32:17 INFO  valid result: 
recall@10 : 0.1965    mrr@10 : 0.2212    ndcg@10 : 0.1508    hit@10 : 0.4598    precision@10 : 0.0676
Wed 03 Apr 2024 19:32:37 INFO  epoch 162 training [time: 20.20s, train loss: 4.1873]
Wed 03 Apr 2024 19:32:59 INFO  epoch 162 evaluating [time: 21.91s, valid_score: 0.221500]
Wed 03 Apr 2024 19:32:59 INFO  valid result: 
recall@10 : 0.1967    mrr@10 : 0.2215    ndcg@10 : 0.1507    hit@10 : 0.4608    precision@10 : 0.0676
Wed 03 Apr 2024 19:33:19 INFO  epoch 163 training [time: 20.19s, train loss: 4.1527]
Wed 03 Apr 2024 19:33:41 INFO  epoch 163 evaluating [time: 21.80s, valid_score: 0.222100]
Wed 03 Apr 2024 19:33:41 INFO  valid result: 
recall@10 : 0.1961    mrr@10 : 0.2221    ndcg@10 : 0.1508    hit@10 : 0.4598    precision@10 : 0.0675
Wed 03 Apr 2024 19:34:01 INFO  epoch 164 training [time: 20.20s, train loss: 4.0632]
Wed 03 Apr 2024 19:34:23 INFO  epoch 164 evaluating [time: 21.75s, valid_score: 0.222400]
Wed 03 Apr 2024 19:34:23 INFO  valid result: 
recall@10 : 0.1965    mrr@10 : 0.2224    ndcg@10 : 0.1511    hit@10 : 0.4606    precision@10 : 0.0675
Wed 03 Apr 2024 19:34:43 INFO  epoch 165 training [time: 20.18s, train loss: 4.1118]
Wed 03 Apr 2024 19:35:05 INFO  epoch 165 evaluating [time: 21.88s, valid_score: 0.222600]
Wed 03 Apr 2024 19:35:05 INFO  valid result: 
recall@10 : 0.1972    mrr@10 : 0.2226    ndcg@10 : 0.1514    hit@10 : 0.4617    precision@10 : 0.0677
Wed 03 Apr 2024 19:35:06 INFO  Saving current: saved/LFM-1b_artist_20U50I/LightGCN/LightGCN-Apr-03-2024_17-35-13.pth
Wed 03 Apr 2024 19:35:26 INFO  epoch 166 training [time: 20.25s, train loss: 4.0643]
Wed 03 Apr 2024 19:35:48 INFO  epoch 166 evaluating [time: 21.82s, valid_score: 0.223100]
Wed 03 Apr 2024 19:35:48 INFO  valid result: 
recall@10 : 0.1974    mrr@10 : 0.2231    ndcg@10 : 0.1517    hit@10 : 0.4609    precision@10 : 0.0676
Wed 03 Apr 2024 19:35:49 INFO  Saving current: saved/LFM-1b_artist_20U50I/LightGCN/LightGCN-Apr-03-2024_17-35-13.pth
Wed 03 Apr 2024 19:36:09 INFO  epoch 167 training [time: 20.21s, train loss: 4.0084]
Wed 03 Apr 2024 19:36:31 INFO  epoch 167 evaluating [time: 21.86s, valid_score: 0.223400]
Wed 03 Apr 2024 19:36:31 INFO  valid result: 
recall@10 : 0.1968    mrr@10 : 0.2234    ndcg@10 : 0.1517    hit@10 : 0.4605    precision@10 : 0.0677
Wed 03 Apr 2024 19:36:31 INFO  Saving current: saved/LFM-1b_artist_20U50I/LightGCN/LightGCN-Apr-03-2024_17-35-13.pth
Wed 03 Apr 2024 19:36:52 INFO  epoch 168 training [time: 20.29s, train loss: 4.0963]
Wed 03 Apr 2024 19:37:14 INFO  epoch 168 evaluating [time: 21.84s, valid_score: 0.223800]
Wed 03 Apr 2024 19:37:14 INFO  valid result: 
recall@10 : 0.1966    mrr@10 : 0.2238    ndcg@10 : 0.1517    hit@10 : 0.46    precision@10 : 0.0676
Wed 03 Apr 2024 19:37:15 INFO  Saving current: saved/LFM-1b_artist_20U50I/LightGCN/LightGCN-Apr-03-2024_17-35-13.pth
Wed 03 Apr 2024 19:37:35 INFO  epoch 169 training [time: 20.34s, train loss: 3.9560]
Wed 03 Apr 2024 19:37:57 INFO  epoch 169 evaluating [time: 21.83s, valid_score: 0.223600]
Wed 03 Apr 2024 19:37:57 INFO  valid result: 
recall@10 : 0.1975    mrr@10 : 0.2236    ndcg@10 : 0.1519    hit@10 : 0.4615    precision@10 : 0.068
Wed 03 Apr 2024 19:38:17 INFO  epoch 170 training [time: 20.51s, train loss: 4.0396]
Wed 03 Apr 2024 19:38:39 INFO  epoch 170 evaluating [time: 21.83s, valid_score: 0.223400]
Wed 03 Apr 2024 19:38:39 INFO  valid result: 
recall@10 : 0.1975    mrr@10 : 0.2234    ndcg@10 : 0.152    hit@10 : 0.4612    precision@10 : 0.0679
Wed 03 Apr 2024 19:38:59 INFO  epoch 171 training [time: 20.33s, train loss: 4.0131]
Wed 03 Apr 2024 19:39:21 INFO  epoch 171 evaluating [time: 21.86s, valid_score: 0.223300]
Wed 03 Apr 2024 19:39:21 INFO  valid result: 
recall@10 : 0.1966    mrr@10 : 0.2233    ndcg@10 : 0.1516    hit@10 : 0.4595    precision@10 : 0.0678
Wed 03 Apr 2024 19:39:42 INFO  epoch 172 training [time: 20.28s, train loss: 3.9897]
Wed 03 Apr 2024 19:40:04 INFO  epoch 172 evaluating [time: 21.95s, valid_score: 0.223600]
Wed 03 Apr 2024 19:40:04 INFO  valid result: 
recall@10 : 0.1965    mrr@10 : 0.2236    ndcg@10 : 0.1519    hit@10 : 0.4592    precision@10 : 0.0677
Wed 03 Apr 2024 19:40:24 INFO  epoch 173 training [time: 20.27s, train loss: 3.8504]
Wed 03 Apr 2024 19:40:46 INFO  epoch 173 evaluating [time: 21.76s, valid_score: 0.224400]
Wed 03 Apr 2024 19:40:46 INFO  valid result: 
recall@10 : 0.1967    mrr@10 : 0.2244    ndcg@10 : 0.1523    hit@10 : 0.4605    precision@10 : 0.068
Wed 03 Apr 2024 19:40:46 INFO  Saving current: saved/LFM-1b_artist_20U50I/LightGCN/LightGCN-Apr-03-2024_17-35-13.pth
Wed 03 Apr 2024 19:41:07 INFO  epoch 174 training [time: 20.26s, train loss: 3.8267]
Wed 03 Apr 2024 19:41:28 INFO  epoch 174 evaluating [time: 21.78s, valid_score: 0.223800]
Wed 03 Apr 2024 19:41:28 INFO  valid result: 
recall@10 : 0.1968    mrr@10 : 0.2238    ndcg@10 : 0.152    hit@10 : 0.4599    precision@10 : 0.0679
Wed 03 Apr 2024 19:41:49 INFO  epoch 175 training [time: 20.50s, train loss: 3.8114]
Wed 03 Apr 2024 19:42:11 INFO  epoch 175 evaluating [time: 21.79s, valid_score: 0.223900]
Wed 03 Apr 2024 19:42:11 INFO  valid result: 
recall@10 : 0.1965    mrr@10 : 0.2239    ndcg@10 : 0.1519    hit@10 : 0.4605    precision@10 : 0.0678
Wed 03 Apr 2024 19:42:31 INFO  epoch 176 training [time: 20.41s, train loss: 3.8552]
Wed 03 Apr 2024 19:42:53 INFO  epoch 176 evaluating [time: 21.77s, valid_score: 0.223900]
Wed 03 Apr 2024 19:42:53 INFO  valid result: 
recall@10 : 0.1975    mrr@10 : 0.2239    ndcg@10 : 0.1522    hit@10 : 0.4619    precision@10 : 0.068
Wed 03 Apr 2024 19:43:13 INFO  epoch 177 training [time: 20.45s, train loss: 3.8356]
Wed 03 Apr 2024 19:43:35 INFO  epoch 177 evaluating [time: 21.84s, valid_score: 0.224600]
Wed 03 Apr 2024 19:43:35 INFO  valid result: 
recall@10 : 0.1976    mrr@10 : 0.2246    ndcg@10 : 0.1525    hit@10 : 0.4616    precision@10 : 0.068
Wed 03 Apr 2024 19:43:36 INFO  Saving current: saved/LFM-1b_artist_20U50I/LightGCN/LightGCN-Apr-03-2024_17-35-13.pth
Wed 03 Apr 2024 19:43:56 INFO  epoch 178 training [time: 20.23s, train loss: 3.7176]
Wed 03 Apr 2024 19:44:18 INFO  epoch 178 evaluating [time: 21.84s, valid_score: 0.224600]
Wed 03 Apr 2024 19:44:18 INFO  valid result: 
recall@10 : 0.1984    mrr@10 : 0.2246    ndcg@10 : 0.1527    hit@10 : 0.463    precision@10 : 0.0682
Wed 03 Apr 2024 19:44:19 INFO  Saving current: saved/LFM-1b_artist_20U50I/LightGCN/LightGCN-Apr-03-2024_17-35-13.pth
Wed 03 Apr 2024 19:44:39 INFO  epoch 179 training [time: 20.24s, train loss: 3.7862]
Wed 03 Apr 2024 19:45:01 INFO  epoch 179 evaluating [time: 21.99s, valid_score: 0.224500]
Wed 03 Apr 2024 19:45:01 INFO  valid result: 
recall@10 : 0.1992    mrr@10 : 0.2245    ndcg@10 : 0.1531    hit@10 : 0.464    precision@10 : 0.0682
Wed 03 Apr 2024 19:45:22 INFO  epoch 180 training [time: 20.44s, train loss: 3.7169]
Wed 03 Apr 2024 19:45:44 INFO  epoch 180 evaluating [time: 21.88s, valid_score: 0.225000]
Wed 03 Apr 2024 19:45:44 INFO  valid result: 
recall@10 : 0.1991    mrr@10 : 0.225    ndcg@10 : 0.1532    hit@10 : 0.4644    precision@10 : 0.0684
Wed 03 Apr 2024 19:45:44 INFO  Saving current: saved/LFM-1b_artist_20U50I/LightGCN/LightGCN-Apr-03-2024_17-35-13.pth
Wed 03 Apr 2024 19:46:05 INFO  epoch 181 training [time: 20.23s, train loss: 3.7092]
Wed 03 Apr 2024 19:46:26 INFO  epoch 181 evaluating [time: 21.84s, valid_score: 0.224900]
Wed 03 Apr 2024 19:46:26 INFO  valid result: 
recall@10 : 0.1992    mrr@10 : 0.2249    ndcg@10 : 0.1532    hit@10 : 0.4645    precision@10 : 0.0685
Wed 03 Apr 2024 19:46:47 INFO  epoch 182 training [time: 20.35s, train loss: 3.6341]
Wed 03 Apr 2024 19:47:09 INFO  epoch 182 evaluating [time: 21.82s, valid_score: 0.224300]
Wed 03 Apr 2024 19:47:09 INFO  valid result: 
recall@10 : 0.1994    mrr@10 : 0.2243    ndcg@10 : 0.153    hit@10 : 0.4644    precision@10 : 0.0685
Wed 03 Apr 2024 19:47:29 INFO  epoch 183 training [time: 20.46s, train loss: 3.6244]
Wed 03 Apr 2024 19:47:51 INFO  epoch 183 evaluating [time: 21.84s, valid_score: 0.224100]
Wed 03 Apr 2024 19:47:51 INFO  valid result: 
recall@10 : 0.1999    mrr@10 : 0.2241    ndcg@10 : 0.1531    hit@10 : 0.4647    precision@10 : 0.0686
Wed 03 Apr 2024 19:48:11 INFO  epoch 184 training [time: 20.27s, train loss: 3.7939]
Wed 03 Apr 2024 19:48:33 INFO  epoch 184 evaluating [time: 21.79s, valid_score: 0.224900]
Wed 03 Apr 2024 19:48:33 INFO  valid result: 
recall@10 : 0.2004    mrr@10 : 0.2249    ndcg@10 : 0.1534    hit@10 : 0.4656    precision@10 : 0.0686
Wed 03 Apr 2024 19:48:53 INFO  epoch 185 training [time: 20.33s, train loss: 3.6385]
Wed 03 Apr 2024 19:49:15 INFO  epoch 185 evaluating [time: 21.84s, valid_score: 0.225100]
Wed 03 Apr 2024 19:49:15 INFO  valid result: 
recall@10 : 0.1997    mrr@10 : 0.2251    ndcg@10 : 0.1535    hit@10 : 0.4655    precision@10 : 0.0685
Wed 03 Apr 2024 19:49:16 INFO  Saving current: saved/LFM-1b_artist_20U50I/LightGCN/LightGCN-Apr-03-2024_17-35-13.pth
Wed 03 Apr 2024 19:49:36 INFO  epoch 186 training [time: 20.22s, train loss: 3.5245]
Wed 03 Apr 2024 19:49:58 INFO  epoch 186 evaluating [time: 21.82s, valid_score: 0.225200]
Wed 03 Apr 2024 19:49:58 INFO  valid result: 
recall@10 : 0.1995    mrr@10 : 0.2252    ndcg@10 : 0.1536    hit@10 : 0.4661    precision@10 : 0.0686
Wed 03 Apr 2024 19:49:59 INFO  Saving current: saved/LFM-1b_artist_20U50I/LightGCN/LightGCN-Apr-03-2024_17-35-13.pth
Wed 03 Apr 2024 19:50:19 INFO  epoch 187 training [time: 20.24s, train loss: 3.5293]
Wed 03 Apr 2024 19:50:41 INFO  epoch 187 evaluating [time: 21.80s, valid_score: 0.224800]
Wed 03 Apr 2024 19:50:41 INFO  valid result: 
recall@10 : 0.1991    mrr@10 : 0.2248    ndcg@10 : 0.1533    hit@10 : 0.4641    precision@10 : 0.0684
Wed 03 Apr 2024 19:51:01 INFO  epoch 188 training [time: 20.41s, train loss: 3.5655]
Wed 03 Apr 2024 19:51:23 INFO  epoch 188 evaluating [time: 21.85s, valid_score: 0.224900]
Wed 03 Apr 2024 19:51:23 INFO  valid result: 
recall@10 : 0.1992    mrr@10 : 0.2249    ndcg@10 : 0.1534    hit@10 : 0.4637    precision@10 : 0.0683
Wed 03 Apr 2024 19:51:44 INFO  epoch 189 training [time: 20.41s, train loss: 3.6303]
Wed 03 Apr 2024 19:52:06 INFO  epoch 189 evaluating [time: 21.91s, valid_score: 0.225000]
Wed 03 Apr 2024 19:52:06 INFO  valid result: 
recall@10 : 0.199    mrr@10 : 0.225    ndcg@10 : 0.1534    hit@10 : 0.4637    precision@10 : 0.0685
Wed 03 Apr 2024 19:52:26 INFO  epoch 190 training [time: 20.37s, train loss: 3.4800]
Wed 03 Apr 2024 19:52:48 INFO  epoch 190 evaluating [time: 21.62s, valid_score: 0.225400]
Wed 03 Apr 2024 19:52:48 INFO  valid result: 
recall@10 : 0.1997    mrr@10 : 0.2254    ndcg@10 : 0.1537    hit@10 : 0.4654    precision@10 : 0.0685
Wed 03 Apr 2024 19:52:48 INFO  Saving current: saved/LFM-1b_artist_20U50I/LightGCN/LightGCN-Apr-03-2024_17-35-13.pth
Wed 03 Apr 2024 19:53:09 INFO  epoch 191 training [time: 20.28s, train loss: 3.5549]
Wed 03 Apr 2024 19:53:30 INFO  epoch 191 evaluating [time: 21.62s, valid_score: 0.225500]
Wed 03 Apr 2024 19:53:30 INFO  valid result: 
recall@10 : 0.199    mrr@10 : 0.2255    ndcg@10 : 0.1535    hit@10 : 0.4638    precision@10 : 0.0682
Wed 03 Apr 2024 19:53:31 INFO  Saving current: saved/LFM-1b_artist_20U50I/LightGCN/LightGCN-Apr-03-2024_17-35-13.pth
Wed 03 Apr 2024 19:53:51 INFO  epoch 192 training [time: 20.19s, train loss: 3.4492]
Wed 03 Apr 2024 19:54:13 INFO  epoch 192 evaluating [time: 21.58s, valid_score: 0.225800]
Wed 03 Apr 2024 19:54:13 INFO  valid result: 
recall@10 : 0.1988    mrr@10 : 0.2258    ndcg@10 : 0.1536    hit@10 : 0.464    precision@10 : 0.0683
Wed 03 Apr 2024 19:54:14 INFO  Saving current: saved/LFM-1b_artist_20U50I/LightGCN/LightGCN-Apr-03-2024_17-35-13.pth
Wed 03 Apr 2024 19:54:34 INFO  epoch 193 training [time: 20.27s, train loss: 3.5407]
Wed 03 Apr 2024 19:54:56 INFO  epoch 193 evaluating [time: 21.69s, valid_score: 0.225400]
Wed 03 Apr 2024 19:54:56 INFO  valid result: 
recall@10 : 0.1993    mrr@10 : 0.2254    ndcg@10 : 0.1537    hit@10 : 0.4644    precision@10 : 0.0684
Wed 03 Apr 2024 19:55:16 INFO  epoch 194 training [time: 20.35s, train loss: 3.4865]
Wed 03 Apr 2024 19:55:38 INFO  epoch 194 evaluating [time: 21.72s, valid_score: 0.226400]
Wed 03 Apr 2024 19:55:38 INFO  valid result: 
recall@10 : 0.2002    mrr@10 : 0.2264    ndcg@10 : 0.1544    hit@10 : 0.4656    precision@10 : 0.0688
Wed 03 Apr 2024 19:55:39 INFO  Saving current: saved/LFM-1b_artist_20U50I/LightGCN/LightGCN-Apr-03-2024_17-35-13.pth
Wed 03 Apr 2024 19:55:59 INFO  epoch 195 training [time: 20.25s, train loss: 3.5037]
Wed 03 Apr 2024 19:56:21 INFO  epoch 195 evaluating [time: 21.66s, valid_score: 0.225300]
Wed 03 Apr 2024 19:56:21 INFO  valid result: 
recall@10 : 0.1997    mrr@10 : 0.2253    ndcg@10 : 0.1541    hit@10 : 0.4652    precision@10 : 0.0686
Wed 03 Apr 2024 19:56:41 INFO  epoch 196 training [time: 20.34s, train loss: 3.3997]
Wed 03 Apr 2024 19:57:03 INFO  epoch 196 evaluating [time: 21.72s, valid_score: 0.226000]
Wed 03 Apr 2024 19:57:03 INFO  valid result: 
recall@10 : 0.2002    mrr@10 : 0.226    ndcg@10 : 0.1542    hit@10 : 0.4656    precision@10 : 0.0685
Wed 03 Apr 2024 19:57:23 INFO  epoch 197 training [time: 20.57s, train loss: 3.3259]
Wed 03 Apr 2024 19:57:45 INFO  epoch 197 evaluating [time: 21.72s, valid_score: 0.226200]
Wed 03 Apr 2024 19:57:45 INFO  valid result: 
recall@10 : 0.1992    mrr@10 : 0.2262    ndcg@10 : 0.1539    hit@10 : 0.4642    precision@10 : 0.0684
Wed 03 Apr 2024 19:58:06 INFO  epoch 198 training [time: 20.65s, train loss: 3.3353]
Wed 03 Apr 2024 19:58:27 INFO  epoch 198 evaluating [time: 21.68s, valid_score: 0.226400]
Wed 03 Apr 2024 19:58:27 INFO  valid result: 
recall@10 : 0.2    mrr@10 : 0.2264    ndcg@10 : 0.1542    hit@10 : 0.4647    precision@10 : 0.0686
Wed 03 Apr 2024 19:58:28 INFO  Saving current: saved/LFM-1b_artist_20U50I/LightGCN/LightGCN-Apr-03-2024_17-35-13.pth
Wed 03 Apr 2024 19:58:49 INFO  epoch 199 training [time: 20.34s, train loss: 3.4451]
Wed 03 Apr 2024 19:59:11 INFO  epoch 199 evaluating [time: 21.79s, valid_score: 0.226800]
Wed 03 Apr 2024 19:59:11 INFO  valid result: 
recall@10 : 0.1996    mrr@10 : 0.2268    ndcg@10 : 0.1542    hit@10 : 0.4638    precision@10 : 0.0685
Wed 03 Apr 2024 19:59:11 INFO  Saving current: saved/LFM-1b_artist_20U50I/LightGCN/LightGCN-Apr-03-2024_17-35-13.pth
Wed 03 Apr 2024 19:59:13 INFO  Loading model structure and parameters from saved/LFM-1b_artist_20U50I/LightGCN/LightGCN-Apr-03-2024_17-35-13.pth
Wed 03 Apr 2024 19:59:36 INFO  The running environment of this training is as follows:
+-------------+----------------+
| Environment |     Usage      |
+=============+================+
| CPU         |     0.70 %     |
+-------------+----------------+
| GPU         | 0.32 G/14.58 G |
+-------------+----------------+
| Memory      | 1.65 G/27.41 G |
+-------------+----------------+
Wed 03 Apr 2024 19:59:36 INFO  best valid : OrderedDict([('recall@10', 0.1996), ('mrr@10', 0.2268), ('ndcg@10', 0.1542), ('hit@10', 0.4638), ('precision@10', 0.0685)])
Wed 03 Apr 2024 19:59:36 INFO  test result: OrderedDict([('recall@10', 0.2046), ('mrr@10', 0.2458), ('ndcg@10', 0.1631), ('hit@10', 0.467), ('precision@10', 0.0711)])
Wed 03 Apr 2024 19:59:38 INFO  
General Hyper Parameters:
gpu_id = 0
use_gpu = True
seed = 42
state = INFO
reproducibility = True
data_path = data/LFM-1b_artist_20U50I
checkpoint_dir = saved/LFM-1b_artist_20U50I/LightGCN
show_progress = True
save_dataset = False
dataset_save_path = None
save_dataloaders = False
dataloaders_save_path = None
log_wandb = False

Training Hyper Parameters:
epochs = 1
train_batch_size = 4096
learner = adam
learning_rate = 0.001
train_neg_sample_args = {'distribution': 'uniform', 'sample_num': 1, 'dynamic': False, 'candidate_num': 0, 'alpha': 1.0}
eval_step = 1
stopping_step = 10
clip_grad_norm = None
weight_decay = 0.0
loss_decimal_place = 4

Evaluation Hyper Parameters:
eval_args = {'split': {'RS': [0.8, 0.1, 0.1]}, 'order': 'RO', 'group_by': 'user', 'mode': {'valid': 'full', 'test': 'full'}}
repeatable = False
metrics = ['Recall', 'MRR', 'NDCG', 'Hit', 'MAP', 'Precision', 'GAUC', 'ItemCoverage', 'AveragePopularity', 'GiniIndex', 'ShannonEntropy', 'TailPercentage']
topk = [10]
valid_metric = MRR@10
valid_metric_bigger = True
eval_batch_size = 1024
metric_decimal_place = 4

Dataset Hyper Parameters:
field_separator = 	
seq_separator =  
USER_ID_FIELD = user_id
ITEM_ID_FIELD = item_id
RATING_FIELD = rating
TIME_FIELD = timestamp
seq_len = None
LABEL_FIELD = label
threshold = None
NEG_PREFIX = neg_
load_col = {'inter': ['user_id', 'item_id']}
unload_col = None
unused_col = None
additional_feat_suffix = None
rm_dup_inter = None
val_interval = None
filter_inter_by_user_or_item = True
user_inter_num_interval = [0,inf)
item_inter_num_interval = [0,inf)
alias_of_user_id = None
alias_of_item_id = None
alias_of_entity_id = None
alias_of_relation_id = None
preload_weight = None
normalize_field = None
normalize_all = None
ITEM_LIST_LENGTH_FIELD = item_length
LIST_SUFFIX = _list
MAX_ITEM_LIST_LENGTH = 50
POSITION_FIELD = position_id
HEAD_ENTITY_ID_FIELD = head_id
TAIL_ENTITY_ID_FIELD = tail_id
RELATION_ID_FIELD = relation_id
ENTITY_ID_FIELD = entity_id
benchmark_filename = None

Other Hyper Parameters: 
worker = 0
wandb_project = recbole
shuffle = True
require_pow = False
enable_amp = False
enable_scaler = False
transform = None
embedding_size = 64
n_layers = 2
reg_weight = 1e-05
numerical_features = []
discretization = None
kg_reverse_r = False
entity_kg_num_interval = [0,inf)
relation_kg_num_interval = [0,inf)
MODEL_TYPE = ModelType.GENERAL
encoding = utf-8
device = cuda
my_log_file = /mnt/batch/tasks/shared/LS_root/mounts/clusters/fontanagpu/code/sustainability-of-recsys/log/carbon_default.log
MODEL_INPUT_TYPE = InputType.PAIRWISE
eval_type = EvaluatorType.RANKING
single_spec = True
local_rank = 0
valid_neg_sample_args = {'distribution': 'uniform', 'sample_num': 'none'}
test_neg_sample_args = {'distribution': 'uniform', 'sample_num': 'none'}


Wed 03 Apr 2024 19:59:41 INFO  LFM-1b_artist_20U50I
The number of users: 19842
Average actions of users: 45.371301849705155
The number of items: 42458
Average actions of items: 21.202911180724026
The number of inters: 900212
The sparsity of the dataset: 99.89314377686127%
Remain Fields: ['user_id', 'item_id']
Wed 03 Apr 2024 19:59:44 INFO  [Training]: train_batch_size = [4096] train_neg_sample_args: [{'distribution': 'uniform', 'sample_num': 1, 'dynamic': False, 'candidate_num': 0, 'alpha': 1.0}]
Wed 03 Apr 2024 19:59:44 INFO  [Evaluation]: eval_batch_size = [1024] eval_args: [{'split': {'RS': [0.8, 0.1, 0.1]}, 'order': 'RO', 'group_by': 'user', 'mode': {'valid': 'full', 'test': 'full'}}]
Wed 03 Apr 2024 19:59:47 INFO  Loading model structure and parameters from saved/LFM-1b_artist_20U50I/LightGCN/LightGCN-Mar-26-2024_02-36-33.pth
