Wed 17 Apr 2024 16:39:12 INFO  ['src/default_tracker.py', '--dataset=ml-10m_50U10I', '--model=LightGCN']
Wed 17 Apr 2024 16:39:12 INFO  
General Hyper Parameters:
gpu_id = 0
use_gpu = True
seed = 2020
state = INFO
reproducibility = True
data_path = data/ml-10m_50U10I
checkpoint_dir = saved/ml-10m_50U10I/LightGCN
show_progress = True
save_dataset = False
dataset_save_path = None
save_dataloaders = False
dataloaders_save_path = None
log_wandb = False

Training Hyper Parameters:
epochs = 200
train_batch_size = 2048
learner = adam
learning_rate = 0.001
train_neg_sample_args = {'distribution': 'uniform', 'sample_num': 1, 'dynamic': False, 'candidate_num': 0, 'alpha': 1.0}
eval_step = 1
stopping_step = 10
clip_grad_norm = None
weight_decay = 0.0
loss_decimal_place = 4

Evaluation Hyper Parameters:
eval_args = {'split': {'RS': [0.8, 0.1, 0.1]}, 'order': 'RO', 'group_by': 'user', 'mode': {'valid': 'full', 'test': 'full'}}
repeatable = False
metrics = ['Recall', 'MRR', 'NDCG', 'Hit', 'MAP', 'Precision', 'GAUC', 'ItemCoverage', 'AveragePopularity', 'GiniIndex', 'ShannonEntropy', 'TailPercentage']
topk = [10]
valid_metric = MRR@10
valid_metric_bigger = True
eval_batch_size = 4096
metric_decimal_place = 4

Dataset Hyper Parameters:
field_separator = 	
seq_separator =  
USER_ID_FIELD = user_id
ITEM_ID_FIELD = item_id
RATING_FIELD = rating
TIME_FIELD = timestamp
seq_len = None
LABEL_FIELD = label
threshold = None
NEG_PREFIX = neg_
load_col = {'inter': ['user_id', 'item_id']}
unload_col = None
unused_col = None
additional_feat_suffix = None
rm_dup_inter = None
val_interval = None
filter_inter_by_user_or_item = True
user_inter_num_interval = [0,inf)
item_inter_num_interval = [0,inf)
alias_of_user_id = None
alias_of_item_id = None
alias_of_entity_id = None
alias_of_relation_id = None
preload_weight = None
normalize_field = None
normalize_all = None
ITEM_LIST_LENGTH_FIELD = item_length
LIST_SUFFIX = _list
MAX_ITEM_LIST_LENGTH = 50
POSITION_FIELD = position_id
HEAD_ENTITY_ID_FIELD = head_id
TAIL_ENTITY_ID_FIELD = tail_id
RELATION_ID_FIELD = relation_id
ENTITY_ID_FIELD = entity_id
benchmark_filename = None

Other Hyper Parameters: 
worker = 0
wandb_project = recbole
shuffle = True
require_pow = False
enable_amp = False
enable_scaler = False
transform = None
embedding_size = 64
n_layers = 2
reg_weight = 1e-05
numerical_features = []
discretization = None
kg_reverse_r = False
entity_kg_num_interval = [0,inf)
relation_kg_num_interval = [0,inf)
MODEL_TYPE = ModelType.GENERAL
encoding = utf-8
device = cuda
my_log_file = /mnt/batch/tasks/shared/LS_root/mounts/clusters/fontanagpu/code/sustainability-of-recsys/log/carbon_default.log
MODEL_INPUT_TYPE = InputType.PAIRWISE
eval_type = EvaluatorType.RANKING
single_spec = True
local_rank = 0
valid_neg_sample_args = {'distribution': 'uniform', 'sample_num': 'none'}
test_neg_sample_args = {'distribution': 'uniform', 'sample_num': 'none'}


Wed 17 Apr 2024 16:39:33 INFO  ml-10m_50U10I
The number of users: 50001
Average actions of users: 141.07548
The number of items: 10001
Average actions of items: 705.3774
The number of inters: 7053774
The sparsity of the dataset: 98.5894144730844%
Remain Fields: ['user_id', 'item_id']
Wed 17 Apr 2024 16:39:52 INFO  [Training]: train_batch_size = [2048] train_neg_sample_args: [{'distribution': 'uniform', 'sample_num': 1, 'dynamic': False, 'candidate_num': 0, 'alpha': 1.0}]
Wed 17 Apr 2024 16:39:52 INFO  [Evaluation]: eval_batch_size = [4096] eval_args: [{'split': {'RS': [0.8, 0.1, 0.1]}, 'order': 'RO', 'group_by': 'user', 'mode': {'valid': 'full', 'test': 'full'}}]
Wed 17 Apr 2024 16:40:06 INFO  LightGCN(
  (user_embedding): Embedding(50001, 64)
  (item_embedding): Embedding(10001, 64)
  (mf_loss): BPRLoss()
  (reg_loss): EmbLoss()
)
Trainable parameters: 3840128
Wed 17 Apr 2024 16:40:14 INFO  FLOPs: 0.0
Wed 17 Apr 2024 16:56:55 INFO  epoch 0 training [time: 964.19s, train loss: 695.7045]
Wed 17 Apr 2024 16:59:10 INFO  epoch 0 evaluating [time: 134.38s, valid_score: 0.214700]
Wed 17 Apr 2024 16:59:10 INFO  valid result: 
recall@10 : 0.0875    mrr@10 : 0.2147    ndcg@10 : 0.1103    hit@10 : 0.4596    map@10 : 0.0542    precision@10 : 0.081    gauc : 0.9126    itemcoverage@10 : 0.0107    averagepopularity@10 : 16561.9568    giniindex@10 : 0.9982    shannonentropy@10 : 0.0294    tailpercentage@10 : 0.0008
Wed 17 Apr 2024 16:59:11 INFO  Saving current: saved/ml-10m_50U10I/LightGCN/LightGCN-Apr-17-2024_16-40-15.pth
Wed 17 Apr 2024 17:15:14 INFO  epoch 1 training [time: 963.55s, train loss: 584.5546]
Wed 17 Apr 2024 17:17:42 INFO  epoch 1 evaluating [time: 147.36s, valid_score: 0.254700]
Wed 17 Apr 2024 17:17:42 INFO  valid result: 
recall@10 : 0.126    mrr@10 : 0.2547    ndcg@10 : 0.1455    hit@10 : 0.5258    map@10 : 0.0773    precision@10 : 0.1033    gauc : 0.9215    itemcoverage@10 : 0.0214    averagepopularity@10 : 14928.1518    giniindex@10 : 0.9967    shannonentropy@10 : 0.0178    tailpercentage@10 : 0.0003
Wed 17 Apr 2024 17:17:43 INFO  Saving current: saved/ml-10m_50U10I/LightGCN/LightGCN-Apr-17-2024_16-40-15.pth
Wed 17 Apr 2024 17:33:47 INFO  epoch 2 training [time: 963.83s, train loss: 502.2708]
Wed 17 Apr 2024 17:36:01 INFO  epoch 2 evaluating [time: 134.43s, valid_score: 0.267200]
Wed 17 Apr 2024 17:36:01 INFO  valid result: 
recall@10 : 0.1318    mrr@10 : 0.2672    ndcg@10 : 0.1521    hit@10 : 0.551    map@10 : 0.0803    precision@10 : 0.1083    gauc : 0.9321    itemcoverage@10 : 0.033    averagepopularity@10 : 13754.8382    giniindex@10 : 0.9952    shannonentropy@10 : 0.0127    tailpercentage@10 : 0.0001
Wed 17 Apr 2024 17:36:02 INFO  Saving current: saved/ml-10m_50U10I/LightGCN/LightGCN-Apr-17-2024_16-40-15.pth
Wed 17 Apr 2024 17:52:06 INFO  epoch 3 training [time: 964.08s, train loss: 450.8392]
Wed 17 Apr 2024 17:54:23 INFO  epoch 3 evaluating [time: 136.97s, valid_score: 0.293100]
Wed 17 Apr 2024 17:54:23 INFO  valid result: 
recall@10 : 0.1462    mrr@10 : 0.2931    ndcg@10 : 0.1672    hit@10 : 0.5813    map@10 : 0.0903    precision@10 : 0.1156    gauc : 0.9375    itemcoverage@10 : 0.0437    averagepopularity@10 : 12710.7597    giniindex@10 : 0.9935    shannonentropy@10 : 0.0102    tailpercentage@10 : 0.0001
Wed 17 Apr 2024 17:54:24 INFO  Saving current: saved/ml-10m_50U10I/LightGCN/LightGCN-Apr-17-2024_16-40-15.pth
Wed 17 Apr 2024 18:10:29 INFO  epoch 4 training [time: 964.63s, train loss: 418.4019]
Wed 17 Apr 2024 18:12:39 INFO  epoch 4 evaluating [time: 130.91s, valid_score: 0.308200]
Wed 17 Apr 2024 18:12:39 INFO  valid result: 
recall@10 : 0.1615    mrr@10 : 0.3082    ndcg@10 : 0.1801    hit@10 : 0.6088    map@10 : 0.0987    precision@10 : 0.1229    gauc : 0.9412    itemcoverage@10 : 0.0565    averagepopularity@10 : 12106.4127    giniindex@10 : 0.992    shannonentropy@10 : 0.0083    tailpercentage@10 : 0.0
Wed 17 Apr 2024 18:12:40 INFO  Saving current: saved/ml-10m_50U10I/LightGCN/LightGCN-Apr-17-2024_16-40-15.pth
Wed 17 Apr 2024 18:28:45 INFO  epoch 5 training [time: 964.43s, train loss: 396.1919]
Wed 17 Apr 2024 18:30:55 INFO  epoch 5 evaluating [time: 130.65s, valid_score: 0.314300]
Wed 17 Apr 2024 18:30:55 INFO  valid result: 
recall@10 : 0.1668    mrr@10 : 0.3143    ndcg@10 : 0.1852    hit@10 : 0.6174    map@10 : 0.1021    precision@10 : 0.126    gauc : 0.9437    itemcoverage@10 : 0.0663    averagepopularity@10 : 11814.1967    giniindex@10 : 0.9909    shannonentropy@10 : 0.0072    tailpercentage@10 : 0.0
Wed 17 Apr 2024 18:30:57 INFO  Saving current: saved/ml-10m_50U10I/LightGCN/LightGCN-Apr-17-2024_16-40-15.pth
Wed 17 Apr 2024 18:47:01 INFO  epoch 6 training [time: 964.50s, train loss: 377.3029]
Wed 17 Apr 2024 18:49:12 INFO  epoch 6 evaluating [time: 130.60s, valid_score: 0.324400]
Wed 17 Apr 2024 18:49:12 INFO  valid result: 
recall@10 : 0.1725    mrr@10 : 0.3244    ndcg@10 : 0.1917    hit@10 : 0.6301    map@10 : 0.1062    precision@10 : 0.1303    gauc : 0.9462    itemcoverage@10 : 0.0809    averagepopularity@10 : 11662.44    giniindex@10 : 0.99    shannonentropy@10 : 0.006    tailpercentage@10 : 0.0
Wed 17 Apr 2024 18:49:13 INFO  Saving current: saved/ml-10m_50U10I/LightGCN/LightGCN-Apr-17-2024_16-40-15.pth
Wed 17 Apr 2024 19:05:18 INFO  epoch 7 training [time: 965.14s, train loss: 360.9948]
Wed 17 Apr 2024 19:07:29 INFO  epoch 7 evaluating [time: 131.84s, valid_score: 0.332500]
Wed 17 Apr 2024 19:07:29 INFO  valid result: 
recall@10 : 0.1765    mrr@10 : 0.3325    ndcg@10 : 0.1968    hit@10 : 0.64    map@10 : 0.1092    precision@10 : 0.1339    gauc : 0.9482    itemcoverage@10 : 0.0936    averagepopularity@10 : 11197.7074    giniindex@10 : 0.9884    shannonentropy@10 : 0.0054    tailpercentage@10 : 0.0
Wed 17 Apr 2024 19:07:30 INFO  Saving current: saved/ml-10m_50U10I/LightGCN/LightGCN-Apr-17-2024_16-40-15.pth
Wed 17 Apr 2024 19:23:33 INFO  epoch 8 training [time: 962.93s, train loss: 349.2059]
Wed 17 Apr 2024 19:25:45 INFO  epoch 8 evaluating [time: 131.58s, valid_score: 0.338900]
Wed 17 Apr 2024 19:25:45 INFO  valid result: 
recall@10 : 0.1787    mrr@10 : 0.3389    ndcg@10 : 0.2003    hit@10 : 0.6458    map@10 : 0.1115    precision@10 : 0.1363    gauc : 0.9497    itemcoverage@10 : 0.1057    averagepopularity@10 : 11050.245    giniindex@10 : 0.9873    shannonentropy@10 : 0.0048    tailpercentage@10 : 0.0
Wed 17 Apr 2024 19:25:46 INFO  Saving current: saved/ml-10m_50U10I/LightGCN/LightGCN-Apr-17-2024_16-40-15.pth
Wed 17 Apr 2024 19:41:49 INFO  epoch 9 training [time: 963.41s, train loss: 338.0634]
Wed 17 Apr 2024 19:44:00 INFO  epoch 9 evaluating [time: 130.99s, valid_score: 0.342000]
Wed 17 Apr 2024 19:44:00 INFO  valid result: 
recall@10 : 0.1799    mrr@10 : 0.342    ndcg@10 : 0.2025    hit@10 : 0.6509    map@10 : 0.1128    precision@10 : 0.1382    gauc : 0.9509    itemcoverage@10 : 0.1178    averagepopularity@10 : 11078.5823    giniindex@10 : 0.9864    shannonentropy@10 : 0.0044    tailpercentage@10 : 0.0
Wed 17 Apr 2024 19:44:01 INFO  Saving current: saved/ml-10m_50U10I/LightGCN/LightGCN-Apr-17-2024_16-40-15.pth
Wed 17 Apr 2024 20:00:05 INFO  epoch 10 training [time: 963.81s, train loss: 328.8373]
Wed 17 Apr 2024 20:02:15 INFO  epoch 10 evaluating [time: 130.41s, valid_score: 0.343900]
Wed 17 Apr 2024 20:02:15 INFO  valid result: 
recall@10 : 0.1809    mrr@10 : 0.3439    ndcg@10 : 0.2039    hit@10 : 0.6533    map@10 : 0.1138    precision@10 : 0.1394    gauc : 0.952    itemcoverage@10 : 0.1286    averagepopularity@10 : 10863.1726    giniindex@10 : 0.9854    shannonentropy@10 : 0.0041    tailpercentage@10 : 0.0
Wed 17 Apr 2024 20:02:16 INFO  Saving current: saved/ml-10m_50U10I/LightGCN/LightGCN-Apr-17-2024_16-40-15.pth
Wed 17 Apr 2024 20:18:23 INFO  epoch 11 training [time: 966.34s, train loss: 321.2381]
Wed 17 Apr 2024 20:20:34 INFO  epoch 11 evaluating [time: 131.10s, valid_score: 0.346400]
Wed 17 Apr 2024 20:20:34 INFO  valid result: 
recall@10 : 0.1816    mrr@10 : 0.3464    ndcg@10 : 0.2052    hit@10 : 0.6567    map@10 : 0.1144    precision@10 : 0.1405    gauc : 0.9529    itemcoverage@10 : 0.1385    averagepopularity@10 : 10628.0241    giniindex@10 : 0.9841    shannonentropy@10 : 0.0038    tailpercentage@10 : 0.0
Wed 17 Apr 2024 20:20:35 INFO  Saving current: saved/ml-10m_50U10I/LightGCN/LightGCN-Apr-17-2024_16-40-15.pth
Wed 17 Apr 2024 20:36:41 INFO  epoch 12 training [time: 966.20s, train loss: 314.0479]
Wed 17 Apr 2024 20:38:52 INFO  epoch 12 evaluating [time: 130.95s, valid_score: 0.348200]
Wed 17 Apr 2024 20:38:52 INFO  valid result: 
recall@10 : 0.1829    mrr@10 : 0.3482    ndcg@10 : 0.2066    hit@10 : 0.6599    map@10 : 0.1153    precision@10 : 0.1415    gauc : 0.9536    itemcoverage@10 : 0.1499    averagepopularity@10 : 10598.6459    giniindex@10 : 0.9834    shannonentropy@10 : 0.0036    tailpercentage@10 : 0.0
Wed 17 Apr 2024 20:38:53 INFO  Saving current: saved/ml-10m_50U10I/LightGCN/LightGCN-Apr-17-2024_16-40-15.pth
Wed 17 Apr 2024 20:55:06 INFO  epoch 13 training [time: 973.72s, train loss: 308.1583]
Wed 17 Apr 2024 20:57:30 INFO  epoch 13 evaluating [time: 143.48s, valid_score: 0.348100]
Wed 17 Apr 2024 20:57:30 INFO  valid result: 
recall@10 : 0.1837    mrr@10 : 0.3481    ndcg@10 : 0.2073    hit@10 : 0.661    map@10 : 0.1156    precision@10 : 0.1424    gauc : 0.9543    itemcoverage@10 : 0.1594    averagepopularity@10 : 10496.2468    giniindex@10 : 0.9826    shannonentropy@10 : 0.0034    tailpercentage@10 : 0.0
Wed 17 Apr 2024 21:13:33 INFO  epoch 14 training [time: 963.17s, train loss: 302.6279]
Wed 17 Apr 2024 21:15:48 INFO  epoch 14 evaluating [time: 135.33s, valid_score: 0.348500]
Wed 17 Apr 2024 21:15:48 INFO  valid result: 
recall@10 : 0.1844    mrr@10 : 0.3485    ndcg@10 : 0.208    hit@10 : 0.6628    map@10 : 0.116    precision@10 : 0.1432    gauc : 0.9549    itemcoverage@10 : 0.1686    averagepopularity@10 : 10290.1597    giniindex@10 : 0.9815    shannonentropy@10 : 0.0032    tailpercentage@10 : 0.0
Wed 17 Apr 2024 21:15:49 INFO  Saving current: saved/ml-10m_50U10I/LightGCN/LightGCN-Apr-17-2024_16-40-15.pth
Wed 17 Apr 2024 21:31:55 INFO  epoch 15 training [time: 966.03s, train loss: 297.6805]
Wed 17 Apr 2024 21:34:10 INFO  epoch 15 evaluating [time: 134.62s, valid_score: 0.349300]
Wed 17 Apr 2024 21:34:10 INFO  valid result: 
recall@10 : 0.185    mrr@10 : 0.3493    ndcg@10 : 0.209    hit@10 : 0.6643    map@10 : 0.1167    precision@10 : 0.1444    gauc : 0.9554    itemcoverage@10 : 0.174    averagepopularity@10 : 10323.1342    giniindex@10 : 0.9809    shannonentropy@10 : 0.0031    tailpercentage@10 : 0.0
Wed 17 Apr 2024 21:34:11 INFO  Saving current: saved/ml-10m_50U10I/LightGCN/LightGCN-Apr-17-2024_16-40-15.pth
Wed 17 Apr 2024 21:50:15 INFO  epoch 16 training [time: 963.82s, train loss: 293.1727]
Wed 17 Apr 2024 21:52:34 INFO  epoch 16 evaluating [time: 139.63s, valid_score: 0.350800]
Wed 17 Apr 2024 21:52:34 INFO  valid result: 
recall@10 : 0.1857    mrr@10 : 0.3508    ndcg@10 : 0.21    hit@10 : 0.6653    map@10 : 0.1175    precision@10 : 0.1446    gauc : 0.9559    itemcoverage@10 : 0.1822    averagepopularity@10 : 10150.6224    giniindex@10 : 0.9796    shannonentropy@10 : 0.003    tailpercentage@10 : 0.0
Wed 17 Apr 2024 21:52:35 INFO  Saving current: saved/ml-10m_50U10I/LightGCN/LightGCN-Apr-17-2024_16-40-15.pth
Wed 17 Apr 2024 22:08:39 INFO  epoch 17 training [time: 963.78s, train loss: 288.8145]
Wed 17 Apr 2024 22:10:50 INFO  epoch 17 evaluating [time: 131.13s, valid_score: 0.353100]
Wed 17 Apr 2024 22:10:50 INFO  valid result: 
recall@10 : 0.1871    mrr@10 : 0.3531    ndcg@10 : 0.2119    hit@10 : 0.6687    map@10 : 0.1187    precision@10 : 0.1461    gauc : 0.9564    itemcoverage@10 : 0.1891    averagepopularity@10 : 10182.4873    giniindex@10 : 0.979    shannonentropy@10 : 0.0029    tailpercentage@10 : 0.0
Wed 17 Apr 2024 22:10:51 INFO  Saving current: saved/ml-10m_50U10I/LightGCN/LightGCN-Apr-17-2024_16-40-15.pth
Wed 17 Apr 2024 22:26:53 INFO  epoch 18 training [time: 962.51s, train loss: 284.5321]
Wed 17 Apr 2024 22:29:08 INFO  epoch 18 evaluating [time: 134.13s, valid_score: 0.354700]
Wed 17 Apr 2024 22:29:08 INFO  valid result: 
recall@10 : 0.188    mrr@10 : 0.3547    ndcg@10 : 0.2129    hit@10 : 0.6718    map@10 : 0.1194    precision@10 : 0.1468    gauc : 0.9568    itemcoverage@10 : 0.1971    averagepopularity@10 : 10139.4384    giniindex@10 : 0.9783    shannonentropy@10 : 0.0028    tailpercentage@10 : 0.0
Wed 17 Apr 2024 22:29:09 INFO  Saving current: saved/ml-10m_50U10I/LightGCN/LightGCN-Apr-17-2024_16-40-15.pth
Wed 17 Apr 2024 22:45:12 INFO  epoch 19 training [time: 963.19s, train loss: 280.8538]
Wed 17 Apr 2024 22:47:26 INFO  epoch 19 evaluating [time: 134.32s, valid_score: 0.356300]
Wed 17 Apr 2024 22:47:26 INFO  valid result: 
recall@10 : 0.1884    mrr@10 : 0.3563    ndcg@10 : 0.2138    hit@10 : 0.6738    map@10 : 0.1199    precision@10 : 0.1474    gauc : 0.9572    itemcoverage@10 : 0.2041    averagepopularity@10 : 9902.2867    giniindex@10 : 0.9769    shannonentropy@10 : 0.0028    tailpercentage@10 : 0.0
Wed 17 Apr 2024 22:47:27 INFO  Saving current: saved/ml-10m_50U10I/LightGCN/LightGCN-Apr-17-2024_16-40-15.pth
Wed 17 Apr 2024 23:03:29 INFO  epoch 20 training [time: 962.52s, train loss: 276.7780]
Wed 17 Apr 2024 23:05:45 INFO  epoch 20 evaluating [time: 136.03s, valid_score: 0.357800]
Wed 17 Apr 2024 23:05:45 INFO  valid result: 
recall@10 : 0.1897    mrr@10 : 0.3578    ndcg@10 : 0.2151    hit@10 : 0.6768    map@10 : 0.1206    precision@10 : 0.1484    gauc : 0.9576    itemcoverage@10 : 0.2107    averagepopularity@10 : 9856.2627    giniindex@10 : 0.976    shannonentropy@10 : 0.0027    tailpercentage@10 : 0.0
Wed 17 Apr 2024 23:05:46 INFO  Saving current: saved/ml-10m_50U10I/LightGCN/LightGCN-Apr-17-2024_16-40-15.pth
Wed 17 Apr 2024 23:21:50 INFO  epoch 21 training [time: 963.29s, train loss: 273.3174]
Wed 17 Apr 2024 23:24:02 INFO  epoch 21 evaluating [time: 131.87s, valid_score: 0.359100]
Wed 17 Apr 2024 23:24:02 INFO  valid result: 
recall@10 : 0.1906    mrr@10 : 0.3591    ndcg@10 : 0.2162    hit@10 : 0.6789    map@10 : 0.1213    precision@10 : 0.1493    gauc : 0.958    itemcoverage@10 : 0.2151    averagepopularity@10 : 9838.6343    giniindex@10 : 0.9758    shannonentropy@10 : 0.0026    tailpercentage@10 : 0.0
Wed 17 Apr 2024 23:24:02 INFO  Saving current: saved/ml-10m_50U10I/LightGCN/LightGCN-Apr-17-2024_16-40-15.pth
Wed 17 Apr 2024 23:40:06 INFO  epoch 22 training [time: 963.65s, train loss: 270.1499]
Wed 17 Apr 2024 23:42:18 INFO  epoch 22 evaluating [time: 131.96s, valid_score: 0.358000]
Wed 17 Apr 2024 23:42:18 INFO  valid result: 
recall@10 : 0.1909    mrr@10 : 0.358    ndcg@10 : 0.2162    hit@10 : 0.6803    map@10 : 0.1213    precision@10 : 0.1494    gauc : 0.9583    itemcoverage@10 : 0.2235    averagepopularity@10 : 9486.8717    giniindex@10 : 0.9734    shannonentropy@10 : 0.0026    tailpercentage@10 : 0.0
Wed 17 Apr 2024 23:58:21 INFO  epoch 23 training [time: 962.76s, train loss: 266.5717]
Thu 18 Apr 2024 00:00:32 INFO  epoch 23 evaluating [time: 131.61s, valid_score: 0.360500]
Thu 18 Apr 2024 00:00:32 INFO  valid result: 
recall@10 : 0.1926    mrr@10 : 0.3605    ndcg@10 : 0.2181    hit@10 : 0.6843    map@10 : 0.1226    precision@10 : 0.1508    gauc : 0.9586    itemcoverage@10 : 0.2285    averagepopularity@10 : 9564.6684    giniindex@10 : 0.9733    shannonentropy@10 : 0.0025    tailpercentage@10 : 0.0
Thu 18 Apr 2024 00:00:33 INFO  Saving current: saved/ml-10m_50U10I/LightGCN/LightGCN-Apr-17-2024_16-40-15.pth
Thu 18 Apr 2024 00:16:37 INFO  epoch 24 training [time: 963.93s, train loss: 263.6712]
Thu 18 Apr 2024 00:18:50 INFO  epoch 24 evaluating [time: 132.37s, valid_score: 0.361100]
Thu 18 Apr 2024 00:18:50 INFO  valid result: 
recall@10 : 0.1932    mrr@10 : 0.3611    ndcg@10 : 0.2187    hit@10 : 0.6855    map@10 : 0.1229    precision@10 : 0.1513    gauc : 0.9588    itemcoverage@10 : 0.2355    averagepopularity@10 : 9423.0688    giniindex@10 : 0.9719    shannonentropy@10 : 0.0025    tailpercentage@10 : 0.0
Thu 18 Apr 2024 00:18:51 INFO  Saving current: saved/ml-10m_50U10I/LightGCN/LightGCN-Apr-17-2024_16-40-15.pth
Thu 18 Apr 2024 00:34:54 INFO  epoch 25 training [time: 963.40s, train loss: 260.8908]
Thu 18 Apr 2024 00:37:06 INFO  epoch 25 evaluating [time: 132.23s, valid_score: 0.362400]
Thu 18 Apr 2024 00:37:06 INFO  valid result: 
recall@10 : 0.194    mrr@10 : 0.3624    ndcg@10 : 0.2192    hit@10 : 0.6862    map@10 : 0.1232    precision@10 : 0.1514    gauc : 0.9591    itemcoverage@10 : 0.2365    averagepopularity@10 : 9380.0553    giniindex@10 : 0.9716    shannonentropy@10 : 0.0025    tailpercentage@10 : 0.0
Thu 18 Apr 2024 00:37:07 INFO  Saving current: saved/ml-10m_50U10I/LightGCN/LightGCN-Apr-17-2024_16-40-15.pth
Thu 18 Apr 2024 00:53:11 INFO  epoch 26 training [time: 963.37s, train loss: 257.0062]
Thu 18 Apr 2024 00:55:23 INFO  epoch 26 evaluating [time: 131.98s, valid_score: 0.362500]
Thu 18 Apr 2024 00:55:23 INFO  valid result: 
recall@10 : 0.1944    mrr@10 : 0.3625    ndcg@10 : 0.2196    hit@10 : 0.6863    map@10 : 0.1235    precision@10 : 0.1515    gauc : 0.9593    itemcoverage@10 : 0.2427    averagepopularity@10 : 9286.7816    giniindex@10 : 0.9706    shannonentropy@10 : 0.0024    tailpercentage@10 : 0.0
Thu 18 Apr 2024 00:55:24 INFO  Saving current: saved/ml-10m_50U10I/LightGCN/LightGCN-Apr-17-2024_16-40-15.pth
Thu 18 Apr 2024 01:11:28 INFO  epoch 27 training [time: 964.01s, train loss: 255.1040]
Thu 18 Apr 2024 01:13:39 INFO  epoch 27 evaluating [time: 131.81s, valid_score: 0.363000]
Thu 18 Apr 2024 01:13:39 INFO  valid result: 
recall@10 : 0.1951    mrr@10 : 0.363    ndcg@10 : 0.2203    hit@10 : 0.6881    map@10 : 0.1239    precision@10 : 0.1522    gauc : 0.9596    itemcoverage@10 : 0.2509    averagepopularity@10 : 9439.4052    giniindex@10 : 0.9703    shannonentropy@10 : 0.0023    tailpercentage@10 : 0.0
Thu 18 Apr 2024 01:13:40 INFO  Saving current: saved/ml-10m_50U10I/LightGCN/LightGCN-Apr-17-2024_16-40-15.pth
Thu 18 Apr 2024 01:29:44 INFO  epoch 28 training [time: 963.83s, train loss: 252.2337]
Thu 18 Apr 2024 01:31:56 INFO  epoch 28 evaluating [time: 131.58s, valid_score: 0.363900]
Thu 18 Apr 2024 01:31:56 INFO  valid result: 
recall@10 : 0.1957    mrr@10 : 0.3639    ndcg@10 : 0.2208    hit@10 : 0.6896    map@10 : 0.1241    precision@10 : 0.1526    gauc : 0.9598    itemcoverage@10 : 0.2534    averagepopularity@10 : 9238.0811    giniindex@10 : 0.9694    shannonentropy@10 : 0.0023    tailpercentage@10 : 0.0
Thu 18 Apr 2024 01:31:56 INFO  Saving current: saved/ml-10m_50U10I/LightGCN/LightGCN-Apr-17-2024_16-40-15.pth
Thu 18 Apr 2024 01:48:01 INFO  epoch 29 training [time: 964.73s, train loss: 250.0836]
Thu 18 Apr 2024 01:50:13 INFO  epoch 29 evaluating [time: 131.50s, valid_score: 0.365500]
Thu 18 Apr 2024 01:50:13 INFO  valid result: 
recall@10 : 0.1967    mrr@10 : 0.3655    ndcg@10 : 0.2217    hit@10 : 0.6908    map@10 : 0.1247    precision@10 : 0.153    gauc : 0.96    itemcoverage@10 : 0.2552    averagepopularity@10 : 9251.2644    giniindex@10 : 0.969    shannonentropy@10 : 0.0023    tailpercentage@10 : 0.0
Thu 18 Apr 2024 01:50:13 INFO  Saving current: saved/ml-10m_50U10I/LightGCN/LightGCN-Apr-17-2024_16-40-15.pth
Thu 18 Apr 2024 02:06:17 INFO  epoch 30 training [time: 964.01s, train loss: 247.1521]
Thu 18 Apr 2024 02:08:29 INFO  epoch 30 evaluating [time: 131.97s, valid_score: 0.366400]
Thu 18 Apr 2024 02:08:29 INFO  valid result: 
recall@10 : 0.1966    mrr@10 : 0.3664    ndcg@10 : 0.222    hit@10 : 0.6925    map@10 : 0.1249    precision@10 : 0.1531    gauc : 0.9601    itemcoverage@10 : 0.2592    averagepopularity@10 : 9078.9601    giniindex@10 : 0.9676    shannonentropy@10 : 0.0023    tailpercentage@10 : 0.0
Thu 18 Apr 2024 02:08:30 INFO  Saving current: saved/ml-10m_50U10I/LightGCN/LightGCN-Apr-17-2024_16-40-15.pth
Thu 18 Apr 2024 02:24:34 INFO  epoch 31 training [time: 964.04s, train loss: 245.9156]
Thu 18 Apr 2024 02:26:46 INFO  epoch 31 evaluating [time: 132.07s, valid_score: 0.366900]
Thu 18 Apr 2024 02:26:46 INFO  valid result: 
recall@10 : 0.1976    mrr@10 : 0.3669    ndcg@10 : 0.2227    hit@10 : 0.6936    map@10 : 0.1252    precision@10 : 0.1538    gauc : 0.9603    itemcoverage@10 : 0.268    averagepopularity@10 : 9035.5933    giniindex@10 : 0.9666    shannonentropy@10 : 0.0022    tailpercentage@10 : 0.0
Thu 18 Apr 2024 02:26:47 INFO  Saving current: saved/ml-10m_50U10I/LightGCN/LightGCN-Apr-17-2024_16-40-15.pth
Thu 18 Apr 2024 02:42:51 INFO  epoch 32 training [time: 963.68s, train loss: 242.8553]
Thu 18 Apr 2024 02:45:03 INFO  epoch 32 evaluating [time: 131.68s, valid_score: 0.366100]
Thu 18 Apr 2024 02:45:03 INFO  valid result: 
recall@10 : 0.1979    mrr@10 : 0.3661    ndcg@10 : 0.2227    hit@10 : 0.6939    map@10 : 0.1252    precision@10 : 0.1539    gauc : 0.9604    itemcoverage@10 : 0.2703    averagepopularity@10 : 8859.0826    giniindex@10 : 0.9655    shannonentropy@10 : 0.0022    tailpercentage@10 : 0.0
Thu 18 Apr 2024 03:01:06 INFO  epoch 33 training [time: 963.07s, train loss: 240.9573]
Thu 18 Apr 2024 03:03:17 INFO  epoch 33 evaluating [time: 131.38s, valid_score: 0.370000]
Thu 18 Apr 2024 03:03:17 INFO  valid result: 
recall@10 : 0.1996    mrr@10 : 0.37    ndcg@10 : 0.2249    hit@10 : 0.6977    map@10 : 0.1267    precision@10 : 0.1553    gauc : 0.9606    itemcoverage@10 : 0.2782    averagepopularity@10 : 8977.658    giniindex@10 : 0.966    shannonentropy@10 : 0.0022    tailpercentage@10 : 0.0
Thu 18 Apr 2024 03:03:18 INFO  Saving current: saved/ml-10m_50U10I/LightGCN/LightGCN-Apr-17-2024_16-40-15.pth
Thu 18 Apr 2024 03:19:21 INFO  epoch 34 training [time: 963.79s, train loss: 238.7453]
Thu 18 Apr 2024 03:21:33 INFO  epoch 34 evaluating [time: 131.68s, valid_score: 0.368200]
Thu 18 Apr 2024 03:21:33 INFO  valid result: 
recall@10 : 0.1995    mrr@10 : 0.3682    ndcg@10 : 0.2243    hit@10 : 0.6976    map@10 : 0.1262    precision@10 : 0.1553    gauc : 0.9607    itemcoverage@10 : 0.2809    averagepopularity@10 : 8926.2479    giniindex@10 : 0.9649    shannonentropy@10 : 0.0021    tailpercentage@10 : 0.0
Thu 18 Apr 2024 03:37:39 INFO  epoch 35 training [time: 966.01s, train loss: 237.3011]
Thu 18 Apr 2024 03:39:50 INFO  epoch 35 evaluating [time: 131.15s, valid_score: 0.369800]
Thu 18 Apr 2024 03:39:50 INFO  valid result: 
recall@10 : 0.2003    mrr@10 : 0.3698    ndcg@10 : 0.2252    hit@10 : 0.6998    map@10 : 0.1267    precision@10 : 0.1561    gauc : 0.9608    itemcoverage@10 : 0.2876    averagepopularity@10 : 8900.6427    giniindex@10 : 0.9645    shannonentropy@10 : 0.0021    tailpercentage@10 : 0.0
Thu 18 Apr 2024 03:55:55 INFO  epoch 36 training [time: 964.49s, train loss: 234.5295]
Thu 18 Apr 2024 03:58:06 INFO  epoch 36 evaluating [time: 131.19s, valid_score: 0.369700]
Thu 18 Apr 2024 03:58:06 INFO  valid result: 
recall@10 : 0.2004    mrr@10 : 0.3697    ndcg@10 : 0.2252    hit@10 : 0.6993    map@10 : 0.1267    precision@10 : 0.1559    gauc : 0.961    itemcoverage@10 : 0.2908    averagepopularity@10 : 8831.858    giniindex@10 : 0.9639    shannonentropy@10 : 0.0021    tailpercentage@10 : 0.0
Thu 18 Apr 2024 04:14:10 INFO  epoch 37 training [time: 964.41s, train loss: 232.4773]
Thu 18 Apr 2024 04:16:22 INFO  epoch 37 evaluating [time: 131.35s, valid_score: 0.370200]
Thu 18 Apr 2024 04:16:22 INFO  valid result: 
recall@10 : 0.2015    mrr@10 : 0.3702    ndcg@10 : 0.2258    hit@10 : 0.7008    map@10 : 0.127    precision@10 : 0.1563    gauc : 0.9611    itemcoverage@10 : 0.2948    averagepopularity@10 : 8706.9897    giniindex@10 : 0.9628    shannonentropy@10 : 0.0021    tailpercentage@10 : 0.0
Thu 18 Apr 2024 04:16:23 INFO  Saving current: saved/ml-10m_50U10I/LightGCN/LightGCN-Apr-17-2024_16-40-15.pth
Thu 18 Apr 2024 04:32:28 INFO  epoch 38 training [time: 965.00s, train loss: 231.2278]
Thu 18 Apr 2024 04:34:39 INFO  epoch 38 evaluating [time: 131.62s, valid_score: 0.371200]
Thu 18 Apr 2024 04:34:39 INFO  valid result: 
recall@10 : 0.202    mrr@10 : 0.3712    ndcg@10 : 0.2266    hit@10 : 0.7027    map@10 : 0.1277    precision@10 : 0.1568    gauc : 0.9612    itemcoverage@10 : 0.298    averagepopularity@10 : 8763.143    giniindex@10 : 0.9628    shannonentropy@10 : 0.002    tailpercentage@10 : 0.0
Thu 18 Apr 2024 04:34:40 INFO  Saving current: saved/ml-10m_50U10I/LightGCN/LightGCN-Apr-17-2024_16-40-15.pth
Thu 18 Apr 2024 04:50:44 INFO  epoch 39 training [time: 963.94s, train loss: 229.7914]
Thu 18 Apr 2024 04:52:56 INFO  epoch 39 evaluating [time: 131.63s, valid_score: 0.372000]
Thu 18 Apr 2024 04:52:56 INFO  valid result: 
recall@10 : 0.2027    mrr@10 : 0.372    ndcg@10 : 0.2272    hit@10 : 0.7035    map@10 : 0.128    precision@10 : 0.1573    gauc : 0.9613    itemcoverage@10 : 0.301    averagepopularity@10 : 8713.0043    giniindex@10 : 0.9624    shannonentropy@10 : 0.002    tailpercentage@10 : 0.0
Thu 18 Apr 2024 04:52:56 INFO  Saving current: saved/ml-10m_50U10I/LightGCN/LightGCN-Apr-17-2024_16-40-15.pth
Thu 18 Apr 2024 05:09:02 INFO  epoch 40 training [time: 965.55s, train loss: 227.1204]
Thu 18 Apr 2024 05:11:25 INFO  epoch 40 evaluating [time: 143.17s, valid_score: 0.372300]
Thu 18 Apr 2024 05:11:25 INFO  valid result: 
recall@10 : 0.2029    mrr@10 : 0.3723    ndcg@10 : 0.2273    hit@10 : 0.7044    map@10 : 0.128    precision@10 : 0.1573    gauc : 0.9614    itemcoverage@10 : 0.3032    averagepopularity@10 : 8603.9635    giniindex@10 : 0.9614    shannonentropy@10 : 0.002    tailpercentage@10 : 0.0
Thu 18 Apr 2024 05:11:26 INFO  Saving current: saved/ml-10m_50U10I/LightGCN/LightGCN-Apr-17-2024_16-40-15.pth
Thu 18 Apr 2024 05:27:32 INFO  epoch 41 training [time: 965.73s, train loss: 225.7165]
Thu 18 Apr 2024 05:29:43 INFO  epoch 41 evaluating [time: 131.06s, valid_score: 0.372400]
Thu 18 Apr 2024 05:29:43 INFO  valid result: 
recall@10 : 0.2029    mrr@10 : 0.3724    ndcg@10 : 0.2274    hit@10 : 0.7044    map@10 : 0.128    precision@10 : 0.1574    gauc : 0.9615    itemcoverage@10 : 0.3069    averagepopularity@10 : 8617.2725    giniindex@10 : 0.961    shannonentropy@10 : 0.002    tailpercentage@10 : 0.0
Thu 18 Apr 2024 05:29:44 INFO  Saving current: saved/ml-10m_50U10I/LightGCN/LightGCN-Apr-17-2024_16-40-15.pth
Thu 18 Apr 2024 05:45:51 INFO  epoch 42 training [time: 966.91s, train loss: 224.7557]
Thu 18 Apr 2024 05:48:03 INFO  epoch 42 evaluating [time: 132.00s, valid_score: 0.372800]
Thu 18 Apr 2024 05:48:03 INFO  valid result: 
recall@10 : 0.2029    mrr@10 : 0.3728    ndcg@10 : 0.2275    hit@10 : 0.7041    map@10 : 0.1281    precision@10 : 0.1575    gauc : 0.9615    itemcoverage@10 : 0.3132    averagepopularity@10 : 8550.9334    giniindex@10 : 0.9602    shannonentropy@10 : 0.002    tailpercentage@10 : 0.0
Thu 18 Apr 2024 05:48:04 INFO  Saving current: saved/ml-10m_50U10I/LightGCN/LightGCN-Apr-17-2024_16-40-15.pth
Thu 18 Apr 2024 06:04:11 INFO  epoch 43 training [time: 966.88s, train loss: 223.1085]
Thu 18 Apr 2024 06:06:24 INFO  epoch 43 evaluating [time: 133.26s, valid_score: 0.373000]
Thu 18 Apr 2024 06:06:24 INFO  valid result: 
recall@10 : 0.2034    mrr@10 : 0.373    ndcg@10 : 0.2276    hit@10 : 0.7061    map@10 : 0.1281    precision@10 : 0.1574    gauc : 0.9616    itemcoverage@10 : 0.3166    averagepopularity@10 : 8480.9503    giniindex@10 : 0.9594    shannonentropy@10 : 0.002    tailpercentage@10 : 0.0
Thu 18 Apr 2024 06:06:25 INFO  Saving current: saved/ml-10m_50U10I/LightGCN/LightGCN-Apr-17-2024_16-40-15.pth
Thu 18 Apr 2024 06:22:31 INFO  epoch 44 training [time: 965.79s, train loss: 221.0386]
Thu 18 Apr 2024 06:24:46 INFO  epoch 44 evaluating [time: 134.64s, valid_score: 0.373600]
Thu 18 Apr 2024 06:24:46 INFO  valid result: 
recall@10 : 0.2042    mrr@10 : 0.3736    ndcg@10 : 0.2281    hit@10 : 0.7067    map@10 : 0.1282    precision@10 : 0.1578    gauc : 0.9617    itemcoverage@10 : 0.3173    averagepopularity@10 : 8538.7011    giniindex@10 : 0.9595    shannonentropy@10 : 0.0019    tailpercentage@10 : 0.0
Thu 18 Apr 2024 06:24:47 INFO  Saving current: saved/ml-10m_50U10I/LightGCN/LightGCN-Apr-17-2024_16-40-15.pth
Thu 18 Apr 2024 06:40:52 INFO  epoch 45 training [time: 965.26s, train loss: 219.1570]
Thu 18 Apr 2024 06:43:24 INFO  epoch 45 evaluating [time: 152.29s, valid_score: 0.374400]
Thu 18 Apr 2024 06:43:24 INFO  valid result: 
recall@10 : 0.2046    mrr@10 : 0.3744    ndcg@10 : 0.2286    hit@10 : 0.7084    map@10 : 0.1286    precision@10 : 0.1583    gauc : 0.9617    itemcoverage@10 : 0.3206    averagepopularity@10 : 8549.1496    giniindex@10 : 0.9591    shannonentropy@10 : 0.0019    tailpercentage@10 : 0.0
Thu 18 Apr 2024 06:43:25 INFO  Saving current: saved/ml-10m_50U10I/LightGCN/LightGCN-Apr-17-2024_16-40-15.pth
Thu 18 Apr 2024 06:59:28 INFO  epoch 46 training [time: 963.52s, train loss: 217.8613]
Thu 18 Apr 2024 07:01:43 INFO  epoch 46 evaluating [time: 134.45s, valid_score: 0.375200]
Thu 18 Apr 2024 07:01:43 INFO  valid result: 
recall@10 : 0.2053    mrr@10 : 0.3752    ndcg@10 : 0.2291    hit@10 : 0.7085    map@10 : 0.1288    precision@10 : 0.1585    gauc : 0.9618    itemcoverage@10 : 0.3232    averagepopularity@10 : 8539.6963    giniindex@10 : 0.9591    shannonentropy@10 : 0.0019    tailpercentage@10 : 0.0
Thu 18 Apr 2024 07:01:44 INFO  Saving current: saved/ml-10m_50U10I/LightGCN/LightGCN-Apr-17-2024_16-40-15.pth
Thu 18 Apr 2024 07:17:50 INFO  epoch 47 training [time: 966.15s, train loss: 217.2987]
Thu 18 Apr 2024 07:20:04 INFO  epoch 47 evaluating [time: 133.69s, valid_score: 0.373900]
Thu 18 Apr 2024 07:20:04 INFO  valid result: 
recall@10 : 0.2046    mrr@10 : 0.3739    ndcg@10 : 0.2286    hit@10 : 0.7079    map@10 : 0.1286    precision@10 : 0.1585    gauc : 0.9619    itemcoverage@10 : 0.3276    averagepopularity@10 : 8390.9523    giniindex@10 : 0.9579    shannonentropy@10 : 0.0019    tailpercentage@10 : 0.0
Thu 18 Apr 2024 07:36:10 INFO  epoch 48 training [time: 966.89s, train loss: 214.6977]
Thu 18 Apr 2024 07:38:22 INFO  epoch 48 evaluating [time: 131.96s, valid_score: 0.375800]
Thu 18 Apr 2024 07:38:22 INFO  valid result: 
recall@10 : 0.2055    mrr@10 : 0.3758    ndcg@10 : 0.2297    hit@10 : 0.7102    map@10 : 0.1292    precision@10 : 0.1592    gauc : 0.9619    itemcoverage@10 : 0.3284    averagepopularity@10 : 8418.786    giniindex@10 : 0.9577    shannonentropy@10 : 0.0019    tailpercentage@10 : 0.0
Thu 18 Apr 2024 07:38:23 INFO  Saving current: saved/ml-10m_50U10I/LightGCN/LightGCN-Apr-17-2024_16-40-15.pth
Thu 18 Apr 2024 07:54:28 INFO  epoch 49 training [time: 964.74s, train loss: 214.5783]
Thu 18 Apr 2024 07:56:42 INFO  epoch 49 evaluating [time: 134.36s, valid_score: 0.377100]
Thu 18 Apr 2024 07:56:42 INFO  valid result: 
recall@10 : 0.206    mrr@10 : 0.3771    ndcg@10 : 0.2303    hit@10 : 0.7098    map@10 : 0.1297    precision@10 : 0.1595    gauc : 0.962    itemcoverage@10 : 0.3323    averagepopularity@10 : 8437.1798    giniindex@10 : 0.9576    shannonentropy@10 : 0.0019    tailpercentage@10 : 0.0
Thu 18 Apr 2024 07:56:43 INFO  Saving current: saved/ml-10m_50U10I/LightGCN/LightGCN-Apr-17-2024_16-40-15.pth
Thu 18 Apr 2024 08:12:49 INFO  epoch 50 training [time: 966.09s, train loss: 212.1941]
Thu 18 Apr 2024 08:15:03 INFO  epoch 50 evaluating [time: 134.16s, valid_score: 0.377000]
Thu 18 Apr 2024 08:15:03 INFO  valid result: 
recall@10 : 0.2059    mrr@10 : 0.377    ndcg@10 : 0.2302    hit@10 : 0.7101    map@10 : 0.1296    precision@10 : 0.1593    gauc : 0.962    itemcoverage@10 : 0.3354    averagepopularity@10 : 8327.9165    giniindex@10 : 0.9569    shannonentropy@10 : 0.0019    tailpercentage@10 : 0.0
Thu 18 Apr 2024 08:31:10 INFO  epoch 51 training [time: 966.33s, train loss: 211.2898]
Thu 18 Apr 2024 08:33:24 INFO  epoch 51 evaluating [time: 133.98s, valid_score: 0.377000]
Thu 18 Apr 2024 08:33:24 INFO  valid result: 
recall@10 : 0.2069    mrr@10 : 0.377    ndcg@10 : 0.2307    hit@10 : 0.712    map@10 : 0.1299    precision@10 : 0.1596    gauc : 0.9621    itemcoverage@10 : 0.3385    averagepopularity@10 : 8338.925    giniindex@10 : 0.9564    shannonentropy@10 : 0.0018    tailpercentage@10 : 0.0
Thu 18 Apr 2024 08:49:29 INFO  epoch 52 training [time: 965.40s, train loss: 209.9350]
Thu 18 Apr 2024 08:51:43 INFO  epoch 52 evaluating [time: 133.80s, valid_score: 0.376900]
Thu 18 Apr 2024 08:51:43 INFO  valid result: 
recall@10 : 0.2068    mrr@10 : 0.3769    ndcg@10 : 0.2306    hit@10 : 0.7115    map@10 : 0.1299    precision@10 : 0.1599    gauc : 0.9621    itemcoverage@10 : 0.3415    averagepopularity@10 : 8351.4863    giniindex@10 : 0.9562    shannonentropy@10 : 0.0018    tailpercentage@10 : 0.0
Thu 18 Apr 2024 09:07:51 INFO  epoch 53 training [time: 967.83s, train loss: 209.0344]
Thu 18 Apr 2024 09:10:04 INFO  epoch 53 evaluating [time: 133.22s, valid_score: 0.376000]
Thu 18 Apr 2024 09:10:04 INFO  valid result: 
recall@10 : 0.206    mrr@10 : 0.376    ndcg@10 : 0.23    hit@10 : 0.7108    map@10 : 0.1294    precision@10 : 0.1594    gauc : 0.9621    itemcoverage@10 : 0.3448    averagepopularity@10 : 8167.4787    giniindex@10 : 0.9545    shannonentropy@10 : 0.0018    tailpercentage@10 : 0.0
Thu 18 Apr 2024 09:26:11 INFO  epoch 54 training [time: 966.95s, train loss: 206.7789]
Thu 18 Apr 2024 09:28:24 INFO  epoch 54 evaluating [time: 133.16s, valid_score: 0.377300]
Thu 18 Apr 2024 09:28:24 INFO  valid result: 
recall@10 : 0.2072    mrr@10 : 0.3773    ndcg@10 : 0.2312    hit@10 : 0.7123    map@10 : 0.1303    precision@10 : 0.1602    gauc : 0.9622    itemcoverage@10 : 0.3469    averagepopularity@10 : 8290.9749    giniindex@10 : 0.9554    shannonentropy@10 : 0.0018    tailpercentage@10 : 0.0
Thu 18 Apr 2024 09:28:25 INFO  Saving current: saved/ml-10m_50U10I/LightGCN/LightGCN-Apr-17-2024_16-40-15.pth
Thu 18 Apr 2024 09:44:33 INFO  epoch 55 training [time: 967.56s, train loss: 205.6448]
Thu 18 Apr 2024 09:46:46 INFO  epoch 55 evaluating [time: 133.40s, valid_score: 0.376400]
Thu 18 Apr 2024 09:46:46 INFO  valid result: 
recall@10 : 0.2069    mrr@10 : 0.3764    ndcg@10 : 0.2307    hit@10 : 0.712    map@10 : 0.1299    precision@10 : 0.1601    gauc : 0.9622    itemcoverage@10 : 0.3535    averagepopularity@10 : 8170.8605    giniindex@10 : 0.9544    shannonentropy@10 : 0.0018    tailpercentage@10 : 0.0
Thu 18 Apr 2024 10:02:53 INFO  epoch 56 training [time: 966.70s, train loss: 204.4209]
Thu 18 Apr 2024 10:05:06 INFO  epoch 56 evaluating [time: 132.86s, valid_score: 0.376500]
Thu 18 Apr 2024 10:05:06 INFO  valid result: 
recall@10 : 0.207    mrr@10 : 0.3765    ndcg@10 : 0.2309    hit@10 : 0.7123    map@10 : 0.13    precision@10 : 0.1603    gauc : 0.9622    itemcoverage@10 : 0.3531    averagepopularity@10 : 8261.5777    giniindex@10 : 0.9543    shannonentropy@10 : 0.0018    tailpercentage@10 : 0.0
Thu 18 Apr 2024 10:21:12 INFO  epoch 57 training [time: 965.96s, train loss: 203.8809]
Thu 18 Apr 2024 10:23:25 INFO  epoch 57 evaluating [time: 133.60s, valid_score: 0.376200]
Thu 18 Apr 2024 10:23:25 INFO  valid result: 
recall@10 : 0.2065    mrr@10 : 0.3762    ndcg@10 : 0.2305    hit@10 : 0.7112    map@10 : 0.1298    precision@10 : 0.1598    gauc : 0.9622    itemcoverage@10 : 0.3578    averagepopularity@10 : 8147.8424    giniindex@10 : 0.9534    shannonentropy@10 : 0.0018    tailpercentage@10 : 0.0
Thu 18 Apr 2024 10:39:32 INFO  epoch 58 training [time: 966.69s, train loss: 201.3253]
Thu 18 Apr 2024 10:41:45 INFO  epoch 58 evaluating [time: 133.54s, valid_score: 0.376500]
Thu 18 Apr 2024 10:41:45 INFO  valid result: 
recall@10 : 0.2067    mrr@10 : 0.3765    ndcg@10 : 0.2308    hit@10 : 0.7117    map@10 : 0.1299    precision@10 : 0.1602    gauc : 0.9623    itemcoverage@10 : 0.3562    averagepopularity@10 : 8121.8284    giniindex@10 : 0.9535    shannonentropy@10 : 0.0018    tailpercentage@10 : 0.0
Thu 18 Apr 2024 10:57:53 INFO  epoch 59 training [time: 967.33s, train loss: 200.8166]
Thu 18 Apr 2024 11:00:47 INFO  epoch 59 evaluating [time: 174.19s, valid_score: 0.377400]
Thu 18 Apr 2024 11:00:47 INFO  valid result: 
recall@10 : 0.2076    mrr@10 : 0.3774    ndcg@10 : 0.2312    hit@10 : 0.7134    map@10 : 0.1301    precision@10 : 0.1601    gauc : 0.9623    itemcoverage@10 : 0.358    averagepopularity@10 : 8159.4627    giniindex@10 : 0.9538    shannonentropy@10 : 0.0018    tailpercentage@10 : 0.0
Thu 18 Apr 2024 11:00:48 INFO  Saving current: saved/ml-10m_50U10I/LightGCN/LightGCN-Apr-17-2024_16-40-15.pth
Thu 18 Apr 2024 11:16:52 INFO  epoch 60 training [time: 964.18s, train loss: 199.7592]
Thu 18 Apr 2024 11:19:15 INFO  epoch 60 evaluating [time: 143.11s, valid_score: 0.376300]
Thu 18 Apr 2024 11:19:15 INFO  valid result: 
recall@10 : 0.2077    mrr@10 : 0.3763    ndcg@10 : 0.2312    hit@10 : 0.7131    map@10 : 0.1301    precision@10 : 0.1604    gauc : 0.9623    itemcoverage@10 : 0.3629    averagepopularity@10 : 8132.7758    giniindex@10 : 0.9531    shannonentropy@10 : 0.0017    tailpercentage@10 : 0.0
Thu 18 Apr 2024 11:35:18 INFO  epoch 61 training [time: 963.26s, train loss: 197.8456]
Thu 18 Apr 2024 11:37:37 INFO  epoch 61 evaluating [time: 138.53s, valid_score: 0.377500]
Thu 18 Apr 2024 11:37:37 INFO  valid result: 
recall@10 : 0.2073    mrr@10 : 0.3775    ndcg@10 : 0.2314    hit@10 : 0.7139    map@10 : 0.1302    precision@10 : 0.1606    gauc : 0.9623    itemcoverage@10 : 0.3632    averagepopularity@10 : 8146.5482    giniindex@10 : 0.9531    shannonentropy@10 : 0.0017    tailpercentage@10 : 0.0
Thu 18 Apr 2024 11:37:37 INFO  Saving current: saved/ml-10m_50U10I/LightGCN/LightGCN-Apr-17-2024_16-40-15.pth
Thu 18 Apr 2024 11:53:42 INFO  epoch 62 training [time: 964.95s, train loss: 196.9895]
Thu 18 Apr 2024 11:56:01 INFO  epoch 62 evaluating [time: 138.27s, valid_score: 0.377700]
Thu 18 Apr 2024 11:56:01 INFO  valid result: 
recall@10 : 0.2076    mrr@10 : 0.3777    ndcg@10 : 0.2312    hit@10 : 0.7133    map@10 : 0.1301    precision@10 : 0.1603    gauc : 0.9623    itemcoverage@10 : 0.3687    averagepopularity@10 : 8043.5015    giniindex@10 : 0.9522    shannonentropy@10 : 0.0017    tailpercentage@10 : 0.0
Thu 18 Apr 2024 11:56:02 INFO  Saving current: saved/ml-10m_50U10I/LightGCN/LightGCN-Apr-17-2024_16-40-15.pth
Thu 18 Apr 2024 12:12:06 INFO  epoch 63 training [time: 964.63s, train loss: 196.1626]
Thu 18 Apr 2024 12:14:23 INFO  epoch 63 evaluating [time: 136.66s, valid_score: 0.378100]
Thu 18 Apr 2024 12:14:23 INFO  valid result: 
recall@10 : 0.2081    mrr@10 : 0.3781    ndcg@10 : 0.2317    hit@10 : 0.7154    map@10 : 0.1302    precision@10 : 0.1609    gauc : 0.9623    itemcoverage@10 : 0.3684    averagepopularity@10 : 8114.0846    giniindex@10 : 0.9523    shannonentropy@10 : 0.0017    tailpercentage@10 : 0.0
Thu 18 Apr 2024 12:14:24 INFO  Saving current: saved/ml-10m_50U10I/LightGCN/LightGCN-Apr-17-2024_16-40-15.pth
Thu 18 Apr 2024 12:30:27 INFO  epoch 64 training [time: 963.16s, train loss: 194.9723]
Thu 18 Apr 2024 12:32:40 INFO  epoch 64 evaluating [time: 132.90s, valid_score: 0.377600]
Thu 18 Apr 2024 12:32:40 INFO  valid result: 
recall@10 : 0.2083    mrr@10 : 0.3776    ndcg@10 : 0.2318    hit@10 : 0.7152    map@10 : 0.1303    precision@10 : 0.161    gauc : 0.9624    itemcoverage@10 : 0.3699    averagepopularity@10 : 8128.4469    giniindex@10 : 0.9522    shannonentropy@10 : 0.0017    tailpercentage@10 : 0.0
Thu 18 Apr 2024 12:48:44 INFO  epoch 65 training [time: 964.58s, train loss: 193.6183]
Thu 18 Apr 2024 12:50:56 INFO  epoch 65 evaluating [time: 131.52s, valid_score: 0.377600]
Thu 18 Apr 2024 12:50:56 INFO  valid result: 
recall@10 : 0.2079    mrr@10 : 0.3776    ndcg@10 : 0.2314    hit@10 : 0.7146    map@10 : 0.13    precision@10 : 0.1608    gauc : 0.9623    itemcoverage@10 : 0.3724    averagepopularity@10 : 8045.7743    giniindex@10 : 0.9509    shannonentropy@10 : 0.0017    tailpercentage@10 : 0.0
Thu 18 Apr 2024 13:07:01 INFO  epoch 66 training [time: 965.40s, train loss: 193.0074]
Thu 18 Apr 2024 13:09:13 INFO  epoch 66 evaluating [time: 131.63s, valid_score: 0.378100]
Thu 18 Apr 2024 13:09:13 INFO  valid result: 
recall@10 : 0.2084    mrr@10 : 0.3781    ndcg@10 : 0.2321    hit@10 : 0.7153    map@10 : 0.1305    precision@10 : 0.1613    gauc : 0.9624    itemcoverage@10 : 0.3716    averagepopularity@10 : 8072.2783    giniindex@10 : 0.9517    shannonentropy@10 : 0.0017    tailpercentage@10 : 0.0
Thu 18 Apr 2024 13:09:14 INFO  Saving current: saved/ml-10m_50U10I/LightGCN/LightGCN-Apr-17-2024_16-40-15.pth
Thu 18 Apr 2024 13:25:21 INFO  epoch 67 training [time: 966.51s, train loss: 191.4831]
Thu 18 Apr 2024 13:27:54 INFO  epoch 67 evaluating [time: 153.75s, valid_score: 0.378500]
Thu 18 Apr 2024 13:27:54 INFO  valid result: 
recall@10 : 0.2081    mrr@10 : 0.3785    ndcg@10 : 0.2318    hit@10 : 0.7154    map@10 : 0.1302    precision@10 : 0.1609    gauc : 0.9624    itemcoverage@10 : 0.3769    averagepopularity@10 : 8040.4845    giniindex@10 : 0.9507    shannonentropy@10 : 0.0017    tailpercentage@10 : 0.0
Thu 18 Apr 2024 13:27:55 INFO  Saving current: saved/ml-10m_50U10I/LightGCN/LightGCN-Apr-17-2024_16-40-15.pth
Thu 18 Apr 2024 13:43:59 INFO  epoch 68 training [time: 963.67s, train loss: 190.9093]
Thu 18 Apr 2024 13:46:10 INFO  epoch 68 evaluating [time: 131.11s, valid_score: 0.377600]
Thu 18 Apr 2024 13:46:10 INFO  valid result: 
recall@10 : 0.2081    mrr@10 : 0.3776    ndcg@10 : 0.2315    hit@10 : 0.7156    map@10 : 0.13    precision@10 : 0.161    gauc : 0.9623    itemcoverage@10 : 0.3785    averagepopularity@10 : 7962.802    giniindex@10 : 0.9499    shannonentropy@10 : 0.0017    tailpercentage@10 : 0.0
Thu 18 Apr 2024 14:02:16 INFO  epoch 69 training [time: 965.83s, train loss: 190.0873]
Thu 18 Apr 2024 14:04:27 INFO  epoch 69 evaluating [time: 131.25s, valid_score: 0.377700]
Thu 18 Apr 2024 14:04:27 INFO  valid result: 
recall@10 : 0.2081    mrr@10 : 0.3777    ndcg@10 : 0.2315    hit@10 : 0.7157    map@10 : 0.13    precision@10 : 0.1609    gauc : 0.9623    itemcoverage@10 : 0.3821    averagepopularity@10 : 7898.42    giniindex@10 : 0.9495    shannonentropy@10 : 0.0017    tailpercentage@10 : 0.0
Thu 18 Apr 2024 14:20:32 INFO  epoch 70 training [time: 964.41s, train loss: 189.1932]
Thu 18 Apr 2024 14:22:46 INFO  epoch 70 evaluating [time: 134.72s, valid_score: 0.378400]
Thu 18 Apr 2024 14:22:46 INFO  valid result: 
recall@10 : 0.2084    mrr@10 : 0.3784    ndcg@10 : 0.232    hit@10 : 0.715    map@10 : 0.1304    precision@10 : 0.1612    gauc : 0.9623    itemcoverage@10 : 0.381    averagepopularity@10 : 8113.4863    giniindex@10 : 0.9506    shannonentropy@10 : 0.0017    tailpercentage@10 : 0.0
Thu 18 Apr 2024 14:38:51 INFO  epoch 71 training [time: 964.45s, train loss: 188.7466]
Thu 18 Apr 2024 14:41:05 INFO  epoch 71 evaluating [time: 134.61s, valid_score: 0.378400]
Thu 18 Apr 2024 14:41:05 INFO  valid result: 
recall@10 : 0.2085    mrr@10 : 0.3784    ndcg@10 : 0.2322    hit@10 : 0.7162    map@10 : 0.1305    precision@10 : 0.1615    gauc : 0.9623    itemcoverage@10 : 0.386    averagepopularity@10 : 8012.4828    giniindex@10 : 0.9496    shannonentropy@10 : 0.0017    tailpercentage@10 : 0.0
Thu 18 Apr 2024 14:57:10 INFO  epoch 72 training [time: 965.08s, train loss: 186.7559]
Thu 18 Apr 2024 14:59:25 INFO  epoch 72 evaluating [time: 134.39s, valid_score: 0.378600]
Thu 18 Apr 2024 14:59:25 INFO  valid result: 
recall@10 : 0.2087    mrr@10 : 0.3786    ndcg@10 : 0.2323    hit@10 : 0.7167    map@10 : 0.1305    precision@10 : 0.1617    gauc : 0.9624    itemcoverage@10 : 0.3867    averagepopularity@10 : 8044.798    giniindex@10 : 0.9497    shannonentropy@10 : 0.0016    tailpercentage@10 : 0.0
Thu 18 Apr 2024 14:59:26 INFO  Saving current: saved/ml-10m_50U10I/LightGCN/LightGCN-Apr-17-2024_16-40-15.pth
Thu 18 Apr 2024 15:15:31 INFO  epoch 73 training [time: 964.59s, train loss: 186.0944]
Thu 18 Apr 2024 15:17:42 INFO  epoch 73 evaluating [time: 131.71s, valid_score: 0.377700]
Thu 18 Apr 2024 15:17:42 INFO  valid result: 
recall@10 : 0.2081    mrr@10 : 0.3777    ndcg@10 : 0.2316    hit@10 : 0.7166    map@10 : 0.13    precision@10 : 0.1612    gauc : 0.9623    itemcoverage@10 : 0.3908    averagepopularity@10 : 7951.1072    giniindex@10 : 0.9486    shannonentropy@10 : 0.0016    tailpercentage@10 : 0.0
Thu 18 Apr 2024 15:33:49 INFO  epoch 74 training [time: 966.34s, train loss: 185.4959]
Thu 18 Apr 2024 15:36:02 INFO  epoch 74 evaluating [time: 133.18s, valid_score: 0.376700]
Thu 18 Apr 2024 15:36:02 INFO  valid result: 
recall@10 : 0.2081    mrr@10 : 0.3767    ndcg@10 : 0.231    hit@10 : 0.7158    map@10 : 0.1296    precision@10 : 0.1609    gauc : 0.9623    itemcoverage@10 : 0.3936    averagepopularity@10 : 7919.7224    giniindex@10 : 0.9482    shannonentropy@10 : 0.0016    tailpercentage@10 : 0.0
Thu 18 Apr 2024 15:52:06 INFO  epoch 75 training [time: 964.73s, train loss: 185.1092]
Thu 18 Apr 2024 15:54:18 INFO  epoch 75 evaluating [time: 131.66s, valid_score: 0.377700]
Thu 18 Apr 2024 15:54:18 INFO  valid result: 
recall@10 : 0.2087    mrr@10 : 0.3777    ndcg@10 : 0.232    hit@10 : 0.7171    map@10 : 0.1302    precision@10 : 0.1617    gauc : 0.9623    itemcoverage@10 : 0.392    averagepopularity@10 : 8042.7994    giniindex@10 : 0.949    shannonentropy@10 : 0.0016    tailpercentage@10 : 0.0
Thu 18 Apr 2024 16:10:23 INFO  epoch 76 training [time: 964.61s, train loss: 183.5663]
Thu 18 Apr 2024 16:12:35 INFO  epoch 76 evaluating [time: 132.56s, valid_score: 0.377100]
Thu 18 Apr 2024 16:12:35 INFO  valid result: 
recall@10 : 0.2078    mrr@10 : 0.3771    ndcg@10 : 0.2314    hit@10 : 0.7161    map@10 : 0.1299    precision@10 : 0.1612    gauc : 0.9623    itemcoverage@10 : 0.3959    averagepopularity@10 : 7940.9271    giniindex@10 : 0.948    shannonentropy@10 : 0.0016    tailpercentage@10 : 0.0
Thu 18 Apr 2024 16:28:40 INFO  epoch 77 training [time: 964.44s, train loss: 183.1003]
Thu 18 Apr 2024 16:30:52 INFO  epoch 77 evaluating [time: 132.15s, valid_score: 0.377500]
Thu 18 Apr 2024 16:30:52 INFO  valid result: 
recall@10 : 0.2086    mrr@10 : 0.3775    ndcg@10 : 0.232    hit@10 : 0.7167    map@10 : 0.1303    precision@10 : 0.1616    gauc : 0.9623    itemcoverage@10 : 0.4003    averagepopularity@10 : 8004.6344    giniindex@10 : 0.9484    shannonentropy@10 : 0.0016    tailpercentage@10 : 0.0
Thu 18 Apr 2024 16:46:57 INFO  epoch 78 training [time: 965.29s, train loss: 181.4980]
Thu 18 Apr 2024 16:49:08 INFO  epoch 78 evaluating [time: 131.06s, valid_score: 0.377700]
Thu 18 Apr 2024 16:49:08 INFO  valid result: 
recall@10 : 0.2078    mrr@10 : 0.3777    ndcg@10 : 0.2312    hit@10 : 0.7172    map@10 : 0.1296    precision@10 : 0.161    gauc : 0.9622    itemcoverage@10 : 0.4004    averagepopularity@10 : 7903.6692    giniindex@10 : 0.9474    shannonentropy@10 : 0.0016    tailpercentage@10 : 0.0
Thu 18 Apr 2024 17:05:12 INFO  epoch 79 training [time: 963.89s, train loss: 181.9160]
Thu 18 Apr 2024 17:07:29 INFO  epoch 79 evaluating [time: 137.05s, valid_score: 0.377200]
Thu 18 Apr 2024 17:07:29 INFO  valid result: 
recall@10 : 0.2083    mrr@10 : 0.3772    ndcg@10 : 0.2314    hit@10 : 0.7167    map@10 : 0.1298    precision@10 : 0.1611    gauc : 0.9622    itemcoverage@10 : 0.4039    averagepopularity@10 : 7953.2586    giniindex@10 : 0.9476    shannonentropy@10 : 0.0016    tailpercentage@10 : 0.0
Thu 18 Apr 2024 17:23:33 INFO  epoch 80 training [time: 963.88s, train loss: 180.7743]
Thu 18 Apr 2024 17:25:44 INFO  epoch 80 evaluating [time: 131.35s, valid_score: 0.376200]
Thu 18 Apr 2024 17:25:44 INFO  valid result: 
recall@10 : 0.2074    mrr@10 : 0.3762    ndcg@10 : 0.2305    hit@10 : 0.7162    map@10 : 0.1291    precision@10 : 0.1604    gauc : 0.9622    itemcoverage@10 : 0.4051    averagepopularity@10 : 7867.8399    giniindex@10 : 0.9466    shannonentropy@10 : 0.0016    tailpercentage@10 : 0.0
Thu 18 Apr 2024 17:41:47 INFO  epoch 81 training [time: 963.04s, train loss: 180.3952]
Thu 18 Apr 2024 17:43:59 INFO  epoch 81 evaluating [time: 131.81s, valid_score: 0.375000]
Thu 18 Apr 2024 17:43:59 INFO  valid result: 
recall@10 : 0.2076    mrr@10 : 0.375    ndcg@10 : 0.2305    hit@10 : 0.7164    map@10 : 0.1291    precision@10 : 0.1607    gauc : 0.9622    itemcoverage@10 : 0.4078    averagepopularity@10 : 7916.0519    giniindex@10 : 0.9468    shannonentropy@10 : 0.0016    tailpercentage@10 : 0.0
Thu 18 Apr 2024 18:00:03 INFO  epoch 82 training [time: 963.70s, train loss: 179.4226]
Thu 18 Apr 2024 18:02:13 INFO  epoch 82 evaluating [time: 130.39s, valid_score: 0.376400]
Thu 18 Apr 2024 18:02:13 INFO  valid result: 
recall@10 : 0.208    mrr@10 : 0.3764    ndcg@10 : 0.2307    hit@10 : 0.7164    map@10 : 0.1292    precision@10 : 0.1607    gauc : 0.9622    itemcoverage@10 : 0.4087    averagepopularity@10 : 7934.8601    giniindex@10 : 0.9468    shannonentropy@10 : 0.0016    tailpercentage@10 : 0.0
Thu 18 Apr 2024 18:18:17 INFO  epoch 83 training [time: 963.86s, train loss: 178.9179]
Thu 18 Apr 2024 18:20:28 INFO  epoch 83 evaluating [time: 130.33s, valid_score: 0.376700]
Thu 18 Apr 2024 18:20:28 INFO  valid result: 
recall@10 : 0.2082    mrr@10 : 0.3767    ndcg@10 : 0.2312    hit@10 : 0.7165    map@10 : 0.1295    precision@10 : 0.1611    gauc : 0.9622    itemcoverage@10 : 0.41    averagepopularity@10 : 7995.1753    giniindex@10 : 0.9472    shannonentropy@10 : 0.0016    tailpercentage@10 : 0.0
Thu 18 Apr 2024 18:20:28 INFO  Finished training, best eval result in epoch 72
Thu 18 Apr 2024 18:20:29 INFO  Loading model structure and parameters from saved/ml-10m_50U10I/LightGCN/LightGCN-Apr-17-2024_16-40-15.pth
Thu 18 Apr 2024 18:22:41 INFO  The running environment of this training is as follows:
+-------------+----------------+
| Environment |     Usage      |
+=============+================+
| CPU         |     0.70 %     |
+-------------+----------------+
| GPU         | 1.11 G/15.57 G |
+-------------+----------------+
| Memory      | 3.47 G/27.41 G |
+-------------+----------------+
Thu 18 Apr 2024 18:22:41 INFO  best valid : OrderedDict([('recall@10', 0.2087), ('mrr@10', 0.3786), ('ndcg@10', 0.2323), ('hit@10', 0.7167), ('map@10', 0.1305), ('precision@10', 0.1617), ('gauc', 0.9624), ('itemcoverage@10', 0.3867), ('averagepopularity@10', 8044.798), ('giniindex@10', 0.9497), ('shannonentropy@10', 0.0016), ('tailpercentage@10', 0.0)])
Thu 18 Apr 2024 18:22:41 INFO  test result: OrderedDict([('recall@10', 0.2324), ('mrr@10', 0.4564), ('ndcg@10', 0.289), ('hit@10', 0.7349), ('map@10', 0.1833), ('precision@10', 0.2), ('gauc', 0.9646), ('itemcoverage@10', 0.401), ('averagepopularity@10', 7708.2176), ('giniindex@10', 0.9454), ('shannonentropy@10', 0.0016), ('tailpercentage@10', 0.0)])
Thu 18 Apr 2024 18:22:43 INFO  
General Hyper Parameters:
gpu_id = 0
use_gpu = True
seed = 2020
state = INFO
reproducibility = True
data_path = data/ml-10m_50U10I
checkpoint_dir = saved/ml-10m_50U10I/LightGCN
show_progress = True
save_dataset = False
dataset_save_path = None
save_dataloaders = False
dataloaders_save_path = None
log_wandb = False

Training Hyper Parameters:
epochs = 200
train_batch_size = 2048
learner = adam
learning_rate = 0.001
train_neg_sample_args = {'distribution': 'uniform', 'sample_num': 1, 'dynamic': False, 'candidate_num': 0, 'alpha': 1.0}
eval_step = 1
stopping_step = 10
clip_grad_norm = None
weight_decay = 0.0
loss_decimal_place = 4

Evaluation Hyper Parameters:
eval_args = {'split': {'RS': [0.8, 0.1, 0.1]}, 'order': 'RO', 'group_by': 'user', 'mode': {'valid': 'full', 'test': 'full'}}
repeatable = False
metrics = ['Recall', 'MRR', 'NDCG', 'Hit', 'MAP', 'Precision', 'GAUC', 'ItemCoverage', 'AveragePopularity', 'GiniIndex', 'ShannonEntropy', 'TailPercentage']
topk = [10]
valid_metric = MRR@10
valid_metric_bigger = True
eval_batch_size = 4096
metric_decimal_place = 4

Dataset Hyper Parameters:
field_separator = 	
seq_separator =  
USER_ID_FIELD = user_id
ITEM_ID_FIELD = item_id
RATING_FIELD = rating
TIME_FIELD = timestamp
seq_len = None
LABEL_FIELD = label
threshold = None
NEG_PREFIX = neg_
load_col = {'inter': ['user_id', 'item_id']}
unload_col = None
unused_col = None
additional_feat_suffix = None
rm_dup_inter = None
val_interval = None
filter_inter_by_user_or_item = True
user_inter_num_interval = [0,inf)
item_inter_num_interval = [0,inf)
alias_of_user_id = None
alias_of_item_id = None
alias_of_entity_id = None
alias_of_relation_id = None
preload_weight = None
normalize_field = None
normalize_all = None
ITEM_LIST_LENGTH_FIELD = item_length
LIST_SUFFIX = _list
MAX_ITEM_LIST_LENGTH = 50
POSITION_FIELD = position_id
HEAD_ENTITY_ID_FIELD = head_id
TAIL_ENTITY_ID_FIELD = tail_id
RELATION_ID_FIELD = relation_id
ENTITY_ID_FIELD = entity_id
benchmark_filename = None

Other Hyper Parameters: 
worker = 0
wandb_project = recbole
shuffle = True
require_pow = False
enable_amp = False
enable_scaler = False
transform = None
embedding_size = 64
n_layers = 2
reg_weight = 1e-05
numerical_features = []
discretization = None
kg_reverse_r = False
entity_kg_num_interval = [0,inf)
relation_kg_num_interval = [0,inf)
MODEL_TYPE = ModelType.GENERAL
encoding = utf-8
device = cuda
my_log_file = /mnt/batch/tasks/shared/LS_root/mounts/clusters/fontanagpu/code/sustainability-of-recsys/log/carbon_default.log
MODEL_INPUT_TYPE = InputType.PAIRWISE
eval_type = EvaluatorType.RANKING
single_spec = True
local_rank = 0
valid_neg_sample_args = {'distribution': 'uniform', 'sample_num': 'none'}
test_neg_sample_args = {'distribution': 'uniform', 'sample_num': 'none'}


Thu 18 Apr 2024 18:23:05 INFO  ml-10m_50U10I
The number of users: 50001
Average actions of users: 141.07548
The number of items: 10001
Average actions of items: 705.3774
The number of inters: 7053774
The sparsity of the dataset: 98.5894144730844%
Remain Fields: ['user_id', 'item_id']
Thu 18 Apr 2024 18:23:23 INFO  [Training]: train_batch_size = [2048] train_neg_sample_args: [{'distribution': 'uniform', 'sample_num': 1, 'dynamic': False, 'candidate_num': 0, 'alpha': 1.0}]
Thu 18 Apr 2024 18:23:23 INFO  [Evaluation]: eval_batch_size = [4096] eval_args: [{'split': {'RS': [0.8, 0.1, 0.1]}, 'order': 'RO', 'group_by': 'user', 'mode': {'valid': 'full', 'test': 'full'}}]
Thu 18 Apr 2024 18:23:37 INFO  Loading model structure and parameters from saved/ml-10m_50U10I/LightGCN/LightGCN-Apr-17-2024_16-40-15.pth
