Thu 09 May 2024 00:58:59 INFO  ['src/default_tracker2.py', '--dataset=LFM-1b_artist_20U50I_25strat', '--model=LightGCN', '--max_emission_step=-1']
Thu 09 May 2024 00:58:59 INFO  
General Hyper Parameters:
gpu_id = 0
use_gpu = True
seed = 2020
state = INFO
reproducibility = True
data_path = data/LFM-1b_artist_20U50I_25strat
checkpoint_dir = saved/LFM-1b_artist_20U50I_25strat/LightGCN
show_progress = True
save_dataset = False
dataset_save_path = None
save_dataloaders = False
dataloaders_save_path = None
log_wandb = False

Training Hyper Parameters:
epochs = 200
train_batch_size = 2048
learner = adam
learning_rate = 0.001
train_neg_sample_args = {'distribution': 'uniform', 'sample_num': 1, 'dynamic': False, 'candidate_num': 0, 'alpha': 1.0}
eval_step = 1
stopping_step = 10
clip_grad_norm = None
weight_decay = 0.0
loss_decimal_place = 4

Evaluation Hyper Parameters:
eval_args = {'split': {'RS': [0.8, 0.1, 0.1]}, 'order': 'RO', 'group_by': 'user', 'mode': {'valid': 'full', 'test': 'full'}}
repeatable = False
metrics = ['Recall', 'MRR', 'NDCG', 'Hit', 'MAP', 'Precision', 'GAUC', 'ItemCoverage', 'AveragePopularity', 'GiniIndex', 'ShannonEntropy', 'TailPercentage']
topk = [10]
valid_metric = MRR@10
valid_metric_bigger = True
eval_batch_size = 4096
metric_decimal_place = 4

Dataset Hyper Parameters:
field_separator = 	
seq_separator =  
USER_ID_FIELD = user_id
ITEM_ID_FIELD = item_id
RATING_FIELD = rating
TIME_FIELD = timestamp
seq_len = None
LABEL_FIELD = label
threshold = None
NEG_PREFIX = neg_
load_col = {'inter': ['user_id', 'item_id']}
unload_col = None
unused_col = None
additional_feat_suffix = None
rm_dup_inter = None
val_interval = None
filter_inter_by_user_or_item = True
user_inter_num_interval = [0,inf)
item_inter_num_interval = [0,inf)
alias_of_user_id = None
alias_of_item_id = None
alias_of_entity_id = None
alias_of_relation_id = None
preload_weight = None
normalize_field = None
normalize_all = None
ITEM_LIST_LENGTH_FIELD = item_length
LIST_SUFFIX = _list
MAX_ITEM_LIST_LENGTH = 50
POSITION_FIELD = position_id
HEAD_ENTITY_ID_FIELD = head_id
TAIL_ENTITY_ID_FIELD = tail_id
RELATION_ID_FIELD = relation_id
ENTITY_ID_FIELD = entity_id
benchmark_filename = None

Other Hyper Parameters: 
worker = 0
wandb_project = recbole
shuffle = True
require_pow = False
enable_amp = False
enable_scaler = False
transform = None
embedding_size = 64
n_layers = 2
reg_weight = 1e-05
numerical_features = []
discretization = None
kg_reverse_r = False
entity_kg_num_interval = [0,inf)
relation_kg_num_interval = [0,inf)
MODEL_TYPE = ModelType.GENERAL
encoding = utf-8
device = cuda:1
my_log_file = /home/fontana/Tesi/log/carbon_default.log
max_emission_step = -1
MODEL_INPUT_TYPE = InputType.PAIRWISE
eval_type = EvaluatorType.RANKING
single_spec = True
local_rank = 0
valid_neg_sample_args = {'distribution': 'uniform', 'sample_num': 'none'}
test_neg_sample_args = {'distribution': 'uniform', 'sample_num': 'none'}


Thu 09 May 2024 00:59:00 INFO  LFM-1b_artist_20U50I_25strat
The number of users: 19842
Average actions of users: 11.01038254120256
The number of items: 24879
Average actions of items: 8.781131923788086
The number of inters: 218457
The sparsity of the dataset: 99.95574650251882%
Remain Fields: ['user_id', 'item_id']
Thu 09 May 2024 00:59:02 INFO  [Training]: train_batch_size = [2048] train_neg_sample_args: [{'distribution': 'uniform', 'sample_num': 1, 'dynamic': False, 'candidate_num': 0, 'alpha': 1.0}]
Thu 09 May 2024 00:59:02 INFO  [Evaluation]: eval_batch_size = [4096] eval_args: [{'split': {'RS': [0.8, 0.1, 0.1]}, 'order': 'RO', 'group_by': 'user', 'mode': {'valid': 'full', 'test': 'full'}}]
Thu 09 May 2024 00:59:06 INFO  LightGCN(
  (user_embedding): Embedding(19842, 64)
  (item_embedding): Embedding(24879, 64)
  (mf_loss): BPRLoss()
  (reg_loss): EmbLoss()
)
Trainable parameters: 2862144
Thu 09 May 2024 00:59:06 INFO  FLOPs: 0.0
Thu 09 May 2024 00:59:13 INFO  epoch 0 training [time: 2.10s, train loss: 54.1825]
Thu 09 May 2024 01:00:06 INFO  epoch 0 evaluating [time: 52.62s, valid_score: 0.034000]
Thu 09 May 2024 01:00:06 INFO  valid result: 
recall@10 : 0.0785    mrr@10 : 0.034    ndcg@10 : 0.0412    hit@10 : 0.0958    map@10 : 0.0276    precision@10 : 0.0097    gauc : 0.8653    itemcoverage@10 : 0.008    averagepopularity@10 : 924.2855    giniindex@10 : 0.9995    shannonentropy@10 : 0.0127    tailpercentage@10 : 0.003
Thu 09 May 2024 01:00:06 INFO  Saving current: saved/LFM-1b_artist_20U50I_25strat/LightGCN/LightGCN-May-09-2024_00-59-06.pth
Thu 09 May 2024 01:00:08 INFO  epoch 1 training [time: 1.97s, train loss: 33.7204]
Thu 09 May 2024 01:01:01 INFO  epoch 1 evaluating [time: 52.88s, valid_score: 0.034000]
Thu 09 May 2024 01:01:01 INFO  valid result: 
recall@10 : 0.0779    mrr@10 : 0.034    ndcg@10 : 0.0411    hit@10 : 0.0956    map@10 : 0.0276    precision@10 : 0.0097    gauc : 0.8658    itemcoverage@10 : 0.0048    averagepopularity@10 : 928.886    giniindex@10 : 0.9996    shannonentropy@10 : 0.021    tailpercentage@10 : 0.0001
Thu 09 May 2024 01:01:01 INFO  Saving current: saved/LFM-1b_artist_20U50I_25strat/LightGCN/LightGCN-May-09-2024_00-59-06.pth
Thu 09 May 2024 01:01:03 INFO  epoch 2 training [time: 2.11s, train loss: 25.4197]
Thu 09 May 2024 01:01:56 INFO  epoch 2 evaluating [time: 52.57s, valid_score: 0.033800]
Thu 09 May 2024 01:01:56 INFO  valid result: 
recall@10 : 0.0773    mrr@10 : 0.0338    ndcg@10 : 0.0408    hit@10 : 0.0948    map@10 : 0.0274    precision@10 : 0.0096    gauc : 0.8658    itemcoverage@10 : 0.0043    averagepopularity@10 : 928.1173    giniindex@10 : 0.9996    shannonentropy@10 : 0.0236    tailpercentage@10 : 0.0015
Thu 09 May 2024 01:01:58 INFO  epoch 3 training [time: 2.09s, train loss: 23.1423]
Thu 09 May 2024 01:02:51 INFO  epoch 3 evaluating [time: 52.76s, valid_score: 0.033800]
Thu 09 May 2024 01:02:51 INFO  valid result: 
recall@10 : 0.0773    mrr@10 : 0.0338    ndcg@10 : 0.0408    hit@10 : 0.0949    map@10 : 0.0274    precision@10 : 0.0096    gauc : 0.8658    itemcoverage@10 : 0.0033    averagepopularity@10 : 927.6242    giniindex@10 : 0.9996    shannonentropy@10 : 0.0305    tailpercentage@10 : 0.0007
Thu 09 May 2024 01:02:53 INFO  epoch 4 training [time: 2.06s, train loss: 22.0637]
Thu 09 May 2024 01:03:45 INFO  epoch 4 evaluating [time: 52.50s, valid_score: 0.033800]
Thu 09 May 2024 01:03:45 INFO  valid result: 
recall@10 : 0.0779    mrr@10 : 0.0338    ndcg@10 : 0.041    hit@10 : 0.0952    map@10 : 0.0275    precision@10 : 0.0097    gauc : 0.8659    itemcoverage@10 : 0.0035    averagepopularity@10 : 922.3687    giniindex@10 : 0.9996    shannonentropy@10 : 0.0294    tailpercentage@10 : 0.0015
Thu 09 May 2024 01:03:47 INFO  epoch 5 training [time: 2.07s, train loss: 21.7396]
Thu 09 May 2024 01:04:40 INFO  epoch 5 evaluating [time: 52.91s, valid_score: 0.033800]
Thu 09 May 2024 01:04:40 INFO  valid result: 
recall@10 : 0.0773    mrr@10 : 0.0338    ndcg@10 : 0.0408    hit@10 : 0.0949    map@10 : 0.0275    precision@10 : 0.0096    gauc : 0.8659    itemcoverage@10 : 0.0037    averagepopularity@10 : 927.0674    giniindex@10 : 0.9996    shannonentropy@10 : 0.0278    tailpercentage@10 : 0.0015
Thu 09 May 2024 01:04:42 INFO  epoch 6 training [time: 2.13s, train loss: 21.4190]
Thu 09 May 2024 01:05:35 INFO  epoch 6 evaluating [time: 52.82s, valid_score: 0.033900]
Thu 09 May 2024 01:05:35 INFO  valid result: 
recall@10 : 0.0777    mrr@10 : 0.0339    ndcg@10 : 0.041    hit@10 : 0.0954    map@10 : 0.0275    precision@10 : 0.0097    gauc : 0.8659    itemcoverage@10 : 0.0044    averagepopularity@10 : 926.6253    giniindex@10 : 0.9996    shannonentropy@10 : 0.0232    tailpercentage@10 : 0.0015
Thu 09 May 2024 01:05:37 INFO  epoch 7 training [time: 2.06s, train loss: 21.3946]
Thu 09 May 2024 01:06:30 INFO  epoch 7 evaluating [time: 52.66s, valid_score: 0.033900]
Thu 09 May 2024 01:06:30 INFO  valid result: 
recall@10 : 0.0783    mrr@10 : 0.0339    ndcg@10 : 0.0411    hit@10 : 0.0959    map@10 : 0.0275    precision@10 : 0.0097    gauc : 0.8658    itemcoverage@10 : 0.0057    averagepopularity@10 : 927.3072    giniindex@10 : 0.9995    shannonentropy@10 : 0.018    tailpercentage@10 : 0.0016
Thu 09 May 2024 01:06:32 INFO  epoch 8 training [time: 2.10s, train loss: 20.8573]
Thu 09 May 2024 01:07:25 INFO  epoch 8 evaluating [time: 52.87s, valid_score: 0.034000]
Thu 09 May 2024 01:07:25 INFO  valid result: 
recall@10 : 0.079    mrr@10 : 0.034    ndcg@10 : 0.0414    hit@10 : 0.097    map@10 : 0.0276    precision@10 : 0.0099    gauc : 0.8658    itemcoverage@10 : 0.0053    averagepopularity@10 : 931.074    giniindex@10 : 0.9995    shannonentropy@10 : 0.0193    tailpercentage@10 : 0.0002
Thu 09 May 2024 01:07:25 INFO  Saving current: saved/LFM-1b_artist_20U50I_25strat/LightGCN/LightGCN-May-09-2024_00-59-06.pth
Thu 09 May 2024 01:07:27 INFO  epoch 9 training [time: 1.94s, train loss: 20.7231]
Thu 09 May 2024 01:08:20 INFO  epoch 9 evaluating [time: 53.07s, valid_score: 0.034000]
Thu 09 May 2024 01:08:20 INFO  valid result: 
recall@10 : 0.0792    mrr@10 : 0.034    ndcg@10 : 0.0414    hit@10 : 0.0967    map@10 : 0.0277    precision@10 : 0.0098    gauc : 0.8659    itemcoverage@10 : 0.0065    averagepopularity@10 : 923.055    giniindex@10 : 0.9995    shannonentropy@10 : 0.0157    tailpercentage@10 : 0.0001
Thu 09 May 2024 01:08:20 INFO  Saving current: saved/LFM-1b_artist_20U50I_25strat/LightGCN/LightGCN-May-09-2024_00-59-06.pth
Thu 09 May 2024 01:08:22 INFO  epoch 10 training [time: 2.06s, train loss: 20.5097]
Thu 09 May 2024 01:09:15 INFO  epoch 10 evaluating [time: 52.67s, valid_score: 0.034100]
Thu 09 May 2024 01:09:15 INFO  valid result: 
recall@10 : 0.0791    mrr@10 : 0.0341    ndcg@10 : 0.0414    hit@10 : 0.097    map@10 : 0.0277    precision@10 : 0.0099    gauc : 0.866    itemcoverage@10 : 0.0067    averagepopularity@10 : 929.9222    giniindex@10 : 0.9995    shannonentropy@10 : 0.0152    tailpercentage@10 : 0.0002
Thu 09 May 2024 01:09:15 INFO  Saving current: saved/LFM-1b_artist_20U50I_25strat/LightGCN/LightGCN-May-09-2024_00-59-06.pth
Thu 09 May 2024 01:09:18 INFO  epoch 11 training [time: 2.09s, train loss: 20.4996]
Thu 09 May 2024 01:10:10 INFO  epoch 11 evaluating [time: 52.67s, valid_score: 0.034000]
Thu 09 May 2024 01:10:10 INFO  valid result: 
recall@10 : 0.0788    mrr@10 : 0.034    ndcg@10 : 0.0413    hit@10 : 0.0966    map@10 : 0.0276    precision@10 : 0.0098    gauc : 0.866    itemcoverage@10 : 0.0077    averagepopularity@10 : 929.7209    giniindex@10 : 0.9995    shannonentropy@10 : 0.0133    tailpercentage@10 : 0.0002
Thu 09 May 2024 01:10:12 INFO  epoch 12 training [time: 2.07s, train loss: 20.1732]
Thu 09 May 2024 01:11:05 INFO  epoch 12 evaluating [time: 52.70s, valid_score: 0.033800]
Thu 09 May 2024 01:11:05 INFO  valid result: 
recall@10 : 0.0776    mrr@10 : 0.0338    ndcg@10 : 0.0409    hit@10 : 0.0951    map@10 : 0.0275    precision@10 : 0.0097    gauc : 0.8663    itemcoverage@10 : 0.0075    averagepopularity@10 : 929.2656    giniindex@10 : 0.9995    shannonentropy@10 : 0.0136    tailpercentage@10 : 0.0001
Thu 09 May 2024 01:11:07 INFO  epoch 13 training [time: 2.08s, train loss: 20.0610]
Thu 09 May 2024 01:12:00 INFO  epoch 13 evaluating [time: 53.20s, valid_score: 0.033900]
Thu 09 May 2024 01:12:00 INFO  valid result: 
recall@10 : 0.0786    mrr@10 : 0.0339    ndcg@10 : 0.0412    hit@10 : 0.0962    map@10 : 0.0275    precision@10 : 0.0098    gauc : 0.8665    itemcoverage@10 : 0.0088    averagepopularity@10 : 921.6818    giniindex@10 : 0.9995    shannonentropy@10 : 0.0116    tailpercentage@10 : 0.0001
Thu 09 May 2024 01:12:02 INFO  epoch 14 training [time: 2.08s, train loss: 19.8671]
Thu 09 May 2024 01:12:55 INFO  epoch 14 evaluating [time: 52.86s, valid_score: 0.034000]
Thu 09 May 2024 01:12:55 INFO  valid result: 
recall@10 : 0.0787    mrr@10 : 0.034    ndcg@10 : 0.0413    hit@10 : 0.0964    map@10 : 0.0276    precision@10 : 0.0098    gauc : 0.8666    itemcoverage@10 : 0.0091    averagepopularity@10 : 921.5878    giniindex@10 : 0.9995    shannonentropy@10 : 0.0112    tailpercentage@10 : 0.0002
Thu 09 May 2024 01:12:57 INFO  epoch 15 training [time: 1.85s, train loss: 19.5814]
Thu 09 May 2024 01:13:50 INFO  epoch 15 evaluating [time: 53.14s, valid_score: 0.033900]
Thu 09 May 2024 01:13:50 INFO  valid result: 
recall@10 : 0.079    mrr@10 : 0.0339    ndcg@10 : 0.0413    hit@10 : 0.0966    map@10 : 0.0275    precision@10 : 0.0098    gauc : 0.867    itemcoverage@10 : 0.0116    averagepopularity@10 : 916.3502    giniindex@10 : 0.9995    shannonentropy@10 : 0.0089    tailpercentage@10 : 0.0002
Thu 09 May 2024 01:13:52 INFO  epoch 16 training [time: 2.04s, train loss: 19.3466]
Thu 09 May 2024 01:14:45 INFO  epoch 16 evaluating [time: 52.83s, valid_score: 0.034000]
Thu 09 May 2024 01:14:45 INFO  valid result: 
recall@10 : 0.0787    mrr@10 : 0.034    ndcg@10 : 0.0412    hit@10 : 0.0964    map@10 : 0.0276    precision@10 : 0.0098    gauc : 0.8672    itemcoverage@10 : 0.0131    averagepopularity@10 : 927.1931    giniindex@10 : 0.9995    shannonentropy@10 : 0.0079    tailpercentage@10 : 0.0002
Thu 09 May 2024 01:14:47 INFO  epoch 17 training [time: 2.10s, train loss: 19.1740]
Thu 09 May 2024 01:15:40 INFO  epoch 17 evaluating [time: 52.95s, valid_score: 0.034100]
Thu 09 May 2024 01:15:40 INFO  valid result: 
recall@10 : 0.0796    mrr@10 : 0.0341    ndcg@10 : 0.0415    hit@10 : 0.0979    map@10 : 0.0276    precision@10 : 0.01    gauc : 0.8677    itemcoverage@10 : 0.0137    averagepopularity@10 : 929.4191    giniindex@10 : 0.9995    shannonentropy@10 : 0.0075    tailpercentage@10 : 0.0003
Thu 09 May 2024 01:15:40 INFO  Saving current: saved/LFM-1b_artist_20U50I_25strat/LightGCN/LightGCN-May-09-2024_00-59-06.pth
Thu 09 May 2024 01:15:43 INFO  epoch 18 training [time: 2.12s, train loss: 18.8626]
Thu 09 May 2024 01:16:36 INFO  epoch 18 evaluating [time: 53.14s, valid_score: 0.034000]
Thu 09 May 2024 01:16:36 INFO  valid result: 
recall@10 : 0.0791    mrr@10 : 0.034    ndcg@10 : 0.0414    hit@10 : 0.097    map@10 : 0.0276    precision@10 : 0.0099    gauc : 0.868    itemcoverage@10 : 0.0158    averagepopularity@10 : 925.4084    giniindex@10 : 0.9995    shannonentropy@10 : 0.0065    tailpercentage@10 : 0.0007
Thu 09 May 2024 01:16:38 INFO  epoch 19 training [time: 1.93s, train loss: 18.6951]
Thu 09 May 2024 01:17:31 INFO  epoch 19 evaluating [time: 53.15s, valid_score: 0.034000]
Thu 09 May 2024 01:17:31 INFO  valid result: 
recall@10 : 0.0786    mrr@10 : 0.034    ndcg@10 : 0.0412    hit@10 : 0.0967    map@10 : 0.0275    precision@10 : 0.0098    gauc : 0.8682    itemcoverage@10 : 0.0168    averagepopularity@10 : 924.3287    giniindex@10 : 0.9995    shannonentropy@10 : 0.0062    tailpercentage@10 : 0.0004
Thu 09 May 2024 01:17:33 INFO  epoch 20 training [time: 2.09s, train loss: 18.3151]
Thu 09 May 2024 01:18:26 INFO  epoch 20 evaluating [time: 52.86s, valid_score: 0.033900]
Thu 09 May 2024 01:18:26 INFO  valid result: 
recall@10 : 0.0793    mrr@10 : 0.0339    ndcg@10 : 0.0413    hit@10 : 0.0967    map@10 : 0.0275    precision@10 : 0.0098    gauc : 0.8687    itemcoverage@10 : 0.0186    averagepopularity@10 : 917.3921    giniindex@10 : 0.9995    shannonentropy@10 : 0.0056    tailpercentage@10 : 0.0005
Thu 09 May 2024 01:18:28 INFO  epoch 21 training [time: 2.12s, train loss: 18.0126]
Thu 09 May 2024 01:19:21 INFO  epoch 21 evaluating [time: 52.73s, valid_score: 0.033900]
Thu 09 May 2024 01:19:21 INFO  valid result: 
recall@10 : 0.0793    mrr@10 : 0.0339    ndcg@10 : 0.0414    hit@10 : 0.0971    map@10 : 0.0276    precision@10 : 0.0098    gauc : 0.8692    itemcoverage@10 : 0.0192    averagepopularity@10 : 917.5898    giniindex@10 : 0.9995    shannonentropy@10 : 0.0054    tailpercentage@10 : 0.0005
Thu 09 May 2024 01:19:23 INFO  epoch 22 training [time: 2.07s, train loss: 17.7075]
Thu 09 May 2024 01:20:15 INFO  epoch 22 evaluating [time: 52.71s, valid_score: 0.033900]
Thu 09 May 2024 01:20:15 INFO  valid result: 
recall@10 : 0.0785    mrr@10 : 0.0339    ndcg@10 : 0.0412    hit@10 : 0.0963    map@10 : 0.0275    precision@10 : 0.0098    gauc : 0.8696    itemcoverage@10 : 0.0201    averagepopularity@10 : 918.1925    giniindex@10 : 0.9995    shannonentropy@10 : 0.0052    tailpercentage@10 : 0.0004
Thu 09 May 2024 01:20:17 INFO  epoch 23 training [time: 2.08s, train loss: 17.3501]
Thu 09 May 2024 01:21:11 INFO  epoch 23 evaluating [time: 53.42s, valid_score: 0.034000]
Thu 09 May 2024 01:21:11 INFO  valid result: 
recall@10 : 0.0797    mrr@10 : 0.034    ndcg@10 : 0.0415    hit@10 : 0.0974    map@10 : 0.0277    precision@10 : 0.0099    gauc : 0.8702    itemcoverage@10 : 0.0203    averagepopularity@10 : 916.2055    giniindex@10 : 0.9995    shannonentropy@10 : 0.0052    tailpercentage@10 : 0.0004
Thu 09 May 2024 01:21:13 INFO  epoch 24 training [time: 2.08s, train loss: 17.1720]
Thu 09 May 2024 01:22:06 INFO  epoch 24 evaluating [time: 53.03s, valid_score: 0.033900]
Thu 09 May 2024 01:22:06 INFO  valid result: 
recall@10 : 0.0792    mrr@10 : 0.0339    ndcg@10 : 0.0413    hit@10 : 0.0966    map@10 : 0.0276    precision@10 : 0.0098    gauc : 0.8707    itemcoverage@10 : 0.0213    averagepopularity@10 : 914.287    giniindex@10 : 0.9995    shannonentropy@10 : 0.005    tailpercentage@10 : 0.0005
Thu 09 May 2024 01:22:08 INFO  epoch 25 training [time: 2.10s, train loss: 16.7446]
Thu 09 May 2024 01:23:01 INFO  epoch 25 evaluating [time: 52.65s, valid_score: 0.034000]
Thu 09 May 2024 01:23:01 INFO  valid result: 
recall@10 : 0.0789    mrr@10 : 0.034    ndcg@10 : 0.0414    hit@10 : 0.0963    map@10 : 0.0277    precision@10 : 0.0098    gauc : 0.8714    itemcoverage@10 : 0.023    averagepopularity@10 : 912.9571    giniindex@10 : 0.9994    shannonentropy@10 : 0.0046    tailpercentage@10 : 0.0004
Thu 09 May 2024 01:23:03 INFO  epoch 26 training [time: 2.12s, train loss: 16.5842]
Thu 09 May 2024 01:23:56 INFO  epoch 26 evaluating [time: 53.09s, valid_score: 0.034000]
Thu 09 May 2024 01:23:56 INFO  valid result: 
recall@10 : 0.0789    mrr@10 : 0.034    ndcg@10 : 0.0414    hit@10 : 0.0963    map@10 : 0.0277    precision@10 : 0.0098    gauc : 0.8719    itemcoverage@10 : 0.0246    averagepopularity@10 : 911.3332    giniindex@10 : 0.9994    shannonentropy@10 : 0.0043    tailpercentage@10 : 0.0004
Thu 09 May 2024 01:23:58 INFO  epoch 27 training [time: 2.07s, train loss: 15.9971]
Thu 09 May 2024 01:24:51 INFO  epoch 27 evaluating [time: 53.22s, valid_score: 0.034200]
Thu 09 May 2024 01:24:51 INFO  valid result: 
recall@10 : 0.0797    mrr@10 : 0.0342    ndcg@10 : 0.0417    hit@10 : 0.0973    map@10 : 0.0278    precision@10 : 0.0099    gauc : 0.8725    itemcoverage@10 : 0.0264    averagepopularity@10 : 913.4312    giniindex@10 : 0.9994    shannonentropy@10 : 0.0041    tailpercentage@10 : 0.0005
Thu 09 May 2024 01:24:52 INFO  Saving current: saved/LFM-1b_artist_20U50I_25strat/LightGCN/LightGCN-May-09-2024_00-59-06.pth
Thu 09 May 2024 01:24:54 INFO  epoch 28 training [time: 2.02s, train loss: 15.8547]
Thu 09 May 2024 01:25:47 INFO  epoch 28 evaluating [time: 53.37s, valid_score: 0.034200]
Thu 09 May 2024 01:25:47 INFO  valid result: 
recall@10 : 0.0796    mrr@10 : 0.0342    ndcg@10 : 0.0417    hit@10 : 0.097    map@10 : 0.0279    precision@10 : 0.0098    gauc : 0.8732    itemcoverage@10 : 0.028    averagepopularity@10 : 911.3902    giniindex@10 : 0.9994    shannonentropy@10 : 0.0039    tailpercentage@10 : 0.0005
Thu 09 May 2024 01:25:47 INFO  Saving current: saved/LFM-1b_artist_20U50I_25strat/LightGCN/LightGCN-May-09-2024_00-59-06.pth
Thu 09 May 2024 01:25:49 INFO  epoch 29 training [time: 1.96s, train loss: 15.4378]
Thu 09 May 2024 01:26:42 INFO  epoch 29 evaluating [time: 53.21s, valid_score: 0.034300]
Thu 09 May 2024 01:26:42 INFO  valid result: 
recall@10 : 0.0798    mrr@10 : 0.0343    ndcg@10 : 0.0418    hit@10 : 0.0972    map@10 : 0.0279    precision@10 : 0.0099    gauc : 0.8738    itemcoverage@10 : 0.0295    averagepopularity@10 : 909.4817    giniindex@10 : 0.9993    shannonentropy@10 : 0.0037    tailpercentage@10 : 0.0005
Thu 09 May 2024 01:26:43 INFO  Saving current: saved/LFM-1b_artist_20U50I_25strat/LightGCN/LightGCN-May-09-2024_00-59-06.pth
Thu 09 May 2024 01:26:45 INFO  epoch 30 training [time: 1.97s, train loss: 14.9393]
Thu 09 May 2024 01:27:38 INFO  epoch 30 evaluating [time: 53.29s, valid_score: 0.034500]
Thu 09 May 2024 01:27:38 INFO  valid result: 
recall@10 : 0.0802    mrr@10 : 0.0345    ndcg@10 : 0.042    hit@10 : 0.0982    map@10 : 0.0281    precision@10 : 0.01    gauc : 0.8744    itemcoverage@10 : 0.0308    averagepopularity@10 : 907.7509    giniindex@10 : 0.9993    shannonentropy@10 : 0.0036    tailpercentage@10 : 0.0005
Thu 09 May 2024 01:27:38 INFO  Saving current: saved/LFM-1b_artist_20U50I_25strat/LightGCN/LightGCN-May-09-2024_00-59-06.pth
Thu 09 May 2024 01:27:40 INFO  epoch 31 training [time: 1.88s, train loss: 14.5575]
Thu 09 May 2024 01:28:34 INFO  epoch 31 evaluating [time: 53.41s, valid_score: 0.034700]
Thu 09 May 2024 01:28:34 INFO  valid result: 
recall@10 : 0.0819    mrr@10 : 0.0347    ndcg@10 : 0.0426    hit@10 : 0.0999    map@10 : 0.0283    precision@10 : 0.0101    gauc : 0.8751    itemcoverage@10 : 0.0321    averagepopularity@10 : 902.108    giniindex@10 : 0.9993    shannonentropy@10 : 0.0035    tailpercentage@10 : 0.0006
Thu 09 May 2024 01:28:34 INFO  Saving current: saved/LFM-1b_artist_20U50I_25strat/LightGCN/LightGCN-May-09-2024_00-59-06.pth
Thu 09 May 2024 01:28:36 INFO  epoch 32 training [time: 1.89s, train loss: 14.1178]
Thu 09 May 2024 01:29:29 INFO  epoch 32 evaluating [time: 53.21s, valid_score: 0.034800]
Thu 09 May 2024 01:29:29 INFO  valid result: 
recall@10 : 0.0819    mrr@10 : 0.0348    ndcg@10 : 0.0426    hit@10 : 0.1003    map@10 : 0.0284    precision@10 : 0.0102    gauc : 0.8758    itemcoverage@10 : 0.0331    averagepopularity@10 : 903.303    giniindex@10 : 0.9993    shannonentropy@10 : 0.0034    tailpercentage@10 : 0.0006
Thu 09 May 2024 01:29:29 INFO  Saving current: saved/LFM-1b_artist_20U50I_25strat/LightGCN/LightGCN-May-09-2024_00-59-06.pth
Thu 09 May 2024 01:29:31 INFO  epoch 33 training [time: 2.06s, train loss: 13.8756]
Thu 09 May 2024 01:30:24 INFO  epoch 33 evaluating [time: 52.67s, valid_score: 0.035000]
Thu 09 May 2024 01:30:24 INFO  valid result: 
recall@10 : 0.0822    mrr@10 : 0.035    ndcg@10 : 0.0428    hit@10 : 0.1005    map@10 : 0.0285    precision@10 : 0.0102    gauc : 0.8765    itemcoverage@10 : 0.0342    averagepopularity@10 : 899.9532    giniindex@10 : 0.9992    shannonentropy@10 : 0.0033    tailpercentage@10 : 0.0008
Thu 09 May 2024 01:30:24 INFO  Saving current: saved/LFM-1b_artist_20U50I_25strat/LightGCN/LightGCN-May-09-2024_00-59-06.pth
Thu 09 May 2024 01:30:26 INFO  epoch 34 training [time: 2.14s, train loss: 13.5866]
Thu 09 May 2024 01:31:20 INFO  epoch 34 evaluating [time: 53.14s, valid_score: 0.035200]
Thu 09 May 2024 01:31:20 INFO  valid result: 
recall@10 : 0.0829    mrr@10 : 0.0352    ndcg@10 : 0.0432    hit@10 : 0.1014    map@10 : 0.0287    precision@10 : 0.0103    gauc : 0.8772    itemcoverage@10 : 0.0355    averagepopularity@10 : 894.5792    giniindex@10 : 0.9992    shannonentropy@10 : 0.0033    tailpercentage@10 : 0.0014
Thu 09 May 2024 01:31:20 INFO  Saving current: saved/LFM-1b_artist_20U50I_25strat/LightGCN/LightGCN-May-09-2024_00-59-06.pth
Thu 09 May 2024 01:31:22 INFO  epoch 35 training [time: 2.00s, train loss: 13.0704]
Thu 09 May 2024 01:32:15 INFO  epoch 35 evaluating [time: 52.89s, valid_score: 0.035400]
Thu 09 May 2024 01:32:15 INFO  valid result: 
recall@10 : 0.0841    mrr@10 : 0.0354    ndcg@10 : 0.0436    hit@10 : 0.1026    map@10 : 0.0289    precision@10 : 0.0104    gauc : 0.8778    itemcoverage@10 : 0.0362    averagepopularity@10 : 890.3872    giniindex@10 : 0.9992    shannonentropy@10 : 0.0033    tailpercentage@10 : 0.0013
Thu 09 May 2024 01:32:15 INFO  Saving current: saved/LFM-1b_artist_20U50I_25strat/LightGCN/LightGCN-May-09-2024_00-59-06.pth
Thu 09 May 2024 01:32:17 INFO  epoch 36 training [time: 2.09s, train loss: 12.7401]
Thu 09 May 2024 01:33:10 INFO  epoch 36 evaluating [time: 52.99s, valid_score: 0.035400]
Thu 09 May 2024 01:33:10 INFO  valid result: 
recall@10 : 0.0834    mrr@10 : 0.0354    ndcg@10 : 0.0434    hit@10 : 0.1022    map@10 : 0.0289    precision@10 : 0.0104    gauc : 0.8785    itemcoverage@10 : 0.037    averagepopularity@10 : 890.0136    giniindex@10 : 0.9991    shannonentropy@10 : 0.0032    tailpercentage@10 : 0.0006
Thu 09 May 2024 01:33:11 INFO  Saving current: saved/LFM-1b_artist_20U50I_25strat/LightGCN/LightGCN-May-09-2024_00-59-06.pth
Thu 09 May 2024 01:33:13 INFO  epoch 37 training [time: 2.07s, train loss: 12.4001]
Thu 09 May 2024 01:34:06 INFO  epoch 37 evaluating [time: 53.29s, valid_score: 0.035400]
Thu 09 May 2024 01:34:06 INFO  valid result: 
recall@10 : 0.083    mrr@10 : 0.0354    ndcg@10 : 0.0433    hit@10 : 0.1013    map@10 : 0.0289    precision@10 : 0.0103    gauc : 0.8791    itemcoverage@10 : 0.0379    averagepopularity@10 : 888.5997    giniindex@10 : 0.9991    shannonentropy@10 : 0.0032    tailpercentage@10 : 0.0006
Thu 09 May 2024 01:34:06 INFO  Saving current: saved/LFM-1b_artist_20U50I_25strat/LightGCN/LightGCN-May-09-2024_00-59-06.pth
Thu 09 May 2024 01:34:08 INFO  epoch 38 training [time: 2.09s, train loss: 12.1776]
Thu 09 May 2024 01:35:01 INFO  epoch 38 evaluating [time: 53.18s, valid_score: 0.035800]
Thu 09 May 2024 01:35:01 INFO  valid result: 
recall@10 : 0.0849    mrr@10 : 0.0358    ndcg@10 : 0.044    hit@10 : 0.1033    map@10 : 0.0292    precision@10 : 0.0105    gauc : 0.8798    itemcoverage@10 : 0.0382    averagepopularity@10 : 884.6421    giniindex@10 : 0.9991    shannonentropy@10 : 0.0032    tailpercentage@10 : 0.0005
Thu 09 May 2024 01:35:02 INFO  Saving current: saved/LFM-1b_artist_20U50I_25strat/LightGCN/LightGCN-May-09-2024_00-59-06.pth
Thu 09 May 2024 01:35:04 INFO  epoch 39 training [time: 2.06s, train loss: 11.8641]
Thu 09 May 2024 01:35:57 INFO  epoch 39 evaluating [time: 53.02s, valid_score: 0.035800]
Thu 09 May 2024 01:35:57 INFO  valid result: 
recall@10 : 0.0846    mrr@10 : 0.0358    ndcg@10 : 0.0439    hit@10 : 0.1035    map@10 : 0.0292    precision@10 : 0.0105    gauc : 0.8804    itemcoverage@10 : 0.0392    averagepopularity@10 : 879.5933    giniindex@10 : 0.999    shannonentropy@10 : 0.0032    tailpercentage@10 : 0.0011
Thu 09 May 2024 01:35:57 INFO  Saving current: saved/LFM-1b_artist_20U50I_25strat/LightGCN/LightGCN-May-09-2024_00-59-06.pth
Thu 09 May 2024 01:35:59 INFO  epoch 40 training [time: 1.94s, train loss: 11.4192]
Thu 09 May 2024 01:36:52 INFO  epoch 40 evaluating [time: 53.21s, valid_score: 0.035900]
Thu 09 May 2024 01:36:52 INFO  valid result: 
recall@10 : 0.0851    mrr@10 : 0.0359    ndcg@10 : 0.0441    hit@10 : 0.1039    map@10 : 0.0293    precision@10 : 0.0105    gauc : 0.8809    itemcoverage@10 : 0.0402    averagepopularity@10 : 874.7775    giniindex@10 : 0.999    shannonentropy@10 : 0.0031    tailpercentage@10 : 0.0006
Thu 09 May 2024 01:36:53 INFO  Saving current: saved/LFM-1b_artist_20U50I_25strat/LightGCN/LightGCN-May-09-2024_00-59-06.pth
Thu 09 May 2024 01:36:55 INFO  epoch 41 training [time: 2.10s, train loss: 11.0510]
Thu 09 May 2024 01:37:48 INFO  epoch 41 evaluating [time: 53.13s, valid_score: 0.036000]
Thu 09 May 2024 01:37:48 INFO  valid result: 
recall@10 : 0.0859    mrr@10 : 0.036    ndcg@10 : 0.0444    hit@10 : 0.1048    map@10 : 0.0295    precision@10 : 0.0106    gauc : 0.8815    itemcoverage@10 : 0.0405    averagepopularity@10 : 870.0442    giniindex@10 : 0.999    shannonentropy@10 : 0.0031    tailpercentage@10 : 0.0007
Thu 09 May 2024 01:37:48 INFO  Saving current: saved/LFM-1b_artist_20U50I_25strat/LightGCN/LightGCN-May-09-2024_00-59-06.pth
Thu 09 May 2024 01:37:50 INFO  epoch 42 training [time: 2.13s, train loss: 10.7385]
Thu 09 May 2024 01:38:43 INFO  epoch 42 evaluating [time: 53.00s, valid_score: 0.036300]
Thu 09 May 2024 01:38:43 INFO  valid result: 
recall@10 : 0.0854    mrr@10 : 0.0363    ndcg@10 : 0.0445    hit@10 : 0.1046    map@10 : 0.0297    precision@10 : 0.0106    gauc : 0.8821    itemcoverage@10 : 0.0415    averagepopularity@10 : 865.4019    giniindex@10 : 0.9989    shannonentropy@10 : 0.0031    tailpercentage@10 : 0.0006
Thu 09 May 2024 01:38:44 INFO  Saving current: saved/LFM-1b_artist_20U50I_25strat/LightGCN/LightGCN-May-09-2024_00-59-06.pth
Thu 09 May 2024 01:38:46 INFO  epoch 43 training [time: 2.10s, train loss: 10.5573]
Thu 09 May 2024 01:39:39 INFO  epoch 43 evaluating [time: 53.17s, valid_score: 0.036400]
Thu 09 May 2024 01:39:39 INFO  valid result: 
recall@10 : 0.0859    mrr@10 : 0.0364    ndcg@10 : 0.0447    hit@10 : 0.1055    map@10 : 0.0298    precision@10 : 0.0107    gauc : 0.8826    itemcoverage@10 : 0.0424    averagepopularity@10 : 857.9197    giniindex@10 : 0.9989    shannonentropy@10 : 0.0031    tailpercentage@10 : 0.0013
Thu 09 May 2024 01:39:39 INFO  Saving current: saved/LFM-1b_artist_20U50I_25strat/LightGCN/LightGCN-May-09-2024_00-59-06.pth
Thu 09 May 2024 01:39:41 INFO  epoch 44 training [time: 2.12s, train loss: 10.0993]
Thu 09 May 2024 01:40:34 INFO  epoch 44 evaluating [time: 53.15s, valid_score: 0.036500]
Thu 09 May 2024 01:40:34 INFO  valid result: 
recall@10 : 0.0871    mrr@10 : 0.0365    ndcg@10 : 0.045    hit@10 : 0.1066    map@10 : 0.0299    precision@10 : 0.0108    gauc : 0.883    itemcoverage@10 : 0.043    averagepopularity@10 : 852.8814    giniindex@10 : 0.9989    shannonentropy@10 : 0.0031    tailpercentage@10 : 0.0007
Thu 09 May 2024 01:40:35 INFO  Saving current: saved/LFM-1b_artist_20U50I_25strat/LightGCN/LightGCN-May-09-2024_00-59-06.pth
Thu 09 May 2024 01:40:37 INFO  epoch 45 training [time: 2.07s, train loss: 9.9772]
Thu 09 May 2024 01:41:30 INFO  epoch 45 evaluating [time: 53.24s, valid_score: 0.036500]
Thu 09 May 2024 01:41:30 INFO  valid result: 
recall@10 : 0.0883    mrr@10 : 0.0365    ndcg@10 : 0.0453    hit@10 : 0.1077    map@10 : 0.0299    precision@10 : 0.0109    gauc : 0.8835    itemcoverage@10 : 0.0437    averagepopularity@10 : 845.4674    giniindex@10 : 0.9988    shannonentropy@10 : 0.0031    tailpercentage@10 : 0.0007
Thu 09 May 2024 01:41:30 INFO  Saving current: saved/LFM-1b_artist_20U50I_25strat/LightGCN/LightGCN-May-09-2024_00-59-06.pth
Thu 09 May 2024 01:41:32 INFO  epoch 46 training [time: 2.10s, train loss: 9.6153]
Thu 09 May 2024 01:42:25 INFO  epoch 46 evaluating [time: 53.11s, valid_score: 0.036700]
Thu 09 May 2024 01:42:25 INFO  valid result: 
recall@10 : 0.0892    mrr@10 : 0.0367    ndcg@10 : 0.0457    hit@10 : 0.1087    map@10 : 0.0301    precision@10 : 0.011    gauc : 0.8839    itemcoverage@10 : 0.0443    averagepopularity@10 : 840.8707    giniindex@10 : 0.9988    shannonentropy@10 : 0.0031    tailpercentage@10 : 0.0007
Thu 09 May 2024 01:42:26 INFO  Saving current: saved/LFM-1b_artist_20U50I_25strat/LightGCN/LightGCN-May-09-2024_00-59-06.pth
Thu 09 May 2024 01:42:28 INFO  epoch 47 training [time: 2.10s, train loss: 9.2712]
Thu 09 May 2024 01:43:21 INFO  epoch 47 evaluating [time: 53.14s, valid_score: 0.037000]
Thu 09 May 2024 01:43:21 INFO  valid result: 
recall@10 : 0.0901    mrr@10 : 0.037    ndcg@10 : 0.0461    hit@10 : 0.1099    map@10 : 0.0303    precision@10 : 0.0111    gauc : 0.8843    itemcoverage@10 : 0.0457    averagepopularity@10 : 835.4819    giniindex@10 : 0.9987    shannonentropy@10 : 0.003    tailpercentage@10 : 0.0007
Thu 09 May 2024 01:43:21 INFO  Saving current: saved/LFM-1b_artist_20U50I_25strat/LightGCN/LightGCN-May-09-2024_00-59-06.pth
Thu 09 May 2024 01:43:23 INFO  epoch 48 training [time: 2.08s, train loss: 8.9631]
Thu 09 May 2024 01:44:16 INFO  epoch 48 evaluating [time: 53.10s, valid_score: 0.037000]
Thu 09 May 2024 01:44:16 INFO  valid result: 
recall@10 : 0.0905    mrr@10 : 0.037    ndcg@10 : 0.0462    hit@10 : 0.1101    map@10 : 0.0304    precision@10 : 0.0112    gauc : 0.8847    itemcoverage@10 : 0.0467    averagepopularity@10 : 830.1956    giniindex@10 : 0.9987    shannonentropy@10 : 0.003    tailpercentage@10 : 0.0007
Thu 09 May 2024 01:44:17 INFO  Saving current: saved/LFM-1b_artist_20U50I_25strat/LightGCN/LightGCN-May-09-2024_00-59-06.pth
Thu 09 May 2024 01:44:19 INFO  epoch 49 training [time: 2.14s, train loss: 8.8120]
Thu 09 May 2024 01:45:12 INFO  epoch 49 evaluating [time: 52.93s, valid_score: 0.037000]
Thu 09 May 2024 01:45:12 INFO  valid result: 
recall@10 : 0.0909    mrr@10 : 0.037    ndcg@10 : 0.0463    hit@10 : 0.1106    map@10 : 0.0304    precision@10 : 0.0112    gauc : 0.8851    itemcoverage@10 : 0.0476    averagepopularity@10 : 824.7489    giniindex@10 : 0.9986    shannonentropy@10 : 0.0029    tailpercentage@10 : 0.0007
Thu 09 May 2024 01:45:12 INFO  Saving current: saved/LFM-1b_artist_20U50I_25strat/LightGCN/LightGCN-May-09-2024_00-59-06.pth
Thu 09 May 2024 01:45:14 INFO  epoch 50 training [time: 2.02s, train loss: 8.5881]
Thu 09 May 2024 01:46:07 INFO  epoch 50 evaluating [time: 53.07s, valid_score: 0.037200]
Thu 09 May 2024 01:46:07 INFO  valid result: 
recall@10 : 0.0919    mrr@10 : 0.0372    ndcg@10 : 0.0467    hit@10 : 0.1112    map@10 : 0.0306    precision@10 : 0.0113    gauc : 0.8854    itemcoverage@10 : 0.0492    averagepopularity@10 : 819.5974    giniindex@10 : 0.9986    shannonentropy@10 : 0.0029    tailpercentage@10 : 0.0007
Thu 09 May 2024 01:46:08 INFO  Saving current: saved/LFM-1b_artist_20U50I_25strat/LightGCN/LightGCN-May-09-2024_00-59-06.pth
Thu 09 May 2024 01:46:10 INFO  epoch 51 training [time: 2.09s, train loss: 8.2476]
Thu 09 May 2024 01:47:03 INFO  epoch 51 evaluating [time: 53.11s, valid_score: 0.037400]
Thu 09 May 2024 01:47:03 INFO  valid result: 
recall@10 : 0.0926    mrr@10 : 0.0374    ndcg@10 : 0.0471    hit@10 : 0.1119    map@10 : 0.0309    precision@10 : 0.0113    gauc : 0.8857    itemcoverage@10 : 0.0504    averagepopularity@10 : 816.2295    giniindex@10 : 0.9985    shannonentropy@10 : 0.0028    tailpercentage@10 : 0.0007
Thu 09 May 2024 01:47:03 INFO  Saving current: saved/LFM-1b_artist_20U50I_25strat/LightGCN/LightGCN-May-09-2024_00-59-06.pth
Thu 09 May 2024 01:47:05 INFO  epoch 52 training [time: 2.09s, train loss: 8.0524]
Thu 09 May 2024 01:47:58 INFO  epoch 52 evaluating [time: 52.99s, valid_score: 0.037900]
Thu 09 May 2024 01:47:58 INFO  valid result: 
recall@10 : 0.0928    mrr@10 : 0.0379    ndcg@10 : 0.0473    hit@10 : 0.1123    map@10 : 0.0312    precision@10 : 0.0114    gauc : 0.8859    itemcoverage@10 : 0.0517    averagepopularity@10 : 810.7118    giniindex@10 : 0.9985    shannonentropy@10 : 0.0028    tailpercentage@10 : 0.0008
Thu 09 May 2024 01:47:58 INFO  Saving current: saved/LFM-1b_artist_20U50I_25strat/LightGCN/LightGCN-May-09-2024_00-59-06.pth
Thu 09 May 2024 01:48:00 INFO  epoch 53 training [time: 2.04s, train loss: 7.9638]
Thu 09 May 2024 01:48:53 INFO  epoch 53 evaluating [time: 53.09s, valid_score: 0.037500]
Thu 09 May 2024 01:48:53 INFO  valid result: 
recall@10 : 0.0935    mrr@10 : 0.0375    ndcg@10 : 0.0473    hit@10 : 0.113    map@10 : 0.031    precision@10 : 0.0115    gauc : 0.8862    itemcoverage@10 : 0.0528    averagepopularity@10 : 806.6546    giniindex@10 : 0.9984    shannonentropy@10 : 0.0027    tailpercentage@10 : 0.0014
Thu 09 May 2024 01:48:56 INFO  epoch 54 training [time: 2.03s, train loss: 7.5888]
Thu 09 May 2024 01:49:49 INFO  epoch 54 evaluating [time: 53.48s, valid_score: 0.037600]
Thu 09 May 2024 01:49:49 INFO  valid result: 
recall@10 : 0.094    mrr@10 : 0.0376    ndcg@10 : 0.0475    hit@10 : 0.114    map@10 : 0.031    precision@10 : 0.0116    gauc : 0.8865    itemcoverage@10 : 0.0544    averagepopularity@10 : 801.1663    giniindex@10 : 0.9983    shannonentropy@10 : 0.0027    tailpercentage@10 : 0.0015
Thu 09 May 2024 01:49:51 INFO  epoch 55 training [time: 2.10s, train loss: 7.4544]
Thu 09 May 2024 01:50:44 INFO  epoch 55 evaluating [time: 53.32s, valid_score: 0.037800]
Thu 09 May 2024 01:50:44 INFO  valid result: 
recall@10 : 0.0938    mrr@10 : 0.0378    ndcg@10 : 0.0476    hit@10 : 0.1134    map@10 : 0.0312    precision@10 : 0.0115    gauc : 0.8866    itemcoverage@10 : 0.0553    averagepopularity@10 : 796.3829    giniindex@10 : 0.9983    shannonentropy@10 : 0.0027    tailpercentage@10 : 0.0015
Thu 09 May 2024 01:50:46 INFO  epoch 56 training [time: 1.90s, train loss: 7.2927]
Thu 09 May 2024 01:51:40 INFO  epoch 56 evaluating [time: 53.32s, valid_score: 0.037900]
Thu 09 May 2024 01:51:40 INFO  valid result: 
recall@10 : 0.0934    mrr@10 : 0.0379    ndcg@10 : 0.0476    hit@10 : 0.1129    map@10 : 0.0313    precision@10 : 0.0114    gauc : 0.8868    itemcoverage@10 : 0.0564    averagepopularity@10 : 790.2384    giniindex@10 : 0.9982    shannonentropy@10 : 0.0026    tailpercentage@10 : 0.0015
Thu 09 May 2024 01:51:40 INFO  Saving current: saved/LFM-1b_artist_20U50I_25strat/LightGCN/LightGCN-May-09-2024_00-59-06.pth
Thu 09 May 2024 01:51:42 INFO  epoch 57 training [time: 2.08s, train loss: 7.0311]
Thu 09 May 2024 01:52:35 INFO  epoch 57 evaluating [time: 53.16s, valid_score: 0.037900]
Thu 09 May 2024 01:52:35 INFO  valid result: 
recall@10 : 0.0934    mrr@10 : 0.0379    ndcg@10 : 0.0476    hit@10 : 0.1128    map@10 : 0.0313    precision@10 : 0.0114    gauc : 0.887    itemcoverage@10 : 0.0578    averagepopularity@10 : 785.8874    giniindex@10 : 0.9982    shannonentropy@10 : 0.0026    tailpercentage@10 : 0.0015
Thu 09 May 2024 01:52:36 INFO  Saving current: saved/LFM-1b_artist_20U50I_25strat/LightGCN/LightGCN-May-09-2024_00-59-06.pth
Thu 09 May 2024 01:52:38 INFO  epoch 58 training [time: 2.08s, train loss: 6.8794]
Thu 09 May 2024 01:53:31 INFO  epoch 58 evaluating [time: 53.62s, valid_score: 0.037900]
Thu 09 May 2024 01:53:31 INFO  valid result: 
recall@10 : 0.0943    mrr@10 : 0.0379    ndcg@10 : 0.0478    hit@10 : 0.1138    map@10 : 0.0313    precision@10 : 0.0115    gauc : 0.8872    itemcoverage@10 : 0.0592    averagepopularity@10 : 778.4991    giniindex@10 : 0.9981    shannonentropy@10 : 0.0026    tailpercentage@10 : 0.0014
Thu 09 May 2024 01:53:32 INFO  Saving current: saved/LFM-1b_artist_20U50I_25strat/LightGCN/LightGCN-May-09-2024_00-59-06.pth
Thu 09 May 2024 01:53:34 INFO  epoch 59 training [time: 2.08s, train loss: 6.6881]
Thu 09 May 2024 01:54:27 INFO  epoch 59 evaluating [time: 53.40s, valid_score: 0.037800]
Thu 09 May 2024 01:54:27 INFO  valid result: 
recall@10 : 0.0944    mrr@10 : 0.0378    ndcg@10 : 0.0478    hit@10 : 0.1139    map@10 : 0.0313    precision@10 : 0.0116    gauc : 0.8873    itemcoverage@10 : 0.0609    averagepopularity@10 : 774.3224    giniindex@10 : 0.998    shannonentropy@10 : 0.0025    tailpercentage@10 : 0.0015
Thu 09 May 2024 01:54:29 INFO  epoch 60 training [time: 2.08s, train loss: 6.4936]
Thu 09 May 2024 01:55:22 INFO  epoch 60 evaluating [time: 53.04s, valid_score: 0.037900]
Thu 09 May 2024 01:55:22 INFO  valid result: 
recall@10 : 0.0937    mrr@10 : 0.0379    ndcg@10 : 0.0477    hit@10 : 0.1132    map@10 : 0.0315    precision@10 : 0.0115    gauc : 0.8875    itemcoverage@10 : 0.0624    averagepopularity@10 : 772.6989    giniindex@10 : 0.998    shannonentropy@10 : 0.0025    tailpercentage@10 : 0.0015
Thu 09 May 2024 01:55:23 INFO  Saving current: saved/LFM-1b_artist_20U50I_25strat/LightGCN/LightGCN-May-09-2024_00-59-06.pth
Thu 09 May 2024 01:55:25 INFO  epoch 61 training [time: 2.06s, train loss: 6.2981]
Thu 09 May 2024 01:56:18 INFO  epoch 61 evaluating [time: 53.14s, valid_score: 0.038100]
Thu 09 May 2024 01:56:18 INFO  valid result: 
recall@10 : 0.0951    mrr@10 : 0.0381    ndcg@10 : 0.0482    hit@10 : 0.1148    map@10 : 0.0317    precision@10 : 0.0116    gauc : 0.8876    itemcoverage@10 : 0.0633    averagepopularity@10 : 769.0731    giniindex@10 : 0.9979    shannonentropy@10 : 0.0024    tailpercentage@10 : 0.0009
Thu 09 May 2024 01:56:18 INFO  Saving current: saved/LFM-1b_artist_20U50I_25strat/LightGCN/LightGCN-May-09-2024_00-59-06.pth
Thu 09 May 2024 01:56:20 INFO  epoch 62 training [time: 2.10s, train loss: 6.1392]
Thu 09 May 2024 01:57:13 INFO  epoch 62 evaluating [time: 53.26s, valid_score: 0.038400]
Thu 09 May 2024 01:57:13 INFO  valid result: 
recall@10 : 0.0948    mrr@10 : 0.0384    ndcg@10 : 0.0483    hit@10 : 0.1143    map@10 : 0.0319    precision@10 : 0.0116    gauc : 0.8877    itemcoverage@10 : 0.0643    averagepopularity@10 : 765.6012    giniindex@10 : 0.9979    shannonentropy@10 : 0.0024    tailpercentage@10 : 0.0009
Thu 09 May 2024 01:57:14 INFO  Saving current: saved/LFM-1b_artist_20U50I_25strat/LightGCN/LightGCN-May-09-2024_00-59-06.pth
Thu 09 May 2024 01:57:16 INFO  epoch 63 training [time: 2.07s, train loss: 5.9905]
Thu 09 May 2024 01:58:09 INFO  epoch 63 evaluating [time: 53.44s, valid_score: 0.038700]
Thu 09 May 2024 01:58:09 INFO  valid result: 
recall@10 : 0.0961    mrr@10 : 0.0387    ndcg@10 : 0.0488    hit@10 : 0.1161    map@10 : 0.0322    precision@10 : 0.0118    gauc : 0.8878    itemcoverage@10 : 0.0654    averagepopularity@10 : 763.4226    giniindex@10 : 0.9978    shannonentropy@10 : 0.0024    tailpercentage@10 : 0.0009
Thu 09 May 2024 01:58:10 INFO  Saving current: saved/LFM-1b_artist_20U50I_25strat/LightGCN/LightGCN-May-09-2024_00-59-06.pth
Thu 09 May 2024 01:58:12 INFO  epoch 64 training [time: 2.11s, train loss: 5.9180]
Thu 09 May 2024 01:59:05 INFO  epoch 64 evaluating [time: 53.38s, valid_score: 0.038700]
Thu 09 May 2024 01:59:05 INFO  valid result: 
recall@10 : 0.0966    mrr@10 : 0.0387    ndcg@10 : 0.0489    hit@10 : 0.1168    map@10 : 0.0321    precision@10 : 0.0118    gauc : 0.8878    itemcoverage@10 : 0.0664    averagepopularity@10 : 762.0569    giniindex@10 : 0.9978    shannonentropy@10 : 0.0023    tailpercentage@10 : 0.0008
Thu 09 May 2024 01:59:06 INFO  Saving current: saved/LFM-1b_artist_20U50I_25strat/LightGCN/LightGCN-May-09-2024_00-59-06.pth
Thu 09 May 2024 01:59:08 INFO  epoch 65 training [time: 2.07s, train loss: 5.6720]
Thu 09 May 2024 02:00:01 INFO  epoch 65 evaluating [time: 53.08s, valid_score: 0.038700]
Thu 09 May 2024 02:00:01 INFO  valid result: 
recall@10 : 0.0957    mrr@10 : 0.0387    ndcg@10 : 0.0487    hit@10 : 0.1157    map@10 : 0.0321    precision@10 : 0.0117    gauc : 0.8879    itemcoverage@10 : 0.0678    averagepopularity@10 : 760.3222    giniindex@10 : 0.9977    shannonentropy@10 : 0.0023    tailpercentage@10 : 0.0009
Thu 09 May 2024 02:00:01 INFO  Saving current: saved/LFM-1b_artist_20U50I_25strat/LightGCN/LightGCN-May-09-2024_00-59-06.pth
Thu 09 May 2024 02:00:03 INFO  epoch 66 training [time: 2.08s, train loss: 5.5788]
Thu 09 May 2024 02:00:56 INFO  epoch 66 evaluating [time: 53.43s, valid_score: 0.038900]
Thu 09 May 2024 02:00:56 INFO  valid result: 
recall@10 : 0.0959    mrr@10 : 0.0389    ndcg@10 : 0.0489    hit@10 : 0.1161    map@10 : 0.0322    precision@10 : 0.0118    gauc : 0.8879    itemcoverage@10 : 0.0686    averagepopularity@10 : 754.8567    giniindex@10 : 0.9977    shannonentropy@10 : 0.0023    tailpercentage@10 : 0.0009
Thu 09 May 2024 02:00:57 INFO  Saving current: saved/LFM-1b_artist_20U50I_25strat/LightGCN/LightGCN-May-09-2024_00-59-06.pth
Thu 09 May 2024 02:00:59 INFO  epoch 67 training [time: 2.10s, train loss: 5.4881]
Thu 09 May 2024 02:01:52 INFO  epoch 67 evaluating [time: 53.49s, valid_score: 0.038800]
Thu 09 May 2024 02:01:52 INFO  valid result: 
recall@10 : 0.0951    mrr@10 : 0.0388    ndcg@10 : 0.0486    hit@10 : 0.1153    map@10 : 0.032    precision@10 : 0.0117    gauc : 0.888    itemcoverage@10 : 0.0697    averagepopularity@10 : 747.9679    giniindex@10 : 0.9976    shannonentropy@10 : 0.0023    tailpercentage@10 : 0.0008
Thu 09 May 2024 02:01:54 INFO  epoch 68 training [time: 2.05s, train loss: 5.2605]
Thu 09 May 2024 02:02:48 INFO  epoch 68 evaluating [time: 53.28s, valid_score: 0.039000]
Thu 09 May 2024 02:02:48 INFO  valid result: 
recall@10 : 0.0964    mrr@10 : 0.039    ndcg@10 : 0.0491    hit@10 : 0.1163    map@10 : 0.0324    precision@10 : 0.0118    gauc : 0.888    itemcoverage@10 : 0.0713    averagepopularity@10 : 745.1492    giniindex@10 : 0.9975    shannonentropy@10 : 0.0022    tailpercentage@10 : 0.0008
Thu 09 May 2024 02:02:48 INFO  Saving current: saved/LFM-1b_artist_20U50I_25strat/LightGCN/LightGCN-May-09-2024_00-59-06.pth
Thu 09 May 2024 02:02:50 INFO  epoch 69 training [time: 1.92s, train loss: 5.1751]
Thu 09 May 2024 02:03:43 INFO  epoch 69 evaluating [time: 53.31s, valid_score: 0.039600]
Thu 09 May 2024 02:03:43 INFO  valid result: 
recall@10 : 0.0959    mrr@10 : 0.0396    ndcg@10 : 0.0493    hit@10 : 0.1163    map@10 : 0.0327    precision@10 : 0.0118    gauc : 0.8881    itemcoverage@10 : 0.0716    averagepopularity@10 : 742.6314    giniindex@10 : 0.9975    shannonentropy@10 : 0.0022    tailpercentage@10 : 0.0009
Thu 09 May 2024 02:03:44 INFO  Saving current: saved/LFM-1b_artist_20U50I_25strat/LightGCN/LightGCN-May-09-2024_00-59-06.pth
Thu 09 May 2024 02:03:46 INFO  epoch 70 training [time: 2.10s, train loss: 5.0228]
Thu 09 May 2024 02:04:39 INFO  epoch 70 evaluating [time: 53.16s, valid_score: 0.039700]
Thu 09 May 2024 02:04:39 INFO  valid result: 
recall@10 : 0.0957    mrr@10 : 0.0397    ndcg@10 : 0.0494    hit@10 : 0.1161    map@10 : 0.0329    precision@10 : 0.0118    gauc : 0.8881    itemcoverage@10 : 0.0729    averagepopularity@10 : 740.4031    giniindex@10 : 0.9974    shannonentropy@10 : 0.0022    tailpercentage@10 : 0.0008
Thu 09 May 2024 02:04:39 INFO  Saving current: saved/LFM-1b_artist_20U50I_25strat/LightGCN/LightGCN-May-09-2024_00-59-06.pth
Thu 09 May 2024 02:04:41 INFO  epoch 71 training [time: 2.07s, train loss: 4.9417]
Thu 09 May 2024 02:05:34 INFO  epoch 71 evaluating [time: 53.07s, valid_score: 0.039700]
Thu 09 May 2024 02:05:34 INFO  valid result: 
recall@10 : 0.0953    mrr@10 : 0.0397    ndcg@10 : 0.0493    hit@10 : 0.115    map@10 : 0.0329    precision@10 : 0.0117    gauc : 0.8881    itemcoverage@10 : 0.0743    averagepopularity@10 : 737.7061    giniindex@10 : 0.9974    shannonentropy@10 : 0.0022    tailpercentage@10 : 0.0008
Thu 09 May 2024 02:05:35 INFO  Saving current: saved/LFM-1b_artist_20U50I_25strat/LightGCN/LightGCN-May-09-2024_00-59-06.pth
Thu 09 May 2024 02:05:37 INFO  epoch 72 training [time: 2.07s, train loss: 4.7233]
Thu 09 May 2024 02:06:30 INFO  epoch 72 evaluating [time: 53.25s, valid_score: 0.039900]
Thu 09 May 2024 02:06:30 INFO  valid result: 
recall@10 : 0.0956    mrr@10 : 0.0399    ndcg@10 : 0.0495    hit@10 : 0.1157    map@10 : 0.0331    precision@10 : 0.0117    gauc : 0.8882    itemcoverage@10 : 0.0757    averagepopularity@10 : 736.4635    giniindex@10 : 0.9973    shannonentropy@10 : 0.0021    tailpercentage@10 : 0.0009
Thu 09 May 2024 02:06:30 INFO  Saving current: saved/LFM-1b_artist_20U50I_25strat/LightGCN/LightGCN-May-09-2024_00-59-06.pth
Thu 09 May 2024 02:06:32 INFO  epoch 73 training [time: 2.09s, train loss: 4.6350]
Thu 09 May 2024 02:07:26 INFO  epoch 73 evaluating [time: 53.05s, valid_score: 0.040000]
Thu 09 May 2024 02:07:26 INFO  valid result: 
recall@10 : 0.0954    mrr@10 : 0.04    ndcg@10 : 0.0495    hit@10 : 0.115    map@10 : 0.0332    precision@10 : 0.0117    gauc : 0.8882    itemcoverage@10 : 0.0766    averagepopularity@10 : 732.5586    giniindex@10 : 0.9972    shannonentropy@10 : 0.0021    tailpercentage@10 : 0.0008
Thu 09 May 2024 02:07:26 INFO  Saving current: saved/LFM-1b_artist_20U50I_25strat/LightGCN/LightGCN-May-09-2024_00-59-06.pth
Thu 09 May 2024 02:07:28 INFO  epoch 74 training [time: 1.93s, train loss: 4.5441]
Thu 09 May 2024 02:08:21 INFO  epoch 74 evaluating [time: 53.13s, valid_score: 0.039900]
Thu 09 May 2024 02:08:21 INFO  valid result: 
recall@10 : 0.0951    mrr@10 : 0.0399    ndcg@10 : 0.0494    hit@10 : 0.115    map@10 : 0.0331    precision@10 : 0.0117    gauc : 0.8883    itemcoverage@10 : 0.0773    averagepopularity@10 : 728.1612    giniindex@10 : 0.9972    shannonentropy@10 : 0.0021    tailpercentage@10 : 0.0009
Thu 09 May 2024 02:08:23 INFO  epoch 75 training [time: 2.03s, train loss: 4.4292]
Thu 09 May 2024 02:09:16 INFO  epoch 75 evaluating [time: 53.26s, valid_score: 0.040000]
Thu 09 May 2024 02:09:16 INFO  valid result: 
recall@10 : 0.0959    mrr@10 : 0.04    ndcg@10 : 0.0496    hit@10 : 0.1158    map@10 : 0.0331    precision@10 : 0.0118    gauc : 0.8883    itemcoverage@10 : 0.0792    averagepopularity@10 : 725.0691    giniindex@10 : 0.9971    shannonentropy@10 : 0.0021    tailpercentage@10 : 0.0009
Thu 09 May 2024 02:09:17 INFO  Saving current: saved/LFM-1b_artist_20U50I_25strat/LightGCN/LightGCN-May-09-2024_00-59-06.pth
Thu 09 May 2024 02:09:19 INFO  epoch 76 training [time: 2.03s, train loss: 4.3559]
Thu 09 May 2024 02:10:12 INFO  epoch 76 evaluating [time: 53.57s, valid_score: 0.039700]
Thu 09 May 2024 02:10:12 INFO  valid result: 
recall@10 : 0.0964    mrr@10 : 0.0397    ndcg@10 : 0.0495    hit@10 : 0.1163    map@10 : 0.0328    precision@10 : 0.0118    gauc : 0.8883    itemcoverage@10 : 0.0803    averagepopularity@10 : 721.521    giniindex@10 : 0.997    shannonentropy@10 : 0.0021    tailpercentage@10 : 0.0009
Thu 09 May 2024 02:10:14 INFO  epoch 77 training [time: 2.08s, train loss: 4.2710]
Thu 09 May 2024 02:11:08 INFO  epoch 77 evaluating [time: 53.31s, valid_score: 0.039600]
Thu 09 May 2024 02:11:08 INFO  valid result: 
recall@10 : 0.0959    mrr@10 : 0.0396    ndcg@10 : 0.0494    hit@10 : 0.1155    map@10 : 0.0329    precision@10 : 0.0117    gauc : 0.8882    itemcoverage@10 : 0.0816    averagepopularity@10 : 719.0487    giniindex@10 : 0.9969    shannonentropy@10 : 0.002    tailpercentage@10 : 0.0009
Thu 09 May 2024 02:11:09 INFO  epoch 78 training [time: 1.83s, train loss: 4.1773]
Thu 09 May 2024 02:12:03 INFO  epoch 78 evaluating [time: 53.23s, valid_score: 0.039900]
Thu 09 May 2024 02:12:03 INFO  valid result: 
recall@10 : 0.0958    mrr@10 : 0.0399    ndcg@10 : 0.0496    hit@10 : 0.115    map@10 : 0.0332    precision@10 : 0.0117    gauc : 0.8882    itemcoverage@10 : 0.0824    averagepopularity@10 : 716.9603    giniindex@10 : 0.9969    shannonentropy@10 : 0.002    tailpercentage@10 : 0.0015
Thu 09 May 2024 02:12:04 INFO  epoch 79 training [time: 1.87s, train loss: 4.0803]
Thu 09 May 2024 02:12:58 INFO  epoch 79 evaluating [time: 53.40s, valid_score: 0.039700]
Thu 09 May 2024 02:12:58 INFO  valid result: 
recall@10 : 0.096    mrr@10 : 0.0397    ndcg@10 : 0.0494    hit@10 : 0.1156    map@10 : 0.0329    precision@10 : 0.0117    gauc : 0.8882    itemcoverage@10 : 0.0839    averagepopularity@10 : 715.1201    giniindex@10 : 0.9968    shannonentropy@10 : 0.002    tailpercentage@10 : 0.0016
Thu 09 May 2024 02:13:00 INFO  epoch 80 training [time: 2.01s, train loss: 3.9174]
Thu 09 May 2024 02:13:53 INFO  epoch 80 evaluating [time: 53.30s, valid_score: 0.039500]
Thu 09 May 2024 02:13:53 INFO  valid result: 
recall@10 : 0.0962    mrr@10 : 0.0395    ndcg@10 : 0.0494    hit@10 : 0.1158    map@10 : 0.0329    precision@10 : 0.0117    gauc : 0.8882    itemcoverage@10 : 0.0851    averagepopularity@10 : 715.2892    giniindex@10 : 0.9968    shannonentropy@10 : 0.002    tailpercentage@10 : 0.0019
Thu 09 May 2024 02:13:55 INFO  epoch 81 training [time: 2.10s, train loss: 3.8326]
Thu 09 May 2024 02:14:48 INFO  epoch 81 evaluating [time: 52.96s, valid_score: 0.039900]
Thu 09 May 2024 02:14:48 INFO  valid result: 
recall@10 : 0.0973    mrr@10 : 0.0399    ndcg@10 : 0.05    hit@10 : 0.1173    map@10 : 0.0332    precision@10 : 0.0119    gauc : 0.8882    itemcoverage@10 : 0.0865    averagepopularity@10 : 713.383    giniindex@10 : 0.9967    shannonentropy@10 : 0.0019    tailpercentage@10 : 0.002
Thu 09 May 2024 02:14:50 INFO  epoch 82 training [time: 2.01s, train loss: 3.8208]
Thu 09 May 2024 02:15:43 INFO  epoch 82 evaluating [time: 53.20s, valid_score: 0.040000]
Thu 09 May 2024 02:15:43 INFO  valid result: 
recall@10 : 0.0968    mrr@10 : 0.04    ndcg@10 : 0.0498    hit@10 : 0.1169    map@10 : 0.0331    precision@10 : 0.0119    gauc : 0.8881    itemcoverage@10 : 0.0874    averagepopularity@10 : 710.3287    giniindex@10 : 0.9966    shannonentropy@10 : 0.0019    tailpercentage@10 : 0.0018
Thu 09 May 2024 02:15:44 INFO  Saving current: saved/LFM-1b_artist_20U50I_25strat/LightGCN/LightGCN-May-09-2024_00-59-06.pth
Thu 09 May 2024 02:15:46 INFO  epoch 83 training [time: 2.05s, train loss: 3.7619]
Thu 09 May 2024 02:16:39 INFO  epoch 83 evaluating [time: 53.37s, valid_score: 0.040200]
Thu 09 May 2024 02:16:39 INFO  valid result: 
recall@10 : 0.0967    mrr@10 : 0.0402    ndcg@10 : 0.05    hit@10 : 0.1163    map@10 : 0.0335    precision@10 : 0.0118    gauc : 0.8881    itemcoverage@10 : 0.0888    averagepopularity@10 : 706.9288    giniindex@10 : 0.9965    shannonentropy@10 : 0.0019    tailpercentage@10 : 0.0018
Thu 09 May 2024 02:16:40 INFO  Saving current: saved/LFM-1b_artist_20U50I_25strat/LightGCN/LightGCN-May-09-2024_00-59-06.pth
Thu 09 May 2024 02:16:42 INFO  epoch 84 training [time: 2.12s, train loss: 3.6378]
Thu 09 May 2024 02:17:35 INFO  epoch 84 evaluating [time: 52.99s, valid_score: 0.040300]
Thu 09 May 2024 02:17:35 INFO  valid result: 
recall@10 : 0.097    mrr@10 : 0.0403    ndcg@10 : 0.0502    hit@10 : 0.1165    map@10 : 0.0336    precision@10 : 0.0118    gauc : 0.8881    itemcoverage@10 : 0.0901    averagepopularity@10 : 702.8952    giniindex@10 : 0.9964    shannonentropy@10 : 0.0019    tailpercentage@10 : 0.0017
Thu 09 May 2024 02:17:35 INFO  Saving current: saved/LFM-1b_artist_20U50I_25strat/LightGCN/LightGCN-May-09-2024_00-59-06.pth
Thu 09 May 2024 02:17:37 INFO  epoch 85 training [time: 2.03s, train loss: 3.5994]
Thu 09 May 2024 02:18:30 INFO  epoch 85 evaluating [time: 53.26s, valid_score: 0.040500]
Thu 09 May 2024 02:18:30 INFO  valid result: 
recall@10 : 0.0971    mrr@10 : 0.0405    ndcg@10 : 0.0503    hit@10 : 0.1164    map@10 : 0.0337    precision@10 : 0.0118    gauc : 0.888    itemcoverage@10 : 0.0908    averagepopularity@10 : 697.6863    giniindex@10 : 0.9963    shannonentropy@10 : 0.0019    tailpercentage@10 : 0.0011
Thu 09 May 2024 02:18:31 INFO  Saving current: saved/LFM-1b_artist_20U50I_25strat/LightGCN/LightGCN-May-09-2024_00-59-06.pth
Thu 09 May 2024 02:18:33 INFO  epoch 86 training [time: 2.06s, train loss: 3.5662]
Thu 09 May 2024 02:19:26 INFO  epoch 86 evaluating [time: 53.28s, valid_score: 0.040500]
Thu 09 May 2024 02:19:26 INFO  valid result: 
recall@10 : 0.097    mrr@10 : 0.0405    ndcg@10 : 0.0503    hit@10 : 0.1168    map@10 : 0.0337    precision@10 : 0.0119    gauc : 0.888    itemcoverage@10 : 0.0922    averagepopularity@10 : 694.4247    giniindex@10 : 0.9962    shannonentropy@10 : 0.0019    tailpercentage@10 : 0.0011
Thu 09 May 2024 02:19:26 INFO  Saving current: saved/LFM-1b_artist_20U50I_25strat/LightGCN/LightGCN-May-09-2024_00-59-06.pth
Thu 09 May 2024 02:19:28 INFO  epoch 87 training [time: 1.87s, train loss: 3.3959]
Thu 09 May 2024 02:20:21 INFO  epoch 87 evaluating [time: 53.28s, valid_score: 0.040500]
Thu 09 May 2024 02:20:21 INFO  valid result: 
recall@10 : 0.097    mrr@10 : 0.0405    ndcg@10 : 0.0503    hit@10 : 0.1168    map@10 : 0.0337    precision@10 : 0.0119    gauc : 0.888    itemcoverage@10 : 0.0937    averagepopularity@10 : 696.8576    giniindex@10 : 0.9962    shannonentropy@10 : 0.0018    tailpercentage@10 : 0.0011
Thu 09 May 2024 02:20:22 INFO  Saving current: saved/LFM-1b_artist_20U50I_25strat/LightGCN/LightGCN-May-09-2024_00-59-06.pth
Thu 09 May 2024 02:20:24 INFO  epoch 88 training [time: 2.07s, train loss: 3.3821]
Thu 09 May 2024 02:21:17 INFO  epoch 88 evaluating [time: 52.96s, valid_score: 0.040700]
Thu 09 May 2024 02:21:17 INFO  valid result: 
recall@10 : 0.0978    mrr@10 : 0.0407    ndcg@10 : 0.0507    hit@10 : 0.1179    map@10 : 0.034    precision@10 : 0.012    gauc : 0.8879    itemcoverage@10 : 0.0952    averagepopularity@10 : 693.0684    giniindex@10 : 0.9961    shannonentropy@10 : 0.0018    tailpercentage@10 : 0.0011
Thu 09 May 2024 02:21:17 INFO  Saving current: saved/LFM-1b_artist_20U50I_25strat/LightGCN/LightGCN-May-09-2024_00-59-06.pth
Thu 09 May 2024 02:21:19 INFO  epoch 89 training [time: 2.10s, train loss: 3.2549]
Thu 09 May 2024 02:22:13 INFO  epoch 89 evaluating [time: 53.22s, valid_score: 0.040900]
Thu 09 May 2024 02:22:13 INFO  valid result: 
recall@10 : 0.0974    mrr@10 : 0.0409    ndcg@10 : 0.0507    hit@10 : 0.1175    map@10 : 0.0341    precision@10 : 0.0119    gauc : 0.8879    itemcoverage@10 : 0.0968    averagepopularity@10 : 689.6644    giniindex@10 : 0.996    shannonentropy@10 : 0.0018    tailpercentage@10 : 0.0012
Thu 09 May 2024 02:22:13 INFO  Saving current: saved/LFM-1b_artist_20U50I_25strat/LightGCN/LightGCN-May-09-2024_00-59-06.pth
Thu 09 May 2024 02:22:15 INFO  epoch 90 training [time: 2.00s, train loss: 3.1797]
Thu 09 May 2024 02:23:08 INFO  epoch 90 evaluating [time: 53.11s, valid_score: 0.040700]
Thu 09 May 2024 02:23:08 INFO  valid result: 
recall@10 : 0.0972    mrr@10 : 0.0407    ndcg@10 : 0.0506    hit@10 : 0.1173    map@10 : 0.034    precision@10 : 0.0119    gauc : 0.8878    itemcoverage@10 : 0.0978    averagepopularity@10 : 690.0551    giniindex@10 : 0.996    shannonentropy@10 : 0.0018    tailpercentage@10 : 0.0011
Thu 09 May 2024 02:23:10 INFO  epoch 91 training [time: 1.85s, train loss: 3.1402]
Thu 09 May 2024 02:24:03 INFO  epoch 91 evaluating [time: 52.87s, valid_score: 0.040800]
Thu 09 May 2024 02:24:03 INFO  valid result: 
recall@10 : 0.0981    mrr@10 : 0.0408    ndcg@10 : 0.0508    hit@10 : 0.1181    map@10 : 0.034    precision@10 : 0.012    gauc : 0.8878    itemcoverage@10 : 0.0995    averagepopularity@10 : 685.8184    giniindex@10 : 0.9959    shannonentropy@10 : 0.0018    tailpercentage@10 : 0.0011
Thu 09 May 2024 02:24:05 INFO  epoch 92 training [time: 2.13s, train loss: 3.1020]
Thu 09 May 2024 02:24:58 INFO  epoch 92 evaluating [time: 52.96s, valid_score: 0.040900]
Thu 09 May 2024 02:24:58 INFO  valid result: 
recall@10 : 0.0981    mrr@10 : 0.0409    ndcg@10 : 0.0509    hit@10 : 0.1182    map@10 : 0.0341    precision@10 : 0.012    gauc : 0.8877    itemcoverage@10 : 0.1011    averagepopularity@10 : 680.3278    giniindex@10 : 0.9957    shannonentropy@10 : 0.0017    tailpercentage@10 : 0.0011
Thu 09 May 2024 02:24:58 INFO  Saving current: saved/LFM-1b_artist_20U50I_25strat/LightGCN/LightGCN-May-09-2024_00-59-06.pth
Thu 09 May 2024 02:25:00 INFO  epoch 93 training [time: 2.13s, train loss: 2.9771]
Thu 09 May 2024 02:25:53 INFO  epoch 93 evaluating [time: 53.18s, valid_score: 0.040800]
Thu 09 May 2024 02:25:53 INFO  valid result: 
recall@10 : 0.0979    mrr@10 : 0.0408    ndcg@10 : 0.0508    hit@10 : 0.1178    map@10 : 0.0341    precision@10 : 0.0119    gauc : 0.8877    itemcoverage@10 : 0.1016    averagepopularity@10 : 677.002    giniindex@10 : 0.9957    shannonentropy@10 : 0.0017    tailpercentage@10 : 0.0012
Thu 09 May 2024 02:25:55 INFO  epoch 94 training [time: 2.08s, train loss: 2.9788]
Thu 09 May 2024 02:26:49 INFO  epoch 94 evaluating [time: 53.20s, valid_score: 0.040700]
Thu 09 May 2024 02:26:49 INFO  valid result: 
recall@10 : 0.0986    mrr@10 : 0.0407    ndcg@10 : 0.0509    hit@10 : 0.1186    map@10 : 0.0341    precision@10 : 0.012    gauc : 0.8877    itemcoverage@10 : 0.1025    averagepopularity@10 : 672.5185    giniindex@10 : 0.9956    shannonentropy@10 : 0.0017    tailpercentage@10 : 0.0012
Thu 09 May 2024 02:26:51 INFO  epoch 95 training [time: 2.07s, train loss: 2.8873]
Thu 09 May 2024 02:27:44 INFO  epoch 95 evaluating [time: 53.22s, valid_score: 0.040600]
Thu 09 May 2024 02:27:44 INFO  valid result: 
recall@10 : 0.0977    mrr@10 : 0.0406    ndcg@10 : 0.0506    hit@10 : 0.1177    map@10 : 0.0339    precision@10 : 0.0119    gauc : 0.8876    itemcoverage@10 : 0.1042    averagepopularity@10 : 667.5719    giniindex@10 : 0.9955    shannonentropy@10 : 0.0017    tailpercentage@10 : 0.0012
Thu 09 May 2024 02:27:46 INFO  epoch 96 training [time: 2.03s, train loss: 2.8393]
Thu 09 May 2024 02:28:39 INFO  epoch 96 evaluating [time: 53.29s, valid_score: 0.040700]
Thu 09 May 2024 02:28:39 INFO  valid result: 
recall@10 : 0.0978    mrr@10 : 0.0407    ndcg@10 : 0.0507    hit@10 : 0.1177    map@10 : 0.034    precision@10 : 0.0119    gauc : 0.8876    itemcoverage@10 : 0.1052    averagepopularity@10 : 663.2621    giniindex@10 : 0.9954    shannonentropy@10 : 0.0017    tailpercentage@10 : 0.0012
Thu 09 May 2024 02:28:41 INFO  epoch 97 training [time: 2.05s, train loss: 2.8551]
Thu 09 May 2024 02:29:34 INFO  epoch 97 evaluating [time: 53.03s, valid_score: 0.040800]
Thu 09 May 2024 02:29:34 INFO  valid result: 
recall@10 : 0.0983    mrr@10 : 0.0408    ndcg@10 : 0.0509    hit@10 : 0.1183    map@10 : 0.0341    precision@10 : 0.012    gauc : 0.8875    itemcoverage@10 : 0.1062    averagepopularity@10 : 659.3489    giniindex@10 : 0.9953    shannonentropy@10 : 0.0017    tailpercentage@10 : 0.0011
Thu 09 May 2024 02:29:36 INFO  epoch 98 training [time: 2.10s, train loss: 2.7585]
Thu 09 May 2024 02:30:30 INFO  epoch 98 evaluating [time: 53.15s, valid_score: 0.040500]
Thu 09 May 2024 02:30:30 INFO  valid result: 
recall@10 : 0.098    mrr@10 : 0.0405    ndcg@10 : 0.0506    hit@10 : 0.1176    map@10 : 0.0338    precision@10 : 0.0119    gauc : 0.8874    itemcoverage@10 : 0.1076    averagepopularity@10 : 659.917    giniindex@10 : 0.9952    shannonentropy@10 : 0.0017    tailpercentage@10 : 0.0012
Thu 09 May 2024 02:30:32 INFO  epoch 99 training [time: 2.10s, train loss: 2.6922]
Thu 09 May 2024 02:31:25 INFO  epoch 99 evaluating [time: 53.30s, valid_score: 0.040300]
Thu 09 May 2024 02:31:25 INFO  valid result: 
recall@10 : 0.0979    mrr@10 : 0.0403    ndcg@10 : 0.0505    hit@10 : 0.1178    map@10 : 0.0337    precision@10 : 0.0119    gauc : 0.8873    itemcoverage@10 : 0.1097    averagepopularity@10 : 658.6147    giniindex@10 : 0.9951    shannonentropy@10 : 0.0017    tailpercentage@10 : 0.0012
Thu 09 May 2024 02:31:27 INFO  epoch 100 training [time: 1.89s, train loss: 2.6314]
Thu 09 May 2024 02:32:20 INFO  epoch 100 evaluating [time: 53.00s, valid_score: 0.040200]
Thu 09 May 2024 02:32:20 INFO  valid result: 
recall@10 : 0.0977    mrr@10 : 0.0402    ndcg@10 : 0.0503    hit@10 : 0.1176    map@10 : 0.0336    precision@10 : 0.0119    gauc : 0.8873    itemcoverage@10 : 0.111    averagepopularity@10 : 654.6899    giniindex@10 : 0.995    shannonentropy@10 : 0.0016    tailpercentage@10 : 0.0012
Thu 09 May 2024 02:32:22 INFO  epoch 101 training [time: 1.98s, train loss: 2.6571]
Thu 09 May 2024 02:33:15 INFO  epoch 101 evaluating [time: 53.20s, valid_score: 0.040200]
Thu 09 May 2024 02:33:15 INFO  valid result: 
recall@10 : 0.0983    mrr@10 : 0.0402    ndcg@10 : 0.0505    hit@10 : 0.1181    map@10 : 0.0337    precision@10 : 0.012    gauc : 0.8872    itemcoverage@10 : 0.1117    averagepopularity@10 : 652.9784    giniindex@10 : 0.9949    shannonentropy@10 : 0.0016    tailpercentage@10 : 0.0012
Thu 09 May 2024 02:33:17 INFO  epoch 102 training [time: 2.11s, train loss: 2.4989]
Thu 09 May 2024 02:34:10 INFO  epoch 102 evaluating [time: 52.92s, valid_score: 0.040300]
Thu 09 May 2024 02:34:10 INFO  valid result: 
recall@10 : 0.0986    mrr@10 : 0.0403    ndcg@10 : 0.0507    hit@10 : 0.1185    map@10 : 0.0337    precision@10 : 0.012    gauc : 0.8871    itemcoverage@10 : 0.1125    averagepopularity@10 : 652.4258    giniindex@10 : 0.9949    shannonentropy@10 : 0.0016    tailpercentage@10 : 0.0012
Thu 09 May 2024 02:34:12 INFO  epoch 103 training [time: 2.09s, train loss: 2.4855]
Thu 09 May 2024 02:35:05 INFO  epoch 103 evaluating [time: 53.10s, valid_score: 0.039900]
Thu 09 May 2024 02:35:05 INFO  valid result: 
recall@10 : 0.0983    mrr@10 : 0.0399    ndcg@10 : 0.0503    hit@10 : 0.1181    map@10 : 0.0334    precision@10 : 0.012    gauc : 0.887    itemcoverage@10 : 0.1137    averagepopularity@10 : 650.8952    giniindex@10 : 0.9948    shannonentropy@10 : 0.0016    tailpercentage@10 : 0.0012
Thu 09 May 2024 02:35:05 INFO  Finished training, best eval result in epoch 92
Thu 09 May 2024 02:35:05 INFO  Loading model structure and parameters from saved/LFM-1b_artist_20U50I_25strat/LightGCN/LightGCN-May-09-2024_00-59-06.pth
Thu 09 May 2024 02:36:06 INFO  The running environment of this training is as follows:
+-------------+----------------+
| Environment |     Usage      |
+=============+================+
| CPU         |    12.80 %     |
+-------------+----------------+
| GPU         | 0.19 G/11.93 G |
+-------------+----------------+
| Memory      | 2.18 G/31.23 G |
+-------------+----------------+
Thu 09 May 2024 02:36:06 INFO  best valid : OrderedDict([('recall@10', 0.0981), ('mrr@10', 0.0409), ('ndcg@10', 0.0509), ('hit@10', 0.1182), ('map@10', 0.0341), ('precision@10', 0.012), ('gauc', 0.8877), ('itemcoverage@10', 0.1011), ('averagepopularity@10', 680.3278), ('giniindex@10', 0.9957), ('shannonentropy@10', 0.0017), ('tailpercentage@10', 0.0011)])
Thu 09 May 2024 02:36:06 INFO  test result: OrderedDict([('recall@10', 0.1012), ('mrr@10', 0.0407), ('ndcg@10', 0.0523), ('hit@10', 0.1176), ('map@10', 0.0355), ('precision@10', 0.012), ('gauc', 0.8834), ('itemcoverage@10', 0.1175), ('averagepopularity@10', 680.2857), ('giniindex@10', 0.9953), ('shannonentropy@10', 0.0015), ('tailpercentage@10', 0.0014)])
Thu 09 May 2024 02:36:06 INFO  
General Hyper Parameters:
gpu_id = 0
use_gpu = True
seed = 2020
state = INFO
reproducibility = True
data_path = data/LFM-1b_artist_20U50I_25strat
checkpoint_dir = saved/LFM-1b_artist_20U50I_25strat/LightGCN
show_progress = True
save_dataset = False
dataset_save_path = None
save_dataloaders = False
dataloaders_save_path = None
log_wandb = False

Training Hyper Parameters:
epochs = 200
train_batch_size = 2048
learner = adam
learning_rate = 0.001
train_neg_sample_args = {'distribution': 'uniform', 'sample_num': 1, 'dynamic': False, 'candidate_num': 0, 'alpha': 1.0}
eval_step = 1
stopping_step = 10
clip_grad_norm = None
weight_decay = 0.0
loss_decimal_place = 4

Evaluation Hyper Parameters:
eval_args = {'split': {'RS': [0.8, 0.1, 0.1]}, 'order': 'RO', 'group_by': 'user', 'mode': {'valid': 'full', 'test': 'full'}}
repeatable = False
metrics = ['Recall', 'MRR', 'NDCG', 'Hit', 'MAP', 'Precision', 'GAUC', 'ItemCoverage', 'AveragePopularity', 'GiniIndex', 'ShannonEntropy', 'TailPercentage']
topk = [10]
valid_metric = MRR@10
valid_metric_bigger = True
eval_batch_size = 4096
metric_decimal_place = 4

Dataset Hyper Parameters:
field_separator = 	
seq_separator =  
USER_ID_FIELD = user_id
ITEM_ID_FIELD = item_id
RATING_FIELD = rating
TIME_FIELD = timestamp
seq_len = None
LABEL_FIELD = label
threshold = None
NEG_PREFIX = neg_
load_col = {'inter': ['user_id', 'item_id']}
unload_col = None
unused_col = None
additional_feat_suffix = None
rm_dup_inter = None
val_interval = None
filter_inter_by_user_or_item = True
user_inter_num_interval = [0,inf)
item_inter_num_interval = [0,inf)
alias_of_user_id = None
alias_of_item_id = None
alias_of_entity_id = None
alias_of_relation_id = None
preload_weight = None
normalize_field = None
normalize_all = None
ITEM_LIST_LENGTH_FIELD = item_length
LIST_SUFFIX = _list
MAX_ITEM_LIST_LENGTH = 50
POSITION_FIELD = position_id
HEAD_ENTITY_ID_FIELD = head_id
TAIL_ENTITY_ID_FIELD = tail_id
RELATION_ID_FIELD = relation_id
ENTITY_ID_FIELD = entity_id
benchmark_filename = None

Other Hyper Parameters: 
worker = 0
wandb_project = recbole
shuffle = True
require_pow = False
enable_amp = False
enable_scaler = False
transform = None
embedding_size = 64
n_layers = 2
reg_weight = 1e-05
numerical_features = []
discretization = None
kg_reverse_r = False
entity_kg_num_interval = [0,inf)
relation_kg_num_interval = [0,inf)
MODEL_TYPE = ModelType.GENERAL
encoding = utf-8
device = cuda:1
my_log_file = /home/fontana/Tesi/log/carbon_default.log
max_emission_step = -1
MODEL_INPUT_TYPE = InputType.PAIRWISE
eval_type = EvaluatorType.RANKING
single_spec = True
local_rank = 0
valid_neg_sample_args = {'distribution': 'uniform', 'sample_num': 'none'}
test_neg_sample_args = {'distribution': 'uniform', 'sample_num': 'none'}


Thu 09 May 2024 02:36:07 INFO  LFM-1b_artist_20U50I_25strat
The number of users: 19842
Average actions of users: 11.01038254120256
The number of items: 24879
Average actions of items: 8.781131923788086
The number of inters: 218457
The sparsity of the dataset: 99.95574650251882%
Remain Fields: ['user_id', 'item_id']
Thu 09 May 2024 02:36:09 INFO  [Training]: train_batch_size = [2048] train_neg_sample_args: [{'distribution': 'uniform', 'sample_num': 1, 'dynamic': False, 'candidate_num': 0, 'alpha': 1.0}]
Thu 09 May 2024 02:36:09 INFO  [Evaluation]: eval_batch_size = [4096] eval_args: [{'split': {'RS': [0.8, 0.1, 0.1]}, 'order': 'RO', 'group_by': 'user', 'mode': {'valid': 'full', 'test': 'full'}}]
Thu 09 May 2024 02:36:10 INFO  Loading model structure and parameters from saved/LFM-1b_artist_20U50I_25strat/LightGCN/LightGCN-May-09-2024_00-59-06.pth
