Tue 02 Apr 2024 13:29:23 INFO  ['src/default_tracker.py']
Tue 02 Apr 2024 13:29:23 INFO  
General Hyper Parameters:
gpu_id = 0
use_gpu = True
seed = 2020
state = INFO
reproducibility = True
data_path = data/LFM-1b_artist_20U50I
checkpoint_dir = saved/LFM-1b_artist_20U50I/LightGCN
show_progress = True
save_dataset = False
dataset_save_path = None
save_dataloaders = False
dataloaders_save_path = None
log_wandb = False

Training Hyper Parameters:
epochs = 100
train_batch_size = 2048
learner = adam
learning_rate = 0.001
train_neg_sample_args = {'distribution': 'uniform', 'sample_num': 1, 'dynamic': False, 'candidate_num': 0, 'alpha': 1.0}
eval_step = 1
stopping_step = 10
clip_grad_norm = None
weight_decay = 0.0
loss_decimal_place = 4

Evaluation Hyper Parameters:
eval_args = {'split': {'RS': [0.8, 0.1, 0.1]}, 'order': 'RO', 'group_by': 'user', 'mode': {'valid': 'full', 'test': 'full'}}
repeatable = False
metrics = ['Recall', 'MRR', 'NDCG', 'Hit', 'Precision']
topk = [10]
valid_metric = MRR@10
valid_metric_bigger = True
eval_batch_size = 4096
metric_decimal_place = 4

Dataset Hyper Parameters:
field_separator = 	
seq_separator =  
USER_ID_FIELD = user_id
ITEM_ID_FIELD = item_id
RATING_FIELD = rating
TIME_FIELD = timestamp
seq_len = None
LABEL_FIELD = label
threshold = None
NEG_PREFIX = neg_
load_col = {'inter': ['user_id', 'item_id']}
unload_col = None
unused_col = None
additional_feat_suffix = None
rm_dup_inter = None
val_interval = None
filter_inter_by_user_or_item = True
user_inter_num_interval = [0,inf)
item_inter_num_interval = [0,inf)
alias_of_user_id = None
alias_of_item_id = None
alias_of_entity_id = None
alias_of_relation_id = None
preload_weight = None
normalize_field = None
normalize_all = None
ITEM_LIST_LENGTH_FIELD = item_length
LIST_SUFFIX = _list
MAX_ITEM_LIST_LENGTH = 50
POSITION_FIELD = position_id
HEAD_ENTITY_ID_FIELD = head_id
TAIL_ENTITY_ID_FIELD = tail_id
RELATION_ID_FIELD = relation_id
ENTITY_ID_FIELD = entity_id
benchmark_filename = None

Other Hyper Parameters: 
worker = 0
wandb_project = recbole
shuffle = True
require_pow = False
enable_amp = False
enable_scaler = False
transform = None
embedding_size = 64
n_layers = 2
reg_weight = 1e-05
numerical_features = []
discretization = None
kg_reverse_r = False
entity_kg_num_interval = [0,inf)
relation_kg_num_interval = [0,inf)
MODEL_TYPE = ModelType.GENERAL
encoding = utf-8
device = cuda
my_log_file = /mnt/batch/tasks/shared/LS_root/mounts/clusters/fontanagpu/code/sustainability-of-recsys/log/carbon_default_default.log
MODEL_INPUT_TYPE = InputType.PAIRWISE
eval_type = EvaluatorType.RANKING
single_spec = True
local_rank = 0
valid_neg_sample_args = {'distribution': 'uniform', 'sample_num': 'none'}
test_neg_sample_args = {'distribution': 'uniform', 'sample_num': 'none'}


Tue 02 Apr 2024 13:29:26 INFO  LFM-1b_artist_20U50I
The number of users: 19842
Average actions of users: 45.371301849705155
The number of items: 42458
Average actions of items: 21.202911180724026
The number of inters: 900212
The sparsity of the dataset: 99.89314377686127%
Remain Fields: ['user_id', 'item_id']
Tue 02 Apr 2024 13:29:29 INFO  [Training]: train_batch_size = [2048] train_neg_sample_args: [{'distribution': 'uniform', 'sample_num': 1, 'dynamic': False, 'candidate_num': 0, 'alpha': 1.0}]
Tue 02 Apr 2024 13:29:29 INFO  [Evaluation]: eval_batch_size = [4096] eval_args: [{'split': {'RS': [0.8, 0.1, 0.1]}, 'order': 'RO', 'group_by': 'user', 'mode': {'valid': 'full', 'test': 'full'}}]
Tue 02 Apr 2024 13:29:31 INFO  LightGCN(
  (user_embedding): Embedding(19842, 64)
  (item_embedding): Embedding(42458, 64)
  (mf_loss): BPRLoss()
  (reg_loss): EmbLoss()
)
Trainable parameters: 3987200
Tue 02 Apr 2024 13:29:42 INFO  FLOPs: 0.0
Tue 02 Apr 2024 13:30:47 INFO  epoch 0 training [time: 24.43s, train loss: 125.3447]
Tue 02 Apr 2024 13:31:10 INFO  epoch 0 evaluating [time: 23.17s, valid_score: 0.120400]
Tue 02 Apr 2024 13:31:10 INFO  valid result: 
recall@10 : 0.0908    mrr@10 : 0.1204    ndcg@10 : 0.0719    hit@10 : 0.265    precision@10 : 0.0346
Tue 02 Apr 2024 13:31:12 INFO  Saving current: saved/LFM-1b_artist_20U50I/LightGCN/LightGCN-Apr-02-2024_13-29-43.pth
Tue 02 Apr 2024 13:31:32 INFO  epoch 1 training [time: 20.06s, train loss: 73.1881]
Tue 02 Apr 2024 13:31:54 INFO  epoch 1 evaluating [time: 21.90s, valid_score: 0.120600]
Tue 02 Apr 2024 13:31:54 INFO  valid result: 
recall@10 : 0.0902    mrr@10 : 0.1206    ndcg@10 : 0.0718    hit@10 : 0.2647    precision@10 : 0.0346
Tue 02 Apr 2024 13:31:55 INFO  Saving current: saved/LFM-1b_artist_20U50I/LightGCN/LightGCN-Apr-02-2024_13-29-43.pth
Tue 02 Apr 2024 13:32:15 INFO  epoch 2 training [time: 20.26s, train loss: 70.4530]
Tue 02 Apr 2024 13:32:39 INFO  epoch 2 evaluating [time: 24.16s, valid_score: 0.120700]
Tue 02 Apr 2024 13:32:39 INFO  valid result: 
recall@10 : 0.0902    mrr@10 : 0.1207    ndcg@10 : 0.0719    hit@10 : 0.2646    precision@10 : 0.0347
Tue 02 Apr 2024 13:32:40 INFO  Saving current: saved/LFM-1b_artist_20U50I/LightGCN/LightGCN-Apr-02-2024_13-29-43.pth
Tue 02 Apr 2024 13:33:00 INFO  epoch 3 training [time: 20.22s, train loss: 69.2558]
Tue 02 Apr 2024 13:33:25 INFO  epoch 3 evaluating [time: 25.04s, valid_score: 0.120500]
Tue 02 Apr 2024 13:33:25 INFO  valid result: 
recall@10 : 0.0902    mrr@10 : 0.1205    ndcg@10 : 0.0717    hit@10 : 0.2649    precision@10 : 0.0347
Tue 02 Apr 2024 13:33:45 INFO  epoch 4 training [time: 20.26s, train loss: 68.3740]
Tue 02 Apr 2024 13:34:10 INFO  epoch 4 evaluating [time: 24.72s, valid_score: 0.120700]
Tue 02 Apr 2024 13:34:10 INFO  valid result: 
recall@10 : 0.0907    mrr@10 : 0.1207    ndcg@10 : 0.072    hit@10 : 0.2656    precision@10 : 0.0348
Tue 02 Apr 2024 13:34:11 INFO  Saving current: saved/LFM-1b_artist_20U50I/LightGCN/LightGCN-Apr-02-2024_13-29-43.pth
Tue 02 Apr 2024 13:34:32 INFO  epoch 5 training [time: 20.34s, train loss: 66.9352]
Tue 02 Apr 2024 13:34:56 INFO  epoch 5 evaluating [time: 23.81s, valid_score: 0.120600]
Tue 02 Apr 2024 13:34:56 INFO  valid result: 
recall@10 : 0.0903    mrr@10 : 0.1206    ndcg@10 : 0.0718    hit@10 : 0.2646    precision@10 : 0.0346
Tue 02 Apr 2024 13:35:16 INFO  epoch 6 training [time: 20.45s, train loss: 66.4614]
Tue 02 Apr 2024 13:35:40 INFO  epoch 6 evaluating [time: 24.14s, valid_score: 0.120500]
Tue 02 Apr 2024 13:35:40 INFO  valid result: 
recall@10 : 0.0906    mrr@10 : 0.1205    ndcg@10 : 0.0719    hit@10 : 0.2648    precision@10 : 0.0347
Tue 02 Apr 2024 13:36:00 INFO  epoch 7 training [time: 20.37s, train loss: 65.3356]
Tue 02 Apr 2024 13:36:25 INFO  epoch 7 evaluating [time: 24.33s, valid_score: 0.120200]
Tue 02 Apr 2024 13:36:25 INFO  valid result: 
recall@10 : 0.0899    mrr@10 : 0.1202    ndcg@10 : 0.0716    hit@10 : 0.2642    precision@10 : 0.0345
Tue 02 Apr 2024 13:36:45 INFO  epoch 8 training [time: 20.41s, train loss: 65.0562]
Tue 02 Apr 2024 13:37:10 INFO  epoch 8 evaluating [time: 24.33s, valid_score: 0.120200]
Tue 02 Apr 2024 13:37:10 INFO  valid result: 
recall@10 : 0.0899    mrr@10 : 0.1202    ndcg@10 : 0.0716    hit@10 : 0.2646    precision@10 : 0.0346
Tue 02 Apr 2024 13:37:30 INFO  epoch 9 training [time: 20.51s, train loss: 63.4993]
Tue 02 Apr 2024 13:37:55 INFO  epoch 9 evaluating [time: 24.45s, valid_score: 0.120600]
Tue 02 Apr 2024 13:37:55 INFO  valid result: 
recall@10 : 0.0897    mrr@10 : 0.1206    ndcg@10 : 0.0717    hit@10 : 0.2647    precision@10 : 0.0346
Tue 02 Apr 2024 13:38:15 INFO  epoch 10 training [time: 20.38s, train loss: 62.3263]
Tue 02 Apr 2024 13:38:39 INFO  epoch 10 evaluating [time: 24.23s, valid_score: 0.120500]
Tue 02 Apr 2024 13:38:39 INFO  valid result: 
recall@10 : 0.09    mrr@10 : 0.1205    ndcg@10 : 0.0718    hit@10 : 0.265    precision@10 : 0.0347
Tue 02 Apr 2024 13:39:00 INFO  epoch 11 training [time: 20.41s, train loss: 60.3849]
Tue 02 Apr 2024 13:39:24 INFO  epoch 11 evaluating [time: 24.57s, valid_score: 0.121300]
Tue 02 Apr 2024 13:39:24 INFO  valid result: 
recall@10 : 0.0906    mrr@10 : 0.1213    ndcg@10 : 0.0723    hit@10 : 0.2671    precision@10 : 0.035
Tue 02 Apr 2024 13:39:25 INFO  Saving current: saved/LFM-1b_artist_20U50I/LightGCN/LightGCN-Apr-02-2024_13-29-43.pth
Tue 02 Apr 2024 13:39:45 INFO  epoch 12 training [time: 20.37s, train loss: 58.2111]
Tue 02 Apr 2024 13:40:10 INFO  epoch 12 evaluating [time: 24.40s, valid_score: 0.122300]
Tue 02 Apr 2024 13:40:10 INFO  valid result: 
recall@10 : 0.0913    mrr@10 : 0.1223    ndcg@10 : 0.0729    hit@10 : 0.2695    precision@10 : 0.0354
Tue 02 Apr 2024 13:40:11 INFO  Saving current: saved/LFM-1b_artist_20U50I/LightGCN/LightGCN-Apr-02-2024_13-29-43.pth
Tue 02 Apr 2024 13:40:31 INFO  epoch 13 training [time: 20.27s, train loss: 55.3044]
Tue 02 Apr 2024 13:40:55 INFO  epoch 13 evaluating [time: 24.01s, valid_score: 0.123300]
Tue 02 Apr 2024 13:40:55 INFO  valid result: 
recall@10 : 0.0922    mrr@10 : 0.1233    ndcg@10 : 0.0735    hit@10 : 0.2722    precision@10 : 0.0358
Tue 02 Apr 2024 13:40:56 INFO  Saving current: saved/LFM-1b_artist_20U50I/LightGCN/LightGCN-Apr-02-2024_13-29-43.pth
Tue 02 Apr 2024 13:41:16 INFO  epoch 14 training [time: 20.28s, train loss: 52.5418]
Tue 02 Apr 2024 13:41:41 INFO  epoch 14 evaluating [time: 24.34s, valid_score: 0.125700]
Tue 02 Apr 2024 13:41:41 INFO  valid result: 
recall@10 : 0.0956    mrr@10 : 0.1257    ndcg@10 : 0.0754    hit@10 : 0.2791    precision@10 : 0.0367
Tue 02 Apr 2024 13:41:42 INFO  Saving current: saved/LFM-1b_artist_20U50I/LightGCN/LightGCN-Apr-02-2024_13-29-43.pth
Tue 02 Apr 2024 13:42:02 INFO  epoch 15 training [time: 20.40s, train loss: 49.8223]
Tue 02 Apr 2024 13:42:27 INFO  epoch 15 evaluating [time: 24.71s, valid_score: 0.128400]
Tue 02 Apr 2024 13:42:27 INFO  valid result: 
recall@10 : 0.0978    mrr@10 : 0.1284    ndcg@10 : 0.0772    hit@10 : 0.2838    precision@10 : 0.0376
Tue 02 Apr 2024 13:42:28 INFO  Saving current: saved/LFM-1b_artist_20U50I/LightGCN/LightGCN-Apr-02-2024_13-29-43.pth
Tue 02 Apr 2024 13:42:48 INFO  epoch 16 training [time: 20.39s, train loss: 47.4862]
Tue 02 Apr 2024 13:43:12 INFO  epoch 16 evaluating [time: 24.12s, valid_score: 0.131000]
Tue 02 Apr 2024 13:43:12 INFO  valid result: 
recall@10 : 0.1033    mrr@10 : 0.131    ndcg@10 : 0.0799    hit@10 : 0.2937    precision@10 : 0.0388
Tue 02 Apr 2024 13:43:13 INFO  Saving current: saved/LFM-1b_artist_20U50I/LightGCN/LightGCN-Apr-02-2024_13-29-43.pth
Tue 02 Apr 2024 13:43:34 INFO  epoch 17 training [time: 20.38s, train loss: 45.0379]
Tue 02 Apr 2024 13:43:58 INFO  epoch 17 evaluating [time: 24.83s, valid_score: 0.134000]
Tue 02 Apr 2024 13:43:58 INFO  valid result: 
recall@10 : 0.1081    mrr@10 : 0.134    ndcg@10 : 0.0828    hit@10 : 0.3029    precision@10 : 0.0402
Tue 02 Apr 2024 13:43:59 INFO  Saving current: saved/LFM-1b_artist_20U50I/LightGCN/LightGCN-Apr-02-2024_13-29-43.pth
Tue 02 Apr 2024 13:44:20 INFO  epoch 18 training [time: 20.37s, train loss: 43.2182]
Tue 02 Apr 2024 13:44:44 INFO  epoch 18 evaluating [time: 24.37s, valid_score: 0.136800]
Tue 02 Apr 2024 13:44:44 INFO  valid result: 
recall@10 : 0.1117    mrr@10 : 0.1368    ndcg@10 : 0.0849    hit@10 : 0.3102    precision@10 : 0.0413
Tue 02 Apr 2024 13:44:45 INFO  Saving current: saved/LFM-1b_artist_20U50I/LightGCN/LightGCN-Apr-02-2024_13-29-43.pth
Tue 02 Apr 2024 13:45:05 INFO  epoch 19 training [time: 20.38s, train loss: 40.8370]
Tue 02 Apr 2024 13:45:29 INFO  epoch 19 evaluating [time: 23.79s, valid_score: 0.139400]
Tue 02 Apr 2024 13:45:29 INFO  valid result: 
recall@10 : 0.1161    mrr@10 : 0.1394    ndcg@10 : 0.0874    hit@10 : 0.3187    precision@10 : 0.0426
Tue 02 Apr 2024 13:45:30 INFO  Saving current: saved/LFM-1b_artist_20U50I/LightGCN/LightGCN-Apr-02-2024_13-29-43.pth
Tue 02 Apr 2024 13:45:50 INFO  epoch 20 training [time: 20.34s, train loss: 39.2583]
Tue 02 Apr 2024 13:46:14 INFO  epoch 20 evaluating [time: 23.90s, valid_score: 0.141900]
Tue 02 Apr 2024 13:46:14 INFO  valid result: 
recall@10 : 0.1189    mrr@10 : 0.1419    ndcg@10 : 0.0894    hit@10 : 0.3253    precision@10 : 0.0436
Tue 02 Apr 2024 13:46:15 INFO  Saving current: saved/LFM-1b_artist_20U50I/LightGCN/LightGCN-Apr-02-2024_13-29-43.pth
Tue 02 Apr 2024 13:46:35 INFO  epoch 21 training [time: 20.34s, train loss: 37.9138]
Tue 02 Apr 2024 13:46:59 INFO  epoch 21 evaluating [time: 23.82s, valid_score: 0.144000]
Tue 02 Apr 2024 13:46:59 INFO  valid result: 
recall@10 : 0.1214    mrr@10 : 0.144    ndcg@10 : 0.0912    hit@10 : 0.332    precision@10 : 0.0447
Tue 02 Apr 2024 13:47:00 INFO  Saving current: saved/LFM-1b_artist_20U50I/LightGCN/LightGCN-Apr-02-2024_13-29-43.pth
Tue 02 Apr 2024 13:47:21 INFO  epoch 22 training [time: 20.38s, train loss: 36.1793]
Tue 02 Apr 2024 13:47:45 INFO  epoch 22 evaluating [time: 23.91s, valid_score: 0.146100]
Tue 02 Apr 2024 13:47:45 INFO  valid result: 
recall@10 : 0.1236    mrr@10 : 0.1461    ndcg@10 : 0.0927    hit@10 : 0.3368    precision@10 : 0.0454
Tue 02 Apr 2024 13:47:46 INFO  Saving current: saved/LFM-1b_artist_20U50I/LightGCN/LightGCN-Apr-02-2024_13-29-43.pth
Tue 02 Apr 2024 13:48:06 INFO  epoch 23 training [time: 20.38s, train loss: 34.7370]
Tue 02 Apr 2024 13:48:30 INFO  epoch 23 evaluating [time: 23.83s, valid_score: 0.148100]
Tue 02 Apr 2024 13:48:30 INFO  valid result: 
recall@10 : 0.1259    mrr@10 : 0.1481    ndcg@10 : 0.0942    hit@10 : 0.3409    precision@10 : 0.0461
Tue 02 Apr 2024 13:48:31 INFO  Saving current: saved/LFM-1b_artist_20U50I/LightGCN/LightGCN-Apr-02-2024_13-29-43.pth
Tue 02 Apr 2024 13:48:52 INFO  epoch 24 training [time: 20.42s, train loss: 33.6323]
Tue 02 Apr 2024 13:49:16 INFO  epoch 24 evaluating [time: 24.27s, valid_score: 0.149800]
Tue 02 Apr 2024 13:49:16 INFO  valid result: 
recall@10 : 0.1276    mrr@10 : 0.1498    ndcg@10 : 0.0955    hit@10 : 0.3439    precision@10 : 0.0467
Tue 02 Apr 2024 13:49:17 INFO  Saving current: saved/LFM-1b_artist_20U50I/LightGCN/LightGCN-Apr-02-2024_13-29-43.pth
Tue 02 Apr 2024 13:49:37 INFO  epoch 25 training [time: 20.33s, train loss: 33.0421]
Tue 02 Apr 2024 13:50:01 INFO  epoch 25 evaluating [time: 24.06s, valid_score: 0.151300]
Tue 02 Apr 2024 13:50:01 INFO  valid result: 
recall@10 : 0.1302    mrr@10 : 0.1513    ndcg@10 : 0.097    hit@10 : 0.3493    precision@10 : 0.0475
Tue 02 Apr 2024 13:50:02 INFO  Saving current: saved/LFM-1b_artist_20U50I/LightGCN/LightGCN-Apr-02-2024_13-29-43.pth
Tue 02 Apr 2024 13:50:23 INFO  epoch 26 training [time: 20.39s, train loss: 31.2735]
Tue 02 Apr 2024 13:50:46 INFO  epoch 26 evaluating [time: 23.74s, valid_score: 0.152500]
Tue 02 Apr 2024 13:50:46 INFO  valid result: 
recall@10 : 0.1309    mrr@10 : 0.1525    ndcg@10 : 0.0978    hit@10 : 0.3513    precision@10 : 0.0478
Tue 02 Apr 2024 13:50:47 INFO  Saving current: saved/LFM-1b_artist_20U50I/LightGCN/LightGCN-Apr-02-2024_13-29-43.pth
Tue 02 Apr 2024 13:51:08 INFO  epoch 27 training [time: 20.34s, train loss: 30.5376]
Tue 02 Apr 2024 13:51:32 INFO  epoch 27 evaluating [time: 24.27s, valid_score: 0.153900]
Tue 02 Apr 2024 13:51:32 INFO  valid result: 
recall@10 : 0.1315    mrr@10 : 0.1539    ndcg@10 : 0.0985    hit@10 : 0.3531    precision@10 : 0.0481
Tue 02 Apr 2024 13:51:33 INFO  Saving current: saved/LFM-1b_artist_20U50I/LightGCN/LightGCN-Apr-02-2024_13-29-43.pth
Tue 02 Apr 2024 13:51:53 INFO  epoch 28 training [time: 20.37s, train loss: 29.5336]
Tue 02 Apr 2024 13:52:17 INFO  epoch 28 evaluating [time: 24.01s, valid_score: 0.155100]
Tue 02 Apr 2024 13:52:17 INFO  valid result: 
recall@10 : 0.133    mrr@10 : 0.1551    ndcg@10 : 0.0997    hit@10 : 0.3563    precision@10 : 0.0486
Tue 02 Apr 2024 13:52:18 INFO  Saving current: saved/LFM-1b_artist_20U50I/LightGCN/LightGCN-Apr-02-2024_13-29-43.pth
Tue 02 Apr 2024 13:52:39 INFO  epoch 29 training [time: 20.39s, train loss: 28.4965]
Tue 02 Apr 2024 13:53:02 INFO  epoch 29 evaluating [time: 23.62s, valid_score: 0.156500]
Tue 02 Apr 2024 13:53:02 INFO  valid result: 
recall@10 : 0.1342    mrr@10 : 0.1565    ndcg@10 : 0.1007    hit@10 : 0.3587    precision@10 : 0.0491
Tue 02 Apr 2024 13:53:04 INFO  Saving current: saved/LFM-1b_artist_20U50I/LightGCN/LightGCN-Apr-02-2024_13-29-43.pth
Tue 02 Apr 2024 13:53:24 INFO  epoch 30 training [time: 20.32s, train loss: 27.8835]
Tue 02 Apr 2024 13:53:49 INFO  epoch 30 evaluating [time: 25.21s, valid_score: 0.157700]
Tue 02 Apr 2024 13:53:49 INFO  valid result: 
recall@10 : 0.1356    mrr@10 : 0.1577    ndcg@10 : 0.1015    hit@10 : 0.3623    precision@10 : 0.0496
Tue 02 Apr 2024 13:53:51 INFO  Saving current: saved/LFM-1b_artist_20U50I/LightGCN/LightGCN-Apr-02-2024_13-29-43.pth
Tue 02 Apr 2024 13:54:11 INFO  epoch 31 training [time: 20.37s, train loss: 26.6425]
Tue 02 Apr 2024 13:54:35 INFO  epoch 31 evaluating [time: 23.76s, valid_score: 0.158400]
Tue 02 Apr 2024 13:54:35 INFO  valid result: 
recall@10 : 0.1365    mrr@10 : 0.1584    ndcg@10 : 0.1023    hit@10 : 0.3638    precision@10 : 0.05
Tue 02 Apr 2024 13:54:36 INFO  Saving current: saved/LFM-1b_artist_20U50I/LightGCN/LightGCN-Apr-02-2024_13-29-43.pth
Tue 02 Apr 2024 13:54:56 INFO  epoch 32 training [time: 20.31s, train loss: 25.9379]
Tue 02 Apr 2024 13:55:20 INFO  epoch 32 evaluating [time: 24.41s, valid_score: 0.159300]
Tue 02 Apr 2024 13:55:20 INFO  valid result: 
recall@10 : 0.1371    mrr@10 : 0.1593    ndcg@10 : 0.103    hit@10 : 0.3655    precision@10 : 0.0503
Tue 02 Apr 2024 13:55:22 INFO  Saving current: saved/LFM-1b_artist_20U50I/LightGCN/LightGCN-Apr-02-2024_13-29-43.pth
Tue 02 Apr 2024 13:55:42 INFO  epoch 33 training [time: 20.35s, train loss: 25.5656]
Tue 02 Apr 2024 13:56:06 INFO  epoch 33 evaluating [time: 23.84s, valid_score: 0.161000]
Tue 02 Apr 2024 13:56:06 INFO  valid result: 
recall@10 : 0.1388    mrr@10 : 0.161    ndcg@10 : 0.1042    hit@10 : 0.3681    precision@10 : 0.0508
Tue 02 Apr 2024 13:56:07 INFO  Saving current: saved/LFM-1b_artist_20U50I/LightGCN/LightGCN-Apr-02-2024_13-29-43.pth
Tue 02 Apr 2024 13:56:27 INFO  epoch 34 training [time: 20.36s, train loss: 24.6307]
Tue 02 Apr 2024 13:56:51 INFO  epoch 34 evaluating [time: 24.37s, valid_score: 0.161800]
Tue 02 Apr 2024 13:56:51 INFO  valid result: 
recall@10 : 0.1395    mrr@10 : 0.1618    ndcg@10 : 0.1048    hit@10 : 0.3699    precision@10 : 0.0511
Tue 02 Apr 2024 13:56:52 INFO  Saving current: saved/LFM-1b_artist_20U50I/LightGCN/LightGCN-Apr-02-2024_13-29-43.pth
Tue 02 Apr 2024 13:57:13 INFO  epoch 35 training [time: 20.35s, train loss: 23.9311]
Tue 02 Apr 2024 13:57:37 INFO  epoch 35 evaluating [time: 23.92s, valid_score: 0.163600]
Tue 02 Apr 2024 13:57:37 INFO  valid result: 
recall@10 : 0.1411    mrr@10 : 0.1636    ndcg@10 : 0.1061    hit@10 : 0.3738    precision@10 : 0.0518
Tue 02 Apr 2024 13:57:38 INFO  Saving current: saved/LFM-1b_artist_20U50I/LightGCN/LightGCN-Apr-02-2024_13-29-43.pth
Tue 02 Apr 2024 13:57:58 INFO  epoch 36 training [time: 20.23s, train loss: 23.2311]
Tue 02 Apr 2024 13:58:22 INFO  epoch 36 evaluating [time: 23.92s, valid_score: 0.164100]
Tue 02 Apr 2024 13:58:22 INFO  valid result: 
recall@10 : 0.1421    mrr@10 : 0.1641    ndcg@10 : 0.1068    hit@10 : 0.3749    precision@10 : 0.0522
Tue 02 Apr 2024 13:58:22 INFO  Saving current: saved/LFM-1b_artist_20U50I/LightGCN/LightGCN-Apr-02-2024_13-29-43.pth
Tue 02 Apr 2024 13:58:43 INFO  epoch 37 training [time: 20.28s, train loss: 22.6524]
Tue 02 Apr 2024 13:59:07 INFO  epoch 37 evaluating [time: 23.89s, valid_score: 0.165800]
Tue 02 Apr 2024 13:59:07 INFO  valid result: 
recall@10 : 0.1434    mrr@10 : 0.1658    ndcg@10 : 0.1077    hit@10 : 0.3774    precision@10 : 0.0526
Tue 02 Apr 2024 13:59:08 INFO  Saving current: saved/LFM-1b_artist_20U50I/LightGCN/LightGCN-Apr-02-2024_13-29-43.pth
Tue 02 Apr 2024 13:59:28 INFO  epoch 38 training [time: 20.32s, train loss: 22.0877]
Tue 02 Apr 2024 13:59:52 INFO  epoch 38 evaluating [time: 23.79s, valid_score: 0.167300]
Tue 02 Apr 2024 13:59:52 INFO  valid result: 
recall@10 : 0.1443    mrr@10 : 0.1673    ndcg@10 : 0.1087    hit@10 : 0.3796    precision@10 : 0.0531
Tue 02 Apr 2024 13:59:53 INFO  Saving current: saved/LFM-1b_artist_20U50I/LightGCN/LightGCN-Apr-02-2024_13-29-43.pth
Tue 02 Apr 2024 14:00:13 INFO  epoch 39 training [time: 20.28s, train loss: 21.1779]
Tue 02 Apr 2024 14:00:37 INFO  epoch 39 evaluating [time: 23.76s, valid_score: 0.167500]
Tue 02 Apr 2024 14:00:37 INFO  valid result: 
recall@10 : 0.1454    mrr@10 : 0.1675    ndcg@10 : 0.1093    hit@10 : 0.381    precision@10 : 0.0533
Tue 02 Apr 2024 14:00:38 INFO  Saving current: saved/LFM-1b_artist_20U50I/LightGCN/LightGCN-Apr-02-2024_13-29-43.pth
Tue 02 Apr 2024 14:00:58 INFO  epoch 40 training [time: 20.27s, train loss: 20.9797]
Tue 02 Apr 2024 14:01:22 INFO  epoch 40 evaluating [time: 23.68s, valid_score: 0.169100]
Tue 02 Apr 2024 14:01:22 INFO  valid result: 
recall@10 : 0.1467    mrr@10 : 0.1691    ndcg@10 : 0.1104    hit@10 : 0.3827    precision@10 : 0.0537
Tue 02 Apr 2024 14:01:22 INFO  Saving current: saved/LFM-1b_artist_20U50I/LightGCN/LightGCN-Apr-02-2024_13-29-43.pth
Tue 02 Apr 2024 14:01:43 INFO  epoch 41 training [time: 20.34s, train loss: 20.3699]
Tue 02 Apr 2024 14:02:06 INFO  epoch 41 evaluating [time: 23.33s, valid_score: 0.170300]
Tue 02 Apr 2024 14:02:06 INFO  valid result: 
recall@10 : 0.1489    mrr@10 : 0.1703    ndcg@10 : 0.1115    hit@10 : 0.3859    precision@10 : 0.0541
Tue 02 Apr 2024 14:02:07 INFO  Saving current: saved/LFM-1b_artist_20U50I/LightGCN/LightGCN-Apr-02-2024_13-29-43.pth
Tue 02 Apr 2024 14:02:28 INFO  epoch 42 training [time: 20.33s, train loss: 19.5720]
Tue 02 Apr 2024 14:02:52 INFO  epoch 42 evaluating [time: 23.99s, valid_score: 0.170500]
Tue 02 Apr 2024 14:02:52 INFO  valid result: 
recall@10 : 0.1492    mrr@10 : 0.1705    ndcg@10 : 0.1118    hit@10 : 0.3873    precision@10 : 0.0545
Tue 02 Apr 2024 14:02:53 INFO  Saving current: saved/LFM-1b_artist_20U50I/LightGCN/LightGCN-Apr-02-2024_13-29-43.pth
Tue 02 Apr 2024 14:03:13 INFO  epoch 43 training [time: 20.32s, train loss: 19.5923]
Tue 02 Apr 2024 14:03:37 INFO  epoch 43 evaluating [time: 23.90s, valid_score: 0.171700]
Tue 02 Apr 2024 14:03:37 INFO  valid result: 
recall@10 : 0.1498    mrr@10 : 0.1717    ndcg@10 : 0.1127    hit@10 : 0.3888    precision@10 : 0.0547
Tue 02 Apr 2024 14:03:38 INFO  Saving current: saved/LFM-1b_artist_20U50I/LightGCN/LightGCN-Apr-02-2024_13-29-43.pth
Tue 02 Apr 2024 14:03:58 INFO  epoch 44 training [time: 20.28s, train loss: 18.8946]
Tue 02 Apr 2024 14:04:22 INFO  epoch 44 evaluating [time: 23.79s, valid_score: 0.173100]
Tue 02 Apr 2024 14:04:22 INFO  valid result: 
recall@10 : 0.1509    mrr@10 : 0.1731    ndcg@10 : 0.1136    hit@10 : 0.3905    precision@10 : 0.0551
Tue 02 Apr 2024 14:04:23 INFO  Saving current: saved/LFM-1b_artist_20U50I/LightGCN/LightGCN-Apr-02-2024_13-29-43.pth
Tue 02 Apr 2024 14:04:43 INFO  epoch 45 training [time: 20.30s, train loss: 18.1880]
Tue 02 Apr 2024 14:05:08 INFO  epoch 45 evaluating [time: 24.33s, valid_score: 0.174400]
Tue 02 Apr 2024 14:05:08 INFO  valid result: 
recall@10 : 0.1514    mrr@10 : 0.1744    ndcg@10 : 0.1141    hit@10 : 0.3908    precision@10 : 0.0551
Tue 02 Apr 2024 14:05:09 INFO  Saving current: saved/LFM-1b_artist_20U50I/LightGCN/LightGCN-Apr-02-2024_13-29-43.pth
Tue 02 Apr 2024 14:05:29 INFO  epoch 46 training [time: 20.28s, train loss: 18.1570]
Tue 02 Apr 2024 14:05:52 INFO  epoch 46 evaluating [time: 23.49s, valid_score: 0.175200]
Tue 02 Apr 2024 14:05:52 INFO  valid result: 
recall@10 : 0.1523    mrr@10 : 0.1752    ndcg@10 : 0.1148    hit@10 : 0.3925    precision@10 : 0.0553
Tue 02 Apr 2024 14:05:53 INFO  Saving current: saved/LFM-1b_artist_20U50I/LightGCN/LightGCN-Apr-02-2024_13-29-43.pth
Tue 02 Apr 2024 14:06:14 INFO  epoch 47 training [time: 20.30s, train loss: 17.4686]
Tue 02 Apr 2024 14:06:38 INFO  epoch 47 evaluating [time: 24.26s, valid_score: 0.176500]
Tue 02 Apr 2024 14:06:38 INFO  valid result: 
recall@10 : 0.1533    mrr@10 : 0.1765    ndcg@10 : 0.1156    hit@10 : 0.3936    precision@10 : 0.0555
Tue 02 Apr 2024 14:06:39 INFO  Saving current: saved/LFM-1b_artist_20U50I/LightGCN/LightGCN-Apr-02-2024_13-29-43.pth
Tue 02 Apr 2024 14:06:59 INFO  epoch 48 training [time: 20.29s, train loss: 17.1033]
Tue 02 Apr 2024 14:07:23 INFO  epoch 48 evaluating [time: 23.90s, valid_score: 0.176600]
Tue 02 Apr 2024 14:07:23 INFO  valid result: 
recall@10 : 0.154    mrr@10 : 0.1766    ndcg@10 : 0.116    hit@10 : 0.3948    precision@10 : 0.0558
Tue 02 Apr 2024 14:07:24 INFO  Saving current: saved/LFM-1b_artist_20U50I/LightGCN/LightGCN-Apr-02-2024_13-29-43.pth
Tue 02 Apr 2024 14:07:44 INFO  epoch 49 training [time: 20.27s, train loss: 16.7518]
Tue 02 Apr 2024 14:08:08 INFO  epoch 49 evaluating [time: 23.88s, valid_score: 0.178100]
Tue 02 Apr 2024 14:08:08 INFO  valid result: 
recall@10 : 0.1548    mrr@10 : 0.1781    ndcg@10 : 0.1169    hit@10 : 0.3966    precision@10 : 0.0561
Tue 02 Apr 2024 14:08:09 INFO  Saving current: saved/LFM-1b_artist_20U50I/LightGCN/LightGCN-Apr-02-2024_13-29-43.pth
Tue 02 Apr 2024 14:08:29 INFO  epoch 50 training [time: 20.31s, train loss: 16.5469]
Tue 02 Apr 2024 14:08:52 INFO  epoch 50 evaluating [time: 23.55s, valid_score: 0.179100]
Tue 02 Apr 2024 14:08:52 INFO  valid result: 
recall@10 : 0.1561    mrr@10 : 0.1791    ndcg@10 : 0.1178    hit@10 : 0.3991    precision@10 : 0.0563
Tue 02 Apr 2024 14:08:53 INFO  Saving current: saved/LFM-1b_artist_20U50I/LightGCN/LightGCN-Apr-02-2024_13-29-43.pth
Tue 02 Apr 2024 14:09:14 INFO  epoch 51 training [time: 20.29s, train loss: 16.2826]
Tue 02 Apr 2024 14:09:37 INFO  epoch 51 evaluating [time: 23.83s, valid_score: 0.180100]
Tue 02 Apr 2024 14:09:37 INFO  valid result: 
recall@10 : 0.1566    mrr@10 : 0.1801    ndcg@10 : 0.1183    hit@10 : 0.4    precision@10 : 0.0564
Tue 02 Apr 2024 14:09:38 INFO  Saving current: saved/LFM-1b_artist_20U50I/LightGCN/LightGCN-Apr-02-2024_13-29-43.pth
Tue 02 Apr 2024 14:09:59 INFO  epoch 52 training [time: 20.30s, train loss: 15.6332]
Tue 02 Apr 2024 14:10:22 INFO  epoch 52 evaluating [time: 23.71s, valid_score: 0.180900]
Tue 02 Apr 2024 14:10:22 INFO  valid result: 
recall@10 : 0.1574    mrr@10 : 0.1809    ndcg@10 : 0.119    hit@10 : 0.4011    precision@10 : 0.0565
Tue 02 Apr 2024 14:10:23 INFO  Saving current: saved/LFM-1b_artist_20U50I/LightGCN/LightGCN-Apr-02-2024_13-29-43.pth
Tue 02 Apr 2024 14:10:44 INFO  epoch 53 training [time: 20.25s, train loss: 15.1972]
Tue 02 Apr 2024 14:11:07 INFO  epoch 53 evaluating [time: 23.77s, valid_score: 0.181000]
Tue 02 Apr 2024 14:11:07 INFO  valid result: 
recall@10 : 0.1581    mrr@10 : 0.181    ndcg@10 : 0.1194    hit@10 : 0.402    precision@10 : 0.0569
Tue 02 Apr 2024 14:11:08 INFO  Saving current: saved/LFM-1b_artist_20U50I/LightGCN/LightGCN-Apr-02-2024_13-29-43.pth
Tue 02 Apr 2024 14:11:29 INFO  epoch 54 training [time: 20.29s, train loss: 14.9881]
Tue 02 Apr 2024 14:11:53 INFO  epoch 54 evaluating [time: 24.03s, valid_score: 0.181500]
Tue 02 Apr 2024 14:11:53 INFO  valid result: 
recall@10 : 0.1584    mrr@10 : 0.1815    ndcg@10 : 0.1196    hit@10 : 0.4019    precision@10 : 0.0568
Tue 02 Apr 2024 14:11:54 INFO  Saving current: saved/LFM-1b_artist_20U50I/LightGCN/LightGCN-Apr-02-2024_13-29-43.pth
Tue 02 Apr 2024 14:12:14 INFO  epoch 55 training [time: 20.24s, train loss: 14.5730]
Tue 02 Apr 2024 14:12:38 INFO  epoch 55 evaluating [time: 23.95s, valid_score: 0.182900]
Tue 02 Apr 2024 14:12:38 INFO  valid result: 
recall@10 : 0.1602    mrr@10 : 0.1829    ndcg@10 : 0.1208    hit@10 : 0.4056    precision@10 : 0.0573
Tue 02 Apr 2024 14:12:39 INFO  Saving current: saved/LFM-1b_artist_20U50I/LightGCN/LightGCN-Apr-02-2024_13-29-43.pth
Tue 02 Apr 2024 14:12:59 INFO  epoch 56 training [time: 20.27s, train loss: 14.2778]
Tue 02 Apr 2024 14:13:23 INFO  epoch 56 evaluating [time: 23.49s, valid_score: 0.183800]
Tue 02 Apr 2024 14:13:23 INFO  valid result: 
recall@10 : 0.1613    mrr@10 : 0.1838    ndcg@10 : 0.1215    hit@10 : 0.407    precision@10 : 0.0576
Tue 02 Apr 2024 14:13:24 INFO  Saving current: saved/LFM-1b_artist_20U50I/LightGCN/LightGCN-Apr-02-2024_13-29-43.pth
Tue 02 Apr 2024 14:13:44 INFO  epoch 57 training [time: 20.30s, train loss: 14.0500]
Tue 02 Apr 2024 14:14:07 INFO  epoch 57 evaluating [time: 23.00s, valid_score: 0.183800]
Tue 02 Apr 2024 14:14:07 INFO  valid result: 
recall@10 : 0.1618    mrr@10 : 0.1838    ndcg@10 : 0.1217    hit@10 : 0.4076    precision@10 : 0.0576
Tue 02 Apr 2024 14:14:08 INFO  Saving current: saved/LFM-1b_artist_20U50I/LightGCN/LightGCN-Apr-02-2024_13-29-43.pth
Tue 02 Apr 2024 14:14:28 INFO  epoch 58 training [time: 20.27s, train loss: 13.6729]
Tue 02 Apr 2024 14:14:51 INFO  epoch 58 evaluating [time: 23.44s, valid_score: 0.185000]
Tue 02 Apr 2024 14:14:51 INFO  valid result: 
recall@10 : 0.1622    mrr@10 : 0.185    ndcg@10 : 0.1223    hit@10 : 0.4091    precision@10 : 0.0579
Tue 02 Apr 2024 14:14:52 INFO  Saving current: saved/LFM-1b_artist_20U50I/LightGCN/LightGCN-Apr-02-2024_13-29-43.pth
Tue 02 Apr 2024 14:15:12 INFO  epoch 59 training [time: 20.37s, train loss: 13.3231]
Tue 02 Apr 2024 14:15:34 INFO  epoch 59 evaluating [time: 21.75s, valid_score: 0.185800]
Tue 02 Apr 2024 14:15:34 INFO  valid result: 
recall@10 : 0.1625    mrr@10 : 0.1858    ndcg@10 : 0.1229    hit@10 : 0.41    precision@10 : 0.0582
Tue 02 Apr 2024 14:15:35 INFO  Saving current: saved/LFM-1b_artist_20U50I/LightGCN/LightGCN-Apr-02-2024_13-29-43.pth
Tue 02 Apr 2024 14:15:56 INFO  epoch 60 training [time: 20.28s, train loss: 13.1295]
Tue 02 Apr 2024 14:16:17 INFO  epoch 60 evaluating [time: 21.68s, valid_score: 0.186700]
Tue 02 Apr 2024 14:16:17 INFO  valid result: 
recall@10 : 0.1629    mrr@10 : 0.1867    ndcg@10 : 0.1234    hit@10 : 0.41    precision@10 : 0.0582
Tue 02 Apr 2024 14:16:18 INFO  Saving current: saved/LFM-1b_artist_20U50I/LightGCN/LightGCN-Apr-02-2024_13-29-43.pth
Tue 02 Apr 2024 14:16:38 INFO  epoch 61 training [time: 20.29s, train loss: 13.0168]
Tue 02 Apr 2024 14:17:00 INFO  epoch 61 evaluating [time: 21.78s, valid_score: 0.187500]
Tue 02 Apr 2024 14:17:00 INFO  valid result: 
recall@10 : 0.1625    mrr@10 : 0.1875    ndcg@10 : 0.1237    hit@10 : 0.4101    precision@10 : 0.0582
Tue 02 Apr 2024 14:17:01 INFO  Saving current: saved/LFM-1b_artist_20U50I/LightGCN/LightGCN-Apr-02-2024_13-29-43.pth
Tue 02 Apr 2024 14:17:21 INFO  epoch 62 training [time: 20.34s, train loss: 12.7959]
Tue 02 Apr 2024 14:17:43 INFO  epoch 62 evaluating [time: 21.74s, valid_score: 0.188600]
Tue 02 Apr 2024 14:17:43 INFO  valid result: 
recall@10 : 0.1638    mrr@10 : 0.1886    ndcg@10 : 0.1245    hit@10 : 0.4126    precision@10 : 0.0585
Tue 02 Apr 2024 14:17:44 INFO  Saving current: saved/LFM-1b_artist_20U50I/LightGCN/LightGCN-Apr-02-2024_13-29-43.pth
Tue 02 Apr 2024 14:18:04 INFO  epoch 63 training [time: 20.28s, train loss: 12.5943]
Tue 02 Apr 2024 14:18:26 INFO  epoch 63 evaluating [time: 21.50s, valid_score: 0.189800]
Tue 02 Apr 2024 14:18:26 INFO  valid result: 
recall@10 : 0.1645    mrr@10 : 0.1898    ndcg@10 : 0.1253    hit@10 : 0.4137    precision@10 : 0.0588
Tue 02 Apr 2024 14:18:27 INFO  Saving current: saved/LFM-1b_artist_20U50I/LightGCN/LightGCN-Apr-02-2024_13-29-43.pth
Tue 02 Apr 2024 14:18:47 INFO  epoch 64 training [time: 20.31s, train loss: 12.2832]
Tue 02 Apr 2024 14:19:09 INFO  epoch 64 evaluating [time: 22.05s, valid_score: 0.190100]
Tue 02 Apr 2024 14:19:09 INFO  valid result: 
recall@10 : 0.1651    mrr@10 : 0.1901    ndcg@10 : 0.1255    hit@10 : 0.4147    precision@10 : 0.0589
Tue 02 Apr 2024 14:19:10 INFO  Saving current: saved/LFM-1b_artist_20U50I/LightGCN/LightGCN-Apr-02-2024_13-29-43.pth
Tue 02 Apr 2024 14:19:30 INFO  epoch 65 training [time: 20.33s, train loss: 11.8446]
Tue 02 Apr 2024 14:19:52 INFO  epoch 65 evaluating [time: 21.63s, valid_score: 0.191000]
Tue 02 Apr 2024 14:19:52 INFO  valid result: 
recall@10 : 0.1665    mrr@10 : 0.191    ndcg@10 : 0.1263    hit@10 : 0.4173    precision@10 : 0.0592
Tue 02 Apr 2024 14:19:52 INFO  Saving current: saved/LFM-1b_artist_20U50I/LightGCN/LightGCN-Apr-02-2024_13-29-43.pth
Tue 02 Apr 2024 14:20:13 INFO  epoch 66 training [time: 20.29s, train loss: 11.8262]
Tue 02 Apr 2024 14:20:34 INFO  epoch 66 evaluating [time: 21.61s, valid_score: 0.191900]
Tue 02 Apr 2024 14:20:34 INFO  valid result: 
recall@10 : 0.1666    mrr@10 : 0.1919    ndcg@10 : 0.127    hit@10 : 0.4184    precision@10 : 0.0594
Tue 02 Apr 2024 14:20:35 INFO  Saving current: saved/LFM-1b_artist_20U50I/LightGCN/LightGCN-Apr-02-2024_13-29-43.pth
Tue 02 Apr 2024 14:20:56 INFO  epoch 67 training [time: 20.28s, train loss: 11.5622]
Tue 02 Apr 2024 14:21:17 INFO  epoch 67 evaluating [time: 21.64s, valid_score: 0.192100]
Tue 02 Apr 2024 14:21:17 INFO  valid result: 
recall@10 : 0.1676    mrr@10 : 0.1921    ndcg@10 : 0.1276    hit@10 : 0.4193    precision@10 : 0.0598
Tue 02 Apr 2024 14:21:18 INFO  Saving current: saved/LFM-1b_artist_20U50I/LightGCN/LightGCN-Apr-02-2024_13-29-43.pth
Tue 02 Apr 2024 14:21:38 INFO  epoch 68 training [time: 20.30s, train loss: 11.3465]
Tue 02 Apr 2024 14:22:02 INFO  epoch 68 evaluating [time: 23.66s, valid_score: 0.193100]
Tue 02 Apr 2024 14:22:02 INFO  valid result: 
recall@10 : 0.1692    mrr@10 : 0.1931    ndcg@10 : 0.1284    hit@10 : 0.4218    precision@10 : 0.0601
Tue 02 Apr 2024 14:22:03 INFO  Saving current: saved/LFM-1b_artist_20U50I/LightGCN/LightGCN-Apr-02-2024_13-29-43.pth
Tue 02 Apr 2024 14:22:23 INFO  epoch 69 training [time: 20.42s, train loss: 11.1975]
Tue 02 Apr 2024 14:22:47 INFO  epoch 69 evaluating [time: 23.24s, valid_score: 0.194500]
Tue 02 Apr 2024 14:22:47 INFO  valid result: 
recall@10 : 0.1704    mrr@10 : 0.1945    ndcg@10 : 0.1293    hit@10 : 0.423    precision@10 : 0.0603
Tue 02 Apr 2024 14:22:48 INFO  Saving current: saved/LFM-1b_artist_20U50I/LightGCN/LightGCN-Apr-02-2024_13-29-43.pth
Tue 02 Apr 2024 14:23:08 INFO  epoch 70 training [time: 20.35s, train loss: 11.0505]
Tue 02 Apr 2024 14:23:30 INFO  epoch 70 evaluating [time: 22.29s, valid_score: 0.195300]
Tue 02 Apr 2024 14:23:30 INFO  valid result: 
recall@10 : 0.171    mrr@10 : 0.1953    ndcg@10 : 0.1299    hit@10 : 0.4245    precision@10 : 0.0605
Tue 02 Apr 2024 14:23:31 INFO  Saving current: saved/LFM-1b_artist_20U50I/LightGCN/LightGCN-Apr-02-2024_13-29-43.pth
Tue 02 Apr 2024 14:23:52 INFO  epoch 71 training [time: 20.29s, train loss: 10.8766]
Tue 02 Apr 2024 14:24:13 INFO  epoch 71 evaluating [time: 21.85s, valid_score: 0.195400]
Tue 02 Apr 2024 14:24:13 INFO  valid result: 
recall@10 : 0.1705    mrr@10 : 0.1954    ndcg@10 : 0.1299    hit@10 : 0.4233    precision@10 : 0.0605
Tue 02 Apr 2024 14:24:14 INFO  Saving current: saved/LFM-1b_artist_20U50I/LightGCN/LightGCN-Apr-02-2024_13-29-43.pth
Tue 02 Apr 2024 14:24:34 INFO  epoch 72 training [time: 20.24s, train loss: 10.6760]
Tue 02 Apr 2024 14:24:56 INFO  epoch 72 evaluating [time: 21.61s, valid_score: 0.195800]
Tue 02 Apr 2024 14:24:56 INFO  valid result: 
recall@10 : 0.1703    mrr@10 : 0.1958    ndcg@10 : 0.13    hit@10 : 0.4235    precision@10 : 0.0604
Tue 02 Apr 2024 14:24:57 INFO  Saving current: saved/LFM-1b_artist_20U50I/LightGCN/LightGCN-Apr-02-2024_13-29-43.pth
Tue 02 Apr 2024 14:25:17 INFO  epoch 73 training [time: 20.31s, train loss: 10.5153]
Tue 02 Apr 2024 14:25:40 INFO  epoch 73 evaluating [time: 22.40s, valid_score: 0.196400]
Tue 02 Apr 2024 14:25:40 INFO  valid result: 
recall@10 : 0.1712    mrr@10 : 0.1964    ndcg@10 : 0.1306    hit@10 : 0.4262    precision@10 : 0.0608
Tue 02 Apr 2024 14:25:40 INFO  Saving current: saved/LFM-1b_artist_20U50I/LightGCN/LightGCN-Apr-02-2024_13-29-43.pth
Tue 02 Apr 2024 14:26:01 INFO  epoch 74 training [time: 20.29s, train loss: 10.4109]
Tue 02 Apr 2024 14:26:23 INFO  epoch 74 evaluating [time: 22.75s, valid_score: 0.197400]
Tue 02 Apr 2024 14:26:23 INFO  valid result: 
recall@10 : 0.1712    mrr@10 : 0.1974    ndcg@10 : 0.1311    hit@10 : 0.4265    precision@10 : 0.0609
Tue 02 Apr 2024 14:26:24 INFO  Saving current: saved/LFM-1b_artist_20U50I/LightGCN/LightGCN-Apr-02-2024_13-29-43.pth
Tue 02 Apr 2024 14:26:45 INFO  epoch 75 training [time: 20.34s, train loss: 10.1319]
Tue 02 Apr 2024 14:27:08 INFO  epoch 75 evaluating [time: 23.40s, valid_score: 0.197000]
Tue 02 Apr 2024 14:27:08 INFO  valid result: 
recall@10 : 0.1727    mrr@10 : 0.197    ndcg@10 : 0.1314    hit@10 : 0.4274    precision@10 : 0.0612
Tue 02 Apr 2024 14:27:32 INFO  epoch 76 training [time: 23.60s, train loss: 10.1221]
Tue 02 Apr 2024 14:27:57 INFO  epoch 76 evaluating [time: 25.72s, valid_score: 0.197900]
Tue 02 Apr 2024 14:27:57 INFO  valid result: 
recall@10 : 0.1727    mrr@10 : 0.1979    ndcg@10 : 0.1319    hit@10 : 0.4287    precision@10 : 0.0615
Tue 02 Apr 2024 14:27:58 INFO  Saving current: saved/LFM-1b_artist_20U50I/LightGCN/LightGCN-Apr-02-2024_13-29-43.pth
Tue 02 Apr 2024 14:28:19 INFO  epoch 77 training [time: 20.28s, train loss: 9.7387]
Tue 02 Apr 2024 14:28:42 INFO  epoch 77 evaluating [time: 23.48s, valid_score: 0.198400]
Tue 02 Apr 2024 14:28:42 INFO  valid result: 
recall@10 : 0.174    mrr@10 : 0.1984    ndcg@10 : 0.1324    hit@10 : 0.4309    precision@10 : 0.0618
Tue 02 Apr 2024 14:28:43 INFO  Saving current: saved/LFM-1b_artist_20U50I/LightGCN/LightGCN-Apr-02-2024_13-29-43.pth
Tue 02 Apr 2024 14:29:03 INFO  epoch 78 training [time: 20.23s, train loss: 9.8970]
Tue 02 Apr 2024 14:29:25 INFO  epoch 78 evaluating [time: 21.97s, valid_score: 0.199200]
Tue 02 Apr 2024 14:29:25 INFO  valid result: 
recall@10 : 0.1748    mrr@10 : 0.1992    ndcg@10 : 0.133    hit@10 : 0.4319    precision@10 : 0.0619
Tue 02 Apr 2024 14:29:26 INFO  Saving current: saved/LFM-1b_artist_20U50I/LightGCN/LightGCN-Apr-02-2024_13-29-43.pth
Tue 02 Apr 2024 14:29:46 INFO  epoch 79 training [time: 20.37s, train loss: 9.3935]
Tue 02 Apr 2024 14:30:10 INFO  epoch 79 evaluating [time: 23.71s, valid_score: 0.199500]
Tue 02 Apr 2024 14:30:10 INFO  valid result: 
recall@10 : 0.1746    mrr@10 : 0.1995    ndcg@10 : 0.1333    hit@10 : 0.4316    precision@10 : 0.062
Tue 02 Apr 2024 14:30:11 INFO  Saving current: saved/LFM-1b_artist_20U50I/LightGCN/LightGCN-Apr-02-2024_13-29-43.pth
Tue 02 Apr 2024 14:30:31 INFO  epoch 80 training [time: 20.26s, train loss: 9.4741]
Tue 02 Apr 2024 14:30:55 INFO  epoch 80 evaluating [time: 23.56s, valid_score: 0.199700]
Tue 02 Apr 2024 14:30:55 INFO  valid result: 
recall@10 : 0.1751    mrr@10 : 0.1997    ndcg@10 : 0.1337    hit@10 : 0.4324    precision@10 : 0.0621
Tue 02 Apr 2024 14:30:56 INFO  Saving current: saved/LFM-1b_artist_20U50I/LightGCN/LightGCN-Apr-02-2024_13-29-43.pth
Tue 02 Apr 2024 14:31:16 INFO  epoch 81 training [time: 20.33s, train loss: 9.2229]
Tue 02 Apr 2024 14:31:39 INFO  epoch 81 evaluating [time: 23.21s, valid_score: 0.200600]
Tue 02 Apr 2024 14:31:39 INFO  valid result: 
recall@10 : 0.1756    mrr@10 : 0.2006    ndcg@10 : 0.1342    hit@10 : 0.4327    precision@10 : 0.0623
Tue 02 Apr 2024 14:31:40 INFO  Saving current: saved/LFM-1b_artist_20U50I/LightGCN/LightGCN-Apr-02-2024_13-29-43.pth
Tue 02 Apr 2024 14:32:00 INFO  epoch 82 training [time: 20.34s, train loss: 9.0326]
Tue 02 Apr 2024 14:32:24 INFO  epoch 82 evaluating [time: 23.42s, valid_score: 0.201000]
Tue 02 Apr 2024 14:32:24 INFO  valid result: 
recall@10 : 0.1766    mrr@10 : 0.201    ndcg@10 : 0.1348    hit@10 : 0.4339    precision@10 : 0.0626
Tue 02 Apr 2024 14:32:24 INFO  Saving current: saved/LFM-1b_artist_20U50I/LightGCN/LightGCN-Apr-02-2024_13-29-43.pth
Tue 02 Apr 2024 14:32:45 INFO  epoch 83 training [time: 20.33s, train loss: 8.8446]
Tue 02 Apr 2024 14:33:08 INFO  epoch 83 evaluating [time: 23.22s, valid_score: 0.201200]
Tue 02 Apr 2024 14:33:08 INFO  valid result: 
recall@10 : 0.1771    mrr@10 : 0.2012    ndcg@10 : 0.1351    hit@10 : 0.4345    precision@10 : 0.0626
Tue 02 Apr 2024 14:33:09 INFO  Saving current: saved/LFM-1b_artist_20U50I/LightGCN/LightGCN-Apr-02-2024_13-29-43.pth
Tue 02 Apr 2024 14:33:29 INFO  epoch 84 training [time: 20.27s, train loss: 8.8444]
Tue 02 Apr 2024 14:33:51 INFO  epoch 84 evaluating [time: 21.70s, valid_score: 0.202300]
Tue 02 Apr 2024 14:33:51 INFO  valid result: 
recall@10 : 0.1779    mrr@10 : 0.2023    ndcg@10 : 0.1356    hit@10 : 0.436    precision@10 : 0.0628
Tue 02 Apr 2024 14:33:52 INFO  Saving current: saved/LFM-1b_artist_20U50I/LightGCN/LightGCN-Apr-02-2024_13-29-43.pth
Tue 02 Apr 2024 14:34:12 INFO  epoch 85 training [time: 20.29s, train loss: 8.7344]
Tue 02 Apr 2024 14:34:34 INFO  epoch 85 evaluating [time: 21.99s, valid_score: 0.202700]
Tue 02 Apr 2024 14:34:34 INFO  valid result: 
recall@10 : 0.1778    mrr@10 : 0.2027    ndcg@10 : 0.1358    hit@10 : 0.4357    precision@10 : 0.0629
Tue 02 Apr 2024 14:34:35 INFO  Saving current: saved/LFM-1b_artist_20U50I/LightGCN/LightGCN-Apr-02-2024_13-29-43.pth
Tue 02 Apr 2024 14:34:55 INFO  epoch 86 training [time: 20.24s, train loss: 8.5836]
Tue 02 Apr 2024 14:35:19 INFO  epoch 86 evaluating [time: 23.64s, valid_score: 0.204000]
Tue 02 Apr 2024 14:35:19 INFO  valid result: 
recall@10 : 0.1792    mrr@10 : 0.204    ndcg@10 : 0.1367    hit@10 : 0.4377    precision@10 : 0.0633
Tue 02 Apr 2024 14:35:19 INFO  Saving current: saved/LFM-1b_artist_20U50I/LightGCN/LightGCN-Apr-02-2024_13-29-43.pth
Tue 02 Apr 2024 14:35:40 INFO  epoch 87 training [time: 20.26s, train loss: 8.5347]
Tue 02 Apr 2024 14:36:03 INFO  epoch 87 evaluating [time: 23.62s, valid_score: 0.204000]
Tue 02 Apr 2024 14:36:03 INFO  valid result: 
recall@10 : 0.1794    mrr@10 : 0.204    ndcg@10 : 0.1369    hit@10 : 0.4378    precision@10 : 0.0633
Tue 02 Apr 2024 14:36:04 INFO  Saving current: saved/LFM-1b_artist_20U50I/LightGCN/LightGCN-Apr-02-2024_13-29-43.pth
Tue 02 Apr 2024 14:36:24 INFO  epoch 88 training [time: 20.31s, train loss: 8.3889]
Tue 02 Apr 2024 14:36:47 INFO  epoch 88 evaluating [time: 23.10s, valid_score: 0.205100]
Tue 02 Apr 2024 14:36:47 INFO  valid result: 
recall@10 : 0.1796    mrr@10 : 0.2051    ndcg@10 : 0.1374    hit@10 : 0.4384    precision@10 : 0.0633
Tue 02 Apr 2024 14:36:48 INFO  Saving current: saved/LFM-1b_artist_20U50I/LightGCN/LightGCN-Apr-02-2024_13-29-43.pth
Tue 02 Apr 2024 14:37:09 INFO  epoch 89 training [time: 20.42s, train loss: 8.3199]
Tue 02 Apr 2024 14:37:32 INFO  epoch 89 evaluating [time: 23.27s, valid_score: 0.205000]
Tue 02 Apr 2024 14:37:32 INFO  valid result: 
recall@10 : 0.1808    mrr@10 : 0.205    ndcg@10 : 0.1378    hit@10 : 0.4391    precision@10 : 0.0636
Tue 02 Apr 2024 14:37:53 INFO  epoch 90 training [time: 20.59s, train loss: 8.1990]
Tue 02 Apr 2024 14:38:16 INFO  epoch 90 evaluating [time: 23.00s, valid_score: 0.204800]
Tue 02 Apr 2024 14:38:16 INFO  valid result: 
recall@10 : 0.1806    mrr@10 : 0.2048    ndcg@10 : 0.1377    hit@10 : 0.4395    precision@10 : 0.0637
Tue 02 Apr 2024 14:38:36 INFO  epoch 91 training [time: 20.36s, train loss: 8.0278]
Tue 02 Apr 2024 14:38:58 INFO  epoch 91 evaluating [time: 21.71s, valid_score: 0.205500]
Tue 02 Apr 2024 14:38:58 INFO  valid result: 
recall@10 : 0.1804    mrr@10 : 0.2055    ndcg@10 : 0.1377    hit@10 : 0.4389    precision@10 : 0.0636
Tue 02 Apr 2024 14:38:59 INFO  Saving current: saved/LFM-1b_artist_20U50I/LightGCN/LightGCN-Apr-02-2024_13-29-43.pth
Tue 02 Apr 2024 14:39:19 INFO  epoch 92 training [time: 20.31s, train loss: 8.0192]
Tue 02 Apr 2024 14:39:41 INFO  epoch 92 evaluating [time: 21.58s, valid_score: 0.206700]
Tue 02 Apr 2024 14:39:41 INFO  valid result: 
recall@10 : 0.1811    mrr@10 : 0.2067    ndcg@10 : 0.1385    hit@10 : 0.4402    precision@10 : 0.0639
Tue 02 Apr 2024 14:39:42 INFO  Saving current: saved/LFM-1b_artist_20U50I/LightGCN/LightGCN-Apr-02-2024_13-29-43.pth
Tue 02 Apr 2024 14:40:02 INFO  epoch 93 training [time: 20.22s, train loss: 7.8861]
Tue 02 Apr 2024 14:40:24 INFO  epoch 93 evaluating [time: 21.85s, valid_score: 0.207400]
Tue 02 Apr 2024 14:40:24 INFO  valid result: 
recall@10 : 0.1808    mrr@10 : 0.2074    ndcg@10 : 0.1388    hit@10 : 0.4397    precision@10 : 0.0638
Tue 02 Apr 2024 14:40:24 INFO  Saving current: saved/LFM-1b_artist_20U50I/LightGCN/LightGCN-Apr-02-2024_13-29-43.pth
Tue 02 Apr 2024 14:40:45 INFO  epoch 94 training [time: 20.24s, train loss: 7.8351]
Tue 02 Apr 2024 14:41:07 INFO  epoch 94 evaluating [time: 22.75s, valid_score: 0.207700]
Tue 02 Apr 2024 14:41:07 INFO  valid result: 
recall@10 : 0.1822    mrr@10 : 0.2077    ndcg@10 : 0.1394    hit@10 : 0.4412    precision@10 : 0.0642
Tue 02 Apr 2024 14:41:08 INFO  Saving current: saved/LFM-1b_artist_20U50I/LightGCN/LightGCN-Apr-02-2024_13-29-43.pth
Tue 02 Apr 2024 14:41:29 INFO  epoch 95 training [time: 20.33s, train loss: 7.6044]
Tue 02 Apr 2024 14:41:52 INFO  epoch 95 evaluating [time: 23.46s, valid_score: 0.208400]
Tue 02 Apr 2024 14:41:52 INFO  valid result: 
recall@10 : 0.1821    mrr@10 : 0.2084    ndcg@10 : 0.1398    hit@10 : 0.4409    precision@10 : 0.0642
Tue 02 Apr 2024 14:41:53 INFO  Saving current: saved/LFM-1b_artist_20U50I/LightGCN/LightGCN-Apr-02-2024_13-29-43.pth
Tue 02 Apr 2024 14:42:13 INFO  epoch 96 training [time: 20.28s, train loss: 7.6349]
Tue 02 Apr 2024 14:42:37 INFO  epoch 96 evaluating [time: 23.63s, valid_score: 0.209200]
Tue 02 Apr 2024 14:42:37 INFO  valid result: 
recall@10 : 0.1834    mrr@10 : 0.2092    ndcg@10 : 0.1404    hit@10 : 0.4439    precision@10 : 0.0643
Tue 02 Apr 2024 14:42:38 INFO  Saving current: saved/LFM-1b_artist_20U50I/LightGCN/LightGCN-Apr-02-2024_13-29-43.pth
Tue 02 Apr 2024 14:42:58 INFO  epoch 97 training [time: 20.32s, train loss: 7.4949]
Tue 02 Apr 2024 14:43:23 INFO  epoch 97 evaluating [time: 24.22s, valid_score: 0.208900]
Tue 02 Apr 2024 14:43:23 INFO  valid result: 
recall@10 : 0.1833    mrr@10 : 0.2089    ndcg@10 : 0.1403    hit@10 : 0.4431    precision@10 : 0.0644
Tue 02 Apr 2024 14:43:43 INFO  epoch 98 training [time: 20.34s, train loss: 7.4681]
Tue 02 Apr 2024 14:44:06 INFO  epoch 98 evaluating [time: 23.16s, valid_score: 0.209100]
Tue 02 Apr 2024 14:44:06 INFO  valid result: 
recall@10 : 0.1836    mrr@10 : 0.2091    ndcg@10 : 0.1406    hit@10 : 0.4437    precision@10 : 0.0646
Tue 02 Apr 2024 14:44:26 INFO  epoch 99 training [time: 20.32s, train loss: 7.4070]
Tue 02 Apr 2024 14:44:50 INFO  epoch 99 evaluating [time: 23.37s, valid_score: 0.210000]
Tue 02 Apr 2024 14:44:50 INFO  valid result: 
recall@10 : 0.1831    mrr@10 : 0.21    ndcg@10 : 0.1409    hit@10 : 0.4429    precision@10 : 0.0646
Tue 02 Apr 2024 14:44:51 INFO  Saving current: saved/LFM-1b_artist_20U50I/LightGCN/LightGCN-Apr-02-2024_13-29-43.pth
Tue 02 Apr 2024 14:44:52 INFO  Loading model structure and parameters from saved/LFM-1b_artist_20U50I/LightGCN/LightGCN-Apr-02-2024_13-29-43.pth
Tue 02 Apr 2024 14:45:17 INFO  The running environment of this training is as follows:
+-------------+----------------+
| Environment |     Usage      |
+=============+================+
| CPU         |     1.50 %     |
+-------------+----------------+
| GPU         | 0.32 G/14.58 G |
+-------------+----------------+
| Memory      | 1.69 G/27.41 G |
+-------------+----------------+
Tue 02 Apr 2024 14:45:17 INFO  best valid : OrderedDict([('recall@10', 0.1831), ('mrr@10', 0.21), ('ndcg@10', 0.1409), ('hit@10', 0.4429), ('precision@10', 0.0646)])
Tue 02 Apr 2024 14:45:17 INFO  test result: OrderedDict([('recall@10', 0.1884), ('mrr@10', 0.2293), ('ndcg@10', 0.1499), ('hit@10', 0.4446), ('precision@10', 0.0676)])
Tue 02 Apr 2024 14:45:18 INFO  
General Hyper Parameters:
gpu_id = 0
use_gpu = True
seed = 42
state = INFO
reproducibility = True
data_path = data/LFM-1b_artist_20U50I
checkpoint_dir = saved/LFM-1b_artist_20U50I/LightGCN
show_progress = True
save_dataset = False
dataset_save_path = None
save_dataloaders = False
dataloaders_save_path = None
log_wandb = False

Training Hyper Parameters:
epochs = 1
train_batch_size = 4096
learner = adam
learning_rate = 0.001
train_neg_sample_args = {'distribution': 'uniform', 'sample_num': 1, 'dynamic': False, 'candidate_num': 0, 'alpha': 1.0}
eval_step = 1
stopping_step = 10
clip_grad_norm = None
weight_decay = 0.0
loss_decimal_place = 4

Evaluation Hyper Parameters:
eval_args = {'split': {'RS': [0.8, 0.1, 0.1]}, 'order': 'RO', 'group_by': 'user', 'mode': {'valid': 'full', 'test': 'full'}}
repeatable = False
metrics = ['Recall', 'MRR', 'NDCG', 'Hit', 'MAP', 'Precision', 'GAUC', 'ItemCoverage', 'AveragePopularity', 'GiniIndex', 'ShannonEntropy', 'TailPercentage']
topk = [10]
valid_metric = MRR@10
valid_metric_bigger = True
eval_batch_size = 1024
metric_decimal_place = 4

Dataset Hyper Parameters:
field_separator = 	
seq_separator =  
USER_ID_FIELD = user_id
ITEM_ID_FIELD = item_id
RATING_FIELD = rating
TIME_FIELD = timestamp
seq_len = None
LABEL_FIELD = label
threshold = None
NEG_PREFIX = neg_
load_col = {'inter': ['user_id', 'item_id']}
unload_col = None
unused_col = None
additional_feat_suffix = None
rm_dup_inter = None
val_interval = None
filter_inter_by_user_or_item = True
user_inter_num_interval = [0,inf)
item_inter_num_interval = [0,inf)
alias_of_user_id = None
alias_of_item_id = None
alias_of_entity_id = None
alias_of_relation_id = None
preload_weight = None
normalize_field = None
normalize_all = None
ITEM_LIST_LENGTH_FIELD = item_length
LIST_SUFFIX = _list
MAX_ITEM_LIST_LENGTH = 50
POSITION_FIELD = position_id
HEAD_ENTITY_ID_FIELD = head_id
TAIL_ENTITY_ID_FIELD = tail_id
RELATION_ID_FIELD = relation_id
ENTITY_ID_FIELD = entity_id
benchmark_filename = None

Other Hyper Parameters: 
worker = 0
wandb_project = recbole
shuffle = True
require_pow = False
enable_amp = False
enable_scaler = False
transform = None
embedding_size = 64
n_layers = 2
reg_weight = 1e-05
numerical_features = []
discretization = None
kg_reverse_r = False
entity_kg_num_interval = [0,inf)
relation_kg_num_interval = [0,inf)
MODEL_TYPE = ModelType.GENERAL
encoding = utf-8
device = cuda
my_log_file = /mnt/batch/tasks/shared/LS_root/mounts/clusters/fontanagpu/code/sustainability-of-recsys/log/carbon_default.log
MODEL_INPUT_TYPE = InputType.PAIRWISE
eval_type = EvaluatorType.RANKING
single_spec = True
local_rank = 0
valid_neg_sample_args = {'distribution': 'uniform', 'sample_num': 'none'}
test_neg_sample_args = {'distribution': 'uniform', 'sample_num': 'none'}


Tue 02 Apr 2024 14:45:21 INFO  LFM-1b_artist_20U50I
The number of users: 19842
Average actions of users: 45.371301849705155
The number of items: 42458
Average actions of items: 21.202911180724026
The number of inters: 900212
The sparsity of the dataset: 99.89314377686127%
Remain Fields: ['user_id', 'item_id']
Tue 02 Apr 2024 14:45:24 INFO  [Training]: train_batch_size = [4096] train_neg_sample_args: [{'distribution': 'uniform', 'sample_num': 1, 'dynamic': False, 'candidate_num': 0, 'alpha': 1.0}]
Tue 02 Apr 2024 14:45:24 INFO  [Evaluation]: eval_batch_size = [1024] eval_args: [{'split': {'RS': [0.8, 0.1, 0.1]}, 'order': 'RO', 'group_by': 'user', 'mode': {'valid': 'full', 'test': 'full'}}]
Tue 02 Apr 2024 14:45:27 INFO  Loading model structure and parameters from saved/LFM-1b_artist_20U50I/LightGCN/LightGCN-Mar-26-2024_02-36-33.pth
