Fri 05 Apr 2024 19:28:12 INFO  ['src/default_tracker.py', '--dataset=LFM-1b_artist_20U50I_50strat', '--model=LightGCN']
Fri 05 Apr 2024 19:28:12 INFO  
General Hyper Parameters:
gpu_id = 0
use_gpu = True
seed = 2020
state = INFO
reproducibility = True
data_path = data/LFM-1b_artist_20U50I_50strat
checkpoint_dir = saved/LFM-1b_artist_20U50I_50strat/LightGCN
show_progress = True
save_dataset = False
dataset_save_path = None
save_dataloaders = False
dataloaders_save_path = None
log_wandb = False

Training Hyper Parameters:
epochs = 200
train_batch_size = 2048
learner = adam
learning_rate = 0.001
train_neg_sample_args = {'distribution': 'uniform', 'sample_num': 1, 'dynamic': False, 'candidate_num': 0, 'alpha': 1.0}
eval_step = 1
stopping_step = 10
clip_grad_norm = None
weight_decay = 0.0
loss_decimal_place = 4

Evaluation Hyper Parameters:
eval_args = {'split': {'RS': [0.8, 0.1, 0.1]}, 'order': 'RO', 'group_by': 'user', 'mode': {'valid': 'full', 'test': 'full'}}
repeatable = False
metrics = ['Recall', 'MRR', 'NDCG', 'Hit', 'Precision']
topk = [10]
valid_metric = MRR@10
valid_metric_bigger = True
eval_batch_size = 4096
metric_decimal_place = 4

Dataset Hyper Parameters:
field_separator = 	
seq_separator =  
USER_ID_FIELD = user_id
ITEM_ID_FIELD = item_id
RATING_FIELD = rating
TIME_FIELD = timestamp
seq_len = None
LABEL_FIELD = label
threshold = None
NEG_PREFIX = neg_
load_col = {'inter': ['user_id', 'item_id']}
unload_col = None
unused_col = None
additional_feat_suffix = None
rm_dup_inter = None
val_interval = None
filter_inter_by_user_or_item = True
user_inter_num_interval = [0,inf)
item_inter_num_interval = [0,inf)
alias_of_user_id = None
alias_of_item_id = None
alias_of_entity_id = None
alias_of_relation_id = None
preload_weight = None
normalize_field = None
normalize_all = None
ITEM_LIST_LENGTH_FIELD = item_length
LIST_SUFFIX = _list
MAX_ITEM_LIST_LENGTH = 50
POSITION_FIELD = position_id
HEAD_ENTITY_ID_FIELD = head_id
TAIL_ENTITY_ID_FIELD = tail_id
RELATION_ID_FIELD = relation_id
ENTITY_ID_FIELD = entity_id
benchmark_filename = None

Other Hyper Parameters: 
worker = 0
wandb_project = recbole
shuffle = True
require_pow = False
enable_amp = False
enable_scaler = False
transform = None
embedding_size = 64
n_layers = 2
reg_weight = 1e-05
numerical_features = []
discretization = None
kg_reverse_r = False
entity_kg_num_interval = [0,inf)
relation_kg_num_interval = [0,inf)
MODEL_TYPE = ModelType.GENERAL
encoding = utf-8
device = cuda
my_log_file = /mnt/batch/tasks/shared/LS_root/mounts/clusters/fontanagpu/code/sustainability-of-recsys/log/carbon_default.log
MODEL_INPUT_TYPE = InputType.PAIRWISE
eval_type = EvaluatorType.RANKING
single_spec = True
local_rank = 0
valid_neg_sample_args = {'distribution': 'uniform', 'sample_num': 'none'}
test_neg_sample_args = {'distribution': 'uniform', 'sample_num': 'none'}


Fri 05 Apr 2024 19:28:14 INFO  LFM-1b_artist_20U50I_50strat
The number of users: 19842
Average actions of users: 22.20755002268031
The number of items: 33654
Average actions of items: 13.093037767806733
The number of inters: 440620
The sparsity of the dataset: 99.93401547868501%
Remain Fields: ['user_id', 'item_id']
Fri 05 Apr 2024 19:28:16 INFO  [Training]: train_batch_size = [2048] train_neg_sample_args: [{'distribution': 'uniform', 'sample_num': 1, 'dynamic': False, 'candidate_num': 0, 'alpha': 1.0}]
Fri 05 Apr 2024 19:28:16 INFO  [Evaluation]: eval_batch_size = [4096] eval_args: [{'split': {'RS': [0.8, 0.1, 0.1]}, 'order': 'RO', 'group_by': 'user', 'mode': {'valid': 'full', 'test': 'full'}}]
Fri 05 Apr 2024 19:28:17 INFO  LightGCN(
  (user_embedding): Embedding(19842, 64)
  (item_embedding): Embedding(33654, 64)
  (mf_loss): BPRLoss()
  (reg_loss): EmbLoss()
)
Trainable parameters: 3423744
Fri 05 Apr 2024 19:28:26 INFO  FLOPs: 0.0
Fri 05 Apr 2024 19:29:07 INFO  epoch 0 training [time: 8.32s, train loss: 85.2913]
Fri 05 Apr 2024 19:29:28 INFO  epoch 0 evaluating [time: 20.85s, valid_score: 0.052800]
Fri 05 Apr 2024 19:29:28 INFO  valid result: 
recall@10 : 0.0782    mrr@10 : 0.0528    ndcg@10 : 0.0472    hit@10 : 0.1398    precision@10 : 0.0152
Fri 05 Apr 2024 19:29:28 INFO  Saving current: saved/LFM-1b_artist_20U50I_50strat/LightGCN/LightGCN-Apr-05-2024_19-28-26.pth
Fri 05 Apr 2024 19:29:34 INFO  epoch 1 training [time: 5.76s, train loss: 44.8171]
Fri 05 Apr 2024 19:29:54 INFO  epoch 1 evaluating [time: 20.37s, valid_score: 0.052900]
Fri 05 Apr 2024 19:29:54 INFO  valid result: 
recall@10 : 0.079    mrr@10 : 0.0529    ndcg@10 : 0.0475    hit@10 : 0.1407    precision@10 : 0.0153
Fri 05 Apr 2024 19:29:55 INFO  Saving current: saved/LFM-1b_artist_20U50I_50strat/LightGCN/LightGCN-Apr-05-2024_19-28-26.pth
Fri 05 Apr 2024 19:30:01 INFO  epoch 2 training [time: 5.77s, train loss: 40.1730]
Fri 05 Apr 2024 19:30:21 INFO  epoch 2 evaluating [time: 20.48s, valid_score: 0.052900]
Fri 05 Apr 2024 19:30:21 INFO  valid result: 
recall@10 : 0.0791    mrr@10 : 0.0529    ndcg@10 : 0.0475    hit@10 : 0.1411    precision@10 : 0.0153
Fri 05 Apr 2024 19:30:22 INFO  Saving current: saved/LFM-1b_artist_20U50I_50strat/LightGCN/LightGCN-Apr-05-2024_19-28-26.pth
Fri 05 Apr 2024 19:30:28 INFO  epoch 3 training [time: 5.75s, train loss: 39.0168]
Fri 05 Apr 2024 19:30:48 INFO  epoch 3 evaluating [time: 20.34s, valid_score: 0.052900]
Fri 05 Apr 2024 19:30:48 INFO  valid result: 
recall@10 : 0.0791    mrr@10 : 0.0529    ndcg@10 : 0.0474    hit@10 : 0.1411    precision@10 : 0.0153
Fri 05 Apr 2024 19:30:49 INFO  Saving current: saved/LFM-1b_artist_20U50I_50strat/LightGCN/LightGCN-Apr-05-2024_19-28-26.pth
Fri 05 Apr 2024 19:30:55 INFO  epoch 4 training [time: 5.76s, train loss: 38.3725]
Fri 05 Apr 2024 19:31:15 INFO  epoch 4 evaluating [time: 20.48s, valid_score: 0.052900]
Fri 05 Apr 2024 19:31:15 INFO  valid result: 
recall@10 : 0.079    mrr@10 : 0.0529    ndcg@10 : 0.0474    hit@10 : 0.1412    precision@10 : 0.0153
Fri 05 Apr 2024 19:31:16 INFO  Saving current: saved/LFM-1b_artist_20U50I_50strat/LightGCN/LightGCN-Apr-05-2024_19-28-26.pth
Fri 05 Apr 2024 19:31:22 INFO  epoch 5 training [time: 5.81s, train loss: 37.9344]
Fri 05 Apr 2024 19:31:42 INFO  epoch 5 evaluating [time: 20.39s, valid_score: 0.052800]
Fri 05 Apr 2024 19:31:42 INFO  valid result: 
recall@10 : 0.0789    mrr@10 : 0.0528    ndcg@10 : 0.0474    hit@10 : 0.1407    precision@10 : 0.0153
Fri 05 Apr 2024 19:31:48 INFO  epoch 6 training [time: 5.95s, train loss: 37.6071]
Fri 05 Apr 2024 19:32:08 INFO  epoch 6 evaluating [time: 20.16s, valid_score: 0.052900]
Fri 05 Apr 2024 19:32:08 INFO  valid result: 
recall@10 : 0.0792    mrr@10 : 0.0529    ndcg@10 : 0.0475    hit@10 : 0.1416    precision@10 : 0.0154
Fri 05 Apr 2024 19:32:09 INFO  Saving current: saved/LFM-1b_artist_20U50I_50strat/LightGCN/LightGCN-Apr-05-2024_19-28-26.pth
Fri 05 Apr 2024 19:32:15 INFO  epoch 7 training [time: 5.79s, train loss: 37.0203]
Fri 05 Apr 2024 19:32:35 INFO  epoch 7 evaluating [time: 20.45s, valid_score: 0.052900]
Fri 05 Apr 2024 19:32:35 INFO  valid result: 
recall@10 : 0.0788    mrr@10 : 0.0529    ndcg@10 : 0.0474    hit@10 : 0.1413    precision@10 : 0.0154
Fri 05 Apr 2024 19:32:36 INFO  Saving current: saved/LFM-1b_artist_20U50I_50strat/LightGCN/LightGCN-Apr-05-2024_19-28-26.pth
Fri 05 Apr 2024 19:32:41 INFO  epoch 8 training [time: 5.78s, train loss: 36.2532]
Fri 05 Apr 2024 19:33:02 INFO  epoch 8 evaluating [time: 20.35s, valid_score: 0.052900]
Fri 05 Apr 2024 19:33:02 INFO  valid result: 
recall@10 : 0.0785    mrr@10 : 0.0529    ndcg@10 : 0.0473    hit@10 : 0.1405    precision@10 : 0.0153
Fri 05 Apr 2024 19:33:02 INFO  Saving current: saved/LFM-1b_artist_20U50I_50strat/LightGCN/LightGCN-Apr-05-2024_19-28-26.pth
Fri 05 Apr 2024 19:33:08 INFO  epoch 9 training [time: 5.79s, train loss: 36.1716]
Fri 05 Apr 2024 19:33:29 INFO  epoch 9 evaluating [time: 20.44s, valid_score: 0.052900]
Fri 05 Apr 2024 19:33:29 INFO  valid result: 
recall@10 : 0.0786    mrr@10 : 0.0529    ndcg@10 : 0.0473    hit@10 : 0.1408    precision@10 : 0.0153
Fri 05 Apr 2024 19:33:29 INFO  Saving current: saved/LFM-1b_artist_20U50I_50strat/LightGCN/LightGCN-Apr-05-2024_19-28-26.pth
Fri 05 Apr 2024 19:33:35 INFO  epoch 10 training [time: 5.79s, train loss: 35.6345]
Fri 05 Apr 2024 19:33:55 INFO  epoch 10 evaluating [time: 20.44s, valid_score: 0.052900]
Fri 05 Apr 2024 19:33:55 INFO  valid result: 
recall@10 : 0.079    mrr@10 : 0.0529    ndcg@10 : 0.0474    hit@10 : 0.1415    precision@10 : 0.0154
Fri 05 Apr 2024 19:33:56 INFO  Saving current: saved/LFM-1b_artist_20U50I_50strat/LightGCN/LightGCN-Apr-05-2024_19-28-26.pth
Fri 05 Apr 2024 19:34:02 INFO  epoch 11 training [time: 5.78s, train loss: 35.0463]
Fri 05 Apr 2024 19:34:22 INFO  epoch 11 evaluating [time: 19.99s, valid_score: 0.053000]
Fri 05 Apr 2024 19:34:22 INFO  valid result: 
recall@10 : 0.0789    mrr@10 : 0.053    ndcg@10 : 0.0474    hit@10 : 0.141    precision@10 : 0.0153
Fri 05 Apr 2024 19:34:22 INFO  Saving current: saved/LFM-1b_artist_20U50I_50strat/LightGCN/LightGCN-Apr-05-2024_19-28-26.pth
Fri 05 Apr 2024 19:34:28 INFO  epoch 12 training [time: 5.80s, train loss: 34.5875]
Fri 05 Apr 2024 19:34:49 INFO  epoch 12 evaluating [time: 20.37s, valid_score: 0.053100]
Fri 05 Apr 2024 19:34:49 INFO  valid result: 
recall@10 : 0.079    mrr@10 : 0.0531    ndcg@10 : 0.0475    hit@10 : 0.1416    precision@10 : 0.0154
Fri 05 Apr 2024 19:34:49 INFO  Saving current: saved/LFM-1b_artist_20U50I_50strat/LightGCN/LightGCN-Apr-05-2024_19-28-26.pth
Fri 05 Apr 2024 19:34:55 INFO  epoch 13 training [time: 5.82s, train loss: 34.2262]
Fri 05 Apr 2024 19:35:15 INFO  epoch 13 evaluating [time: 20.27s, valid_score: 0.053500]
Fri 05 Apr 2024 19:35:15 INFO  valid result: 
recall@10 : 0.0795    mrr@10 : 0.0535    ndcg@10 : 0.0478    hit@10 : 0.1425    precision@10 : 0.0155
Fri 05 Apr 2024 19:35:16 INFO  Saving current: saved/LFM-1b_artist_20U50I_50strat/LightGCN/LightGCN-Apr-05-2024_19-28-26.pth
Fri 05 Apr 2024 19:35:22 INFO  epoch 14 training [time: 5.77s, train loss: 33.6150]
Fri 05 Apr 2024 19:35:42 INFO  epoch 14 evaluating [time: 20.45s, valid_score: 0.053600]
Fri 05 Apr 2024 19:35:42 INFO  valid result: 
recall@10 : 0.0793    mrr@10 : 0.0536    ndcg@10 : 0.0478    hit@10 : 0.1426    precision@10 : 0.0155
Fri 05 Apr 2024 19:35:43 INFO  Saving current: saved/LFM-1b_artist_20U50I_50strat/LightGCN/LightGCN-Apr-05-2024_19-28-26.pth
Fri 05 Apr 2024 19:35:49 INFO  epoch 15 training [time: 5.78s, train loss: 32.9824]
Fri 05 Apr 2024 19:36:09 INFO  epoch 15 evaluating [time: 20.43s, valid_score: 0.053500]
Fri 05 Apr 2024 19:36:09 INFO  valid result: 
recall@10 : 0.0795    mrr@10 : 0.0535    ndcg@10 : 0.0477    hit@10 : 0.1429    precision@10 : 0.0155
Fri 05 Apr 2024 19:36:15 INFO  epoch 16 training [time: 5.89s, train loss: 32.5035]
Fri 05 Apr 2024 19:36:36 INFO  epoch 16 evaluating [time: 20.44s, valid_score: 0.053600]
Fri 05 Apr 2024 19:36:36 INFO  valid result: 
recall@10 : 0.0797    mrr@10 : 0.0536    ndcg@10 : 0.0479    hit@10 : 0.1436    precision@10 : 0.0155
Fri 05 Apr 2024 19:36:36 INFO  Saving current: saved/LFM-1b_artist_20U50I_50strat/LightGCN/LightGCN-Apr-05-2024_19-28-26.pth
Fri 05 Apr 2024 19:36:42 INFO  epoch 17 training [time: 5.75s, train loss: 31.7913]
Fri 05 Apr 2024 19:37:03 INFO  epoch 17 evaluating [time: 20.42s, valid_score: 0.053900]
Fri 05 Apr 2024 19:37:03 INFO  valid result: 
recall@10 : 0.08    mrr@10 : 0.0539    ndcg@10 : 0.0481    hit@10 : 0.1437    precision@10 : 0.0155
Fri 05 Apr 2024 19:37:03 INFO  Saving current: saved/LFM-1b_artist_20U50I_50strat/LightGCN/LightGCN-Apr-05-2024_19-28-26.pth
Fri 05 Apr 2024 19:37:09 INFO  epoch 18 training [time: 5.83s, train loss: 31.1782]
Fri 05 Apr 2024 19:37:29 INFO  epoch 18 evaluating [time: 20.23s, valid_score: 0.054400]
Fri 05 Apr 2024 19:37:29 INFO  valid result: 
recall@10 : 0.0808    mrr@10 : 0.0544    ndcg@10 : 0.0485    hit@10 : 0.1448    precision@10 : 0.0156
Fri 05 Apr 2024 19:37:30 INFO  Saving current: saved/LFM-1b_artist_20U50I_50strat/LightGCN/LightGCN-Apr-05-2024_19-28-26.pth
Fri 05 Apr 2024 19:37:36 INFO  epoch 19 training [time: 5.75s, train loss: 30.6085]
Fri 05 Apr 2024 19:37:58 INFO  epoch 19 evaluating [time: 21.72s, valid_score: 0.054700]
Fri 05 Apr 2024 19:37:58 INFO  valid result: 
recall@10 : 0.0816    mrr@10 : 0.0547    ndcg@10 : 0.0489    hit@10 : 0.1458    precision@10 : 0.0157
Fri 05 Apr 2024 19:37:59 INFO  Saving current: saved/LFM-1b_artist_20U50I_50strat/LightGCN/LightGCN-Apr-05-2024_19-28-26.pth
Fri 05 Apr 2024 19:38:05 INFO  epoch 20 training [time: 5.75s, train loss: 29.6571]
Fri 05 Apr 2024 19:38:25 INFO  epoch 20 evaluating [time: 20.12s, valid_score: 0.055000]
Fri 05 Apr 2024 19:38:25 INFO  valid result: 
recall@10 : 0.082    mrr@10 : 0.055    ndcg@10 : 0.0493    hit@10 : 0.1465    precision@10 : 0.0159
Fri 05 Apr 2024 19:38:25 INFO  Saving current: saved/LFM-1b_artist_20U50I_50strat/LightGCN/LightGCN-Apr-05-2024_19-28-26.pth
Fri 05 Apr 2024 19:38:31 INFO  epoch 21 training [time: 5.75s, train loss: 28.8346]
Fri 05 Apr 2024 19:38:51 INFO  epoch 21 evaluating [time: 20.08s, valid_score: 0.055300]
Fri 05 Apr 2024 19:38:51 INFO  valid result: 
recall@10 : 0.0835    mrr@10 : 0.0553    ndcg@10 : 0.0498    hit@10 : 0.1484    precision@10 : 0.0161
Fri 05 Apr 2024 19:38:52 INFO  Saving current: saved/LFM-1b_artist_20U50I_50strat/LightGCN/LightGCN-Apr-05-2024_19-28-26.pth
Fri 05 Apr 2024 19:38:58 INFO  epoch 22 training [time: 5.75s, train loss: 27.9662]
Fri 05 Apr 2024 19:39:18 INFO  epoch 22 evaluating [time: 20.12s, valid_score: 0.055700]
Fri 05 Apr 2024 19:39:18 INFO  valid result: 
recall@10 : 0.085    mrr@10 : 0.0557    ndcg@10 : 0.0504    hit@10 : 0.1504    precision@10 : 0.0163
Fri 05 Apr 2024 19:39:18 INFO  Saving current: saved/LFM-1b_artist_20U50I_50strat/LightGCN/LightGCN-Apr-05-2024_19-28-26.pth
Fri 05 Apr 2024 19:39:24 INFO  epoch 23 training [time: 5.74s, train loss: 27.1669]
Fri 05 Apr 2024 19:39:44 INFO  epoch 23 evaluating [time: 20.16s, valid_score: 0.056300]
Fri 05 Apr 2024 19:39:44 INFO  valid result: 
recall@10 : 0.0868    mrr@10 : 0.0563    ndcg@10 : 0.0512    hit@10 : 0.1525    precision@10 : 0.0165
Fri 05 Apr 2024 19:39:45 INFO  Saving current: saved/LFM-1b_artist_20U50I_50strat/LightGCN/LightGCN-Apr-05-2024_19-28-26.pth
Fri 05 Apr 2024 19:39:51 INFO  epoch 24 training [time: 5.77s, train loss: 26.4565]
Fri 05 Apr 2024 19:40:11 INFO  epoch 24 evaluating [time: 20.25s, valid_score: 0.056900]
Fri 05 Apr 2024 19:40:11 INFO  valid result: 
recall@10 : 0.0878    mrr@10 : 0.0569    ndcg@10 : 0.0518    hit@10 : 0.154    precision@10 : 0.0167
Fri 05 Apr 2024 19:40:12 INFO  Saving current: saved/LFM-1b_artist_20U50I_50strat/LightGCN/LightGCN-Apr-05-2024_19-28-26.pth
Fri 05 Apr 2024 19:40:18 INFO  epoch 25 training [time: 5.81s, train loss: 25.6319]
Fri 05 Apr 2024 19:40:38 INFO  epoch 25 evaluating [time: 20.14s, valid_score: 0.057200]
Fri 05 Apr 2024 19:40:38 INFO  valid result: 
recall@10 : 0.0891    mrr@10 : 0.0572    ndcg@10 : 0.0523    hit@10 : 0.1561    precision@10 : 0.017
Fri 05 Apr 2024 19:40:38 INFO  Saving current: saved/LFM-1b_artist_20U50I_50strat/LightGCN/LightGCN-Apr-05-2024_19-28-26.pth
Fri 05 Apr 2024 19:40:44 INFO  epoch 26 training [time: 5.75s, train loss: 24.8142]
Fri 05 Apr 2024 19:41:04 INFO  epoch 26 evaluating [time: 20.12s, valid_score: 0.057800]
Fri 05 Apr 2024 19:41:04 INFO  valid result: 
recall@10 : 0.0919    mrr@10 : 0.0578    ndcg@10 : 0.0533    hit@10 : 0.1596    precision@10 : 0.0173
Fri 05 Apr 2024 19:41:05 INFO  Saving current: saved/LFM-1b_artist_20U50I_50strat/LightGCN/LightGCN-Apr-05-2024_19-28-26.pth
Fri 05 Apr 2024 19:41:11 INFO  epoch 27 training [time: 5.76s, train loss: 24.2041]
Fri 05 Apr 2024 19:41:31 INFO  epoch 27 evaluating [time: 20.17s, valid_score: 0.058200]
Fri 05 Apr 2024 19:41:31 INFO  valid result: 
recall@10 : 0.0932    mrr@10 : 0.0582    ndcg@10 : 0.0539    hit@10 : 0.1614    precision@10 : 0.0176
Fri 05 Apr 2024 19:41:32 INFO  Saving current: saved/LFM-1b_artist_20U50I_50strat/LightGCN/LightGCN-Apr-05-2024_19-28-26.pth
Fri 05 Apr 2024 19:41:37 INFO  epoch 28 training [time: 5.79s, train loss: 23.1883]
Fri 05 Apr 2024 19:41:57 INFO  epoch 28 evaluating [time: 20.15s, valid_score: 0.058600]
Fri 05 Apr 2024 19:41:57 INFO  valid result: 
recall@10 : 0.0946    mrr@10 : 0.0586    ndcg@10 : 0.0545    hit@10 : 0.1629    precision@10 : 0.0177
Fri 05 Apr 2024 19:41:58 INFO  Saving current: saved/LFM-1b_artist_20U50I_50strat/LightGCN/LightGCN-Apr-05-2024_19-28-26.pth
Fri 05 Apr 2024 19:42:04 INFO  epoch 29 training [time: 5.77s, train loss: 22.6517]
Fri 05 Apr 2024 19:42:24 INFO  epoch 29 evaluating [time: 20.19s, valid_score: 0.059300]
Fri 05 Apr 2024 19:42:24 INFO  valid result: 
recall@10 : 0.0955    mrr@10 : 0.0593    ndcg@10 : 0.0552    hit@10 : 0.1642    precision@10 : 0.0178
Fri 05 Apr 2024 19:42:25 INFO  Saving current: saved/LFM-1b_artist_20U50I_50strat/LightGCN/LightGCN-Apr-05-2024_19-28-26.pth
Fri 05 Apr 2024 19:42:31 INFO  epoch 30 training [time: 5.74s, train loss: 21.8335]
Fri 05 Apr 2024 19:42:51 INFO  epoch 30 evaluating [time: 20.20s, valid_score: 0.059400]
Fri 05 Apr 2024 19:42:51 INFO  valid result: 
recall@10 : 0.0964    mrr@10 : 0.0594    ndcg@10 : 0.0555    hit@10 : 0.1666    precision@10 : 0.0181
Fri 05 Apr 2024 19:42:52 INFO  Saving current: saved/LFM-1b_artist_20U50I_50strat/LightGCN/LightGCN-Apr-05-2024_19-28-26.pth
Fri 05 Apr 2024 19:42:57 INFO  epoch 31 training [time: 5.78s, train loss: 21.0287]
Fri 05 Apr 2024 19:43:17 INFO  epoch 31 evaluating [time: 20.16s, valid_score: 0.060000]
Fri 05 Apr 2024 19:43:17 INFO  valid result: 
recall@10 : 0.0985    mrr@10 : 0.06    ndcg@10 : 0.0564    hit@10 : 0.1695    precision@10 : 0.0184
Fri 05 Apr 2024 19:43:18 INFO  Saving current: saved/LFM-1b_artist_20U50I_50strat/LightGCN/LightGCN-Apr-05-2024_19-28-26.pth
Fri 05 Apr 2024 19:43:24 INFO  epoch 32 training [time: 5.79s, train loss: 20.3475]
Fri 05 Apr 2024 19:43:44 INFO  epoch 32 evaluating [time: 20.22s, valid_score: 0.060400]
Fri 05 Apr 2024 19:43:44 INFO  valid result: 
recall@10 : 0.0999    mrr@10 : 0.0604    ndcg@10 : 0.0569    hit@10 : 0.1713    precision@10 : 0.0186
Fri 05 Apr 2024 19:43:45 INFO  Saving current: saved/LFM-1b_artist_20U50I_50strat/LightGCN/LightGCN-Apr-05-2024_19-28-26.pth
Fri 05 Apr 2024 19:43:51 INFO  epoch 33 training [time: 5.77s, train loss: 19.8177]
Fri 05 Apr 2024 19:44:11 INFO  epoch 33 evaluating [time: 20.23s, valid_score: 0.061200]
Fri 05 Apr 2024 19:44:11 INFO  valid result: 
recall@10 : 0.1012    mrr@10 : 0.0612    ndcg@10 : 0.0578    hit@10 : 0.1731    precision@10 : 0.0188
Fri 05 Apr 2024 19:44:12 INFO  Saving current: saved/LFM-1b_artist_20U50I_50strat/LightGCN/LightGCN-Apr-05-2024_19-28-26.pth
Fri 05 Apr 2024 19:44:17 INFO  epoch 34 training [time: 5.75s, train loss: 19.0367]
Fri 05 Apr 2024 19:44:38 INFO  epoch 34 evaluating [time: 20.19s, valid_score: 0.061800]
Fri 05 Apr 2024 19:44:38 INFO  valid result: 
recall@10 : 0.1017    mrr@10 : 0.0618    ndcg@10 : 0.0582    hit@10 : 0.1751    precision@10 : 0.019
Fri 05 Apr 2024 19:44:38 INFO  Saving current: saved/LFM-1b_artist_20U50I_50strat/LightGCN/LightGCN-Apr-05-2024_19-28-26.pth
Fri 05 Apr 2024 19:44:44 INFO  epoch 35 training [time: 5.76s, train loss: 18.4088]
Fri 05 Apr 2024 19:45:04 INFO  epoch 35 evaluating [time: 20.27s, valid_score: 0.062500]
Fri 05 Apr 2024 19:45:04 INFO  valid result: 
recall@10 : 0.1028    mrr@10 : 0.0625    ndcg@10 : 0.0589    hit@10 : 0.1766    precision@10 : 0.0193
Fri 05 Apr 2024 19:45:05 INFO  Saving current: saved/LFM-1b_artist_20U50I_50strat/LightGCN/LightGCN-Apr-05-2024_19-28-26.pth
Fri 05 Apr 2024 19:45:11 INFO  epoch 36 training [time: 5.77s, train loss: 17.8353]
Fri 05 Apr 2024 19:45:31 INFO  epoch 36 evaluating [time: 20.22s, valid_score: 0.063200]
Fri 05 Apr 2024 19:45:31 INFO  valid result: 
recall@10 : 0.1037    mrr@10 : 0.0632    ndcg@10 : 0.0595    hit@10 : 0.1781    precision@10 : 0.0194
Fri 05 Apr 2024 19:45:32 INFO  Saving current: saved/LFM-1b_artist_20U50I_50strat/LightGCN/LightGCN-Apr-05-2024_19-28-26.pth
Fri 05 Apr 2024 19:45:38 INFO  epoch 37 training [time: 5.78s, train loss: 17.3262]
Fri 05 Apr 2024 19:45:58 INFO  epoch 37 evaluating [time: 20.19s, valid_score: 0.063800]
Fri 05 Apr 2024 19:45:58 INFO  valid result: 
recall@10 : 0.1047    mrr@10 : 0.0638    ndcg@10 : 0.06    hit@10 : 0.1795    precision@10 : 0.0196
Fri 05 Apr 2024 19:45:58 INFO  Saving current: saved/LFM-1b_artist_20U50I_50strat/LightGCN/LightGCN-Apr-05-2024_19-28-26.pth
Fri 05 Apr 2024 19:46:04 INFO  epoch 38 training [time: 5.76s, train loss: 16.9343]
Fri 05 Apr 2024 19:46:24 INFO  epoch 38 evaluating [time: 20.15s, valid_score: 0.064500]
Fri 05 Apr 2024 19:46:24 INFO  valid result: 
recall@10 : 0.1064    mrr@10 : 0.0645    ndcg@10 : 0.0609    hit@10 : 0.1826    precision@10 : 0.0199
Fri 05 Apr 2024 19:46:25 INFO  Saving current: saved/LFM-1b_artist_20U50I_50strat/LightGCN/LightGCN-Apr-05-2024_19-28-26.pth
Fri 05 Apr 2024 19:46:31 INFO  epoch 39 training [time: 5.76s, train loss: 16.1991]
Fri 05 Apr 2024 19:46:51 INFO  epoch 39 evaluating [time: 20.10s, valid_score: 0.065100]
Fri 05 Apr 2024 19:46:51 INFO  valid result: 
recall@10 : 0.108    mrr@10 : 0.0651    ndcg@10 : 0.0616    hit@10 : 0.1849    precision@10 : 0.0202
Fri 05 Apr 2024 19:46:52 INFO  Saving current: saved/LFM-1b_artist_20U50I_50strat/LightGCN/LightGCN-Apr-05-2024_19-28-26.pth
Fri 05 Apr 2024 19:46:57 INFO  epoch 40 training [time: 5.76s, train loss: 15.8754]
Fri 05 Apr 2024 19:47:18 INFO  epoch 40 evaluating [time: 20.24s, valid_score: 0.065500]
Fri 05 Apr 2024 19:47:18 INFO  valid result: 
recall@10 : 0.1085    mrr@10 : 0.0655    ndcg@10 : 0.062    hit@10 : 0.1863    precision@10 : 0.0204
Fri 05 Apr 2024 19:47:18 INFO  Saving current: saved/LFM-1b_artist_20U50I_50strat/LightGCN/LightGCN-Apr-05-2024_19-28-26.pth
Fri 05 Apr 2024 19:47:24 INFO  epoch 41 training [time: 5.77s, train loss: 15.3534]
Fri 05 Apr 2024 19:47:44 INFO  epoch 41 evaluating [time: 20.21s, valid_score: 0.066400]
Fri 05 Apr 2024 19:47:44 INFO  valid result: 
recall@10 : 0.1096    mrr@10 : 0.0664    ndcg@10 : 0.0627    hit@10 : 0.1881    precision@10 : 0.0205
Fri 05 Apr 2024 19:47:45 INFO  Saving current: saved/LFM-1b_artist_20U50I_50strat/LightGCN/LightGCN-Apr-05-2024_19-28-26.pth
Fri 05 Apr 2024 19:47:51 INFO  epoch 42 training [time: 5.74s, train loss: 14.9161]
Fri 05 Apr 2024 19:48:11 INFO  epoch 42 evaluating [time: 20.15s, valid_score: 0.066700]
Fri 05 Apr 2024 19:48:11 INFO  valid result: 
recall@10 : 0.1099    mrr@10 : 0.0667    ndcg@10 : 0.0629    hit@10 : 0.1884    precision@10 : 0.0206
Fri 05 Apr 2024 19:48:12 INFO  Saving current: saved/LFM-1b_artist_20U50I_50strat/LightGCN/LightGCN-Apr-05-2024_19-28-26.pth
Fri 05 Apr 2024 19:48:17 INFO  epoch 43 training [time: 5.77s, train loss: 14.3810]
Fri 05 Apr 2024 19:48:38 INFO  epoch 43 evaluating [time: 20.12s, valid_score: 0.067200]
Fri 05 Apr 2024 19:48:38 INFO  valid result: 
recall@10 : 0.1107    mrr@10 : 0.0672    ndcg@10 : 0.0634    hit@10 : 0.1893    precision@10 : 0.0207
Fri 05 Apr 2024 19:48:38 INFO  Saving current: saved/LFM-1b_artist_20U50I_50strat/LightGCN/LightGCN-Apr-05-2024_19-28-26.pth
Fri 05 Apr 2024 19:48:44 INFO  epoch 44 training [time: 5.77s, train loss: 14.0820]
Fri 05 Apr 2024 19:49:04 INFO  epoch 44 evaluating [time: 20.10s, valid_score: 0.067800]
Fri 05 Apr 2024 19:49:04 INFO  valid result: 
recall@10 : 0.1116    mrr@10 : 0.0678    ndcg@10 : 0.0639    hit@10 : 0.191    precision@10 : 0.0208
Fri 05 Apr 2024 19:49:05 INFO  Saving current: saved/LFM-1b_artist_20U50I_50strat/LightGCN/LightGCN-Apr-05-2024_19-28-26.pth
Fri 05 Apr 2024 19:49:11 INFO  epoch 45 training [time: 5.77s, train loss: 13.5527]
Fri 05 Apr 2024 19:49:31 INFO  epoch 45 evaluating [time: 19.93s, valid_score: 0.068200]
Fri 05 Apr 2024 19:49:31 INFO  valid result: 
recall@10 : 0.1131    mrr@10 : 0.0682    ndcg@10 : 0.0645    hit@10 : 0.1931    precision@10 : 0.0211
Fri 05 Apr 2024 19:49:31 INFO  Saving current: saved/LFM-1b_artist_20U50I_50strat/LightGCN/LightGCN-Apr-05-2024_19-28-26.pth
Fri 05 Apr 2024 19:49:37 INFO  epoch 46 training [time: 5.77s, train loss: 13.3450]
Fri 05 Apr 2024 19:49:57 INFO  epoch 46 evaluating [time: 19.92s, valid_score: 0.068500]
Fri 05 Apr 2024 19:49:57 INFO  valid result: 
recall@10 : 0.1141    mrr@10 : 0.0685    ndcg@10 : 0.065    hit@10 : 0.1941    precision@10 : 0.0212
Fri 05 Apr 2024 19:49:58 INFO  Saving current: saved/LFM-1b_artist_20U50I_50strat/LightGCN/LightGCN-Apr-05-2024_19-28-26.pth
Fri 05 Apr 2024 19:50:04 INFO  epoch 47 training [time: 5.78s, train loss: 12.9455]
Fri 05 Apr 2024 19:50:23 INFO  epoch 47 evaluating [time: 19.92s, valid_score: 0.069100]
Fri 05 Apr 2024 19:50:23 INFO  valid result: 
recall@10 : 0.1142    mrr@10 : 0.0691    ndcg@10 : 0.0655    hit@10 : 0.1949    precision@10 : 0.0213
Fri 05 Apr 2024 19:50:24 INFO  Saving current: saved/LFM-1b_artist_20U50I_50strat/LightGCN/LightGCN-Apr-05-2024_19-28-26.pth
Fri 05 Apr 2024 19:50:30 INFO  epoch 48 training [time: 5.78s, train loss: 12.4108]
Fri 05 Apr 2024 19:50:50 INFO  epoch 48 evaluating [time: 19.94s, valid_score: 0.069300]
Fri 05 Apr 2024 19:50:50 INFO  valid result: 
recall@10 : 0.1142    mrr@10 : 0.0693    ndcg@10 : 0.0656    hit@10 : 0.1947    precision@10 : 0.0213
Fri 05 Apr 2024 19:50:51 INFO  Saving current: saved/LFM-1b_artist_20U50I_50strat/LightGCN/LightGCN-Apr-05-2024_19-28-26.pth
Fri 05 Apr 2024 19:50:56 INFO  epoch 49 training [time: 5.76s, train loss: 12.2850]
Fri 05 Apr 2024 19:51:16 INFO  epoch 49 evaluating [time: 19.95s, valid_score: 0.070000]
Fri 05 Apr 2024 19:51:16 INFO  valid result: 
recall@10 : 0.1148    mrr@10 : 0.07    ndcg@10 : 0.066    hit@10 : 0.1957    precision@10 : 0.0214
Fri 05 Apr 2024 19:51:17 INFO  Saving current: saved/LFM-1b_artist_20U50I_50strat/LightGCN/LightGCN-Apr-05-2024_19-28-26.pth
Fri 05 Apr 2024 19:51:23 INFO  epoch 50 training [time: 5.78s, train loss: 11.8735]
Fri 05 Apr 2024 19:51:43 INFO  epoch 50 evaluating [time: 20.05s, valid_score: 0.070700]
Fri 05 Apr 2024 19:51:43 INFO  valid result: 
recall@10 : 0.1159    mrr@10 : 0.0707    ndcg@10 : 0.0667    hit@10 : 0.1979    precision@10 : 0.0216
Fri 05 Apr 2024 19:51:43 INFO  Saving current: saved/LFM-1b_artist_20U50I_50strat/LightGCN/LightGCN-Apr-05-2024_19-28-26.pth
Fri 05 Apr 2024 19:51:49 INFO  epoch 51 training [time: 5.79s, train loss: 11.5939]
Fri 05 Apr 2024 19:52:09 INFO  epoch 51 evaluating [time: 20.08s, valid_score: 0.071300]
Fri 05 Apr 2024 19:52:09 INFO  valid result: 
recall@10 : 0.1169    mrr@10 : 0.0713    ndcg@10 : 0.0673    hit@10 : 0.1994    precision@10 : 0.0218
Fri 05 Apr 2024 19:52:10 INFO  Saving current: saved/LFM-1b_artist_20U50I_50strat/LightGCN/LightGCN-Apr-05-2024_19-28-26.pth
Fri 05 Apr 2024 19:52:16 INFO  epoch 52 training [time: 5.76s, train loss: 11.3480]
Fri 05 Apr 2024 19:52:36 INFO  epoch 52 evaluating [time: 20.09s, valid_score: 0.071300]
Fri 05 Apr 2024 19:52:36 INFO  valid result: 
recall@10 : 0.1159    mrr@10 : 0.0713    ndcg@10 : 0.0671    hit@10 : 0.1977    precision@10 : 0.0216
Fri 05 Apr 2024 19:52:37 INFO  Saving current: saved/LFM-1b_artist_20U50I_50strat/LightGCN/LightGCN-Apr-05-2024_19-28-26.pth
Fri 05 Apr 2024 19:52:43 INFO  epoch 53 training [time: 5.79s, train loss: 10.8429]
Fri 05 Apr 2024 19:53:03 INFO  epoch 53 evaluating [time: 20.10s, valid_score: 0.071500]
Fri 05 Apr 2024 19:53:03 INFO  valid result: 
recall@10 : 0.1171    mrr@10 : 0.0715    ndcg@10 : 0.0674    hit@10 : 0.1987    precision@10 : 0.0217
Fri 05 Apr 2024 19:53:03 INFO  Saving current: saved/LFM-1b_artist_20U50I_50strat/LightGCN/LightGCN-Apr-05-2024_19-28-26.pth
Fri 05 Apr 2024 19:53:09 INFO  epoch 54 training [time: 5.76s, train loss: 10.7628]
Fri 05 Apr 2024 19:53:29 INFO  epoch 54 evaluating [time: 20.13s, valid_score: 0.071900]
Fri 05 Apr 2024 19:53:29 INFO  valid result: 
recall@10 : 0.1179    mrr@10 : 0.0719    ndcg@10 : 0.0678    hit@10 : 0.2004    precision@10 : 0.0219
Fri 05 Apr 2024 19:53:30 INFO  Saving current: saved/LFM-1b_artist_20U50I_50strat/LightGCN/LightGCN-Apr-05-2024_19-28-26.pth
Fri 05 Apr 2024 19:53:36 INFO  epoch 55 training [time: 5.77s, train loss: 10.5059]
Fri 05 Apr 2024 19:53:56 INFO  epoch 55 evaluating [time: 20.12s, valid_score: 0.072600]
Fri 05 Apr 2024 19:53:56 INFO  valid result: 
recall@10 : 0.1181    mrr@10 : 0.0726    ndcg@10 : 0.0683    hit@10 : 0.2012    precision@10 : 0.022
Fri 05 Apr 2024 19:53:56 INFO  Saving current: saved/LFM-1b_artist_20U50I_50strat/LightGCN/LightGCN-Apr-05-2024_19-28-26.pth
Fri 05 Apr 2024 19:54:02 INFO  epoch 56 training [time: 5.77s, train loss: 9.9725]
Fri 05 Apr 2024 19:54:22 INFO  epoch 56 evaluating [time: 20.06s, valid_score: 0.072600]
Fri 05 Apr 2024 19:54:22 INFO  valid result: 
recall@10 : 0.1173    mrr@10 : 0.0726    ndcg@10 : 0.0681    hit@10 : 0.2002    precision@10 : 0.0219
Fri 05 Apr 2024 19:54:23 INFO  Saving current: saved/LFM-1b_artist_20U50I_50strat/LightGCN/LightGCN-Apr-05-2024_19-28-26.pth
Fri 05 Apr 2024 19:54:29 INFO  epoch 57 training [time: 5.78s, train loss: 9.8735]
Fri 05 Apr 2024 19:54:49 INFO  epoch 57 evaluating [time: 20.04s, valid_score: 0.073700]
Fri 05 Apr 2024 19:54:49 INFO  valid result: 
recall@10 : 0.1183    mrr@10 : 0.0737    ndcg@10 : 0.069    hit@10 : 0.2016    precision@10 : 0.0221
Fri 05 Apr 2024 19:54:50 INFO  Saving current: saved/LFM-1b_artist_20U50I_50strat/LightGCN/LightGCN-Apr-05-2024_19-28-26.pth
Fri 05 Apr 2024 19:54:55 INFO  epoch 58 training [time: 5.75s, train loss: 9.5822]
Fri 05 Apr 2024 19:55:16 INFO  epoch 58 evaluating [time: 20.16s, valid_score: 0.073900]
Fri 05 Apr 2024 19:55:16 INFO  valid result: 
recall@10 : 0.1195    mrr@10 : 0.0739    ndcg@10 : 0.0696    hit@10 : 0.2037    precision@10 : 0.0222
Fri 05 Apr 2024 19:55:16 INFO  Saving current: saved/LFM-1b_artist_20U50I_50strat/LightGCN/LightGCN-Apr-05-2024_19-28-26.pth
Fri 05 Apr 2024 19:55:22 INFO  epoch 59 training [time: 5.76s, train loss: 9.5708]
Fri 05 Apr 2024 19:55:42 INFO  epoch 59 evaluating [time: 20.08s, valid_score: 0.074400]
Fri 05 Apr 2024 19:55:42 INFO  valid result: 
recall@10 : 0.1201    mrr@10 : 0.0744    ndcg@10 : 0.0701    hit@10 : 0.2038    precision@10 : 0.0223
Fri 05 Apr 2024 19:55:43 INFO  Saving current: saved/LFM-1b_artist_20U50I_50strat/LightGCN/LightGCN-Apr-05-2024_19-28-26.pth
Fri 05 Apr 2024 19:55:49 INFO  epoch 60 training [time: 5.76s, train loss: 9.2342]
Fri 05 Apr 2024 19:56:09 INFO  epoch 60 evaluating [time: 20.06s, valid_score: 0.074600]
Fri 05 Apr 2024 19:56:09 INFO  valid result: 
recall@10 : 0.1209    mrr@10 : 0.0746    ndcg@10 : 0.0704    hit@10 : 0.2042    precision@10 : 0.0223
Fri 05 Apr 2024 19:56:09 INFO  Saving current: saved/LFM-1b_artist_20U50I_50strat/LightGCN/LightGCN-Apr-05-2024_19-28-26.pth
Fri 05 Apr 2024 19:56:15 INFO  epoch 61 training [time: 5.77s, train loss: 9.1126]
Fri 05 Apr 2024 19:56:35 INFO  epoch 61 evaluating [time: 20.13s, valid_score: 0.075100]
Fri 05 Apr 2024 19:56:35 INFO  valid result: 
recall@10 : 0.1214    mrr@10 : 0.0751    ndcg@10 : 0.0708    hit@10 : 0.2045    precision@10 : 0.0224
Fri 05 Apr 2024 19:56:36 INFO  Saving current: saved/LFM-1b_artist_20U50I_50strat/LightGCN/LightGCN-Apr-05-2024_19-28-26.pth
Fri 05 Apr 2024 19:56:41 INFO  epoch 62 training [time: 5.79s, train loss: 8.7432]
Fri 05 Apr 2024 19:57:02 INFO  epoch 62 evaluating [time: 20.10s, valid_score: 0.075800]
Fri 05 Apr 2024 19:57:02 INFO  valid result: 
recall@10 : 0.1215    mrr@10 : 0.0758    ndcg@10 : 0.0712    hit@10 : 0.2052    precision@10 : 0.0224
Fri 05 Apr 2024 19:57:02 INFO  Saving current: saved/LFM-1b_artist_20U50I_50strat/LightGCN/LightGCN-Apr-05-2024_19-28-26.pth
Fri 05 Apr 2024 19:57:08 INFO  epoch 63 training [time: 5.78s, train loss: 8.4822]
Fri 05 Apr 2024 19:57:28 INFO  epoch 63 evaluating [time: 20.03s, valid_score: 0.076100]
Fri 05 Apr 2024 19:57:28 INFO  valid result: 
recall@10 : 0.1217    mrr@10 : 0.0761    ndcg@10 : 0.0715    hit@10 : 0.2054    precision@10 : 0.0225
Fri 05 Apr 2024 19:57:29 INFO  Saving current: saved/LFM-1b_artist_20U50I_50strat/LightGCN/LightGCN-Apr-05-2024_19-28-26.pth
Fri 05 Apr 2024 19:57:35 INFO  epoch 64 training [time: 5.74s, train loss: 8.3396]
Fri 05 Apr 2024 19:57:55 INFO  epoch 64 evaluating [time: 19.95s, valid_score: 0.076300]
Fri 05 Apr 2024 19:57:55 INFO  valid result: 
recall@10 : 0.1217    mrr@10 : 0.0763    ndcg@10 : 0.0716    hit@10 : 0.2054    precision@10 : 0.0225
Fri 05 Apr 2024 19:57:55 INFO  Saving current: saved/LFM-1b_artist_20U50I_50strat/LightGCN/LightGCN-Apr-05-2024_19-28-26.pth
Fri 05 Apr 2024 19:58:01 INFO  epoch 65 training [time: 5.77s, train loss: 8.2109]
Fri 05 Apr 2024 19:58:21 INFO  epoch 65 evaluating [time: 19.90s, valid_score: 0.076400]
Fri 05 Apr 2024 19:58:21 INFO  valid result: 
recall@10 : 0.1216    mrr@10 : 0.0764    ndcg@10 : 0.0716    hit@10 : 0.2053    precision@10 : 0.0224
Fri 05 Apr 2024 19:58:22 INFO  Saving current: saved/LFM-1b_artist_20U50I_50strat/LightGCN/LightGCN-Apr-05-2024_19-28-26.pth
Fri 05 Apr 2024 19:58:27 INFO  epoch 66 training [time: 5.74s, train loss: 8.0669]
Fri 05 Apr 2024 19:58:47 INFO  epoch 66 evaluating [time: 19.85s, valid_score: 0.077000]
Fri 05 Apr 2024 19:58:47 INFO  valid result: 
recall@10 : 0.1227    mrr@10 : 0.077    ndcg@10 : 0.0722    hit@10 : 0.2069    precision@10 : 0.0226
Fri 05 Apr 2024 19:58:48 INFO  Saving current: saved/LFM-1b_artist_20U50I_50strat/LightGCN/LightGCN-Apr-05-2024_19-28-26.pth
Fri 05 Apr 2024 19:58:54 INFO  epoch 67 training [time: 5.76s, train loss: 8.0035]
Fri 05 Apr 2024 19:59:15 INFO  epoch 67 evaluating [time: 21.53s, valid_score: 0.077300]
Fri 05 Apr 2024 19:59:15 INFO  valid result: 
recall@10 : 0.1223    mrr@10 : 0.0773    ndcg@10 : 0.0723    hit@10 : 0.2067    precision@10 : 0.0226
Fri 05 Apr 2024 19:59:16 INFO  Saving current: saved/LFM-1b_artist_20U50I_50strat/LightGCN/LightGCN-Apr-05-2024_19-28-26.pth
Fri 05 Apr 2024 19:59:22 INFO  epoch 68 training [time: 5.76s, train loss: 7.6274]
Fri 05 Apr 2024 19:59:42 INFO  epoch 68 evaluating [time: 19.87s, valid_score: 0.077300]
Fri 05 Apr 2024 19:59:42 INFO  valid result: 
recall@10 : 0.1227    mrr@10 : 0.0773    ndcg@10 : 0.0725    hit@10 : 0.2073    precision@10 : 0.0227
Fri 05 Apr 2024 19:59:42 INFO  Saving current: saved/LFM-1b_artist_20U50I_50strat/LightGCN/LightGCN-Apr-05-2024_19-28-26.pth
Fri 05 Apr 2024 19:59:48 INFO  epoch 69 training [time: 5.77s, train loss: 7.4466]
Fri 05 Apr 2024 20:00:08 INFO  epoch 69 evaluating [time: 20.00s, valid_score: 0.077500]
Fri 05 Apr 2024 20:00:08 INFO  valid result: 
recall@10 : 0.1234    mrr@10 : 0.0775    ndcg@10 : 0.0727    hit@10 : 0.208    precision@10 : 0.0227
Fri 05 Apr 2024 20:00:09 INFO  Saving current: saved/LFM-1b_artist_20U50I_50strat/LightGCN/LightGCN-Apr-05-2024_19-28-26.pth
Fri 05 Apr 2024 20:00:15 INFO  epoch 70 training [time: 5.77s, train loss: 7.4259]
Fri 05 Apr 2024 20:00:35 INFO  epoch 70 evaluating [time: 19.92s, valid_score: 0.077500]
Fri 05 Apr 2024 20:00:35 INFO  valid result: 
recall@10 : 0.1236    mrr@10 : 0.0775    ndcg@10 : 0.0728    hit@10 : 0.2087    precision@10 : 0.0228
Fri 05 Apr 2024 20:00:35 INFO  Saving current: saved/LFM-1b_artist_20U50I_50strat/LightGCN/LightGCN-Apr-05-2024_19-28-26.pth
Fri 05 Apr 2024 20:00:41 INFO  epoch 71 training [time: 5.78s, train loss: 7.2679]
Fri 05 Apr 2024 20:01:01 INFO  epoch 71 evaluating [time: 19.85s, valid_score: 0.077700]
Fri 05 Apr 2024 20:01:01 INFO  valid result: 
recall@10 : 0.1236    mrr@10 : 0.0777    ndcg@10 : 0.0728    hit@10 : 0.2086    precision@10 : 0.0228
Fri 05 Apr 2024 20:01:02 INFO  Saving current: saved/LFM-1b_artist_20U50I_50strat/LightGCN/LightGCN-Apr-05-2024_19-28-26.pth
Fri 05 Apr 2024 20:01:07 INFO  epoch 72 training [time: 5.76s, train loss: 7.0664]
Fri 05 Apr 2024 20:01:27 INFO  epoch 72 evaluating [time: 19.83s, valid_score: 0.078100]
Fri 05 Apr 2024 20:01:27 INFO  valid result: 
recall@10 : 0.1239    mrr@10 : 0.0781    ndcg@10 : 0.0731    hit@10 : 0.2094    precision@10 : 0.0228
Fri 05 Apr 2024 20:01:28 INFO  Saving current: saved/LFM-1b_artist_20U50I_50strat/LightGCN/LightGCN-Apr-05-2024_19-28-26.pth
Fri 05 Apr 2024 20:01:34 INFO  epoch 73 training [time: 5.79s, train loss: 6.8458]
Fri 05 Apr 2024 20:01:54 INFO  epoch 73 evaluating [time: 19.82s, valid_score: 0.078100]
Fri 05 Apr 2024 20:01:54 INFO  valid result: 
recall@10 : 0.1245    mrr@10 : 0.0781    ndcg@10 : 0.0734    hit@10 : 0.2105    precision@10 : 0.023
Fri 05 Apr 2024 20:01:55 INFO  Saving current: saved/LFM-1b_artist_20U50I_50strat/LightGCN/LightGCN-Apr-05-2024_19-28-26.pth
Fri 05 Apr 2024 20:02:01 INFO  epoch 74 training [time: 5.78s, train loss: 6.8399]
Fri 05 Apr 2024 20:02:21 INFO  epoch 74 evaluating [time: 19.81s, valid_score: 0.078700]
Fri 05 Apr 2024 20:02:21 INFO  valid result: 
recall@10 : 0.1254    mrr@10 : 0.0787    ndcg@10 : 0.0738    hit@10 : 0.2115    precision@10 : 0.023
Fri 05 Apr 2024 20:02:22 INFO  Saving current: saved/LFM-1b_artist_20U50I_50strat/LightGCN/LightGCN-Apr-05-2024_19-28-26.pth
Fri 05 Apr 2024 20:02:27 INFO  epoch 75 training [time: 5.75s, train loss: 6.5989]
Fri 05 Apr 2024 20:02:47 INFO  epoch 75 evaluating [time: 19.77s, valid_score: 0.078900]
Fri 05 Apr 2024 20:02:47 INFO  valid result: 
recall@10 : 0.1253    mrr@10 : 0.0789    ndcg@10 : 0.074    hit@10 : 0.2117    precision@10 : 0.0231
Fri 05 Apr 2024 20:02:48 INFO  Saving current: saved/LFM-1b_artist_20U50I_50strat/LightGCN/LightGCN-Apr-05-2024_19-28-26.pth
Fri 05 Apr 2024 20:02:54 INFO  epoch 76 training [time: 5.76s, train loss: 6.6236]
Fri 05 Apr 2024 20:03:13 INFO  epoch 76 evaluating [time: 19.75s, valid_score: 0.079100]
Fri 05 Apr 2024 20:03:13 INFO  valid result: 
recall@10 : 0.1256    mrr@10 : 0.0791    ndcg@10 : 0.0741    hit@10 : 0.2117    precision@10 : 0.023
Fri 05 Apr 2024 20:03:14 INFO  Saving current: saved/LFM-1b_artist_20U50I_50strat/LightGCN/LightGCN-Apr-05-2024_19-28-26.pth
Fri 05 Apr 2024 20:03:20 INFO  epoch 77 training [time: 5.76s, train loss: 6.4496]
Fri 05 Apr 2024 20:03:40 INFO  epoch 77 evaluating [time: 19.82s, valid_score: 0.079300]
Fri 05 Apr 2024 20:03:40 INFO  valid result: 
recall@10 : 0.1258    mrr@10 : 0.0793    ndcg@10 : 0.0743    hit@10 : 0.2123    precision@10 : 0.0231
Fri 05 Apr 2024 20:03:41 INFO  Saving current: saved/LFM-1b_artist_20U50I_50strat/LightGCN/LightGCN-Apr-05-2024_19-28-26.pth
Fri 05 Apr 2024 20:03:47 INFO  epoch 78 training [time: 5.77s, train loss: 6.2060]
Fri 05 Apr 2024 20:04:06 INFO  epoch 78 evaluating [time: 19.79s, valid_score: 0.079500]
Fri 05 Apr 2024 20:04:06 INFO  valid result: 
recall@10 : 0.1261    mrr@10 : 0.0795    ndcg@10 : 0.0745    hit@10 : 0.2123    precision@10 : 0.0231
Fri 05 Apr 2024 20:04:07 INFO  Saving current: saved/LFM-1b_artist_20U50I_50strat/LightGCN/LightGCN-Apr-05-2024_19-28-26.pth
Fri 05 Apr 2024 20:04:13 INFO  epoch 79 training [time: 5.78s, train loss: 6.0774]
Fri 05 Apr 2024 20:04:33 INFO  epoch 79 evaluating [time: 19.78s, valid_score: 0.080200]
Fri 05 Apr 2024 20:04:33 INFO  valid result: 
recall@10 : 0.1264    mrr@10 : 0.0802    ndcg@10 : 0.0749    hit@10 : 0.2129    precision@10 : 0.0232
Fri 05 Apr 2024 20:04:33 INFO  Saving current: saved/LFM-1b_artist_20U50I_50strat/LightGCN/LightGCN-Apr-05-2024_19-28-26.pth
Fri 05 Apr 2024 20:04:39 INFO  epoch 80 training [time: 5.82s, train loss: 6.1354]
Fri 05 Apr 2024 20:04:59 INFO  epoch 80 evaluating [time: 19.77s, valid_score: 0.079800]
Fri 05 Apr 2024 20:04:59 INFO  valid result: 
recall@10 : 0.1268    mrr@10 : 0.0798    ndcg@10 : 0.0749    hit@10 : 0.2135    precision@10 : 0.0233
Fri 05 Apr 2024 20:05:05 INFO  epoch 81 training [time: 5.93s, train loss: 5.9061]
Fri 05 Apr 2024 20:05:25 INFO  epoch 81 evaluating [time: 19.71s, valid_score: 0.079900]
Fri 05 Apr 2024 20:05:25 INFO  valid result: 
recall@10 : 0.1271    mrr@10 : 0.0799    ndcg@10 : 0.075    hit@10 : 0.2131    precision@10 : 0.0232
Fri 05 Apr 2024 20:05:31 INFO  epoch 82 training [time: 5.93s, train loss: 5.7302]
Fri 05 Apr 2024 20:05:50 INFO  epoch 82 evaluating [time: 19.69s, valid_score: 0.080100]
Fri 05 Apr 2024 20:05:50 INFO  valid result: 
recall@10 : 0.128    mrr@10 : 0.0801    ndcg@10 : 0.0755    hit@10 : 0.215    precision@10 : 0.0234
Fri 05 Apr 2024 20:05:56 INFO  epoch 83 training [time: 5.91s, train loss: 5.6759]
Fri 05 Apr 2024 20:06:16 INFO  epoch 83 evaluating [time: 19.58s, valid_score: 0.080500]
Fri 05 Apr 2024 20:06:16 INFO  valid result: 
recall@10 : 0.1285    mrr@10 : 0.0805    ndcg@10 : 0.0758    hit@10 : 0.2154    precision@10 : 0.0235
Fri 05 Apr 2024 20:06:16 INFO  Saving current: saved/LFM-1b_artist_20U50I_50strat/LightGCN/LightGCN-Apr-05-2024_19-28-26.pth
Fri 05 Apr 2024 20:06:22 INFO  epoch 84 training [time: 5.78s, train loss: 5.5675]
Fri 05 Apr 2024 20:06:42 INFO  epoch 84 evaluating [time: 19.54s, valid_score: 0.081100]
Fri 05 Apr 2024 20:06:42 INFO  valid result: 
recall@10 : 0.1278    mrr@10 : 0.0811    ndcg@10 : 0.076    hit@10 : 0.2152    precision@10 : 0.0235
Fri 05 Apr 2024 20:06:43 INFO  Saving current: saved/LFM-1b_artist_20U50I_50strat/LightGCN/LightGCN-Apr-05-2024_19-28-26.pth
Fri 05 Apr 2024 20:06:48 INFO  epoch 85 training [time: 5.78s, train loss: 5.4793]
Fri 05 Apr 2024 20:07:08 INFO  epoch 85 evaluating [time: 19.55s, valid_score: 0.080600]
Fri 05 Apr 2024 20:07:08 INFO  valid result: 
recall@10 : 0.1279    mrr@10 : 0.0806    ndcg@10 : 0.0758    hit@10 : 0.2156    precision@10 : 0.0235
Fri 05 Apr 2024 20:07:14 INFO  epoch 86 training [time: 5.97s, train loss: 5.5060]
Fri 05 Apr 2024 20:07:33 INFO  epoch 86 evaluating [time: 19.57s, valid_score: 0.081100]
Fri 05 Apr 2024 20:07:33 INFO  valid result: 
recall@10 : 0.1279    mrr@10 : 0.0811    ndcg@10 : 0.0761    hit@10 : 0.2155    precision@10 : 0.0235
Fri 05 Apr 2024 20:07:34 INFO  Saving current: saved/LFM-1b_artist_20U50I_50strat/LightGCN/LightGCN-Apr-05-2024_19-28-26.pth
Fri 05 Apr 2024 20:07:40 INFO  epoch 87 training [time: 5.78s, train loss: 5.3111]
Fri 05 Apr 2024 20:07:59 INFO  epoch 87 evaluating [time: 19.49s, valid_score: 0.081400]
Fri 05 Apr 2024 20:07:59 INFO  valid result: 
recall@10 : 0.1285    mrr@10 : 0.0814    ndcg@10 : 0.0762    hit@10 : 0.2168    precision@10 : 0.0236
Fri 05 Apr 2024 20:08:00 INFO  Saving current: saved/LFM-1b_artist_20U50I_50strat/LightGCN/LightGCN-Apr-05-2024_19-28-26.pth
Fri 05 Apr 2024 20:08:06 INFO  epoch 88 training [time: 5.80s, train loss: 5.2355]
Fri 05 Apr 2024 20:08:26 INFO  epoch 88 evaluating [time: 19.50s, valid_score: 0.081800]
Fri 05 Apr 2024 20:08:26 INFO  valid result: 
recall@10 : 0.1284    mrr@10 : 0.0818    ndcg@10 : 0.0765    hit@10 : 0.2164    precision@10 : 0.0236
Fri 05 Apr 2024 20:08:27 INFO  Saving current: saved/LFM-1b_artist_20U50I_50strat/LightGCN/LightGCN-Apr-05-2024_19-28-26.pth
Fri 05 Apr 2024 20:08:32 INFO  epoch 89 training [time: 5.79s, train loss: 5.0901]
Fri 05 Apr 2024 20:08:52 INFO  epoch 89 evaluating [time: 19.41s, valid_score: 0.081700]
Fri 05 Apr 2024 20:08:52 INFO  valid result: 
recall@10 : 0.1284    mrr@10 : 0.0817    ndcg@10 : 0.0764    hit@10 : 0.2166    precision@10 : 0.0236
Fri 05 Apr 2024 20:08:58 INFO  epoch 90 training [time: 5.89s, train loss: 4.9967]
Fri 05 Apr 2024 20:09:17 INFO  epoch 90 evaluating [time: 19.43s, valid_score: 0.081900]
Fri 05 Apr 2024 20:09:17 INFO  valid result: 
recall@10 : 0.1286    mrr@10 : 0.0819    ndcg@10 : 0.0766    hit@10 : 0.2167    precision@10 : 0.0236
Fri 05 Apr 2024 20:09:18 INFO  Saving current: saved/LFM-1b_artist_20U50I_50strat/LightGCN/LightGCN-Apr-05-2024_19-28-26.pth
Fri 05 Apr 2024 20:09:24 INFO  epoch 91 training [time: 5.78s, train loss: 5.0717]
Fri 05 Apr 2024 20:09:43 INFO  epoch 91 evaluating [time: 19.49s, valid_score: 0.082200]
Fri 05 Apr 2024 20:09:43 INFO  valid result: 
recall@10 : 0.1289    mrr@10 : 0.0822    ndcg@10 : 0.0767    hit@10 : 0.2175    precision@10 : 0.0237
Fri 05 Apr 2024 20:09:44 INFO  Saving current: saved/LFM-1b_artist_20U50I_50strat/LightGCN/LightGCN-Apr-05-2024_19-28-26.pth
Fri 05 Apr 2024 20:09:50 INFO  epoch 92 training [time: 5.77s, train loss: 4.9123]
Fri 05 Apr 2024 20:10:09 INFO  epoch 92 evaluating [time: 19.52s, valid_score: 0.081900]
Fri 05 Apr 2024 20:10:09 INFO  valid result: 
recall@10 : 0.1293    mrr@10 : 0.0819    ndcg@10 : 0.0768    hit@10 : 0.218    precision@10 : 0.0237
Fri 05 Apr 2024 20:10:15 INFO  epoch 93 training [time: 5.90s, train loss: 4.8155]
Fri 05 Apr 2024 20:10:34 INFO  epoch 93 evaluating [time: 19.44s, valid_score: 0.081800]
Fri 05 Apr 2024 20:10:34 INFO  valid result: 
recall@10 : 0.1287    mrr@10 : 0.0818    ndcg@10 : 0.0766    hit@10 : 0.2175    precision@10 : 0.0236
Fri 05 Apr 2024 20:10:40 INFO  epoch 94 training [time: 5.96s, train loss: 4.6646]
Fri 05 Apr 2024 20:11:00 INFO  epoch 94 evaluating [time: 19.49s, valid_score: 0.081700]
Fri 05 Apr 2024 20:11:00 INFO  valid result: 
recall@10 : 0.1283    mrr@10 : 0.0817    ndcg@10 : 0.0765    hit@10 : 0.2167    precision@10 : 0.0236
Fri 05 Apr 2024 20:11:06 INFO  epoch 95 training [time: 5.96s, train loss: 4.7195]
Fri 05 Apr 2024 20:11:25 INFO  epoch 95 evaluating [time: 19.27s, valid_score: 0.082200]
Fri 05 Apr 2024 20:11:25 INFO  valid result: 
recall@10 : 0.1293    mrr@10 : 0.0822    ndcg@10 : 0.077    hit@10 : 0.2186    precision@10 : 0.0238
Fri 05 Apr 2024 20:11:26 INFO  Saving current: saved/LFM-1b_artist_20U50I_50strat/LightGCN/LightGCN-Apr-05-2024_19-28-26.pth
Fri 05 Apr 2024 20:11:32 INFO  epoch 96 training [time: 5.77s, train loss: 4.5741]
Fri 05 Apr 2024 20:11:51 INFO  epoch 96 evaluating [time: 19.27s, valid_score: 0.082200]
Fri 05 Apr 2024 20:11:51 INFO  valid result: 
recall@10 : 0.1293    mrr@10 : 0.0822    ndcg@10 : 0.0769    hit@10 : 0.2183    precision@10 : 0.0238
Fri 05 Apr 2024 20:11:52 INFO  Saving current: saved/LFM-1b_artist_20U50I_50strat/LightGCN/LightGCN-Apr-05-2024_19-28-26.pth
Fri 05 Apr 2024 20:11:58 INFO  epoch 97 training [time: 5.75s, train loss: 4.4417]
Fri 05 Apr 2024 20:12:17 INFO  epoch 97 evaluating [time: 19.35s, valid_score: 0.082400]
Fri 05 Apr 2024 20:12:17 INFO  valid result: 
recall@10 : 0.1299    mrr@10 : 0.0824    ndcg@10 : 0.0771    hit@10 : 0.2191    precision@10 : 0.0239
Fri 05 Apr 2024 20:12:18 INFO  Saving current: saved/LFM-1b_artist_20U50I_50strat/LightGCN/LightGCN-Apr-05-2024_19-28-26.pth
Fri 05 Apr 2024 20:12:24 INFO  epoch 98 training [time: 5.73s, train loss: 4.3926]
Fri 05 Apr 2024 20:12:43 INFO  epoch 98 evaluating [time: 19.39s, valid_score: 0.082300]
Fri 05 Apr 2024 20:12:43 INFO  valid result: 
recall@10 : 0.1299    mrr@10 : 0.0823    ndcg@10 : 0.0772    hit@10 : 0.2197    precision@10 : 0.024
Fri 05 Apr 2024 20:12:49 INFO  epoch 99 training [time: 5.88s, train loss: 4.3619]
Fri 05 Apr 2024 20:13:08 INFO  epoch 99 evaluating [time: 19.37s, valid_score: 0.082200]
Fri 05 Apr 2024 20:13:08 INFO  valid result: 
recall@10 : 0.1301    mrr@10 : 0.0822    ndcg@10 : 0.0773    hit@10 : 0.2198    precision@10 : 0.024
Fri 05 Apr 2024 20:13:14 INFO  epoch 100 training [time: 5.84s, train loss: 4.3308]
Fri 05 Apr 2024 20:13:34 INFO  epoch 100 evaluating [time: 19.36s, valid_score: 0.082600]
Fri 05 Apr 2024 20:13:34 INFO  valid result: 
recall@10 : 0.1309    mrr@10 : 0.0826    ndcg@10 : 0.0775    hit@10 : 0.2209    precision@10 : 0.0241
Fri 05 Apr 2024 20:13:34 INFO  Saving current: saved/LFM-1b_artist_20U50I_50strat/LightGCN/LightGCN-Apr-05-2024_19-28-26.pth
Fri 05 Apr 2024 20:13:40 INFO  epoch 101 training [time: 5.75s, train loss: 4.2225]
Fri 05 Apr 2024 20:14:00 INFO  epoch 101 evaluating [time: 19.36s, valid_score: 0.082300]
Fri 05 Apr 2024 20:14:00 INFO  valid result: 
recall@10 : 0.1316    mrr@10 : 0.0823    ndcg@10 : 0.0776    hit@10 : 0.2219    precision@10 : 0.0242
Fri 05 Apr 2024 20:14:05 INFO  epoch 102 training [time: 5.86s, train loss: 4.2609]
Fri 05 Apr 2024 20:14:25 INFO  epoch 102 evaluating [time: 19.42s, valid_score: 0.082500]
Fri 05 Apr 2024 20:14:25 INFO  valid result: 
recall@10 : 0.1321    mrr@10 : 0.0825    ndcg@10 : 0.0779    hit@10 : 0.2221    precision@10 : 0.0243
Fri 05 Apr 2024 20:14:31 INFO  epoch 103 training [time: 5.88s, train loss: 4.1249]
Fri 05 Apr 2024 20:14:50 INFO  epoch 103 evaluating [time: 19.42s, valid_score: 0.082600]
Fri 05 Apr 2024 20:14:50 INFO  valid result: 
recall@10 : 0.1317    mrr@10 : 0.0826    ndcg@10 : 0.0778    hit@10 : 0.2218    precision@10 : 0.0243
Fri 05 Apr 2024 20:14:51 INFO  Saving current: saved/LFM-1b_artist_20U50I_50strat/LightGCN/LightGCN-Apr-05-2024_19-28-26.pth
Fri 05 Apr 2024 20:14:57 INFO  epoch 104 training [time: 5.74s, train loss: 4.0767]
Fri 05 Apr 2024 20:15:16 INFO  epoch 104 evaluating [time: 19.49s, valid_score: 0.082400]
Fri 05 Apr 2024 20:15:16 INFO  valid result: 
recall@10 : 0.1326    mrr@10 : 0.0824    ndcg@10 : 0.078    hit@10 : 0.2226    precision@10 : 0.0244
Fri 05 Apr 2024 20:15:22 INFO  epoch 105 training [time: 5.86s, train loss: 4.0608]
Fri 05 Apr 2024 20:15:41 INFO  epoch 105 evaluating [time: 19.37s, valid_score: 0.082600]
Fri 05 Apr 2024 20:15:41 INFO  valid result: 
recall@10 : 0.1335    mrr@10 : 0.0826    ndcg@10 : 0.0783    hit@10 : 0.223    precision@10 : 0.0244
Fri 05 Apr 2024 20:15:42 INFO  Saving current: saved/LFM-1b_artist_20U50I_50strat/LightGCN/LightGCN-Apr-05-2024_19-28-26.pth
Fri 05 Apr 2024 20:15:48 INFO  epoch 106 training [time: 5.75s, train loss: 4.0023]
Fri 05 Apr 2024 20:16:08 INFO  epoch 106 evaluating [time: 19.48s, valid_score: 0.082900]
Fri 05 Apr 2024 20:16:08 INFO  valid result: 
recall@10 : 0.1339    mrr@10 : 0.0829    ndcg@10 : 0.0786    hit@10 : 0.2231    precision@10 : 0.0244
Fri 05 Apr 2024 20:16:09 INFO  Saving current: saved/LFM-1b_artist_20U50I_50strat/LightGCN/LightGCN-Apr-05-2024_19-28-26.pth
Fri 05 Apr 2024 20:16:14 INFO  epoch 107 training [time: 5.74s, train loss: 3.9829]
Fri 05 Apr 2024 20:16:34 INFO  epoch 107 evaluating [time: 19.33s, valid_score: 0.083500]
Fri 05 Apr 2024 20:16:34 INFO  valid result: 
recall@10 : 0.1336    mrr@10 : 0.0835    ndcg@10 : 0.0788    hit@10 : 0.2231    precision@10 : 0.0244
Fri 05 Apr 2024 20:16:35 INFO  Saving current: saved/LFM-1b_artist_20U50I_50strat/LightGCN/LightGCN-Apr-05-2024_19-28-26.pth
Fri 05 Apr 2024 20:16:40 INFO  epoch 108 training [time: 5.74s, train loss: 3.7802]
Fri 05 Apr 2024 20:17:00 INFO  epoch 108 evaluating [time: 19.32s, valid_score: 0.083400]
Fri 05 Apr 2024 20:17:00 INFO  valid result: 
recall@10 : 0.133    mrr@10 : 0.0834    ndcg@10 : 0.0787    hit@10 : 0.2226    precision@10 : 0.0244
Fri 05 Apr 2024 20:17:05 INFO  epoch 109 training [time: 5.87s, train loss: 3.8825]
Fri 05 Apr 2024 20:17:25 INFO  epoch 109 evaluating [time: 19.40s, valid_score: 0.083400]
Fri 05 Apr 2024 20:17:25 INFO  valid result: 
recall@10 : 0.1334    mrr@10 : 0.0834    ndcg@10 : 0.0789    hit@10 : 0.2223    precision@10 : 0.0244
Fri 05 Apr 2024 20:17:31 INFO  epoch 110 training [time: 5.87s, train loss: 3.7173]
Fri 05 Apr 2024 20:17:50 INFO  epoch 110 evaluating [time: 19.37s, valid_score: 0.083100]
Fri 05 Apr 2024 20:17:50 INFO  valid result: 
recall@10 : 0.1333    mrr@10 : 0.0831    ndcg@10 : 0.0786    hit@10 : 0.2224    precision@10 : 0.0244
Fri 05 Apr 2024 20:17:56 INFO  epoch 111 training [time: 5.84s, train loss: 3.7909]
Fri 05 Apr 2024 20:18:15 INFO  epoch 111 evaluating [time: 19.35s, valid_score: 0.083300]
Fri 05 Apr 2024 20:18:15 INFO  valid result: 
recall@10 : 0.1326    mrr@10 : 0.0833    ndcg@10 : 0.0784    hit@10 : 0.2217    precision@10 : 0.0242
Fri 05 Apr 2024 20:18:21 INFO  epoch 112 training [time: 5.85s, train loss: 3.6825]
Fri 05 Apr 2024 20:18:41 INFO  epoch 112 evaluating [time: 19.37s, valid_score: 0.082900]
Fri 05 Apr 2024 20:18:41 INFO  valid result: 
recall@10 : 0.1325    mrr@10 : 0.0829    ndcg@10 : 0.0782    hit@10 : 0.2214    precision@10 : 0.0242
Fri 05 Apr 2024 20:18:46 INFO  epoch 113 training [time: 5.86s, train loss: 3.6253]
Fri 05 Apr 2024 20:19:06 INFO  epoch 113 evaluating [time: 19.34s, valid_score: 0.082900]
Fri 05 Apr 2024 20:19:06 INFO  valid result: 
recall@10 : 0.1331    mrr@10 : 0.0829    ndcg@10 : 0.0784    hit@10 : 0.2227    precision@10 : 0.0243
Fri 05 Apr 2024 20:19:12 INFO  epoch 114 training [time: 5.85s, train loss: 3.6064]
Fri 05 Apr 2024 20:19:31 INFO  epoch 114 evaluating [time: 19.37s, valid_score: 0.083100]
Fri 05 Apr 2024 20:19:31 INFO  valid result: 
recall@10 : 0.1331    mrr@10 : 0.0831    ndcg@10 : 0.0786    hit@10 : 0.2222    precision@10 : 0.0243
Fri 05 Apr 2024 20:19:37 INFO  epoch 115 training [time: 5.88s, train loss: 3.6617]
Fri 05 Apr 2024 20:19:56 INFO  epoch 115 evaluating [time: 19.39s, valid_score: 0.083200]
Fri 05 Apr 2024 20:19:56 INFO  valid result: 
recall@10 : 0.1326    mrr@10 : 0.0832    ndcg@10 : 0.0784    hit@10 : 0.222    precision@10 : 0.0242
Fri 05 Apr 2024 20:20:02 INFO  epoch 116 training [time: 5.84s, train loss: 3.4654]
Fri 05 Apr 2024 20:20:21 INFO  epoch 116 evaluating [time: 19.42s, valid_score: 0.083100]
Fri 05 Apr 2024 20:20:21 INFO  valid result: 
recall@10 : 0.1339    mrr@10 : 0.0831    ndcg@10 : 0.0786    hit@10 : 0.223    precision@10 : 0.0243
Fri 05 Apr 2024 20:20:27 INFO  epoch 117 training [time: 5.89s, train loss: 3.4759]
Fri 05 Apr 2024 20:20:47 INFO  epoch 117 evaluating [time: 19.46s, valid_score: 0.083100]
Fri 05 Apr 2024 20:20:47 INFO  valid result: 
recall@10 : 0.1332    mrr@10 : 0.0831    ndcg@10 : 0.0784    hit@10 : 0.2217    precision@10 : 0.0242
Fri 05 Apr 2024 20:20:53 INFO  epoch 118 training [time: 5.88s, train loss: 3.3569]
Fri 05 Apr 2024 20:21:12 INFO  epoch 118 evaluating [time: 19.40s, valid_score: 0.083200]
Fri 05 Apr 2024 20:21:12 INFO  valid result: 
recall@10 : 0.1341    mrr@10 : 0.0832    ndcg@10 : 0.0787    hit@10 : 0.2237    precision@10 : 0.0244
Fri 05 Apr 2024 20:21:12 INFO  Finished training, best eval result in epoch 107
Fri 05 Apr 2024 20:21:14 INFO  Loading model structure and parameters from saved/LFM-1b_artist_20U50I_50strat/LightGCN/LightGCN-Apr-05-2024_19-28-26.pth
Fri 05 Apr 2024 20:21:36 INFO  The running environment of this training is as follows:
+-------------+----------------+
| Environment |     Usage      |
+=============+================+
| CPU         |     1.00 %     |
+-------------+----------------+
| GPU         | 0.24 G/14.58 G |
+-------------+----------------+
| Memory      | 1.56 G/27.41 G |
+-------------+----------------+
Fri 05 Apr 2024 20:21:36 INFO  best valid : OrderedDict([('recall@10', 0.1336), ('mrr@10', 0.0835), ('ndcg@10', 0.0788), ('hit@10', 0.2231), ('precision@10', 0.0244)])
Fri 05 Apr 2024 20:21:36 INFO  test result: OrderedDict([('recall@10', 0.1357), ('mrr@10', 0.0827), ('ndcg@10', 0.0806), ('hit@10', 0.2191), ('precision@10', 0.0238)])
Fri 05 Apr 2024 20:21:37 INFO  
General Hyper Parameters:
gpu_id = 0
use_gpu = True
seed = 2020
state = INFO
reproducibility = True
data_path = data/LFM-1b_artist_20U50I_50strat
checkpoint_dir = saved/LFM-1b_artist_20U50I_50strat/LightGCN
show_progress = True
save_dataset = False
dataset_save_path = None
save_dataloaders = False
dataloaders_save_path = None
log_wandb = False

Training Hyper Parameters:
epochs = 200
train_batch_size = 2048
learner = adam
learning_rate = 0.001
train_neg_sample_args = {'distribution': 'uniform', 'sample_num': 1, 'dynamic': False, 'candidate_num': 0, 'alpha': 1.0}
eval_step = 1
stopping_step = 10
clip_grad_norm = None
weight_decay = 0.0
loss_decimal_place = 4

Evaluation Hyper Parameters:
eval_args = {'split': {'RS': [0.8, 0.1, 0.1]}, 'order': 'RO', 'group_by': 'user', 'mode': {'valid': 'full', 'test': 'full'}}
repeatable = False
metrics = ['Recall', 'MRR', 'NDCG', 'Hit', 'Precision']
topk = [10]
valid_metric = MRR@10
valid_metric_bigger = True
eval_batch_size = 4096
metric_decimal_place = 4

Dataset Hyper Parameters:
field_separator = 	
seq_separator =  
USER_ID_FIELD = user_id
ITEM_ID_FIELD = item_id
RATING_FIELD = rating
TIME_FIELD = timestamp
seq_len = None
LABEL_FIELD = label
threshold = None
NEG_PREFIX = neg_
load_col = {'inter': ['user_id', 'item_id']}
unload_col = None
unused_col = None
additional_feat_suffix = None
rm_dup_inter = None
val_interval = None
filter_inter_by_user_or_item = True
user_inter_num_interval = [0,inf)
item_inter_num_interval = [0,inf)
alias_of_user_id = None
alias_of_item_id = None
alias_of_entity_id = None
alias_of_relation_id = None
preload_weight = None
normalize_field = None
normalize_all = None
ITEM_LIST_LENGTH_FIELD = item_length
LIST_SUFFIX = _list
MAX_ITEM_LIST_LENGTH = 50
POSITION_FIELD = position_id
HEAD_ENTITY_ID_FIELD = head_id
TAIL_ENTITY_ID_FIELD = tail_id
RELATION_ID_FIELD = relation_id
ENTITY_ID_FIELD = entity_id
benchmark_filename = None

Other Hyper Parameters: 
worker = 0
wandb_project = recbole
shuffle = True
require_pow = False
enable_amp = False
enable_scaler = False
transform = None
embedding_size = 64
n_layers = 2
reg_weight = 1e-05
numerical_features = []
discretization = None
kg_reverse_r = False
entity_kg_num_interval = [0,inf)
relation_kg_num_interval = [0,inf)
MODEL_TYPE = ModelType.GENERAL
encoding = utf-8
device = cuda
my_log_file = /mnt/batch/tasks/shared/LS_root/mounts/clusters/fontanagpu/code/sustainability-of-recsys/log/carbon_default.log
MODEL_INPUT_TYPE = InputType.PAIRWISE
eval_type = EvaluatorType.RANKING
single_spec = True
local_rank = 0
valid_neg_sample_args = {'distribution': 'uniform', 'sample_num': 'none'}
test_neg_sample_args = {'distribution': 'uniform', 'sample_num': 'none'}


Fri 05 Apr 2024 20:21:39 INFO  LFM-1b_artist_20U50I_50strat
The number of users: 19842
Average actions of users: 22.20755002268031
The number of items: 33654
Average actions of items: 13.093037767806733
The number of inters: 440620
The sparsity of the dataset: 99.93401547868501%
Remain Fields: ['user_id', 'item_id']
Fri 05 Apr 2024 20:21:41 INFO  [Training]: train_batch_size = [2048] train_neg_sample_args: [{'distribution': 'uniform', 'sample_num': 1, 'dynamic': False, 'candidate_num': 0, 'alpha': 1.0}]
Fri 05 Apr 2024 20:21:41 INFO  [Evaluation]: eval_batch_size = [4096] eval_args: [{'split': {'RS': [0.8, 0.1, 0.1]}, 'order': 'RO', 'group_by': 'user', 'mode': {'valid': 'full', 'test': 'full'}}]
Fri 05 Apr 2024 20:21:42 INFO  Loading model structure and parameters from saved/LFM-1b_artist_20U50I_50strat/LightGCN/LightGCN-Apr-05-2024_19-28-26.pth
