Fri 05 Apr 2024 00:11:46 INFO  ['src/default_tracker.py', '--dataset=LFM-1b_artist_20U50I_75strat', '--model=LightGCN']
Fri 05 Apr 2024 00:11:46 INFO  
General Hyper Parameters:
gpu_id = 0
use_gpu = True
seed = 2020
state = INFO
reproducibility = True
data_path = data/LFM-1b_artist_20U50I_75strat
checkpoint_dir = saved/LFM-1b_artist_20U50I_75strat/LightGCN
show_progress = True
save_dataset = False
dataset_save_path = None
save_dataloaders = False
dataloaders_save_path = None
log_wandb = False

Training Hyper Parameters:
epochs = 200
train_batch_size = 2048
learner = adam
learning_rate = 0.001
train_neg_sample_args = {'distribution': 'uniform', 'sample_num': 1, 'dynamic': False, 'candidate_num': 0, 'alpha': 1.0}
eval_step = 1
stopping_step = 10
clip_grad_norm = None
weight_decay = 0.0
loss_decimal_place = 4

Evaluation Hyper Parameters:
eval_args = {'split': {'RS': [0.8, 0.1, 0.1]}, 'order': 'RO', 'group_by': 'user', 'mode': {'valid': 'full', 'test': 'full'}}
repeatable = False
metrics = ['Recall', 'MRR', 'NDCG', 'Hit', 'Precision']
topk = [10]
valid_metric = MRR@10
valid_metric_bigger = True
eval_batch_size = 4096
metric_decimal_place = 4

Dataset Hyper Parameters:
field_separator = 	
seq_separator =  
USER_ID_FIELD = user_id
ITEM_ID_FIELD = item_id
RATING_FIELD = rating
TIME_FIELD = timestamp
seq_len = None
LABEL_FIELD = label
threshold = None
NEG_PREFIX = neg_
load_col = {'inter': ['user_id', 'item_id']}
unload_col = None
unused_col = None
additional_feat_suffix = None
rm_dup_inter = None
val_interval = None
filter_inter_by_user_or_item = True
user_inter_num_interval = [0,inf)
item_inter_num_interval = [0,inf)
alias_of_user_id = None
alias_of_item_id = None
alias_of_entity_id = None
alias_of_relation_id = None
preload_weight = None
normalize_field = None
normalize_all = None
ITEM_LIST_LENGTH_FIELD = item_length
LIST_SUFFIX = _list
MAX_ITEM_LIST_LENGTH = 50
POSITION_FIELD = position_id
HEAD_ENTITY_ID_FIELD = head_id
TAIL_ENTITY_ID_FIELD = tail_id
RELATION_ID_FIELD = relation_id
ENTITY_ID_FIELD = entity_id
benchmark_filename = None

Other Hyper Parameters: 
worker = 0
wandb_project = recbole
shuffle = True
require_pow = False
enable_amp = False
enable_scaler = False
transform = None
embedding_size = 64
n_layers = 2
reg_weight = 1e-05
numerical_features = []
discretization = None
kg_reverse_r = False
entity_kg_num_interval = [0,inf)
relation_kg_num_interval = [0,inf)
MODEL_TYPE = ModelType.GENERAL
encoding = utf-8
device = cuda
my_log_file = /mnt/batch/tasks/shared/LS_root/mounts/clusters/fontanagpu/code/sustainability-of-recsys/log/carbon_default.log
MODEL_INPUT_TYPE = InputType.PAIRWISE
eval_type = EvaluatorType.RANKING
single_spec = True
local_rank = 0
valid_neg_sample_args = {'distribution': 'uniform', 'sample_num': 'none'}
test_neg_sample_args = {'distribution': 'uniform', 'sample_num': 'none'}


Fri 05 Apr 2024 00:11:49 INFO  LFM-1b_artist_20U50I_75strat
The number of users: 19842
Average actions of users: 33.660097777329774
The number of items: 38933
Average actions of items: 17.154268981814447
The number of inters: 667850
The sparsity of the dataset: 99.91354788644381%
Remain Fields: ['user_id', 'item_id']
Fri 05 Apr 2024 00:11:51 INFO  [Training]: train_batch_size = [2048] train_neg_sample_args: [{'distribution': 'uniform', 'sample_num': 1, 'dynamic': False, 'candidate_num': 0, 'alpha': 1.0}]
Fri 05 Apr 2024 00:11:51 INFO  [Evaluation]: eval_batch_size = [4096] eval_args: [{'split': {'RS': [0.8, 0.1, 0.1]}, 'order': 'RO', 'group_by': 'user', 'mode': {'valid': 'full', 'test': 'full'}}]
Fri 05 Apr 2024 00:11:53 INFO  LightGCN(
  (user_embedding): Embedding(19842, 64)
  (item_embedding): Embedding(38933, 64)
  (mf_loss): BPRLoss()
  (reg_loss): EmbLoss()
)
Trainable parameters: 3761600
Fri 05 Apr 2024 00:12:00 INFO  FLOPs: 0.0
Fri 05 Apr 2024 00:12:51 INFO  epoch 0 training [time: 14.25s, train loss: 107.1489]
Fri 05 Apr 2024 00:13:15 INFO  epoch 0 evaluating [time: 23.07s, valid_score: 0.081300]
Fri 05 Apr 2024 00:13:15 INFO  valid result: 
recall@10 : 0.0853    mrr@10 : 0.0813    ndcg@10 : 0.0578    hit@10 : 0.2028    precision@10 : 0.0237
Fri 05 Apr 2024 00:13:16 INFO  Saving current: saved/LFM-1b_artist_20U50I_75strat/LightGCN/LightGCN-Apr-05-2024_00-12-00.pth
Fri 05 Apr 2024 00:13:27 INFO  epoch 1 training [time: 11.67s, train loss: 58.5153]
Fri 05 Apr 2024 00:13:50 INFO  epoch 1 evaluating [time: 22.16s, valid_score: 0.081200]
Fri 05 Apr 2024 00:13:50 INFO  valid result: 
recall@10 : 0.0853    mrr@10 : 0.0812    ndcg@10 : 0.0578    hit@10 : 0.2023    precision@10 : 0.0237
Fri 05 Apr 2024 00:14:01 INFO  epoch 2 training [time: 11.83s, train loss: 55.5738]
Fri 05 Apr 2024 00:14:24 INFO  epoch 2 evaluating [time: 22.21s, valid_score: 0.081400]
Fri 05 Apr 2024 00:14:24 INFO  valid result: 
recall@10 : 0.0855    mrr@10 : 0.0814    ndcg@10 : 0.0579    hit@10 : 0.2033    precision@10 : 0.0238
Fri 05 Apr 2024 00:14:24 INFO  Saving current: saved/LFM-1b_artist_20U50I_75strat/LightGCN/LightGCN-Apr-05-2024_00-12-00.pth
Fri 05 Apr 2024 00:14:36 INFO  epoch 3 training [time: 11.70s, train loss: 54.4816]
Fri 05 Apr 2024 00:14:58 INFO  epoch 3 evaluating [time: 22.28s, valid_score: 0.081300]
Fri 05 Apr 2024 00:14:58 INFO  valid result: 
recall@10 : 0.0854    mrr@10 : 0.0813    ndcg@10 : 0.0578    hit@10 : 0.2029    precision@10 : 0.0238
Fri 05 Apr 2024 00:15:10 INFO  epoch 4 training [time: 11.92s, train loss: 53.9999]
Fri 05 Apr 2024 00:15:33 INFO  epoch 4 evaluating [time: 22.41s, valid_score: 0.081200]
Fri 05 Apr 2024 00:15:33 INFO  valid result: 
recall@10 : 0.0854    mrr@10 : 0.0812    ndcg@10 : 0.0578    hit@10 : 0.2028    precision@10 : 0.0237
Fri 05 Apr 2024 00:15:45 INFO  epoch 5 training [time: 11.83s, train loss: 53.2789]
Fri 05 Apr 2024 00:16:07 INFO  epoch 5 evaluating [time: 22.47s, valid_score: 0.081100]
Fri 05 Apr 2024 00:16:07 INFO  valid result: 
recall@10 : 0.0854    mrr@10 : 0.0811    ndcg@10 : 0.0578    hit@10 : 0.2028    precision@10 : 0.0238
Fri 05 Apr 2024 00:16:19 INFO  epoch 6 training [time: 11.88s, train loss: 52.4510]
Fri 05 Apr 2024 00:16:41 INFO  epoch 6 evaluating [time: 22.48s, valid_score: 0.081200]
Fri 05 Apr 2024 00:16:41 INFO  valid result: 
recall@10 : 0.0854    mrr@10 : 0.0812    ndcg@10 : 0.0578    hit@10 : 0.2025    precision@10 : 0.0237
Fri 05 Apr 2024 00:16:53 INFO  epoch 7 training [time: 11.84s, train loss: 52.0716]
Fri 05 Apr 2024 00:17:16 INFO  epoch 7 evaluating [time: 22.29s, valid_score: 0.081300]
Fri 05 Apr 2024 00:17:16 INFO  valid result: 
recall@10 : 0.0859    mrr@10 : 0.0813    ndcg@10 : 0.058    hit@10 : 0.203    precision@10 : 0.0238
Fri 05 Apr 2024 00:17:27 INFO  epoch 8 training [time: 11.87s, train loss: 51.1718]
Fri 05 Apr 2024 00:17:50 INFO  epoch 8 evaluating [time: 22.39s, valid_score: 0.081400]
Fri 05 Apr 2024 00:17:50 INFO  valid result: 
recall@10 : 0.0854    mrr@10 : 0.0814    ndcg@10 : 0.0578    hit@10 : 0.2029    precision@10 : 0.0237
Fri 05 Apr 2024 00:17:51 INFO  Saving current: saved/LFM-1b_artist_20U50I_75strat/LightGCN/LightGCN-Apr-05-2024_00-12-00.pth
Fri 05 Apr 2024 00:18:02 INFO  epoch 9 training [time: 11.74s, train loss: 50.3965]
Fri 05 Apr 2024 00:18:25 INFO  epoch 9 evaluating [time: 22.42s, valid_score: 0.081400]
Fri 05 Apr 2024 00:18:25 INFO  valid result: 
recall@10 : 0.0856    mrr@10 : 0.0814    ndcg@10 : 0.0579    hit@10 : 0.2026    precision@10 : 0.0237
Fri 05 Apr 2024 00:18:26 INFO  Saving current: saved/LFM-1b_artist_20U50I_75strat/LightGCN/LightGCN-Apr-05-2024_00-12-00.pth
Fri 05 Apr 2024 00:18:37 INFO  epoch 10 training [time: 11.74s, train loss: 49.9485]
Fri 05 Apr 2024 00:19:00 INFO  epoch 10 evaluating [time: 22.29s, valid_score: 0.081500]
Fri 05 Apr 2024 00:19:00 INFO  valid result: 
recall@10 : 0.0853    mrr@10 : 0.0815    ndcg@10 : 0.0579    hit@10 : 0.2027    precision@10 : 0.0238
Fri 05 Apr 2024 00:19:00 INFO  Saving current: saved/LFM-1b_artist_20U50I_75strat/LightGCN/LightGCN-Apr-05-2024_00-12-00.pth
Fri 05 Apr 2024 00:19:12 INFO  epoch 11 training [time: 11.75s, train loss: 48.7672]
Fri 05 Apr 2024 00:19:34 INFO  epoch 11 evaluating [time: 22.51s, valid_score: 0.081600]
Fri 05 Apr 2024 00:19:34 INFO  valid result: 
recall@10 : 0.0854    mrr@10 : 0.0816    ndcg@10 : 0.058    hit@10 : 0.2024    precision@10 : 0.0238
Fri 05 Apr 2024 00:19:35 INFO  Saving current: saved/LFM-1b_artist_20U50I_75strat/LightGCN/LightGCN-Apr-05-2024_00-12-00.pth
Fri 05 Apr 2024 00:19:47 INFO  epoch 12 training [time: 11.75s, train loss: 47.2719]
Fri 05 Apr 2024 00:20:09 INFO  epoch 12 evaluating [time: 22.54s, valid_score: 0.081700]
Fri 05 Apr 2024 00:20:09 INFO  valid result: 
recall@10 : 0.0855    mrr@10 : 0.0817    ndcg@10 : 0.0581    hit@10 : 0.203    precision@10 : 0.0238
Fri 05 Apr 2024 00:20:10 INFO  Saving current: saved/LFM-1b_artist_20U50I_75strat/LightGCN/LightGCN-Apr-05-2024_00-12-00.pth
Fri 05 Apr 2024 00:20:22 INFO  epoch 13 training [time: 11.78s, train loss: 46.3228]
Fri 05 Apr 2024 00:20:45 INFO  epoch 13 evaluating [time: 22.54s, valid_score: 0.082200]
Fri 05 Apr 2024 00:20:45 INFO  valid result: 
recall@10 : 0.0859    mrr@10 : 0.0822    ndcg@10 : 0.0583    hit@10 : 0.2043    precision@10 : 0.0239
Fri 05 Apr 2024 00:20:45 INFO  Saving current: saved/LFM-1b_artist_20U50I_75strat/LightGCN/LightGCN-Apr-05-2024_00-12-00.pth
Fri 05 Apr 2024 00:20:57 INFO  epoch 14 training [time: 11.77s, train loss: 44.8573]
Fri 05 Apr 2024 00:21:20 INFO  epoch 14 evaluating [time: 22.48s, valid_score: 0.082400]
Fri 05 Apr 2024 00:21:20 INFO  valid result: 
recall@10 : 0.0868    mrr@10 : 0.0824    ndcg@10 : 0.0587    hit@10 : 0.2052    precision@10 : 0.0241
Fri 05 Apr 2024 00:21:20 INFO  Saving current: saved/LFM-1b_artist_20U50I_75strat/LightGCN/LightGCN-Apr-05-2024_00-12-00.pth
Fri 05 Apr 2024 00:21:32 INFO  epoch 15 training [time: 11.76s, train loss: 43.4287]
Fri 05 Apr 2024 00:21:54 INFO  epoch 15 evaluating [time: 22.45s, valid_score: 0.083200]
Fri 05 Apr 2024 00:21:54 INFO  valid result: 
recall@10 : 0.0881    mrr@10 : 0.0832    ndcg@10 : 0.0593    hit@10 : 0.2084    precision@10 : 0.0245
Fri 05 Apr 2024 00:21:55 INFO  Saving current: saved/LFM-1b_artist_20U50I_75strat/LightGCN/LightGCN-Apr-05-2024_00-12-00.pth
Fri 05 Apr 2024 00:22:07 INFO  epoch 16 training [time: 11.76s, train loss: 41.9047]
Fri 05 Apr 2024 00:22:29 INFO  epoch 16 evaluating [time: 22.48s, valid_score: 0.084100]
Fri 05 Apr 2024 00:22:29 INFO  valid result: 
recall@10 : 0.0896    mrr@10 : 0.0841    ndcg@10 : 0.0601    hit@10 : 0.2113    precision@10 : 0.0249
Fri 05 Apr 2024 00:22:30 INFO  Saving current: saved/LFM-1b_artist_20U50I_75strat/LightGCN/LightGCN-Apr-05-2024_00-12-00.pth
Fri 05 Apr 2024 00:22:42 INFO  epoch 17 training [time: 11.80s, train loss: 40.0843]
Fri 05 Apr 2024 00:23:04 INFO  epoch 17 evaluating [time: 22.49s, valid_score: 0.084900]
Fri 05 Apr 2024 00:23:04 INFO  valid result: 
recall@10 : 0.0902    mrr@10 : 0.0849    ndcg@10 : 0.0607    hit@10 : 0.2126    precision@10 : 0.0251
Fri 05 Apr 2024 00:23:05 INFO  Saving current: saved/LFM-1b_artist_20U50I_75strat/LightGCN/LightGCN-Apr-05-2024_00-12-00.pth
Fri 05 Apr 2024 00:23:17 INFO  epoch 18 training [time: 11.76s, train loss: 38.4602]
Fri 05 Apr 2024 00:23:39 INFO  epoch 18 evaluating [time: 22.55s, valid_score: 0.085900]
Fri 05 Apr 2024 00:23:39 INFO  valid result: 
recall@10 : 0.0931    mrr@10 : 0.0859    ndcg@10 : 0.0619    hit@10 : 0.2179    precision@10 : 0.0257
Fri 05 Apr 2024 00:23:40 INFO  Saving current: saved/LFM-1b_artist_20U50I_75strat/LightGCN/LightGCN-Apr-05-2024_00-12-00.pth
Fri 05 Apr 2024 00:23:52 INFO  epoch 19 training [time: 11.78s, train loss: 37.0613]
Fri 05 Apr 2024 00:24:15 INFO  epoch 19 evaluating [time: 22.54s, valid_score: 0.087400]
Fri 05 Apr 2024 00:24:15 INFO  valid result: 
recall@10 : 0.0972    mrr@10 : 0.0874    ndcg@10 : 0.0637    hit@10 : 0.2255    precision@10 : 0.0265
Fri 05 Apr 2024 00:24:15 INFO  Saving current: saved/LFM-1b_artist_20U50I_75strat/LightGCN/LightGCN-Apr-05-2024_00-12-00.pth
Fri 05 Apr 2024 00:24:27 INFO  epoch 20 training [time: 11.79s, train loss: 35.3791]
Fri 05 Apr 2024 00:24:50 INFO  epoch 20 evaluating [time: 22.52s, valid_score: 0.088800]
Fri 05 Apr 2024 00:24:50 INFO  valid result: 
recall@10 : 0.1    mrr@10 : 0.0888    ndcg@10 : 0.0652    hit@10 : 0.2295    precision@10 : 0.027
Fri 05 Apr 2024 00:24:50 INFO  Saving current: saved/LFM-1b_artist_20U50I_75strat/LightGCN/LightGCN-Apr-05-2024_00-12-00.pth
Fri 05 Apr 2024 00:25:02 INFO  epoch 21 training [time: 11.78s, train loss: 33.9242]
Fri 05 Apr 2024 00:25:25 INFO  epoch 21 evaluating [time: 22.48s, valid_score: 0.090200]
Fri 05 Apr 2024 00:25:25 INFO  valid result: 
recall@10 : 0.1031    mrr@10 : 0.0902    ndcg@10 : 0.0666    hit@10 : 0.2351    precision@10 : 0.0277
Fri 05 Apr 2024 00:25:26 INFO  Saving current: saved/LFM-1b_artist_20U50I_75strat/LightGCN/LightGCN-Apr-05-2024_00-12-00.pth
Fri 05 Apr 2024 00:25:37 INFO  epoch 22 training [time: 11.79s, train loss: 32.8929]
Fri 05 Apr 2024 00:26:00 INFO  epoch 22 evaluating [time: 22.45s, valid_score: 0.091700]
Fri 05 Apr 2024 00:26:00 INFO  valid result: 
recall@10 : 0.1071    mrr@10 : 0.0917    ndcg@10 : 0.0685    hit@10 : 0.2414    precision@10 : 0.0284
Fri 05 Apr 2024 00:26:01 INFO  Saving current: saved/LFM-1b_artist_20U50I_75strat/LightGCN/LightGCN-Apr-05-2024_00-12-00.pth
Fri 05 Apr 2024 00:26:12 INFO  epoch 23 training [time: 11.78s, train loss: 31.3717]
Fri 05 Apr 2024 00:26:35 INFO  epoch 23 evaluating [time: 22.66s, valid_score: 0.093200]
Fri 05 Apr 2024 00:26:35 INFO  valid result: 
recall@10 : 0.1097    mrr@10 : 0.0932    ndcg@10 : 0.0699    hit@10 : 0.246    precision@10 : 0.029
Fri 05 Apr 2024 00:26:36 INFO  Saving current: saved/LFM-1b_artist_20U50I_75strat/LightGCN/LightGCN-Apr-05-2024_00-12-00.pth
Fri 05 Apr 2024 00:26:48 INFO  epoch 24 training [time: 11.85s, train loss: 30.5204]
Fri 05 Apr 2024 00:27:10 INFO  epoch 24 evaluating [time: 21.94s, valid_score: 0.094300]
Fri 05 Apr 2024 00:27:10 INFO  valid result: 
recall@10 : 0.1114    mrr@10 : 0.0943    ndcg@10 : 0.071    hit@10 : 0.2497    precision@10 : 0.0296
Fri 05 Apr 2024 00:27:11 INFO  Saving current: saved/LFM-1b_artist_20U50I_75strat/LightGCN/LightGCN-Apr-05-2024_00-12-00.pth
Fri 05 Apr 2024 00:27:22 INFO  epoch 25 training [time: 11.80s, train loss: 29.1462]
Fri 05 Apr 2024 00:27:46 INFO  epoch 25 evaluating [time: 23.53s, valid_score: 0.095700]
Fri 05 Apr 2024 00:27:46 INFO  valid result: 
recall@10 : 0.1135    mrr@10 : 0.0957    ndcg@10 : 0.0722    hit@10 : 0.2535    precision@10 : 0.0302
Fri 05 Apr 2024 00:27:47 INFO  Saving current: saved/LFM-1b_artist_20U50I_75strat/LightGCN/LightGCN-Apr-05-2024_00-12-00.pth
Fri 05 Apr 2024 00:27:59 INFO  epoch 26 training [time: 11.78s, train loss: 28.2466]
Fri 05 Apr 2024 00:28:21 INFO  epoch 26 evaluating [time: 21.98s, valid_score: 0.097200]
Fri 05 Apr 2024 00:28:21 INFO  valid result: 
recall@10 : 0.1146    mrr@10 : 0.0972    ndcg@10 : 0.0731    hit@10 : 0.2567    precision@10 : 0.0305
Fri 05 Apr 2024 00:28:21 INFO  Saving current: saved/LFM-1b_artist_20U50I_75strat/LightGCN/LightGCN-Apr-05-2024_00-12-00.pth
Fri 05 Apr 2024 00:28:33 INFO  epoch 27 training [time: 11.78s, train loss: 27.1386]
Fri 05 Apr 2024 00:28:55 INFO  epoch 27 evaluating [time: 21.79s, valid_score: 0.098400]
Fri 05 Apr 2024 00:28:55 INFO  valid result: 
recall@10 : 0.1158    mrr@10 : 0.0984    ndcg@10 : 0.0741    hit@10 : 0.2584    precision@10 : 0.0308
Fri 05 Apr 2024 00:28:56 INFO  Saving current: saved/LFM-1b_artist_20U50I_75strat/LightGCN/LightGCN-Apr-05-2024_00-12-00.pth
Fri 05 Apr 2024 00:29:07 INFO  epoch 28 training [time: 11.75s, train loss: 26.0747]
Fri 05 Apr 2024 00:29:29 INFO  epoch 28 evaluating [time: 21.80s, valid_score: 0.099300]
Fri 05 Apr 2024 00:29:29 INFO  valid result: 
recall@10 : 0.1176    mrr@10 : 0.0993    ndcg@10 : 0.075    hit@10 : 0.2614    precision@10 : 0.0312
Fri 05 Apr 2024 00:29:30 INFO  Saving current: saved/LFM-1b_artist_20U50I_75strat/LightGCN/LightGCN-Apr-05-2024_00-12-00.pth
Fri 05 Apr 2024 00:29:42 INFO  epoch 29 training [time: 11.75s, train loss: 25.5885]
Fri 05 Apr 2024 00:30:04 INFO  epoch 29 evaluating [time: 21.96s, valid_score: 0.100400]
Fri 05 Apr 2024 00:30:04 INFO  valid result: 
recall@10 : 0.1191    mrr@10 : 0.1004    ndcg@10 : 0.076    hit@10 : 0.2643    precision@10 : 0.0317
Fri 05 Apr 2024 00:30:05 INFO  Saving current: saved/LFM-1b_artist_20U50I_75strat/LightGCN/LightGCN-Apr-05-2024_00-12-00.pth
Fri 05 Apr 2024 00:30:16 INFO  epoch 30 training [time: 11.75s, train loss: 24.6390]
Fri 05 Apr 2024 00:30:38 INFO  epoch 30 evaluating [time: 21.83s, valid_score: 0.101100]
Fri 05 Apr 2024 00:30:38 INFO  valid result: 
recall@10 : 0.1194    mrr@10 : 0.1011    ndcg@10 : 0.0763    hit@10 : 0.2654    precision@10 : 0.0318
Fri 05 Apr 2024 00:30:39 INFO  Saving current: saved/LFM-1b_artist_20U50I_75strat/LightGCN/LightGCN-Apr-05-2024_00-12-00.pth
Fri 05 Apr 2024 00:30:51 INFO  epoch 31 training [time: 11.77s, train loss: 24.0209]
Fri 05 Apr 2024 00:31:12 INFO  epoch 31 evaluating [time: 21.74s, valid_score: 0.101900]
Fri 05 Apr 2024 00:31:12 INFO  valid result: 
recall@10 : 0.12    mrr@10 : 0.1019    ndcg@10 : 0.0769    hit@10 : 0.267    precision@10 : 0.0321
Fri 05 Apr 2024 00:31:13 INFO  Saving current: saved/LFM-1b_artist_20U50I_75strat/LightGCN/LightGCN-Apr-05-2024_00-12-00.pth
Fri 05 Apr 2024 00:31:25 INFO  epoch 32 training [time: 11.79s, train loss: 23.0427]
Fri 05 Apr 2024 00:31:47 INFO  epoch 32 evaluating [time: 21.75s, valid_score: 0.103200]
Fri 05 Apr 2024 00:31:47 INFO  valid result: 
recall@10 : 0.1213    mrr@10 : 0.1032    ndcg@10 : 0.0778    hit@10 : 0.2702    precision@10 : 0.0325
Fri 05 Apr 2024 00:31:48 INFO  Saving current: saved/LFM-1b_artist_20U50I_75strat/LightGCN/LightGCN-Apr-05-2024_00-12-00.pth
Fri 05 Apr 2024 00:31:59 INFO  epoch 33 training [time: 11.79s, train loss: 22.7107]
Fri 05 Apr 2024 00:32:21 INFO  epoch 33 evaluating [time: 21.64s, valid_score: 0.104700]
Fri 05 Apr 2024 00:32:21 INFO  valid result: 
recall@10 : 0.1221    mrr@10 : 0.1047    ndcg@10 : 0.0787    hit@10 : 0.2723    precision@10 : 0.0327
Fri 05 Apr 2024 00:32:22 INFO  Saving current: saved/LFM-1b_artist_20U50I_75strat/LightGCN/LightGCN-Apr-05-2024_00-12-00.pth
Fri 05 Apr 2024 00:32:34 INFO  epoch 34 training [time: 11.80s, train loss: 21.5111]
Fri 05 Apr 2024 00:32:55 INFO  epoch 34 evaluating [time: 21.64s, valid_score: 0.105700]
Fri 05 Apr 2024 00:32:55 INFO  valid result: 
recall@10 : 0.1232    mrr@10 : 0.1057    ndcg@10 : 0.0794    hit@10 : 0.2742    precision@10 : 0.033
Fri 05 Apr 2024 00:32:57 INFO  Saving current: saved/LFM-1b_artist_20U50I_75strat/LightGCN/LightGCN-Apr-05-2024_00-12-00.pth
Fri 05 Apr 2024 00:33:08 INFO  epoch 35 training [time: 11.82s, train loss: 21.1593]
Fri 05 Apr 2024 00:33:30 INFO  epoch 35 evaluating [time: 21.68s, valid_score: 0.106700]
Fri 05 Apr 2024 00:33:30 INFO  valid result: 
recall@10 : 0.1243    mrr@10 : 0.1067    ndcg@10 : 0.0802    hit@10 : 0.2769    precision@10 : 0.0333
Fri 05 Apr 2024 00:33:31 INFO  Saving current: saved/LFM-1b_artist_20U50I_75strat/LightGCN/LightGCN-Apr-05-2024_00-12-00.pth
Fri 05 Apr 2024 00:33:43 INFO  epoch 36 training [time: 11.74s, train loss: 20.6525]
Fri 05 Apr 2024 00:34:04 INFO  epoch 36 evaluating [time: 21.62s, valid_score: 0.107000]
Fri 05 Apr 2024 00:34:04 INFO  valid result: 
recall@10 : 0.1246    mrr@10 : 0.107    ndcg@10 : 0.0804    hit@10 : 0.2782    precision@10 : 0.0334
Fri 05 Apr 2024 00:34:05 INFO  Saving current: saved/LFM-1b_artist_20U50I_75strat/LightGCN/LightGCN-Apr-05-2024_00-12-00.pth
Fri 05 Apr 2024 00:34:17 INFO  epoch 37 training [time: 11.82s, train loss: 19.9877]
Fri 05 Apr 2024 00:34:39 INFO  epoch 37 evaluating [time: 21.69s, valid_score: 0.107800]
Fri 05 Apr 2024 00:34:39 INFO  valid result: 
recall@10 : 0.1249    mrr@10 : 0.1078    ndcg@10 : 0.0808    hit@10 : 0.279    precision@10 : 0.0335
Fri 05 Apr 2024 00:34:39 INFO  Saving current: saved/LFM-1b_artist_20U50I_75strat/LightGCN/LightGCN-Apr-05-2024_00-12-00.pth
Fri 05 Apr 2024 00:34:51 INFO  epoch 38 training [time: 11.78s, train loss: 19.3477]
Fri 05 Apr 2024 00:35:13 INFO  epoch 38 evaluating [time: 21.79s, valid_score: 0.108600]
Fri 05 Apr 2024 00:35:13 INFO  valid result: 
recall@10 : 0.1255    mrr@10 : 0.1086    ndcg@10 : 0.0814    hit@10 : 0.2796    precision@10 : 0.0336
Fri 05 Apr 2024 00:35:14 INFO  Saving current: saved/LFM-1b_artist_20U50I_75strat/LightGCN/LightGCN-Apr-05-2024_00-12-00.pth
Fri 05 Apr 2024 00:35:26 INFO  epoch 39 training [time: 11.80s, train loss: 18.7533]
Fri 05 Apr 2024 00:35:47 INFO  epoch 39 evaluating [time: 21.72s, valid_score: 0.109100]
Fri 05 Apr 2024 00:35:47 INFO  valid result: 
recall@10 : 0.1262    mrr@10 : 0.1091    ndcg@10 : 0.0819    hit@10 : 0.2819    precision@10 : 0.0339
Fri 05 Apr 2024 00:35:48 INFO  Saving current: saved/LFM-1b_artist_20U50I_75strat/LightGCN/LightGCN-Apr-05-2024_00-12-00.pth
Fri 05 Apr 2024 00:36:00 INFO  epoch 40 training [time: 11.77s, train loss: 18.5863]
Fri 05 Apr 2024 00:36:22 INFO  epoch 40 evaluating [time: 21.64s, valid_score: 0.110100]
Fri 05 Apr 2024 00:36:22 INFO  valid result: 
recall@10 : 0.1277    mrr@10 : 0.1101    ndcg@10 : 0.0828    hit@10 : 0.2843    precision@10 : 0.0342
Fri 05 Apr 2024 00:36:22 INFO  Saving current: saved/LFM-1b_artist_20U50I_75strat/LightGCN/LightGCN-Apr-05-2024_00-12-00.pth
Fri 05 Apr 2024 00:36:34 INFO  epoch 41 training [time: 11.73s, train loss: 17.8899]
Fri 05 Apr 2024 00:36:55 INFO  epoch 41 evaluating [time: 21.53s, valid_score: 0.110700]
Fri 05 Apr 2024 00:36:55 INFO  valid result: 
recall@10 : 0.1277    mrr@10 : 0.1107    ndcg@10 : 0.0831    hit@10 : 0.2845    precision@10 : 0.0343
Fri 05 Apr 2024 00:36:56 INFO  Saving current: saved/LFM-1b_artist_20U50I_75strat/LightGCN/LightGCN-Apr-05-2024_00-12-00.pth
Fri 05 Apr 2024 00:37:08 INFO  epoch 42 training [time: 11.75s, train loss: 17.5173]
Fri 05 Apr 2024 00:37:29 INFO  epoch 42 evaluating [time: 21.44s, valid_score: 0.111700]
Fri 05 Apr 2024 00:37:29 INFO  valid result: 
recall@10 : 0.1285    mrr@10 : 0.1117    ndcg@10 : 0.0837    hit@10 : 0.286    precision@10 : 0.0344
Fri 05 Apr 2024 00:37:30 INFO  Saving current: saved/LFM-1b_artist_20U50I_75strat/LightGCN/LightGCN-Apr-05-2024_00-12-00.pth
Fri 05 Apr 2024 00:37:42 INFO  epoch 43 training [time: 11.80s, train loss: 17.0879]
Fri 05 Apr 2024 00:38:03 INFO  epoch 43 evaluating [time: 21.46s, valid_score: 0.112100]
Fri 05 Apr 2024 00:38:03 INFO  valid result: 
recall@10 : 0.1299    mrr@10 : 0.1121    ndcg@10 : 0.0842    hit@10 : 0.2877    precision@10 : 0.0347
Fri 05 Apr 2024 00:38:04 INFO  Saving current: saved/LFM-1b_artist_20U50I_75strat/LightGCN/LightGCN-Apr-05-2024_00-12-00.pth
Fri 05 Apr 2024 00:38:16 INFO  epoch 44 training [time: 11.77s, train loss: 16.5350]
Fri 05 Apr 2024 00:38:38 INFO  epoch 44 evaluating [time: 21.53s, valid_score: 0.112700]
Fri 05 Apr 2024 00:38:38 INFO  valid result: 
recall@10 : 0.1297    mrr@10 : 0.1127    ndcg@10 : 0.0844    hit@10 : 0.2885    precision@10 : 0.0347
Fri 05 Apr 2024 00:38:38 INFO  Saving current: saved/LFM-1b_artist_20U50I_75strat/LightGCN/LightGCN-Apr-05-2024_00-12-00.pth
Fri 05 Apr 2024 00:38:50 INFO  epoch 45 training [time: 11.77s, train loss: 16.1417]
Fri 05 Apr 2024 00:39:11 INFO  epoch 45 evaluating [time: 21.29s, valid_score: 0.113000]
Fri 05 Apr 2024 00:39:11 INFO  valid result: 
recall@10 : 0.1303    mrr@10 : 0.113    ndcg@10 : 0.0848    hit@10 : 0.2885    precision@10 : 0.0348
Fri 05 Apr 2024 00:39:12 INFO  Saving current: saved/LFM-1b_artist_20U50I_75strat/LightGCN/LightGCN-Apr-05-2024_00-12-00.pth
Fri 05 Apr 2024 00:39:24 INFO  epoch 46 training [time: 11.73s, train loss: 15.8810]
Fri 05 Apr 2024 00:39:45 INFO  epoch 46 evaluating [time: 21.09s, valid_score: 0.114000]
Fri 05 Apr 2024 00:39:45 INFO  valid result: 
recall@10 : 0.1314    mrr@10 : 0.114    ndcg@10 : 0.0856    hit@10 : 0.2905    precision@10 : 0.0351
Fri 05 Apr 2024 00:39:46 INFO  Saving current: saved/LFM-1b_artist_20U50I_75strat/LightGCN/LightGCN-Apr-05-2024_00-12-00.pth
Fri 05 Apr 2024 00:39:58 INFO  epoch 47 training [time: 11.82s, train loss: 15.4008]
Fri 05 Apr 2024 00:40:19 INFO  epoch 47 evaluating [time: 21.26s, valid_score: 0.114300]
Fri 05 Apr 2024 00:40:19 INFO  valid result: 
recall@10 : 0.1317    mrr@10 : 0.1143    ndcg@10 : 0.0858    hit@10 : 0.2911    precision@10 : 0.0351
Fri 05 Apr 2024 00:40:20 INFO  Saving current: saved/LFM-1b_artist_20U50I_75strat/LightGCN/LightGCN-Apr-05-2024_00-12-00.pth
Fri 05 Apr 2024 00:40:32 INFO  epoch 48 training [time: 11.75s, train loss: 14.9392]
Fri 05 Apr 2024 00:40:53 INFO  epoch 48 evaluating [time: 21.17s, valid_score: 0.114400]
Fri 05 Apr 2024 00:40:53 INFO  valid result: 
recall@10 : 0.1325    mrr@10 : 0.1144    ndcg@10 : 0.0862    hit@10 : 0.2919    precision@10 : 0.0353
Fri 05 Apr 2024 00:40:54 INFO  Saving current: saved/LFM-1b_artist_20U50I_75strat/LightGCN/LightGCN-Apr-05-2024_00-12-00.pth
Fri 05 Apr 2024 00:41:05 INFO  epoch 49 training [time: 11.76s, train loss: 14.7384]
Fri 05 Apr 2024 00:41:27 INFO  epoch 49 evaluating [time: 21.21s, valid_score: 0.114400]
Fri 05 Apr 2024 00:41:27 INFO  valid result: 
recall@10 : 0.1334    mrr@10 : 0.1144    ndcg@10 : 0.0866    hit@10 : 0.2933    precision@10 : 0.0355
Fri 05 Apr 2024 00:41:27 INFO  Saving current: saved/LFM-1b_artist_20U50I_75strat/LightGCN/LightGCN-Apr-05-2024_00-12-00.pth
Fri 05 Apr 2024 00:41:39 INFO  epoch 50 training [time: 11.72s, train loss: 14.3357]
Fri 05 Apr 2024 00:42:00 INFO  epoch 50 evaluating [time: 21.27s, valid_score: 0.115100]
Fri 05 Apr 2024 00:42:00 INFO  valid result: 
recall@10 : 0.1336    mrr@10 : 0.1151    ndcg@10 : 0.087    hit@10 : 0.2935    precision@10 : 0.0356
Fri 05 Apr 2024 00:42:01 INFO  Saving current: saved/LFM-1b_artist_20U50I_75strat/LightGCN/LightGCN-Apr-05-2024_00-12-00.pth
Fri 05 Apr 2024 00:42:13 INFO  epoch 51 training [time: 11.73s, train loss: 13.9316]
Fri 05 Apr 2024 00:42:34 INFO  epoch 51 evaluating [time: 21.33s, valid_score: 0.115300]
Fri 05 Apr 2024 00:42:34 INFO  valid result: 
recall@10 : 0.134    mrr@10 : 0.1153    ndcg@10 : 0.0873    hit@10 : 0.2944    precision@10 : 0.0356
Fri 05 Apr 2024 00:42:35 INFO  Saving current: saved/LFM-1b_artist_20U50I_75strat/LightGCN/LightGCN-Apr-05-2024_00-12-00.pth
Fri 05 Apr 2024 00:42:47 INFO  epoch 52 training [time: 11.74s, train loss: 13.7519]
Fri 05 Apr 2024 00:43:08 INFO  epoch 52 evaluating [time: 21.29s, valid_score: 0.115800]
Fri 05 Apr 2024 00:43:08 INFO  valid result: 
recall@10 : 0.1344    mrr@10 : 0.1158    ndcg@10 : 0.0876    hit@10 : 0.2946    precision@10 : 0.0357
Fri 05 Apr 2024 00:43:09 INFO  Saving current: saved/LFM-1b_artist_20U50I_75strat/LightGCN/LightGCN-Apr-05-2024_00-12-00.pth
Fri 05 Apr 2024 00:43:21 INFO  epoch 53 training [time: 11.76s, train loss: 13.5055]
Fri 05 Apr 2024 00:43:42 INFO  epoch 53 evaluating [time: 21.32s, valid_score: 0.116400]
Fri 05 Apr 2024 00:43:42 INFO  valid result: 
recall@10 : 0.1351    mrr@10 : 0.1164    ndcg@10 : 0.0883    hit@10 : 0.2965    precision@10 : 0.036
Fri 05 Apr 2024 00:43:43 INFO  Saving current: saved/LFM-1b_artist_20U50I_75strat/LightGCN/LightGCN-Apr-05-2024_00-12-00.pth
Fri 05 Apr 2024 00:43:54 INFO  epoch 54 training [time: 11.79s, train loss: 13.0572]
Fri 05 Apr 2024 00:44:16 INFO  epoch 54 evaluating [time: 21.34s, valid_score: 0.117000]
Fri 05 Apr 2024 00:44:16 INFO  valid result: 
recall@10 : 0.1366    mrr@10 : 0.117    ndcg@10 : 0.0889    hit@10 : 0.2983    precision@10 : 0.0362
Fri 05 Apr 2024 00:44:16 INFO  Saving current: saved/LFM-1b_artist_20U50I_75strat/LightGCN/LightGCN-Apr-05-2024_00-12-00.pth
Fri 05 Apr 2024 00:44:28 INFO  epoch 55 training [time: 11.73s, train loss: 12.9858]
Fri 05 Apr 2024 00:44:49 INFO  epoch 55 evaluating [time: 21.28s, valid_score: 0.117700]
Fri 05 Apr 2024 00:44:49 INFO  valid result: 
recall@10 : 0.1367    mrr@10 : 0.1177    ndcg@10 : 0.0893    hit@10 : 0.2992    precision@10 : 0.0363
Fri 05 Apr 2024 00:44:50 INFO  Saving current: saved/LFM-1b_artist_20U50I_75strat/LightGCN/LightGCN-Apr-05-2024_00-12-00.pth
Fri 05 Apr 2024 00:45:02 INFO  epoch 56 training [time: 11.78s, train loss: 12.4839]
Fri 05 Apr 2024 00:45:23 INFO  epoch 56 evaluating [time: 21.31s, valid_score: 0.118400]
Fri 05 Apr 2024 00:45:23 INFO  valid result: 
recall@10 : 0.1364    mrr@10 : 0.1184    ndcg@10 : 0.0896    hit@10 : 0.2986    precision@10 : 0.0362
Fri 05 Apr 2024 00:45:24 INFO  Saving current: saved/LFM-1b_artist_20U50I_75strat/LightGCN/LightGCN-Apr-05-2024_00-12-00.pth
Fri 05 Apr 2024 00:45:36 INFO  epoch 57 training [time: 11.74s, train loss: 12.2213]
Fri 05 Apr 2024 00:45:57 INFO  epoch 57 evaluating [time: 21.30s, valid_score: 0.118400]
Fri 05 Apr 2024 00:45:57 INFO  valid result: 
recall@10 : 0.137    mrr@10 : 0.1184    ndcg@10 : 0.0897    hit@10 : 0.2983    precision@10 : 0.0362
Fri 05 Apr 2024 00:45:58 INFO  Saving current: saved/LFM-1b_artist_20U50I_75strat/LightGCN/LightGCN-Apr-05-2024_00-12-00.pth
Fri 05 Apr 2024 00:46:10 INFO  epoch 58 training [time: 11.75s, train loss: 12.0591]
Fri 05 Apr 2024 00:46:31 INFO  epoch 58 evaluating [time: 21.35s, valid_score: 0.118800]
Fri 05 Apr 2024 00:46:31 INFO  valid result: 
recall@10 : 0.1384    mrr@10 : 0.1188    ndcg@10 : 0.0903    hit@10 : 0.3011    precision@10 : 0.0365
Fri 05 Apr 2024 00:46:32 INFO  Saving current: saved/LFM-1b_artist_20U50I_75strat/LightGCN/LightGCN-Apr-05-2024_00-12-00.pth
Fri 05 Apr 2024 00:46:44 INFO  epoch 59 training [time: 11.77s, train loss: 11.7606]
Fri 05 Apr 2024 00:47:05 INFO  epoch 59 evaluating [time: 21.25s, valid_score: 0.119400]
Fri 05 Apr 2024 00:47:05 INFO  valid result: 
recall@10 : 0.1388    mrr@10 : 0.1194    ndcg@10 : 0.0907    hit@10 : 0.3019    precision@10 : 0.0367
Fri 05 Apr 2024 00:47:06 INFO  Saving current: saved/LFM-1b_artist_20U50I_75strat/LightGCN/LightGCN-Apr-05-2024_00-12-00.pth
Fri 05 Apr 2024 00:47:17 INFO  epoch 60 training [time: 11.80s, train loss: 11.3477]
Fri 05 Apr 2024 00:47:39 INFO  epoch 60 evaluating [time: 21.29s, valid_score: 0.119800]
Fri 05 Apr 2024 00:47:39 INFO  valid result: 
recall@10 : 0.1395    mrr@10 : 0.1198    ndcg@10 : 0.0911    hit@10 : 0.3025    precision@10 : 0.0368
Fri 05 Apr 2024 00:47:39 INFO  Saving current: saved/LFM-1b_artist_20U50I_75strat/LightGCN/LightGCN-Apr-05-2024_00-12-00.pth
Fri 05 Apr 2024 00:47:51 INFO  epoch 61 training [time: 11.74s, train loss: 11.2652]
Fri 05 Apr 2024 00:48:12 INFO  epoch 61 evaluating [time: 21.29s, valid_score: 0.120100]
Fri 05 Apr 2024 00:48:12 INFO  valid result: 
recall@10 : 0.1401    mrr@10 : 0.1201    ndcg@10 : 0.0915    hit@10 : 0.3037    precision@10 : 0.0369
Fri 05 Apr 2024 00:48:13 INFO  Saving current: saved/LFM-1b_artist_20U50I_75strat/LightGCN/LightGCN-Apr-05-2024_00-12-00.pth
Fri 05 Apr 2024 00:48:25 INFO  epoch 62 training [time: 11.82s, train loss: 11.0472]
Fri 05 Apr 2024 00:48:46 INFO  epoch 62 evaluating [time: 21.36s, valid_score: 0.120300]
Fri 05 Apr 2024 00:48:46 INFO  valid result: 
recall@10 : 0.1398    mrr@10 : 0.1203    ndcg@10 : 0.0916    hit@10 : 0.3035    precision@10 : 0.0368
Fri 05 Apr 2024 00:48:47 INFO  Saving current: saved/LFM-1b_artist_20U50I_75strat/LightGCN/LightGCN-Apr-05-2024_00-12-00.pth
Fri 05 Apr 2024 00:48:59 INFO  epoch 63 training [time: 11.89s, train loss: 10.9479]
Fri 05 Apr 2024 00:49:20 INFO  epoch 63 evaluating [time: 21.38s, valid_score: 0.120800]
Fri 05 Apr 2024 00:49:20 INFO  valid result: 
recall@10 : 0.1406    mrr@10 : 0.1208    ndcg@10 : 0.092    hit@10 : 0.3044    precision@10 : 0.037
Fri 05 Apr 2024 00:49:21 INFO  Saving current: saved/LFM-1b_artist_20U50I_75strat/LightGCN/LightGCN-Apr-05-2024_00-12-00.pth
Fri 05 Apr 2024 00:49:33 INFO  epoch 64 training [time: 11.79s, train loss: 10.6341]
Fri 05 Apr 2024 00:49:54 INFO  epoch 64 evaluating [time: 21.34s, valid_score: 0.120900]
Fri 05 Apr 2024 00:49:54 INFO  valid result: 
recall@10 : 0.1416    mrr@10 : 0.1209    ndcg@10 : 0.0924    hit@10 : 0.305    precision@10 : 0.0371
Fri 05 Apr 2024 00:49:55 INFO  Saving current: saved/LFM-1b_artist_20U50I_75strat/LightGCN/LightGCN-Apr-05-2024_00-12-00.pth
Fri 05 Apr 2024 00:50:06 INFO  epoch 65 training [time: 11.72s, train loss: 10.4133]
Fri 05 Apr 2024 00:50:28 INFO  epoch 65 evaluating [time: 21.34s, valid_score: 0.121100]
Fri 05 Apr 2024 00:50:28 INFO  valid result: 
recall@10 : 0.1418    mrr@10 : 0.1211    ndcg@10 : 0.0927    hit@10 : 0.3061    precision@10 : 0.0372
Fri 05 Apr 2024 00:50:29 INFO  Saving current: saved/LFM-1b_artist_20U50I_75strat/LightGCN/LightGCN-Apr-05-2024_00-12-00.pth
Fri 05 Apr 2024 00:50:40 INFO  epoch 66 training [time: 11.76s, train loss: 10.2124]
Fri 05 Apr 2024 00:51:02 INFO  epoch 66 evaluating [time: 21.31s, valid_score: 0.121100]
Fri 05 Apr 2024 00:51:02 INFO  valid result: 
recall@10 : 0.142    mrr@10 : 0.1211    ndcg@10 : 0.0928    hit@10 : 0.3065    precision@10 : 0.0373
Fri 05 Apr 2024 00:51:02 INFO  Saving current: saved/LFM-1b_artist_20U50I_75strat/LightGCN/LightGCN-Apr-05-2024_00-12-00.pth
Fri 05 Apr 2024 00:51:14 INFO  epoch 67 training [time: 11.73s, train loss: 10.0886]
Fri 05 Apr 2024 00:51:35 INFO  epoch 67 evaluating [time: 21.28s, valid_score: 0.121700]
Fri 05 Apr 2024 00:51:35 INFO  valid result: 
recall@10 : 0.1431    mrr@10 : 0.1217    ndcg@10 : 0.0933    hit@10 : 0.3082    precision@10 : 0.0374
Fri 05 Apr 2024 00:51:36 INFO  Saving current: saved/LFM-1b_artist_20U50I_75strat/LightGCN/LightGCN-Apr-05-2024_00-12-00.pth
Fri 05 Apr 2024 00:51:48 INFO  epoch 68 training [time: 11.79s, train loss: 9.8769]
Fri 05 Apr 2024 00:52:09 INFO  epoch 68 evaluating [time: 21.26s, valid_score: 0.122500]
Fri 05 Apr 2024 00:52:09 INFO  valid result: 
recall@10 : 0.1437    mrr@10 : 0.1225    ndcg@10 : 0.0938    hit@10 : 0.3094    precision@10 : 0.0375
Fri 05 Apr 2024 00:52:10 INFO  Saving current: saved/LFM-1b_artist_20U50I_75strat/LightGCN/LightGCN-Apr-05-2024_00-12-00.pth
Fri 05 Apr 2024 00:52:22 INFO  epoch 69 training [time: 11.78s, train loss: 9.6215]
Fri 05 Apr 2024 00:52:43 INFO  epoch 69 evaluating [time: 21.29s, valid_score: 0.123100]
Fri 05 Apr 2024 00:52:43 INFO  valid result: 
recall@10 : 0.144    mrr@10 : 0.1231    ndcg@10 : 0.0941    hit@10 : 0.3095    precision@10 : 0.0376
Fri 05 Apr 2024 00:52:44 INFO  Saving current: saved/LFM-1b_artist_20U50I_75strat/LightGCN/LightGCN-Apr-05-2024_00-12-00.pth
Fri 05 Apr 2024 00:52:56 INFO  epoch 70 training [time: 11.73s, train loss: 9.3243]
Fri 05 Apr 2024 00:53:17 INFO  epoch 70 evaluating [time: 21.23s, valid_score: 0.124000]
Fri 05 Apr 2024 00:53:17 INFO  valid result: 
recall@10 : 0.1441    mrr@10 : 0.124    ndcg@10 : 0.0945    hit@10 : 0.3097    precision@10 : 0.0376
Fri 05 Apr 2024 00:53:18 INFO  Saving current: saved/LFM-1b_artist_20U50I_75strat/LightGCN/LightGCN-Apr-05-2024_00-12-00.pth
Fri 05 Apr 2024 00:53:29 INFO  epoch 71 training [time: 11.75s, train loss: 9.3876]
Fri 05 Apr 2024 00:53:51 INFO  epoch 71 evaluating [time: 21.31s, valid_score: 0.124200]
Fri 05 Apr 2024 00:53:51 INFO  valid result: 
recall@10 : 0.1457    mrr@10 : 0.1242    ndcg@10 : 0.0953    hit@10 : 0.3119    precision@10 : 0.0378
Fri 05 Apr 2024 00:53:51 INFO  Saving current: saved/LFM-1b_artist_20U50I_75strat/LightGCN/LightGCN-Apr-05-2024_00-12-00.pth
Fri 05 Apr 2024 00:54:03 INFO  epoch 72 training [time: 11.74s, train loss: 9.0758]
Fri 05 Apr 2024 00:54:25 INFO  epoch 72 evaluating [time: 21.35s, valid_score: 0.124900]
Fri 05 Apr 2024 00:54:25 INFO  valid result: 
recall@10 : 0.1461    mrr@10 : 0.1249    ndcg@10 : 0.0956    hit@10 : 0.3126    precision@10 : 0.038
Fri 05 Apr 2024 00:54:25 INFO  Saving current: saved/LFM-1b_artist_20U50I_75strat/LightGCN/LightGCN-Apr-05-2024_00-12-00.pth
Fri 05 Apr 2024 00:54:37 INFO  epoch 73 training [time: 11.73s, train loss: 9.0458]
Fri 05 Apr 2024 00:54:58 INFO  epoch 73 evaluating [time: 21.38s, valid_score: 0.124900]
Fri 05 Apr 2024 00:54:58 INFO  valid result: 
recall@10 : 0.1459    mrr@10 : 0.1249    ndcg@10 : 0.0958    hit@10 : 0.3121    precision@10 : 0.0379
Fri 05 Apr 2024 00:54:59 INFO  Saving current: saved/LFM-1b_artist_20U50I_75strat/LightGCN/LightGCN-Apr-05-2024_00-12-00.pth
Fri 05 Apr 2024 00:55:11 INFO  epoch 74 training [time: 11.74s, train loss: 8.8179]
Fri 05 Apr 2024 00:55:32 INFO  epoch 74 evaluating [time: 21.35s, valid_score: 0.125100]
Fri 05 Apr 2024 00:55:32 INFO  valid result: 
recall@10 : 0.1464    mrr@10 : 0.1251    ndcg@10 : 0.0959    hit@10 : 0.3133    precision@10 : 0.038
Fri 05 Apr 2024 00:55:33 INFO  Saving current: saved/LFM-1b_artist_20U50I_75strat/LightGCN/LightGCN-Apr-05-2024_00-12-00.pth
Fri 05 Apr 2024 00:55:45 INFO  epoch 75 training [time: 11.71s, train loss: 8.8049]
Fri 05 Apr 2024 00:56:06 INFO  epoch 75 evaluating [time: 21.33s, valid_score: 0.125700]
Fri 05 Apr 2024 00:56:06 INFO  valid result: 
recall@10 : 0.1465    mrr@10 : 0.1257    ndcg@10 : 0.0962    hit@10 : 0.3133    precision@10 : 0.0381
Fri 05 Apr 2024 00:56:07 INFO  Saving current: saved/LFM-1b_artist_20U50I_75strat/LightGCN/LightGCN-Apr-05-2024_00-12-00.pth
Fri 05 Apr 2024 00:56:19 INFO  epoch 76 training [time: 11.73s, train loss: 8.5129]
Fri 05 Apr 2024 00:56:40 INFO  epoch 76 evaluating [time: 21.38s, valid_score: 0.125900]
Fri 05 Apr 2024 00:56:40 INFO  valid result: 
recall@10 : 0.1479    mrr@10 : 0.1259    ndcg@10 : 0.0968    hit@10 : 0.315    precision@10 : 0.0383
Fri 05 Apr 2024 00:56:41 INFO  Saving current: saved/LFM-1b_artist_20U50I_75strat/LightGCN/LightGCN-Apr-05-2024_00-12-00.pth
Fri 05 Apr 2024 00:56:52 INFO  epoch 77 training [time: 11.77s, train loss: 8.3990]
Fri 05 Apr 2024 00:57:14 INFO  epoch 77 evaluating [time: 21.32s, valid_score: 0.126500]
Fri 05 Apr 2024 00:57:14 INFO  valid result: 
recall@10 : 0.1481    mrr@10 : 0.1265    ndcg@10 : 0.0972    hit@10 : 0.3153    precision@10 : 0.0384
Fri 05 Apr 2024 00:57:15 INFO  Saving current: saved/LFM-1b_artist_20U50I_75strat/LightGCN/LightGCN-Apr-05-2024_00-12-00.pth
Fri 05 Apr 2024 00:57:26 INFO  epoch 78 training [time: 11.77s, train loss: 8.3038]
Fri 05 Apr 2024 00:57:49 INFO  epoch 78 evaluating [time: 23.12s, valid_score: 0.126900]
Fri 05 Apr 2024 00:57:49 INFO  valid result: 
recall@10 : 0.1488    mrr@10 : 0.1269    ndcg@10 : 0.0975    hit@10 : 0.3156    precision@10 : 0.0384
Fri 05 Apr 2024 00:57:50 INFO  Saving current: saved/LFM-1b_artist_20U50I_75strat/LightGCN/LightGCN-Apr-05-2024_00-12-00.pth
Fri 05 Apr 2024 00:58:02 INFO  epoch 79 training [time: 11.72s, train loss: 8.1406]
Fri 05 Apr 2024 00:58:23 INFO  epoch 79 evaluating [time: 21.37s, valid_score: 0.127300]
Fri 05 Apr 2024 00:58:23 INFO  valid result: 
recall@10 : 0.149    mrr@10 : 0.1273    ndcg@10 : 0.0978    hit@10 : 0.3163    precision@10 : 0.0386
Fri 05 Apr 2024 00:58:24 INFO  Saving current: saved/LFM-1b_artist_20U50I_75strat/LightGCN/LightGCN-Apr-05-2024_00-12-00.pth
Fri 05 Apr 2024 00:58:36 INFO  epoch 80 training [time: 11.79s, train loss: 7.9240]
Fri 05 Apr 2024 00:58:57 INFO  epoch 80 evaluating [time: 21.34s, valid_score: 0.127400]
Fri 05 Apr 2024 00:58:57 INFO  valid result: 
recall@10 : 0.1487    mrr@10 : 0.1274    ndcg@10 : 0.0977    hit@10 : 0.3165    precision@10 : 0.0385
Fri 05 Apr 2024 00:58:58 INFO  Saving current: saved/LFM-1b_artist_20U50I_75strat/LightGCN/LightGCN-Apr-05-2024_00-12-00.pth
Fri 05 Apr 2024 00:59:09 INFO  epoch 81 training [time: 11.74s, train loss: 7.8338]
Fri 05 Apr 2024 00:59:31 INFO  epoch 81 evaluating [time: 21.37s, valid_score: 0.127000]
Fri 05 Apr 2024 00:59:31 INFO  valid result: 
recall@10 : 0.1489    mrr@10 : 0.127    ndcg@10 : 0.0976    hit@10 : 0.3158    precision@10 : 0.0385
Fri 05 Apr 2024 00:59:43 INFO  epoch 82 training [time: 11.84s, train loss: 7.7483]
Fri 05 Apr 2024 01:00:04 INFO  epoch 82 evaluating [time: 21.50s, valid_score: 0.127500]
Fri 05 Apr 2024 01:00:04 INFO  valid result: 
recall@10 : 0.1492    mrr@10 : 0.1275    ndcg@10 : 0.0981    hit@10 : 0.3171    precision@10 : 0.0387
Fri 05 Apr 2024 01:00:05 INFO  Saving current: saved/LFM-1b_artist_20U50I_75strat/LightGCN/LightGCN-Apr-05-2024_00-12-00.pth
Fri 05 Apr 2024 01:00:17 INFO  epoch 83 training [time: 11.74s, train loss: 7.4861]
Fri 05 Apr 2024 01:00:38 INFO  epoch 83 evaluating [time: 21.47s, valid_score: 0.127900]
Fri 05 Apr 2024 01:00:38 INFO  valid result: 
recall@10 : 0.1496    mrr@10 : 0.1279    ndcg@10 : 0.0983    hit@10 : 0.3178    precision@10 : 0.0388
Fri 05 Apr 2024 01:00:39 INFO  Saving current: saved/LFM-1b_artist_20U50I_75strat/LightGCN/LightGCN-Apr-05-2024_00-12-00.pth
Fri 05 Apr 2024 01:00:51 INFO  epoch 84 training [time: 11.74s, train loss: 7.4766]
Fri 05 Apr 2024 01:01:12 INFO  epoch 84 evaluating [time: 21.40s, valid_score: 0.127800]
Fri 05 Apr 2024 01:01:12 INFO  valid result: 
recall@10 : 0.1498    mrr@10 : 0.1278    ndcg@10 : 0.0984    hit@10 : 0.318    precision@10 : 0.0389
Fri 05 Apr 2024 01:01:24 INFO  epoch 85 training [time: 11.91s, train loss: 7.4966]
Fri 05 Apr 2024 01:01:45 INFO  epoch 85 evaluating [time: 21.36s, valid_score: 0.128200]
Fri 05 Apr 2024 01:01:45 INFO  valid result: 
recall@10 : 0.1499    mrr@10 : 0.1282    ndcg@10 : 0.0988    hit@10 : 0.3171    precision@10 : 0.0387
Fri 05 Apr 2024 01:01:46 INFO  Saving current: saved/LFM-1b_artist_20U50I_75strat/LightGCN/LightGCN-Apr-05-2024_00-12-00.pth
Fri 05 Apr 2024 01:01:58 INFO  epoch 86 training [time: 11.78s, train loss: 7.3002]
Fri 05 Apr 2024 01:02:19 INFO  epoch 86 evaluating [time: 21.38s, valid_score: 0.128500]
Fri 05 Apr 2024 01:02:19 INFO  valid result: 
recall@10 : 0.1509    mrr@10 : 0.1285    ndcg@10 : 0.0992    hit@10 : 0.32    precision@10 : 0.039
Fri 05 Apr 2024 01:02:20 INFO  Saving current: saved/LFM-1b_artist_20U50I_75strat/LightGCN/LightGCN-Apr-05-2024_00-12-00.pth
Fri 05 Apr 2024 01:02:31 INFO  epoch 87 training [time: 11.73s, train loss: 7.1772]
Fri 05 Apr 2024 01:02:53 INFO  epoch 87 evaluating [time: 21.41s, valid_score: 0.128000]
Fri 05 Apr 2024 01:02:53 INFO  valid result: 
recall@10 : 0.1514    mrr@10 : 0.128    ndcg@10 : 0.0992    hit@10 : 0.3195    precision@10 : 0.0389
Fri 05 Apr 2024 01:03:05 INFO  epoch 88 training [time: 11.86s, train loss: 7.0164]
Fri 05 Apr 2024 01:03:26 INFO  epoch 88 evaluating [time: 21.46s, valid_score: 0.128300]
Fri 05 Apr 2024 01:03:26 INFO  valid result: 
recall@10 : 0.151    mrr@10 : 0.1283    ndcg@10 : 0.0992    hit@10 : 0.3198    precision@10 : 0.039
Fri 05 Apr 2024 01:03:38 INFO  epoch 89 training [time: 11.87s, train loss: 7.0001]
Fri 05 Apr 2024 01:03:59 INFO  epoch 89 evaluating [time: 21.41s, valid_score: 0.128800]
Fri 05 Apr 2024 01:03:59 INFO  valid result: 
recall@10 : 0.1504    mrr@10 : 0.1288    ndcg@10 : 0.0991    hit@10 : 0.32    precision@10 : 0.039
Fri 05 Apr 2024 01:04:00 INFO  Saving current: saved/LFM-1b_artist_20U50I_75strat/LightGCN/LightGCN-Apr-05-2024_00-12-00.pth
Fri 05 Apr 2024 01:04:12 INFO  epoch 90 training [time: 11.77s, train loss: 6.8880]
Fri 05 Apr 2024 01:04:33 INFO  epoch 90 evaluating [time: 21.45s, valid_score: 0.128700]
Fri 05 Apr 2024 01:04:33 INFO  valid result: 
recall@10 : 0.1526    mrr@10 : 0.1287    ndcg@10 : 0.0996    hit@10 : 0.3221    precision@10 : 0.0392
Fri 05 Apr 2024 01:04:45 INFO  epoch 91 training [time: 11.93s, train loss: 6.7827]
Fri 05 Apr 2024 01:05:07 INFO  epoch 91 evaluating [time: 21.52s, valid_score: 0.129300]
Fri 05 Apr 2024 01:05:07 INFO  valid result: 
recall@10 : 0.1529    mrr@10 : 0.1293    ndcg@10 : 0.1002    hit@10 : 0.3224    precision@10 : 0.0394
Fri 05 Apr 2024 01:05:08 INFO  Saving current: saved/LFM-1b_artist_20U50I_75strat/LightGCN/LightGCN-Apr-05-2024_00-12-00.pth
Fri 05 Apr 2024 01:05:20 INFO  epoch 92 training [time: 11.75s, train loss: 6.6983]
Fri 05 Apr 2024 01:05:41 INFO  epoch 92 evaluating [time: 21.14s, valid_score: 0.129000]
Fri 05 Apr 2024 01:05:41 INFO  valid result: 
recall@10 : 0.1527    mrr@10 : 0.129    ndcg@10 : 0.1    hit@10 : 0.3223    precision@10 : 0.0394
Fri 05 Apr 2024 01:05:53 INFO  epoch 93 training [time: 11.85s, train loss: 6.5234]
Fri 05 Apr 2024 01:06:14 INFO  epoch 93 evaluating [time: 21.19s, valid_score: 0.129500]
Fri 05 Apr 2024 01:06:14 INFO  valid result: 
recall@10 : 0.1524    mrr@10 : 0.1295    ndcg@10 : 0.1002    hit@10 : 0.3227    precision@10 : 0.0394
Fri 05 Apr 2024 01:06:14 INFO  Saving current: saved/LFM-1b_artist_20U50I_75strat/LightGCN/LightGCN-Apr-05-2024_00-12-00.pth
Fri 05 Apr 2024 01:06:26 INFO  epoch 94 training [time: 11.74s, train loss: 6.5326]
Fri 05 Apr 2024 01:06:47 INFO  epoch 94 evaluating [time: 21.29s, valid_score: 0.129300]
Fri 05 Apr 2024 01:06:47 INFO  valid result: 
recall@10 : 0.1525    mrr@10 : 0.1293    ndcg@10 : 0.1002    hit@10 : 0.323    precision@10 : 0.0395
Fri 05 Apr 2024 01:06:59 INFO  epoch 95 training [time: 11.87s, train loss: 6.3603]
Fri 05 Apr 2024 01:07:21 INFO  epoch 95 evaluating [time: 21.29s, valid_score: 0.130000]
Fri 05 Apr 2024 01:07:21 INFO  valid result: 
recall@10 : 0.1536    mrr@10 : 0.13    ndcg@10 : 0.1008    hit@10 : 0.3244    precision@10 : 0.0397
Fri 05 Apr 2024 01:07:21 INFO  Saving current: saved/LFM-1b_artist_20U50I_75strat/LightGCN/LightGCN-Apr-05-2024_00-12-00.pth
Fri 05 Apr 2024 01:07:33 INFO  epoch 96 training [time: 11.72s, train loss: 6.3313]
Fri 05 Apr 2024 01:07:54 INFO  epoch 96 evaluating [time: 21.24s, valid_score: 0.129600]
Fri 05 Apr 2024 01:07:54 INFO  valid result: 
recall@10 : 0.1535    mrr@10 : 0.1296    ndcg@10 : 0.1006    hit@10 : 0.3252    precision@10 : 0.0397
Fri 05 Apr 2024 01:08:06 INFO  epoch 97 training [time: 11.86s, train loss: 6.2108]
Fri 05 Apr 2024 01:08:28 INFO  epoch 97 evaluating [time: 21.36s, valid_score: 0.130800]
Fri 05 Apr 2024 01:08:28 INFO  valid result: 
recall@10 : 0.154    mrr@10 : 0.1308    ndcg@10 : 0.1014    hit@10 : 0.3255    precision@10 : 0.0398
Fri 05 Apr 2024 01:08:28 INFO  Saving current: saved/LFM-1b_artist_20U50I_75strat/LightGCN/LightGCN-Apr-05-2024_00-12-00.pth
Fri 05 Apr 2024 01:08:40 INFO  epoch 98 training [time: 11.76s, train loss: 6.3840]
Fri 05 Apr 2024 01:09:01 INFO  epoch 98 evaluating [time: 21.29s, valid_score: 0.131500]
Fri 05 Apr 2024 01:09:01 INFO  valid result: 
recall@10 : 0.1536    mrr@10 : 0.1315    ndcg@10 : 0.1014    hit@10 : 0.3247    precision@10 : 0.0397
Fri 05 Apr 2024 01:09:02 INFO  Saving current: saved/LFM-1b_artist_20U50I_75strat/LightGCN/LightGCN-Apr-05-2024_00-12-00.pth
Fri 05 Apr 2024 01:09:14 INFO  epoch 99 training [time: 11.73s, train loss: 5.9758]
Fri 05 Apr 2024 01:09:35 INFO  epoch 99 evaluating [time: 21.31s, valid_score: 0.131400]
Fri 05 Apr 2024 01:09:35 INFO  valid result: 
recall@10 : 0.1532    mrr@10 : 0.1314    ndcg@10 : 0.1012    hit@10 : 0.3247    precision@10 : 0.0396
Fri 05 Apr 2024 01:09:47 INFO  epoch 100 training [time: 11.86s, train loss: 5.9628]
Fri 05 Apr 2024 01:10:08 INFO  epoch 100 evaluating [time: 21.41s, valid_score: 0.131600]
Fri 05 Apr 2024 01:10:08 INFO  valid result: 
recall@10 : 0.1545    mrr@10 : 0.1316    ndcg@10 : 0.1018    hit@10 : 0.3263    precision@10 : 0.0399
Fri 05 Apr 2024 01:10:09 INFO  Saving current: saved/LFM-1b_artist_20U50I_75strat/LightGCN/LightGCN-Apr-05-2024_00-12-00.pth
Fri 05 Apr 2024 01:10:21 INFO  epoch 101 training [time: 11.76s, train loss: 5.8820]
Fri 05 Apr 2024 01:10:42 INFO  epoch 101 evaluating [time: 21.34s, valid_score: 0.131400]
Fri 05 Apr 2024 01:10:42 INFO  valid result: 
recall@10 : 0.1538    mrr@10 : 0.1314    ndcg@10 : 0.1016    hit@10 : 0.3259    precision@10 : 0.0398
Fri 05 Apr 2024 01:10:54 INFO  epoch 102 training [time: 11.85s, train loss: 5.8937]
Fri 05 Apr 2024 01:11:16 INFO  epoch 102 evaluating [time: 21.29s, valid_score: 0.131700]
Fri 05 Apr 2024 01:11:16 INFO  valid result: 
recall@10 : 0.1539    mrr@10 : 0.1317    ndcg@10 : 0.1018    hit@10 : 0.3255    precision@10 : 0.0398
Fri 05 Apr 2024 01:11:17 INFO  Saving current: saved/LFM-1b_artist_20U50I_75strat/LightGCN/LightGCN-Apr-05-2024_00-12-00.pth
Fri 05 Apr 2024 01:11:28 INFO  epoch 103 training [time: 11.74s, train loss: 5.8247]
Fri 05 Apr 2024 01:11:50 INFO  epoch 103 evaluating [time: 21.30s, valid_score: 0.132100]
Fri 05 Apr 2024 01:11:50 INFO  valid result: 
recall@10 : 0.1537    mrr@10 : 0.1321    ndcg@10 : 0.102    hit@10 : 0.3248    precision@10 : 0.0397
Fri 05 Apr 2024 01:11:50 INFO  Saving current: saved/LFM-1b_artist_20U50I_75strat/LightGCN/LightGCN-Apr-05-2024_00-12-00.pth
Fri 05 Apr 2024 01:12:02 INFO  epoch 104 training [time: 11.76s, train loss: 5.7341]
Fri 05 Apr 2024 01:12:23 INFO  epoch 104 evaluating [time: 21.33s, valid_score: 0.131900]
Fri 05 Apr 2024 01:12:23 INFO  valid result: 
recall@10 : 0.1539    mrr@10 : 0.1319    ndcg@10 : 0.1019    hit@10 : 0.3257    precision@10 : 0.0399
Fri 05 Apr 2024 01:12:35 INFO  epoch 105 training [time: 11.85s, train loss: 5.6629]
Fri 05 Apr 2024 01:12:57 INFO  epoch 105 evaluating [time: 21.31s, valid_score: 0.131700]
Fri 05 Apr 2024 01:12:57 INFO  valid result: 
recall@10 : 0.1542    mrr@10 : 0.1317    ndcg@10 : 0.102    hit@10 : 0.3257    precision@10 : 0.0398
Fri 05 Apr 2024 01:13:08 INFO  epoch 106 training [time: 11.84s, train loss: 5.4750]
Fri 05 Apr 2024 01:13:30 INFO  epoch 106 evaluating [time: 21.31s, valid_score: 0.132400]
Fri 05 Apr 2024 01:13:30 INFO  valid result: 
recall@10 : 0.1547    mrr@10 : 0.1324    ndcg@10 : 0.1023    hit@10 : 0.3269    precision@10 : 0.0399
Fri 05 Apr 2024 01:13:31 INFO  Saving current: saved/LFM-1b_artist_20U50I_75strat/LightGCN/LightGCN-Apr-05-2024_00-12-00.pth
Fri 05 Apr 2024 01:13:43 INFO  epoch 107 training [time: 11.78s, train loss: 5.5323]
Fri 05 Apr 2024 01:14:04 INFO  epoch 107 evaluating [time: 21.35s, valid_score: 0.132300]
Fri 05 Apr 2024 01:14:04 INFO  valid result: 
recall@10 : 0.1559    mrr@10 : 0.1323    ndcg@10 : 0.1027    hit@10 : 0.3282    precision@10 : 0.0402
Fri 05 Apr 2024 01:14:16 INFO  epoch 108 training [time: 11.85s, train loss: 5.4306]
Fri 05 Apr 2024 01:14:37 INFO  epoch 108 evaluating [time: 21.42s, valid_score: 0.132300]
Fri 05 Apr 2024 01:14:37 INFO  valid result: 
recall@10 : 0.1566    mrr@10 : 0.1323    ndcg@10 : 0.103    hit@10 : 0.3296    precision@10 : 0.0403
Fri 05 Apr 2024 01:14:49 INFO  epoch 109 training [time: 11.91s, train loss: 5.4002]
Fri 05 Apr 2024 01:15:11 INFO  epoch 109 evaluating [time: 21.54s, valid_score: 0.132500]
Fri 05 Apr 2024 01:15:11 INFO  valid result: 
recall@10 : 0.1574    mrr@10 : 0.1325    ndcg@10 : 0.1033    hit@10 : 0.3311    precision@10 : 0.0406
Fri 05 Apr 2024 01:15:12 INFO  Saving current: saved/LFM-1b_artist_20U50I_75strat/LightGCN/LightGCN-Apr-05-2024_00-12-00.pth
Fri 05 Apr 2024 01:15:23 INFO  epoch 110 training [time: 11.78s, train loss: 5.3236]
Fri 05 Apr 2024 01:15:45 INFO  epoch 110 evaluating [time: 21.40s, valid_score: 0.133100]
Fri 05 Apr 2024 01:15:45 INFO  valid result: 
recall@10 : 0.1575    mrr@10 : 0.1331    ndcg@10 : 0.1034    hit@10 : 0.3306    precision@10 : 0.0405
Fri 05 Apr 2024 01:15:46 INFO  Saving current: saved/LFM-1b_artist_20U50I_75strat/LightGCN/LightGCN-Apr-05-2024_00-12-00.pth
Fri 05 Apr 2024 01:15:57 INFO  epoch 111 training [time: 11.78s, train loss: 5.2748]
Fri 05 Apr 2024 01:16:19 INFO  epoch 111 evaluating [time: 21.40s, valid_score: 0.133100]
Fri 05 Apr 2024 01:16:19 INFO  valid result: 
recall@10 : 0.1568    mrr@10 : 0.1331    ndcg@10 : 0.1032    hit@10 : 0.3295    precision@10 : 0.0404
Fri 05 Apr 2024 01:16:19 INFO  Saving current: saved/LFM-1b_artist_20U50I_75strat/LightGCN/LightGCN-Apr-05-2024_00-12-00.pth
Fri 05 Apr 2024 01:16:31 INFO  epoch 112 training [time: 11.79s, train loss: 5.2953]
Fri 05 Apr 2024 01:16:53 INFO  epoch 112 evaluating [time: 21.37s, valid_score: 0.132600]
Fri 05 Apr 2024 01:16:53 INFO  valid result: 
recall@10 : 0.1564    mrr@10 : 0.1326    ndcg@10 : 0.1029    hit@10 : 0.3287    precision@10 : 0.0402
Fri 05 Apr 2024 01:17:04 INFO  epoch 113 training [time: 11.86s, train loss: 5.1214]
Fri 05 Apr 2024 01:17:26 INFO  epoch 113 evaluating [time: 21.48s, valid_score: 0.132500]
Fri 05 Apr 2024 01:17:26 INFO  valid result: 
recall@10 : 0.1569    mrr@10 : 0.1325    ndcg@10 : 0.1031    hit@10 : 0.3296    precision@10 : 0.0404
Fri 05 Apr 2024 01:17:38 INFO  epoch 114 training [time: 11.92s, train loss: 5.1556]
Fri 05 Apr 2024 01:17:59 INFO  epoch 114 evaluating [time: 21.44s, valid_score: 0.133000]
Fri 05 Apr 2024 01:17:59 INFO  valid result: 
recall@10 : 0.1576    mrr@10 : 0.133    ndcg@10 : 0.1036    hit@10 : 0.3304    precision@10 : 0.0405
Fri 05 Apr 2024 01:18:11 INFO  epoch 115 training [time: 11.93s, train loss: 4.9586]
Fri 05 Apr 2024 01:18:33 INFO  epoch 115 evaluating [time: 21.51s, valid_score: 0.132700]
Fri 05 Apr 2024 01:18:33 INFO  valid result: 
recall@10 : 0.157    mrr@10 : 0.1327    ndcg@10 : 0.1034    hit@10 : 0.329    precision@10 : 0.0404
Fri 05 Apr 2024 01:18:45 INFO  epoch 116 training [time: 11.90s, train loss: 5.0227]
Fri 05 Apr 2024 01:19:06 INFO  epoch 116 evaluating [time: 21.41s, valid_score: 0.133300]
Fri 05 Apr 2024 01:19:06 INFO  valid result: 
recall@10 : 0.1579    mrr@10 : 0.1333    ndcg@10 : 0.1038    hit@10 : 0.3307    precision@10 : 0.0403
Fri 05 Apr 2024 01:19:07 INFO  Saving current: saved/LFM-1b_artist_20U50I_75strat/LightGCN/LightGCN-Apr-05-2024_00-12-00.pth
Fri 05 Apr 2024 01:19:19 INFO  epoch 117 training [time: 11.74s, train loss: 5.0042]
Fri 05 Apr 2024 01:19:40 INFO  epoch 117 evaluating [time: 21.42s, valid_score: 0.133700]
Fri 05 Apr 2024 01:19:40 INFO  valid result: 
recall@10 : 0.1586    mrr@10 : 0.1337    ndcg@10 : 0.1042    hit@10 : 0.3318    precision@10 : 0.0405
Fri 05 Apr 2024 01:19:41 INFO  Saving current: saved/LFM-1b_artist_20U50I_75strat/LightGCN/LightGCN-Apr-05-2024_00-12-00.pth
Fri 05 Apr 2024 01:19:53 INFO  epoch 118 training [time: 11.79s, train loss: 4.8614]
Fri 05 Apr 2024 01:20:14 INFO  epoch 118 evaluating [time: 21.57s, valid_score: 0.133500]
Fri 05 Apr 2024 01:20:14 INFO  valid result: 
recall@10 : 0.1588    mrr@10 : 0.1335    ndcg@10 : 0.104    hit@10 : 0.3328    precision@10 : 0.0406
Fri 05 Apr 2024 01:20:26 INFO  epoch 119 training [time: 11.90s, train loss: 4.7800]
Fri 05 Apr 2024 01:20:47 INFO  epoch 119 evaluating [time: 21.41s, valid_score: 0.133400]
Fri 05 Apr 2024 01:20:47 INFO  valid result: 
recall@10 : 0.1584    mrr@10 : 0.1334    ndcg@10 : 0.1039    hit@10 : 0.3319    precision@10 : 0.0405
Fri 05 Apr 2024 01:20:59 INFO  epoch 120 training [time: 11.88s, train loss: 4.8137]
Fri 05 Apr 2024 01:21:21 INFO  epoch 120 evaluating [time: 21.36s, valid_score: 0.133500]
Fri 05 Apr 2024 01:21:21 INFO  valid result: 
recall@10 : 0.1586    mrr@10 : 0.1335    ndcg@10 : 0.104    hit@10 : 0.3321    precision@10 : 0.0406
Fri 05 Apr 2024 01:21:33 INFO  epoch 121 training [time: 11.90s, train loss: 4.6221]
Fri 05 Apr 2024 01:21:54 INFO  epoch 121 evaluating [time: 21.35s, valid_score: 0.133900]
Fri 05 Apr 2024 01:21:54 INFO  valid result: 
recall@10 : 0.1585    mrr@10 : 0.1339    ndcg@10 : 0.1041    hit@10 : 0.332    precision@10 : 0.0406
Fri 05 Apr 2024 01:21:55 INFO  Saving current: saved/LFM-1b_artist_20U50I_75strat/LightGCN/LightGCN-Apr-05-2024_00-12-00.pth
Fri 05 Apr 2024 01:22:06 INFO  epoch 122 training [time: 11.74s, train loss: 4.6537]
Fri 05 Apr 2024 01:22:28 INFO  epoch 122 evaluating [time: 21.51s, valid_score: 0.134600]
Fri 05 Apr 2024 01:22:28 INFO  valid result: 
recall@10 : 0.16    mrr@10 : 0.1346    ndcg@10 : 0.1048    hit@10 : 0.3339    precision@10 : 0.0409
Fri 05 Apr 2024 01:22:29 INFO  Saving current: saved/LFM-1b_artist_20U50I_75strat/LightGCN/LightGCN-Apr-05-2024_00-12-00.pth
Fri 05 Apr 2024 01:22:41 INFO  epoch 123 training [time: 11.78s, train loss: 4.5967]
Fri 05 Apr 2024 01:23:02 INFO  epoch 123 evaluating [time: 21.49s, valid_score: 0.134100]
Fri 05 Apr 2024 01:23:02 INFO  valid result: 
recall@10 : 0.1601    mrr@10 : 0.1341    ndcg@10 : 0.1047    hit@10 : 0.3338    precision@10 : 0.0409
Fri 05 Apr 2024 01:23:14 INFO  epoch 124 training [time: 11.86s, train loss: 4.5458]
Fri 05 Apr 2024 01:23:35 INFO  epoch 124 evaluating [time: 21.49s, valid_score: 0.134600]
Fri 05 Apr 2024 01:23:35 INFO  valid result: 
recall@10 : 0.1607    mrr@10 : 0.1346    ndcg@10 : 0.1051    hit@10 : 0.3349    precision@10 : 0.0411
Fri 05 Apr 2024 01:23:36 INFO  Saving current: saved/LFM-1b_artist_20U50I_75strat/LightGCN/LightGCN-Apr-05-2024_00-12-00.pth
Fri 05 Apr 2024 01:23:48 INFO  epoch 125 training [time: 11.75s, train loss: 4.5682]
Fri 05 Apr 2024 01:24:09 INFO  epoch 125 evaluating [time: 21.46s, valid_score: 0.134600]
Fri 05 Apr 2024 01:24:09 INFO  valid result: 
recall@10 : 0.16    mrr@10 : 0.1346    ndcg@10 : 0.1051    hit@10 : 0.3346    precision@10 : 0.0411
Fri 05 Apr 2024 01:24:10 INFO  Saving current: saved/LFM-1b_artist_20U50I_75strat/LightGCN/LightGCN-Apr-05-2024_00-12-00.pth
Fri 05 Apr 2024 01:24:22 INFO  epoch 126 training [time: 11.75s, train loss: 4.4809]
Fri 05 Apr 2024 01:24:43 INFO  epoch 126 evaluating [time: 21.53s, valid_score: 0.135000]
Fri 05 Apr 2024 01:24:43 INFO  valid result: 
recall@10 : 0.1598    mrr@10 : 0.135    ndcg@10 : 0.1051    hit@10 : 0.3345    precision@10 : 0.0409
Fri 05 Apr 2024 01:24:44 INFO  Saving current: saved/LFM-1b_artist_20U50I_75strat/LightGCN/LightGCN-Apr-05-2024_00-12-00.pth
Fri 05 Apr 2024 01:24:56 INFO  epoch 127 training [time: 11.75s, train loss: 4.4093]
Fri 05 Apr 2024 01:25:17 INFO  epoch 127 evaluating [time: 21.61s, valid_score: 0.135000]
Fri 05 Apr 2024 01:25:17 INFO  valid result: 
recall@10 : 0.1596    mrr@10 : 0.135    ndcg@10 : 0.1053    hit@10 : 0.3341    precision@10 : 0.0409
Fri 05 Apr 2024 01:25:18 INFO  Saving current: saved/LFM-1b_artist_20U50I_75strat/LightGCN/LightGCN-Apr-05-2024_00-12-00.pth
Fri 05 Apr 2024 01:25:30 INFO  epoch 128 training [time: 11.77s, train loss: 4.4055]
Fri 05 Apr 2024 01:25:51 INFO  epoch 128 evaluating [time: 21.42s, valid_score: 0.135100]
Fri 05 Apr 2024 01:25:51 INFO  valid result: 
recall@10 : 0.1603    mrr@10 : 0.1351    ndcg@10 : 0.1053    hit@10 : 0.3349    precision@10 : 0.0409
Fri 05 Apr 2024 01:25:52 INFO  Saving current: saved/LFM-1b_artist_20U50I_75strat/LightGCN/LightGCN-Apr-05-2024_00-12-00.pth
Fri 05 Apr 2024 01:26:03 INFO  epoch 129 training [time: 11.75s, train loss: 4.2650]
Fri 05 Apr 2024 01:26:25 INFO  epoch 129 evaluating [time: 21.33s, valid_score: 0.135600]
Fri 05 Apr 2024 01:26:25 INFO  valid result: 
recall@10 : 0.1603    mrr@10 : 0.1356    ndcg@10 : 0.1056    hit@10 : 0.3358    precision@10 : 0.0411
Fri 05 Apr 2024 01:26:25 INFO  Saving current: saved/LFM-1b_artist_20U50I_75strat/LightGCN/LightGCN-Apr-05-2024_00-12-00.pth
Fri 05 Apr 2024 01:26:37 INFO  epoch 130 training [time: 11.76s, train loss: 4.3729]
Fri 05 Apr 2024 01:26:59 INFO  epoch 130 evaluating [time: 21.42s, valid_score: 0.135100]
Fri 05 Apr 2024 01:26:59 INFO  valid result: 
recall@10 : 0.1604    mrr@10 : 0.1351    ndcg@10 : 0.1054    hit@10 : 0.3358    precision@10 : 0.0411
Fri 05 Apr 2024 01:27:11 INFO  epoch 131 training [time: 11.90s, train loss: 4.2990]
Fri 05 Apr 2024 01:27:32 INFO  epoch 131 evaluating [time: 21.30s, valid_score: 0.135600]
Fri 05 Apr 2024 01:27:32 INFO  valid result: 
recall@10 : 0.161    mrr@10 : 0.1356    ndcg@10 : 0.1058    hit@10 : 0.3367    precision@10 : 0.0412
Fri 05 Apr 2024 01:27:33 INFO  Saving current: saved/LFM-1b_artist_20U50I_75strat/LightGCN/LightGCN-Apr-05-2024_00-12-00.pth
Fri 05 Apr 2024 01:27:44 INFO  epoch 132 training [time: 11.76s, train loss: 4.1929]
Fri 05 Apr 2024 01:28:06 INFO  epoch 132 evaluating [time: 21.29s, valid_score: 0.135600]
Fri 05 Apr 2024 01:28:06 INFO  valid result: 
recall@10 : 0.161    mrr@10 : 0.1356    ndcg@10 : 0.1057    hit@10 : 0.3364    precision@10 : 0.041
Fri 05 Apr 2024 01:28:06 INFO  Saving current: saved/LFM-1b_artist_20U50I_75strat/LightGCN/LightGCN-Apr-05-2024_00-12-00.pth
Fri 05 Apr 2024 01:28:18 INFO  epoch 133 training [time: 11.85s, train loss: 4.1648]
Fri 05 Apr 2024 01:28:40 INFO  epoch 133 evaluating [time: 21.43s, valid_score: 0.135500]
Fri 05 Apr 2024 01:28:40 INFO  valid result: 
recall@10 : 0.1616    mrr@10 : 0.1355    ndcg@10 : 0.1059    hit@10 : 0.3368    precision@10 : 0.0411
Fri 05 Apr 2024 01:28:52 INFO  epoch 134 training [time: 11.95s, train loss: 4.1923]
Fri 05 Apr 2024 01:29:13 INFO  epoch 134 evaluating [time: 21.41s, valid_score: 0.135200]
Fri 05 Apr 2024 01:29:13 INFO  valid result: 
recall@10 : 0.16    mrr@10 : 0.1352    ndcg@10 : 0.1053    hit@10 : 0.3345    precision@10 : 0.0408
Fri 05 Apr 2024 01:29:25 INFO  epoch 135 training [time: 11.92s, train loss: 4.0689]
Fri 05 Apr 2024 01:29:46 INFO  epoch 135 evaluating [time: 21.42s, valid_score: 0.135600]
Fri 05 Apr 2024 01:29:46 INFO  valid result: 
recall@10 : 0.1612    mrr@10 : 0.1356    ndcg@10 : 0.106    hit@10 : 0.3364    precision@10 : 0.0411
Fri 05 Apr 2024 01:29:47 INFO  Saving current: saved/LFM-1b_artist_20U50I_75strat/LightGCN/LightGCN-Apr-05-2024_00-12-00.pth
Fri 05 Apr 2024 01:29:59 INFO  epoch 136 training [time: 11.77s, train loss: 4.1148]
Fri 05 Apr 2024 01:30:20 INFO  epoch 136 evaluating [time: 21.35s, valid_score: 0.136000]
Fri 05 Apr 2024 01:30:20 INFO  valid result: 
recall@10 : 0.1614    mrr@10 : 0.136    ndcg@10 : 0.106    hit@10 : 0.3361    precision@10 : 0.0411
Fri 05 Apr 2024 01:30:21 INFO  Saving current: saved/LFM-1b_artist_20U50I_75strat/LightGCN/LightGCN-Apr-05-2024_00-12-00.pth
Fri 05 Apr 2024 01:30:33 INFO  epoch 137 training [time: 11.75s, train loss: 3.9385]
Fri 05 Apr 2024 01:30:54 INFO  epoch 137 evaluating [time: 21.09s, valid_score: 0.135800]
Fri 05 Apr 2024 01:30:54 INFO  valid result: 
recall@10 : 0.1618    mrr@10 : 0.1358    ndcg@10 : 0.1061    hit@10 : 0.3367    precision@10 : 0.0412
Fri 05 Apr 2024 01:31:06 INFO  epoch 138 training [time: 11.89s, train loss: 4.1336]
Fri 05 Apr 2024 01:31:27 INFO  epoch 138 evaluating [time: 21.11s, valid_score: 0.136100]
Fri 05 Apr 2024 01:31:27 INFO  valid result: 
recall@10 : 0.1614    mrr@10 : 0.1361    ndcg@10 : 0.1061    hit@10 : 0.3366    precision@10 : 0.0411
Fri 05 Apr 2024 01:31:28 INFO  Saving current: saved/LFM-1b_artist_20U50I_75strat/LightGCN/LightGCN-Apr-05-2024_00-12-00.pth
Fri 05 Apr 2024 01:31:40 INFO  epoch 139 training [time: 11.76s, train loss: 3.9829]
Fri 05 Apr 2024 01:32:01 INFO  epoch 139 evaluating [time: 21.08s, valid_score: 0.136200]
Fri 05 Apr 2024 01:32:01 INFO  valid result: 
recall@10 : 0.1617    mrr@10 : 0.1362    ndcg@10 : 0.1061    hit@10 : 0.3372    precision@10 : 0.0412
Fri 05 Apr 2024 01:32:01 INFO  Saving current: saved/LFM-1b_artist_20U50I_75strat/LightGCN/LightGCN-Apr-05-2024_00-12-00.pth
Fri 05 Apr 2024 01:32:13 INFO  epoch 140 training [time: 11.82s, train loss: 3.9686]
Fri 05 Apr 2024 01:32:34 INFO  epoch 140 evaluating [time: 21.24s, valid_score: 0.135800]
Fri 05 Apr 2024 01:32:34 INFO  valid result: 
recall@10 : 0.1611    mrr@10 : 0.1358    ndcg@10 : 0.1061    hit@10 : 0.337    precision@10 : 0.0411
Fri 05 Apr 2024 01:32:46 INFO  epoch 141 training [time: 11.90s, train loss: 3.8425]
Fri 05 Apr 2024 01:33:08 INFO  epoch 141 evaluating [time: 21.19s, valid_score: 0.135600]
Fri 05 Apr 2024 01:33:08 INFO  valid result: 
recall@10 : 0.1617    mrr@10 : 0.1356    ndcg@10 : 0.1059    hit@10 : 0.3374    precision@10 : 0.0412
Fri 05 Apr 2024 01:33:19 INFO  epoch 142 training [time: 11.88s, train loss: 3.8771]
Fri 05 Apr 2024 01:33:41 INFO  epoch 142 evaluating [time: 21.20s, valid_score: 0.135700]
Fri 05 Apr 2024 01:33:41 INFO  valid result: 
recall@10 : 0.1622    mrr@10 : 0.1357    ndcg@10 : 0.1061    hit@10 : 0.3377    precision@10 : 0.0413
Fri 05 Apr 2024 01:33:53 INFO  epoch 143 training [time: 12.09s, train loss: 3.8350]
Fri 05 Apr 2024 01:34:14 INFO  epoch 143 evaluating [time: 21.13s, valid_score: 0.135400]
Fri 05 Apr 2024 01:34:14 INFO  valid result: 
recall@10 : 0.1622    mrr@10 : 0.1354    ndcg@10 : 0.106    hit@10 : 0.338    precision@10 : 0.0414
Fri 05 Apr 2024 01:34:26 INFO  epoch 144 training [time: 11.98s, train loss: 3.8194]
Fri 05 Apr 2024 01:34:47 INFO  epoch 144 evaluating [time: 21.23s, valid_score: 0.136000]
Fri 05 Apr 2024 01:34:47 INFO  valid result: 
recall@10 : 0.1628    mrr@10 : 0.136    ndcg@10 : 0.1064    hit@10 : 0.3391    precision@10 : 0.0414
Fri 05 Apr 2024 01:34:59 INFO  epoch 145 training [time: 11.90s, train loss: 3.7097]
Fri 05 Apr 2024 01:35:20 INFO  epoch 145 evaluating [time: 21.20s, valid_score: 0.135500]
Fri 05 Apr 2024 01:35:20 INFO  valid result: 
recall@10 : 0.1633    mrr@10 : 0.1355    ndcg@10 : 0.1065    hit@10 : 0.3388    precision@10 : 0.0415
Fri 05 Apr 2024 01:35:32 INFO  epoch 146 training [time: 11.99s, train loss: 3.8260]
Fri 05 Apr 2024 01:35:53 INFO  epoch 146 evaluating [time: 21.23s, valid_score: 0.135600]
Fri 05 Apr 2024 01:35:53 INFO  valid result: 
recall@10 : 0.1633    mrr@10 : 0.1356    ndcg@10 : 0.1064    hit@10 : 0.3384    precision@10 : 0.0414
Fri 05 Apr 2024 01:36:05 INFO  epoch 147 training [time: 12.07s, train loss: 3.7600]
Fri 05 Apr 2024 01:36:27 INFO  epoch 147 evaluating [time: 21.25s, valid_score: 0.135900]
Fri 05 Apr 2024 01:36:27 INFO  valid result: 
recall@10 : 0.1634    mrr@10 : 0.1359    ndcg@10 : 0.1067    hit@10 : 0.3388    precision@10 : 0.0414
Fri 05 Apr 2024 01:36:39 INFO  epoch 148 training [time: 11.90s, train loss: 3.6656]
Fri 05 Apr 2024 01:37:00 INFO  epoch 148 evaluating [time: 21.31s, valid_score: 0.135800]
Fri 05 Apr 2024 01:37:00 INFO  valid result: 
recall@10 : 0.1636    mrr@10 : 0.1358    ndcg@10 : 0.1069    hit@10 : 0.3389    precision@10 : 0.0415
Fri 05 Apr 2024 01:37:12 INFO  epoch 149 training [time: 11.89s, train loss: 3.5933]
Fri 05 Apr 2024 01:37:33 INFO  epoch 149 evaluating [time: 21.30s, valid_score: 0.135400]
Fri 05 Apr 2024 01:37:33 INFO  valid result: 
recall@10 : 0.1632    mrr@10 : 0.1354    ndcg@10 : 0.1067    hit@10 : 0.3389    precision@10 : 0.0414
Fri 05 Apr 2024 01:37:45 INFO  epoch 150 training [time: 11.88s, train loss: 3.5897]
Fri 05 Apr 2024 01:38:06 INFO  epoch 150 evaluating [time: 21.29s, valid_score: 0.135900]
Fri 05 Apr 2024 01:38:06 INFO  valid result: 
recall@10 : 0.1639    mrr@10 : 0.1359    ndcg@10 : 0.107    hit@10 : 0.3402    precision@10 : 0.0415
Fri 05 Apr 2024 01:38:06 INFO  Finished training, best eval result in epoch 139
Fri 05 Apr 2024 01:38:08 INFO  Loading model structure and parameters from saved/LFM-1b_artist_20U50I_75strat/LightGCN/LightGCN-Apr-05-2024_00-12-00.pth
Fri 05 Apr 2024 01:38:31 INFO  The running environment of this training is as follows:
+-------------+----------------+
| Environment |     Usage      |
+=============+================+
| CPU         |     0.80 %     |
+-------------+----------------+
| GPU         | 0.28 G/14.58 G |
+-------------+----------------+
| Memory      | 1.59 G/27.41 G |
+-------------+----------------+
Fri 05 Apr 2024 01:38:31 INFO  best valid : OrderedDict([('recall@10', 0.1617), ('mrr@10', 0.1362), ('ndcg@10', 0.1061), ('hit@10', 0.3372), ('precision@10', 0.0412)])
Fri 05 Apr 2024 01:38:31 INFO  test result: OrderedDict([('recall@10', 0.1666), ('mrr@10', 0.1406), ('ndcg@10', 0.1112), ('hit@10', 0.3391), ('precision@10', 0.0424)])
Fri 05 Apr 2024 01:38:32 INFO  
General Hyper Parameters:
gpu_id = 0
use_gpu = True
seed = 2020
state = INFO
reproducibility = True
data_path = data/LFM-1b_artist_20U50I_75strat
checkpoint_dir = saved/LFM-1b_artist_20U50I_75strat/LightGCN
show_progress = True
save_dataset = False
dataset_save_path = None
save_dataloaders = False
dataloaders_save_path = None
log_wandb = False

Training Hyper Parameters:
epochs = 200
train_batch_size = 2048
learner = adam
learning_rate = 0.001
train_neg_sample_args = {'distribution': 'uniform', 'sample_num': 1, 'dynamic': False, 'candidate_num': 0, 'alpha': 1.0}
eval_step = 1
stopping_step = 10
clip_grad_norm = None
weight_decay = 0.0
loss_decimal_place = 4

Evaluation Hyper Parameters:
eval_args = {'split': {'RS': [0.8, 0.1, 0.1]}, 'order': 'RO', 'group_by': 'user', 'mode': {'valid': 'full', 'test': 'full'}}
repeatable = False
metrics = ['Recall', 'MRR', 'NDCG', 'Hit', 'Precision']
topk = [10]
valid_metric = MRR@10
valid_metric_bigger = True
eval_batch_size = 4096
metric_decimal_place = 4

Dataset Hyper Parameters:
field_separator = 	
seq_separator =  
USER_ID_FIELD = user_id
ITEM_ID_FIELD = item_id
RATING_FIELD = rating
TIME_FIELD = timestamp
seq_len = None
LABEL_FIELD = label
threshold = None
NEG_PREFIX = neg_
load_col = {'inter': ['user_id', 'item_id']}
unload_col = None
unused_col = None
additional_feat_suffix = None
rm_dup_inter = None
val_interval = None
filter_inter_by_user_or_item = True
user_inter_num_interval = [0,inf)
item_inter_num_interval = [0,inf)
alias_of_user_id = None
alias_of_item_id = None
alias_of_entity_id = None
alias_of_relation_id = None
preload_weight = None
normalize_field = None
normalize_all = None
ITEM_LIST_LENGTH_FIELD = item_length
LIST_SUFFIX = _list
MAX_ITEM_LIST_LENGTH = 50
POSITION_FIELD = position_id
HEAD_ENTITY_ID_FIELD = head_id
TAIL_ENTITY_ID_FIELD = tail_id
RELATION_ID_FIELD = relation_id
ENTITY_ID_FIELD = entity_id
benchmark_filename = None

Other Hyper Parameters: 
worker = 0
wandb_project = recbole
shuffle = True
require_pow = False
enable_amp = False
enable_scaler = False
transform = None
embedding_size = 64
n_layers = 2
reg_weight = 1e-05
numerical_features = []
discretization = None
kg_reverse_r = False
entity_kg_num_interval = [0,inf)
relation_kg_num_interval = [0,inf)
MODEL_TYPE = ModelType.GENERAL
encoding = utf-8
device = cuda
my_log_file = /mnt/batch/tasks/shared/LS_root/mounts/clusters/fontanagpu/code/sustainability-of-recsys/log/carbon_default.log
MODEL_INPUT_TYPE = InputType.PAIRWISE
eval_type = EvaluatorType.RANKING
single_spec = True
local_rank = 0
valid_neg_sample_args = {'distribution': 'uniform', 'sample_num': 'none'}
test_neg_sample_args = {'distribution': 'uniform', 'sample_num': 'none'}


Fri 05 Apr 2024 01:38:34 INFO  LFM-1b_artist_20U50I_75strat
The number of users: 19842
Average actions of users: 33.660097777329774
The number of items: 38933
Average actions of items: 17.154268981814447
The number of inters: 667850
The sparsity of the dataset: 99.91354788644381%
Remain Fields: ['user_id', 'item_id']
Fri 05 Apr 2024 01:38:37 INFO  [Training]: train_batch_size = [2048] train_neg_sample_args: [{'distribution': 'uniform', 'sample_num': 1, 'dynamic': False, 'candidate_num': 0, 'alpha': 1.0}]
Fri 05 Apr 2024 01:38:37 INFO  [Evaluation]: eval_batch_size = [4096] eval_args: [{'split': {'RS': [0.8, 0.1, 0.1]}, 'order': 'RO', 'group_by': 'user', 'mode': {'valid': 'full', 'test': 'full'}}]
Fri 05 Apr 2024 01:38:39 INFO  Loading model structure and parameters from saved/LFM-1b_artist_20U50I_75strat/LightGCN/LightGCN-Apr-05-2024_00-12-00.pth
