Fri 17 May 2024 22:33:46 INFO  ['src/default_tracker2.py', '--dataset=mind', '--model=LightGCN', '--max_emission_step=-1', '--ratio_tolerance=-1']
Fri 17 May 2024 22:33:46 INFO  
General Hyper Parameters:
gpu_id = 0
use_gpu = True
seed = 2020
state = INFO
reproducibility = True
data_path = data/mind
checkpoint_dir = saved/mind/LightGCN
show_progress = True
save_dataset = False
dataset_save_path = None
save_dataloaders = False
dataloaders_save_path = None
log_wandb = False

Training Hyper Parameters:
epochs = 200
train_batch_size = 2048
learner = adam
learning_rate = 0.001
train_neg_sample_args = {'distribution': 'uniform', 'sample_num': 1, 'dynamic': False, 'candidate_num': 0, 'alpha': 1.0}
eval_step = 1
stopping_step = 10
clip_grad_norm = None
weight_decay = 0.0
loss_decimal_place = 4

Evaluation Hyper Parameters:
eval_args = {'split': {'RS': [0.8, 0.1, 0.1]}, 'order': 'RO', 'group_by': 'user', 'mode': {'valid': 'full', 'test': 'full'}}
repeatable = False
metrics = ['Recall', 'MRR', 'NDCG', 'Hit', 'MAP', 'Precision', 'GAUC', 'ItemCoverage', 'AveragePopularity', 'GiniIndex', 'ShannonEntropy', 'TailPercentage']
topk = [10]
valid_metric = MRR@10
valid_metric_bigger = True
eval_batch_size = 4096
metric_decimal_place = 4

Dataset Hyper Parameters:
field_separator = 	
seq_separator =  
USER_ID_FIELD = user_id
ITEM_ID_FIELD = item_id
RATING_FIELD = rating
TIME_FIELD = timestamp
seq_len = None
LABEL_FIELD = label
threshold = None
NEG_PREFIX = neg_
load_col = {'inter': ['user_id', 'item_id']}
unload_col = None
unused_col = None
additional_feat_suffix = None
rm_dup_inter = None
val_interval = None
filter_inter_by_user_or_item = True
user_inter_num_interval = [0,inf)
item_inter_num_interval = [0,inf)
alias_of_user_id = None
alias_of_item_id = None
alias_of_entity_id = None
alias_of_relation_id = None
preload_weight = None
normalize_field = None
normalize_all = None
ITEM_LIST_LENGTH_FIELD = item_length
LIST_SUFFIX = _list
MAX_ITEM_LIST_LENGTH = 50
POSITION_FIELD = position_id
HEAD_ENTITY_ID_FIELD = head_id
TAIL_ENTITY_ID_FIELD = tail_id
RELATION_ID_FIELD = relation_id
ENTITY_ID_FIELD = entity_id
benchmark_filename = None

Other Hyper Parameters: 
worker = 0
wandb_project = recbole
shuffle = True
require_pow = False
enable_amp = False
enable_scaler = False
transform = None
embedding_size = 64
n_layers = 2
reg_weight = 1e-05
numerical_features = []
discretization = None
kg_reverse_r = False
entity_kg_num_interval = [0,inf)
relation_kg_num_interval = [0,inf)
MODEL_TYPE = ModelType.GENERAL
encoding = utf-8
device = cuda:1
my_log_file = /home/fontana/Tesi/log/carbon_default.log
max_emission_step = -1
ratio_tolerance = -1
MODEL_INPUT_TYPE = InputType.PAIRWISE
eval_type = EvaluatorType.RANKING
single_spec = True
local_rank = 0
valid_neg_sample_args = {'distribution': 'uniform', 'sample_num': 'none'}
test_neg_sample_args = {'distribution': 'uniform', 'sample_num': 'none'}


Fri 17 May 2024 22:33:50 INFO  mind
The number of users: 23680
Average actions of users: 44.282908906626126
The number of items: 4415
Average actions of items: 237.55663797009515
The number of inters: 1048575
The sparsity of the dataset: 98.9970319625968%
Remain Fields: ['user_id', 'item_id']
Fri 17 May 2024 22:33:54 INFO  [Training]: train_batch_size = [2048] train_neg_sample_args: [{'distribution': 'uniform', 'sample_num': 1, 'dynamic': False, 'candidate_num': 0, 'alpha': 1.0}]
Fri 17 May 2024 22:33:54 INFO  [Evaluation]: eval_batch_size = [4096] eval_args: [{'split': {'RS': [0.8, 0.1, 0.1]}, 'order': 'RO', 'group_by': 'user', 'mode': {'valid': 'full', 'test': 'full'}}]
Fri 17 May 2024 22:34:05 INFO  LightGCN(
  (user_embedding): Embedding(23680, 64)
  (item_embedding): Embedding(4415, 64)
  (mf_loss): BPRLoss()
  (reg_loss): EmbLoss()
)
Trainable parameters: 1798080
Fri 17 May 2024 22:34:05 INFO  FLOPs: 0.0
Fri 17 May 2024 22:34:36 INFO  epoch 0 training [time: 25.89s, train loss: 98.2966]
Fri 17 May 2024 22:35:35 INFO  epoch 0 evaluating [time: 58.95s, valid_score: 0.301700]
Fri 17 May 2024 22:35:35 INFO  valid result: 
recall@10 : 0.3381    mrr@10 : 0.3017    ndcg@10 : 0.2427    hit@10 : 0.6122    map@10 : 0.1631    precision@10 : 0.0918    gauc : 0.9641    itemcoverage@10 : 0.0181    averagepopularity@10 : 9055.9103    giniindex@10 : 0.9959    shannonentropy@10 : 0.039    tailpercentage@10 : 0.0002
Fri 17 May 2024 22:35:35 INFO  Saving current: saved/mind/LightGCN/LightGCN-May-17-2024_22-34-06.pth
Fri 17 May 2024 22:36:01 INFO  epoch 1 training [time: 25.65s, train loss: 44.8054]
Fri 17 May 2024 22:36:58 INFO  epoch 1 evaluating [time: 57.38s, valid_score: 0.341600]
Fri 17 May 2024 22:36:58 INFO  valid result: 
recall@10 : 0.3618    mrr@10 : 0.3416    ndcg@10 : 0.2702    hit@10 : 0.6412    map@10 : 0.1871    precision@10 : 0.0982    gauc : 0.966    itemcoverage@10 : 0.0217    averagepopularity@10 : 9057.887    giniindex@10 : 0.9957    shannonentropy@10 : 0.0331    tailpercentage@10 : 0.0002
Fri 17 May 2024 22:36:59 INFO  Saving current: saved/mind/LightGCN/LightGCN-May-17-2024_22-34-06.pth
Fri 17 May 2024 22:37:24 INFO  epoch 2 training [time: 25.73s, train loss: 40.5441]
Fri 17 May 2024 22:38:22 INFO  epoch 2 evaluating [time: 57.99s, valid_score: 0.402900]
Fri 17 May 2024 22:38:22 INFO  valid result: 
recall@10 : 0.4101    mrr@10 : 0.4029    ndcg@10 : 0.3198    hit@10 : 0.6921    map@10 : 0.2311    precision@10 : 0.1092    gauc : 0.9685    itemcoverage@10 : 0.0236    averagepopularity@10 : 8632.6588    giniindex@10 : 0.9948    shannonentropy@10 : 0.0325    tailpercentage@10 : 0.0001
Fri 17 May 2024 22:38:23 INFO  Saving current: saved/mind/LightGCN/LightGCN-May-17-2024_22-34-06.pth
Fri 17 May 2024 22:38:48 INFO  epoch 3 training [time: 25.58s, train loss: 36.7829]
Fri 17 May 2024 22:39:46 INFO  epoch 3 evaluating [time: 57.85s, valid_score: 0.448800]
Fri 17 May 2024 22:39:46 INFO  valid result: 
recall@10 : 0.4548    mrr@10 : 0.4488    ndcg@10 : 0.3609    hit@10 : 0.7374    map@10 : 0.2665    precision@10 : 0.1208    gauc : 0.971    itemcoverage@10 : 0.027    averagepopularity@10 : 7830.6643    giniindex@10 : 0.993    shannonentropy@10 : 0.0309    tailpercentage@10 : 0.0001
Fri 17 May 2024 22:39:46 INFO  Saving current: saved/mind/LightGCN/LightGCN-May-17-2024_22-34-06.pth
Fri 17 May 2024 22:40:12 INFO  epoch 4 training [time: 25.82s, train loss: 33.8060]
Fri 17 May 2024 22:41:10 INFO  epoch 4 evaluating [time: 57.69s, valid_score: 0.464300]
Fri 17 May 2024 22:41:10 INFO  valid result: 
recall@10 : 0.4764    mrr@10 : 0.4643    ndcg@10 : 0.3775    hit@10 : 0.7568    map@10 : 0.2799    precision@10 : 0.127    gauc : 0.9726    itemcoverage@10 : 0.0285    averagepopularity@10 : 7252.8745    giniindex@10 : 0.9916    shannonentropy@10 : 0.0307    tailpercentage@10 : 0.0001
Fri 17 May 2024 22:41:10 INFO  Saving current: saved/mind/LightGCN/LightGCN-May-17-2024_22-34-06.pth
Fri 17 May 2024 22:41:35 INFO  epoch 5 training [time: 25.60s, train loss: 31.7531]
Fri 17 May 2024 22:42:33 INFO  epoch 5 evaluating [time: 58.02s, valid_score: 0.470500]
Fri 17 May 2024 22:42:33 INFO  valid result: 
recall@10 : 0.4846    mrr@10 : 0.4705    ndcg@10 : 0.3845    hit@10 : 0.7641    map@10 : 0.2856    precision@10 : 0.1302    gauc : 0.9736    itemcoverage@10 : 0.0294    averagepopularity@10 : 6937.4169    giniindex@10 : 0.9907    shannonentropy@10 : 0.0305    tailpercentage@10 : 0.0001
Fri 17 May 2024 22:42:34 INFO  Saving current: saved/mind/LightGCN/LightGCN-May-17-2024_22-34-06.pth
Fri 17 May 2024 22:42:59 INFO  epoch 6 training [time: 25.81s, train loss: 30.4143]
Fri 17 May 2024 22:43:57 INFO  epoch 6 evaluating [time: 57.60s, valid_score: 0.473300]
Fri 17 May 2024 22:43:57 INFO  valid result: 
recall@10 : 0.4878    mrr@10 : 0.4733    ndcg@10 : 0.3875    hit@10 : 0.769    map@10 : 0.2878    precision@10 : 0.1321    gauc : 0.9743    itemcoverage@10 : 0.0319    averagepopularity@10 : 6728.9756    giniindex@10 : 0.99    shannonentropy@10 : 0.0286    tailpercentage@10 : 0.0
Fri 17 May 2024 22:43:57 INFO  Saving current: saved/mind/LightGCN/LightGCN-May-17-2024_22-34-06.pth
Fri 17 May 2024 22:44:23 INFO  epoch 7 training [time: 25.79s, train loss: 29.7121]
Fri 17 May 2024 22:45:21 INFO  epoch 7 evaluating [time: 57.65s, valid_score: 0.475800]
Fri 17 May 2024 22:45:21 INFO  valid result: 
recall@10 : 0.4905    mrr@10 : 0.4758    ndcg@10 : 0.3902    hit@10 : 0.772    map@10 : 0.2901    precision@10 : 0.1331    gauc : 0.9749    itemcoverage@10 : 0.0319    averagepopularity@10 : 6581.2077    giniindex@10 : 0.9895    shannonentropy@10 : 0.029    tailpercentage@10 : 0.0
Fri 17 May 2024 22:45:21 INFO  Saving current: saved/mind/LightGCN/LightGCN-May-17-2024_22-34-06.pth
Fri 17 May 2024 22:45:47 INFO  epoch 8 training [time: 25.88s, train loss: 28.6741]
Fri 17 May 2024 22:46:44 INFO  epoch 8 evaluating [time: 57.74s, valid_score: 0.480000]
Fri 17 May 2024 22:46:44 INFO  valid result: 
recall@10 : 0.4966    mrr@10 : 0.48    ndcg@10 : 0.3948    hit@10 : 0.7789    map@10 : 0.2938    precision@10 : 0.1347    gauc : 0.9755    itemcoverage@10 : 0.0351    averagepopularity@10 : 6501.3779    giniindex@10 : 0.9891    shannonentropy@10 : 0.0266    tailpercentage@10 : 0.0
Fri 17 May 2024 22:46:45 INFO  Saving current: saved/mind/LightGCN/LightGCN-May-17-2024_22-34-06.pth
Fri 17 May 2024 22:47:11 INFO  epoch 9 training [time: 26.01s, train loss: 27.4771]
Fri 17 May 2024 22:48:09 INFO  epoch 9 evaluating [time: 58.03s, valid_score: 0.487400]
Fri 17 May 2024 22:48:09 INFO  valid result: 
recall@10 : 0.5032    mrr@10 : 0.4874    ndcg@10 : 0.4015    hit@10 : 0.7877    map@10 : 0.3    precision@10 : 0.1365    gauc : 0.976    itemcoverage@10 : 0.0356    averagepopularity@10 : 6432.6415    giniindex@10 : 0.9888    shannonentropy@10 : 0.0264    tailpercentage@10 : 0.0
Fri 17 May 2024 22:48:09 INFO  Saving current: saved/mind/LightGCN/LightGCN-May-17-2024_22-34-06.pth
Fri 17 May 2024 22:48:35 INFO  epoch 10 training [time: 25.75s, train loss: 26.7265]
Fri 17 May 2024 22:49:32 INFO  epoch 10 evaluating [time: 57.52s, valid_score: 0.500300]
Fri 17 May 2024 22:49:32 INFO  valid result: 
recall@10 : 0.5171    mrr@10 : 0.5003    ndcg@10 : 0.414    hit@10 : 0.8055    map@10 : 0.3106    precision@10 : 0.1407    gauc : 0.9766    itemcoverage@10 : 0.0408    averagepopularity@10 : 6324.2136    giniindex@10 : 0.9882    shannonentropy@10 : 0.0234    tailpercentage@10 : 0.0
Fri 17 May 2024 22:49:32 INFO  Saving current: saved/mind/LightGCN/LightGCN-May-17-2024_22-34-06.pth
Fri 17 May 2024 22:49:58 INFO  epoch 11 training [time: 25.54s, train loss: 25.5985]
Fri 17 May 2024 22:50:55 INFO  epoch 11 evaluating [time: 57.56s, valid_score: 0.515800]
Fri 17 May 2024 22:50:55 INFO  valid result: 
recall@10 : 0.5341    mrr@10 : 0.5158    ndcg@10 : 0.4282    hit@10 : 0.8238    map@10 : 0.3222    precision@10 : 0.1451    gauc : 0.9773    itemcoverage@10 : 0.0439    averagepopularity@10 : 6219.269    giniindex@10 : 0.9875    shannonentropy@10 : 0.0221    tailpercentage@10 : 0.0
Fri 17 May 2024 22:50:56 INFO  Saving current: saved/mind/LightGCN/LightGCN-May-17-2024_22-34-06.pth
Fri 17 May 2024 22:51:21 INFO  epoch 12 training [time: 25.83s, train loss: 24.6633]
Fri 17 May 2024 22:52:19 INFO  epoch 12 evaluating [time: 57.83s, valid_score: 0.527700]
Fri 17 May 2024 22:52:19 INFO  valid result: 
recall@10 : 0.5471    mrr@10 : 0.5277    ndcg@10 : 0.4399    hit@10 : 0.8365    map@10 : 0.3322    precision@10 : 0.1494    gauc : 0.9779    itemcoverage@10 : 0.0462    averagepopularity@10 : 6066.2163    giniindex@10 : 0.9866    shannonentropy@10 : 0.0214    tailpercentage@10 : 0.0
Fri 17 May 2024 22:52:19 INFO  Saving current: saved/mind/LightGCN/LightGCN-May-17-2024_22-34-06.pth
Fri 17 May 2024 22:52:45 INFO  epoch 13 training [time: 25.66s, train loss: 24.1190]
Fri 17 May 2024 22:53:43 INFO  epoch 13 evaluating [time: 57.68s, valid_score: 0.535100]
Fri 17 May 2024 22:53:43 INFO  valid result: 
recall@10 : 0.5576    mrr@10 : 0.5351    ndcg@10 : 0.4481    hit@10 : 0.8457    map@10 : 0.3384    precision@10 : 0.1538    gauc : 0.9785    itemcoverage@10 : 0.0503    averagepopularity@10 : 5914.5977    giniindex@10 : 0.9855    shannonentropy@10 : 0.02    tailpercentage@10 : 0.0
Fri 17 May 2024 22:53:43 INFO  Saving current: saved/mind/LightGCN/LightGCN-May-17-2024_22-34-06.pth
Fri 17 May 2024 22:54:09 INFO  epoch 14 training [time: 25.63s, train loss: 23.0894]
Fri 17 May 2024 22:55:06 INFO  epoch 14 evaluating [time: 57.94s, valid_score: 0.538300]
Fri 17 May 2024 22:55:06 INFO  valid result: 
recall@10 : 0.5617    mrr@10 : 0.5383    ndcg@10 : 0.4518    hit@10 : 0.849    map@10 : 0.3415    precision@10 : 0.1559    gauc : 0.979    itemcoverage@10 : 0.0521    averagepopularity@10 : 5832.627    giniindex@10 : 0.9848    shannonentropy@10 : 0.0196    tailpercentage@10 : 0.0
Fri 17 May 2024 22:55:07 INFO  Saving current: saved/mind/LightGCN/LightGCN-May-17-2024_22-34-06.pth
Fri 17 May 2024 22:55:32 INFO  epoch 15 training [time: 25.60s, train loss: 22.3478]
Fri 17 May 2024 22:56:30 INFO  epoch 15 evaluating [time: 57.90s, valid_score: 0.539000]
Fri 17 May 2024 22:56:30 INFO  valid result: 
recall@10 : 0.565    mrr@10 : 0.539    ndcg@10 : 0.4539    hit@10 : 0.8527    map@10 : 0.343    precision@10 : 0.1575    gauc : 0.9795    itemcoverage@10 : 0.0539    averagepopularity@10 : 5777.5458    giniindex@10 : 0.9844    shannonentropy@10 : 0.019    tailpercentage@10 : 0.0
Fri 17 May 2024 22:56:30 INFO  Saving current: saved/mind/LightGCN/LightGCN-May-17-2024_22-34-06.pth
Fri 17 May 2024 22:56:56 INFO  epoch 16 training [time: 25.75s, train loss: 21.5184]
Fri 17 May 2024 22:57:54 INFO  epoch 16 evaluating [time: 57.62s, valid_score: 0.541200]
Fri 17 May 2024 22:57:54 INFO  valid result: 
recall@10 : 0.5677    mrr@10 : 0.5412    ndcg@10 : 0.4569    hit@10 : 0.8548    map@10 : 0.3459    precision@10 : 0.1588    gauc : 0.98    itemcoverage@10 : 0.0564    averagepopularity@10 : 5748.9882    giniindex@10 : 0.984    shannonentropy@10 : 0.0183    tailpercentage@10 : 0.0
Fri 17 May 2024 22:57:54 INFO  Saving current: saved/mind/LightGCN/LightGCN-May-17-2024_22-34-06.pth
Fri 17 May 2024 22:58:20 INFO  epoch 17 training [time: 25.69s, train loss: 20.9888]
Fri 17 May 2024 22:59:18 INFO  epoch 17 evaluating [time: 58.01s, valid_score: 0.542900]
Fri 17 May 2024 22:59:18 INFO  valid result: 
recall@10 : 0.5706    mrr@10 : 0.5429    ndcg@10 : 0.4594    hit@10 : 0.8574    map@10 : 0.348    precision@10 : 0.1603    gauc : 0.9804    itemcoverage@10 : 0.058    averagepopularity@10 : 5683.5423    giniindex@10 : 0.9835    shannonentropy@10 : 0.0179    tailpercentage@10 : 0.0
Fri 17 May 2024 22:59:18 INFO  Saving current: saved/mind/LightGCN/LightGCN-May-17-2024_22-34-06.pth
Fri 17 May 2024 22:59:43 INFO  epoch 18 training [time: 25.76s, train loss: 20.4566]
Fri 17 May 2024 23:00:41 INFO  epoch 18 evaluating [time: 57.96s, valid_score: 0.544600]
Fri 17 May 2024 23:00:41 INFO  valid result: 
recall@10 : 0.573    mrr@10 : 0.5446    ndcg@10 : 0.4619    hit@10 : 0.859    map@10 : 0.3504    precision@10 : 0.1613    gauc : 0.9808    itemcoverage@10 : 0.0612    averagepopularity@10 : 5623.7761    giniindex@10 : 0.9831    shannonentropy@10 : 0.0171    tailpercentage@10 : 0.0
Fri 17 May 2024 23:00:42 INFO  Saving current: saved/mind/LightGCN/LightGCN-May-17-2024_22-34-06.pth
Fri 17 May 2024 23:01:07 INFO  epoch 19 training [time: 25.80s, train loss: 19.9579]
Fri 17 May 2024 23:02:06 INFO  epoch 19 evaluating [time: 58.33s, valid_score: 0.546500]
Fri 17 May 2024 23:02:06 INFO  valid result: 
recall@10 : 0.5746    mrr@10 : 0.5465    ndcg@10 : 0.464    hit@10 : 0.8603    map@10 : 0.3524    precision@10 : 0.1623    gauc : 0.9812    itemcoverage@10 : 0.0641    averagepopularity@10 : 5572.1753    giniindex@10 : 0.9826    shannonentropy@10 : 0.0164    tailpercentage@10 : 0.0
Fri 17 May 2024 23:02:06 INFO  Saving current: saved/mind/LightGCN/LightGCN-May-17-2024_22-34-06.pth
Fri 17 May 2024 23:02:32 INFO  epoch 20 training [time: 25.58s, train loss: 19.4473]
Fri 17 May 2024 23:03:29 INFO  epoch 20 evaluating [time: 57.83s, valid_score: 0.548400]
Fri 17 May 2024 23:03:29 INFO  valid result: 
recall@10 : 0.5743    mrr@10 : 0.5484    ndcg@10 : 0.4649    hit@10 : 0.86    map@10 : 0.3534    precision@10 : 0.163    gauc : 0.9816    itemcoverage@10 : 0.0657    averagepopularity@10 : 5571.4538    giniindex@10 : 0.9826    shannonentropy@10 : 0.016    tailpercentage@10 : 0.0
Fri 17 May 2024 23:03:30 INFO  Saving current: saved/mind/LightGCN/LightGCN-May-17-2024_22-34-06.pth
Fri 17 May 2024 23:03:55 INFO  epoch 21 training [time: 25.81s, train loss: 19.0103]
Fri 17 May 2024 23:04:53 INFO  epoch 21 evaluating [time: 57.99s, valid_score: 0.548700]
Fri 17 May 2024 23:04:53 INFO  valid result: 
recall@10 : 0.576    mrr@10 : 0.5487    ndcg@10 : 0.4661    hit@10 : 0.8602    map@10 : 0.3545    precision@10 : 0.1638    gauc : 0.9819    itemcoverage@10 : 0.0677    averagepopularity@10 : 5516.5124    giniindex@10 : 0.9821    shannonentropy@10 : 0.0156    tailpercentage@10 : 0.0
Fri 17 May 2024 23:04:54 INFO  Saving current: saved/mind/LightGCN/LightGCN-May-17-2024_22-34-06.pth
Fri 17 May 2024 23:05:19 INFO  epoch 22 training [time: 25.75s, train loss: 18.7659]
Fri 17 May 2024 23:06:17 INFO  epoch 22 evaluating [time: 57.83s, valid_score: 0.546600]
Fri 17 May 2024 23:06:17 INFO  valid result: 
recall@10 : 0.5762    mrr@10 : 0.5466    ndcg@10 : 0.4655    hit@10 : 0.8603    map@10 : 0.3538    precision@10 : 0.1643    gauc : 0.9821    itemcoverage@10 : 0.0713    averagepopularity@10 : 5449.1964    giniindex@10 : 0.9815    shannonentropy@10 : 0.0149    tailpercentage@10 : 0.0
Fri 17 May 2024 23:06:43 INFO  epoch 23 training [time: 25.82s, train loss: 18.3446]
Fri 17 May 2024 23:07:40 INFO  epoch 23 evaluating [time: 57.21s, valid_score: 0.546800]
Fri 17 May 2024 23:07:40 INFO  valid result: 
recall@10 : 0.5756    mrr@10 : 0.5468    ndcg@10 : 0.4651    hit@10 : 0.8595    map@10 : 0.3533    precision@10 : 0.1644    gauc : 0.9824    itemcoverage@10 : 0.0736    averagepopularity@10 : 5498.3012    giniindex@10 : 0.9817    shannonentropy@10 : 0.0144    tailpercentage@10 : 0.0
Fri 17 May 2024 23:08:06 INFO  epoch 24 training [time: 25.68s, train loss: 17.7929]
Fri 17 May 2024 23:09:04 INFO  epoch 24 evaluating [time: 57.83s, valid_score: 0.547100]
Fri 17 May 2024 23:09:04 INFO  valid result: 
recall@10 : 0.5765    mrr@10 : 0.5471    ndcg@10 : 0.4659    hit@10 : 0.8603    map@10 : 0.3539    precision@10 : 0.1653    gauc : 0.9826    itemcoverage@10 : 0.0768    averagepopularity@10 : 5536.1221    giniindex@10 : 0.9818    shannonentropy@10 : 0.0138    tailpercentage@10 : 0.0
Fri 17 May 2024 23:09:29 INFO  epoch 25 training [time: 25.64s, train loss: 17.6365]
Fri 17 May 2024 23:10:27 INFO  epoch 25 evaluating [time: 57.78s, valid_score: 0.547800]
Fri 17 May 2024 23:10:27 INFO  valid result: 
recall@10 : 0.5776    mrr@10 : 0.5478    ndcg@10 : 0.4671    hit@10 : 0.8611    map@10 : 0.355    precision@10 : 0.1661    gauc : 0.9829    itemcoverage@10 : 0.0797    averagepopularity@10 : 5494.7002    giniindex@10 : 0.9813    shannonentropy@10 : 0.0134    tailpercentage@10 : 0.0
Fri 17 May 2024 23:10:53 INFO  epoch 26 training [time: 25.71s, train loss: 17.4775]
Fri 17 May 2024 23:11:50 INFO  epoch 26 evaluating [time: 57.59s, valid_score: 0.548200]
Fri 17 May 2024 23:11:50 INFO  valid result: 
recall@10 : 0.5772    mrr@10 : 0.5482    ndcg@10 : 0.4671    hit@10 : 0.8616    map@10 : 0.3549    precision@10 : 0.1664    gauc : 0.9831    itemcoverage@10 : 0.0802    averagepopularity@10 : 5552.6715    giniindex@10 : 0.9814    shannonentropy@10 : 0.0133    tailpercentage@10 : 0.0
Fri 17 May 2024 23:12:16 INFO  epoch 27 training [time: 25.85s, train loss: 16.8033]
Fri 17 May 2024 23:13:14 INFO  epoch 27 evaluating [time: 58.20s, valid_score: 0.549400]
Fri 17 May 2024 23:13:14 INFO  valid result: 
recall@10 : 0.5786    mrr@10 : 0.5494    ndcg@10 : 0.4687    hit@10 : 0.8619    map@10 : 0.3565    precision@10 : 0.167    gauc : 0.9833    itemcoverage@10 : 0.0813    averagepopularity@10 : 5567.9194    giniindex@10 : 0.9813    shannonentropy@10 : 0.0131    tailpercentage@10 : 0.0
Fri 17 May 2024 23:13:15 INFO  Saving current: saved/mind/LightGCN/LightGCN-May-17-2024_22-34-06.pth
Fri 17 May 2024 23:13:40 INFO  epoch 28 training [time: 25.77s, train loss: 16.8205]
Fri 17 May 2024 23:14:38 INFO  epoch 28 evaluating [time: 57.97s, valid_score: 0.549200]
Fri 17 May 2024 23:14:38 INFO  valid result: 
recall@10 : 0.5807    mrr@10 : 0.5492    ndcg@10 : 0.4698    hit@10 : 0.8648    map@10 : 0.3573    precision@10 : 0.1676    gauc : 0.9835    itemcoverage@10 : 0.0843    averagepopularity@10 : 5481.5908    giniindex@10 : 0.9806    shannonentropy@10 : 0.0128    tailpercentage@10 : 0.0
Fri 17 May 2024 23:15:04 INFO  epoch 29 training [time: 25.76s, train loss: 16.6774]
Fri 17 May 2024 23:16:02 INFO  epoch 29 evaluating [time: 57.51s, valid_score: 0.549600]
Fri 17 May 2024 23:16:02 INFO  valid result: 
recall@10 : 0.5807    mrr@10 : 0.5496    ndcg@10 : 0.4703    hit@10 : 0.8636    map@10 : 0.3579    precision@10 : 0.1681    gauc : 0.9836    itemcoverage@10 : 0.0877    averagepopularity@10 : 5515.4843    giniindex@10 : 0.9805    shannonentropy@10 : 0.0123    tailpercentage@10 : 0.0
Fri 17 May 2024 23:16:02 INFO  Saving current: saved/mind/LightGCN/LightGCN-May-17-2024_22-34-06.pth
Fri 17 May 2024 23:16:27 INFO  epoch 30 training [time: 25.74s, train loss: 16.2682]
Fri 17 May 2024 23:17:26 INFO  epoch 30 evaluating [time: 58.41s, valid_score: 0.551900]
Fri 17 May 2024 23:17:26 INFO  valid result: 
recall@10 : 0.5829    mrr@10 : 0.5519    ndcg@10 : 0.4724    hit@10 : 0.8674    map@10 : 0.3598    precision@10 : 0.1684    gauc : 0.9838    itemcoverage@10 : 0.0911    averagepopularity@10 : 5530.5516    giniindex@10 : 0.9805    shannonentropy@10 : 0.0118    tailpercentage@10 : 0.0
Fri 17 May 2024 23:17:26 INFO  Saving current: saved/mind/LightGCN/LightGCN-May-17-2024_22-34-06.pth
Fri 17 May 2024 23:17:52 INFO  epoch 31 training [time: 26.03s, train loss: 15.9221]
Fri 17 May 2024 23:18:50 INFO  epoch 31 evaluating [time: 57.92s, valid_score: 0.553000]
Fri 17 May 2024 23:18:50 INFO  valid result: 
recall@10 : 0.5855    mrr@10 : 0.553    ndcg@10 : 0.4747    hit@10 : 0.869    map@10 : 0.3621    precision@10 : 0.1694    gauc : 0.984    itemcoverage@10 : 0.0931    averagepopularity@10 : 5494.8599    giniindex@10 : 0.9799    shannonentropy@10 : 0.0116    tailpercentage@10 : 0.0
Fri 17 May 2024 23:18:50 INFO  Saving current: saved/mind/LightGCN/LightGCN-May-17-2024_22-34-06.pth
Fri 17 May 2024 23:19:16 INFO  epoch 32 training [time: 25.88s, train loss: 15.7554]
Fri 17 May 2024 23:20:14 INFO  epoch 32 evaluating [time: 58.14s, valid_score: 0.555100]
Fri 17 May 2024 23:20:14 INFO  valid result: 
recall@10 : 0.5864    mrr@10 : 0.5551    ndcg@10 : 0.4762    hit@10 : 0.8686    map@10 : 0.3638    precision@10 : 0.1697    gauc : 0.9841    itemcoverage@10 : 0.0949    averagepopularity@10 : 5462.8194    giniindex@10 : 0.9797    shannonentropy@10 : 0.0115    tailpercentage@10 : 0.0
Fri 17 May 2024 23:20:14 INFO  Saving current: saved/mind/LightGCN/LightGCN-May-17-2024_22-34-06.pth
Fri 17 May 2024 23:20:40 INFO  epoch 33 training [time: 25.63s, train loss: 15.4754]
Fri 17 May 2024 23:21:38 INFO  epoch 33 evaluating [time: 57.86s, valid_score: 0.556400]
Fri 17 May 2024 23:21:38 INFO  valid result: 
recall@10 : 0.5887    mrr@10 : 0.5564    ndcg@10 : 0.4778    hit@10 : 0.871    map@10 : 0.365    precision@10 : 0.1701    gauc : 0.9843    itemcoverage@10 : 0.0978    averagepopularity@10 : 5461.5957    giniindex@10 : 0.9796    shannonentropy@10 : 0.0111    tailpercentage@10 : 0.0
Fri 17 May 2024 23:21:38 INFO  Saving current: saved/mind/LightGCN/LightGCN-May-17-2024_22-34-06.pth
Fri 17 May 2024 23:22:04 INFO  epoch 34 training [time: 25.77s, train loss: 15.2208]
Fri 17 May 2024 23:23:02 INFO  epoch 34 evaluating [time: 57.91s, valid_score: 0.558700]
Fri 17 May 2024 23:23:02 INFO  valid result: 
recall@10 : 0.591    mrr@10 : 0.5587    ndcg@10 : 0.4798    hit@10 : 0.8734    map@10 : 0.3666    precision@10 : 0.1708    gauc : 0.9844    itemcoverage@10 : 0.0985    averagepopularity@10 : 5483.3286    giniindex@10 : 0.9794    shannonentropy@10 : 0.0111    tailpercentage@10 : 0.0
Fri 17 May 2024 23:23:02 INFO  Saving current: saved/mind/LightGCN/LightGCN-May-17-2024_22-34-06.pth
Fri 17 May 2024 23:23:28 INFO  epoch 35 training [time: 25.78s, train loss: 15.1364]
Fri 17 May 2024 23:24:26 INFO  epoch 35 evaluating [time: 58.31s, valid_score: 0.560400]
Fri 17 May 2024 23:24:26 INFO  valid result: 
recall@10 : 0.5933    mrr@10 : 0.5604    ndcg@10 : 0.4818    hit@10 : 0.8749    map@10 : 0.3684    precision@10 : 0.1714    gauc : 0.9846    itemcoverage@10 : 0.1026    averagepopularity@10 : 5445.68    giniindex@10 : 0.9792    shannonentropy@10 : 0.0106    tailpercentage@10 : 0.0
Fri 17 May 2024 23:24:26 INFO  Saving current: saved/mind/LightGCN/LightGCN-May-17-2024_22-34-06.pth
Fri 17 May 2024 23:24:52 INFO  epoch 36 training [time: 25.88s, train loss: 14.6741]
Fri 17 May 2024 23:25:51 INFO  epoch 36 evaluating [time: 58.40s, valid_score: 0.562600]
Fri 17 May 2024 23:25:51 INFO  valid result: 
recall@10 : 0.5956    mrr@10 : 0.5626    ndcg@10 : 0.4843    hit@10 : 0.8767    map@10 : 0.371    precision@10 : 0.1722    gauc : 0.9847    itemcoverage@10 : 0.1024    averagepopularity@10 : 5442.9337    giniindex@10 : 0.9791    shannonentropy@10 : 0.0107    tailpercentage@10 : 0.0
Fri 17 May 2024 23:25:51 INFO  Saving current: saved/mind/LightGCN/LightGCN-May-17-2024_22-34-06.pth
Fri 17 May 2024 23:26:17 INFO  epoch 37 training [time: 25.79s, train loss: 14.4886]
Fri 17 May 2024 23:27:14 INFO  epoch 37 evaluating [time: 57.60s, valid_score: 0.563600]
Fri 17 May 2024 23:27:14 INFO  valid result: 
recall@10 : 0.5976    mrr@10 : 0.5636    ndcg@10 : 0.486    hit@10 : 0.8782    map@10 : 0.3726    precision@10 : 0.1727    gauc : 0.9849    itemcoverage@10 : 0.1049    averagepopularity@10 : 5409.0814    giniindex@10 : 0.9788    shannonentropy@10 : 0.0105    tailpercentage@10 : 0.0
Fri 17 May 2024 23:27:14 INFO  Saving current: saved/mind/LightGCN/LightGCN-May-17-2024_22-34-06.pth
Fri 17 May 2024 23:27:40 INFO  epoch 38 training [time: 25.74s, train loss: 14.3852]
Fri 17 May 2024 23:28:38 INFO  epoch 38 evaluating [time: 57.96s, valid_score: 0.564800]
Fri 17 May 2024 23:28:38 INFO  valid result: 
recall@10 : 0.5984    mrr@10 : 0.5648    ndcg@10 : 0.4871    hit@10 : 0.8786    map@10 : 0.3737    precision@10 : 0.1729    gauc : 0.985    itemcoverage@10 : 0.1085    averagepopularity@10 : 5396.2124    giniindex@10 : 0.9785    shannonentropy@10 : 0.0101    tailpercentage@10 : 0.0
Fri 17 May 2024 23:28:38 INFO  Saving current: saved/mind/LightGCN/LightGCN-May-17-2024_22-34-06.pth
Fri 17 May 2024 23:29:04 INFO  epoch 39 training [time: 25.85s, train loss: 14.1343]
Fri 17 May 2024 23:30:02 INFO  epoch 39 evaluating [time: 57.88s, valid_score: 0.564900]
Fri 17 May 2024 23:30:02 INFO  valid result: 
recall@10 : 0.6007    mrr@10 : 0.5649    ndcg@10 : 0.4882    hit@10 : 0.8816    map@10 : 0.3744    precision@10 : 0.1734    gauc : 0.9851    itemcoverage@10 : 0.1099    averagepopularity@10 : 5339.0751    giniindex@10 : 0.9781    shannonentropy@10 : 0.0101    tailpercentage@10 : 0.0
Fri 17 May 2024 23:30:02 INFO  Saving current: saved/mind/LightGCN/LightGCN-May-17-2024_22-34-06.pth
Fri 17 May 2024 23:30:28 INFO  epoch 40 training [time: 25.88s, train loss: 14.1236]
Fri 17 May 2024 23:31:26 INFO  epoch 40 evaluating [time: 58.21s, valid_score: 0.564000]
Fri 17 May 2024 23:31:26 INFO  valid result: 
recall@10 : 0.6027    mrr@10 : 0.564    ndcg@10 : 0.4889    hit@10 : 0.883    map@10 : 0.3748    precision@10 : 0.1738    gauc : 0.9852    itemcoverage@10 : 0.1123    averagepopularity@10 : 5264.2769    giniindex@10 : 0.9774    shannonentropy@10 : 0.0099    tailpercentage@10 : 0.0
Fri 17 May 2024 23:31:52 INFO  epoch 41 training [time: 25.75s, train loss: 13.7580]
Fri 17 May 2024 23:32:50 INFO  epoch 41 evaluating [time: 57.86s, valid_score: 0.567600]
Fri 17 May 2024 23:32:50 INFO  valid result: 
recall@10 : 0.6054    mrr@10 : 0.5676    ndcg@10 : 0.4916    hit@10 : 0.8845    map@10 : 0.3775    precision@10 : 0.1746    gauc : 0.9854    itemcoverage@10 : 0.1123    averagepopularity@10 : 5269.7687    giniindex@10 : 0.9773    shannonentropy@10 : 0.0099    tailpercentage@10 : 0.0
Fri 17 May 2024 23:32:50 INFO  Saving current: saved/mind/LightGCN/LightGCN-May-17-2024_22-34-06.pth
Fri 17 May 2024 23:33:16 INFO  epoch 42 training [time: 25.76s, train loss: 13.4353]
Fri 17 May 2024 23:34:13 INFO  epoch 42 evaluating [time: 57.58s, valid_score: 0.569100]
Fri 17 May 2024 23:34:13 INFO  valid result: 
recall@10 : 0.6063    mrr@10 : 0.5691    ndcg@10 : 0.4928    hit@10 : 0.8855    map@10 : 0.3786    precision@10 : 0.1749    gauc : 0.9855    itemcoverage@10 : 0.1155    averagepopularity@10 : 5285.8836    giniindex@10 : 0.9773    shannonentropy@10 : 0.0096    tailpercentage@10 : 0.0
Fri 17 May 2024 23:34:13 INFO  Saving current: saved/mind/LightGCN/LightGCN-May-17-2024_22-34-06.pth
Fri 17 May 2024 23:34:39 INFO  epoch 43 training [time: 25.76s, train loss: 13.2931]
Fri 17 May 2024 23:35:37 INFO  epoch 43 evaluating [time: 58.08s, valid_score: 0.570500]
Fri 17 May 2024 23:35:37 INFO  valid result: 
recall@10 : 0.6079    mrr@10 : 0.5705    ndcg@10 : 0.4947    hit@10 : 0.8869    map@10 : 0.3805    precision@10 : 0.1756    gauc : 0.9856    itemcoverage@10 : 0.1171    averagepopularity@10 : 5278.9526    giniindex@10 : 0.9772    shannonentropy@10 : 0.0095    tailpercentage@10 : 0.0
Fri 17 May 2024 23:35:37 INFO  Saving current: saved/mind/LightGCN/LightGCN-May-17-2024_22-34-06.pth
Fri 17 May 2024 23:36:03 INFO  epoch 44 training [time: 25.68s, train loss: 13.2075]
Fri 17 May 2024 23:37:01 INFO  epoch 44 evaluating [time: 57.96s, valid_score: 0.571400]
Fri 17 May 2024 23:37:01 INFO  valid result: 
recall@10 : 0.6093    mrr@10 : 0.5714    ndcg@10 : 0.4958    hit@10 : 0.8882    map@10 : 0.3814    precision@10 : 0.176    gauc : 0.9857    itemcoverage@10 : 0.1191    averagepopularity@10 : 5204.8224    giniindex@10 : 0.9766    shannonentropy@10 : 0.0094    tailpercentage@10 : 0.0
Fri 17 May 2024 23:37:01 INFO  Saving current: saved/mind/LightGCN/LightGCN-May-17-2024_22-34-06.pth
Fri 17 May 2024 23:37:27 INFO  epoch 45 training [time: 25.71s, train loss: 13.1830]
Fri 17 May 2024 23:38:25 INFO  epoch 45 evaluating [time: 58.21s, valid_score: 0.571800]
Fri 17 May 2024 23:38:25 INFO  valid result: 
recall@10 : 0.6108    mrr@10 : 0.5718    ndcg@10 : 0.4966    hit@10 : 0.8901    map@10 : 0.3819    precision@10 : 0.1764    gauc : 0.9858    itemcoverage@10 : 0.1214    averagepopularity@10 : 5211.9604    giniindex@10 : 0.9765    shannonentropy@10 : 0.0092    tailpercentage@10 : 0.0
Fri 17 May 2024 23:38:25 INFO  Saving current: saved/mind/LightGCN/LightGCN-May-17-2024_22-34-06.pth
Fri 17 May 2024 23:38:51 INFO  epoch 46 training [time: 25.71s, train loss: 12.8482]
Fri 17 May 2024 23:39:49 INFO  epoch 46 evaluating [time: 58.22s, valid_score: 0.572400]
Fri 17 May 2024 23:39:49 INFO  valid result: 
recall@10 : 0.6129    mrr@10 : 0.5724    ndcg@10 : 0.4981    hit@10 : 0.8909    map@10 : 0.3832    precision@10 : 0.177    gauc : 0.9859    itemcoverage@10 : 0.1232    averagepopularity@10 : 5172.9327    giniindex@10 : 0.976    shannonentropy@10 : 0.0091    tailpercentage@10 : 0.0
Fri 17 May 2024 23:39:49 INFO  Saving current: saved/mind/LightGCN/LightGCN-May-17-2024_22-34-06.pth
Fri 17 May 2024 23:40:15 INFO  epoch 47 training [time: 25.84s, train loss: 12.6209]
Fri 17 May 2024 23:41:13 INFO  epoch 47 evaluating [time: 57.51s, valid_score: 0.573400]
Fri 17 May 2024 23:41:13 INFO  valid result: 
recall@10 : 0.6139    mrr@10 : 0.5734    ndcg@10 : 0.4993    hit@10 : 0.8912    map@10 : 0.3844    precision@10 : 0.1773    gauc : 0.986    itemcoverage@10 : 0.123    averagepopularity@10 : 5165.0069    giniindex@10 : 0.9761    shannonentropy@10 : 0.0091    tailpercentage@10 : 0.0
Fri 17 May 2024 23:41:13 INFO  Saving current: saved/mind/LightGCN/LightGCN-May-17-2024_22-34-06.pth
Fri 17 May 2024 23:41:39 INFO  epoch 48 training [time: 25.76s, train loss: 12.5006]
Fri 17 May 2024 23:42:36 INFO  epoch 48 evaluating [time: 57.62s, valid_score: 0.572400]
Fri 17 May 2024 23:42:36 INFO  valid result: 
recall@10 : 0.6144    mrr@10 : 0.5724    ndcg@10 : 0.4991    hit@10 : 0.8913    map@10 : 0.3843    precision@10 : 0.1771    gauc : 0.9861    itemcoverage@10 : 0.1243    averagepopularity@10 : 5111.7804    giniindex@10 : 0.9757    shannonentropy@10 : 0.0091    tailpercentage@10 : 0.0
Fri 17 May 2024 23:43:02 INFO  epoch 49 training [time: 25.85s, train loss: 12.4868]
Fri 17 May 2024 23:44:00 INFO  epoch 49 evaluating [time: 57.49s, valid_score: 0.573900]
Fri 17 May 2024 23:44:00 INFO  valid result: 
recall@10 : 0.6163    mrr@10 : 0.5739    ndcg@10 : 0.5008    hit@10 : 0.8928    map@10 : 0.3858    precision@10 : 0.1779    gauc : 0.9862    itemcoverage@10 : 0.1264    averagepopularity@10 : 5119.3563    giniindex@10 : 0.9755    shannonentropy@10 : 0.0089    tailpercentage@10 : 0.0
Fri 17 May 2024 23:44:00 INFO  Saving current: saved/mind/LightGCN/LightGCN-May-17-2024_22-34-06.pth
Fri 17 May 2024 23:44:26 INFO  epoch 50 training [time: 25.84s, train loss: 12.1593]
Fri 17 May 2024 23:45:23 INFO  epoch 50 evaluating [time: 57.70s, valid_score: 0.575700]
Fri 17 May 2024 23:45:23 INFO  valid result: 
recall@10 : 0.6174    mrr@10 : 0.5757    ndcg@10 : 0.5022    hit@10 : 0.8946    map@10 : 0.387    precision@10 : 0.1783    gauc : 0.9863    itemcoverage@10 : 0.1273    averagepopularity@10 : 5135.482    giniindex@10 : 0.9756    shannonentropy@10 : 0.0089    tailpercentage@10 : 0.0
Fri 17 May 2024 23:45:24 INFO  Saving current: saved/mind/LightGCN/LightGCN-May-17-2024_22-34-06.pth
Fri 17 May 2024 23:45:50 INFO  epoch 51 training [time: 25.93s, train loss: 12.1300]
Fri 17 May 2024 23:46:48 INFO  epoch 51 evaluating [time: 58.27s, valid_score: 0.576300]
Fri 17 May 2024 23:46:48 INFO  valid result: 
recall@10 : 0.6183    mrr@10 : 0.5763    ndcg@10 : 0.5029    hit@10 : 0.8946    map@10 : 0.3875    precision@10 : 0.1788    gauc : 0.9864    itemcoverage@10 : 0.1293    averagepopularity@10 : 5089.7109    giniindex@10 : 0.9752    shannonentropy@10 : 0.0087    tailpercentage@10 : 0.0
Fri 17 May 2024 23:46:48 INFO  Saving current: saved/mind/LightGCN/LightGCN-May-17-2024_22-34-06.pth
Fri 17 May 2024 23:47:14 INFO  epoch 52 training [time: 25.65s, train loss: 11.7608]
Fri 17 May 2024 23:48:11 INFO  epoch 52 evaluating [time: 57.82s, valid_score: 0.576600]
Fri 17 May 2024 23:48:11 INFO  valid result: 
recall@10 : 0.6195    mrr@10 : 0.5766    ndcg@10 : 0.504    hit@10 : 0.8953    map@10 : 0.3887    precision@10 : 0.179    gauc : 0.9865    itemcoverage@10 : 0.1314    averagepopularity@10 : 5066.5122    giniindex@10 : 0.9748    shannonentropy@10 : 0.0086    tailpercentage@10 : 0.0
Fri 17 May 2024 23:48:12 INFO  Saving current: saved/mind/LightGCN/LightGCN-May-17-2024_22-34-06.pth
Fri 17 May 2024 23:48:37 INFO  epoch 53 training [time: 25.67s, train loss: 11.6976]
Fri 17 May 2024 23:49:35 INFO  epoch 53 evaluating [time: 57.46s, valid_score: 0.578500]
Fri 17 May 2024 23:49:35 INFO  valid result: 
recall@10 : 0.6206    mrr@10 : 0.5785    ndcg@10 : 0.5054    hit@10 : 0.8956    map@10 : 0.39    precision@10 : 0.1796    gauc : 0.9866    itemcoverage@10 : 0.1334    averagepopularity@10 : 5065.62    giniindex@10 : 0.9746    shannonentropy@10 : 0.0085    tailpercentage@10 : 0.0
Fri 17 May 2024 23:49:35 INFO  Saving current: saved/mind/LightGCN/LightGCN-May-17-2024_22-34-06.pth
Fri 17 May 2024 23:50:01 INFO  epoch 54 training [time: 25.74s, train loss: 11.6371]
Fri 17 May 2024 23:50:58 INFO  epoch 54 evaluating [time: 57.56s, valid_score: 0.580600]
Fri 17 May 2024 23:50:58 INFO  valid result: 
recall@10 : 0.6211    mrr@10 : 0.5806    ndcg@10 : 0.5069    hit@10 : 0.8967    map@10 : 0.3916    precision@10 : 0.1798    gauc : 0.9867    itemcoverage@10 : 0.1332    averagepopularity@10 : 5057.987    giniindex@10 : 0.9744    shannonentropy@10 : 0.0085    tailpercentage@10 : 0.0
Fri 17 May 2024 23:50:58 INFO  Saving current: saved/mind/LightGCN/LightGCN-May-17-2024_22-34-06.pth
Fri 17 May 2024 23:51:24 INFO  epoch 55 training [time: 25.52s, train loss: 11.3715]
Fri 17 May 2024 23:52:22 INFO  epoch 55 evaluating [time: 57.70s, valid_score: 0.580800]
Fri 17 May 2024 23:52:22 INFO  valid result: 
recall@10 : 0.623    mrr@10 : 0.5808    ndcg@10 : 0.5079    hit@10 : 0.8982    map@10 : 0.3924    precision@10 : 0.1803    gauc : 0.9868    itemcoverage@10 : 0.1357    averagepopularity@10 : 5073.9787    giniindex@10 : 0.9745    shannonentropy@10 : 0.0084    tailpercentage@10 : 0.0
Fri 17 May 2024 23:52:22 INFO  Saving current: saved/mind/LightGCN/LightGCN-May-17-2024_22-34-06.pth
Fri 17 May 2024 23:52:47 INFO  epoch 56 training [time: 25.65s, train loss: 11.1683]
Fri 17 May 2024 23:53:46 INFO  epoch 56 evaluating [time: 58.67s, valid_score: 0.580600]
Fri 17 May 2024 23:53:46 INFO  valid result: 
recall@10 : 0.6232    mrr@10 : 0.5806    ndcg@10 : 0.508    hit@10 : 0.8987    map@10 : 0.3925    precision@10 : 0.1804    gauc : 0.9869    itemcoverage@10 : 0.1359    averagepopularity@10 : 5036.1948    giniindex@10 : 0.9741    shannonentropy@10 : 0.0084    tailpercentage@10 : 0.0
Fri 17 May 2024 23:54:12 INFO  epoch 57 training [time: 25.86s, train loss: 10.9771]
Fri 17 May 2024 23:55:10 INFO  epoch 57 evaluating [time: 57.60s, valid_score: 0.580700]
Fri 17 May 2024 23:55:10 INFO  valid result: 
recall@10 : 0.6246    mrr@10 : 0.5807    ndcg@10 : 0.5084    hit@10 : 0.8991    map@10 : 0.3928    precision@10 : 0.1806    gauc : 0.987    itemcoverage@10 : 0.1386    averagepopularity@10 : 5001.3821    giniindex@10 : 0.9739    shannonentropy@10 : 0.0082    tailpercentage@10 : 0.0
Fri 17 May 2024 23:55:35 INFO  epoch 58 training [time: 25.68s, train loss: 10.9108]
Fri 17 May 2024 23:56:33 INFO  epoch 58 evaluating [time: 57.52s, valid_score: 0.583100]
Fri 17 May 2024 23:56:33 INFO  valid result: 
recall@10 : 0.6266    mrr@10 : 0.5831    ndcg@10 : 0.5104    hit@10 : 0.901    map@10 : 0.3944    precision@10 : 0.1813    gauc : 0.9871    itemcoverage@10 : 0.1382    averagepopularity@10 : 5056.8301    giniindex@10 : 0.9744    shannonentropy@10 : 0.0082    tailpercentage@10 : 0.0
Fri 17 May 2024 23:56:33 INFO  Saving current: saved/mind/LightGCN/LightGCN-May-17-2024_22-34-06.pth
Fri 17 May 2024 23:56:58 INFO  epoch 59 training [time: 25.55s, train loss: 10.9210]
Fri 17 May 2024 23:57:57 INFO  epoch 59 evaluating [time: 58.22s, valid_score: 0.581100]
Fri 17 May 2024 23:57:57 INFO  valid result: 
recall@10 : 0.6267    mrr@10 : 0.5811    ndcg@10 : 0.5096    hit@10 : 0.901    map@10 : 0.3937    precision@10 : 0.1811    gauc : 0.9871    itemcoverage@10 : 0.1411    averagepopularity@10 : 4964.3825    giniindex@10 : 0.9734    shannonentropy@10 : 0.0081    tailpercentage@10 : 0.0
Fri 17 May 2024 23:58:22 INFO  epoch 60 training [time: 25.68s, train loss: 10.6250]
Fri 17 May 2024 23:59:21 INFO  epoch 60 evaluating [time: 58.46s, valid_score: 0.582700]
Fri 17 May 2024 23:59:21 INFO  valid result: 
recall@10 : 0.6285    mrr@10 : 0.5827    ndcg@10 : 0.5113    hit@10 : 0.9022    map@10 : 0.3951    precision@10 : 0.1819    gauc : 0.9872    itemcoverage@10 : 0.1418    averagepopularity@10 : 4972.4205    giniindex@10 : 0.9734    shannonentropy@10 : 0.0081    tailpercentage@10 : 0.0
Fri 17 May 2024 23:59:46 INFO  epoch 61 training [time: 25.50s, train loss: 10.6115]
Sat 18 May 2024 00:00:45 INFO  epoch 61 evaluating [time: 58.45s, valid_score: 0.584200]
Sat 18 May 2024 00:00:45 INFO  valid result: 
recall@10 : 0.629    mrr@10 : 0.5842    ndcg@10 : 0.5121    hit@10 : 0.902    map@10 : 0.3959    precision@10 : 0.1823    gauc : 0.9873    itemcoverage@10 : 0.1447    averagepopularity@10 : 5010.9156    giniindex@10 : 0.9735    shannonentropy@10 : 0.0079    tailpercentage@10 : 0.0
Sat 18 May 2024 00:00:45 INFO  Saving current: saved/mind/LightGCN/LightGCN-May-17-2024_22-34-06.pth
Sat 18 May 2024 00:01:11 INFO  epoch 62 training [time: 25.56s, train loss: 10.4985]
Sat 18 May 2024 00:02:09 INFO  epoch 62 evaluating [time: 58.21s, valid_score: 0.581000]
Sat 18 May 2024 00:02:09 INFO  valid result: 
recall@10 : 0.6287    mrr@10 : 0.581    ndcg@10 : 0.5109    hit@10 : 0.9014    map@10 : 0.3949    precision@10 : 0.1819    gauc : 0.9874    itemcoverage@10 : 0.1468    averagepopularity@10 : 4947.0393    giniindex@10 : 0.9728    shannonentropy@10 : 0.0078    tailpercentage@10 : 0.0
Sat 18 May 2024 00:02:34 INFO  epoch 63 training [time: 25.63s, train loss: 10.3271]
Sat 18 May 2024 00:03:32 INFO  epoch 63 evaluating [time: 57.94s, valid_score: 0.584700]
Sat 18 May 2024 00:03:32 INFO  valid result: 
recall@10 : 0.6304    mrr@10 : 0.5847    ndcg@10 : 0.5133    hit@10 : 0.9037    map@10 : 0.3971    precision@10 : 0.1829    gauc : 0.9875    itemcoverage@10 : 0.1479    averagepopularity@10 : 4986.3516    giniindex@10 : 0.9729    shannonentropy@10 : 0.0078    tailpercentage@10 : 0.0
Sat 18 May 2024 00:03:32 INFO  Saving current: saved/mind/LightGCN/LightGCN-May-17-2024_22-34-06.pth
Sat 18 May 2024 00:03:58 INFO  epoch 64 training [time: 25.65s, train loss: 10.1570]
Sat 18 May 2024 00:04:56 INFO  epoch 64 evaluating [time: 58.06s, valid_score: 0.583500]
Sat 18 May 2024 00:04:56 INFO  valid result: 
recall@10 : 0.6309    mrr@10 : 0.5835    ndcg@10 : 0.5127    hit@10 : 0.904    map@10 : 0.3962    precision@10 : 0.183    gauc : 0.9875    itemcoverage@10 : 0.1515    averagepopularity@10 : 4958.3002    giniindex@10 : 0.9727    shannonentropy@10 : 0.0076    tailpercentage@10 : 0.0
Sat 18 May 2024 00:05:22 INFO  epoch 65 training [time: 25.58s, train loss: 10.2973]
Sat 18 May 2024 00:06:19 INFO  epoch 65 evaluating [time: 57.70s, valid_score: 0.583000]
Sat 18 May 2024 00:06:19 INFO  valid result: 
recall@10 : 0.6313    mrr@10 : 0.583    ndcg@10 : 0.513    hit@10 : 0.9039    map@10 : 0.3965    precision@10 : 0.1833    gauc : 0.9876    itemcoverage@10 : 0.1547    averagepopularity@10 : 4990.2171    giniindex@10 : 0.9727    shannonentropy@10 : 0.0074    tailpercentage@10 : 0.0
Sat 18 May 2024 00:06:45 INFO  epoch 66 training [time: 25.75s, train loss: 10.1352]
Sat 18 May 2024 00:07:43 INFO  epoch 66 evaluating [time: 57.41s, valid_score: 0.584200]
Sat 18 May 2024 00:07:43 INFO  valid result: 
recall@10 : 0.6333    mrr@10 : 0.5842    ndcg@10 : 0.5142    hit@10 : 0.9055    map@10 : 0.3975    precision@10 : 0.184    gauc : 0.9877    itemcoverage@10 : 0.1533    averagepopularity@10 : 4966.5332    giniindex@10 : 0.9724    shannonentropy@10 : 0.0075    tailpercentage@10 : 0.0
Sat 18 May 2024 00:08:08 INFO  epoch 67 training [time: 25.80s, train loss: 9.8740]
Sat 18 May 2024 00:09:06 INFO  epoch 67 evaluating [time: 57.81s, valid_score: 0.582200]
Sat 18 May 2024 00:09:06 INFO  valid result: 
recall@10 : 0.6337    mrr@10 : 0.5822    ndcg@10 : 0.5138    hit@10 : 0.9058    map@10 : 0.3969    precision@10 : 0.1843    gauc : 0.9877    itemcoverage@10 : 0.1531    averagepopularity@10 : 4955.336    giniindex@10 : 0.9723    shannonentropy@10 : 0.0075    tailpercentage@10 : 0.0
Sat 18 May 2024 00:09:32 INFO  epoch 68 training [time: 25.62s, train loss: 9.8277]
Sat 18 May 2024 00:10:30 INFO  epoch 68 evaluating [time: 58.03s, valid_score: 0.582500]
Sat 18 May 2024 00:10:30 INFO  valid result: 
recall@10 : 0.6346    mrr@10 : 0.5825    ndcg@10 : 0.5141    hit@10 : 0.9066    map@10 : 0.397    precision@10 : 0.1843    gauc : 0.9878    itemcoverage@10 : 0.1547    averagepopularity@10 : 4930.389    giniindex@10 : 0.9721    shannonentropy@10 : 0.0075    tailpercentage@10 : 0.0
Sat 18 May 2024 00:10:55 INFO  epoch 69 training [time: 25.55s, train loss: 9.6839]
Sat 18 May 2024 00:11:53 INFO  epoch 69 evaluating [time: 57.94s, valid_score: 0.585000]
Sat 18 May 2024 00:11:53 INFO  valid result: 
recall@10 : 0.6351    mrr@10 : 0.585    ndcg@10 : 0.5154    hit@10 : 0.9066    map@10 : 0.3983    precision@10 : 0.1849    gauc : 0.9879    itemcoverage@10 : 0.1563    averagepopularity@10 : 4987.9056    giniindex@10 : 0.9723    shannonentropy@10 : 0.0074    tailpercentage@10 : 0.0
Sat 18 May 2024 00:11:54 INFO  Saving current: saved/mind/LightGCN/LightGCN-May-17-2024_22-34-06.pth
Sat 18 May 2024 00:12:19 INFO  epoch 70 training [time: 25.79s, train loss: 9.5987]
Sat 18 May 2024 00:13:17 INFO  epoch 70 evaluating [time: 57.41s, valid_score: 0.583400]
Sat 18 May 2024 00:13:17 INFO  valid result: 
recall@10 : 0.6352    mrr@10 : 0.5834    ndcg@10 : 0.5149    hit@10 : 0.9066    map@10 : 0.3978    precision@10 : 0.1846    gauc : 0.9879    itemcoverage@10 : 0.1583    averagepopularity@10 : 4917.0578    giniindex@10 : 0.9715    shannonentropy@10 : 0.0073    tailpercentage@10 : 0.0
Sat 18 May 2024 00:13:43 INFO  epoch 71 training [time: 25.77s, train loss: 9.6284]
Sat 18 May 2024 00:14:41 INFO  epoch 71 evaluating [time: 58.53s, valid_score: 0.583700]
Sat 18 May 2024 00:14:41 INFO  valid result: 
recall@10 : 0.6359    mrr@10 : 0.5837    ndcg@10 : 0.5154    hit@10 : 0.9068    map@10 : 0.3983    precision@10 : 0.1849    gauc : 0.988    itemcoverage@10 : 0.1595    averagepopularity@10 : 4903.8078    giniindex@10 : 0.9714    shannonentropy@10 : 0.0073    tailpercentage@10 : 0.0
Sat 18 May 2024 00:15:07 INFO  epoch 72 training [time: 25.79s, train loss: 9.4163]
Sat 18 May 2024 00:16:05 INFO  epoch 72 evaluating [time: 57.94s, valid_score: 0.584100]
Sat 18 May 2024 00:16:05 INFO  valid result: 
recall@10 : 0.6363    mrr@10 : 0.5841    ndcg@10 : 0.5158    hit@10 : 0.9067    map@10 : 0.3986    precision@10 : 0.1854    gauc : 0.9881    itemcoverage@10 : 0.1599    averagepopularity@10 : 4923.4798    giniindex@10 : 0.9714    shannonentropy@10 : 0.0073    tailpercentage@10 : 0.0
Sat 18 May 2024 00:16:30 INFO  epoch 73 training [time: 25.72s, train loss: 9.4504]
Sat 18 May 2024 00:17:29 INFO  epoch 73 evaluating [time: 58.45s, valid_score: 0.583700]
Sat 18 May 2024 00:17:29 INFO  valid result: 
recall@10 : 0.6363    mrr@10 : 0.5837    ndcg@10 : 0.5158    hit@10 : 0.9068    map@10 : 0.3986    precision@10 : 0.1855    gauc : 0.9881    itemcoverage@10 : 0.1631    averagepopularity@10 : 4931.9496    giniindex@10 : 0.9712    shannonentropy@10 : 0.0071    tailpercentage@10 : 0.0
Sat 18 May 2024 00:17:55 INFO  epoch 74 training [time: 25.69s, train loss: 9.3748]
Sat 18 May 2024 00:18:53 INFO  epoch 74 evaluating [time: 57.96s, valid_score: 0.584400]
Sat 18 May 2024 00:18:53 INFO  valid result: 
recall@10 : 0.6375    mrr@10 : 0.5844    ndcg@10 : 0.5165    hit@10 : 0.9072    map@10 : 0.399    precision@10 : 0.1859    gauc : 0.9882    itemcoverage@10 : 0.1653    averagepopularity@10 : 4915.0769    giniindex@10 : 0.9712    shannonentropy@10 : 0.007    tailpercentage@10 : 0.0
Sat 18 May 2024 00:19:18 INFO  epoch 75 training [time: 25.62s, train loss: 9.2009]
Sat 18 May 2024 00:20:16 INFO  epoch 75 evaluating [time: 58.08s, valid_score: 0.584500]
Sat 18 May 2024 00:20:16 INFO  valid result: 
recall@10 : 0.6373    mrr@10 : 0.5845    ndcg@10 : 0.5164    hit@10 : 0.9069    map@10 : 0.3989    precision@10 : 0.1859    gauc : 0.9882    itemcoverage@10 : 0.1663    averagepopularity@10 : 4904.0612    giniindex@10 : 0.9709    shannonentropy@10 : 0.007    tailpercentage@10 : 0.0
Sat 18 May 2024 00:20:42 INFO  epoch 76 training [time: 25.80s, train loss: 9.1149]
Sat 18 May 2024 00:21:40 INFO  epoch 76 evaluating [time: 57.64s, valid_score: 0.585000]
Sat 18 May 2024 00:21:40 INFO  valid result: 
recall@10 : 0.6373    mrr@10 : 0.585    ndcg@10 : 0.5167    hit@10 : 0.9067    map@10 : 0.3992    precision@10 : 0.1864    gauc : 0.9883    itemcoverage@10 : 0.1669    averagepopularity@10 : 4906.9658    giniindex@10 : 0.9708    shannonentropy@10 : 0.007    tailpercentage@10 : 0.0
Sat 18 May 2024 00:21:40 INFO  Saving current: saved/mind/LightGCN/LightGCN-May-17-2024_22-34-06.pth
Sat 18 May 2024 00:22:06 INFO  epoch 77 training [time: 25.78s, train loss: 9.0671]
Sat 18 May 2024 00:23:03 INFO  epoch 77 evaluating [time: 57.68s, valid_score: 0.585700]
Sat 18 May 2024 00:23:03 INFO  valid result: 
recall@10 : 0.6388    mrr@10 : 0.5857    ndcg@10 : 0.5178    hit@10 : 0.9084    map@10 : 0.4001    precision@10 : 0.1866    gauc : 0.9883    itemcoverage@10 : 0.1674    averagepopularity@10 : 4899.6661    giniindex@10 : 0.9707    shannonentropy@10 : 0.007    tailpercentage@10 : 0.0
Sat 18 May 2024 00:23:04 INFO  Saving current: saved/mind/LightGCN/LightGCN-May-17-2024_22-34-06.pth
Sat 18 May 2024 00:23:29 INFO  epoch 78 training [time: 25.65s, train loss: 8.8755]
Sat 18 May 2024 00:24:27 INFO  epoch 78 evaluating [time: 57.59s, valid_score: 0.584700]
Sat 18 May 2024 00:24:27 INFO  valid result: 
recall@10 : 0.6389    mrr@10 : 0.5847    ndcg@10 : 0.5172    hit@10 : 0.9072    map@10 : 0.3996    precision@10 : 0.1864    gauc : 0.9884    itemcoverage@10 : 0.1667    averagepopularity@10 : 4885.392    giniindex@10 : 0.9704    shannonentropy@10 : 0.007    tailpercentage@10 : 0.0
Sat 18 May 2024 00:24:53 INFO  epoch 79 training [time: 25.75s, train loss: 8.8459]
Sat 18 May 2024 00:25:50 INFO  epoch 79 evaluating [time: 57.91s, valid_score: 0.588100]
Sat 18 May 2024 00:25:50 INFO  valid result: 
recall@10 : 0.6403    mrr@10 : 0.5881    ndcg@10 : 0.5193    hit@10 : 0.909    map@10 : 0.4014    precision@10 : 0.1872    gauc : 0.9884    itemcoverage@10 : 0.1678    averagepopularity@10 : 4908.9871    giniindex@10 : 0.9706    shannonentropy@10 : 0.007    tailpercentage@10 : 0.0
Sat 18 May 2024 00:25:51 INFO  Saving current: saved/mind/LightGCN/LightGCN-May-17-2024_22-34-06.pth
Sat 18 May 2024 00:26:16 INFO  epoch 80 training [time: 25.76s, train loss: 8.5613]
Sat 18 May 2024 00:27:14 INFO  epoch 80 evaluating [time: 57.67s, valid_score: 0.585000]
Sat 18 May 2024 00:27:14 INFO  valid result: 
recall@10 : 0.6395    mrr@10 : 0.585    ndcg@10 : 0.5177    hit@10 : 0.9088    map@10 : 0.4    precision@10 : 0.1868    gauc : 0.9885    itemcoverage@10 : 0.1687    averagepopularity@10 : 4851.7428    giniindex@10 : 0.97    shannonentropy@10 : 0.0069    tailpercentage@10 : 0.0
Sat 18 May 2024 00:27:40 INFO  epoch 81 training [time: 25.54s, train loss: 8.8570]
Sat 18 May 2024 00:28:37 INFO  epoch 81 evaluating [time: 57.65s, valid_score: 0.584300]
Sat 18 May 2024 00:28:37 INFO  valid result: 
recall@10 : 0.6397    mrr@10 : 0.5843    ndcg@10 : 0.5174    hit@10 : 0.9087    map@10 : 0.3995    precision@10 : 0.1869    gauc : 0.9885    itemcoverage@10 : 0.1719    averagepopularity@10 : 4861.1055    giniindex@10 : 0.97    shannonentropy@10 : 0.0068    tailpercentage@10 : 0.0
Sat 18 May 2024 00:29:03 INFO  epoch 82 training [time: 25.60s, train loss: 8.7511]
Sat 18 May 2024 00:30:01 INFO  epoch 82 evaluating [time: 57.97s, valid_score: 0.585700]
Sat 18 May 2024 00:30:01 INFO  valid result: 
recall@10 : 0.6406    mrr@10 : 0.5857    ndcg@10 : 0.5183    hit@10 : 0.9089    map@10 : 0.4003    precision@10 : 0.1874    gauc : 0.9886    itemcoverage@10 : 0.1721    averagepopularity@10 : 4877.891    giniindex@10 : 0.9701    shannonentropy@10 : 0.0068    tailpercentage@10 : 0.0
Sat 18 May 2024 00:30:26 INFO  epoch 83 training [time: 25.68s, train loss: 8.4023]
Sat 18 May 2024 00:31:24 INFO  epoch 83 evaluating [time: 57.69s, valid_score: 0.585900]
Sat 18 May 2024 00:31:24 INFO  valid result: 
recall@10 : 0.6407    mrr@10 : 0.5859    ndcg@10 : 0.5185    hit@10 : 0.9086    map@10 : 0.4005    precision@10 : 0.1873    gauc : 0.9886    itemcoverage@10 : 0.1744    averagepopularity@10 : 4845.4223    giniindex@10 : 0.9697    shannonentropy@10 : 0.0067    tailpercentage@10 : 0.0
Sat 18 May 2024 00:31:50 INFO  epoch 84 training [time: 25.73s, train loss: 8.3007]
Sat 18 May 2024 00:32:48 INFO  epoch 84 evaluating [time: 57.64s, valid_score: 0.585400]
Sat 18 May 2024 00:32:48 INFO  valid result: 
recall@10 : 0.6428    mrr@10 : 0.5854    ndcg@10 : 0.5193    hit@10 : 0.9102    map@10 : 0.4011    precision@10 : 0.1878    gauc : 0.9887    itemcoverage@10 : 0.1719    averagepopularity@10 : 4837.0691    giniindex@10 : 0.9698    shannonentropy@10 : 0.0068    tailpercentage@10 : 0.0
Sat 18 May 2024 00:33:13 INFO  epoch 85 training [time: 25.62s, train loss: 8.3154]
Sat 18 May 2024 00:34:11 INFO  epoch 85 evaluating [time: 58.02s, valid_score: 0.584500]
Sat 18 May 2024 00:34:11 INFO  valid result: 
recall@10 : 0.6424    mrr@10 : 0.5845    ndcg@10 : 0.5191    hit@10 : 0.91    map@10 : 0.4011    precision@10 : 0.1875    gauc : 0.9887    itemcoverage@10 : 0.1744    averagepopularity@10 : 4801.5723    giniindex@10 : 0.9694    shannonentropy@10 : 0.0067    tailpercentage@10 : 0.0
Sat 18 May 2024 00:34:37 INFO  epoch 86 training [time: 25.69s, train loss: 8.3093]
Sat 18 May 2024 00:35:35 INFO  epoch 86 evaluating [time: 57.71s, valid_score: 0.585100]
Sat 18 May 2024 00:35:35 INFO  valid result: 
recall@10 : 0.6419    mrr@10 : 0.5851    ndcg@10 : 0.5189    hit@10 : 0.9094    map@10 : 0.401    precision@10 : 0.1876    gauc : 0.9887    itemcoverage@10 : 0.1794    averagepopularity@10 : 4796.1733    giniindex@10 : 0.9692    shannonentropy@10 : 0.0066    tailpercentage@10 : 0.0
Sat 18 May 2024 00:36:00 INFO  epoch 87 training [time: 25.74s, train loss: 8.3452]
Sat 18 May 2024 00:36:58 INFO  epoch 87 evaluating [time: 57.63s, valid_score: 0.586700]
Sat 18 May 2024 00:36:58 INFO  valid result: 
recall@10 : 0.6432    mrr@10 : 0.5867    ndcg@10 : 0.5207    hit@10 : 0.9095    map@10 : 0.4027    precision@10 : 0.1883    gauc : 0.9888    itemcoverage@10 : 0.1803    averagepopularity@10 : 4844.5223    giniindex@10 : 0.9694    shannonentropy@10 : 0.0065    tailpercentage@10 : 0.0
Sat 18 May 2024 00:37:24 INFO  epoch 88 training [time: 25.72s, train loss: 8.1905]
Sat 18 May 2024 00:38:22 INFO  epoch 88 evaluating [time: 57.89s, valid_score: 0.586900]
Sat 18 May 2024 00:38:22 INFO  valid result: 
recall@10 : 0.6436    mrr@10 : 0.5869    ndcg@10 : 0.5209    hit@10 : 0.9102    map@10 : 0.403    precision@10 : 0.1883    gauc : 0.9888    itemcoverage@10 : 0.183    averagepopularity@10 : 4827.2927    giniindex@10 : 0.9691    shannonentropy@10 : 0.0064    tailpercentage@10 : 0.0
Sat 18 May 2024 00:38:48 INFO  epoch 89 training [time: 25.93s, train loss: 8.0041]
Sat 18 May 2024 00:39:45 INFO  epoch 89 evaluating [time: 57.78s, valid_score: 0.587500]
Sat 18 May 2024 00:39:45 INFO  valid result: 
recall@10 : 0.645    mrr@10 : 0.5875    ndcg@10 : 0.522    hit@10 : 0.9108    map@10 : 0.404    precision@10 : 0.1889    gauc : 0.9889    itemcoverage@10 : 0.1837    averagepopularity@10 : 4854.6383    giniindex@10 : 0.9694    shannonentropy@10 : 0.0064    tailpercentage@10 : 0.0
Sat 18 May 2024 00:40:11 INFO  epoch 90 training [time: 25.63s, train loss: 7.9162]
Sat 18 May 2024 00:41:09 INFO  epoch 90 evaluating [time: 57.68s, valid_score: 0.587900]
Sat 18 May 2024 00:41:09 INFO  valid result: 
recall@10 : 0.6443    mrr@10 : 0.5879    ndcg@10 : 0.5219    hit@10 : 0.9109    map@10 : 0.404    precision@10 : 0.1886    gauc : 0.9889    itemcoverage@10 : 0.1875    averagepopularity@10 : 4816.2429    giniindex@10 : 0.9689    shannonentropy@10 : 0.0063    tailpercentage@10 : 0.0
Sat 18 May 2024 00:41:09 INFO  Finished training, best eval result in epoch 79
Sat 18 May 2024 00:41:09 INFO  Loading model structure and parameters from saved/mind/LightGCN/LightGCN-May-17-2024_22-34-06.pth
Sat 18 May 2024 00:42:11 INFO  The running environment of this training is as follows:
+-------------+----------------+
| Environment |     Usage      |
+=============+================+
| CPU         |     0.20 %     |
+-------------+----------------+
| GPU         | 0.23 G/11.93 G |
+-------------+----------------+
| Memory      | 2.41 G/31.23 G |
+-------------+----------------+
Sat 18 May 2024 00:42:11 INFO  best valid : OrderedDict([('recall@10', 0.6403), ('mrr@10', 0.5881), ('ndcg@10', 0.5193), ('hit@10', 0.909), ('map@10', 0.4014), ('precision@10', 0.1872), ('gauc', 0.9884), ('itemcoverage@10', 0.1678), ('averagepopularity@10', 4908.9871), ('giniindex@10', 0.9706), ('shannonentropy@10', 0.007), ('tailpercentage@10', 0.0)])
Sat 18 May 2024 00:42:11 INFO  test result: OrderedDict([('recall@10', 0.6816), ('mrr@10', 0.7114), ('ndcg@10', 0.6157), ('hit@10', 0.9161), ('map@10', 0.5161), ('precision@10', 0.2051), ('gauc', 0.9894), ('itemcoverage@10', 0.1807), ('averagepopularity@10', 4611.8688), ('giniindex@10', 0.9676), ('shannonentropy@10', 0.0066), ('tailpercentage@10', 0.0)])
Sat 18 May 2024 00:42:11 INFO  
General Hyper Parameters:
gpu_id = 0
use_gpu = True
seed = 2020
state = INFO
reproducibility = True
data_path = data/mind
checkpoint_dir = saved/mind/LightGCN
show_progress = True
save_dataset = False
dataset_save_path = None
save_dataloaders = False
dataloaders_save_path = None
log_wandb = False

Training Hyper Parameters:
epochs = 200
train_batch_size = 2048
learner = adam
learning_rate = 0.001
train_neg_sample_args = {'distribution': 'uniform', 'sample_num': 1, 'dynamic': False, 'candidate_num': 0, 'alpha': 1.0}
eval_step = 1
stopping_step = 10
clip_grad_norm = None
weight_decay = 0.0
loss_decimal_place = 4

Evaluation Hyper Parameters:
eval_args = {'split': {'RS': [0.8, 0.1, 0.1]}, 'order': 'RO', 'group_by': 'user', 'mode': {'valid': 'full', 'test': 'full'}}
repeatable = False
metrics = ['Recall', 'MRR', 'NDCG', 'Hit', 'MAP', 'Precision', 'GAUC', 'ItemCoverage', 'AveragePopularity', 'GiniIndex', 'ShannonEntropy', 'TailPercentage']
topk = [10]
valid_metric = MRR@10
valid_metric_bigger = True
eval_batch_size = 4096
metric_decimal_place = 4

Dataset Hyper Parameters:
field_separator = 	
seq_separator =  
USER_ID_FIELD = user_id
ITEM_ID_FIELD = item_id
RATING_FIELD = rating
TIME_FIELD = timestamp
seq_len = None
LABEL_FIELD = label
threshold = None
NEG_PREFIX = neg_
load_col = {'inter': ['user_id', 'item_id']}
unload_col = None
unused_col = None
additional_feat_suffix = None
rm_dup_inter = None
val_interval = None
filter_inter_by_user_or_item = True
user_inter_num_interval = [0,inf)
item_inter_num_interval = [0,inf)
alias_of_user_id = None
alias_of_item_id = None
alias_of_entity_id = None
alias_of_relation_id = None
preload_weight = None
normalize_field = None
normalize_all = None
ITEM_LIST_LENGTH_FIELD = item_length
LIST_SUFFIX = _list
MAX_ITEM_LIST_LENGTH = 50
POSITION_FIELD = position_id
HEAD_ENTITY_ID_FIELD = head_id
TAIL_ENTITY_ID_FIELD = tail_id
RELATION_ID_FIELD = relation_id
ENTITY_ID_FIELD = entity_id
benchmark_filename = None

Other Hyper Parameters: 
worker = 0
wandb_project = recbole
shuffle = True
require_pow = False
enable_amp = False
enable_scaler = False
transform = None
embedding_size = 64
n_layers = 2
reg_weight = 1e-05
numerical_features = []
discretization = None
kg_reverse_r = False
entity_kg_num_interval = [0,inf)
relation_kg_num_interval = [0,inf)
MODEL_TYPE = ModelType.GENERAL
encoding = utf-8
device = cuda:1
my_log_file = /home/fontana/Tesi/log/carbon_default.log
max_emission_step = -1
ratio_tolerance = -1
MODEL_INPUT_TYPE = InputType.PAIRWISE
eval_type = EvaluatorType.RANKING
single_spec = True
local_rank = 0
valid_neg_sample_args = {'distribution': 'uniform', 'sample_num': 'none'}
test_neg_sample_args = {'distribution': 'uniform', 'sample_num': 'none'}


Sat 18 May 2024 00:42:15 INFO  mind
The number of users: 23680
Average actions of users: 44.282908906626126
The number of items: 4415
Average actions of items: 237.55663797009515
The number of inters: 1048575
The sparsity of the dataset: 98.9970319625968%
Remain Fields: ['user_id', 'item_id']
Sat 18 May 2024 00:42:18 INFO  [Training]: train_batch_size = [2048] train_neg_sample_args: [{'distribution': 'uniform', 'sample_num': 1, 'dynamic': False, 'candidate_num': 0, 'alpha': 1.0}]
Sat 18 May 2024 00:42:18 INFO  [Evaluation]: eval_batch_size = [4096] eval_args: [{'split': {'RS': [0.8, 0.1, 0.1]}, 'order': 'RO', 'group_by': 'user', 'mode': {'valid': 'full', 'test': 'full'}}]
Sat 18 May 2024 00:42:21 INFO  Loading model structure and parameters from saved/mind/LightGCN/LightGCN-May-17-2024_22-34-06.pth
