Thu 09 May 2024 12:23:34 INFO  ['src/default_tracker2.py', '--dataset=amazon_books_60core_kg', '--model=LightGCN', '--max_emission_step=6']
Thu 09 May 2024 12:23:34 INFO  
General Hyper Parameters:
gpu_id = 0
use_gpu = True
seed = 2020
state = INFO
reproducibility = True
data_path = data/amazon_books_60core_kg
checkpoint_dir = saved/amazon_books_60core_kg/LightGCN
show_progress = True
save_dataset = False
dataset_save_path = None
save_dataloaders = False
dataloaders_save_path = None
log_wandb = False

Training Hyper Parameters:
epochs = 200
train_batch_size = 2048
learner = adam
learning_rate = 0.001
train_neg_sample_args = {'distribution': 'uniform', 'sample_num': 1, 'dynamic': False, 'candidate_num': 0, 'alpha': 1.0}
eval_step = 1
stopping_step = 10
clip_grad_norm = None
weight_decay = 0.0
loss_decimal_place = 4

Evaluation Hyper Parameters:
eval_args = {'split': {'RS': [0.8, 0.1, 0.1]}, 'order': 'RO', 'group_by': 'user', 'mode': {'valid': 'full', 'test': 'full'}}
repeatable = False
metrics = ['Recall', 'MRR', 'NDCG', 'Hit', 'MAP', 'Precision', 'GAUC', 'ItemCoverage', 'AveragePopularity', 'GiniIndex', 'ShannonEntropy', 'TailPercentage']
topk = [10]
valid_metric = MRR@10
valid_metric_bigger = True
eval_batch_size = 4096
metric_decimal_place = 4

Dataset Hyper Parameters:
field_separator = 	
seq_separator =  
USER_ID_FIELD = user_id
ITEM_ID_FIELD = item_id
RATING_FIELD = rating
TIME_FIELD = timestamp
seq_len = None
LABEL_FIELD = label
threshold = None
NEG_PREFIX = neg_
load_col = {'inter': ['user_id', 'item_id']}
unload_col = None
unused_col = None
additional_feat_suffix = None
rm_dup_inter = None
val_interval = None
filter_inter_by_user_or_item = True
user_inter_num_interval = [0,inf)
item_inter_num_interval = [0,inf)
alias_of_user_id = None
alias_of_item_id = None
alias_of_entity_id = None
alias_of_relation_id = None
preload_weight = None
normalize_field = None
normalize_all = None
ITEM_LIST_LENGTH_FIELD = item_length
LIST_SUFFIX = _list
MAX_ITEM_LIST_LENGTH = 50
POSITION_FIELD = position_id
HEAD_ENTITY_ID_FIELD = head_id
TAIL_ENTITY_ID_FIELD = tail_id
RELATION_ID_FIELD = relation_id
ENTITY_ID_FIELD = entity_id
benchmark_filename = None

Other Hyper Parameters: 
worker = 0
wandb_project = recbole
shuffle = True
require_pow = False
enable_amp = False
enable_scaler = False
transform = None
embedding_size = 64
n_layers = 2
reg_weight = 1e-05
numerical_features = []
discretization = None
kg_reverse_r = False
entity_kg_num_interval = [0,inf)
relation_kg_num_interval = [0,inf)
MODEL_TYPE = ModelType.GENERAL
encoding = utf-8
device = cuda:1
my_log_file = /home/fontana/Tesi/log/carbon_default.log
max_emission_step = 6
MODEL_INPUT_TYPE = InputType.PAIRWISE
eval_type = EvaluatorType.RANKING
single_spec = True
local_rank = 0
valid_neg_sample_args = {'distribution': 'uniform', 'sample_num': 'none'}
test_neg_sample_args = {'distribution': 'uniform', 'sample_num': 'none'}


Thu 09 May 2024 12:23:40 INFO  amazon_books_60core_kg
The number of users: 22156
Average actions of users: 66.16434213495825
The number of items: 54459
Average actions of items: 26.917459326453415
The number of inters: 1465871
The sparsity of the dataset: 99.87851162187994%
Remain Fields: ['user_id', 'item_id']
Thu 09 May 2024 12:23:45 INFO  [Training]: train_batch_size = [2048] train_neg_sample_args: [{'distribution': 'uniform', 'sample_num': 1, 'dynamic': False, 'candidate_num': 0, 'alpha': 1.0}]
Thu 09 May 2024 12:23:45 INFO  [Evaluation]: eval_batch_size = [4096] eval_args: [{'split': {'RS': [0.8, 0.1, 0.1]}, 'order': 'RO', 'group_by': 'user', 'mode': {'valid': 'full', 'test': 'full'}}]
Thu 09 May 2024 12:23:52 INFO  LightGCN(
  (user_embedding): Embedding(22156, 64)
  (item_embedding): Embedding(54459, 64)
  (mf_loss): BPRLoss()
  (reg_loss): EmbLoss()
)
Trainable parameters: 4903360
Thu 09 May 2024 12:23:52 INFO  FLOPs: 0.0
Thu 09 May 2024 12:24:41 INFO  epoch 0 training [time: 43.23s, train loss: 253.2775]
Thu 09 May 2024 12:26:23 INFO  epoch 0 evaluating [time: 101.91s, valid_score: 0.026200]
Thu 09 May 2024 12:26:23 INFO  valid result: 
recall@10 : 0.011    mrr@10 : 0.0262    ndcg@10 : 0.0114    hit@10 : 0.0698    map@10 : 0.0047    precision@10 : 0.0081    gauc : 0.8794    itemcoverage@10 : 0.0055    averagepopularity@10 : 339.6642    giniindex@10 : 0.9991    shannonentropy@10 : 0.0141    tailpercentage@10 : 0.0
Thu 09 May 2024 12:26:23 INFO  Saving current: saved/amazon_books_60core_kg/LightGCN/LightGCN-May-09-2024_12-23-53.pth
Thu 09 May 2024 12:27:06 INFO  epoch 1 training [time: 43.24s, train loss: 151.1861]
Thu 09 May 2024 12:28:47 INFO  epoch 1 evaluating [time: 100.64s, valid_score: 0.029800]
Thu 09 May 2024 12:28:47 INFO  valid result: 
recall@10 : 0.0131    mrr@10 : 0.0298    ndcg@10 : 0.0133    hit@10 : 0.0795    map@10 : 0.0056    precision@10 : 0.0093    gauc : 0.8994    itemcoverage@10 : 0.0067    averagepopularity@10 : 316.9988    giniindex@10 : 0.9986    shannonentropy@10 : 0.0125    tailpercentage@10 : 0.0
Thu 09 May 2024 12:28:48 INFO  Saving current: saved/amazon_books_60core_kg/LightGCN/LightGCN-May-09-2024_12-23-53.pth
Thu 09 May 2024 12:29:31 INFO  epoch 2 training [time: 43.36s, train loss: 126.4456]
Thu 09 May 2024 12:31:17 INFO  epoch 2 evaluating [time: 106.16s, valid_score: 0.031700]
Thu 09 May 2024 12:31:17 INFO  valid result: 
recall@10 : 0.0142    mrr@10 : 0.0317    ndcg@10 : 0.0142    hit@10 : 0.0846    map@10 : 0.006    precision@10 : 0.0099    gauc : 0.9092    itemcoverage@10 : 0.0084    averagepopularity@10 : 302.977    giniindex@10 : 0.9983    shannonentropy@10 : 0.0106    tailpercentage@10 : 0.0
Thu 09 May 2024 12:31:18 INFO  Saving current: saved/amazon_books_60core_kg/LightGCN/LightGCN-May-09-2024_12-23-53.pth
Thu 09 May 2024 12:32:01 INFO  epoch 3 training [time: 43.23s, train loss: 112.7968]
Thu 09 May 2024 12:33:42 INFO  epoch 3 evaluating [time: 101.28s, valid_score: 0.033900]
Thu 09 May 2024 12:33:42 INFO  valid result: 
recall@10 : 0.0155    mrr@10 : 0.0339    ndcg@10 : 0.0154    hit@10 : 0.0914    map@10 : 0.0065    precision@10 : 0.0106    gauc : 0.9156    itemcoverage@10 : 0.0099    averagepopularity@10 : 291.2631    giniindex@10 : 0.998    shannonentropy@10 : 0.0093    tailpercentage@10 : 0.0
Thu 09 May 2024 12:33:43 INFO  Saving current: saved/amazon_books_60core_kg/LightGCN/LightGCN-May-09-2024_12-23-53.pth
Thu 09 May 2024 12:34:26 INFO  epoch 4 training [time: 43.20s, train loss: 103.5029]
Thu 09 May 2024 12:36:07 INFO  epoch 4 evaluating [time: 100.70s, valid_score: 0.035300]
Thu 09 May 2024 12:36:07 INFO  valid result: 
recall@10 : 0.0165    mrr@10 : 0.0353    ndcg@10 : 0.016    hit@10 : 0.0956    map@10 : 0.0067    precision@10 : 0.0111    gauc : 0.9204    itemcoverage@10 : 0.0118    averagepopularity@10 : 279.9558    giniindex@10 : 0.9976    shannonentropy@10 : 0.0081    tailpercentage@10 : 0.0
Thu 09 May 2024 12:36:07 INFO  Saving current: saved/amazon_books_60core_kg/LightGCN/LightGCN-May-09-2024_12-23-53.pth
Thu 09 May 2024 12:36:50 INFO  epoch 5 training [time: 43.18s, train loss: 96.2152]
Thu 09 May 2024 12:38:32 INFO  epoch 5 evaluating [time: 101.06s, valid_score: 0.036300]
Thu 09 May 2024 12:38:32 INFO  valid result: 
recall@10 : 0.0173    mrr@10 : 0.0363    ndcg@10 : 0.0167    hit@10 : 0.0988    map@10 : 0.007    precision@10 : 0.0116    gauc : 0.9242    itemcoverage@10 : 0.0135    averagepopularity@10 : 268.6128    giniindex@10 : 0.9972    shannonentropy@10 : 0.0072    tailpercentage@10 : 0.0
Thu 09 May 2024 12:38:32 INFO  Saving current: saved/amazon_books_60core_kg/LightGCN/LightGCN-May-09-2024_12-23-53.pth
Thu 09 May 2024 12:39:15 INFO  epoch 6 training [time: 43.31s, train loss: 90.4837]
Thu 09 May 2024 12:40:56 INFO  epoch 6 evaluating [time: 100.96s, valid_score: 0.037500]
Thu 09 May 2024 12:40:56 INFO  valid result: 
recall@10 : 0.0181    mrr@10 : 0.0375    ndcg@10 : 0.0174    hit@10 : 0.1033    map@10 : 0.0073    precision@10 : 0.0121    gauc : 0.9272    itemcoverage@10 : 0.0155    averagepopularity@10 : 260.6033    giniindex@10 : 0.9968    shannonentropy@10 : 0.0064    tailpercentage@10 : 0.0
Thu 09 May 2024 12:40:57 INFO  Saving current: saved/amazon_books_60core_kg/LightGCN/LightGCN-May-09-2024_12-23-53.pth
Thu 09 May 2024 12:41:40 INFO  epoch 7 training [time: 43.26s, train loss: 84.7845]
Thu 09 May 2024 12:43:22 INFO  epoch 7 evaluating [time: 101.51s, valid_score: 0.039300]
Thu 09 May 2024 12:43:22 INFO  valid result: 
recall@10 : 0.0191    mrr@10 : 0.0393    ndcg@10 : 0.0183    hit@10 : 0.1064    map@10 : 0.0078    precision@10 : 0.0125    gauc : 0.9297    itemcoverage@10 : 0.0172    averagepopularity@10 : 253.3456    giniindex@10 : 0.9964    shannonentropy@10 : 0.0059    tailpercentage@10 : 0.0
Thu 09 May 2024 12:43:22 INFO  Saving current: saved/amazon_books_60core_kg/LightGCN/LightGCN-May-09-2024_12-23-53.pth
Thu 09 May 2024 12:43:22 INFO  Finished training, max emissions step reached
Thu 09 May 2024 12:43:23 INFO  Loading model structure and parameters from saved/amazon_books_60core_kg/LightGCN/LightGCN-May-09-2024_12-23-53.pth
Thu 09 May 2024 12:45:06 INFO  The running environment of this training is as follows:
+-------------+----------------+
| Environment |     Usage      |
+=============+================+
| CPU         |    12.50 %     |
+-------------+----------------+
| GPU         | 0.41 G/11.93 G |
+-------------+----------------+
| Memory      | 2.52 G/31.23 G |
+-------------+----------------+
Thu 09 May 2024 12:45:06 INFO  best valid : OrderedDict([('recall@10', 0.0191), ('mrr@10', 0.0393), ('ndcg@10', 0.0183), ('hit@10', 0.1064), ('map@10', 0.0078), ('precision@10', 0.0125), ('gauc', 0.9297), ('itemcoverage@10', 0.0172), ('averagepopularity@10', 253.3456), ('giniindex@10', 0.9964), ('shannonentropy@10', 0.0059), ('tailpercentage@10', 0.0)])
Thu 09 May 2024 12:45:06 INFO  test result: OrderedDict([('recall@10', 0.0196), ('mrr@10', 0.0401), ('ndcg@10', 0.0185), ('hit@10', 0.1095), ('map@10', 0.0077), ('precision@10', 0.0128), ('gauc', 0.9295), ('itemcoverage@10', 0.0177), ('averagepopularity@10', 252.0464), ('giniindex@10', 0.9964), ('shannonentropy@10', 0.0058), ('tailpercentage@10', 0.0)])
Thu 09 May 2024 12:45:06 INFO  
General Hyper Parameters:
gpu_id = 0
use_gpu = True
seed = 2020
state = INFO
reproducibility = True
data_path = data/amazon_books_60core_kg
checkpoint_dir = saved/amazon_books_60core_kg/LightGCN
show_progress = True
save_dataset = False
dataset_save_path = None
save_dataloaders = False
dataloaders_save_path = None
log_wandb = False

Training Hyper Parameters:
epochs = 200
train_batch_size = 2048
learner = adam
learning_rate = 0.001
train_neg_sample_args = {'distribution': 'uniform', 'sample_num': 1, 'dynamic': False, 'candidate_num': 0, 'alpha': 1.0}
eval_step = 1
stopping_step = 10
clip_grad_norm = None
weight_decay = 0.0
loss_decimal_place = 4

Evaluation Hyper Parameters:
eval_args = {'split': {'RS': [0.8, 0.1, 0.1]}, 'order': 'RO', 'group_by': 'user', 'mode': {'valid': 'full', 'test': 'full'}}
repeatable = False
metrics = ['Recall', 'MRR', 'NDCG', 'Hit', 'MAP', 'Precision', 'GAUC', 'ItemCoverage', 'AveragePopularity', 'GiniIndex', 'ShannonEntropy', 'TailPercentage']
topk = [10]
valid_metric = MRR@10
valid_metric_bigger = True
eval_batch_size = 4096
metric_decimal_place = 4

Dataset Hyper Parameters:
field_separator = 	
seq_separator =  
USER_ID_FIELD = user_id
ITEM_ID_FIELD = item_id
RATING_FIELD = rating
TIME_FIELD = timestamp
seq_len = None
LABEL_FIELD = label
threshold = None
NEG_PREFIX = neg_
load_col = {'inter': ['user_id', 'item_id']}
unload_col = None
unused_col = None
additional_feat_suffix = None
rm_dup_inter = None
val_interval = None
filter_inter_by_user_or_item = True
user_inter_num_interval = [0,inf)
item_inter_num_interval = [0,inf)
alias_of_user_id = None
alias_of_item_id = None
alias_of_entity_id = None
alias_of_relation_id = None
preload_weight = None
normalize_field = None
normalize_all = None
ITEM_LIST_LENGTH_FIELD = item_length
LIST_SUFFIX = _list
MAX_ITEM_LIST_LENGTH = 50
POSITION_FIELD = position_id
HEAD_ENTITY_ID_FIELD = head_id
TAIL_ENTITY_ID_FIELD = tail_id
RELATION_ID_FIELD = relation_id
ENTITY_ID_FIELD = entity_id
benchmark_filename = None

Other Hyper Parameters: 
worker = 0
wandb_project = recbole
shuffle = True
require_pow = False
enable_amp = False
enable_scaler = False
transform = None
embedding_size = 64
n_layers = 2
reg_weight = 1e-05
numerical_features = []
discretization = None
kg_reverse_r = False
entity_kg_num_interval = [0,inf)
relation_kg_num_interval = [0,inf)
MODEL_TYPE = ModelType.GENERAL
encoding = utf-8
device = cuda:1
my_log_file = /home/fontana/Tesi/log/carbon_default.log
max_emission_step = 6
MODEL_INPUT_TYPE = InputType.PAIRWISE
eval_type = EvaluatorType.RANKING
single_spec = True
local_rank = 0
valid_neg_sample_args = {'distribution': 'uniform', 'sample_num': 'none'}
test_neg_sample_args = {'distribution': 'uniform', 'sample_num': 'none'}


Thu 09 May 2024 12:45:13 INFO  amazon_books_60core_kg
The number of users: 22156
Average actions of users: 66.16434213495825
The number of items: 54459
Average actions of items: 26.917459326453415
The number of inters: 1465871
The sparsity of the dataset: 99.87851162187994%
Remain Fields: ['user_id', 'item_id']
Thu 09 May 2024 12:45:18 INFO  [Training]: train_batch_size = [2048] train_neg_sample_args: [{'distribution': 'uniform', 'sample_num': 1, 'dynamic': False, 'candidate_num': 0, 'alpha': 1.0}]
Thu 09 May 2024 12:45:18 INFO  [Evaluation]: eval_batch_size = [4096] eval_args: [{'split': {'RS': [0.8, 0.1, 0.1]}, 'order': 'RO', 'group_by': 'user', 'mode': {'valid': 'full', 'test': 'full'}}]
Thu 09 May 2024 12:45:22 INFO  Loading model structure and parameters from saved/amazon_books_60core_kg/LightGCN/LightGCN-May-09-2024_12-23-53.pth
