Tue 16 Apr 2024 15:56:20 INFO  ['src/default_tracker.py', '--dataset=ml-10m_50U10I', '--model=BPR']
Tue 16 Apr 2024 15:56:20 INFO  
General Hyper Parameters:
gpu_id = 0
use_gpu = True
seed = 2020
state = INFO
reproducibility = True
data_path = data/ml-10m_50U10I
checkpoint_dir = saved/ml-10m_50U10I/BPR
show_progress = True
save_dataset = False
dataset_save_path = None
save_dataloaders = False
dataloaders_save_path = None
log_wandb = False

Training Hyper Parameters:
epochs = 200
train_batch_size = 2048
learner = adam
learning_rate = 0.001
train_neg_sample_args = {'distribution': 'uniform', 'sample_num': 1, 'dynamic': False, 'candidate_num': 0, 'alpha': 1.0}
eval_step = 1
stopping_step = 10
clip_grad_norm = None
weight_decay = 0.0
loss_decimal_place = 4

Evaluation Hyper Parameters:
eval_args = {'split': {'RS': [0.8, 0.1, 0.1]}, 'order': 'RO', 'group_by': 'user', 'mode': {'valid': 'full', 'test': 'full'}}
repeatable = False
metrics = ['Recall', 'MRR', 'NDCG', 'Hit', 'MAP', 'Precision', 'GAUC', 'ItemCoverage', 'AveragePopularity', 'GiniIndex', 'ShannonEntropy', 'TailPercentage']
topk = [10]
valid_metric = MRR@10
valid_metric_bigger = True
eval_batch_size = 4096
metric_decimal_place = 4

Dataset Hyper Parameters:
field_separator = 	
seq_separator =  
USER_ID_FIELD = user_id
ITEM_ID_FIELD = item_id
RATING_FIELD = rating
TIME_FIELD = timestamp
seq_len = None
LABEL_FIELD = label
threshold = None
NEG_PREFIX = neg_
load_col = {'inter': ['user_id', 'item_id']}
unload_col = None
unused_col = None
additional_feat_suffix = None
rm_dup_inter = None
val_interval = None
filter_inter_by_user_or_item = True
user_inter_num_interval = [0,inf)
item_inter_num_interval = [0,inf)
alias_of_user_id = None
alias_of_item_id = None
alias_of_entity_id = None
alias_of_relation_id = None
preload_weight = None
normalize_field = None
normalize_all = None
ITEM_LIST_LENGTH_FIELD = item_length
LIST_SUFFIX = _list
MAX_ITEM_LIST_LENGTH = 50
POSITION_FIELD = position_id
HEAD_ENTITY_ID_FIELD = head_id
TAIL_ENTITY_ID_FIELD = tail_id
RELATION_ID_FIELD = relation_id
ENTITY_ID_FIELD = entity_id
benchmark_filename = None

Other Hyper Parameters: 
worker = 0
wandb_project = recbole
shuffle = True
require_pow = False
enable_amp = False
enable_scaler = False
transform = None
embedding_size = 64
numerical_features = []
discretization = None
kg_reverse_r = False
entity_kg_num_interval = [0,inf)
relation_kg_num_interval = [0,inf)
MODEL_TYPE = ModelType.GENERAL
encoding = utf-8
device = cuda
my_log_file = /mnt/batch/tasks/shared/LS_root/mounts/clusters/fontanagpu/code/sustainability-of-recsys/log/carbon_default.log
MODEL_INPUT_TYPE = InputType.PAIRWISE
eval_type = EvaluatorType.RANKING
single_spec = True
local_rank = 0
valid_neg_sample_args = {'distribution': 'uniform', 'sample_num': 'none'}
test_neg_sample_args = {'distribution': 'uniform', 'sample_num': 'none'}


Tue 16 Apr 2024 15:56:41 INFO  ml-10m_50U10I
The number of users: 50001
Average actions of users: 141.07548
The number of items: 10001
Average actions of items: 705.3774
The number of inters: 7053774
The sparsity of the dataset: 98.5894144730844%
Remain Fields: ['user_id', 'item_id']
Tue 16 Apr 2024 15:57:00 INFO  [Training]: train_batch_size = [2048] train_neg_sample_args: [{'distribution': 'uniform', 'sample_num': 1, 'dynamic': False, 'candidate_num': 0, 'alpha': 1.0}]
Tue 16 Apr 2024 15:57:00 INFO  [Evaluation]: eval_batch_size = [4096] eval_args: [{'split': {'RS': [0.8, 0.1, 0.1]}, 'order': 'RO', 'group_by': 'user', 'mode': {'valid': 'full', 'test': 'full'}}]
Tue 16 Apr 2024 15:57:01 INFO  BPR(
  (user_embedding): Embedding(50001, 64)
  (item_embedding): Embedding(10001, 64)
  (loss): BPRLoss()
)
Trainable parameters: 3840128
Tue 16 Apr 2024 15:57:09 INFO  FLOPs: 128.0
Tue 16 Apr 2024 15:58:02 INFO  epoch 0 training [time: 16.69s, train loss: 787.5576]
Tue 16 Apr 2024 16:00:19 INFO  epoch 0 evaluating [time: 137.26s, valid_score: 0.207800]
Tue 16 Apr 2024 16:00:19 INFO  valid result: 
recall@10 : 0.0899    mrr@10 : 0.2078    ndcg@10 : 0.1113    hit@10 : 0.4632    map@10 : 0.054    precision@10 : 0.085    gauc : 0.9184    itemcoverage@10 : 0.0185    averagepopularity@10 : 16388.9636    giniindex@10 : 0.9982    shannonentropy@10 : 0.0172    tailpercentage@10 : 0.0001
Tue 16 Apr 2024 16:00:20 INFO  Saving current: saved/ml-10m_50U10I/BPR/BPR-Apr-16-2024_15-57-10.pth
Tue 16 Apr 2024 16:00:34 INFO  epoch 1 training [time: 14.09s, train loss: 500.8183]
Tue 16 Apr 2024 16:03:19 INFO  epoch 1 evaluating [time: 165.33s, valid_score: 0.237400]
Tue 16 Apr 2024 16:03:19 INFO  valid result: 
recall@10 : 0.1045    mrr@10 : 0.2374    ndcg@10 : 0.1296    hit@10 : 0.5108    map@10 : 0.0642    precision@10 : 0.0995    gauc : 0.935    itemcoverage@10 : 0.0528    averagepopularity@10 : 15560.9042    giniindex@10 : 0.9969    shannonentropy@10 : 0.0069    tailpercentage@10 : 0.0
Tue 16 Apr 2024 16:03:20 INFO  Saving current: saved/ml-10m_50U10I/BPR/BPR-Apr-16-2024_15-57-10.pth
Tue 16 Apr 2024 16:03:34 INFO  epoch 2 training [time: 14.14s, train loss: 423.6267]
Tue 16 Apr 2024 16:05:51 INFO  epoch 2 evaluating [time: 136.63s, valid_score: 0.255300]
Tue 16 Apr 2024 16:05:51 INFO  valid result: 
recall@10 : 0.1146    mrr@10 : 0.2553    ndcg@10 : 0.1404    hit@10 : 0.5409    map@10 : 0.0708    precision@10 : 0.106    gauc : 0.9422    itemcoverage@10 : 0.0774    averagepopularity@10 : 14227.4496    giniindex@10 : 0.9948    shannonentropy@10 : 0.0053    tailpercentage@10 : 0.0
Tue 16 Apr 2024 16:05:52 INFO  Saving current: saved/ml-10m_50U10I/BPR/BPR-Apr-16-2024_15-57-10.pth
Tue 16 Apr 2024 16:06:06 INFO  epoch 3 training [time: 14.16s, train loss: 381.4998]
Tue 16 Apr 2024 16:08:22 INFO  epoch 3 evaluating [time: 136.29s, valid_score: 0.274200]
Tue 16 Apr 2024 16:08:22 INFO  valid result: 
recall@10 : 0.1228    mrr@10 : 0.2742    ndcg@10 : 0.1506    hit@10 : 0.5632    map@10 : 0.0768    precision@10 : 0.1126    gauc : 0.9471    itemcoverage@10 : 0.1129    averagepopularity@10 : 13402.4112    giniindex@10 : 0.9928    shannonentropy@10 : 0.0039    tailpercentage@10 : 0.0
Tue 16 Apr 2024 16:08:23 INFO  Saving current: saved/ml-10m_50U10I/BPR/BPR-Apr-16-2024_15-57-10.pth
Tue 16 Apr 2024 16:08:37 INFO  epoch 4 training [time: 14.13s, train loss: 350.7252]
Tue 16 Apr 2024 16:10:51 INFO  epoch 4 evaluating [time: 134.69s, valid_score: 0.288300]
Tue 16 Apr 2024 16:10:51 INFO  valid result: 
recall@10 : 0.1322    mrr@10 : 0.2883    ndcg@10 : 0.161    hit@10 : 0.5843    map@10 : 0.0833    precision@10 : 0.1198    gauc : 0.9504    itemcoverage@10 : 0.1473    averagepopularity@10 : 12758.7042    giniindex@10 : 0.9905    shannonentropy@10 : 0.0031    tailpercentage@10 : 0.0
Tue 16 Apr 2024 16:10:52 INFO  Saving current: saved/ml-10m_50U10I/BPR/BPR-Apr-16-2024_15-57-10.pth
Tue 16 Apr 2024 16:11:06 INFO  epoch 5 training [time: 13.83s, train loss: 328.1383]
Tue 16 Apr 2024 16:13:21 INFO  epoch 5 evaluating [time: 134.98s, valid_score: 0.303600]
Tue 16 Apr 2024 16:13:21 INFO  valid result: 
recall@10 : 0.1433    mrr@10 : 0.3036    ndcg@10 : 0.1722    hit@10 : 0.6076    map@10 : 0.0906    precision@10 : 0.1262    gauc : 0.9526    itemcoverage@10 : 0.1719    averagepopularity@10 : 12468.7932    giniindex@10 : 0.9882    shannonentropy@10 : 0.0028    tailpercentage@10 : 0.0
Tue 16 Apr 2024 16:13:22 INFO  Saving current: saved/ml-10m_50U10I/BPR/BPR-Apr-16-2024_15-57-10.pth
Tue 16 Apr 2024 16:13:36 INFO  epoch 6 training [time: 13.71s, train loss: 310.5300]
Tue 16 Apr 2024 16:15:51 INFO  epoch 6 evaluating [time: 135.45s, valid_score: 0.321500]
Tue 16 Apr 2024 16:15:51 INFO  valid result: 
recall@10 : 0.1554    mrr@10 : 0.3215    ndcg@10 : 0.1844    hit@10 : 0.6285    map@10 : 0.0988    precision@10 : 0.1325    gauc : 0.9542    itemcoverage@10 : 0.1903    averagepopularity@10 : 11893.8913    giniindex@10 : 0.9855    shannonentropy@10 : 0.0026    tailpercentage@10 : 0.0
Tue 16 Apr 2024 16:15:52 INFO  Saving current: saved/ml-10m_50U10I/BPR/BPR-Apr-16-2024_15-57-10.pth
Tue 16 Apr 2024 16:16:05 INFO  epoch 7 training [time: 13.74s, train loss: 297.1422]
Tue 16 Apr 2024 16:18:21 INFO  epoch 7 evaluating [time: 135.74s, valid_score: 0.328500]
Tue 16 Apr 2024 16:18:21 INFO  valid result: 
recall@10 : 0.1649    mrr@10 : 0.3285    ndcg@10 : 0.192    hit@10 : 0.6409    map@10 : 0.1042    precision@10 : 0.1367    gauc : 0.9556    itemcoverage@10 : 0.2138    averagepopularity@10 : 11221.2247    giniindex@10 : 0.983    shannonentropy@10 : 0.0024    tailpercentage@10 : 0.0
Tue 16 Apr 2024 16:18:22 INFO  Saving current: saved/ml-10m_50U10I/BPR/BPR-Apr-16-2024_15-57-10.pth
Tue 16 Apr 2024 16:18:36 INFO  epoch 8 training [time: 13.71s, train loss: 286.0994]
Tue 16 Apr 2024 16:20:51 INFO  epoch 8 evaluating [time: 135.25s, valid_score: 0.336500]
Tue 16 Apr 2024 16:20:51 INFO  valid result: 
recall@10 : 0.1681    mrr@10 : 0.3365    ndcg@10 : 0.1965    hit@10 : 0.6487    map@10 : 0.1075    precision@10 : 0.1388    gauc : 0.9565    itemcoverage@10 : 0.2266    averagepopularity@10 : 10990.9804    giniindex@10 : 0.9806    shannonentropy@10 : 0.0024    tailpercentage@10 : 0.0
Tue 16 Apr 2024 16:20:52 INFO  Saving current: saved/ml-10m_50U10I/BPR/BPR-Apr-16-2024_15-57-10.pth
Tue 16 Apr 2024 16:21:06 INFO  epoch 9 training [time: 13.67s, train loss: 275.2204]
Tue 16 Apr 2024 16:23:19 INFO  epoch 9 evaluating [time: 133.45s, valid_score: 0.336300]
Tue 16 Apr 2024 16:23:19 INFO  valid result: 
recall@10 : 0.1725    mrr@10 : 0.3363    ndcg@10 : 0.1985    hit@10 : 0.6558    map@10 : 0.108    precision@10 : 0.1414    gauc : 0.9574    itemcoverage@10 : 0.2441    averagepopularity@10 : 11000.9042    giniindex@10 : 0.9791    shannonentropy@10 : 0.0022    tailpercentage@10 : 0.0
Tue 16 Apr 2024 16:23:33 INFO  epoch 10 training [time: 13.81s, train loss: 266.3925]
Tue 16 Apr 2024 16:25:47 INFO  epoch 10 evaluating [time: 134.51s, valid_score: 0.341500]
Tue 16 Apr 2024 16:25:47 INFO  valid result: 
recall@10 : 0.1755    mrr@10 : 0.3415    ndcg@10 : 0.2015    hit@10 : 0.6604    map@10 : 0.1102    precision@10 : 0.1421    gauc : 0.958    itemcoverage@10 : 0.2569    averagepopularity@10 : 10478.7813    giniindex@10 : 0.9768    shannonentropy@10 : 0.0021    tailpercentage@10 : 0.0
Tue 16 Apr 2024 16:25:48 INFO  Saving current: saved/ml-10m_50U10I/BPR/BPR-Apr-16-2024_15-57-10.pth
Tue 16 Apr 2024 16:26:02 INFO  epoch 11 training [time: 13.54s, train loss: 258.8923]
Tue 16 Apr 2024 16:28:14 INFO  epoch 11 evaluating [time: 132.58s, valid_score: 0.339700]
Tue 16 Apr 2024 16:28:14 INFO  valid result: 
recall@10 : 0.1771    mrr@10 : 0.3397    ndcg@10 : 0.2017    hit@10 : 0.6638    map@10 : 0.1099    precision@10 : 0.143    gauc : 0.9585    itemcoverage@10 : 0.271    averagepopularity@10 : 10333.506    giniindex@10 : 0.975    shannonentropy@10 : 0.0021    tailpercentage@10 : 0.0
Tue 16 Apr 2024 16:28:28 INFO  epoch 12 training [time: 13.36s, train loss: 251.2800]
Tue 16 Apr 2024 16:30:41 INFO  epoch 12 evaluating [time: 132.91s, valid_score: 0.347200]
Tue 16 Apr 2024 16:30:41 INFO  valid result: 
recall@10 : 0.1814    mrr@10 : 0.3472    ndcg@10 : 0.2068    hit@10 : 0.6694    map@10 : 0.1137    precision@10 : 0.1456    gauc : 0.9589    itemcoverage@10 : 0.2833    averagepopularity@10 : 10204.5475    giniindex@10 : 0.9737    shannonentropy@10 : 0.002    tailpercentage@10 : 0.0
Tue 16 Apr 2024 16:30:41 INFO  Saving current: saved/ml-10m_50U10I/BPR/BPR-Apr-16-2024_15-57-10.pth
Tue 16 Apr 2024 16:30:55 INFO  epoch 13 training [time: 13.09s, train loss: 245.0726]
Tue 16 Apr 2024 16:33:09 INFO  epoch 13 evaluating [time: 134.36s, valid_score: 0.345800]
Tue 16 Apr 2024 16:33:09 INFO  valid result: 
recall@10 : 0.182    mrr@10 : 0.3458    ndcg@10 : 0.2064    hit@10 : 0.6719    map@10 : 0.1133    precision@10 : 0.1456    gauc : 0.9592    itemcoverage@10 : 0.2958    averagepopularity@10 : 9922.2084    giniindex@10 : 0.9719    shannonentropy@10 : 0.0019    tailpercentage@10 : 0.0
Tue 16 Apr 2024 16:33:22 INFO  epoch 14 training [time: 13.18s, train loss: 239.1654]
Tue 16 Apr 2024 16:35:34 INFO  epoch 14 evaluating [time: 132.31s, valid_score: 0.342400]
Tue 16 Apr 2024 16:35:34 INFO  valid result: 
recall@10 : 0.1803    mrr@10 : 0.3424    ndcg@10 : 0.2044    hit@10 : 0.6712    map@10 : 0.1116    precision@10 : 0.1449    gauc : 0.9594    itemcoverage@10 : 0.3111    averagepopularity@10 : 9389.295    giniindex@10 : 0.9693    shannonentropy@10 : 0.0019    tailpercentage@10 : 0.0
Tue 16 Apr 2024 16:35:47 INFO  epoch 15 training [time: 12.99s, train loss: 234.1686]
Tue 16 Apr 2024 16:38:00 INFO  epoch 15 evaluating [time: 132.14s, valid_score: 0.347500]
Tue 16 Apr 2024 16:38:00 INFO  valid result: 
recall@10 : 0.1813    mrr@10 : 0.3475    ndcg@10 : 0.2071    hit@10 : 0.6729    map@10 : 0.1137    precision@10 : 0.1463    gauc : 0.9596    itemcoverage@10 : 0.321    averagepopularity@10 : 9708.581    giniindex@10 : 0.9692    shannonentropy@10 : 0.0018    tailpercentage@10 : 0.0
Tue 16 Apr 2024 16:38:00 INFO  Saving current: saved/ml-10m_50U10I/BPR/BPR-Apr-16-2024_15-57-10.pth
Tue 16 Apr 2024 16:38:13 INFO  epoch 16 training [time: 12.92s, train loss: 229.4502]
Tue 16 Apr 2024 16:40:26 INFO  epoch 16 evaluating [time: 132.32s, valid_score: 0.348000]
Tue 16 Apr 2024 16:40:26 INFO  valid result: 
recall@10 : 0.1848    mrr@10 : 0.348    ndcg@10 : 0.2088    hit@10 : 0.678    map@10 : 0.1145    precision@10 : 0.1473    gauc : 0.9597    itemcoverage@10 : 0.3346    averagepopularity@10 : 9545.9794    giniindex@10 : 0.967    shannonentropy@10 : 0.0018    tailpercentage@10 : 0.0
Tue 16 Apr 2024 16:40:27 INFO  Saving current: saved/ml-10m_50U10I/BPR/BPR-Apr-16-2024_15-57-10.pth
Tue 16 Apr 2024 16:40:40 INFO  epoch 17 training [time: 12.93s, train loss: 225.0094]
Tue 16 Apr 2024 16:42:52 INFO  epoch 17 evaluating [time: 132.13s, valid_score: 0.352600]
Tue 16 Apr 2024 16:42:52 INFO  valid result: 
recall@10 : 0.1858    mrr@10 : 0.3526    ndcg@10 : 0.2105    hit@10 : 0.6791    map@10 : 0.116    precision@10 : 0.1476    gauc : 0.9598    itemcoverage@10 : 0.3453    averagepopularity@10 : 9486.6703    giniindex@10 : 0.9655    shannonentropy@10 : 0.0017    tailpercentage@10 : 0.0
Tue 16 Apr 2024 16:42:52 INFO  Saving current: saved/ml-10m_50U10I/BPR/BPR-Apr-16-2024_15-57-10.pth
Tue 16 Apr 2024 16:43:05 INFO  epoch 18 training [time: 12.93s, train loss: 220.2335]
Tue 16 Apr 2024 16:45:18 INFO  epoch 18 evaluating [time: 132.58s, valid_score: 0.352500]
Tue 16 Apr 2024 16:45:18 INFO  valid result: 
recall@10 : 0.1866    mrr@10 : 0.3525    ndcg@10 : 0.2113    hit@10 : 0.6817    map@10 : 0.1165    precision@10 : 0.1485    gauc : 0.9599    itemcoverage@10 : 0.3601    averagepopularity@10 : 9425.0165    giniindex@10 : 0.9648    shannonentropy@10 : 0.0016    tailpercentage@10 : 0.0
Tue 16 Apr 2024 16:45:31 INFO  epoch 19 training [time: 12.93s, train loss: 216.9494]
Tue 16 Apr 2024 16:47:43 INFO  epoch 19 evaluating [time: 132.54s, valid_score: 0.347300]
Tue 16 Apr 2024 16:47:43 INFO  valid result: 
recall@10 : 0.1855    mrr@10 : 0.3473    ndcg@10 : 0.2083    hit@10 : 0.6797    map@10 : 0.1136    precision@10 : 0.1478    gauc : 0.9599    itemcoverage@10 : 0.3673    averagepopularity@10 : 9203.3164    giniindex@10 : 0.9631    shannonentropy@10 : 0.0016    tailpercentage@10 : 0.0
Tue 16 Apr 2024 16:47:56 INFO  epoch 20 training [time: 12.97s, train loss: 213.0859]
Tue 16 Apr 2024 16:50:09 INFO  epoch 20 evaluating [time: 132.59s, valid_score: 0.352000]
Tue 16 Apr 2024 16:50:09 INFO  valid result: 
recall@10 : 0.1869    mrr@10 : 0.352    ndcg@10 : 0.2111    hit@10 : 0.6832    map@10 : 0.1162    precision@10 : 0.1481    gauc : 0.9599    itemcoverage@10 : 0.3724    averagepopularity@10 : 9133.3632    giniindex@10 : 0.9619    shannonentropy@10 : 0.0016    tailpercentage@10 : 0.0
Tue 16 Apr 2024 16:50:22 INFO  epoch 21 training [time: 12.99s, train loss: 210.0922]
Tue 16 Apr 2024 16:52:34 INFO  epoch 21 evaluating [time: 132.05s, valid_score: 0.349500]
Tue 16 Apr 2024 16:52:34 INFO  valid result: 
recall@10 : 0.1868    mrr@10 : 0.3495    ndcg@10 : 0.2103    hit@10 : 0.6824    map@10 : 0.1151    precision@10 : 0.1491    gauc : 0.9599    itemcoverage@10 : 0.3854    averagepopularity@10 : 9173.1992    giniindex@10 : 0.961    shannonentropy@10 : 0.0016    tailpercentage@10 : 0.0
Tue 16 Apr 2024 16:52:47 INFO  epoch 22 training [time: 13.04s, train loss: 207.0540]
Tue 16 Apr 2024 16:55:00 INFO  epoch 22 evaluating [time: 132.67s, valid_score: 0.349600]
Tue 16 Apr 2024 16:55:00 INFO  valid result: 
recall@10 : 0.1866    mrr@10 : 0.3496    ndcg@10 : 0.2104    hit@10 : 0.6828    map@10 : 0.1158    precision@10 : 0.1481    gauc : 0.9599    itemcoverage@10 : 0.4013    averagepopularity@10 : 8802.6103    giniindex@10 : 0.9587    shannonentropy@10 : 0.0015    tailpercentage@10 : 0.0
Tue 16 Apr 2024 16:55:13 INFO  epoch 23 training [time: 13.02s, train loss: 204.4041]
Tue 16 Apr 2024 16:57:25 INFO  epoch 23 evaluating [time: 132.61s, valid_score: 0.352700]
Tue 16 Apr 2024 16:57:25 INFO  valid result: 
recall@10 : 0.1877    mrr@10 : 0.3527    ndcg@10 : 0.2117    hit@10 : 0.6853    map@10 : 0.1164    precision@10 : 0.1491    gauc : 0.9599    itemcoverage@10 : 0.4044    averagepopularity@10 : 8785.4342    giniindex@10 : 0.9577    shannonentropy@10 : 0.0015    tailpercentage@10 : 0.0
Tue 16 Apr 2024 16:57:26 INFO  Saving current: saved/ml-10m_50U10I/BPR/BPR-Apr-16-2024_15-57-10.pth
Tue 16 Apr 2024 16:57:39 INFO  epoch 24 training [time: 12.88s, train loss: 201.7389]
Tue 16 Apr 2024 16:59:51 INFO  epoch 24 evaluating [time: 132.32s, valid_score: 0.350300]
Tue 16 Apr 2024 16:59:51 INFO  valid result: 
recall@10 : 0.1884    mrr@10 : 0.3503    ndcg@10 : 0.2111    hit@10 : 0.6861    map@10 : 0.1158    precision@10 : 0.149    gauc : 0.9599    itemcoverage@10 : 0.4145    averagepopularity@10 : 8841.7372    giniindex@10 : 0.9565    shannonentropy@10 : 0.0015    tailpercentage@10 : 0.0
Tue 16 Apr 2024 17:00:04 INFO  epoch 25 training [time: 13.01s, train loss: 199.7694]
Tue 16 Apr 2024 17:02:18 INFO  epoch 25 evaluating [time: 134.07s, valid_score: 0.350300]
Tue 16 Apr 2024 17:02:18 INFO  valid result: 
recall@10 : 0.1863    mrr@10 : 0.3503    ndcg@10 : 0.2101    hit@10 : 0.6847    map@10 : 0.1151    precision@10 : 0.1482    gauc : 0.9598    itemcoverage@10 : 0.4206    averagepopularity@10 : 8742.1297    giniindex@10 : 0.9556    shannonentropy@10 : 0.0015    tailpercentage@10 : 0.0
Tue 16 Apr 2024 17:02:32 INFO  epoch 26 training [time: 13.02s, train loss: 196.5754]
Tue 16 Apr 2024 17:04:44 INFO  epoch 26 evaluating [time: 132.53s, valid_score: 0.349800]
Tue 16 Apr 2024 17:04:44 INFO  valid result: 
recall@10 : 0.1871    mrr@10 : 0.3498    ndcg@10 : 0.2099    hit@10 : 0.6837    map@10 : 0.1149    precision@10 : 0.1479    gauc : 0.9598    itemcoverage@10 : 0.433    averagepopularity@10 : 8666.4233    giniindex@10 : 0.9542    shannonentropy@10 : 0.0014    tailpercentage@10 : 0.0
Tue 16 Apr 2024 17:04:57 INFO  epoch 27 training [time: 13.04s, train loss: 195.2911]
Tue 16 Apr 2024 17:07:10 INFO  epoch 27 evaluating [time: 132.71s, valid_score: 0.353200]
Tue 16 Apr 2024 17:07:10 INFO  valid result: 
recall@10 : 0.1868    mrr@10 : 0.3532    ndcg@10 : 0.2112    hit@10 : 0.6845    map@10 : 0.1162    precision@10 : 0.1478    gauc : 0.9597    itemcoverage@10 : 0.4448    averagepopularity@10 : 8719.526    giniindex@10 : 0.9526    shannonentropy@10 : 0.0014    tailpercentage@10 : 0.0
Tue 16 Apr 2024 17:07:11 INFO  Saving current: saved/ml-10m_50U10I/BPR/BPR-Apr-16-2024_15-57-10.pth
Tue 16 Apr 2024 17:07:24 INFO  epoch 28 training [time: 12.91s, train loss: 193.1102]
Tue 16 Apr 2024 17:09:37 INFO  epoch 28 evaluating [time: 132.87s, valid_score: 0.348600]
Tue 16 Apr 2024 17:09:37 INFO  valid result: 
recall@10 : 0.1867    mrr@10 : 0.3486    ndcg@10 : 0.2094    hit@10 : 0.6857    map@10 : 0.1142    precision@10 : 0.1483    gauc : 0.9597    itemcoverage@10 : 0.4499    averagepopularity@10 : 8616.911    giniindex@10 : 0.9521    shannonentropy@10 : 0.0014    tailpercentage@10 : 0.0
Tue 16 Apr 2024 17:09:50 INFO  epoch 29 training [time: 13.03s, train loss: 191.6429]
Tue 16 Apr 2024 17:12:02 INFO  epoch 29 evaluating [time: 132.42s, valid_score: 0.348500]
Tue 16 Apr 2024 17:12:02 INFO  valid result: 
recall@10 : 0.1869    mrr@10 : 0.3485    ndcg@10 : 0.2092    hit@10 : 0.6844    map@10 : 0.1145    precision@10 : 0.1471    gauc : 0.9596    itemcoverage@10 : 0.4552    averagepopularity@10 : 8507.2786    giniindex@10 : 0.9508    shannonentropy@10 : 0.0014    tailpercentage@10 : 0.0
Tue 16 Apr 2024 17:12:15 INFO  epoch 30 training [time: 13.00s, train loss: 189.8555]
Tue 16 Apr 2024 17:14:27 INFO  epoch 30 evaluating [time: 132.40s, valid_score: 0.345100]
Tue 16 Apr 2024 17:14:27 INFO  valid result: 
recall@10 : 0.1858    mrr@10 : 0.3451    ndcg@10 : 0.207    hit@10 : 0.6846    map@10 : 0.1121    precision@10 : 0.147    gauc : 0.9596    itemcoverage@10 : 0.4621    averagepopularity@10 : 8322.1322    giniindex@10 : 0.949    shannonentropy@10 : 0.0014    tailpercentage@10 : 0.0001
Tue 16 Apr 2024 17:14:40 INFO  epoch 31 training [time: 13.01s, train loss: 189.0329]
Tue 16 Apr 2024 17:16:53 INFO  epoch 31 evaluating [time: 132.72s, valid_score: 0.350500]
Tue 16 Apr 2024 17:16:53 INFO  valid result: 
recall@10 : 0.1869    mrr@10 : 0.3505    ndcg@10 : 0.2097    hit@10 : 0.6829    map@10 : 0.1148    precision@10 : 0.1474    gauc : 0.9595    itemcoverage@10 : 0.4726    averagepopularity@10 : 8295.0254    giniindex@10 : 0.9469    shannonentropy@10 : 0.0013    tailpercentage@10 : 0.0
Tue 16 Apr 2024 17:17:06 INFO  epoch 32 training [time: 13.09s, train loss: 186.8885]
Tue 16 Apr 2024 17:19:19 INFO  epoch 32 evaluating [time: 132.52s, valid_score: 0.346400]
Tue 16 Apr 2024 17:19:19 INFO  valid result: 
recall@10 : 0.1848    mrr@10 : 0.3464    ndcg@10 : 0.2072    hit@10 : 0.6818    map@10 : 0.1128    precision@10 : 0.1465    gauc : 0.9595    itemcoverage@10 : 0.4777    averagepopularity@10 : 8179.9841    giniindex@10 : 0.9464    shannonentropy@10 : 0.0013    tailpercentage@10 : 0.0001
Tue 16 Apr 2024 17:19:32 INFO  epoch 33 training [time: 12.97s, train loss: 186.2380]
Tue 16 Apr 2024 17:21:43 INFO  epoch 33 evaluating [time: 131.59s, valid_score: 0.350300]
Tue 16 Apr 2024 17:21:43 INFO  valid result: 
recall@10 : 0.189    mrr@10 : 0.3503    ndcg@10 : 0.211    hit@10 : 0.6857    map@10 : 0.1157    precision@10 : 0.1484    gauc : 0.9594    itemcoverage@10 : 0.4844    averagepopularity@10 : 8304.2647    giniindex@10 : 0.9463    shannonentropy@10 : 0.0013    tailpercentage@10 : 0.0
Tue 16 Apr 2024 17:21:56 INFO  epoch 34 training [time: 12.97s, train loss: 184.7121]
Tue 16 Apr 2024 17:24:08 INFO  epoch 34 evaluating [time: 131.71s, valid_score: 0.345700]
Tue 16 Apr 2024 17:24:08 INFO  valid result: 
recall@10 : 0.1883    mrr@10 : 0.3457    ndcg@10 : 0.2088    hit@10 : 0.6856    map@10 : 0.1137    precision@10 : 0.1477    gauc : 0.9594    itemcoverage@10 : 0.4875    averagepopularity@10 : 8344.786    giniindex@10 : 0.9454    shannonentropy@10 : 0.0013    tailpercentage@10 : 0.0
Tue 16 Apr 2024 17:24:21 INFO  epoch 35 training [time: 13.02s, train loss: 184.0806]
Tue 16 Apr 2024 17:26:33 INFO  epoch 35 evaluating [time: 131.86s, valid_score: 0.349000]
Tue 16 Apr 2024 17:26:33 INFO  valid result: 
recall@10 : 0.1888    mrr@10 : 0.349    ndcg@10 : 0.21    hit@10 : 0.6868    map@10 : 0.1147    precision@10 : 0.1482    gauc : 0.9594    itemcoverage@10 : 0.498    averagepopularity@10 : 8241.3192    giniindex@10 : 0.9446    shannonentropy@10 : 0.0013    tailpercentage@10 : 0.0001
Tue 16 Apr 2024 17:26:46 INFO  epoch 36 training [time: 13.05s, train loss: 181.9181]
Tue 16 Apr 2024 17:28:58 INFO  epoch 36 evaluating [time: 132.00s, valid_score: 0.345700]
Tue 16 Apr 2024 17:28:58 INFO  valid result: 
recall@10 : 0.1855    mrr@10 : 0.3457    ndcg@10 : 0.2073    hit@10 : 0.683    map@10 : 0.1129    precision@10 : 0.1463    gauc : 0.9593    itemcoverage@10 : 0.5046    averagepopularity@10 : 8131.372    giniindex@10 : 0.9435    shannonentropy@10 : 0.0013    tailpercentage@10 : 0.0
Tue 16 Apr 2024 17:29:11 INFO  epoch 37 training [time: 13.02s, train loss: 181.1336]
Tue 16 Apr 2024 17:31:23 INFO  epoch 37 evaluating [time: 131.98s, valid_score: 0.347500]
Tue 16 Apr 2024 17:31:23 INFO  valid result: 
recall@10 : 0.1866    mrr@10 : 0.3475    ndcg@10 : 0.2084    hit@10 : 0.6844    map@10 : 0.1138    precision@10 : 0.1466    gauc : 0.9592    itemcoverage@10 : 0.5101    averagepopularity@10 : 7932.3742    giniindex@10 : 0.9409    shannonentropy@10 : 0.0013    tailpercentage@10 : 0.0
Tue 16 Apr 2024 17:31:36 INFO  epoch 38 training [time: 13.07s, train loss: 180.6680]
Tue 16 Apr 2024 17:33:48 INFO  epoch 38 evaluating [time: 132.03s, valid_score: 0.347800]
Tue 16 Apr 2024 17:33:48 INFO  valid result: 
recall@10 : 0.188    mrr@10 : 0.3478    ndcg@10 : 0.2089    hit@10 : 0.6865    map@10 : 0.1142    precision@10 : 0.1466    gauc : 0.9592    itemcoverage@10 : 0.5161    averagepopularity@10 : 7979.1397    giniindex@10 : 0.9409    shannonentropy@10 : 0.0012    tailpercentage@10 : 0.0001
Tue 16 Apr 2024 17:33:48 INFO  Finished training, best eval result in epoch 27
Tue 16 Apr 2024 17:33:50 INFO  Loading model structure and parameters from saved/ml-10m_50U10I/BPR/BPR-Apr-16-2024_15-57-10.pth
Tue 16 Apr 2024 17:36:04 INFO  The running environment of this training is as follows:
+-------------+----------------+
| Environment |     Usage      |
+=============+================+
| CPU         |     0.50 %     |
+-------------+----------------+
| GPU         | 0.14 G/15.57 G |
+-------------+----------------+
| Memory      | 3.14 G/27.41 G |
+-------------+----------------+
Tue 16 Apr 2024 17:36:04 INFO  best valid : OrderedDict([('recall@10', 0.1868), ('mrr@10', 0.3532), ('ndcg@10', 0.2112), ('hit@10', 0.6845), ('map@10', 0.1162), ('precision@10', 0.1478), ('gauc', 0.9597), ('itemcoverage@10', 0.4448), ('averagepopularity@10', 8719.526), ('giniindex@10', 0.9526), ('shannonentropy@10', 0.0014), ('tailpercentage@10', 0.0)])
Tue 16 Apr 2024 17:36:04 INFO  test result: OrderedDict([('recall@10', 0.21), ('mrr@10', 0.4237), ('ndcg@10', 0.2619), ('hit@10', 0.708), ('map@10', 0.161), ('precision@10', 0.1829), ('gauc', 0.962), ('itemcoverage@10', 0.4599), ('averagepopularity@10', 8390.0876), ('giniindex@10', 0.9483), ('shannonentropy@10', 0.0014), ('tailpercentage@10', 0.0)])
Tue 16 Apr 2024 17:36:05 INFO  
General Hyper Parameters:
gpu_id = 0
use_gpu = True
seed = 2020
state = INFO
reproducibility = True
data_path = data/ml-10m_50U10I
checkpoint_dir = saved/ml-10m_50U10I/BPR
show_progress = True
save_dataset = False
dataset_save_path = None
save_dataloaders = False
dataloaders_save_path = None
log_wandb = False

Training Hyper Parameters:
epochs = 200
train_batch_size = 2048
learner = adam
learning_rate = 0.001
train_neg_sample_args = {'distribution': 'uniform', 'sample_num': 1, 'dynamic': False, 'candidate_num': 0, 'alpha': 1.0}
eval_step = 1
stopping_step = 10
clip_grad_norm = None
weight_decay = 0.0
loss_decimal_place = 4

Evaluation Hyper Parameters:
eval_args = {'split': {'RS': [0.8, 0.1, 0.1]}, 'order': 'RO', 'group_by': 'user', 'mode': {'valid': 'full', 'test': 'full'}}
repeatable = False
metrics = ['Recall', 'MRR', 'NDCG', 'Hit', 'MAP', 'Precision', 'GAUC', 'ItemCoverage', 'AveragePopularity', 'GiniIndex', 'ShannonEntropy', 'TailPercentage']
topk = [10]
valid_metric = MRR@10
valid_metric_bigger = True
eval_batch_size = 4096
metric_decimal_place = 4

Dataset Hyper Parameters:
field_separator = 	
seq_separator =  
USER_ID_FIELD = user_id
ITEM_ID_FIELD = item_id
RATING_FIELD = rating
TIME_FIELD = timestamp
seq_len = None
LABEL_FIELD = label
threshold = None
NEG_PREFIX = neg_
load_col = {'inter': ['user_id', 'item_id']}
unload_col = None
unused_col = None
additional_feat_suffix = None
rm_dup_inter = None
val_interval = None
filter_inter_by_user_or_item = True
user_inter_num_interval = [0,inf)
item_inter_num_interval = [0,inf)
alias_of_user_id = None
alias_of_item_id = None
alias_of_entity_id = None
alias_of_relation_id = None
preload_weight = None
normalize_field = None
normalize_all = None
ITEM_LIST_LENGTH_FIELD = item_length
LIST_SUFFIX = _list
MAX_ITEM_LIST_LENGTH = 50
POSITION_FIELD = position_id
HEAD_ENTITY_ID_FIELD = head_id
TAIL_ENTITY_ID_FIELD = tail_id
RELATION_ID_FIELD = relation_id
ENTITY_ID_FIELD = entity_id
benchmark_filename = None

Other Hyper Parameters: 
worker = 0
wandb_project = recbole
shuffle = True
require_pow = False
enable_amp = False
enable_scaler = False
transform = None
embedding_size = 64
numerical_features = []
discretization = None
kg_reverse_r = False
entity_kg_num_interval = [0,inf)
relation_kg_num_interval = [0,inf)
MODEL_TYPE = ModelType.GENERAL
encoding = utf-8
device = cuda
my_log_file = /mnt/batch/tasks/shared/LS_root/mounts/clusters/fontanagpu/code/sustainability-of-recsys/log/carbon_default.log
MODEL_INPUT_TYPE = InputType.PAIRWISE
eval_type = EvaluatorType.RANKING
single_spec = True
local_rank = 0
valid_neg_sample_args = {'distribution': 'uniform', 'sample_num': 'none'}
test_neg_sample_args = {'distribution': 'uniform', 'sample_num': 'none'}


Tue 16 Apr 2024 17:36:26 INFO  ml-10m_50U10I
The number of users: 50001
Average actions of users: 141.07548
The number of items: 10001
Average actions of items: 705.3774
The number of inters: 7053774
The sparsity of the dataset: 98.5894144730844%
Remain Fields: ['user_id', 'item_id']
Tue 16 Apr 2024 17:36:46 INFO  [Training]: train_batch_size = [2048] train_neg_sample_args: [{'distribution': 'uniform', 'sample_num': 1, 'dynamic': False, 'candidate_num': 0, 'alpha': 1.0}]
Tue 16 Apr 2024 17:36:46 INFO  [Evaluation]: eval_batch_size = [4096] eval_args: [{'split': {'RS': [0.8, 0.1, 0.1]}, 'order': 'RO', 'group_by': 'user', 'mode': {'valid': 'full', 'test': 'full'}}]
Tue 16 Apr 2024 17:36:48 INFO  Loading model structure and parameters from saved/ml-10m_50U10I/BPR/BPR-Apr-16-2024_15-57-10.pth
