Thu 09 May 2024 08:40:33 INFO  ['src/default_tracker2.py', '--dataset=mind', '--model=BPR', '--max_emission_step=6']
Thu 09 May 2024 08:40:33 INFO  
General Hyper Parameters:
gpu_id = 0
use_gpu = True
seed = 2020
state = INFO
reproducibility = True
data_path = data/mind
checkpoint_dir = saved/mind/BPR
show_progress = True
save_dataset = False
dataset_save_path = None
save_dataloaders = False
dataloaders_save_path = None
log_wandb = False

Training Hyper Parameters:
epochs = 200
train_batch_size = 2048
learner = adam
learning_rate = 0.001
train_neg_sample_args = {'distribution': 'uniform', 'sample_num': 1, 'dynamic': False, 'candidate_num': 0, 'alpha': 1.0}
eval_step = 1
stopping_step = 10
clip_grad_norm = None
weight_decay = 0.0
loss_decimal_place = 4

Evaluation Hyper Parameters:
eval_args = {'split': {'RS': [0.8, 0.1, 0.1]}, 'order': 'RO', 'group_by': 'user', 'mode': {'valid': 'full', 'test': 'full'}}
repeatable = False
metrics = ['Recall', 'MRR', 'NDCG', 'Hit', 'MAP', 'Precision', 'GAUC', 'ItemCoverage', 'AveragePopularity', 'GiniIndex', 'ShannonEntropy', 'TailPercentage']
topk = [10]
valid_metric = MRR@10
valid_metric_bigger = True
eval_batch_size = 4096
metric_decimal_place = 4

Dataset Hyper Parameters:
field_separator = 	
seq_separator =  
USER_ID_FIELD = user_id
ITEM_ID_FIELD = item_id
RATING_FIELD = rating
TIME_FIELD = timestamp
seq_len = None
LABEL_FIELD = label
threshold = None
NEG_PREFIX = neg_
load_col = {'inter': ['user_id', 'item_id']}
unload_col = None
unused_col = None
additional_feat_suffix = None
rm_dup_inter = None
val_interval = None
filter_inter_by_user_or_item = True
user_inter_num_interval = [0,inf)
item_inter_num_interval = [0,inf)
alias_of_user_id = None
alias_of_item_id = None
alias_of_entity_id = None
alias_of_relation_id = None
preload_weight = None
normalize_field = None
normalize_all = None
ITEM_LIST_LENGTH_FIELD = item_length
LIST_SUFFIX = _list
MAX_ITEM_LIST_LENGTH = 50
POSITION_FIELD = position_id
HEAD_ENTITY_ID_FIELD = head_id
TAIL_ENTITY_ID_FIELD = tail_id
RELATION_ID_FIELD = relation_id
ENTITY_ID_FIELD = entity_id
benchmark_filename = None

Other Hyper Parameters: 
worker = 0
wandb_project = recbole
shuffle = True
require_pow = False
enable_amp = False
enable_scaler = False
transform = None
embedding_size = 64
numerical_features = []
discretization = None
kg_reverse_r = False
entity_kg_num_interval = [0,inf)
relation_kg_num_interval = [0,inf)
MODEL_TYPE = ModelType.GENERAL
encoding = utf-8
device = cuda:1
my_log_file = /home/fontana/Tesi/log/carbon_default.log
max_emission_step = 6
MODEL_INPUT_TYPE = InputType.PAIRWISE
eval_type = EvaluatorType.RANKING
single_spec = True
local_rank = 0
valid_neg_sample_args = {'distribution': 'uniform', 'sample_num': 'none'}
test_neg_sample_args = {'distribution': 'uniform', 'sample_num': 'none'}


Thu 09 May 2024 08:40:38 INFO  mind
The number of users: 23680
Average actions of users: 44.282908906626126
The number of items: 4415
Average actions of items: 237.55663797009515
The number of inters: 1048575
The sparsity of the dataset: 98.9970319625968%
Remain Fields: ['user_id', 'item_id']
Thu 09 May 2024 08:40:43 INFO  [Training]: train_batch_size = [2048] train_neg_sample_args: [{'distribution': 'uniform', 'sample_num': 1, 'dynamic': False, 'candidate_num': 0, 'alpha': 1.0}]
Thu 09 May 2024 08:40:43 INFO  [Evaluation]: eval_batch_size = [4096] eval_args: [{'split': {'RS': [0.8, 0.1, 0.1]}, 'order': 'RO', 'group_by': 'user', 'mode': {'valid': 'full', 'test': 'full'}}]
Thu 09 May 2024 08:40:46 INFO  BPR(
  (user_embedding): Embedding(23680, 64)
  (item_embedding): Embedding(4415, 64)
  (loss): BPRLoss()
)
Trainable parameters: 1798080
Thu 09 May 2024 08:40:46 INFO  FLOPs: 128.0
Thu 09 May 2024 08:40:54 INFO  epoch 0 training [time: 3.15s, train loss: 183.8284]
Thu 09 May 2024 08:42:17 INFO  epoch 0 evaluating [time: 83.05s, valid_score: 0.368900]
Thu 09 May 2024 08:42:17 INFO  valid result: 
recall@10 : 0.3656    mrr@10 : 0.3689    ndcg@10 : 0.2808    hit@10 : 0.6455    map@10 : 0.194    precision@10 : 0.1025    gauc : 0.9647    itemcoverage@10 : 0.0784    averagepopularity@10 : 8841.2876    giniindex@10 : 0.9952    shannonentropy@10 : 0.0095    tailpercentage@10 : 0.0003
Thu 09 May 2024 08:42:17 INFO  Saving current: saved/mind/BPR/BPR-May-09-2024_08-40-46.pth
Thu 09 May 2024 08:42:21 INFO  epoch 1 training [time: 3.13s, train loss: 46.0542]
Thu 09 May 2024 08:43:41 INFO  epoch 1 evaluating [time: 80.65s, valid_score: 0.377400]
Thu 09 May 2024 08:43:41 INFO  valid result: 
recall@10 : 0.3586    mrr@10 : 0.3774    ndcg@10 : 0.283    hit@10 : 0.6428    map@10 : 0.1984    precision@10 : 0.1021    gauc : 0.9674    itemcoverage@10 : 0.0285    averagepopularity@10 : 8929.8477    giniindex@10 : 0.9954    shannonentropy@10 : 0.0257    tailpercentage@10 : 0.0
Thu 09 May 2024 08:43:41 INFO  Saving current: saved/mind/BPR/BPR-May-09-2024_08-40-46.pth
Thu 09 May 2024 08:43:44 INFO  epoch 2 training [time: 2.82s, train loss: 36.6775]
Thu 09 May 2024 08:45:00 INFO  epoch 2 evaluating [time: 75.98s, valid_score: 0.368900]
Thu 09 May 2024 08:45:00 INFO  valid result: 
recall@10 : 0.368    mrr@10 : 0.3689    ndcg@10 : 0.2821    hit@10 : 0.6545    map@10 : 0.1936    precision@10 : 0.1069    gauc : 0.97    itemcoverage@10 : 0.029    averagepopularity@10 : 8807.7186    giniindex@10 : 0.9951    shannonentropy@10 : 0.0261    tailpercentage@10 : 0.0
Thu 09 May 2024 08:45:03 INFO  epoch 3 training [time: 3.00s, train loss: 32.6470]
Thu 09 May 2024 08:46:19 INFO  epoch 3 evaluating [time: 75.86s, valid_score: 0.371500]
Thu 09 May 2024 08:46:19 INFO  valid result: 
recall@10 : 0.3782    mrr@10 : 0.3715    ndcg@10 : 0.2847    hit@10 : 0.669    map@10 : 0.1909    precision@10 : 0.1125    gauc : 0.9723    itemcoverage@10 : 0.0328    averagepopularity@10 : 8523.7884    giniindex@10 : 0.9946    shannonentropy@10 : 0.0239    tailpercentage@10 : 0.0
Thu 09 May 2024 08:46:22 INFO  epoch 4 training [time: 2.71s, train loss: 29.8927]
Thu 09 May 2024 08:47:37 INFO  epoch 4 evaluating [time: 75.09s, valid_score: 0.388900]
Thu 09 May 2024 08:47:37 INFO  valid result: 
recall@10 : 0.3991    mrr@10 : 0.3889    ndcg@10 : 0.3001    hit@10 : 0.692    map@10 : 0.2021    precision@10 : 0.1191    gauc : 0.9741    itemcoverage@10 : 0.0403    averagepopularity@10 : 8229.967    giniindex@10 : 0.9938    shannonentropy@10 : 0.0202    tailpercentage@10 : 0.0
Thu 09 May 2024 08:47:37 INFO  Saving current: saved/mind/BPR/BPR-May-09-2024_08-40-46.pth
Thu 09 May 2024 08:47:40 INFO  epoch 5 training [time: 2.83s, train loss: 27.7645]
Thu 09 May 2024 08:48:55 INFO  epoch 5 evaluating [time: 75.27s, valid_score: 0.397400]
Thu 09 May 2024 08:48:55 INFO  valid result: 
recall@10 : 0.4177    mrr@10 : 0.3974    ndcg@10 : 0.3108    hit@10 : 0.7119    map@10 : 0.2085    precision@10 : 0.125    gauc : 0.9755    itemcoverage@10 : 0.0433    averagepopularity@10 : 7924.6391    giniindex@10 : 0.9929    shannonentropy@10 : 0.0196    tailpercentage@10 : 0.0
Thu 09 May 2024 08:48:55 INFO  Saving current: saved/mind/BPR/BPR-May-09-2024_08-40-46.pth
Thu 09 May 2024 08:48:58 INFO  epoch 6 training [time: 2.84s, train loss: 26.1227]
Thu 09 May 2024 08:50:20 INFO  epoch 6 evaluating [time: 82.27s, valid_score: 0.411700]
Thu 09 May 2024 08:50:20 INFO  valid result: 
recall@10 : 0.4328    mrr@10 : 0.4117    ndcg@10 : 0.3228    hit@10 : 0.7293    map@10 : 0.2177    precision@10 : 0.1296    gauc : 0.9766    itemcoverage@10 : 0.0464    averagepopularity@10 : 7647.6912    giniindex@10 : 0.9922    shannonentropy@10 : 0.0188    tailpercentage@10 : 0.0
Thu 09 May 2024 08:50:20 INFO  Saving current: saved/mind/BPR/BPR-May-09-2024_08-40-46.pth
Thu 09 May 2024 08:50:23 INFO  epoch 7 training [time: 2.91s, train loss: 24.9881]
Thu 09 May 2024 08:51:31 INFO  epoch 7 evaluating [time: 67.66s, valid_score: 0.428100]
Thu 09 May 2024 08:51:31 INFO  valid result: 
recall@10 : 0.4483    mrr@10 : 0.4281    ndcg@10 : 0.3398    hit@10 : 0.7445    map@10 : 0.2342    precision@10 : 0.1339    gauc : 0.9775    itemcoverage@10 : 0.0516    averagepopularity@10 : 7363.2624    giniindex@10 : 0.9913    shannonentropy@10 : 0.0173    tailpercentage@10 : 0.0
Thu 09 May 2024 08:51:31 INFO  Saving current: saved/mind/BPR/BPR-May-09-2024_08-40-46.pth
Thu 09 May 2024 08:51:34 INFO  epoch 8 training [time: 2.93s, train loss: 23.6990]
Thu 09 May 2024 08:52:40 INFO  epoch 8 evaluating [time: 66.01s, valid_score: 0.439600]
Thu 09 May 2024 08:52:40 INFO  valid result: 
recall@10 : 0.4547    mrr@10 : 0.4396    ndcg@10 : 0.3497    hit@10 : 0.7512    map@10 : 0.2438    precision@10 : 0.137    gauc : 0.9783    itemcoverage@10 : 0.055    averagepopularity@10 : 7139.4073    giniindex@10 : 0.9906    shannonentropy@10 : 0.0166    tailpercentage@10 : 0.0
Thu 09 May 2024 08:52:40 INFO  Saving current: saved/mind/BPR/BPR-May-09-2024_08-40-46.pth
Thu 09 May 2024 08:52:43 INFO  epoch 9 training [time: 2.76s, train loss: 22.5367]
Thu 09 May 2024 08:53:48 INFO  epoch 9 evaluating [time: 65.27s, valid_score: 0.455200]
Thu 09 May 2024 08:53:48 INFO  valid result: 
recall@10 : 0.4676    mrr@10 : 0.4552    ndcg@10 : 0.3634    hit@10 : 0.7632    map@10 : 0.2569    precision@10 : 0.1403    gauc : 0.979    itemcoverage@10 : 0.0589    averagepopularity@10 : 7037.9182    giniindex@10 : 0.9898    shannonentropy@10 : 0.0158    tailpercentage@10 : 0.0
Thu 09 May 2024 08:53:48 INFO  Saving current: saved/mind/BPR/BPR-May-09-2024_08-40-46.pth
Thu 09 May 2024 08:53:48 INFO  Finished training, max emissions step reached
Thu 09 May 2024 08:53:49 INFO  Loading model structure and parameters from saved/mind/BPR/BPR-May-09-2024_08-40-46.pth
Thu 09 May 2024 08:55:00 INFO  The running environment of this training is as follows:
+-------------+----------------+
| Environment |     Usage      |
+=============+================+
| CPU         |    12.80 %     |
+-------------+----------------+
| GPU         | 0.06 G/11.93 G |
+-------------+----------------+
| Memory      | 2.37 G/31.23 G |
+-------------+----------------+
Thu 09 May 2024 08:55:00 INFO  best valid : OrderedDict([('recall@10', 0.4676), ('mrr@10', 0.4552), ('ndcg@10', 0.3634), ('hit@10', 0.7632), ('map@10', 0.2569), ('precision@10', 0.1403), ('gauc', 0.979), ('itemcoverage@10', 0.0589), ('averagepopularity@10', 7037.9182), ('giniindex@10', 0.9898), ('shannonentropy@10', 0.0158), ('tailpercentage@10', 0.0)])
Thu 09 May 2024 08:55:00 INFO  test result: OrderedDict([('recall@10', 0.496), ('mrr@10', 0.5161), ('ndcg@10', 0.4081), ('hit@10', 0.7718), ('map@10', 0.3042), ('precision@10', 0.1475), ('gauc', 0.9801), ('itemcoverage@10', 0.0684), ('averagepopularity@10', 6840.9688), ('giniindex@10', 0.989), ('shannonentropy@10', 0.0139), ('tailpercentage@10', 0.0001)])
Thu 09 May 2024 08:55:00 INFO  
General Hyper Parameters:
gpu_id = 0
use_gpu = True
seed = 2020
state = INFO
reproducibility = True
data_path = data/mind
checkpoint_dir = saved/mind/BPR
show_progress = True
save_dataset = False
dataset_save_path = None
save_dataloaders = False
dataloaders_save_path = None
log_wandb = False

Training Hyper Parameters:
epochs = 200
train_batch_size = 2048
learner = adam
learning_rate = 0.001
train_neg_sample_args = {'distribution': 'uniform', 'sample_num': 1, 'dynamic': False, 'candidate_num': 0, 'alpha': 1.0}
eval_step = 1
stopping_step = 10
clip_grad_norm = None
weight_decay = 0.0
loss_decimal_place = 4

Evaluation Hyper Parameters:
eval_args = {'split': {'RS': [0.8, 0.1, 0.1]}, 'order': 'RO', 'group_by': 'user', 'mode': {'valid': 'full', 'test': 'full'}}
repeatable = False
metrics = ['Recall', 'MRR', 'NDCG', 'Hit', 'MAP', 'Precision', 'GAUC', 'ItemCoverage', 'AveragePopularity', 'GiniIndex', 'ShannonEntropy', 'TailPercentage']
topk = [10]
valid_metric = MRR@10
valid_metric_bigger = True
eval_batch_size = 4096
metric_decimal_place = 4

Dataset Hyper Parameters:
field_separator = 	
seq_separator =  
USER_ID_FIELD = user_id
ITEM_ID_FIELD = item_id
RATING_FIELD = rating
TIME_FIELD = timestamp
seq_len = None
LABEL_FIELD = label
threshold = None
NEG_PREFIX = neg_
load_col = {'inter': ['user_id', 'item_id']}
unload_col = None
unused_col = None
additional_feat_suffix = None
rm_dup_inter = None
val_interval = None
filter_inter_by_user_or_item = True
user_inter_num_interval = [0,inf)
item_inter_num_interval = [0,inf)
alias_of_user_id = None
alias_of_item_id = None
alias_of_entity_id = None
alias_of_relation_id = None
preload_weight = None
normalize_field = None
normalize_all = None
ITEM_LIST_LENGTH_FIELD = item_length
LIST_SUFFIX = _list
MAX_ITEM_LIST_LENGTH = 50
POSITION_FIELD = position_id
HEAD_ENTITY_ID_FIELD = head_id
TAIL_ENTITY_ID_FIELD = tail_id
RELATION_ID_FIELD = relation_id
ENTITY_ID_FIELD = entity_id
benchmark_filename = None

Other Hyper Parameters: 
worker = 0
wandb_project = recbole
shuffle = True
require_pow = False
enable_amp = False
enable_scaler = False
transform = None
embedding_size = 64
numerical_features = []
discretization = None
kg_reverse_r = False
entity_kg_num_interval = [0,inf)
relation_kg_num_interval = [0,inf)
MODEL_TYPE = ModelType.GENERAL
encoding = utf-8
device = cuda:1
my_log_file = /home/fontana/Tesi/log/carbon_default.log
max_emission_step = 6
MODEL_INPUT_TYPE = InputType.PAIRWISE
eval_type = EvaluatorType.RANKING
single_spec = True
local_rank = 0
valid_neg_sample_args = {'distribution': 'uniform', 'sample_num': 'none'}
test_neg_sample_args = {'distribution': 'uniform', 'sample_num': 'none'}


Thu 09 May 2024 08:55:04 INFO  mind
The number of users: 23680
Average actions of users: 44.282908906626126
The number of items: 4415
Average actions of items: 237.55663797009515
The number of inters: 1048575
The sparsity of the dataset: 98.9970319625968%
Remain Fields: ['user_id', 'item_id']
Thu 09 May 2024 08:55:09 INFO  [Training]: train_batch_size = [2048] train_neg_sample_args: [{'distribution': 'uniform', 'sample_num': 1, 'dynamic': False, 'candidate_num': 0, 'alpha': 1.0}]
Thu 09 May 2024 08:55:09 INFO  [Evaluation]: eval_batch_size = [4096] eval_args: [{'split': {'RS': [0.8, 0.1, 0.1]}, 'order': 'RO', 'group_by': 'user', 'mode': {'valid': 'full', 'test': 'full'}}]
Thu 09 May 2024 08:55:09 INFO  Loading model structure and parameters from saved/mind/BPR/BPR-May-09-2024_08-40-46.pth
