Sat 06 Apr 2024 02:28:31 INFO  ['src/default_tracker.py', '--dataset=LFM-1b_artist_20U50I_25strat', '--model=BPR']
Sat 06 Apr 2024 02:28:31 INFO  
General Hyper Parameters:
gpu_id = 0
use_gpu = True
seed = 2020
state = INFO
reproducibility = True
data_path = data/LFM-1b_artist_20U50I_25strat
checkpoint_dir = saved/LFM-1b_artist_20U50I_25strat/BPR
show_progress = True
save_dataset = False
dataset_save_path = None
save_dataloaders = False
dataloaders_save_path = None
log_wandb = False

Training Hyper Parameters:
epochs = 200
train_batch_size = 2048
learner = adam
learning_rate = 0.001
train_neg_sample_args = {'distribution': 'uniform', 'sample_num': 1, 'dynamic': False, 'candidate_num': 0, 'alpha': 1.0}
eval_step = 1
stopping_step = 10
clip_grad_norm = None
weight_decay = 0.0
loss_decimal_place = 4

Evaluation Hyper Parameters:
eval_args = {'split': {'RS': [0.8, 0.1, 0.1]}, 'order': 'RO', 'group_by': 'user', 'mode': {'valid': 'full', 'test': 'full'}}
repeatable = False
metrics = ['Recall', 'MRR', 'NDCG', 'Hit', 'Precision']
topk = [10]
valid_metric = MRR@10
valid_metric_bigger = True
eval_batch_size = 4096
metric_decimal_place = 4

Dataset Hyper Parameters:
field_separator = 	
seq_separator =  
USER_ID_FIELD = user_id
ITEM_ID_FIELD = item_id
RATING_FIELD = rating
TIME_FIELD = timestamp
seq_len = None
LABEL_FIELD = label
threshold = None
NEG_PREFIX = neg_
load_col = {'inter': ['user_id', 'item_id']}
unload_col = None
unused_col = None
additional_feat_suffix = None
rm_dup_inter = None
val_interval = None
filter_inter_by_user_or_item = True
user_inter_num_interval = [0,inf)
item_inter_num_interval = [0,inf)
alias_of_user_id = None
alias_of_item_id = None
alias_of_entity_id = None
alias_of_relation_id = None
preload_weight = None
normalize_field = None
normalize_all = None
ITEM_LIST_LENGTH_FIELD = item_length
LIST_SUFFIX = _list
MAX_ITEM_LIST_LENGTH = 50
POSITION_FIELD = position_id
HEAD_ENTITY_ID_FIELD = head_id
TAIL_ENTITY_ID_FIELD = tail_id
RELATION_ID_FIELD = relation_id
ENTITY_ID_FIELD = entity_id
benchmark_filename = None

Other Hyper Parameters: 
worker = 0
wandb_project = recbole
shuffle = True
require_pow = False
enable_amp = False
enable_scaler = False
transform = None
embedding_size = 64
numerical_features = []
discretization = None
kg_reverse_r = False
entity_kg_num_interval = [0,inf)
relation_kg_num_interval = [0,inf)
MODEL_TYPE = ModelType.GENERAL
encoding = utf-8
device = cuda
my_log_file = /mnt/batch/tasks/shared/LS_root/mounts/clusters/fontanagpu/code/sustainability-of-recsys/log/carbon_default.log
MODEL_INPUT_TYPE = InputType.PAIRWISE
eval_type = EvaluatorType.RANKING
single_spec = True
local_rank = 0
valid_neg_sample_args = {'distribution': 'uniform', 'sample_num': 'none'}
test_neg_sample_args = {'distribution': 'uniform', 'sample_num': 'none'}


Sat 06 Apr 2024 02:28:32 INFO  LFM-1b_artist_20U50I_25strat
The number of users: 19842
Average actions of users: 11.01038254120256
The number of items: 24879
Average actions of items: 8.781131923788086
The number of inters: 218457
The sparsity of the dataset: 99.95574650251882%
Remain Fields: ['user_id', 'item_id']
Sat 06 Apr 2024 02:28:34 INFO  [Training]: train_batch_size = [2048] train_neg_sample_args: [{'distribution': 'uniform', 'sample_num': 1, 'dynamic': False, 'candidate_num': 0, 'alpha': 1.0}]
Sat 06 Apr 2024 02:28:34 INFO  [Evaluation]: eval_batch_size = [4096] eval_args: [{'split': {'RS': [0.8, 0.1, 0.1]}, 'order': 'RO', 'group_by': 'user', 'mode': {'valid': 'full', 'test': 'full'}}]
Sat 06 Apr 2024 02:28:34 INFO  BPR(
  (user_embedding): Embedding(19842, 64)
  (item_embedding): Embedding(24879, 64)
  (loss): BPRLoss()
)
Trainable parameters: 2862144
Sat 06 Apr 2024 02:28:39 INFO  FLOPs: 128.0
Sat 06 Apr 2024 02:29:11 INFO  epoch 0 training [time: 1.96s, train loss: 58.9124]
Sat 06 Apr 2024 02:29:31 INFO  epoch 0 evaluating [time: 20.46s, valid_score: 0.006400]
Sat 06 Apr 2024 02:29:31 INFO  valid result: 
recall@10 : 0.014    mrr@10 : 0.0064    ndcg@10 : 0.0074    hit@10 : 0.0194    precision@10 : 0.002
Sat 06 Apr 2024 02:29:32 INFO  Saving current: saved/LFM-1b_artist_20U50I_25strat/BPR/BPR-Apr-06-2024_02-28-40.pth
Sat 06 Apr 2024 02:29:32 INFO  epoch 1 training [time: 0.38s, train loss: 58.0505]
Sat 06 Apr 2024 02:29:50 INFO  epoch 1 evaluating [time: 17.70s, valid_score: 0.029900]
Sat 06 Apr 2024 02:29:50 INFO  valid result: 
recall@10 : 0.07    mrr@10 : 0.0299    ndcg@10 : 0.0362    hit@10 : 0.0878    precision@10 : 0.0089
Sat 06 Apr 2024 02:29:50 INFO  Saving current: saved/LFM-1b_artist_20U50I_25strat/BPR/BPR-Apr-06-2024_02-28-40.pth
Sat 06 Apr 2024 02:29:51 INFO  epoch 2 training [time: 0.38s, train loss: 50.2254]
Sat 06 Apr 2024 02:30:08 INFO  epoch 2 evaluating [time: 17.83s, valid_score: 0.033100]
Sat 06 Apr 2024 02:30:08 INFO  valid result: 
recall@10 : 0.0775    mrr@10 : 0.0331    ndcg@10 : 0.0403    hit@10 : 0.0957    precision@10 : 0.0097
Sat 06 Apr 2024 02:30:09 INFO  Saving current: saved/LFM-1b_artist_20U50I_25strat/BPR/BPR-Apr-06-2024_02-28-40.pth
Sat 06 Apr 2024 02:30:10 INFO  epoch 3 training [time: 0.38s, train loss: 36.8514]
Sat 06 Apr 2024 02:30:27 INFO  epoch 3 evaluating [time: 17.80s, valid_score: 0.033900]
Sat 06 Apr 2024 02:30:27 INFO  valid result: 
recall@10 : 0.0797    mrr@10 : 0.0339    ndcg@10 : 0.0415    hit@10 : 0.0977    precision@10 : 0.0099
Sat 06 Apr 2024 02:30:28 INFO  Saving current: saved/LFM-1b_artist_20U50I_25strat/BPR/BPR-Apr-06-2024_02-28-40.pth
Sat 06 Apr 2024 02:30:28 INFO  epoch 4 training [time: 0.38s, train loss: 28.5469]
Sat 06 Apr 2024 02:30:46 INFO  epoch 4 evaluating [time: 17.81s, valid_score: 0.034200]
Sat 06 Apr 2024 02:30:46 INFO  valid result: 
recall@10 : 0.0807    mrr@10 : 0.0342    ndcg@10 : 0.0418    hit@10 : 0.0988    precision@10 : 0.01
Sat 06 Apr 2024 02:30:47 INFO  Saving current: saved/LFM-1b_artist_20U50I_25strat/BPR/BPR-Apr-06-2024_02-28-40.pth
Sat 06 Apr 2024 02:30:47 INFO  epoch 5 training [time: 0.39s, train loss: 24.6171]
Sat 06 Apr 2024 02:31:05 INFO  epoch 5 evaluating [time: 17.82s, valid_score: 0.034600]
Sat 06 Apr 2024 02:31:05 INFO  valid result: 
recall@10 : 0.0811    mrr@10 : 0.0346    ndcg@10 : 0.0422    hit@10 : 0.0991    precision@10 : 0.0101
Sat 06 Apr 2024 02:31:06 INFO  Saving current: saved/LFM-1b_artist_20U50I_25strat/BPR/BPR-Apr-06-2024_02-28-40.pth
Sat 06 Apr 2024 02:31:06 INFO  epoch 6 training [time: 0.38s, train loss: 22.4118]
Sat 06 Apr 2024 02:31:24 INFO  epoch 6 evaluating [time: 17.84s, valid_score: 0.034700]
Sat 06 Apr 2024 02:31:24 INFO  valid result: 
recall@10 : 0.081    mrr@10 : 0.0347    ndcg@10 : 0.0423    hit@10 : 0.099    precision@10 : 0.0101
Sat 06 Apr 2024 02:31:25 INFO  Saving current: saved/LFM-1b_artist_20U50I_25strat/BPR/BPR-Apr-06-2024_02-28-40.pth
Sat 06 Apr 2024 02:31:25 INFO  epoch 7 training [time: 0.38s, train loss: 21.1314]
Sat 06 Apr 2024 02:31:43 INFO  epoch 7 evaluating [time: 17.87s, valid_score: 0.034600]
Sat 06 Apr 2024 02:31:43 INFO  valid result: 
recall@10 : 0.0802    mrr@10 : 0.0346    ndcg@10 : 0.0421    hit@10 : 0.0979    precision@10 : 0.0099
Sat 06 Apr 2024 02:31:43 INFO  epoch 8 training [time: 0.49s, train loss: 19.8933]
Sat 06 Apr 2024 02:32:01 INFO  epoch 8 evaluating [time: 17.91s, valid_score: 0.034500]
Sat 06 Apr 2024 02:32:01 INFO  valid result: 
recall@10 : 0.0801    mrr@10 : 0.0345    ndcg@10 : 0.042    hit@10 : 0.0977    precision@10 : 0.0099
Sat 06 Apr 2024 02:32:02 INFO  epoch 9 training [time: 0.49s, train loss: 19.1188]
Sat 06 Apr 2024 02:32:19 INFO  epoch 9 evaluating [time: 17.80s, valid_score: 0.034500]
Sat 06 Apr 2024 02:32:19 INFO  valid result: 
recall@10 : 0.0805    mrr@10 : 0.0345    ndcg@10 : 0.042    hit@10 : 0.0984    precision@10 : 0.01
Sat 06 Apr 2024 02:32:20 INFO  epoch 10 training [time: 0.50s, train loss: 18.4393]
Sat 06 Apr 2024 02:32:38 INFO  epoch 10 evaluating [time: 17.84s, valid_score: 0.034500]
Sat 06 Apr 2024 02:32:38 INFO  valid result: 
recall@10 : 0.081    mrr@10 : 0.0345    ndcg@10 : 0.0422    hit@10 : 0.0986    precision@10 : 0.01
Sat 06 Apr 2024 02:32:38 INFO  epoch 11 training [time: 0.49s, train loss: 17.9131]
Sat 06 Apr 2024 02:32:56 INFO  epoch 11 evaluating [time: 17.85s, valid_score: 0.035400]
Sat 06 Apr 2024 02:32:56 INFO  valid result: 
recall@10 : 0.0804    mrr@10 : 0.0354    ndcg@10 : 0.0428    hit@10 : 0.0985    precision@10 : 0.01
Sat 06 Apr 2024 02:32:57 INFO  Saving current: saved/LFM-1b_artist_20U50I_25strat/BPR/BPR-Apr-06-2024_02-28-40.pth
Sat 06 Apr 2024 02:32:57 INFO  epoch 12 training [time: 0.38s, train loss: 17.2009]
Sat 06 Apr 2024 02:33:15 INFO  epoch 12 evaluating [time: 17.88s, valid_score: 0.034900]
Sat 06 Apr 2024 02:33:15 INFO  valid result: 
recall@10 : 0.0794    mrr@10 : 0.0349    ndcg@10 : 0.0423    hit@10 : 0.0971    precision@10 : 0.0099
Sat 06 Apr 2024 02:33:15 INFO  epoch 13 training [time: 0.49s, train loss: 16.6795]
Sat 06 Apr 2024 02:33:33 INFO  epoch 13 evaluating [time: 17.84s, valid_score: 0.034500]
Sat 06 Apr 2024 02:33:33 INFO  valid result: 
recall@10 : 0.0795    mrr@10 : 0.0345    ndcg@10 : 0.042    hit@10 : 0.0974    precision@10 : 0.0099
Sat 06 Apr 2024 02:33:34 INFO  epoch 14 training [time: 0.50s, train loss: 16.1054]
Sat 06 Apr 2024 02:33:52 INFO  epoch 14 evaluating [time: 17.88s, valid_score: 0.034600]
Sat 06 Apr 2024 02:33:52 INFO  valid result: 
recall@10 : 0.0799    mrr@10 : 0.0346    ndcg@10 : 0.0422    hit@10 : 0.0975    precision@10 : 0.0099
Sat 06 Apr 2024 02:33:52 INFO  epoch 15 training [time: 0.53s, train loss: 15.4463]
Sat 06 Apr 2024 02:34:10 INFO  epoch 15 evaluating [time: 17.88s, valid_score: 0.033900]
Sat 06 Apr 2024 02:34:10 INFO  valid result: 
recall@10 : 0.0793    mrr@10 : 0.0339    ndcg@10 : 0.0416    hit@10 : 0.0972    precision@10 : 0.0099
Sat 06 Apr 2024 02:34:10 INFO  epoch 16 training [time: 0.49s, train loss: 14.8431]
Sat 06 Apr 2024 02:34:28 INFO  epoch 16 evaluating [time: 17.85s, valid_score: 0.034100]
Sat 06 Apr 2024 02:34:28 INFO  valid result: 
recall@10 : 0.0797    mrr@10 : 0.0341    ndcg@10 : 0.0418    hit@10 : 0.0976    precision@10 : 0.0099
Sat 06 Apr 2024 02:34:29 INFO  epoch 17 training [time: 0.52s, train loss: 14.3524]
Sat 06 Apr 2024 02:34:47 INFO  epoch 17 evaluating [time: 17.87s, valid_score: 0.034300]
Sat 06 Apr 2024 02:34:47 INFO  valid result: 
recall@10 : 0.0802    mrr@10 : 0.0343    ndcg@10 : 0.042    hit@10 : 0.0985    precision@10 : 0.01
Sat 06 Apr 2024 02:34:47 INFO  epoch 18 training [time: 0.51s, train loss: 13.7413]
Sat 06 Apr 2024 02:35:05 INFO  epoch 18 evaluating [time: 17.97s, valid_score: 0.034700]
Sat 06 Apr 2024 02:35:05 INFO  valid result: 
recall@10 : 0.0801    mrr@10 : 0.0347    ndcg@10 : 0.0422    hit@10 : 0.0989    precision@10 : 0.0101
Sat 06 Apr 2024 02:35:06 INFO  epoch 19 training [time: 0.51s, train loss: 13.2997]
Sat 06 Apr 2024 02:35:24 INFO  epoch 19 evaluating [time: 17.82s, valid_score: 0.035100]
Sat 06 Apr 2024 02:35:24 INFO  valid result: 
recall@10 : 0.0803    mrr@10 : 0.0351    ndcg@10 : 0.0425    hit@10 : 0.099    precision@10 : 0.0101
Sat 06 Apr 2024 02:35:24 INFO  epoch 20 training [time: 0.51s, train loss: 12.7465]
Sat 06 Apr 2024 02:35:42 INFO  epoch 20 evaluating [time: 17.80s, valid_score: 0.035100]
Sat 06 Apr 2024 02:35:42 INFO  valid result: 
recall@10 : 0.0816    mrr@10 : 0.0351    ndcg@10 : 0.0428    hit@10 : 0.0999    precision@10 : 0.0102
Sat 06 Apr 2024 02:35:42 INFO  epoch 21 training [time: 0.51s, train loss: 12.2643]
Sat 06 Apr 2024 02:36:00 INFO  epoch 21 evaluating [time: 17.80s, valid_score: 0.034700]
Sat 06 Apr 2024 02:36:00 INFO  valid result: 
recall@10 : 0.0808    mrr@10 : 0.0347    ndcg@10 : 0.0423    hit@10 : 0.0986    precision@10 : 0.01
Sat 06 Apr 2024 02:36:01 INFO  epoch 22 training [time: 0.51s, train loss: 11.7933]
Sat 06 Apr 2024 02:36:18 INFO  epoch 22 evaluating [time: 17.75s, valid_score: 0.034500]
Sat 06 Apr 2024 02:36:18 INFO  valid result: 
recall@10 : 0.08    mrr@10 : 0.0345    ndcg@10 : 0.0419    hit@10 : 0.0973    precision@10 : 0.0099
Sat 06 Apr 2024 02:36:18 INFO  Finished training, best eval result in epoch 11
Sat 06 Apr 2024 02:36:20 INFO  Loading model structure and parameters from saved/LFM-1b_artist_20U50I_25strat/BPR/BPR-Apr-06-2024_02-28-40.pth
Sat 06 Apr 2024 02:36:40 INFO  The running environment of this training is as follows:
+-------------+----------------+
| Environment |     Usage      |
+=============+================+
| CPU         |     1.00 %     |
+-------------+----------------+
| GPU         | 0.10 G/14.58 G |
+-------------+----------------+
| Memory      | 1.14 G/27.41 G |
+-------------+----------------+
Sat 06 Apr 2024 02:36:40 INFO  best valid : OrderedDict([('recall@10', 0.0804), ('mrr@10', 0.0354), ('ndcg@10', 0.0428), ('hit@10', 0.0985), ('precision@10', 0.01)])
Sat 06 Apr 2024 02:36:40 INFO  test result: OrderedDict([('recall@10', 0.0772), ('mrr@10', 0.0316), ('ndcg@10', 0.04), ('hit@10', 0.0917), ('precision@10', 0.0093)])
Sat 06 Apr 2024 02:36:42 INFO  
General Hyper Parameters:
gpu_id = 0
use_gpu = True
seed = 2020
state = INFO
reproducibility = True
data_path = data/LFM-1b_artist_20U50I_25strat
checkpoint_dir = saved/LFM-1b_artist_20U50I_25strat/BPR
show_progress = True
save_dataset = False
dataset_save_path = None
save_dataloaders = False
dataloaders_save_path = None
log_wandb = False

Training Hyper Parameters:
epochs = 200
train_batch_size = 2048
learner = adam
learning_rate = 0.001
train_neg_sample_args = {'distribution': 'uniform', 'sample_num': 1, 'dynamic': False, 'candidate_num': 0, 'alpha': 1.0}
eval_step = 1
stopping_step = 10
clip_grad_norm = None
weight_decay = 0.0
loss_decimal_place = 4

Evaluation Hyper Parameters:
eval_args = {'split': {'RS': [0.8, 0.1, 0.1]}, 'order': 'RO', 'group_by': 'user', 'mode': {'valid': 'full', 'test': 'full'}}
repeatable = False
metrics = ['Recall', 'MRR', 'NDCG', 'Hit', 'Precision']
topk = [10]
valid_metric = MRR@10
valid_metric_bigger = True
eval_batch_size = 4096
metric_decimal_place = 4

Dataset Hyper Parameters:
field_separator = 	
seq_separator =  
USER_ID_FIELD = user_id
ITEM_ID_FIELD = item_id
RATING_FIELD = rating
TIME_FIELD = timestamp
seq_len = None
LABEL_FIELD = label
threshold = None
NEG_PREFIX = neg_
load_col = {'inter': ['user_id', 'item_id']}
unload_col = None
unused_col = None
additional_feat_suffix = None
rm_dup_inter = None
val_interval = None
filter_inter_by_user_or_item = True
user_inter_num_interval = [0,inf)
item_inter_num_interval = [0,inf)
alias_of_user_id = None
alias_of_item_id = None
alias_of_entity_id = None
alias_of_relation_id = None
preload_weight = None
normalize_field = None
normalize_all = None
ITEM_LIST_LENGTH_FIELD = item_length
LIST_SUFFIX = _list
MAX_ITEM_LIST_LENGTH = 50
POSITION_FIELD = position_id
HEAD_ENTITY_ID_FIELD = head_id
TAIL_ENTITY_ID_FIELD = tail_id
RELATION_ID_FIELD = relation_id
ENTITY_ID_FIELD = entity_id
benchmark_filename = None

Other Hyper Parameters: 
worker = 0
wandb_project = recbole
shuffle = True
require_pow = False
enable_amp = False
enable_scaler = False
transform = None
embedding_size = 64
numerical_features = []
discretization = None
kg_reverse_r = False
entity_kg_num_interval = [0,inf)
relation_kg_num_interval = [0,inf)
MODEL_TYPE = ModelType.GENERAL
encoding = utf-8
device = cuda
my_log_file = /mnt/batch/tasks/shared/LS_root/mounts/clusters/fontanagpu/code/sustainability-of-recsys/log/carbon_default.log
MODEL_INPUT_TYPE = InputType.PAIRWISE
eval_type = EvaluatorType.RANKING
single_spec = True
local_rank = 0
valid_neg_sample_args = {'distribution': 'uniform', 'sample_num': 'none'}
test_neg_sample_args = {'distribution': 'uniform', 'sample_num': 'none'}


Sat 06 Apr 2024 02:36:43 INFO  LFM-1b_artist_20U50I_25strat
The number of users: 19842
Average actions of users: 11.01038254120256
The number of items: 24879
Average actions of items: 8.781131923788086
The number of inters: 218457
The sparsity of the dataset: 99.95574650251882%
Remain Fields: ['user_id', 'item_id']
Sat 06 Apr 2024 02:36:44 INFO  [Training]: train_batch_size = [2048] train_neg_sample_args: [{'distribution': 'uniform', 'sample_num': 1, 'dynamic': False, 'candidate_num': 0, 'alpha': 1.0}]
Sat 06 Apr 2024 02:36:44 INFO  [Evaluation]: eval_batch_size = [4096] eval_args: [{'split': {'RS': [0.8, 0.1, 0.1]}, 'order': 'RO', 'group_by': 'user', 'mode': {'valid': 'full', 'test': 'full'}}]
Sat 06 Apr 2024 02:36:44 INFO  Loading model structure and parameters from saved/LFM-1b_artist_20U50I_25strat/BPR/BPR-Apr-06-2024_02-28-40.pth
