Mon 29 Apr 2024 16:14:05 INFO  ['src/default_tracker2.py', '--dataset=ml-100k', '--model=BPR']
Mon 29 Apr 2024 16:14:05 INFO  
General Hyper Parameters:
gpu_id = 0
use_gpu = True
seed = 2020
state = INFO
reproducibility = True
data_path = /home/fontana/Tesi/recsost_env/lib/python3.8/site-packages/recbole/config/../dataset_example/ml-100k
checkpoint_dir = saved/ml-100k/BPR
show_progress = True
save_dataset = False
dataset_save_path = None
save_dataloaders = False
dataloaders_save_path = None
log_wandb = False

Training Hyper Parameters:
epochs = 200
train_batch_size = 2048
learner = adam
learning_rate = 0.001
train_neg_sample_args = {'distribution': 'uniform', 'sample_num': 1, 'dynamic': False, 'candidate_num': 0, 'alpha': 1.0}
eval_step = 1
stopping_step = 10
clip_grad_norm = None
weight_decay = 0.0
loss_decimal_place = 4

Evaluation Hyper Parameters:
eval_args = {'split': {'RS': [0.8, 0.1, 0.1]}, 'order': 'RO', 'group_by': 'user', 'mode': {'valid': 'full', 'test': 'full'}}
repeatable = False
metrics = ['Recall', 'MRR', 'NDCG', 'Hit', 'MAP', 'Precision', 'GAUC', 'ItemCoverage', 'AveragePopularity', 'GiniIndex', 'ShannonEntropy', 'TailPercentage']
topk = [10]
valid_metric = MRR@10
valid_metric_bigger = True
eval_batch_size = 4096
metric_decimal_place = 4

Dataset Hyper Parameters:
field_separator = 	
seq_separator =  
USER_ID_FIELD = user_id
ITEM_ID_FIELD = item_id
RATING_FIELD = rating
TIME_FIELD = timestamp
seq_len = None
LABEL_FIELD = label
threshold = None
NEG_PREFIX = neg_
load_col = {'inter': ['user_id', 'item_id', 'rating', 'timestamp']}
unload_col = None
unused_col = None
additional_feat_suffix = None
rm_dup_inter = None
val_interval = None
filter_inter_by_user_or_item = True
user_inter_num_interval = None
item_inter_num_interval = None
alias_of_user_id = None
alias_of_item_id = None
alias_of_entity_id = None
alias_of_relation_id = None
preload_weight = None
normalize_field = None
normalize_all = True
ITEM_LIST_LENGTH_FIELD = item_length
LIST_SUFFIX = _list
MAX_ITEM_LIST_LENGTH = 50
POSITION_FIELD = position_id
HEAD_ENTITY_ID_FIELD = head_id
TAIL_ENTITY_ID_FIELD = tail_id
RELATION_ID_FIELD = relation_id
ENTITY_ID_FIELD = entity_id
kg_reverse_r = False
entity_kg_num_interval = None
relation_kg_num_interval = None
benchmark_filename = None

Other Hyper Parameters: 
worker = 0
wandb_project = recbole
shuffle = True
require_pow = False
enable_amp = False
enable_scaler = False
transform = None
embedding_size = 64
numerical_features = []
discretization = None
MODEL_TYPE = ModelType.GENERAL
encoding = utf-8
device = cuda
my_log_file = /home/fontana/Tesi/log/carbon_default.log
MODEL_INPUT_TYPE = InputType.PAIRWISE
eval_type = EvaluatorType.RANKING
single_spec = True
local_rank = 0
valid_neg_sample_args = {'distribution': 'uniform', 'sample_num': 'none'}
test_neg_sample_args = {'distribution': 'uniform', 'sample_num': 'none'}


Mon 29 Apr 2024 16:14:06 INFO  ml-100k
The number of users: 944
Average actions of users: 106.04453870625663
The number of items: 1683
Average actions of items: 59.45303210463734
The number of inters: 100000
The sparsity of the dataset: 93.70575143257098%
Remain Fields: ['user_id', 'item_id', 'rating', 'timestamp']
Mon 29 Apr 2024 16:14:06 INFO  [Training]: train_batch_size = [2048] train_neg_sample_args: [{'distribution': 'uniform', 'sample_num': 1, 'dynamic': False, 'candidate_num': 0, 'alpha': 1.0}]
Mon 29 Apr 2024 16:14:06 INFO  [Evaluation]: eval_batch_size = [4096] eval_args: [{'split': {'RS': [0.8, 0.1, 0.1]}, 'order': 'RO', 'group_by': 'user', 'mode': {'valid': 'full', 'test': 'full'}}]
Mon 29 Apr 2024 16:14:09 INFO  BPR(
  (user_embedding): Embedding(944, 64)
  (item_embedding): Embedding(1683, 64)
  (loss): BPRLoss()
)
Trainable parameters: 168128
Mon 29 Apr 2024 16:14:09 INFO  FLOPs: 128.0
Mon 29 Apr 2024 16:14:14 INFO  epoch 0 training [time: 0.31s, train loss: 27.7240]
Mon 29 Apr 2024 16:14:15 INFO  epoch 0 evaluating [time: 1.32s, valid_score: 0.025700]
Mon 29 Apr 2024 16:14:15 INFO  valid result: 
recall@10 : 0.0085    mrr@10 : 0.0257    ndcg@10 : 0.0108    hit@10 : 0.0838    map@10 : 0.004    precision@10 : 0.0091    gauc : 0.5052    itemcoverage@10 : 0.9412    averagepopularity@10 : 45.0514    giniindex@10 : 0.407    shannonentropy@10 : 0.0045    tailpercentage@10 : 0.093
Mon 29 Apr 2024 16:14:16 INFO  Saving current: saved/ml-100k/BPR/BPR-Apr-29-2024_16-14-09.pth
Mon 29 Apr 2024 16:14:16 INFO  epoch 1 training [time: 0.29s, train loss: 27.6345]
Mon 29 Apr 2024 16:14:17 INFO  epoch 1 evaluating [time: 1.11s, valid_score: 0.055600]
Mon 29 Apr 2024 16:14:17 INFO  valid result: 
recall@10 : 0.0164    mrr@10 : 0.0556    ndcg@10 : 0.0217    hit@10 : 0.1485    map@10 : 0.008    precision@10 : 0.0178    gauc : 0.5831    itemcoverage@10 : 0.915    averagepopularity@10 : 80.2193    giniindex@10 : 0.487    shannonentropy@10 : 0.0046    tailpercentage@10 : 0.0579
Mon 29 Apr 2024 16:14:17 INFO  Saving current: saved/ml-100k/BPR/BPR-Apr-29-2024_16-14-09.pth
Mon 29 Apr 2024 16:14:17 INFO  epoch 2 training [time: 0.29s, train loss: 27.3318]
Mon 29 Apr 2024 16:14:18 INFO  epoch 2 evaluating [time: 1.14s, valid_score: 0.160300]
Mon 29 Apr 2024 16:14:18 INFO  valid result: 
recall@10 : 0.0523    mrr@10 : 0.1603    ndcg@10 : 0.0738    hit@10 : 0.3627    map@10 : 0.0323    precision@10 : 0.0606    gauc : 0.7845    itemcoverage@10 : 0.5395    averagepopularity@10 : 203.4173    giniindex@10 : 0.8675    shannonentropy@10 : 0.0061    tailpercentage@10 : 0.0059
Mon 29 Apr 2024 16:14:18 INFO  Saving current: saved/ml-100k/BPR/BPR-Apr-29-2024_16-14-09.pth
Mon 29 Apr 2024 16:14:19 INFO  epoch 3 training [time: 0.27s, train loss: 26.0469]
Mon 29 Apr 2024 16:14:20 INFO  epoch 3 evaluating [time: 1.10s, valid_score: 0.228500]
Mon 29 Apr 2024 16:14:20 INFO  valid result: 
recall@10 : 0.0904    mrr@10 : 0.2285    ndcg@10 : 0.1155    hit@10 : 0.4963    map@10 : 0.0543    precision@10 : 0.0908    gauc : 0.8434    itemcoverage@10 : 0.1604    averagepopularity@10 : 285.9612    giniindex@10 : 0.9712    shannonentropy@10 : 0.0154    tailpercentage@10 : 0.0001
Mon 29 Apr 2024 16:14:20 INFO  Saving current: saved/ml-100k/BPR/BPR-Apr-29-2024_16-14-09.pth
Mon 29 Apr 2024 16:14:20 INFO  epoch 4 training [time: 0.27s, train loss: 22.7424]
Mon 29 Apr 2024 16:14:21 INFO  epoch 4 evaluating [time: 1.12s, valid_score: 0.252500]
Mon 29 Apr 2024 16:14:21 INFO  valid result: 
recall@10 : 0.1017    mrr@10 : 0.2525    ndcg@10 : 0.129    hit@10 : 0.527    map@10 : 0.0625    precision@10 : 0.0978    gauc : 0.8486    itemcoverage@10 : 0.0725    averagepopularity@10 : 315.9464    giniindex@10 : 0.983    shannonentropy@10 : 0.0299    tailpercentage@10 : 0.0
Mon 29 Apr 2024 16:14:21 INFO  Saving current: saved/ml-100k/BPR/BPR-Apr-29-2024_16-14-09.pth
Mon 29 Apr 2024 16:14:22 INFO  epoch 5 training [time: 0.26s, train loss: 18.4891]
Mon 29 Apr 2024 16:14:23 INFO  epoch 5 evaluating [time: 1.12s, valid_score: 0.268200]
Mon 29 Apr 2024 16:14:23 INFO  valid result: 
recall@10 : 0.1169    mrr@10 : 0.2682    ndcg@10 : 0.139    hit@10 : 0.5567    map@10 : 0.0675    precision@10 : 0.1019    gauc : 0.85    itemcoverage@10 : 0.0523    averagepopularity@10 : 333.7741    giniindex@10 : 0.9855    shannonentropy@10 : 0.0395    tailpercentage@10 : 0.0
Mon 29 Apr 2024 16:14:23 INFO  Saving current: saved/ml-100k/BPR/BPR-Apr-29-2024_16-14-09.pth
Mon 29 Apr 2024 16:14:23 INFO  epoch 6 training [time: 0.28s, train loss: 15.6431]
Mon 29 Apr 2024 16:14:24 INFO  epoch 6 evaluating [time: 1.09s, valid_score: 0.277200]
Mon 29 Apr 2024 16:14:24 INFO  valid result: 
recall@10 : 0.1252    mrr@10 : 0.2772    ndcg@10 : 0.1457    hit@10 : 0.5801    map@10 : 0.0715    precision@10 : 0.1054    gauc : 0.8521    itemcoverage@10 : 0.0535    averagepopularity@10 : 342.073    giniindex@10 : 0.9861    shannonentropy@10 : 0.038    tailpercentage@10 : 0.0
Mon 29 Apr 2024 16:14:24 INFO  Saving current: saved/ml-100k/BPR/BPR-Apr-29-2024_16-14-09.pth
Mon 29 Apr 2024 16:14:24 INFO  epoch 7 training [time: 0.27s, train loss: 14.2810]
Mon 29 Apr 2024 16:14:26 INFO  epoch 7 evaluating [time: 1.17s, valid_score: 0.288200]
Mon 29 Apr 2024 16:14:26 INFO  valid result: 
recall@10 : 0.1258    mrr@10 : 0.2882    ndcg@10 : 0.1489    hit@10 : 0.5864    map@10 : 0.074    precision@10 : 0.1057    gauc : 0.855    itemcoverage@10 : 0.0553    averagepopularity@10 : 344.6148    giniindex@10 : 0.9862    shannonentropy@10 : 0.0367    tailpercentage@10 : 0.0
Mon 29 Apr 2024 16:14:26 INFO  Saving current: saved/ml-100k/BPR/BPR-Apr-29-2024_16-14-09.pth
Mon 29 Apr 2024 16:14:26 INFO  epoch 8 training [time: 0.28s, train loss: 13.4723]
Mon 29 Apr 2024 16:14:27 INFO  epoch 8 evaluating [time: 1.14s, valid_score: 0.294800]
Mon 29 Apr 2024 16:14:27 INFO  valid result: 
recall@10 : 0.1305    mrr@10 : 0.2948    ndcg@10 : 0.1541    hit@10 : 0.5917    map@10 : 0.0778    precision@10 : 0.1078    gauc : 0.8584    itemcoverage@10 : 0.0594    averagepopularity@10 : 344.2456    giniindex@10 : 0.9857    shannonentropy@10 : 0.0345    tailpercentage@10 : 0.0
Mon 29 Apr 2024 16:14:27 INFO  Saving current: saved/ml-100k/BPR/BPR-Apr-29-2024_16-14-09.pth
Mon 29 Apr 2024 16:14:27 INFO  epoch 9 training [time: 0.29s, train loss: 12.8887]
Mon 29 Apr 2024 16:14:28 INFO  epoch 9 evaluating [time: 1.11s, valid_score: 0.299100]
Mon 29 Apr 2024 16:14:28 INFO  valid result: 
recall@10 : 0.1395    mrr@10 : 0.2991    ndcg@10 : 0.1601    hit@10 : 0.6119    map@10 : 0.0813    precision@10 : 0.112    gauc : 0.862    itemcoverage@10 : 0.063    averagepopularity@10 : 342.1469    giniindex@10 : 0.9849    shannonentropy@10 : 0.0332    tailpercentage@10 : 0.0
Mon 29 Apr 2024 16:14:29 INFO  Saving current: saved/ml-100k/BPR/BPR-Apr-29-2024_16-14-09.pth
Mon 29 Apr 2024 16:14:29 INFO  epoch 10 training [time: 0.26s, train loss: 12.4353]
Mon 29 Apr 2024 16:14:30 INFO  epoch 10 evaluating [time: 1.11s, valid_score: 0.309500]
Mon 29 Apr 2024 16:14:30 INFO  valid result: 
recall@10 : 0.1485    mrr@10 : 0.3095    ndcg@10 : 0.1683    hit@10 : 0.6257    map@10 : 0.0868    precision@10 : 0.1169    gauc : 0.8662    itemcoverage@10 : 0.0665    averagepopularity@10 : 338.1487    giniindex@10 : 0.9836    shannonentropy@10 : 0.0323    tailpercentage@10 : 0.0
Mon 29 Apr 2024 16:14:30 INFO  Saving current: saved/ml-100k/BPR/BPR-Apr-29-2024_16-14-09.pth
Mon 29 Apr 2024 16:14:30 INFO  epoch 11 training [time: 0.26s, train loss: 11.9655]
Mon 29 Apr 2024 16:14:31 INFO  epoch 11 evaluating [time: 1.16s, valid_score: 0.319200]
Mon 29 Apr 2024 16:14:31 INFO  valid result: 
recall@10 : 0.1562    mrr@10 : 0.3192    ndcg@10 : 0.176    hit@10 : 0.6384    map@10 : 0.0919    precision@10 : 0.1214    gauc : 0.8704    itemcoverage@10 : 0.0725    averagepopularity@10 : 333.3489    giniindex@10 : 0.9819    shannonentropy@10 : 0.0304    tailpercentage@10 : 0.0
Mon 29 Apr 2024 16:14:31 INFO  Saving current: saved/ml-100k/BPR/BPR-Apr-29-2024_16-14-09.pth
Mon 29 Apr 2024 16:14:32 INFO  epoch 12 training [time: 0.27s, train loss: 11.5190]
Mon 29 Apr 2024 16:14:33 INFO  epoch 12 evaluating [time: 1.08s, valid_score: 0.326500]
Mon 29 Apr 2024 16:14:33 INFO  valid result: 
recall@10 : 0.1645    mrr@10 : 0.3265    ndcg@10 : 0.1826    hit@10 : 0.6522    map@10 : 0.0963    precision@10 : 0.125    gauc : 0.8743    itemcoverage@10 : 0.0761    averagepopularity@10 : 327.5765    giniindex@10 : 0.9805    shannonentropy@10 : 0.0296    tailpercentage@10 : 0.0
Mon 29 Apr 2024 16:14:33 INFO  Saving current: saved/ml-100k/BPR/BPR-Apr-29-2024_16-14-09.pth
Mon 29 Apr 2024 16:14:33 INFO  epoch 13 training [time: 0.28s, train loss: 11.1336]
Mon 29 Apr 2024 16:14:34 INFO  epoch 13 evaluating [time: 1.24s, valid_score: 0.322100]
Mon 29 Apr 2024 16:14:34 INFO  valid result: 
recall@10 : 0.1651    mrr@10 : 0.3221    ndcg@10 : 0.1838    hit@10 : 0.6479    map@10 : 0.0977    precision@10 : 0.1267    gauc : 0.8781    itemcoverage@10 : 0.082    averagepopularity@10 : 322.2035    giniindex@10 : 0.9784    shannonentropy@10 : 0.0282    tailpercentage@10 : 0.0
Mon 29 Apr 2024 16:14:35 INFO  epoch 14 training [time: 0.29s, train loss: 10.7970]
Mon 29 Apr 2024 16:14:36 INFO  epoch 14 evaluating [time: 1.31s, valid_score: 0.327500]
Mon 29 Apr 2024 16:14:36 INFO  valid result: 
recall@10 : 0.1709    mrr@10 : 0.3275    ndcg@10 : 0.1882    hit@10 : 0.6628    map@10 : 0.1002    precision@10 : 0.1303    gauc : 0.8817    itemcoverage@10 : 0.0856    averagepopularity@10 : 316.523    giniindex@10 : 0.9765    shannonentropy@10 : 0.0277    tailpercentage@10 : 0.0
Mon 29 Apr 2024 16:14:36 INFO  Saving current: saved/ml-100k/BPR/BPR-Apr-29-2024_16-14-09.pth
Mon 29 Apr 2024 16:14:36 INFO  epoch 15 training [time: 0.26s, train loss: 10.4318]
Mon 29 Apr 2024 16:14:37 INFO  epoch 15 evaluating [time: 1.10s, valid_score: 0.329800]
Mon 29 Apr 2024 16:14:37 INFO  valid result: 
recall@10 : 0.1707    mrr@10 : 0.3298    ndcg@10 : 0.1883    hit@10 : 0.6691    map@10 : 0.1004    precision@10 : 0.1293    gauc : 0.885    itemcoverage@10 : 0.0951    averagepopularity@10 : 312.7943    giniindex@10 : 0.9749    shannonentropy@10 : 0.0253    tailpercentage@10 : 0.0
Mon 29 Apr 2024 16:14:37 INFO  Saving current: saved/ml-100k/BPR/BPR-Apr-29-2024_16-14-09.pth
Mon 29 Apr 2024 16:14:38 INFO  epoch 16 training [time: 0.26s, train loss: 10.1359]
Mon 29 Apr 2024 16:14:39 INFO  epoch 16 evaluating [time: 1.11s, valid_score: 0.334300]
Mon 29 Apr 2024 16:14:39 INFO  valid result: 
recall@10 : 0.1747    mrr@10 : 0.3343    ndcg@10 : 0.1916    hit@10 : 0.6723    map@10 : 0.1015    precision@10 : 0.1326    gauc : 0.8879    itemcoverage@10 : 0.1016    averagepopularity@10 : 307.633    giniindex@10 : 0.9729    shannonentropy@10 : 0.0241    tailpercentage@10 : 0.0
Mon 29 Apr 2024 16:14:39 INFO  Saving current: saved/ml-100k/BPR/BPR-Apr-29-2024_16-14-09.pth
Mon 29 Apr 2024 16:14:39 INFO  epoch 17 training [time: 0.25s, train loss: 9.8093]
Mon 29 Apr 2024 16:14:40 INFO  epoch 17 evaluating [time: 1.11s, valid_score: 0.344600]
Mon 29 Apr 2024 16:14:40 INFO  valid result: 
recall@10 : 0.1773    mrr@10 : 0.3446    ndcg@10 : 0.1964    hit@10 : 0.6787    map@10 : 0.1052    precision@10 : 0.135    gauc : 0.8905    itemcoverage@10 : 0.1087    averagepopularity@10 : 302.9251    giniindex@10 : 0.9711    shannonentropy@10 : 0.0229    tailpercentage@10 : 0.0
Mon 29 Apr 2024 16:14:40 INFO  Saving current: saved/ml-100k/BPR/BPR-Apr-29-2024_16-14-09.pth
Mon 29 Apr 2024 16:14:41 INFO  epoch 18 training [time: 0.30s, train loss: 9.5000]
Mon 29 Apr 2024 16:14:42 INFO  epoch 18 evaluating [time: 1.12s, valid_score: 0.343800]
Mon 29 Apr 2024 16:14:42 INFO  valid result: 
recall@10 : 0.178    mrr@10 : 0.3438    ndcg@10 : 0.1966    hit@10 : 0.6829    map@10 : 0.1048    precision@10 : 0.1363    gauc : 0.8926    itemcoverage@10 : 0.1129    averagepopularity@10 : 298.6267    giniindex@10 : 0.9695    shannonentropy@10 : 0.0223    tailpercentage@10 : 0.0
Mon 29 Apr 2024 16:14:42 INFO  epoch 19 training [time: 0.29s, train loss: 9.4030]
Mon 29 Apr 2024 16:14:43 INFO  epoch 19 evaluating [time: 1.13s, valid_score: 0.347400]
Mon 29 Apr 2024 16:14:43 INFO  valid result: 
recall@10 : 0.181    mrr@10 : 0.3474    ndcg@10 : 0.1994    hit@10 : 0.6808    map@10 : 0.1065    precision@10 : 0.1382    gauc : 0.8944    itemcoverage@10 : 0.1212    averagepopularity@10 : 295.7704    giniindex@10 : 0.968    shannonentropy@10 : 0.021    tailpercentage@10 : 0.0
Mon 29 Apr 2024 16:14:43 INFO  Saving current: saved/ml-100k/BPR/BPR-Apr-29-2024_16-14-09.pth
Mon 29 Apr 2024 16:14:43 INFO  epoch 20 training [time: 0.22s, train loss: 9.1907]
Mon 29 Apr 2024 16:14:44 INFO  epoch 20 evaluating [time: 1.11s, valid_score: 0.347700]
Mon 29 Apr 2024 16:14:44 INFO  valid result: 
recall@10 : 0.1792    mrr@10 : 0.3477    ndcg@10 : 0.2    hit@10 : 0.6797    map@10 : 0.1074    precision@10 : 0.1398    gauc : 0.8961    itemcoverage@10 : 0.1295    averagepopularity@10 : 292.7982    giniindex@10 : 0.9664    shannonentropy@10 : 0.0199    tailpercentage@10 : 0.0
Mon 29 Apr 2024 16:14:44 INFO  Saving current: saved/ml-100k/BPR/BPR-Apr-29-2024_16-14-09.pth
Mon 29 Apr 2024 16:14:45 INFO  epoch 21 training [time: 0.30s, train loss: 8.9559]
Mon 29 Apr 2024 16:14:46 INFO  epoch 21 evaluating [time: 1.10s, valid_score: 0.345200]
Mon 29 Apr 2024 16:14:46 INFO  valid result: 
recall@10 : 0.1793    mrr@10 : 0.3452    ndcg@10 : 0.2004    hit@10 : 0.6861    map@10 : 0.1081    precision@10 : 0.1403    gauc : 0.8975    itemcoverage@10 : 0.1295    averagepopularity@10 : 289.6151    giniindex@10 : 0.9646    shannonentropy@10 : 0.0201    tailpercentage@10 : 0.0
Mon 29 Apr 2024 16:14:46 INFO  epoch 22 training [time: 0.28s, train loss: 8.7268]
Mon 29 Apr 2024 16:14:47 INFO  epoch 22 evaluating [time: 1.16s, valid_score: 0.349000]
Mon 29 Apr 2024 16:14:47 INFO  valid result: 
recall@10 : 0.185    mrr@10 : 0.349    ndcg@10 : 0.2036    hit@10 : 0.6872    map@10 : 0.1099    precision@10 : 0.1422    gauc : 0.8989    itemcoverage@10 : 0.1373    averagepopularity@10 : 287.9599    giniindex@10 : 0.9633    shannonentropy@10 : 0.0191    tailpercentage@10 : 0.0
Mon 29 Apr 2024 16:14:47 INFO  Saving current: saved/ml-100k/BPR/BPR-Apr-29-2024_16-14-09.pth
Mon 29 Apr 2024 16:14:48 INFO  epoch 23 training [time: 0.27s, train loss: 8.6537]
Mon 29 Apr 2024 16:14:49 INFO  epoch 23 evaluating [time: 1.18s, valid_score: 0.351800]
Mon 29 Apr 2024 16:14:49 INFO  valid result: 
recall@10 : 0.1863    mrr@10 : 0.3518    ndcg@10 : 0.2051    hit@10 : 0.6893    map@10 : 0.1108    precision@10 : 0.1427    gauc : 0.9    itemcoverage@10 : 0.1414    averagepopularity@10 : 285.3565    giniindex@10 : 0.9621    shannonentropy@10 : 0.0187    tailpercentage@10 : 0.0
Mon 29 Apr 2024 16:14:49 INFO  Saving current: saved/ml-100k/BPR/BPR-Apr-29-2024_16-14-09.pth
Mon 29 Apr 2024 16:14:49 INFO  epoch 24 training [time: 0.29s, train loss: 8.3868]
Mon 29 Apr 2024 16:14:50 INFO  epoch 24 evaluating [time: 1.10s, valid_score: 0.354900]
Mon 29 Apr 2024 16:14:50 INFO  valid result: 
recall@10 : 0.1872    mrr@10 : 0.3549    ndcg@10 : 0.2071    hit@10 : 0.6925    map@10 : 0.1124    precision@10 : 0.1432    gauc : 0.9011    itemcoverage@10 : 0.1468    averagepopularity@10 : 282.9051    giniindex@10 : 0.9605    shannonentropy@10 : 0.0182    tailpercentage@10 : 0.0
Mon 29 Apr 2024 16:14:50 INFO  Saving current: saved/ml-100k/BPR/BPR-Apr-29-2024_16-14-09.pth
Mon 29 Apr 2024 16:14:51 INFO  epoch 25 training [time: 0.24s, train loss: 8.2875]
Mon 29 Apr 2024 16:14:52 INFO  epoch 25 evaluating [time: 1.11s, valid_score: 0.360000]
Mon 29 Apr 2024 16:14:52 INFO  valid result: 
recall@10 : 0.1892    mrr@10 : 0.36    ndcg@10 : 0.2091    hit@10 : 0.6978    map@10 : 0.1134    precision@10 : 0.144    gauc : 0.902    itemcoverage@10 : 0.1515    averagepopularity@10 : 281.1003    giniindex@10 : 0.9589    shannonentropy@10 : 0.0178    tailpercentage@10 : 0.0
Mon 29 Apr 2024 16:14:52 INFO  Saving current: saved/ml-100k/BPR/BPR-Apr-29-2024_16-14-09.pth
Mon 29 Apr 2024 16:14:52 INFO  epoch 26 training [time: 0.27s, train loss: 8.1531]
Mon 29 Apr 2024 16:14:53 INFO  epoch 26 evaluating [time: 1.11s, valid_score: 0.364500]
Mon 29 Apr 2024 16:14:53 INFO  valid result: 
recall@10 : 0.1905    mrr@10 : 0.3645    ndcg@10 : 0.2113    hit@10 : 0.7031    map@10 : 0.1148    precision@10 : 0.146    gauc : 0.903    itemcoverage@10 : 0.1563    averagepopularity@10 : 278.6341    giniindex@10 : 0.9577    shannonentropy@10 : 0.0173    tailpercentage@10 : 0.0
Mon 29 Apr 2024 16:14:53 INFO  Saving current: saved/ml-100k/BPR/BPR-Apr-29-2024_16-14-09.pth
Mon 29 Apr 2024 16:14:53 INFO  epoch 27 training [time: 0.27s, train loss: 8.0686]
Mon 29 Apr 2024 16:14:55 INFO  epoch 27 evaluating [time: 1.14s, valid_score: 0.361900]
Mon 29 Apr 2024 16:14:55 INFO  valid result: 
recall@10 : 0.1928    mrr@10 : 0.3619    ndcg@10 : 0.2121    hit@10 : 0.7073    map@10 : 0.115    precision@10 : 0.1471    gauc : 0.9038    itemcoverage@10 : 0.1575    averagepopularity@10 : 277.84    giniindex@10 : 0.9576    shannonentropy@10 : 0.0172    tailpercentage@10 : 0.0
Mon 29 Apr 2024 16:14:55 INFO  epoch 28 training [time: 0.28s, train loss: 7.8992]
