Wed 15 May 2024 10:32:43 INFO  ['src/default_tracker2.py', '--dataset=mind', '--model=BPR', '--max_emission_step=-1', '--ratio_tolerance=-1']
Wed 15 May 2024 10:32:43 INFO  
General Hyper Parameters:
gpu_id = 0
use_gpu = True
seed = 2020
state = INFO
reproducibility = True
data_path = data/mind
checkpoint_dir = saved/mind/BPR
show_progress = True
save_dataset = False
dataset_save_path = None
save_dataloaders = False
dataloaders_save_path = None
log_wandb = False

Training Hyper Parameters:
epochs = 200
train_batch_size = 2048
learner = adam
learning_rate = 0.001
train_neg_sample_args = {'distribution': 'uniform', 'sample_num': 1, 'dynamic': False, 'candidate_num': 0, 'alpha': 1.0}
eval_step = 1
stopping_step = 10
clip_grad_norm = None
weight_decay = 0.0
loss_decimal_place = 4

Evaluation Hyper Parameters:
eval_args = {'split': {'RS': [0.8, 0.1, 0.1]}, 'order': 'RO', 'group_by': 'user', 'mode': {'valid': 'full', 'test': 'full'}}
repeatable = False
metrics = ['Recall', 'MRR', 'NDCG', 'Hit', 'MAP', 'Precision', 'GAUC', 'ItemCoverage', 'AveragePopularity', 'GiniIndex', 'ShannonEntropy', 'TailPercentage']
topk = [10]
valid_metric = MRR@10
valid_metric_bigger = True
eval_batch_size = 4096
metric_decimal_place = 4

Dataset Hyper Parameters:
field_separator = 	
seq_separator =  
USER_ID_FIELD = user_id
ITEM_ID_FIELD = item_id
RATING_FIELD = rating
TIME_FIELD = timestamp
seq_len = None
LABEL_FIELD = label
threshold = None
NEG_PREFIX = neg_
load_col = {'inter': ['user_id', 'item_id']}
unload_col = None
unused_col = None
additional_feat_suffix = None
rm_dup_inter = None
val_interval = None
filter_inter_by_user_or_item = True
user_inter_num_interval = [0,inf)
item_inter_num_interval = [0,inf)
alias_of_user_id = None
alias_of_item_id = None
alias_of_entity_id = None
alias_of_relation_id = None
preload_weight = None
normalize_field = None
normalize_all = None
ITEM_LIST_LENGTH_FIELD = item_length
LIST_SUFFIX = _list
MAX_ITEM_LIST_LENGTH = 50
POSITION_FIELD = position_id
HEAD_ENTITY_ID_FIELD = head_id
TAIL_ENTITY_ID_FIELD = tail_id
RELATION_ID_FIELD = relation_id
ENTITY_ID_FIELD = entity_id
benchmark_filename = None

Other Hyper Parameters: 
worker = 0
wandb_project = recbole
shuffle = True
require_pow = False
enable_amp = False
enable_scaler = False
transform = None
embedding_size = 64
numerical_features = []
discretization = None
kg_reverse_r = False
entity_kg_num_interval = [0,inf)
relation_kg_num_interval = [0,inf)
MODEL_TYPE = ModelType.GENERAL
encoding = utf-8
device = cuda:1
my_log_file = /home/fontana/Tesi/log/carbon_default.log
max_emission_step = -1
ratio_tolerance = -1
MODEL_INPUT_TYPE = InputType.PAIRWISE
eval_type = EvaluatorType.RANKING
single_spec = True
local_rank = 0
valid_neg_sample_args = {'distribution': 'uniform', 'sample_num': 'none'}
test_neg_sample_args = {'distribution': 'uniform', 'sample_num': 'none'}


Wed 15 May 2024 10:32:46 INFO  mind
The number of users: 23680
Average actions of users: 44.282908906626126
The number of items: 4415
Average actions of items: 237.55663797009515
The number of inters: 1048575
The sparsity of the dataset: 98.9970319625968%
Remain Fields: ['user_id', 'item_id']
Wed 15 May 2024 10:32:50 INFO  [Training]: train_batch_size = [2048] train_neg_sample_args: [{'distribution': 'uniform', 'sample_num': 1, 'dynamic': False, 'candidate_num': 0, 'alpha': 1.0}]
Wed 15 May 2024 10:32:50 INFO  [Evaluation]: eval_batch_size = [4096] eval_args: [{'split': {'RS': [0.8, 0.1, 0.1]}, 'order': 'RO', 'group_by': 'user', 'mode': {'valid': 'full', 'test': 'full'}}]
Wed 15 May 2024 10:32:53 INFO  BPR(
  (user_embedding): Embedding(23680, 64)
  (item_embedding): Embedding(4415, 64)
  (loss): BPRLoss()
)
Trainable parameters: 1798080
Wed 15 May 2024 10:32:53 INFO  FLOPs: 128.0
Wed 15 May 2024 10:33:00 INFO  epoch 0 training [time: 2.54s, train loss: 183.8284]
Wed 15 May 2024 10:33:59 INFO  epoch 0 evaluating [time: 58.65s, valid_score: 0.368900]
Wed 15 May 2024 10:33:59 INFO  valid result: 
recall@10 : 0.3656    mrr@10 : 0.3689    ndcg@10 : 0.2808    hit@10 : 0.6455    map@10 : 0.194    precision@10 : 0.1025    gauc : 0.9647    itemcoverage@10 : 0.0784    averagepopularity@10 : 8841.2876    giniindex@10 : 0.9952    shannonentropy@10 : 0.0095    tailpercentage@10 : 0.0003
Wed 15 May 2024 10:33:59 INFO  Saving current: saved/mind/BPR/BPR-May-15-2024_10-32-53.pth
Wed 15 May 2024 10:34:02 INFO  epoch 1 training [time: 2.44s, train loss: 46.0542]
Wed 15 May 2024 10:35:00 INFO  epoch 1 evaluating [time: 58.13s, valid_score: 0.377400]
Wed 15 May 2024 10:35:00 INFO  valid result: 
recall@10 : 0.3586    mrr@10 : 0.3774    ndcg@10 : 0.283    hit@10 : 0.6428    map@10 : 0.1984    precision@10 : 0.1021    gauc : 0.9674    itemcoverage@10 : 0.0285    averagepopularity@10 : 8929.8477    giniindex@10 : 0.9954    shannonentropy@10 : 0.0257    tailpercentage@10 : 0.0
Wed 15 May 2024 10:35:00 INFO  Saving current: saved/mind/BPR/BPR-May-15-2024_10-32-53.pth
Wed 15 May 2024 10:35:02 INFO  epoch 2 training [time: 2.58s, train loss: 36.6775]
Wed 15 May 2024 10:36:00 INFO  epoch 2 evaluating [time: 58.12s, valid_score: 0.368900]
Wed 15 May 2024 10:36:00 INFO  valid result: 
recall@10 : 0.368    mrr@10 : 0.3689    ndcg@10 : 0.2821    hit@10 : 0.6545    map@10 : 0.1936    precision@10 : 0.1069    gauc : 0.97    itemcoverage@10 : 0.029    averagepopularity@10 : 8807.7186    giniindex@10 : 0.9951    shannonentropy@10 : 0.0261    tailpercentage@10 : 0.0
Wed 15 May 2024 10:36:03 INFO  epoch 3 training [time: 2.28s, train loss: 32.6470]
Wed 15 May 2024 10:37:01 INFO  epoch 3 evaluating [time: 57.96s, valid_score: 0.371500]
Wed 15 May 2024 10:37:01 INFO  valid result: 
recall@10 : 0.3782    mrr@10 : 0.3715    ndcg@10 : 0.2847    hit@10 : 0.669    map@10 : 0.1909    precision@10 : 0.1125    gauc : 0.9723    itemcoverage@10 : 0.0328    averagepopularity@10 : 8523.7884    giniindex@10 : 0.9946    shannonentropy@10 : 0.0239    tailpercentage@10 : 0.0
Wed 15 May 2024 10:37:03 INFO  epoch 4 training [time: 2.59s, train loss: 29.8927]
Wed 15 May 2024 10:38:01 INFO  epoch 4 evaluating [time: 58.10s, valid_score: 0.388900]
Wed 15 May 2024 10:38:01 INFO  valid result: 
recall@10 : 0.3991    mrr@10 : 0.3889    ndcg@10 : 0.3001    hit@10 : 0.692    map@10 : 0.2021    precision@10 : 0.1191    gauc : 0.9741    itemcoverage@10 : 0.0403    averagepopularity@10 : 8229.967    giniindex@10 : 0.9938    shannonentropy@10 : 0.0202    tailpercentage@10 : 0.0
Wed 15 May 2024 10:38:02 INFO  Saving current: saved/mind/BPR/BPR-May-15-2024_10-32-53.pth
Wed 15 May 2024 10:38:04 INFO  epoch 5 training [time: 2.59s, train loss: 27.7645]
Wed 15 May 2024 10:39:02 INFO  epoch 5 evaluating [time: 57.78s, valid_score: 0.397400]
Wed 15 May 2024 10:39:02 INFO  valid result: 
recall@10 : 0.4177    mrr@10 : 0.3974    ndcg@10 : 0.3108    hit@10 : 0.7119    map@10 : 0.2085    precision@10 : 0.125    gauc : 0.9755    itemcoverage@10 : 0.0433    averagepopularity@10 : 7924.6391    giniindex@10 : 0.9929    shannonentropy@10 : 0.0196    tailpercentage@10 : 0.0
Wed 15 May 2024 10:39:02 INFO  Saving current: saved/mind/BPR/BPR-May-15-2024_10-32-53.pth
Wed 15 May 2024 10:39:04 INFO  epoch 6 training [time: 2.32s, train loss: 26.1227]
Wed 15 May 2024 10:40:02 INFO  epoch 6 evaluating [time: 57.88s, valid_score: 0.411700]
Wed 15 May 2024 10:40:02 INFO  valid result: 
recall@10 : 0.4328    mrr@10 : 0.4117    ndcg@10 : 0.3228    hit@10 : 0.7293    map@10 : 0.2177    precision@10 : 0.1296    gauc : 0.9766    itemcoverage@10 : 0.0464    averagepopularity@10 : 7647.6912    giniindex@10 : 0.9922    shannonentropy@10 : 0.0188    tailpercentage@10 : 0.0
Wed 15 May 2024 10:40:02 INFO  Saving current: saved/mind/BPR/BPR-May-15-2024_10-32-53.pth
Wed 15 May 2024 10:40:05 INFO  epoch 7 training [time: 2.58s, train loss: 24.9881]
Wed 15 May 2024 10:41:03 INFO  epoch 7 evaluating [time: 57.63s, valid_score: 0.428100]
Wed 15 May 2024 10:41:03 INFO  valid result: 
recall@10 : 0.4483    mrr@10 : 0.4281    ndcg@10 : 0.3398    hit@10 : 0.7445    map@10 : 0.2342    precision@10 : 0.1339    gauc : 0.9775    itemcoverage@10 : 0.0516    averagepopularity@10 : 7363.2624    giniindex@10 : 0.9913    shannonentropy@10 : 0.0173    tailpercentage@10 : 0.0
Wed 15 May 2024 10:41:03 INFO  Saving current: saved/mind/BPR/BPR-May-15-2024_10-32-53.pth
Wed 15 May 2024 10:41:05 INFO  epoch 8 training [time: 2.59s, train loss: 23.6990]
Wed 15 May 2024 10:42:03 INFO  epoch 8 evaluating [time: 57.64s, valid_score: 0.439600]
Wed 15 May 2024 10:42:03 INFO  valid result: 
recall@10 : 0.4547    mrr@10 : 0.4396    ndcg@10 : 0.3497    hit@10 : 0.7512    map@10 : 0.2438    precision@10 : 0.137    gauc : 0.9783    itemcoverage@10 : 0.055    averagepopularity@10 : 7139.4073    giniindex@10 : 0.9906    shannonentropy@10 : 0.0166    tailpercentage@10 : 0.0
Wed 15 May 2024 10:42:03 INFO  Saving current: saved/mind/BPR/BPR-May-15-2024_10-32-53.pth
Wed 15 May 2024 10:42:06 INFO  epoch 9 training [time: 2.61s, train loss: 22.5367]
Wed 15 May 2024 10:43:04 INFO  epoch 9 evaluating [time: 57.98s, valid_score: 0.455200]
Wed 15 May 2024 10:43:04 INFO  valid result: 
recall@10 : 0.4676    mrr@10 : 0.4552    ndcg@10 : 0.3634    hit@10 : 0.7632    map@10 : 0.2569    precision@10 : 0.1403    gauc : 0.979    itemcoverage@10 : 0.0589    averagepopularity@10 : 7037.9182    giniindex@10 : 0.9898    shannonentropy@10 : 0.0158    tailpercentage@10 : 0.0
Wed 15 May 2024 10:43:04 INFO  Saving current: saved/mind/BPR/BPR-May-15-2024_10-32-53.pth
Wed 15 May 2024 10:43:06 INFO  epoch 10 training [time: 2.63s, train loss: 21.7135]
Wed 15 May 2024 10:44:04 INFO  epoch 10 evaluating [time: 57.91s, valid_score: 0.462300]
Wed 15 May 2024 10:44:04 INFO  valid result: 
recall@10 : 0.4758    mrr@10 : 0.4623    ndcg@10 : 0.3715    hit@10 : 0.7708    map@10 : 0.2641    precision@10 : 0.1436    gauc : 0.9797    itemcoverage@10 : 0.0634    averagepopularity@10 : 6927.4783    giniindex@10 : 0.9891    shannonentropy@10 : 0.0149    tailpercentage@10 : 0.0
Wed 15 May 2024 10:44:04 INFO  Saving current: saved/mind/BPR/BPR-May-15-2024_10-32-53.pth
Wed 15 May 2024 10:44:07 INFO  epoch 11 training [time: 2.61s, train loss: 20.7110]
Wed 15 May 2024 10:45:05 INFO  epoch 11 evaluating [time: 58.00s, valid_score: 0.471200]
Wed 15 May 2024 10:45:05 INFO  valid result: 
recall@10 : 0.4814    mrr@10 : 0.4712    ndcg@10 : 0.379    hit@10 : 0.7758    map@10 : 0.2715    precision@10 : 0.1456    gauc : 0.9804    itemcoverage@10 : 0.0689    averagepopularity@10 : 6820.7203    giniindex@10 : 0.9888    shannonentropy@10 : 0.0138    tailpercentage@10 : 0.0
Wed 15 May 2024 10:45:05 INFO  Saving current: saved/mind/BPR/BPR-May-15-2024_10-32-53.pth
Wed 15 May 2024 10:45:08 INFO  epoch 12 training [time: 2.59s, train loss: 19.8294]
Wed 15 May 2024 10:46:05 INFO  epoch 12 evaluating [time: 57.76s, valid_score: 0.464600]
Wed 15 May 2024 10:46:05 INFO  valid result: 
recall@10 : 0.4956    mrr@10 : 0.4646    ndcg@10 : 0.379    hit@10 : 0.7876    map@10 : 0.267    precision@10 : 0.1489    gauc : 0.9809    itemcoverage@10 : 0.072    averagepopularity@10 : 6702.7598    giniindex@10 : 0.9879    shannonentropy@10 : 0.0134    tailpercentage@10 : 0.0
Wed 15 May 2024 10:46:08 INFO  epoch 13 training [time: 2.60s, train loss: 19.4024]
Wed 15 May 2024 10:47:06 INFO  epoch 13 evaluating [time: 57.75s, valid_score: 0.471000]
Wed 15 May 2024 10:47:06 INFO  valid result: 
recall@10 : 0.5002    mrr@10 : 0.471    ndcg@10 : 0.3858    hit@10 : 0.7916    map@10 : 0.2743    precision@10 : 0.1511    gauc : 0.9815    itemcoverage@10 : 0.0786    averagepopularity@10 : 6575.2055    giniindex@10 : 0.987    shannonentropy@10 : 0.0125    tailpercentage@10 : 0.0
Wed 15 May 2024 10:47:08 INFO  epoch 14 training [time: 2.42s, train loss: 18.4789]
Wed 15 May 2024 10:48:06 INFO  epoch 14 evaluating [time: 57.96s, valid_score: 0.484200]
Wed 15 May 2024 10:48:06 INFO  valid result: 
recall@10 : 0.5102    mrr@10 : 0.4842    ndcg@10 : 0.3984    hit@10 : 0.8007    map@10 : 0.2871    precision@10 : 0.1529    gauc : 0.982    itemcoverage@10 : 0.0811    averagepopularity@10 : 6464.5913    giniindex@10 : 0.9861    shannonentropy@10 : 0.0123    tailpercentage@10 : 0.0
Wed 15 May 2024 10:48:06 INFO  Saving current: saved/mind/BPR/BPR-May-15-2024_10-32-53.pth
Wed 15 May 2024 10:48:09 INFO  epoch 15 training [time: 2.59s, train loss: 17.7916]
Wed 15 May 2024 10:49:07 INFO  epoch 15 evaluating [time: 58.25s, valid_score: 0.488400]
Wed 15 May 2024 10:49:07 INFO  valid result: 
recall@10 : 0.5158    mrr@10 : 0.4884    ndcg@10 : 0.4033    hit@10 : 0.8051    map@10 : 0.2916    precision@10 : 0.1551    gauc : 0.9824    itemcoverage@10 : 0.084    averagepopularity@10 : 6421.9494    giniindex@10 : 0.9858    shannonentropy@10 : 0.0119    tailpercentage@10 : 0.0
Wed 15 May 2024 10:49:07 INFO  Saving current: saved/mind/BPR/BPR-May-15-2024_10-32-53.pth
Wed 15 May 2024 10:49:10 INFO  epoch 16 training [time: 2.60s, train loss: 16.9627]
Wed 15 May 2024 10:50:08 INFO  epoch 16 evaluating [time: 57.92s, valid_score: 0.485100]
Wed 15 May 2024 10:50:08 INFO  valid result: 
recall@10 : 0.5202    mrr@10 : 0.4851    ndcg@10 : 0.4029    hit@10 : 0.8097    map@10 : 0.2898    precision@10 : 0.1565    gauc : 0.9828    itemcoverage@10 : 0.0892    averagepopularity@10 : 6374.1756    giniindex@10 : 0.9854    shannonentropy@10 : 0.0113    tailpercentage@10 : 0.0
Wed 15 May 2024 10:50:10 INFO  epoch 17 training [time: 2.61s, train loss: 16.5004]
Wed 15 May 2024 10:51:08 INFO  epoch 17 evaluating [time: 58.09s, valid_score: 0.496300]
Wed 15 May 2024 10:51:08 INFO  valid result: 
recall@10 : 0.5272    mrr@10 : 0.4963    ndcg@10 : 0.4123    hit@10 : 0.8162    map@10 : 0.2995    precision@10 : 0.158    gauc : 0.9832    itemcoverage@10 : 0.0915    averagepopularity@10 : 6285.6092    giniindex@10 : 0.9845    shannonentropy@10 : 0.0111    tailpercentage@10 : 0.0
Wed 15 May 2024 10:51:08 INFO  Saving current: saved/mind/BPR/BPR-May-15-2024_10-32-53.pth
Wed 15 May 2024 10:51:11 INFO  epoch 18 training [time: 2.61s, train loss: 16.0982]
Wed 15 May 2024 10:52:09 INFO  epoch 18 evaluating [time: 58.30s, valid_score: 0.496800]
Wed 15 May 2024 10:52:09 INFO  valid result: 
recall@10 : 0.5292    mrr@10 : 0.4968    ndcg@10 : 0.4143    hit@10 : 0.8174    map@10 : 0.3015    precision@10 : 0.1594    gauc : 0.9836    itemcoverage@10 : 0.0954    averagepopularity@10 : 6173.0742    giniindex@10 : 0.984    shannonentropy@10 : 0.0108    tailpercentage@10 : 0.0
Wed 15 May 2024 10:52:09 INFO  Saving current: saved/mind/BPR/BPR-May-15-2024_10-32-53.pth
Wed 15 May 2024 10:52:12 INFO  epoch 19 training [time: 2.59s, train loss: 15.5036]
Wed 15 May 2024 10:53:10 INFO  epoch 19 evaluating [time: 58.37s, valid_score: 0.495200]
Wed 15 May 2024 10:53:10 INFO  valid result: 
recall@10 : 0.5348    mrr@10 : 0.4952    ndcg@10 : 0.4152    hit@10 : 0.8221    map@10 : 0.3007    precision@10 : 0.1611    gauc : 0.9839    itemcoverage@10 : 0.0983    averagepopularity@10 : 6137.7407    giniindex@10 : 0.9834    shannonentropy@10 : 0.0105    tailpercentage@10 : 0.0
Wed 15 May 2024 10:53:13 INFO  epoch 20 training [time: 2.21s, train loss: 15.0692]
Wed 15 May 2024 10:54:10 INFO  epoch 20 evaluating [time: 57.62s, valid_score: 0.510900]
Wed 15 May 2024 10:54:10 INFO  valid result: 
recall@10 : 0.5392    mrr@10 : 0.5109    ndcg@10 : 0.4278    hit@10 : 0.8271    map@10 : 0.3153    precision@10 : 0.1623    gauc : 0.9843    itemcoverage@10 : 0.1006    averagepopularity@10 : 6084.4966    giniindex@10 : 0.983    shannonentropy@10 : 0.0104    tailpercentage@10 : 0.0
Wed 15 May 2024 10:54:10 INFO  Saving current: saved/mind/BPR/BPR-May-15-2024_10-32-53.pth
Wed 15 May 2024 10:54:13 INFO  epoch 21 training [time: 2.60s, train loss: 14.5390]
Wed 15 May 2024 10:55:11 INFO  epoch 21 evaluating [time: 58.41s, valid_score: 0.500800]
Wed 15 May 2024 10:55:11 INFO  valid result: 
recall@10 : 0.541    mrr@10 : 0.5008    ndcg@10 : 0.4224    hit@10 : 0.8262    map@10 : 0.3082    precision@10 : 0.1634    gauc : 0.9846    itemcoverage@10 : 0.1051    averagepopularity@10 : 6024.9613    giniindex@10 : 0.9823    shannonentropy@10 : 0.01    tailpercentage@10 : 0.0
Wed 15 May 2024 10:55:14 INFO  epoch 22 training [time: 2.59s, train loss: 14.2019]
Wed 15 May 2024 10:56:12 INFO  epoch 22 evaluating [time: 58.06s, valid_score: 0.503900]
Wed 15 May 2024 10:56:12 INFO  valid result: 
recall@10 : 0.5459    mrr@10 : 0.5039    ndcg@10 : 0.4262    hit@10 : 0.8308    map@10 : 0.3116    precision@10 : 0.1647    gauc : 0.9849    itemcoverage@10 : 0.1085    averagepopularity@10 : 6026.3316    giniindex@10 : 0.982    shannonentropy@10 : 0.0097    tailpercentage@10 : 0.0
Wed 15 May 2024 10:56:15 INFO  epoch 23 training [time: 2.58s, train loss: 13.7443]
Wed 15 May 2024 10:57:13 INFO  epoch 23 evaluating [time: 58.01s, valid_score: 0.511500]
Wed 15 May 2024 10:57:13 INFO  valid result: 
recall@10 : 0.5531    mrr@10 : 0.5115    ndcg@10 : 0.4343    hit@10 : 0.8361    map@10 : 0.3196    precision@10 : 0.166    gauc : 0.9852    itemcoverage@10 : 0.1112    averagepopularity@10 : 5941.347    giniindex@10 : 0.9814    shannonentropy@10 : 0.0095    tailpercentage@10 : 0.0
Wed 15 May 2024 10:57:13 INFO  Saving current: saved/mind/BPR/BPR-May-15-2024_10-32-53.pth
Wed 15 May 2024 10:57:15 INFO  epoch 24 training [time: 2.61s, train loss: 13.1155]
Wed 15 May 2024 10:58:14 INFO  epoch 24 evaluating [time: 58.28s, valid_score: 0.508900]
Wed 15 May 2024 10:58:14 INFO  valid result: 
recall@10 : 0.5567    mrr@10 : 0.5089    ndcg@10 : 0.4331    hit@10 : 0.8391    map@10 : 0.3169    precision@10 : 0.1673    gauc : 0.9855    itemcoverage@10 : 0.1166    averagepopularity@10 : 5937.6092    giniindex@10 : 0.981    shannonentropy@10 : 0.0091    tailpercentage@10 : 0.0
Wed 15 May 2024 10:58:16 INFO  epoch 25 training [time: 2.61s, train loss: 12.8411]
Wed 15 May 2024 10:59:14 INFO  epoch 25 evaluating [time: 58.16s, valid_score: 0.509600]
Wed 15 May 2024 10:59:14 INFO  valid result: 
recall@10 : 0.5573    mrr@10 : 0.5096    ndcg@10 : 0.4348    hit@10 : 0.8403    map@10 : 0.319    precision@10 : 0.168    gauc : 0.9857    itemcoverage@10 : 0.1182    averagepopularity@10 : 5902.2225    giniindex@10 : 0.9808    shannonentropy@10 : 0.009    tailpercentage@10 : 0.0
Wed 15 May 2024 10:59:17 INFO  epoch 26 training [time: 2.58s, train loss: 12.6118]
Wed 15 May 2024 11:00:15 INFO  epoch 26 evaluating [time: 58.42s, valid_score: 0.520800]
Wed 15 May 2024 11:00:15 INFO  valid result: 
recall@10 : 0.5579    mrr@10 : 0.5208    ndcg@10 : 0.4417    hit@10 : 0.841    map@10 : 0.3274    precision@10 : 0.168    gauc : 0.9859    itemcoverage@10 : 0.1237    averagepopularity@10 : 5906.5702    giniindex@10 : 0.9807    shannonentropy@10 : 0.0086    tailpercentage@10 : 0.0
Wed 15 May 2024 11:00:16 INFO  Saving current: saved/mind/BPR/BPR-May-15-2024_10-32-53.pth
Wed 15 May 2024 11:00:18 INFO  epoch 27 training [time: 2.45s, train loss: 11.9320]
Wed 15 May 2024 11:01:16 INFO  epoch 27 evaluating [time: 58.29s, valid_score: 0.522700]
Wed 15 May 2024 11:01:16 INFO  valid result: 
recall@10 : 0.5627    mrr@10 : 0.5227    ndcg@10 : 0.4451    hit@10 : 0.8441    map@10 : 0.3303    precision@10 : 0.1695    gauc : 0.9862    itemcoverage@10 : 0.123    averagepopularity@10 : 5881.9193    giniindex@10 : 0.9803    shannonentropy@10 : 0.0087    tailpercentage@10 : 0.0
Wed 15 May 2024 11:01:16 INFO  Saving current: saved/mind/BPR/BPR-May-15-2024_10-32-53.pth
Wed 15 May 2024 11:01:19 INFO  epoch 28 training [time: 2.55s, train loss: 11.8533]
Wed 15 May 2024 11:02:17 INFO  epoch 28 evaluating [time: 58.11s, valid_score: 0.521100]
Wed 15 May 2024 11:02:17 INFO  valid result: 
recall@10 : 0.5646    mrr@10 : 0.5211    ndcg@10 : 0.4456    hit@10 : 0.8458    map@10 : 0.3305    precision@10 : 0.1702    gauc : 0.9864    itemcoverage@10 : 0.1259    averagepopularity@10 : 5792.7554    giniindex@10 : 0.9794    shannonentropy@10 : 0.0086    tailpercentage@10 : 0.0
Wed 15 May 2024 11:02:20 INFO  epoch 29 training [time: 2.53s, train loss: 11.5760]
Wed 15 May 2024 11:03:18 INFO  epoch 29 evaluating [time: 58.36s, valid_score: 0.521100]
Wed 15 May 2024 11:03:18 INFO  valid result: 
recall@10 : 0.5695    mrr@10 : 0.5211    ndcg@10 : 0.4473    hit@10 : 0.8497    map@10 : 0.331    precision@10 : 0.1714    gauc : 0.9866    itemcoverage@10 : 0.1307    averagepopularity@10 : 5790.4497    giniindex@10 : 0.9792    shannonentropy@10 : 0.0083    tailpercentage@10 : 0.0
Wed 15 May 2024 11:03:20 INFO  epoch 30 training [time: 2.59s, train loss: 11.2399]
Wed 15 May 2024 11:04:19 INFO  epoch 30 evaluating [time: 58.15s, valid_score: 0.524700]
Wed 15 May 2024 11:04:19 INFO  valid result: 
recall@10 : 0.573    mrr@10 : 0.5247    ndcg@10 : 0.451    hit@10 : 0.8525    map@10 : 0.3347    precision@10 : 0.1725    gauc : 0.9868    itemcoverage@10 : 0.1334    averagepopularity@10 : 5751.6111    giniindex@10 : 0.9787    shannonentropy@10 : 0.0082    tailpercentage@10 : 0.0
Wed 15 May 2024 11:04:19 INFO  Saving current: saved/mind/BPR/BPR-May-15-2024_10-32-53.pth
Wed 15 May 2024 11:04:21 INFO  epoch 31 training [time: 2.62s, train loss: 10.7768]
Wed 15 May 2024 11:05:20 INFO  epoch 31 evaluating [time: 58.47s, valid_score: 0.524800]
Wed 15 May 2024 11:05:20 INFO  valid result: 
recall@10 : 0.5727    mrr@10 : 0.5248    ndcg@10 : 0.4515    hit@10 : 0.8518    map@10 : 0.3354    precision@10 : 0.1733    gauc : 0.987    itemcoverage@10 : 0.1361    averagepopularity@10 : 5766.7969    giniindex@10 : 0.9785    shannonentropy@10 : 0.008    tailpercentage@10 : 0.0
Wed 15 May 2024 11:05:20 INFO  Saving current: saved/mind/BPR/BPR-May-15-2024_10-32-53.pth
Wed 15 May 2024 11:05:23 INFO  epoch 32 training [time: 2.59s, train loss: 10.5835]
Wed 15 May 2024 11:06:21 INFO  epoch 32 evaluating [time: 58.27s, valid_score: 0.527900]
Wed 15 May 2024 11:06:21 INFO  valid result: 
recall@10 : 0.5746    mrr@10 : 0.5279    ndcg@10 : 0.4541    hit@10 : 0.8533    map@10 : 0.3381    precision@10 : 0.1733    gauc : 0.9872    itemcoverage@10 : 0.14    averagepopularity@10 : 5694.0718    giniindex@10 : 0.9781    shannonentropy@10 : 0.0078    tailpercentage@10 : 0.0
Wed 15 May 2024 11:06:21 INFO  Saving current: saved/mind/BPR/BPR-May-15-2024_10-32-53.pth
Wed 15 May 2024 11:06:24 INFO  epoch 33 training [time: 2.59s, train loss: 10.2714]
Wed 15 May 2024 11:07:22 INFO  epoch 33 evaluating [time: 58.31s, valid_score: 0.527900]
Wed 15 May 2024 11:07:22 INFO  valid result: 
recall@10 : 0.5785    mrr@10 : 0.5279    ndcg@10 : 0.456    hit@10 : 0.8576    map@10 : 0.3395    precision@10 : 0.1742    gauc : 0.9874    itemcoverage@10 : 0.1447    averagepopularity@10 : 5694.9482    giniindex@10 : 0.9777    shannonentropy@10 : 0.0076    tailpercentage@10 : 0.0
Wed 15 May 2024 11:07:22 INFO  Saving current: saved/mind/BPR/BPR-May-15-2024_10-32-53.pth
Wed 15 May 2024 11:07:25 INFO  epoch 34 training [time: 2.60s, train loss: 10.0100]
Wed 15 May 2024 11:08:23 INFO  epoch 34 evaluating [time: 58.01s, valid_score: 0.533400]
Wed 15 May 2024 11:08:23 INFO  valid result: 
recall@10 : 0.5783    mrr@10 : 0.5334    ndcg@10 : 0.4591    hit@10 : 0.8569    map@10 : 0.3433    precision@10 : 0.1745    gauc : 0.9875    itemcoverage@10 : 0.1472    averagepopularity@10 : 5712.3139    giniindex@10 : 0.9774    shannonentropy@10 : 0.0075    tailpercentage@10 : 0.0
Wed 15 May 2024 11:08:23 INFO  Saving current: saved/mind/BPR/BPR-May-15-2024_10-32-53.pth
Wed 15 May 2024 11:08:25 INFO  epoch 35 training [time: 2.48s, train loss: 9.7920]
Wed 15 May 2024 11:09:24 INFO  epoch 35 evaluating [time: 58.58s, valid_score: 0.531200]
Wed 15 May 2024 11:09:24 INFO  valid result: 
recall@10 : 0.5824    mrr@10 : 0.5312    ndcg@10 : 0.4588    hit@10 : 0.8605    map@10 : 0.3416    precision@10 : 0.1753    gauc : 0.9877    itemcoverage@10 : 0.152    averagepopularity@10 : 5672.6608    giniindex@10 : 0.9773    shannonentropy@10 : 0.0072    tailpercentage@10 : 0.0
Wed 15 May 2024 11:09:26 INFO  epoch 36 training [time: 2.60s, train loss: 9.4249]
Wed 15 May 2024 11:10:25 INFO  epoch 36 evaluating [time: 58.85s, valid_score: 0.533600]
Wed 15 May 2024 11:10:25 INFO  valid result: 
recall@10 : 0.5835    mrr@10 : 0.5336    ndcg@10 : 0.4609    hit@10 : 0.8611    map@10 : 0.3441    precision@10 : 0.1753    gauc : 0.9878    itemcoverage@10 : 0.157    averagepopularity@10 : 5629.9243    giniindex@10 : 0.9769    shannonentropy@10 : 0.007    tailpercentage@10 : 0.0
Wed 15 May 2024 11:10:25 INFO  Saving current: saved/mind/BPR/BPR-May-15-2024_10-32-53.pth
Wed 15 May 2024 11:10:28 INFO  epoch 37 training [time: 2.58s, train loss: 9.2314]
Wed 15 May 2024 11:11:26 INFO  epoch 37 evaluating [time: 58.48s, valid_score: 0.536200]
Wed 15 May 2024 11:11:26 INFO  valid result: 
recall@10 : 0.584    mrr@10 : 0.5362    ndcg@10 : 0.4632    hit@10 : 0.8616    map@10 : 0.3468    precision@10 : 0.1762    gauc : 0.988    itemcoverage@10 : 0.1556    averagepopularity@10 : 5644.4449    giniindex@10 : 0.9769    shannonentropy@10 : 0.0071    tailpercentage@10 : 0.0
Wed 15 May 2024 11:11:26 INFO  Saving current: saved/mind/BPR/BPR-May-15-2024_10-32-53.pth
Wed 15 May 2024 11:11:29 INFO  epoch 38 training [time: 2.25s, train loss: 9.0670]
Wed 15 May 2024 11:12:27 INFO  epoch 38 evaluating [time: 58.39s, valid_score: 0.534800]
Wed 15 May 2024 11:12:27 INFO  valid result: 
recall@10 : 0.5843    mrr@10 : 0.5348    ndcg@10 : 0.4628    hit@10 : 0.8623    map@10 : 0.3461    precision@10 : 0.1766    gauc : 0.9881    itemcoverage@10 : 0.1576    averagepopularity@10 : 5636.0263    giniindex@10 : 0.9766    shannonentropy@10 : 0.007    tailpercentage@10 : 0.0
Wed 15 May 2024 11:12:30 INFO  epoch 39 training [time: 2.58s, train loss: 8.8435]
Wed 15 May 2024 11:13:28 INFO  epoch 39 evaluating [time: 58.43s, valid_score: 0.536000]
Wed 15 May 2024 11:13:28 INFO  valid result: 
recall@10 : 0.5865    mrr@10 : 0.536    ndcg@10 : 0.465    hit@10 : 0.8649    map@10 : 0.3483    precision@10 : 0.1771    gauc : 0.9882    itemcoverage@10 : 0.1592    averagepopularity@10 : 5597.3973    giniindex@10 : 0.9761    shannonentropy@10 : 0.007    tailpercentage@10 : 0.0
Wed 15 May 2024 11:13:31 INFO  epoch 40 training [time: 2.58s, train loss: 8.7553]
Wed 15 May 2024 11:14:29 INFO  epoch 40 evaluating [time: 58.67s, valid_score: 0.532900]
Wed 15 May 2024 11:14:29 INFO  valid result: 
recall@10 : 0.5888    mrr@10 : 0.5329    ndcg@10 : 0.4631    hit@10 : 0.8662    map@10 : 0.3451    precision@10 : 0.1776    gauc : 0.9883    itemcoverage@10 : 0.1617    averagepopularity@10 : 5524.2141    giniindex@10 : 0.9753    shannonentropy@10 : 0.0069    tailpercentage@10 : 0.0
Wed 15 May 2024 11:14:32 INFO  epoch 41 training [time: 2.43s, train loss: 8.4671]
Wed 15 May 2024 11:15:30 INFO  epoch 41 evaluating [time: 58.73s, valid_score: 0.541000]
Wed 15 May 2024 11:15:30 INFO  valid result: 
recall@10 : 0.5932    mrr@10 : 0.541    ndcg@10 : 0.4702    hit@10 : 0.8691    map@10 : 0.353    precision@10 : 0.1787    gauc : 0.9885    itemcoverage@10 : 0.164    averagepopularity@10 : 5523.127    giniindex@10 : 0.9751    shannonentropy@10 : 0.0068    tailpercentage@10 : 0.0
Wed 15 May 2024 11:15:31 INFO  Saving current: saved/mind/BPR/BPR-May-15-2024_10-32-53.pth
Wed 15 May 2024 11:15:33 INFO  epoch 42 training [time: 2.52s, train loss: 8.1469]
Wed 15 May 2024 11:16:32 INFO  epoch 42 evaluating [time: 58.45s, valid_score: 0.540900]
Wed 15 May 2024 11:16:32 INFO  valid result: 
recall@10 : 0.5925    mrr@10 : 0.5409    ndcg@10 : 0.4703    hit@10 : 0.8682    map@10 : 0.3533    precision@10 : 0.1786    gauc : 0.9886    itemcoverage@10 : 0.1676    averagepopularity@10 : 5516.5967    giniindex@10 : 0.9749    shannonentropy@10 : 0.0067    tailpercentage@10 : 0.0
Wed 15 May 2024 11:16:34 INFO  epoch 43 training [time: 2.60s, train loss: 8.0758]
Wed 15 May 2024 11:17:32 INFO  epoch 43 evaluating [time: 58.15s, valid_score: 0.545100]
Wed 15 May 2024 11:17:32 INFO  valid result: 
recall@10 : 0.5969    mrr@10 : 0.5451    ndcg@10 : 0.4746    hit@10 : 0.8726    map@10 : 0.3577    precision@10 : 0.1794    gauc : 0.9887    itemcoverage@10 : 0.1706    averagepopularity@10 : 5517.5534    giniindex@10 : 0.9747    shannonentropy@10 : 0.0066    tailpercentage@10 : 0.0
Wed 15 May 2024 11:17:32 INFO  Saving current: saved/mind/BPR/BPR-May-15-2024_10-32-53.pth
Wed 15 May 2024 11:17:34 INFO  epoch 44 training [time: 1.97s, train loss: 7.9842]
Wed 15 May 2024 11:18:33 INFO  epoch 44 evaluating [time: 58.26s, valid_score: 0.546100]
Wed 15 May 2024 11:18:33 INFO  valid result: 
recall@10 : 0.5959    mrr@10 : 0.5461    ndcg@10 : 0.4748    hit@10 : 0.8712    map@10 : 0.3579    precision@10 : 0.1797    gauc : 0.9888    itemcoverage@10 : 0.1751    averagepopularity@10 : 5508.2861    giniindex@10 : 0.9747    shannonentropy@10 : 0.0064    tailpercentage@10 : 0.0
Wed 15 May 2024 11:18:33 INFO  Saving current: saved/mind/BPR/BPR-May-15-2024_10-32-53.pth
Wed 15 May 2024 11:18:35 INFO  epoch 45 training [time: 2.21s, train loss: 7.9293]
Wed 15 May 2024 11:19:33 INFO  epoch 45 evaluating [time: 58.25s, valid_score: 0.544200]
Wed 15 May 2024 11:19:33 INFO  valid result: 
recall@10 : 0.5985    mrr@10 : 0.5442    ndcg@10 : 0.4747    hit@10 : 0.8726    map@10 : 0.3571    precision@10 : 0.1799    gauc : 0.9889    itemcoverage@10 : 0.178    averagepopularity@10 : 5473.6947    giniindex@10 : 0.974    shannonentropy@10 : 0.0063    tailpercentage@10 : 0.0
Wed 15 May 2024 11:19:36 INFO  epoch 46 training [time: 2.49s, train loss: 7.6592]
Wed 15 May 2024 11:20:34 INFO  epoch 46 evaluating [time: 58.80s, valid_score: 0.544600]
Wed 15 May 2024 11:20:34 INFO  valid result: 
recall@10 : 0.601    mrr@10 : 0.5446    ndcg@10 : 0.4762    hit@10 : 0.8739    map@10 : 0.3582    precision@10 : 0.181    gauc : 0.989    itemcoverage@10 : 0.1821    averagepopularity@10 : 5453.0441    giniindex@10 : 0.9737    shannonentropy@10 : 0.0062    tailpercentage@10 : 0.0
Wed 15 May 2024 11:20:37 INFO  epoch 47 training [time: 2.58s, train loss: 7.4563]
Wed 15 May 2024 11:21:36 INFO  epoch 47 evaluating [time: 58.54s, valid_score: 0.542200]
Wed 15 May 2024 11:21:36 INFO  valid result: 
recall@10 : 0.6006    mrr@10 : 0.5422    ndcg@10 : 0.4743    hit@10 : 0.8747    map@10 : 0.356    precision@10 : 0.1806    gauc : 0.989    itemcoverage@10 : 0.1848    averagepopularity@10 : 5420.0724    giniindex@10 : 0.9737    shannonentropy@10 : 0.0061    tailpercentage@10 : 0.0
Wed 15 May 2024 11:21:38 INFO  epoch 48 training [time: 2.59s, train loss: 7.4041]
Wed 15 May 2024 11:22:37 INFO  epoch 48 evaluating [time: 59.13s, valid_score: 0.539700]
Wed 15 May 2024 11:22:37 INFO  valid result: 
recall@10 : 0.6016    mrr@10 : 0.5397    ndcg@10 : 0.4738    hit@10 : 0.8748    map@10 : 0.3553    precision@10 : 0.1814    gauc : 0.9891    itemcoverage@10 : 0.1866    averagepopularity@10 : 5396.7985    giniindex@10 : 0.9735    shannonentropy@10 : 0.0061    tailpercentage@10 : 0.0
Wed 15 May 2024 11:22:40 INFO  epoch 49 training [time: 2.61s, train loss: 7.3478]
Wed 15 May 2024 11:23:39 INFO  epoch 49 evaluating [time: 58.98s, valid_score: 0.546200]
Wed 15 May 2024 11:23:39 INFO  valid result: 
recall@10 : 0.6025    mrr@10 : 0.5462    ndcg@10 : 0.4784    hit@10 : 0.8758    map@10 : 0.3608    precision@10 : 0.1815    gauc : 0.9892    itemcoverage@10 : 0.1923    averagepopularity@10 : 5402.0277    giniindex@10 : 0.9731    shannonentropy@10 : 0.0059    tailpercentage@10 : 0.0
Wed 15 May 2024 11:23:39 INFO  Saving current: saved/mind/BPR/BPR-May-15-2024_10-32-53.pth
Wed 15 May 2024 11:23:42 INFO  epoch 50 training [time: 2.61s, train loss: 7.1615]
Wed 15 May 2024 11:24:40 INFO  epoch 50 evaluating [time: 58.55s, valid_score: 0.546200]
Wed 15 May 2024 11:24:40 INFO  valid result: 
recall@10 : 0.6029    mrr@10 : 0.5462    ndcg@10 : 0.4777    hit@10 : 0.8752    map@10 : 0.3594    precision@10 : 0.1814    gauc : 0.9892    itemcoverage@10 : 0.1921    averagepopularity@10 : 5406.1904    giniindex@10 : 0.9729    shannonentropy@10 : 0.0059    tailpercentage@10 : 0.0
Wed 15 May 2024 11:24:40 INFO  Saving current: saved/mind/BPR/BPR-May-15-2024_10-32-53.pth
Wed 15 May 2024 11:24:43 INFO  epoch 51 training [time: 2.35s, train loss: 7.1318]
Wed 15 May 2024 11:25:41 INFO  epoch 51 evaluating [time: 58.65s, valid_score: 0.546000]
Wed 15 May 2024 11:25:41 INFO  valid result: 
recall@10 : 0.605    mrr@10 : 0.546    ndcg@10 : 0.4789    hit@10 : 0.8767    map@10 : 0.3606    precision@10 : 0.1823    gauc : 0.9893    itemcoverage@10 : 0.1934    averagepopularity@10 : 5391.0102    giniindex@10 : 0.9725    shannonentropy@10 : 0.0059    tailpercentage@10 : 0.0
Wed 15 May 2024 11:25:44 INFO  epoch 52 training [time: 2.59s, train loss: 6.9129]
Wed 15 May 2024 11:26:43 INFO  epoch 52 evaluating [time: 59.15s, valid_score: 0.547300]
Wed 15 May 2024 11:26:43 INFO  valid result: 
recall@10 : 0.6059    mrr@10 : 0.5473    ndcg@10 : 0.4801    hit@10 : 0.8764    map@10 : 0.3618    precision@10 : 0.1829    gauc : 0.9894    itemcoverage@10 : 0.1959    averagepopularity@10 : 5383.1874    giniindex@10 : 0.9724    shannonentropy@10 : 0.0058    tailpercentage@10 : 0.0
Wed 15 May 2024 11:26:43 INFO  Saving current: saved/mind/BPR/BPR-May-15-2024_10-32-53.pth
Wed 15 May 2024 11:26:46 INFO  epoch 53 training [time: 2.59s, train loss: 6.8785]
Wed 15 May 2024 11:27:45 INFO  epoch 53 evaluating [time: 58.86s, valid_score: 0.547200]
Wed 15 May 2024 11:27:45 INFO  valid result: 
recall@10 : 0.606    mrr@10 : 0.5472    ndcg@10 : 0.4791    hit@10 : 0.8779    map@10 : 0.36    precision@10 : 0.1828    gauc : 0.9894    itemcoverage@10 : 0.198    averagepopularity@10 : 5366.3279    giniindex@10 : 0.9721    shannonentropy@10 : 0.0058    tailpercentage@10 : 0.0
Wed 15 May 2024 11:27:47 INFO  epoch 54 training [time: 2.33s, train loss: 6.7067]
Wed 15 May 2024 11:28:45 INFO  epoch 54 evaluating [time: 58.10s, valid_score: 0.548300]
Wed 15 May 2024 11:28:45 INFO  valid result: 
recall@10 : 0.6078    mrr@10 : 0.5483    ndcg@10 : 0.4811    hit@10 : 0.8787    map@10 : 0.3624    precision@10 : 0.1828    gauc : 0.9895    itemcoverage@10 : 0.2016    averagepopularity@10 : 5313.3267    giniindex@10 : 0.9717    shannonentropy@10 : 0.0057    tailpercentage@10 : 0.0
Wed 15 May 2024 11:28:45 INFO  Saving current: saved/mind/BPR/BPR-May-15-2024_10-32-53.pth
Wed 15 May 2024 11:28:48 INFO  epoch 55 training [time: 2.60s, train loss: 6.6381]
Wed 15 May 2024 11:29:46 INFO  epoch 55 evaluating [time: 58.49s, valid_score: 0.545800]
Wed 15 May 2024 11:29:46 INFO  valid result: 
recall@10 : 0.6086    mrr@10 : 0.5458    ndcg@10 : 0.4801    hit@10 : 0.8788    map@10 : 0.3609    precision@10 : 0.1834    gauc : 0.9895    itemcoverage@10 : 0.2005    averagepopularity@10 : 5347.9486    giniindex@10 : 0.9718    shannonentropy@10 : 0.0057    tailpercentage@10 : 0.0
Wed 15 May 2024 11:29:48 INFO  epoch 56 training [time: 2.23s, train loss: 6.4971]
Wed 15 May 2024 11:30:47 INFO  epoch 56 evaluating [time: 58.46s, valid_score: 0.549000]
Wed 15 May 2024 11:30:47 INFO  valid result: 
recall@10 : 0.6085    mrr@10 : 0.549    ndcg@10 : 0.4818    hit@10 : 0.8791    map@10 : 0.363    precision@10 : 0.1832    gauc : 0.9896    itemcoverage@10 : 0.2052    averagepopularity@10 : 5306.3579    giniindex@10 : 0.9714    shannonentropy@10 : 0.0056    tailpercentage@10 : 0.0
Wed 15 May 2024 11:30:47 INFO  Saving current: saved/mind/BPR/BPR-May-15-2024_10-32-53.pth
Wed 15 May 2024 11:30:49 INFO  epoch 57 training [time: 2.29s, train loss: 6.3359]
Wed 15 May 2024 11:31:48 INFO  epoch 57 evaluating [time: 58.99s, valid_score: 0.549200]
Wed 15 May 2024 11:31:48 INFO  valid result: 
recall@10 : 0.6096    mrr@10 : 0.5492    ndcg@10 : 0.483    hit@10 : 0.8799    map@10 : 0.3644    precision@10 : 0.1835    gauc : 0.9896    itemcoverage@10 : 0.2077    averagepopularity@10 : 5265.4643    giniindex@10 : 0.9713    shannonentropy@10 : 0.0055    tailpercentage@10 : 0.0
Wed 15 May 2024 11:31:48 INFO  Saving current: saved/mind/BPR/BPR-May-15-2024_10-32-53.pth
Wed 15 May 2024 11:31:51 INFO  epoch 58 training [time: 2.60s, train loss: 6.2858]
Wed 15 May 2024 11:32:50 INFO  epoch 58 evaluating [time: 59.03s, valid_score: 0.553300]
Wed 15 May 2024 11:32:50 INFO  valid result: 
recall@10 : 0.6111    mrr@10 : 0.5533    ndcg@10 : 0.4856    hit@10 : 0.8806    map@10 : 0.367    precision@10 : 0.1842    gauc : 0.9897    itemcoverage@10 : 0.2113    averagepopularity@10 : 5248.4234    giniindex@10 : 0.971    shannonentropy@10 : 0.0055    tailpercentage@10 : 0.0
Wed 15 May 2024 11:32:50 INFO  Saving current: saved/mind/BPR/BPR-May-15-2024_10-32-53.pth
Wed 15 May 2024 11:32:52 INFO  epoch 59 training [time: 2.20s, train loss: 6.3074]
Wed 15 May 2024 11:33:51 INFO  epoch 59 evaluating [time: 58.28s, valid_score: 0.549700]
Wed 15 May 2024 11:33:51 INFO  valid result: 
recall@10 : 0.6111    mrr@10 : 0.5497    ndcg@10 : 0.4832    hit@10 : 0.8804    map@10 : 0.3641    precision@10 : 0.184    gauc : 0.9897    itemcoverage@10 : 0.2154    averagepopularity@10 : 5250.4964    giniindex@10 : 0.9705    shannonentropy@10 : 0.0054    tailpercentage@10 : 0.0
Wed 15 May 2024 11:33:53 INFO  epoch 60 training [time: 2.58s, train loss: 6.1115]
Wed 15 May 2024 11:34:52 INFO  epoch 60 evaluating [time: 58.51s, valid_score: 0.553300]
Wed 15 May 2024 11:34:52 INFO  valid result: 
recall@10 : 0.6146    mrr@10 : 0.5533    ndcg@10 : 0.4869    hit@10 : 0.8834    map@10 : 0.3678    precision@10 : 0.1849    gauc : 0.9898    itemcoverage@10 : 0.2161    averagepopularity@10 : 5235.5537    giniindex@10 : 0.9706    shannonentropy@10 : 0.0054    tailpercentage@10 : 0.0
Wed 15 May 2024 11:34:52 INFO  Saving current: saved/mind/BPR/BPR-May-15-2024_10-32-53.pth
Wed 15 May 2024 11:34:54 INFO  epoch 61 training [time: 2.58s, train loss: 6.1755]
Wed 15 May 2024 11:35:53 INFO  epoch 61 evaluating [time: 58.93s, valid_score: 0.554200]
Wed 15 May 2024 11:35:53 INFO  valid result: 
recall@10 : 0.6151    mrr@10 : 0.5542    ndcg@10 : 0.4872    hit@10 : 0.8844    map@10 : 0.3678    precision@10 : 0.1853    gauc : 0.9898    itemcoverage@10 : 0.2163    averagepopularity@10 : 5244.8292    giniindex@10 : 0.9702    shannonentropy@10 : 0.0054    tailpercentage@10 : 0.0
Wed 15 May 2024 11:35:53 INFO  Saving current: saved/mind/BPR/BPR-May-15-2024_10-32-53.pth
Wed 15 May 2024 11:35:56 INFO  epoch 62 training [time: 2.58s, train loss: 6.0716]
Wed 15 May 2024 11:36:55 INFO  epoch 62 evaluating [time: 58.80s, valid_score: 0.547400]
Wed 15 May 2024 11:36:55 INFO  valid result: 
recall@10 : 0.6147    mrr@10 : 0.5474    ndcg@10 : 0.4827    hit@10 : 0.8824    map@10 : 0.3621    precision@10 : 0.1856    gauc : 0.9898    itemcoverage@10 : 0.222    averagepopularity@10 : 5226.0662    giniindex@10 : 0.9699    shannonentropy@10 : 0.0052    tailpercentage@10 : 0.0
Wed 15 May 2024 11:36:57 INFO  epoch 63 training [time: 2.48s, train loss: 5.9856]
Wed 15 May 2024 11:37:56 INFO  epoch 63 evaluating [time: 58.70s, valid_score: 0.551900]
Wed 15 May 2024 11:37:56 INFO  valid result: 
recall@10 : 0.6164    mrr@10 : 0.5519    ndcg@10 : 0.4863    hit@10 : 0.885    map@10 : 0.3662    precision@10 : 0.1859    gauc : 0.9899    itemcoverage@10 : 0.227    averagepopularity@10 : 5231.3712    giniindex@10 : 0.97    shannonentropy@10 : 0.0051    tailpercentage@10 : 0.0
Wed 15 May 2024 11:37:58 INFO  epoch 64 training [time: 2.25s, train loss: 5.8535]
Wed 15 May 2024 11:38:57 INFO  epoch 64 evaluating [time: 58.68s, valid_score: 0.550800]
Wed 15 May 2024 11:38:57 INFO  valid result: 
recall@10 : 0.6149    mrr@10 : 0.5508    ndcg@10 : 0.4855    hit@10 : 0.8841    map@10 : 0.3659    precision@10 : 0.1854    gauc : 0.9899    itemcoverage@10 : 0.227    averagepopularity@10 : 5239.6407    giniindex@10 : 0.9698    shannonentropy@10 : 0.0051    tailpercentage@10 : 0.0
Wed 15 May 2024 11:39:00 INFO  epoch 65 training [time: 2.61s, train loss: 5.9133]
Wed 15 May 2024 11:39:58 INFO  epoch 65 evaluating [time: 58.80s, valid_score: 0.554800]
Wed 15 May 2024 11:39:58 INFO  valid result: 
recall@10 : 0.6166    mrr@10 : 0.5548    ndcg@10 : 0.4891    hit@10 : 0.8856    map@10 : 0.3701    precision@10 : 0.1858    gauc : 0.9899    itemcoverage@10 : 0.2288    averagepopularity@10 : 5226.8088    giniindex@10 : 0.9694    shannonentropy@10 : 0.0051    tailpercentage@10 : 0.0
Wed 15 May 2024 11:39:58 INFO  Saving current: saved/mind/BPR/BPR-May-15-2024_10-32-53.pth
Wed 15 May 2024 11:40:01 INFO  epoch 66 training [time: 2.60s, train loss: 5.8527]
Wed 15 May 2024 11:41:00 INFO  epoch 66 evaluating [time: 58.62s, valid_score: 0.556500]
Wed 15 May 2024 11:41:00 INFO  valid result: 
recall@10 : 0.6182    mrr@10 : 0.5565    ndcg@10 : 0.4904    hit@10 : 0.8869    map@10 : 0.3709    precision@10 : 0.1863    gauc : 0.99    itemcoverage@10 : 0.2288    averagepopularity@10 : 5217.0427    giniindex@10 : 0.9694    shannonentropy@10 : 0.0051    tailpercentage@10 : 0.0
Wed 15 May 2024 11:41:00 INFO  Saving current: saved/mind/BPR/BPR-May-15-2024_10-32-53.pth
Wed 15 May 2024 11:41:02 INFO  epoch 67 training [time: 2.60s, train loss: 5.7208]
Wed 15 May 2024 11:42:01 INFO  epoch 67 evaluating [time: 58.59s, valid_score: 0.551600]
Wed 15 May 2024 11:42:01 INFO  valid result: 
recall@10 : 0.6176    mrr@10 : 0.5516    ndcg@10 : 0.4864    hit@10 : 0.8865    map@10 : 0.366    precision@10 : 0.1862    gauc : 0.99    itemcoverage@10 : 0.2328    averagepopularity@10 : 5217.1581    giniindex@10 : 0.9692    shannonentropy@10 : 0.005    tailpercentage@10 : 0.0
Wed 15 May 2024 11:42:04 INFO  epoch 68 training [time: 2.59s, train loss: 5.6462]
Wed 15 May 2024 11:43:02 INFO  epoch 68 evaluating [time: 58.80s, valid_score: 0.555400]
Wed 15 May 2024 11:43:02 INFO  valid result: 
recall@10 : 0.6193    mrr@10 : 0.5554    ndcg@10 : 0.4897    hit@10 : 0.8877    map@10 : 0.3695    precision@10 : 0.1865    gauc : 0.99    itemcoverage@10 : 0.2367    averagepopularity@10 : 5158.1213    giniindex@10 : 0.9688    shannonentropy@10 : 0.0049    tailpercentage@10 : 0.0
Wed 15 May 2024 11:43:05 INFO  epoch 69 training [time: 2.63s, train loss: 5.6489]
Wed 15 May 2024 11:44:04 INFO  epoch 69 evaluating [time: 59.17s, valid_score: 0.557000]
Wed 15 May 2024 11:44:04 INFO  valid result: 
recall@10 : 0.6212    mrr@10 : 0.557    ndcg@10 : 0.4918    hit@10 : 0.8891    map@10 : 0.3717    precision@10 : 0.1873    gauc : 0.9901    itemcoverage@10 : 0.2392    averagepopularity@10 : 5182.4574    giniindex@10 : 0.969    shannonentropy@10 : 0.0049    tailpercentage@10 : 0.0
Wed 15 May 2024 11:44:04 INFO  Saving current: saved/mind/BPR/BPR-May-15-2024_10-32-53.pth
Wed 15 May 2024 11:44:07 INFO  epoch 70 training [time: 2.61s, train loss: 5.5853]
Wed 15 May 2024 11:45:05 INFO  epoch 70 evaluating [time: 58.30s, valid_score: 0.556300]
Wed 15 May 2024 11:45:05 INFO  valid result: 
recall@10 : 0.6201    mrr@10 : 0.5563    ndcg@10 : 0.4912    hit@10 : 0.8893    map@10 : 0.3714    precision@10 : 0.1866    gauc : 0.9901    itemcoverage@10 : 0.2381    averagepopularity@10 : 5128.3643    giniindex@10 : 0.9683    shannonentropy@10 : 0.0049    tailpercentage@10 : 0.0
Wed 15 May 2024 11:45:08 INFO  epoch 71 training [time: 2.60s, train loss: 5.5475]
Wed 15 May 2024 11:46:06 INFO  epoch 71 evaluating [time: 58.54s, valid_score: 0.559700]
Wed 15 May 2024 11:46:06 INFO  valid result: 
recall@10 : 0.6213    mrr@10 : 0.5597    ndcg@10 : 0.4936    hit@10 : 0.8902    map@10 : 0.3738    precision@10 : 0.187    gauc : 0.9901    itemcoverage@10 : 0.2424    averagepopularity@10 : 5132.438    giniindex@10 : 0.9684    shannonentropy@10 : 0.0048    tailpercentage@10 : 0.0
Wed 15 May 2024 11:46:06 INFO  Saving current: saved/mind/BPR/BPR-May-15-2024_10-32-53.pth
Wed 15 May 2024 11:46:09 INFO  epoch 72 training [time: 2.61s, train loss: 5.4549]
Wed 15 May 2024 11:47:07 INFO  epoch 72 evaluating [time: 58.38s, valid_score: 0.558700]
Wed 15 May 2024 11:47:07 INFO  valid result: 
recall@10 : 0.6212    mrr@10 : 0.5587    ndcg@10 : 0.4931    hit@10 : 0.8902    map@10 : 0.3734    precision@10 : 0.187    gauc : 0.9901    itemcoverage@10 : 0.2455    averagepopularity@10 : 5131.494    giniindex@10 : 0.9681    shannonentropy@10 : 0.0048    tailpercentage@10 : 0.0
Wed 15 May 2024 11:47:10 INFO  epoch 73 training [time: 2.59s, train loss: 5.4689]
Wed 15 May 2024 11:48:09 INFO  epoch 73 evaluating [time: 58.77s, valid_score: 0.558800]
Wed 15 May 2024 11:48:09 INFO  valid result: 
recall@10 : 0.6211    mrr@10 : 0.5588    ndcg@10 : 0.4933    hit@10 : 0.8896    map@10 : 0.3738    precision@10 : 0.187    gauc : 0.9902    itemcoverage@10 : 0.2464    averagepopularity@10 : 5142.263    giniindex@10 : 0.968    shannonentropy@10 : 0.0048    tailpercentage@10 : 0.0
Wed 15 May 2024 11:48:11 INFO  epoch 74 training [time: 2.57s, train loss: 5.3611]
Wed 15 May 2024 11:49:09 INFO  epoch 74 evaluating [time: 58.00s, valid_score: 0.560500]
Wed 15 May 2024 11:49:09 INFO  valid result: 
recall@10 : 0.6235    mrr@10 : 0.5605    ndcg@10 : 0.4957    hit@10 : 0.891    map@10 : 0.3763    precision@10 : 0.1876    gauc : 0.9902    itemcoverage@10 : 0.2437    averagepopularity@10 : 5122.7249    giniindex@10 : 0.9681    shannonentropy@10 : 0.0048    tailpercentage@10 : 0.0
Wed 15 May 2024 11:49:10 INFO  Saving current: saved/mind/BPR/BPR-May-15-2024_10-32-53.pth
Wed 15 May 2024 11:49:12 INFO  epoch 75 training [time: 2.60s, train loss: 5.2572]
Wed 15 May 2024 11:50:10 INFO  epoch 75 evaluating [time: 58.23s, valid_score: 0.559000]
Wed 15 May 2024 11:50:10 INFO  valid result: 
recall@10 : 0.6232    mrr@10 : 0.559    ndcg@10 : 0.4945    hit@10 : 0.89    map@10 : 0.3746    precision@10 : 0.188    gauc : 0.9902    itemcoverage@10 : 0.2455    averagepopularity@10 : 5137.2099    giniindex@10 : 0.968    shannonentropy@10 : 0.0048    tailpercentage@10 : 0.0
Wed 15 May 2024 11:50:12 INFO  epoch 76 training [time: 2.06s, train loss: 5.2987]
Wed 15 May 2024 11:51:11 INFO  epoch 76 evaluating [time: 58.57s, valid_score: 0.560600]
Wed 15 May 2024 11:51:11 INFO  valid result: 
recall@10 : 0.6249    mrr@10 : 0.5606    ndcg@10 : 0.4965    hit@10 : 0.8915    map@10 : 0.3767    precision@10 : 0.1883    gauc : 0.9903    itemcoverage@10 : 0.2485    averagepopularity@10 : 5144.7041    giniindex@10 : 0.9678    shannonentropy@10 : 0.0047    tailpercentage@10 : 0.0
Wed 15 May 2024 11:51:11 INFO  Saving current: saved/mind/BPR/BPR-May-15-2024_10-32-53.pth
Wed 15 May 2024 11:51:14 INFO  epoch 77 training [time: 2.59s, train loss: 5.3165]
Wed 15 May 2024 11:52:12 INFO  epoch 77 evaluating [time: 58.43s, valid_score: 0.563600]
Wed 15 May 2024 11:52:12 INFO  valid result: 
recall@10 : 0.6255    mrr@10 : 0.5636    ndcg@10 : 0.498    hit@10 : 0.8924    map@10 : 0.3783    precision@10 : 0.1881    gauc : 0.9903    itemcoverage@10 : 0.2512    averagepopularity@10 : 5142.2111    giniindex@10 : 0.9674    shannonentropy@10 : 0.0047    tailpercentage@10 : 0.0
Wed 15 May 2024 11:52:12 INFO  Saving current: saved/mind/BPR/BPR-May-15-2024_10-32-53.pth
Wed 15 May 2024 11:52:15 INFO  epoch 78 training [time: 2.32s, train loss: 5.1364]
Wed 15 May 2024 11:53:13 INFO  epoch 78 evaluating [time: 58.04s, valid_score: 0.560300]
Wed 15 May 2024 11:53:13 INFO  valid result: 
recall@10 : 0.6245    mrr@10 : 0.5603    ndcg@10 : 0.4969    hit@10 : 0.8926    map@10 : 0.3775    precision@10 : 0.188    gauc : 0.9903    itemcoverage@10 : 0.2516    averagepopularity@10 : 5128.2023    giniindex@10 : 0.9674    shannonentropy@10 : 0.0047    tailpercentage@10 : 0.0
Wed 15 May 2024 11:53:15 INFO  epoch 79 training [time: 2.34s, train loss: 5.0538]
Wed 15 May 2024 11:54:13 INFO  epoch 79 evaluating [time: 58.52s, valid_score: 0.564000]
Wed 15 May 2024 11:54:13 INFO  valid result: 
recall@10 : 0.626    mrr@10 : 0.564    ndcg@10 : 0.5002    hit@10 : 0.893    map@10 : 0.3814    precision@10 : 0.1883    gauc : 0.9903    itemcoverage@10 : 0.2528    averagepopularity@10 : 5073.5985    giniindex@10 : 0.9669    shannonentropy@10 : 0.0047    tailpercentage@10 : 0.0
Wed 15 May 2024 11:54:14 INFO  Saving current: saved/mind/BPR/BPR-May-15-2024_10-32-53.pth
Wed 15 May 2024 11:54:16 INFO  epoch 80 training [time: 2.62s, train loss: 4.9535]
Wed 15 May 2024 11:55:15 INFO  epoch 80 evaluating [time: 58.36s, valid_score: 0.562800]
Wed 15 May 2024 11:55:15 INFO  valid result: 
recall@10 : 0.6269    mrr@10 : 0.5628    ndcg@10 : 0.4996    hit@10 : 0.8923    map@10 : 0.3804    precision@10 : 0.1887    gauc : 0.9903    itemcoverage@10 : 0.2557    averagepopularity@10 : 5038.7152    giniindex@10 : 0.9667    shannonentropy@10 : 0.0046    tailpercentage@10 : 0.0
Wed 15 May 2024 11:55:17 INFO  epoch 81 training [time: 2.44s, train loss: 5.1332]
Wed 15 May 2024 11:56:15 INFO  epoch 81 evaluating [time: 58.05s, valid_score: 0.562100]
Wed 15 May 2024 11:56:15 INFO  valid result: 
recall@10 : 0.6258    mrr@10 : 0.5621    ndcg@10 : 0.4989    hit@10 : 0.8918    map@10 : 0.3799    precision@10 : 0.1886    gauc : 0.9904    itemcoverage@10 : 0.2573    averagepopularity@10 : 5094.6374    giniindex@10 : 0.9668    shannonentropy@10 : 0.0046    tailpercentage@10 : 0.0
Wed 15 May 2024 11:56:18 INFO  epoch 82 training [time: 2.58s, train loss: 5.0491]
Wed 15 May 2024 11:57:16 INFO  epoch 82 evaluating [time: 58.38s, valid_score: 0.560600]
Wed 15 May 2024 11:57:16 INFO  valid result: 
recall@10 : 0.6261    mrr@10 : 0.5606    ndcg@10 : 0.4976    hit@10 : 0.8926    map@10 : 0.378    precision@10 : 0.1888    gauc : 0.9904    itemcoverage@10 : 0.2614    averagepopularity@10 : 5068.2558    giniindex@10 : 0.9666    shannonentropy@10 : 0.0045    tailpercentage@10 : 0.0
Wed 15 May 2024 11:57:19 INFO  epoch 83 training [time: 2.61s, train loss: 4.8788]
Wed 15 May 2024 11:58:16 INFO  epoch 83 evaluating [time: 57.87s, valid_score: 0.562400]
Wed 15 May 2024 11:58:16 INFO  valid result: 
recall@10 : 0.6277    mrr@10 : 0.5624    ndcg@10 : 0.5004    hit@10 : 0.8931    map@10 : 0.3814    precision@10 : 0.189    gauc : 0.9904    itemcoverage@10 : 0.2627    averagepopularity@10 : 5039.5632    giniindex@10 : 0.9664    shannonentropy@10 : 0.0045    tailpercentage@10 : 0.0
Wed 15 May 2024 11:58:19 INFO  epoch 84 training [time: 2.42s, train loss: 4.8334]
Wed 15 May 2024 11:59:17 INFO  epoch 84 evaluating [time: 58.42s, valid_score: 0.560300]
Wed 15 May 2024 11:59:17 INFO  valid result: 
recall@10 : 0.6284    mrr@10 : 0.5603    ndcg@10 : 0.4984    hit@10 : 0.8941    map@10 : 0.3786    precision@10 : 0.1891    gauc : 0.9904    itemcoverage@10 : 0.2634    averagepopularity@10 : 5006.7938    giniindex@10 : 0.9663    shannonentropy@10 : 0.0045    tailpercentage@10 : 0.0
Wed 15 May 2024 11:59:19 INFO  epoch 85 training [time: 1.99s, train loss: 4.8496]
Wed 15 May 2024 12:00:18 INFO  epoch 85 evaluating [time: 58.47s, valid_score: 0.563700]
Wed 15 May 2024 12:00:18 INFO  valid result: 
recall@10 : 0.6294    mrr@10 : 0.5637    ndcg@10 : 0.5013    hit@10 : 0.894    map@10 : 0.3821    precision@10 : 0.1893    gauc : 0.9904    itemcoverage@10 : 0.2605    averagepopularity@10 : 5021.3823    giniindex@10 : 0.9662    shannonentropy@10 : 0.0045    tailpercentage@10 : 0.0
Wed 15 May 2024 12:00:20 INFO  epoch 86 training [time: 2.58s, train loss: 4.8209]
Wed 15 May 2024 12:01:19 INFO  epoch 86 evaluating [time: 58.25s, valid_score: 0.564300]
Wed 15 May 2024 12:01:19 INFO  valid result: 
recall@10 : 0.6302    mrr@10 : 0.5643    ndcg@10 : 0.5018    hit@10 : 0.8948    map@10 : 0.3823    precision@10 : 0.1894    gauc : 0.9904    itemcoverage@10 : 0.2652    averagepopularity@10 : 5023.4419    giniindex@10 : 0.9663    shannonentropy@10 : 0.0045    tailpercentage@10 : 0.0
Wed 15 May 2024 12:01:19 INFO  Saving current: saved/mind/BPR/BPR-May-15-2024_10-32-53.pth
Wed 15 May 2024 12:01:21 INFO  epoch 87 training [time: 2.63s, train loss: 4.8559]
Wed 15 May 2024 12:02:20 INFO  epoch 87 evaluating [time: 58.30s, valid_score: 0.563500]
Wed 15 May 2024 12:02:20 INFO  valid result: 
recall@10 : 0.6299    mrr@10 : 0.5635    ndcg@10 : 0.5013    hit@10 : 0.8951    map@10 : 0.3817    precision@10 : 0.1893    gauc : 0.9905    itemcoverage@10 : 0.2652    averagepopularity@10 : 4994.5128    giniindex@10 : 0.966    shannonentropy@10 : 0.0045    tailpercentage@10 : 0.0
Wed 15 May 2024 12:02:22 INFO  epoch 88 training [time: 2.06s, train loss: 4.8147]
Wed 15 May 2024 12:03:20 INFO  epoch 88 evaluating [time: 58.72s, valid_score: 0.565200]
Wed 15 May 2024 12:03:20 INFO  valid result: 
recall@10 : 0.6295    mrr@10 : 0.5652    ndcg@10 : 0.5018    hit@10 : 0.8949    map@10 : 0.3822    precision@10 : 0.1897    gauc : 0.9905    itemcoverage@10 : 0.2668    averagepopularity@10 : 5045.8184    giniindex@10 : 0.966    shannonentropy@10 : 0.0044    tailpercentage@10 : 0.0
Wed 15 May 2024 12:03:21 INFO  Saving current: saved/mind/BPR/BPR-May-15-2024_10-32-53.pth
Wed 15 May 2024 12:03:23 INFO  epoch 89 training [time: 2.58s, train loss: 4.6395]
Wed 15 May 2024 12:04:21 INFO  epoch 89 evaluating [time: 58.00s, valid_score: 0.564100]
Wed 15 May 2024 12:04:21 INFO  valid result: 
recall@10 : 0.631    mrr@10 : 0.5641    ndcg@10 : 0.5019    hit@10 : 0.8953    map@10 : 0.3819    precision@10 : 0.1899    gauc : 0.9905    itemcoverage@10 : 0.2668    averagepopularity@10 : 5045.1497    giniindex@10 : 0.9659    shannonentropy@10 : 0.0044    tailpercentage@10 : 0.0
Wed 15 May 2024 12:04:23 INFO  epoch 90 training [time: 2.39s, train loss: 4.5764]
Wed 15 May 2024 12:05:21 INFO  epoch 90 evaluating [time: 57.77s, valid_score: 0.564800]
Wed 15 May 2024 12:05:21 INFO  valid result: 
recall@10 : 0.6311    mrr@10 : 0.5648    ndcg@10 : 0.5028    hit@10 : 0.8962    map@10 : 0.3831    precision@10 : 0.19    gauc : 0.9905    itemcoverage@10 : 0.2702    averagepopularity@10 : 5029.0588    giniindex@10 : 0.9657    shannonentropy@10 : 0.0044    tailpercentage@10 : 0.0
Wed 15 May 2024 12:05:24 INFO  epoch 91 training [time: 2.42s, train loss: 4.6319]
Wed 15 May 2024 12:06:22 INFO  epoch 91 evaluating [time: 58.39s, valid_score: 0.564700]
Wed 15 May 2024 12:06:22 INFO  valid result: 
recall@10 : 0.6299    mrr@10 : 0.5647    ndcg@10 : 0.5026    hit@10 : 0.8947    map@10 : 0.3837    precision@10 : 0.1895    gauc : 0.9905    itemcoverage@10 : 0.2709    averagepopularity@10 : 4983.3378    giniindex@10 : 0.9652    shannonentropy@10 : 0.0044    tailpercentage@10 : 0.0
Wed 15 May 2024 12:06:25 INFO  epoch 92 training [time: 2.57s, train loss: 4.7412]
Wed 15 May 2024 12:07:23 INFO  epoch 92 evaluating [time: 58.02s, valid_score: 0.563700]
Wed 15 May 2024 12:07:23 INFO  valid result: 
recall@10 : 0.6298    mrr@10 : 0.5637    ndcg@10 : 0.5016    hit@10 : 0.8942    map@10 : 0.3822    precision@10 : 0.1896    gauc : 0.9905    itemcoverage@10 : 0.272    averagepopularity@10 : 4986.3065    giniindex@10 : 0.9649    shannonentropy@10 : 0.0044    tailpercentage@10 : 0.0
Wed 15 May 2024 12:07:25 INFO  epoch 93 training [time: 2.58s, train loss: 4.6254]
Wed 15 May 2024 12:08:24 INFO  epoch 93 evaluating [time: 58.63s, valid_score: 0.565700]
Wed 15 May 2024 12:08:24 INFO  valid result: 
recall@10 : 0.6312    mrr@10 : 0.5657    ndcg@10 : 0.5035    hit@10 : 0.8961    map@10 : 0.3842    precision@10 : 0.1902    gauc : 0.9905    itemcoverage@10 : 0.2734    averagepopularity@10 : 4993.1371    giniindex@10 : 0.9648    shannonentropy@10 : 0.0044    tailpercentage@10 : 0.0
Wed 15 May 2024 12:08:24 INFO  Saving current: saved/mind/BPR/BPR-May-15-2024_10-32-53.pth
Wed 15 May 2024 12:08:27 INFO  epoch 94 training [time: 2.57s, train loss: 4.4965]
Wed 15 May 2024 12:09:25 INFO  epoch 94 evaluating [time: 58.41s, valid_score: 0.562700]
Wed 15 May 2024 12:09:25 INFO  valid result: 
recall@10 : 0.6311    mrr@10 : 0.5627    ndcg@10 : 0.5018    hit@10 : 0.8947    map@10 : 0.3821    precision@10 : 0.1902    gauc : 0.9905    itemcoverage@10 : 0.2747    averagepopularity@10 : 5006.6775    giniindex@10 : 0.9648    shannonentropy@10 : 0.0043    tailpercentage@10 : 0.0
Wed 15 May 2024 12:09:28 INFO  epoch 95 training [time: 2.54s, train loss: 4.5603]
Wed 15 May 2024 12:10:26 INFO  epoch 95 evaluating [time: 58.49s, valid_score: 0.567000]
Wed 15 May 2024 12:10:26 INFO  valid result: 
recall@10 : 0.6335    mrr@10 : 0.567    ndcg@10 : 0.5059    hit@10 : 0.8963    map@10 : 0.3867    precision@10 : 0.1906    gauc : 0.9905    itemcoverage@10 : 0.2775    averagepopularity@10 : 4979.1302    giniindex@10 : 0.9645    shannonentropy@10 : 0.0043    tailpercentage@10 : 0.0
Wed 15 May 2024 12:10:26 INFO  Saving current: saved/mind/BPR/BPR-May-15-2024_10-32-53.pth
Wed 15 May 2024 12:10:29 INFO  epoch 96 training [time: 2.60s, train loss: 4.5954]
Wed 15 May 2024 12:11:27 INFO  epoch 96 evaluating [time: 58.04s, valid_score: 0.564300]
Wed 15 May 2024 12:11:27 INFO  valid result: 
recall@10 : 0.632    mrr@10 : 0.5643    ndcg@10 : 0.5029    hit@10 : 0.8971    map@10 : 0.3833    precision@10 : 0.1901    gauc : 0.9905    itemcoverage@10 : 0.2788    averagepopularity@10 : 4942.0981    giniindex@10 : 0.9644    shannonentropy@10 : 0.0043    tailpercentage@10 : 0.0
Wed 15 May 2024 12:11:29 INFO  epoch 97 training [time: 2.39s, train loss: 4.3886]
Wed 15 May 2024 12:12:27 INFO  epoch 97 evaluating [time: 57.87s, valid_score: 0.564900]
Wed 15 May 2024 12:12:27 INFO  valid result: 
recall@10 : 0.6325    mrr@10 : 0.5649    ndcg@10 : 0.5032    hit@10 : 0.8978    map@10 : 0.3835    precision@10 : 0.19    gauc : 0.9905    itemcoverage@10 : 0.2781    averagepopularity@10 : 4940.1205    giniindex@10 : 0.9643    shannonentropy@10 : 0.0043    tailpercentage@10 : 0.0
Wed 15 May 2024 12:12:29 INFO  epoch 98 training [time: 2.36s, train loss: 4.4652]
Wed 15 May 2024 12:13:28 INFO  epoch 98 evaluating [time: 58.67s, valid_score: 0.563500]
Wed 15 May 2024 12:13:28 INFO  valid result: 
recall@10 : 0.6331    mrr@10 : 0.5635    ndcg@10 : 0.503    hit@10 : 0.898    map@10 : 0.3831    precision@10 : 0.1902    gauc : 0.9905    itemcoverage@10 : 0.28    averagepopularity@10 : 4946.78    giniindex@10 : 0.964    shannonentropy@10 : 0.0043    tailpercentage@10 : 0.0
Wed 15 May 2024 12:13:31 INFO  epoch 99 training [time: 2.52s, train loss: 4.4594]
Wed 15 May 2024 12:14:29 INFO  epoch 99 evaluating [time: 57.99s, valid_score: 0.567000]
Wed 15 May 2024 12:14:29 INFO  valid result: 
recall@10 : 0.633    mrr@10 : 0.567    ndcg@10 : 0.506    hit@10 : 0.8973    map@10 : 0.3873    precision@10 : 0.1901    gauc : 0.9906    itemcoverage@10 : 0.2822    averagepopularity@10 : 4953.5303    giniindex@10 : 0.9639    shannonentropy@10 : 0.0042    tailpercentage@10 : 0.0
Wed 15 May 2024 12:14:29 INFO  Saving current: saved/mind/BPR/BPR-May-15-2024_10-32-53.pth
Wed 15 May 2024 12:14:31 INFO  epoch 100 training [time: 2.23s, train loss: 4.4192]
Wed 15 May 2024 12:15:29 INFO  epoch 100 evaluating [time: 58.46s, valid_score: 0.566400]
Wed 15 May 2024 12:15:29 INFO  valid result: 
recall@10 : 0.6339    mrr@10 : 0.5664    ndcg@10 : 0.5052    hit@10 : 0.8976    map@10 : 0.3856    precision@10 : 0.1904    gauc : 0.9906    itemcoverage@10 : 0.282    averagepopularity@10 : 4935.8676    giniindex@10 : 0.964    shannonentropy@10 : 0.0042    tailpercentage@10 : 0.0
Wed 15 May 2024 12:15:32 INFO  epoch 101 training [time: 2.36s, train loss: 4.2913]
Wed 15 May 2024 12:16:30 INFO  epoch 101 evaluating [time: 58.25s, valid_score: 0.571600]
Wed 15 May 2024 12:16:30 INFO  valid result: 
recall@10 : 0.6345    mrr@10 : 0.5716    ndcg@10 : 0.5086    hit@10 : 0.8998    map@10 : 0.3897    precision@10 : 0.1906    gauc : 0.9906    itemcoverage@10 : 0.2836    averagepopularity@10 : 4971.541    giniindex@10 : 0.9642    shannonentropy@10 : 0.0042    tailpercentage@10 : 0.0
Wed 15 May 2024 12:16:30 INFO  Saving current: saved/mind/BPR/BPR-May-15-2024_10-32-53.pth
Wed 15 May 2024 12:16:33 INFO  epoch 102 training [time: 2.58s, train loss: 4.3947]
Wed 15 May 2024 12:17:31 INFO  epoch 102 evaluating [time: 58.46s, valid_score: 0.568600]
Wed 15 May 2024 12:17:31 INFO  valid result: 
recall@10 : 0.6355    mrr@10 : 0.5686    ndcg@10 : 0.5064    hit@10 : 0.8993    map@10 : 0.3865    precision@10 : 0.1905    gauc : 0.9906    itemcoverage@10 : 0.2831    averagepopularity@10 : 4930.6736    giniindex@10 : 0.964    shannonentropy@10 : 0.0042    tailpercentage@10 : 0.0
Wed 15 May 2024 12:17:34 INFO  epoch 103 training [time: 2.58s, train loss: 4.3267]
Wed 15 May 2024 12:18:32 INFO  epoch 103 evaluating [time: 58.16s, valid_score: 0.564500]
Wed 15 May 2024 12:18:32 INFO  valid result: 
recall@10 : 0.6344    mrr@10 : 0.5645    ndcg@10 : 0.5039    hit@10 : 0.8986    map@10 : 0.3839    precision@10 : 0.1904    gauc : 0.9906    itemcoverage@10 : 0.2804    averagepopularity@10 : 4941.6065    giniindex@10 : 0.9637    shannonentropy@10 : 0.0043    tailpercentage@10 : 0.0
Wed 15 May 2024 12:18:34 INFO  epoch 104 training [time: 1.97s, train loss: 4.2428]
Wed 15 May 2024 12:19:32 INFO  epoch 104 evaluating [time: 58.29s, valid_score: 0.564400]
Wed 15 May 2024 12:19:32 INFO  valid result: 
recall@10 : 0.634    mrr@10 : 0.5644    ndcg@10 : 0.5039    hit@10 : 0.8979    map@10 : 0.384    precision@10 : 0.1907    gauc : 0.9906    itemcoverage@10 : 0.2824    averagepopularity@10 : 4918.6201    giniindex@10 : 0.9633    shannonentropy@10 : 0.0042    tailpercentage@10 : 0.0
Wed 15 May 2024 12:19:35 INFO  epoch 105 training [time: 2.59s, train loss: 4.2556]
Wed 15 May 2024 12:20:33 INFO  epoch 105 evaluating [time: 58.19s, valid_score: 0.565900]
Wed 15 May 2024 12:20:33 INFO  valid result: 
recall@10 : 0.6349    mrr@10 : 0.5659    ndcg@10 : 0.5049    hit@10 : 0.8981    map@10 : 0.3849    precision@10 : 0.1908    gauc : 0.9906    itemcoverage@10 : 0.2886    averagepopularity@10 : 4949.4104    giniindex@10 : 0.9632    shannonentropy@10 : 0.0042    tailpercentage@10 : 0.0
Wed 15 May 2024 12:20:35 INFO  epoch 106 training [time: 2.13s, train loss: 4.1496]
Wed 15 May 2024 12:21:33 INFO  epoch 106 evaluating [time: 58.09s, valid_score: 0.567300]
Wed 15 May 2024 12:21:33 INFO  valid result: 
recall@10 : 0.6345    mrr@10 : 0.5673    ndcg@10 : 0.5061    hit@10 : 0.8979    map@10 : 0.3866    precision@10 : 0.1903    gauc : 0.9906    itemcoverage@10 : 0.2897    averagepopularity@10 : 4947.9494    giniindex@10 : 0.9632    shannonentropy@10 : 0.0041    tailpercentage@10 : 0.0
Wed 15 May 2024 12:21:36 INFO  epoch 107 training [time: 2.58s, train loss: 4.2021]
Wed 15 May 2024 12:22:34 INFO  epoch 107 evaluating [time: 58.20s, valid_score: 0.567100]
Wed 15 May 2024 12:22:34 INFO  valid result: 
recall@10 : 0.6357    mrr@10 : 0.5671    ndcg@10 : 0.507    hit@10 : 0.8991    map@10 : 0.3876    precision@10 : 0.1909    gauc : 0.9906    itemcoverage@10 : 0.2879    averagepopularity@10 : 4924.6409    giniindex@10 : 0.9632    shannonentropy@10 : 0.0042    tailpercentage@10 : 0.0
Wed 15 May 2024 12:22:37 INFO  epoch 108 training [time: 2.59s, train loss: 4.1455]
Wed 15 May 2024 12:23:34 INFO  epoch 108 evaluating [time: 57.80s, valid_score: 0.567100]
Wed 15 May 2024 12:23:34 INFO  valid result: 
recall@10 : 0.637    mrr@10 : 0.5671    ndcg@10 : 0.5066    hit@10 : 0.8999    map@10 : 0.3865    precision@10 : 0.1914    gauc : 0.9906    itemcoverage@10 : 0.2863    averagepopularity@10 : 4941.9718    giniindex@10 : 0.9631    shannonentropy@10 : 0.0042    tailpercentage@10 : 0.0
Wed 15 May 2024 12:23:37 INFO  epoch 109 training [time: 2.59s, train loss: 4.1552]
Wed 15 May 2024 12:24:35 INFO  epoch 109 evaluating [time: 58.15s, valid_score: 0.568900]
Wed 15 May 2024 12:24:35 INFO  valid result: 
recall@10 : 0.6373    mrr@10 : 0.5689    ndcg@10 : 0.5079    hit@10 : 0.9003    map@10 : 0.3881    precision@10 : 0.1912    gauc : 0.9906    itemcoverage@10 : 0.2908    averagepopularity@10 : 4900.906    giniindex@10 : 0.9627    shannonentropy@10 : 0.0041    tailpercentage@10 : 0.0
Wed 15 May 2024 12:24:38 INFO  epoch 110 training [time: 2.60s, train loss: 4.1449]
Wed 15 May 2024 12:25:36 INFO  epoch 110 evaluating [time: 58.46s, valid_score: 0.569400]
Wed 15 May 2024 12:25:36 INFO  valid result: 
recall@10 : 0.6363    mrr@10 : 0.5694    ndcg@10 : 0.5077    hit@10 : 0.8999    map@10 : 0.3881    precision@10 : 0.1913    gauc : 0.9906    itemcoverage@10 : 0.2881    averagepopularity@10 : 4888.8872    giniindex@10 : 0.9626    shannonentropy@10 : 0.0042    tailpercentage@10 : 0.0
Wed 15 May 2024 12:25:39 INFO  epoch 111 training [time: 2.59s, train loss: 4.1147]
Wed 15 May 2024 12:26:37 INFO  epoch 111 evaluating [time: 58.50s, valid_score: 0.570000]
Wed 15 May 2024 12:26:37 INFO  valid result: 
recall@10 : 0.6383    mrr@10 : 0.57    ndcg@10 : 0.5091    hit@10 : 0.9004    map@10 : 0.3893    precision@10 : 0.1915    gauc : 0.9906    itemcoverage@10 : 0.2917    averagepopularity@10 : 4905.6799    giniindex@10 : 0.9626    shannonentropy@10 : 0.0041    tailpercentage@10 : 0.0
Wed 15 May 2024 12:26:40 INFO  epoch 112 training [time: 2.58s, train loss: 4.0477]
Wed 15 May 2024 12:27:38 INFO  epoch 112 evaluating [time: 58.52s, valid_score: 0.565100]
Wed 15 May 2024 12:27:38 INFO  valid result: 
recall@10 : 0.6379    mrr@10 : 0.5651    ndcg@10 : 0.5061    hit@10 : 0.8995    map@10 : 0.3859    precision@10 : 0.1916    gauc : 0.9906    itemcoverage@10 : 0.2945    averagepopularity@10 : 4872.8848    giniindex@10 : 0.9625    shannonentropy@10 : 0.0041    tailpercentage@10 : 0.0
Wed 15 May 2024 12:27:38 INFO  Finished training, best eval result in epoch 101
Wed 15 May 2024 12:27:38 INFO  Loading model structure and parameters from saved/mind/BPR/BPR-May-15-2024_10-32-53.pth
Wed 15 May 2024 12:28:41 INFO  The running environment of this training is as follows:
+-------------+----------------+
| Environment |     Usage      |
+=============+================+
| CPU         |     0.10 %     |
+-------------+----------------+
| GPU         | 0.06 G/11.93 G |
+-------------+----------------+
| Memory      | 2.41 G/31.23 G |
+-------------+----------------+
Wed 15 May 2024 12:28:41 INFO  best valid : OrderedDict([('recall@10', 0.6345), ('mrr@10', 0.5716), ('ndcg@10', 0.5086), ('hit@10', 0.8998), ('map@10', 0.3897), ('precision@10', 0.1906), ('gauc', 0.9906), ('itemcoverage@10', 0.2836), ('averagepopularity@10', 4971.541), ('giniindex@10', 0.9642), ('shannonentropy@10', 0.0042), ('tailpercentage@10', 0.0)])
Wed 15 May 2024 12:28:41 INFO  test result: OrderedDict([('recall@10', 0.6795), ('mrr@10', 0.6841), ('ndcg@10', 0.6001), ('hit@10', 0.9068), ('map@10', 0.4976), ('precision@10', 0.2107), ('gauc', 0.9917), ('itemcoverage@10', 0.3024), ('averagepopularity@10', 4759.1521), ('giniindex@10', 0.9612), ('shannonentropy@10', 0.004), ('tailpercentage@10', 0.0)])
Wed 15 May 2024 12:28:41 INFO  
General Hyper Parameters:
gpu_id = 0
use_gpu = True
seed = 2020
state = INFO
reproducibility = True
data_path = data/mind
checkpoint_dir = saved/mind/BPR
show_progress = True
save_dataset = False
dataset_save_path = None
save_dataloaders = False
dataloaders_save_path = None
log_wandb = False

Training Hyper Parameters:
epochs = 200
train_batch_size = 2048
learner = adam
learning_rate = 0.001
train_neg_sample_args = {'distribution': 'uniform', 'sample_num': 1, 'dynamic': False, 'candidate_num': 0, 'alpha': 1.0}
eval_step = 1
stopping_step = 10
clip_grad_norm = None
weight_decay = 0.0
loss_decimal_place = 4

Evaluation Hyper Parameters:
eval_args = {'split': {'RS': [0.8, 0.1, 0.1]}, 'order': 'RO', 'group_by': 'user', 'mode': {'valid': 'full', 'test': 'full'}}
repeatable = False
metrics = ['Recall', 'MRR', 'NDCG', 'Hit', 'MAP', 'Precision', 'GAUC', 'ItemCoverage', 'AveragePopularity', 'GiniIndex', 'ShannonEntropy', 'TailPercentage']
topk = [10]
valid_metric = MRR@10
valid_metric_bigger = True
eval_batch_size = 4096
metric_decimal_place = 4

Dataset Hyper Parameters:
field_separator = 	
seq_separator =  
USER_ID_FIELD = user_id
ITEM_ID_FIELD = item_id
RATING_FIELD = rating
TIME_FIELD = timestamp
seq_len = None
LABEL_FIELD = label
threshold = None
NEG_PREFIX = neg_
load_col = {'inter': ['user_id', 'item_id']}
unload_col = None
unused_col = None
additional_feat_suffix = None
rm_dup_inter = None
val_interval = None
filter_inter_by_user_or_item = True
user_inter_num_interval = [0,inf)
item_inter_num_interval = [0,inf)
alias_of_user_id = None
alias_of_item_id = None
alias_of_entity_id = None
alias_of_relation_id = None
preload_weight = None
normalize_field = None
normalize_all = None
ITEM_LIST_LENGTH_FIELD = item_length
LIST_SUFFIX = _list
MAX_ITEM_LIST_LENGTH = 50
POSITION_FIELD = position_id
HEAD_ENTITY_ID_FIELD = head_id
TAIL_ENTITY_ID_FIELD = tail_id
RELATION_ID_FIELD = relation_id
ENTITY_ID_FIELD = entity_id
benchmark_filename = None

Other Hyper Parameters: 
worker = 0
wandb_project = recbole
shuffle = True
require_pow = False
enable_amp = False
enable_scaler = False
transform = None
embedding_size = 64
numerical_features = []
discretization = None
kg_reverse_r = False
entity_kg_num_interval = [0,inf)
relation_kg_num_interval = [0,inf)
MODEL_TYPE = ModelType.GENERAL
encoding = utf-8
device = cuda:1
my_log_file = /home/fontana/Tesi/log/carbon_default.log
max_emission_step = -1
ratio_tolerance = -1
MODEL_INPUT_TYPE = InputType.PAIRWISE
eval_type = EvaluatorType.RANKING
single_spec = True
local_rank = 0
valid_neg_sample_args = {'distribution': 'uniform', 'sample_num': 'none'}
test_neg_sample_args = {'distribution': 'uniform', 'sample_num': 'none'}


Wed 15 May 2024 12:28:45 INFO  mind
The number of users: 23680
Average actions of users: 44.282908906626126
The number of items: 4415
Average actions of items: 237.55663797009515
The number of inters: 1048575
The sparsity of the dataset: 98.9970319625968%
Remain Fields: ['user_id', 'item_id']
Wed 15 May 2024 12:28:49 INFO  [Training]: train_batch_size = [2048] train_neg_sample_args: [{'distribution': 'uniform', 'sample_num': 1, 'dynamic': False, 'candidate_num': 0, 'alpha': 1.0}]
Wed 15 May 2024 12:28:49 INFO  [Evaluation]: eval_batch_size = [4096] eval_args: [{'split': {'RS': [0.8, 0.1, 0.1]}, 'order': 'RO', 'group_by': 'user', 'mode': {'valid': 'full', 'test': 'full'}}]
Wed 15 May 2024 12:28:49 INFO  Loading model structure and parameters from saved/mind/BPR/BPR-May-15-2024_10-32-53.pth
