Mon 29 Apr 2024 17:16:08 INFO  ['src/default_tracker2.py', '--dataset=ml-100k', '--model=BPR']
Mon 29 Apr 2024 17:16:08 INFO  
General Hyper Parameters:
gpu_id = 0
use_gpu = True
seed = 2020
state = INFO
reproducibility = True
data_path = /home/fontana/Tesi/recsost_env/lib/python3.8/site-packages/recbole/config/../dataset_example/ml-100k
checkpoint_dir = saved/ml-100k/BPR
show_progress = True
save_dataset = False
dataset_save_path = None
save_dataloaders = False
dataloaders_save_path = None
log_wandb = False

Training Hyper Parameters:
epochs = 200
train_batch_size = 2048
learner = adam
learning_rate = 0.001
train_neg_sample_args = {'distribution': 'uniform', 'sample_num': 1, 'dynamic': False, 'candidate_num': 0, 'alpha': 1.0}
eval_step = 1
stopping_step = 10
clip_grad_norm = None
weight_decay = 0.0
loss_decimal_place = 4

Evaluation Hyper Parameters:
eval_args = {'split': {'RS': [0.8, 0.1, 0.1]}, 'order': 'RO', 'group_by': 'user', 'mode': {'valid': 'full', 'test': 'full'}}
repeatable = False
metrics = ['Recall', 'MRR', 'NDCG', 'Hit', 'MAP', 'Precision', 'GAUC', 'ItemCoverage', 'AveragePopularity', 'GiniIndex', 'ShannonEntropy', 'TailPercentage']
topk = [10]
valid_metric = MRR@10
valid_metric_bigger = True
eval_batch_size = 4096
metric_decimal_place = 4

Dataset Hyper Parameters:
field_separator = 	
seq_separator =  
USER_ID_FIELD = user_id
ITEM_ID_FIELD = item_id
RATING_FIELD = rating
TIME_FIELD = timestamp
seq_len = None
LABEL_FIELD = label
threshold = None
NEG_PREFIX = neg_
load_col = {'inter': ['user_id', 'item_id', 'rating', 'timestamp']}
unload_col = None
unused_col = None
additional_feat_suffix = None
rm_dup_inter = None
val_interval = None
filter_inter_by_user_or_item = True
user_inter_num_interval = None
item_inter_num_interval = None
alias_of_user_id = None
alias_of_item_id = None
alias_of_entity_id = None
alias_of_relation_id = None
preload_weight = None
normalize_field = None
normalize_all = True
ITEM_LIST_LENGTH_FIELD = item_length
LIST_SUFFIX = _list
MAX_ITEM_LIST_LENGTH = 50
POSITION_FIELD = position_id
HEAD_ENTITY_ID_FIELD = head_id
TAIL_ENTITY_ID_FIELD = tail_id
RELATION_ID_FIELD = relation_id
ENTITY_ID_FIELD = entity_id
kg_reverse_r = False
entity_kg_num_interval = None
relation_kg_num_interval = None
benchmark_filename = None

Other Hyper Parameters: 
worker = 0
wandb_project = recbole
shuffle = True
require_pow = False
enable_amp = False
enable_scaler = False
transform = None
embedding_size = 64
numerical_features = []
discretization = None
MODEL_TYPE = ModelType.GENERAL
encoding = utf-8
device = cuda
my_log_file = /home/fontana/Tesi/log/carbon_default.log
MODEL_INPUT_TYPE = InputType.PAIRWISE
eval_type = EvaluatorType.RANKING
single_spec = True
local_rank = 0
valid_neg_sample_args = {'distribution': 'uniform', 'sample_num': 'none'}
test_neg_sample_args = {'distribution': 'uniform', 'sample_num': 'none'}


Mon 29 Apr 2024 17:16:09 INFO  ml-100k
The number of users: 944
Average actions of users: 106.04453870625663
The number of items: 1683
Average actions of items: 59.45303210463734
The number of inters: 100000
The sparsity of the dataset: 93.70575143257098%
Remain Fields: ['user_id', 'item_id', 'rating', 'timestamp']
Mon 29 Apr 2024 17:16:09 INFO  [Training]: train_batch_size = [2048] train_neg_sample_args: [{'distribution': 'uniform', 'sample_num': 1, 'dynamic': False, 'candidate_num': 0, 'alpha': 1.0}]
Mon 29 Apr 2024 17:16:09 INFO  [Evaluation]: eval_batch_size = [4096] eval_args: [{'split': {'RS': [0.8, 0.1, 0.1]}, 'order': 'RO', 'group_by': 'user', 'mode': {'valid': 'full', 'test': 'full'}}]
Mon 29 Apr 2024 17:16:12 INFO  BPR(
  (user_embedding): Embedding(944, 64)
  (item_embedding): Embedding(1683, 64)
  (loss): BPRLoss()
)
Trainable parameters: 168128
Mon 29 Apr 2024 17:16:12 INFO  FLOPs: 128.0
Mon 29 Apr 2024 17:16:17 INFO  epoch 0 training [time: 0.31s, train loss: 27.7240]
Mon 29 Apr 2024 17:16:17 INFO  Saving current: saved/ml-100k/BPR/BPR-Apr-29-2024_17-16-12.pth
Mon 29 Apr 2024 17:16:17 INFO  epoch 1 training [time: 0.27s, train loss: 27.6345]
Mon 29 Apr 2024 17:16:17 INFO  Saving current: saved/ml-100k/BPR/BPR-Apr-29-2024_17-16-12.pth
Mon 29 Apr 2024 17:16:18 INFO  epoch 2 training [time: 0.29s, train loss: 27.3318]
Mon 29 Apr 2024 17:16:18 INFO  Saving current: saved/ml-100k/BPR/BPR-Apr-29-2024_17-16-12.pth
Mon 29 Apr 2024 17:16:18 INFO  epoch 3 training [time: 0.27s, train loss: 26.0469]
Mon 29 Apr 2024 17:16:18 INFO  Saving current: saved/ml-100k/BPR/BPR-Apr-29-2024_17-16-12.pth
Mon 29 Apr 2024 17:16:18 INFO  epoch 4 training [time: 0.30s, train loss: 22.7424]
Mon 29 Apr 2024 17:16:18 INFO  Saving current: saved/ml-100k/BPR/BPR-Apr-29-2024_17-16-12.pth
Mon 29 Apr 2024 17:16:19 INFO  epoch 5 training [time: 0.27s, train loss: 18.4891]
Mon 29 Apr 2024 17:16:19 INFO  Saving current: saved/ml-100k/BPR/BPR-Apr-29-2024_17-16-12.pth
Mon 29 Apr 2024 17:16:19 INFO  epoch 6 training [time: 0.28s, train loss: 15.6431]
Mon 29 Apr 2024 17:16:19 INFO  Saving current: saved/ml-100k/BPR/BPR-Apr-29-2024_17-16-12.pth
Mon 29 Apr 2024 17:16:19 INFO  epoch 7 training [time: 0.28s, train loss: 14.2810]
Mon 29 Apr 2024 17:16:19 INFO  Saving current: saved/ml-100k/BPR/BPR-Apr-29-2024_17-16-12.pth
Mon 29 Apr 2024 17:16:19 INFO  epoch 8 training [time: 0.25s, train loss: 13.4723]
Mon 29 Apr 2024 17:16:19 INFO  Saving current: saved/ml-100k/BPR/BPR-Apr-29-2024_17-16-12.pth
Mon 29 Apr 2024 17:16:20 INFO  epoch 9 training [time: 0.29s, train loss: 12.8887]
Mon 29 Apr 2024 17:16:20 INFO  Saving current: saved/ml-100k/BPR/BPR-Apr-29-2024_17-16-12.pth
Mon 29 Apr 2024 17:16:20 INFO  epoch 10 training [time: 0.27s, train loss: 12.4353]
Mon 29 Apr 2024 17:16:20 INFO  Saving current: saved/ml-100k/BPR/BPR-Apr-29-2024_17-16-12.pth
Mon 29 Apr 2024 17:16:20 INFO  epoch 11 training [time: 0.27s, train loss: 11.9655]
Mon 29 Apr 2024 17:16:20 INFO  Saving current: saved/ml-100k/BPR/BPR-Apr-29-2024_17-16-12.pth
Mon 29 Apr 2024 17:16:21 INFO  epoch 12 training [time: 0.28s, train loss: 11.5190]
Mon 29 Apr 2024 17:16:21 INFO  Saving current: saved/ml-100k/BPR/BPR-Apr-29-2024_17-16-12.pth
Mon 29 Apr 2024 17:16:21 INFO  epoch 13 training [time: 0.29s, train loss: 11.1336]
Mon 29 Apr 2024 17:16:21 INFO  Saving current: saved/ml-100k/BPR/BPR-Apr-29-2024_17-16-12.pth
Mon 29 Apr 2024 17:16:21 INFO  epoch 14 training [time: 0.30s, train loss: 10.7970]
Mon 29 Apr 2024 17:16:21 INFO  Saving current: saved/ml-100k/BPR/BPR-Apr-29-2024_17-16-12.pth
Mon 29 Apr 2024 17:16:21 INFO  epoch 15 training [time: 0.28s, train loss: 10.4318]
Mon 29 Apr 2024 17:16:22 INFO  Saving current: saved/ml-100k/BPR/BPR-Apr-29-2024_17-16-12.pth
Mon 29 Apr 2024 17:16:22 INFO  epoch 16 training [time: 0.28s, train loss: 10.1359]
Mon 29 Apr 2024 17:16:22 INFO  Saving current: saved/ml-100k/BPR/BPR-Apr-29-2024_17-16-12.pth
Mon 29 Apr 2024 17:16:22 INFO  epoch 17 training [time: 0.31s, train loss: 9.8093]
Mon 29 Apr 2024 17:16:22 INFO  Saving current: saved/ml-100k/BPR/BPR-Apr-29-2024_17-16-12.pth
Mon 29 Apr 2024 17:16:22 INFO  epoch 18 training [time: 0.32s, train loss: 9.5000]
Mon 29 Apr 2024 17:16:22 INFO  Saving current: saved/ml-100k/BPR/BPR-Apr-29-2024_17-16-12.pth
Mon 29 Apr 2024 17:16:23 INFO  epoch 19 training [time: 0.29s, train loss: 9.4030]
Mon 29 Apr 2024 17:16:23 INFO  Saving current: saved/ml-100k/BPR/BPR-Apr-29-2024_17-16-12.pth
Mon 29 Apr 2024 17:16:23 INFO  epoch 20 training [time: 0.31s, train loss: 9.1907]
Mon 29 Apr 2024 17:16:23 INFO  Saving current: saved/ml-100k/BPR/BPR-Apr-29-2024_17-16-12.pth
Mon 29 Apr 2024 17:16:23 INFO  epoch 21 training [time: 0.31s, train loss: 8.9559]
Mon 29 Apr 2024 17:16:23 INFO  Saving current: saved/ml-100k/BPR/BPR-Apr-29-2024_17-16-12.pth
Mon 29 Apr 2024 17:16:24 INFO  epoch 22 training [time: 0.29s, train loss: 8.7268]
Mon 29 Apr 2024 17:16:24 INFO  Saving current: saved/ml-100k/BPR/BPR-Apr-29-2024_17-16-12.pth
Mon 29 Apr 2024 17:16:24 INFO  epoch 23 training [time: 0.27s, train loss: 8.6537]
Mon 29 Apr 2024 17:16:24 INFO  Saving current: saved/ml-100k/BPR/BPR-Apr-29-2024_17-16-12.pth
Mon 29 Apr 2024 17:16:24 INFO  epoch 24 training [time: 0.29s, train loss: 8.3868]
Mon 29 Apr 2024 17:16:24 INFO  Saving current: saved/ml-100k/BPR/BPR-Apr-29-2024_17-16-12.pth
Mon 29 Apr 2024 17:16:25 INFO  epoch 25 training [time: 0.27s, train loss: 8.2875]
Mon 29 Apr 2024 17:16:25 INFO  Saving current: saved/ml-100k/BPR/BPR-Apr-29-2024_17-16-12.pth
Mon 29 Apr 2024 17:16:25 INFO  epoch 26 training [time: 0.29s, train loss: 8.1531]
Mon 29 Apr 2024 17:16:25 INFO  Saving current: saved/ml-100k/BPR/BPR-Apr-29-2024_17-16-12.pth
Mon 29 Apr 2024 17:16:25 INFO  epoch 27 training [time: 0.29s, train loss: 8.0686]
Mon 29 Apr 2024 17:16:25 INFO  Saving current: saved/ml-100k/BPR/BPR-Apr-29-2024_17-16-12.pth
Mon 29 Apr 2024 17:16:25 INFO  epoch 28 training [time: 0.29s, train loss: 7.8992]
Mon 29 Apr 2024 17:16:25 INFO  Saving current: saved/ml-100k/BPR/BPR-Apr-29-2024_17-16-12.pth
Mon 29 Apr 2024 17:16:26 INFO  epoch 29 training [time: 0.28s, train loss: 7.7060]
Mon 29 Apr 2024 17:16:26 INFO  Saving current: saved/ml-100k/BPR/BPR-Apr-29-2024_17-16-12.pth
Mon 29 Apr 2024 17:16:26 INFO  epoch 30 training [time: 0.27s, train loss: 7.6076]
Mon 29 Apr 2024 17:16:26 INFO  Saving current: saved/ml-100k/BPR/BPR-Apr-29-2024_17-16-12.pth
Mon 29 Apr 2024 17:16:26 INFO  epoch 31 training [time: 0.24s, train loss: 7.5485]
Mon 29 Apr 2024 17:16:26 INFO  Saving current: saved/ml-100k/BPR/BPR-Apr-29-2024_17-16-12.pth
Mon 29 Apr 2024 17:16:27 INFO  epoch 32 training [time: 0.27s, train loss: 7.4143]
Mon 29 Apr 2024 17:16:27 INFO  Saving current: saved/ml-100k/BPR/BPR-Apr-29-2024_17-16-12.pth
Mon 29 Apr 2024 17:16:27 INFO  epoch 33 training [time: 0.25s, train loss: 7.3179]
Mon 29 Apr 2024 17:16:27 INFO  Saving current: saved/ml-100k/BPR/BPR-Apr-29-2024_17-16-12.pth
Mon 29 Apr 2024 17:16:27 INFO  epoch 34 training [time: 0.28s, train loss: 7.1916]
Mon 29 Apr 2024 17:16:27 INFO  Saving current: saved/ml-100k/BPR/BPR-Apr-29-2024_17-16-12.pth
Mon 29 Apr 2024 17:16:27 INFO  epoch 35 training [time: 0.27s, train loss: 7.0758]
Mon 29 Apr 2024 17:16:27 INFO  Saving current: saved/ml-100k/BPR/BPR-Apr-29-2024_17-16-12.pth
Mon 29 Apr 2024 17:16:28 INFO  epoch 36 training [time: 0.29s, train loss: 6.9232]
Mon 29 Apr 2024 17:16:28 INFO  Saving current: saved/ml-100k/BPR/BPR-Apr-29-2024_17-16-12.pth
Mon 29 Apr 2024 17:16:28 INFO  epoch 37 training [time: 0.25s, train loss: 6.9139]
Mon 29 Apr 2024 17:16:28 INFO  Saving current: saved/ml-100k/BPR/BPR-Apr-29-2024_17-16-12.pth
Mon 29 Apr 2024 17:16:28 INFO  epoch 38 training [time: 0.29s, train loss: 6.8307]
Mon 29 Apr 2024 17:16:28 INFO  Saving current: saved/ml-100k/BPR/BPR-Apr-29-2024_17-16-12.pth
Mon 29 Apr 2024 17:16:29 INFO  epoch 39 training [time: 0.28s, train loss: 6.7427]
Mon 29 Apr 2024 17:16:29 INFO  Saving current: saved/ml-100k/BPR/BPR-Apr-29-2024_17-16-12.pth
Mon 29 Apr 2024 17:16:29 INFO  epoch 40 training [time: 0.29s, train loss: 6.6702]
Mon 29 Apr 2024 17:16:29 INFO  Saving current: saved/ml-100k/BPR/BPR-Apr-29-2024_17-16-12.pth
Mon 29 Apr 2024 17:16:29 INFO  epoch 41 training [time: 0.28s, train loss: 6.5015]
Mon 29 Apr 2024 17:16:29 INFO  Saving current: saved/ml-100k/BPR/BPR-Apr-29-2024_17-16-12.pth
Mon 29 Apr 2024 17:16:29 INFO  epoch 42 training [time: 0.28s, train loss: 6.4939]
Mon 29 Apr 2024 17:16:29 INFO  Saving current: saved/ml-100k/BPR/BPR-Apr-29-2024_17-16-12.pth
Mon 29 Apr 2024 17:16:30 INFO  epoch 43 training [time: 0.31s, train loss: 6.4821]
Mon 29 Apr 2024 17:16:30 INFO  Saving current: saved/ml-100k/BPR/BPR-Apr-29-2024_17-16-12.pth
Mon 29 Apr 2024 17:16:30 INFO  epoch 44 training [time: 0.31s, train loss: 6.2838]
Mon 29 Apr 2024 17:16:30 INFO  Saving current: saved/ml-100k/BPR/BPR-Apr-29-2024_17-16-12.pth
Mon 29 Apr 2024 17:16:30 INFO  epoch 45 training [time: 0.31s, train loss: 6.2357]
Mon 29 Apr 2024 17:16:30 INFO  Saving current: saved/ml-100k/BPR/BPR-Apr-29-2024_17-16-12.pth
Mon 29 Apr 2024 17:16:31 INFO  epoch 46 training [time: 0.26s, train loss: 6.1662]
Mon 29 Apr 2024 17:16:31 INFO  Saving current: saved/ml-100k/BPR/BPR-Apr-29-2024_17-16-12.pth
Mon 29 Apr 2024 17:16:31 INFO  epoch 47 training [time: 0.27s, train loss: 6.0185]
Mon 29 Apr 2024 17:16:31 INFO  Saving current: saved/ml-100k/BPR/BPR-Apr-29-2024_17-16-12.pth
Mon 29 Apr 2024 17:16:31 INFO  epoch 48 training [time: 0.28s, train loss: 5.8709]
Mon 29 Apr 2024 17:16:31 INFO  Saving current: saved/ml-100k/BPR/BPR-Apr-29-2024_17-16-12.pth
Mon 29 Apr 2024 17:16:31 INFO  epoch 49 training [time: 0.25s, train loss: 5.9283]
Mon 29 Apr 2024 17:16:31 INFO  Saving current: saved/ml-100k/BPR/BPR-Apr-29-2024_17-16-12.pth
Mon 29 Apr 2024 17:16:32 INFO  epoch 50 training [time: 0.27s, train loss: 5.8605]
Mon 29 Apr 2024 17:16:32 INFO  Saving current: saved/ml-100k/BPR/BPR-Apr-29-2024_17-16-12.pth
Mon 29 Apr 2024 17:16:32 INFO  epoch 51 training [time: 0.31s, train loss: 5.7827]
Mon 29 Apr 2024 17:16:32 INFO  Saving current: saved/ml-100k/BPR/BPR-Apr-29-2024_17-16-12.pth
Mon 29 Apr 2024 17:16:32 INFO  epoch 52 training [time: 0.28s, train loss: 5.5990]
Mon 29 Apr 2024 17:16:32 INFO  Saving current: saved/ml-100k/BPR/BPR-Apr-29-2024_17-16-12.pth
Mon 29 Apr 2024 17:16:33 INFO  epoch 53 training [time: 0.28s, train loss: 5.5642]
Mon 29 Apr 2024 17:16:33 INFO  Saving current: saved/ml-100k/BPR/BPR-Apr-29-2024_17-16-12.pth
Mon 29 Apr 2024 17:16:33 INFO  epoch 54 training [time: 0.28s, train loss: 5.5468]
Mon 29 Apr 2024 17:16:33 INFO  Saving current: saved/ml-100k/BPR/BPR-Apr-29-2024_17-16-12.pth
Mon 29 Apr 2024 17:16:33 INFO  epoch 55 training [time: 0.29s, train loss: 5.4509]
Mon 29 Apr 2024 17:16:33 INFO  Saving current: saved/ml-100k/BPR/BPR-Apr-29-2024_17-16-12.pth
Mon 29 Apr 2024 17:16:34 INFO  epoch 56 training [time: 0.29s, train loss: 5.3788]
Mon 29 Apr 2024 17:16:34 INFO  Saving current: saved/ml-100k/BPR/BPR-Apr-29-2024_17-16-12.pth
Mon 29 Apr 2024 17:16:34 INFO  epoch 57 training [time: 0.27s, train loss: 5.3511]
Mon 29 Apr 2024 17:16:34 INFO  Saving current: saved/ml-100k/BPR/BPR-Apr-29-2024_17-16-12.pth
Mon 29 Apr 2024 17:16:34 INFO  epoch 58 training [time: 0.26s, train loss: 5.3095]
Mon 29 Apr 2024 17:16:34 INFO  Saving current: saved/ml-100k/BPR/BPR-Apr-29-2024_17-16-12.pth
Mon 29 Apr 2024 17:16:34 INFO  epoch 59 training [time: 0.28s, train loss: 5.2316]
Mon 29 Apr 2024 17:16:34 INFO  Saving current: saved/ml-100k/BPR/BPR-Apr-29-2024_17-16-12.pth
Mon 29 Apr 2024 17:16:35 INFO  epoch 60 training [time: 0.29s, train loss: 5.2122]
Mon 29 Apr 2024 17:16:35 INFO  Saving current: saved/ml-100k/BPR/BPR-Apr-29-2024_17-16-12.pth
Mon 29 Apr 2024 17:16:35 INFO  epoch 61 training [time: 0.28s, train loss: 5.1186]
Mon 29 Apr 2024 17:16:35 INFO  Saving current: saved/ml-100k/BPR/BPR-Apr-29-2024_17-16-12.pth
Mon 29 Apr 2024 17:16:35 INFO  epoch 62 training [time: 0.29s, train loss: 5.0727]
Mon 29 Apr 2024 17:16:35 INFO  Saving current: saved/ml-100k/BPR/BPR-Apr-29-2024_17-16-12.pth
Mon 29 Apr 2024 17:16:36 INFO  epoch 63 training [time: 0.28s, train loss: 5.0150]
Mon 29 Apr 2024 17:16:36 INFO  Saving current: saved/ml-100k/BPR/BPR-Apr-29-2024_17-16-12.pth
Mon 29 Apr 2024 17:16:36 INFO  epoch 64 training [time: 0.27s, train loss: 4.8968]
Mon 29 Apr 2024 17:16:36 INFO  Saving current: saved/ml-100k/BPR/BPR-Apr-29-2024_17-16-12.pth
Mon 29 Apr 2024 17:16:36 INFO  epoch 65 training [time: 0.30s, train loss: 4.9253]
Mon 29 Apr 2024 17:16:36 INFO  Saving current: saved/ml-100k/BPR/BPR-Apr-29-2024_17-16-12.pth
Mon 29 Apr 2024 17:16:36 INFO  epoch 66 training [time: 0.27s, train loss: 4.8761]
Mon 29 Apr 2024 17:16:36 INFO  Saving current: saved/ml-100k/BPR/BPR-Apr-29-2024_17-16-12.pth
Mon 29 Apr 2024 17:16:37 INFO  epoch 67 training [time: 0.28s, train loss: 4.8997]
Mon 29 Apr 2024 17:16:37 INFO  Saving current: saved/ml-100k/BPR/BPR-Apr-29-2024_17-16-12.pth
Mon 29 Apr 2024 17:16:37 INFO  epoch 68 training [time: 0.30s, train loss: 4.6857]
Mon 29 Apr 2024 17:16:37 INFO  Saving current: saved/ml-100k/BPR/BPR-Apr-29-2024_17-16-12.pth
Mon 29 Apr 2024 17:16:37 INFO  epoch 69 training [time: 0.27s, train loss: 4.7758]
Mon 29 Apr 2024 17:16:37 INFO  Saving current: saved/ml-100k/BPR/BPR-Apr-29-2024_17-16-12.pth
Mon 29 Apr 2024 17:16:38 INFO  epoch 70 training [time: 0.27s, train loss: 4.6510]
Mon 29 Apr 2024 17:16:38 INFO  Saving current: saved/ml-100k/BPR/BPR-Apr-29-2024_17-16-12.pth
Mon 29 Apr 2024 17:16:38 INFO  epoch 71 training [time: 0.26s, train loss: 4.5724]
Mon 29 Apr 2024 17:16:38 INFO  Saving current: saved/ml-100k/BPR/BPR-Apr-29-2024_17-16-12.pth
Mon 29 Apr 2024 17:16:38 INFO  epoch 72 training [time: 0.26s, train loss: 4.5409]
Mon 29 Apr 2024 17:16:38 INFO  Saving current: saved/ml-100k/BPR/BPR-Apr-29-2024_17-16-12.pth
Mon 29 Apr 2024 17:16:38 INFO  epoch 73 training [time: 0.26s, train loss: 4.5120]
Mon 29 Apr 2024 17:16:38 INFO  Saving current: saved/ml-100k/BPR/BPR-Apr-29-2024_17-16-12.pth
Mon 29 Apr 2024 17:16:39 INFO  epoch 74 training [time: 0.26s, train loss: 4.4731]
Mon 29 Apr 2024 17:16:39 INFO  Saving current: saved/ml-100k/BPR/BPR-Apr-29-2024_17-16-12.pth
Mon 29 Apr 2024 17:16:39 INFO  epoch 75 training [time: 0.29s, train loss: 4.3961]
Mon 29 Apr 2024 17:16:39 INFO  Saving current: saved/ml-100k/BPR/BPR-Apr-29-2024_17-16-12.pth
Mon 29 Apr 2024 17:16:39 INFO  epoch 76 training [time: 0.29s, train loss: 4.3035]
Mon 29 Apr 2024 17:16:39 INFO  Saving current: saved/ml-100k/BPR/BPR-Apr-29-2024_17-16-12.pth
Mon 29 Apr 2024 17:16:40 INFO  epoch 77 training [time: 0.29s, train loss: 4.3439]
Mon 29 Apr 2024 17:16:40 INFO  Saving current: saved/ml-100k/BPR/BPR-Apr-29-2024_17-16-12.pth
Mon 29 Apr 2024 17:16:40 INFO  epoch 78 training [time: 0.27s, train loss: 4.2842]
Mon 29 Apr 2024 17:16:40 INFO  Saving current: saved/ml-100k/BPR/BPR-Apr-29-2024_17-16-12.pth
Mon 29 Apr 2024 17:16:40 INFO  epoch 79 training [time: 0.27s, train loss: 4.2722]
Mon 29 Apr 2024 17:16:40 INFO  Saving current: saved/ml-100k/BPR/BPR-Apr-29-2024_17-16-12.pth
Mon 29 Apr 2024 17:16:40 INFO  epoch 80 training [time: 0.30s, train loss: 4.1608]
Mon 29 Apr 2024 17:16:40 INFO  Saving current: saved/ml-100k/BPR/BPR-Apr-29-2024_17-16-12.pth
Mon 29 Apr 2024 17:16:41 INFO  epoch 81 training [time: 0.29s, train loss: 4.1518]
Mon 29 Apr 2024 17:16:41 INFO  Saving current: saved/ml-100k/BPR/BPR-Apr-29-2024_17-16-12.pth
Mon 29 Apr 2024 17:16:41 INFO  epoch 82 training [time: 0.27s, train loss: 4.0511]
Mon 29 Apr 2024 17:16:41 INFO  Saving current: saved/ml-100k/BPR/BPR-Apr-29-2024_17-16-12.pth
Mon 29 Apr 2024 17:16:41 INFO  epoch 83 training [time: 0.29s, train loss: 3.9969]
Mon 29 Apr 2024 17:16:41 INFO  Saving current: saved/ml-100k/BPR/BPR-Apr-29-2024_17-16-12.pth
Mon 29 Apr 2024 17:16:42 INFO  epoch 84 training [time: 0.26s, train loss: 4.0075]
Mon 29 Apr 2024 17:16:42 INFO  Saving current: saved/ml-100k/BPR/BPR-Apr-29-2024_17-16-12.pth
Mon 29 Apr 2024 17:16:42 INFO  epoch 85 training [time: 0.27s, train loss: 4.0144]
Mon 29 Apr 2024 17:16:42 INFO  Saving current: saved/ml-100k/BPR/BPR-Apr-29-2024_17-16-12.pth
Mon 29 Apr 2024 17:16:42 INFO  epoch 86 training [time: 0.28s, train loss: 3.9494]
Mon 29 Apr 2024 17:16:42 INFO  Saving current: saved/ml-100k/BPR/BPR-Apr-29-2024_17-16-12.pth
Mon 29 Apr 2024 17:16:42 INFO  epoch 87 training [time: 0.28s, train loss: 3.9182]
Mon 29 Apr 2024 17:16:42 INFO  Saving current: saved/ml-100k/BPR/BPR-Apr-29-2024_17-16-12.pth
Mon 29 Apr 2024 17:16:43 INFO  epoch 88 training [time: 0.26s, train loss: 3.8295]
Mon 29 Apr 2024 17:16:43 INFO  Saving current: saved/ml-100k/BPR/BPR-Apr-29-2024_17-16-12.pth
Mon 29 Apr 2024 17:16:43 INFO  epoch 89 training [time: 0.29s, train loss: 3.7386]
Mon 29 Apr 2024 17:16:43 INFO  Saving current: saved/ml-100k/BPR/BPR-Apr-29-2024_17-16-12.pth
Mon 29 Apr 2024 17:16:43 INFO  epoch 90 training [time: 0.27s, train loss: 3.7830]
Mon 29 Apr 2024 17:16:43 INFO  Saving current: saved/ml-100k/BPR/BPR-Apr-29-2024_17-16-12.pth
Mon 29 Apr 2024 17:16:44 INFO  epoch 91 training [time: 0.26s, train loss: 3.7623]
Mon 29 Apr 2024 17:16:44 INFO  Saving current: saved/ml-100k/BPR/BPR-Apr-29-2024_17-16-12.pth
Mon 29 Apr 2024 17:16:44 INFO  epoch 92 training [time: 0.24s, train loss: 3.7369]
Mon 29 Apr 2024 17:16:44 INFO  Saving current: saved/ml-100k/BPR/BPR-Apr-29-2024_17-16-12.pth
Mon 29 Apr 2024 17:16:44 INFO  epoch 93 training [time: 0.26s, train loss: 3.7618]
Mon 29 Apr 2024 17:16:44 INFO  Saving current: saved/ml-100k/BPR/BPR-Apr-29-2024_17-16-12.pth
Mon 29 Apr 2024 17:16:44 INFO  epoch 94 training [time: 0.29s, train loss: 3.7144]
Mon 29 Apr 2024 17:16:44 INFO  Saving current: saved/ml-100k/BPR/BPR-Apr-29-2024_17-16-12.pth
Mon 29 Apr 2024 17:16:45 INFO  epoch 95 training [time: 0.31s, train loss: 3.6284]
Mon 29 Apr 2024 17:16:45 INFO  Saving current: saved/ml-100k/BPR/BPR-Apr-29-2024_17-16-12.pth
Mon 29 Apr 2024 17:16:45 INFO  epoch 96 training [time: 0.32s, train loss: 3.6217]
Mon 29 Apr 2024 17:16:45 INFO  Saving current: saved/ml-100k/BPR/BPR-Apr-29-2024_17-16-12.pth
Mon 29 Apr 2024 17:16:45 INFO  epoch 97 training [time: 0.32s, train loss: 3.5021]
Mon 29 Apr 2024 17:16:45 INFO  Saving current: saved/ml-100k/BPR/BPR-Apr-29-2024_17-16-12.pth
Mon 29 Apr 2024 17:16:46 INFO  epoch 98 training [time: 0.26s, train loss: 3.5042]
Mon 29 Apr 2024 17:16:46 INFO  Saving current: saved/ml-100k/BPR/BPR-Apr-29-2024_17-16-12.pth
Mon 29 Apr 2024 17:16:46 INFO  epoch 99 training [time: 0.26s, train loss: 3.5018]
Mon 29 Apr 2024 17:16:46 INFO  Saving current: saved/ml-100k/BPR/BPR-Apr-29-2024_17-16-12.pth
Mon 29 Apr 2024 17:16:46 INFO  epoch 100 training [time: 0.26s, train loss: 3.4285]
Mon 29 Apr 2024 17:16:46 INFO  Saving current: saved/ml-100k/BPR/BPR-Apr-29-2024_17-16-12.pth
Mon 29 Apr 2024 17:16:47 INFO  epoch 101 training [time: 0.29s, train loss: 3.3730]
Mon 29 Apr 2024 17:16:47 INFO  Saving current: saved/ml-100k/BPR/BPR-Apr-29-2024_17-16-12.pth
Mon 29 Apr 2024 17:16:47 INFO  epoch 102 training [time: 0.27s, train loss: 3.3725]
Mon 29 Apr 2024 17:16:47 INFO  Saving current: saved/ml-100k/BPR/BPR-Apr-29-2024_17-16-12.pth
Mon 29 Apr 2024 17:16:47 INFO  epoch 103 training [time: 0.30s, train loss: 3.3945]
Mon 29 Apr 2024 17:16:47 INFO  Saving current: saved/ml-100k/BPR/BPR-Apr-29-2024_17-16-12.pth
Mon 29 Apr 2024 17:16:47 INFO  epoch 104 training [time: 0.26s, train loss: 3.3353]
Mon 29 Apr 2024 17:16:47 INFO  Saving current: saved/ml-100k/BPR/BPR-Apr-29-2024_17-16-12.pth
Mon 29 Apr 2024 17:16:48 INFO  epoch 105 training [time: 0.26s, train loss: 3.2899]
Mon 29 Apr 2024 17:16:48 INFO  Saving current: saved/ml-100k/BPR/BPR-Apr-29-2024_17-16-12.pth
Mon 29 Apr 2024 17:16:48 INFO  epoch 106 training [time: 0.29s, train loss: 3.2581]
Mon 29 Apr 2024 17:16:48 INFO  Saving current: saved/ml-100k/BPR/BPR-Apr-29-2024_17-16-12.pth
Mon 29 Apr 2024 17:16:48 INFO  epoch 107 training [time: 0.28s, train loss: 3.1768]
Mon 29 Apr 2024 17:16:48 INFO  Saving current: saved/ml-100k/BPR/BPR-Apr-29-2024_17-16-12.pth
Mon 29 Apr 2024 17:16:48 INFO  epoch 108 training [time: 0.27s, train loss: 3.2402]
Mon 29 Apr 2024 17:16:49 INFO  Saving current: saved/ml-100k/BPR/BPR-Apr-29-2024_17-16-12.pth
Mon 29 Apr 2024 17:16:49 INFO  epoch 109 training [time: 0.29s, train loss: 3.1740]
Mon 29 Apr 2024 17:16:49 INFO  Saving current: saved/ml-100k/BPR/BPR-Apr-29-2024_17-16-12.pth
Mon 29 Apr 2024 17:16:49 INFO  epoch 110 training [time: 0.29s, train loss: 3.1432]
Mon 29 Apr 2024 17:16:49 INFO  Saving current: saved/ml-100k/BPR/BPR-Apr-29-2024_17-16-12.pth
Mon 29 Apr 2024 17:16:49 INFO  epoch 111 training [time: 0.27s, train loss: 3.1113]
Mon 29 Apr 2024 17:16:49 INFO  Saving current: saved/ml-100k/BPR/BPR-Apr-29-2024_17-16-12.pth
Mon 29 Apr 2024 17:16:50 INFO  epoch 112 training [time: 0.29s, train loss: 3.0781]
Mon 29 Apr 2024 17:16:50 INFO  Saving current: saved/ml-100k/BPR/BPR-Apr-29-2024_17-16-12.pth
Mon 29 Apr 2024 17:16:50 INFO  epoch 113 training [time: 0.28s, train loss: 3.0700]
Mon 29 Apr 2024 17:16:50 INFO  Saving current: saved/ml-100k/BPR/BPR-Apr-29-2024_17-16-12.pth
Mon 29 Apr 2024 17:16:50 INFO  epoch 114 training [time: 0.28s, train loss: 3.0610]
Mon 29 Apr 2024 17:16:50 INFO  Saving current: saved/ml-100k/BPR/BPR-Apr-29-2024_17-16-12.pth
Mon 29 Apr 2024 17:16:51 INFO  epoch 115 training [time: 0.28s, train loss: 3.0608]
Mon 29 Apr 2024 17:16:51 INFO  Saving current: saved/ml-100k/BPR/BPR-Apr-29-2024_17-16-12.pth
Mon 29 Apr 2024 17:16:51 INFO  epoch 116 training [time: 0.28s, train loss: 3.0022]
Mon 29 Apr 2024 17:16:51 INFO  Saving current: saved/ml-100k/BPR/BPR-Apr-29-2024_17-16-12.pth
Mon 29 Apr 2024 17:16:51 INFO  epoch 117 training [time: 0.29s, train loss: 2.9459]
Mon 29 Apr 2024 17:16:51 INFO  Saving current: saved/ml-100k/BPR/BPR-Apr-29-2024_17-16-12.pth
Mon 29 Apr 2024 17:16:51 INFO  epoch 118 training [time: 0.29s, train loss: 2.9534]
Mon 29 Apr 2024 17:16:51 INFO  Saving current: saved/ml-100k/BPR/BPR-Apr-29-2024_17-16-12.pth
Mon 29 Apr 2024 17:16:52 INFO  epoch 119 training [time: 0.28s, train loss: 2.9672]
Mon 29 Apr 2024 17:16:52 INFO  Saving current: saved/ml-100k/BPR/BPR-Apr-29-2024_17-16-12.pth
Mon 29 Apr 2024 17:16:52 INFO  epoch 120 training [time: 0.29s, train loss: 2.8832]
Mon 29 Apr 2024 17:16:52 INFO  Saving current: saved/ml-100k/BPR/BPR-Apr-29-2024_17-16-12.pth
Mon 29 Apr 2024 17:16:52 INFO  epoch 121 training [time: 0.30s, train loss: 2.9011]
Mon 29 Apr 2024 17:16:52 INFO  Saving current: saved/ml-100k/BPR/BPR-Apr-29-2024_17-16-12.pth
Mon 29 Apr 2024 17:16:53 INFO  epoch 122 training [time: 0.30s, train loss: 2.9315]
Mon 29 Apr 2024 17:16:53 INFO  Saving current: saved/ml-100k/BPR/BPR-Apr-29-2024_17-16-12.pth
Mon 29 Apr 2024 17:16:53 INFO  epoch 123 training [time: 0.27s, train loss: 2.8745]
Mon 29 Apr 2024 17:16:53 INFO  Saving current: saved/ml-100k/BPR/BPR-Apr-29-2024_17-16-12.pth
Mon 29 Apr 2024 17:16:53 INFO  epoch 124 training [time: 0.28s, train loss: 2.8177]
Mon 29 Apr 2024 17:16:53 INFO  Saving current: saved/ml-100k/BPR/BPR-Apr-29-2024_17-16-12.pth
Mon 29 Apr 2024 17:16:54 INFO  epoch 125 training [time: 0.28s, train loss: 2.8184]
Mon 29 Apr 2024 17:16:54 INFO  Saving current: saved/ml-100k/BPR/BPR-Apr-29-2024_17-16-12.pth
Mon 29 Apr 2024 17:16:54 INFO  epoch 126 training [time: 0.29s, train loss: 2.7431]
Mon 29 Apr 2024 17:16:54 INFO  Saving current: saved/ml-100k/BPR/BPR-Apr-29-2024_17-16-12.pth
Mon 29 Apr 2024 17:16:54 INFO  epoch 127 training [time: 0.29s, train loss: 2.7440]
Mon 29 Apr 2024 17:16:54 INFO  Saving current: saved/ml-100k/BPR/BPR-Apr-29-2024_17-16-12.pth
Mon 29 Apr 2024 17:16:54 INFO  epoch 128 training [time: 0.28s, train loss: 2.6934]
Mon 29 Apr 2024 17:16:54 INFO  Saving current: saved/ml-100k/BPR/BPR-Apr-29-2024_17-16-12.pth
Mon 29 Apr 2024 17:16:55 INFO  epoch 129 training [time: 0.29s, train loss: 2.7140]
Mon 29 Apr 2024 17:16:55 INFO  Saving current: saved/ml-100k/BPR/BPR-Apr-29-2024_17-16-12.pth
Mon 29 Apr 2024 17:16:55 INFO  epoch 130 training [time: 0.32s, train loss: 2.6434]
Mon 29 Apr 2024 17:16:55 INFO  Saving current: saved/ml-100k/BPR/BPR-Apr-29-2024_17-16-12.pth
Mon 29 Apr 2024 17:16:55 INFO  epoch 131 training [time: 0.30s, train loss: 2.7169]
Mon 29 Apr 2024 17:16:55 INFO  Saving current: saved/ml-100k/BPR/BPR-Apr-29-2024_17-16-12.pth
Mon 29 Apr 2024 17:16:56 INFO  epoch 132 training [time: 0.26s, train loss: 2.6369]
Mon 29 Apr 2024 17:16:56 INFO  Saving current: saved/ml-100k/BPR/BPR-Apr-29-2024_17-16-12.pth
Mon 29 Apr 2024 17:16:56 INFO  epoch 133 training [time: 0.30s, train loss: 2.6192]
Mon 29 Apr 2024 17:16:56 INFO  Saving current: saved/ml-100k/BPR/BPR-Apr-29-2024_17-16-12.pth
Mon 29 Apr 2024 17:16:56 INFO  epoch 134 training [time: 0.28s, train loss: 2.6547]
Mon 29 Apr 2024 17:16:56 INFO  Saving current: saved/ml-100k/BPR/BPR-Apr-29-2024_17-16-12.pth
Mon 29 Apr 2024 17:16:56 INFO  epoch 135 training [time: 0.26s, train loss: 2.5648]
Mon 29 Apr 2024 17:16:56 INFO  Saving current: saved/ml-100k/BPR/BPR-Apr-29-2024_17-16-12.pth
Mon 29 Apr 2024 17:16:57 INFO  epoch 136 training [time: 0.29s, train loss: 2.5613]
Mon 29 Apr 2024 17:16:57 INFO  Saving current: saved/ml-100k/BPR/BPR-Apr-29-2024_17-16-12.pth
Mon 29 Apr 2024 17:16:57 INFO  epoch 137 training [time: 0.27s, train loss: 2.5621]
Mon 29 Apr 2024 17:16:57 INFO  Saving current: saved/ml-100k/BPR/BPR-Apr-29-2024_17-16-12.pth
Mon 29 Apr 2024 17:16:57 INFO  epoch 138 training [time: 0.27s, train loss: 2.5118]
Mon 29 Apr 2024 17:16:57 INFO  Saving current: saved/ml-100k/BPR/BPR-Apr-29-2024_17-16-12.pth
Mon 29 Apr 2024 17:16:58 INFO  epoch 139 training [time: 0.25s, train loss: 2.5201]
Mon 29 Apr 2024 17:16:58 INFO  Saving current: saved/ml-100k/BPR/BPR-Apr-29-2024_17-16-12.pth
Mon 29 Apr 2024 17:16:58 INFO  epoch 140 training [time: 0.27s, train loss: 2.5377]
Mon 29 Apr 2024 17:16:58 INFO  Saving current: saved/ml-100k/BPR/BPR-Apr-29-2024_17-16-12.pth
Mon 29 Apr 2024 17:16:58 INFO  epoch 141 training [time: 0.28s, train loss: 2.5291]
Mon 29 Apr 2024 17:16:58 INFO  Saving current: saved/ml-100k/BPR/BPR-Apr-29-2024_17-16-12.pth
Mon 29 Apr 2024 17:16:58 INFO  epoch 142 training [time: 0.29s, train loss: 2.4980]
Mon 29 Apr 2024 17:16:58 INFO  Saving current: saved/ml-100k/BPR/BPR-Apr-29-2024_17-16-12.pth
Mon 29 Apr 2024 17:16:59 INFO  epoch 143 training [time: 0.29s, train loss: 2.4677]
Mon 29 Apr 2024 17:16:59 INFO  Saving current: saved/ml-100k/BPR/BPR-Apr-29-2024_17-16-12.pth
Mon 29 Apr 2024 17:16:59 INFO  epoch 144 training [time: 0.29s, train loss: 2.4312]
Mon 29 Apr 2024 17:16:59 INFO  Saving current: saved/ml-100k/BPR/BPR-Apr-29-2024_17-16-12.pth
Mon 29 Apr 2024 17:16:59 INFO  epoch 145 training [time: 0.28s, train loss: 2.3951]
Mon 29 Apr 2024 17:16:59 INFO  Saving current: saved/ml-100k/BPR/BPR-Apr-29-2024_17-16-12.pth
Mon 29 Apr 2024 17:17:00 INFO  epoch 146 training [time: 0.28s, train loss: 2.4078]
Mon 29 Apr 2024 17:17:00 INFO  Saving current: saved/ml-100k/BPR/BPR-Apr-29-2024_17-16-12.pth
Mon 29 Apr 2024 17:17:00 INFO  epoch 147 training [time: 0.30s, train loss: 2.4393]
Mon 29 Apr 2024 17:17:00 INFO  Saving current: saved/ml-100k/BPR/BPR-Apr-29-2024_17-16-12.pth
Mon 29 Apr 2024 17:17:00 INFO  epoch 148 training [time: 0.28s, train loss: 2.3969]
Mon 29 Apr 2024 17:17:00 INFO  Saving current: saved/ml-100k/BPR/BPR-Apr-29-2024_17-16-12.pth
Mon 29 Apr 2024 17:17:01 INFO  epoch 149 training [time: 0.28s, train loss: 2.3581]
Mon 29 Apr 2024 17:17:01 INFO  Saving current: saved/ml-100k/BPR/BPR-Apr-29-2024_17-16-12.pth
Mon 29 Apr 2024 17:17:01 INFO  epoch 150 training [time: 0.26s, train loss: 2.3752]
Mon 29 Apr 2024 17:17:01 INFO  Saving current: saved/ml-100k/BPR/BPR-Apr-29-2024_17-16-12.pth
Mon 29 Apr 2024 17:17:01 INFO  epoch 151 training [time: 0.28s, train loss: 2.3249]
Mon 29 Apr 2024 17:17:01 INFO  Saving current: saved/ml-100k/BPR/BPR-Apr-29-2024_17-16-12.pth
Mon 29 Apr 2024 17:17:01 INFO  epoch 152 training [time: 0.28s, train loss: 2.3505]
Mon 29 Apr 2024 17:17:01 INFO  Saving current: saved/ml-100k/BPR/BPR-Apr-29-2024_17-16-12.pth
Mon 29 Apr 2024 17:17:02 INFO  epoch 153 training [time: 0.26s, train loss: 2.3325]
Mon 29 Apr 2024 17:17:02 INFO  Saving current: saved/ml-100k/BPR/BPR-Apr-29-2024_17-16-12.pth
Mon 29 Apr 2024 17:17:02 INFO  epoch 154 training [time: 0.27s, train loss: 2.3507]
Mon 29 Apr 2024 17:17:02 INFO  Saving current: saved/ml-100k/BPR/BPR-Apr-29-2024_17-16-12.pth
Mon 29 Apr 2024 17:17:02 INFO  epoch 155 training [time: 0.26s, train loss: 2.3098]
Mon 29 Apr 2024 17:17:02 INFO  Saving current: saved/ml-100k/BPR/BPR-Apr-29-2024_17-16-12.pth
Mon 29 Apr 2024 17:17:03 INFO  epoch 156 training [time: 0.28s, train loss: 2.2451]
Mon 29 Apr 2024 17:17:03 INFO  Saving current: saved/ml-100k/BPR/BPR-Apr-29-2024_17-16-12.pth
Mon 29 Apr 2024 17:17:03 INFO  epoch 157 training [time: 0.27s, train loss: 2.2455]
Mon 29 Apr 2024 17:17:03 INFO  Saving current: saved/ml-100k/BPR/BPR-Apr-29-2024_17-16-12.pth
Mon 29 Apr 2024 17:17:03 INFO  epoch 158 training [time: 0.31s, train loss: 2.2593]
Mon 29 Apr 2024 17:17:03 INFO  Saving current: saved/ml-100k/BPR/BPR-Apr-29-2024_17-16-12.pth
Mon 29 Apr 2024 17:17:03 INFO  epoch 159 training [time: 0.28s, train loss: 2.2377]
Mon 29 Apr 2024 17:17:03 INFO  Saving current: saved/ml-100k/BPR/BPR-Apr-29-2024_17-16-12.pth
Mon 29 Apr 2024 17:17:04 INFO  epoch 160 training [time: 0.30s, train loss: 2.2219]
Mon 29 Apr 2024 17:17:04 INFO  Saving current: saved/ml-100k/BPR/BPR-Apr-29-2024_17-16-12.pth
Mon 29 Apr 2024 17:17:04 INFO  epoch 161 training [time: 0.26s, train loss: 2.2341]
Mon 29 Apr 2024 17:17:04 INFO  Saving current: saved/ml-100k/BPR/BPR-Apr-29-2024_17-16-12.pth
Mon 29 Apr 2024 17:17:04 INFO  epoch 162 training [time: 0.25s, train loss: 2.1671]
Mon 29 Apr 2024 17:17:04 INFO  Saving current: saved/ml-100k/BPR/BPR-Apr-29-2024_17-16-12.pth
Mon 29 Apr 2024 17:17:05 INFO  epoch 163 training [time: 0.27s, train loss: 2.1566]
Mon 29 Apr 2024 17:17:05 INFO  Saving current: saved/ml-100k/BPR/BPR-Apr-29-2024_17-16-12.pth
Mon 29 Apr 2024 17:17:05 INFO  epoch 164 training [time: 0.30s, train loss: 2.1342]
Mon 29 Apr 2024 17:17:05 INFO  Saving current: saved/ml-100k/BPR/BPR-Apr-29-2024_17-16-12.pth
Mon 29 Apr 2024 17:17:05 INFO  epoch 165 training [time: 0.26s, train loss: 2.1462]
Mon 29 Apr 2024 17:17:05 INFO  Saving current: saved/ml-100k/BPR/BPR-Apr-29-2024_17-16-12.pth
Mon 29 Apr 2024 17:17:05 INFO  epoch 166 training [time: 0.30s, train loss: 2.1075]
Mon 29 Apr 2024 17:17:05 INFO  Saving current: saved/ml-100k/BPR/BPR-Apr-29-2024_17-16-12.pth
Mon 29 Apr 2024 17:17:06 INFO  epoch 167 training [time: 0.29s, train loss: 2.1650]
Mon 29 Apr 2024 17:17:06 INFO  Saving current: saved/ml-100k/BPR/BPR-Apr-29-2024_17-16-12.pth
Mon 29 Apr 2024 17:17:06 INFO  epoch 168 training [time: 0.29s, train loss: 2.1024]
Mon 29 Apr 2024 17:17:06 INFO  Saving current: saved/ml-100k/BPR/BPR-Apr-29-2024_17-16-12.pth
Mon 29 Apr 2024 17:17:06 INFO  epoch 169 training [time: 0.28s, train loss: 2.0461]
Mon 29 Apr 2024 17:17:06 INFO  Saving current: saved/ml-100k/BPR/BPR-Apr-29-2024_17-16-12.pth
Mon 29 Apr 2024 17:17:07 INFO  epoch 170 training [time: 0.27s, train loss: 2.0617]
Mon 29 Apr 2024 17:17:07 INFO  Saving current: saved/ml-100k/BPR/BPR-Apr-29-2024_17-16-12.pth
Mon 29 Apr 2024 17:17:07 INFO  epoch 171 training [time: 0.27s, train loss: 2.0077]
Mon 29 Apr 2024 17:17:07 INFO  Saving current: saved/ml-100k/BPR/BPR-Apr-29-2024_17-16-12.pth
Mon 29 Apr 2024 17:17:07 INFO  epoch 172 training [time: 0.30s, train loss: 2.1091]
Mon 29 Apr 2024 17:17:07 INFO  Saving current: saved/ml-100k/BPR/BPR-Apr-29-2024_17-16-12.pth
Mon 29 Apr 2024 17:17:07 INFO  epoch 173 training [time: 0.29s, train loss: 2.0333]
Mon 29 Apr 2024 17:17:07 INFO  Saving current: saved/ml-100k/BPR/BPR-Apr-29-2024_17-16-12.pth
Mon 29 Apr 2024 17:17:08 INFO  epoch 174 training [time: 0.28s, train loss: 1.9856]
Mon 29 Apr 2024 17:17:08 INFO  Saving current: saved/ml-100k/BPR/BPR-Apr-29-2024_17-16-12.pth
Mon 29 Apr 2024 17:17:08 INFO  epoch 175 training [time: 0.28s, train loss: 2.0159]
Mon 29 Apr 2024 17:17:08 INFO  Saving current: saved/ml-100k/BPR/BPR-Apr-29-2024_17-16-12.pth
Mon 29 Apr 2024 17:17:08 INFO  epoch 176 training [time: 0.29s, train loss: 2.0595]
Mon 29 Apr 2024 17:17:08 INFO  Saving current: saved/ml-100k/BPR/BPR-Apr-29-2024_17-16-12.pth
Mon 29 Apr 2024 17:17:09 INFO  epoch 177 training [time: 0.27s, train loss: 2.0031]
Mon 29 Apr 2024 17:17:09 INFO  Saving current: saved/ml-100k/BPR/BPR-Apr-29-2024_17-16-12.pth
Mon 29 Apr 2024 17:17:09 INFO  epoch 178 training [time: 0.27s, train loss: 1.9360]
Mon 29 Apr 2024 17:17:09 INFO  Saving current: saved/ml-100k/BPR/BPR-Apr-29-2024_17-16-12.pth
Mon 29 Apr 2024 17:17:09 INFO  epoch 179 training [time: 0.28s, train loss: 1.9640]
Mon 29 Apr 2024 17:17:09 INFO  Saving current: saved/ml-100k/BPR/BPR-Apr-29-2024_17-16-12.pth
Mon 29 Apr 2024 17:17:10 INFO  epoch 180 training [time: 0.30s, train loss: 2.0139]
Mon 29 Apr 2024 17:17:10 INFO  Saving current: saved/ml-100k/BPR/BPR-Apr-29-2024_17-16-12.pth
Mon 29 Apr 2024 17:17:10 INFO  epoch 181 training [time: 0.29s, train loss: 1.9849]
Mon 29 Apr 2024 17:17:10 INFO  Saving current: saved/ml-100k/BPR/BPR-Apr-29-2024_17-16-12.pth
Mon 29 Apr 2024 17:17:10 INFO  epoch 182 training [time: 0.28s, train loss: 1.9466]
Mon 29 Apr 2024 17:17:10 INFO  Saving current: saved/ml-100k/BPR/BPR-Apr-29-2024_17-16-12.pth
Mon 29 Apr 2024 17:17:10 INFO  epoch 183 training [time: 0.29s, train loss: 1.9688]
Mon 29 Apr 2024 17:17:10 INFO  Saving current: saved/ml-100k/BPR/BPR-Apr-29-2024_17-16-12.pth
Mon 29 Apr 2024 17:17:11 INFO  epoch 184 training [time: 0.28s, train loss: 1.9671]
Mon 29 Apr 2024 17:17:11 INFO  Saving current: saved/ml-100k/BPR/BPR-Apr-29-2024_17-16-12.pth
Mon 29 Apr 2024 17:17:11 INFO  epoch 185 training [time: 0.29s, train loss: 1.9501]
Mon 29 Apr 2024 17:17:11 INFO  Saving current: saved/ml-100k/BPR/BPR-Apr-29-2024_17-16-12.pth
Mon 29 Apr 2024 17:17:11 INFO  epoch 186 training [time: 0.26s, train loss: 1.9208]
Mon 29 Apr 2024 17:17:11 INFO  Saving current: saved/ml-100k/BPR/BPR-Apr-29-2024_17-16-12.pth
Mon 29 Apr 2024 17:17:12 INFO  epoch 187 training [time: 0.28s, train loss: 1.9233]
Mon 29 Apr 2024 17:17:12 INFO  Saving current: saved/ml-100k/BPR/BPR-Apr-29-2024_17-16-12.pth
Mon 29 Apr 2024 17:17:12 INFO  epoch 188 training [time: 0.25s, train loss: 1.8668]
Mon 29 Apr 2024 17:17:12 INFO  Saving current: saved/ml-100k/BPR/BPR-Apr-29-2024_17-16-12.pth
Mon 29 Apr 2024 17:17:12 INFO  epoch 189 training [time: 0.27s, train loss: 1.9190]
Mon 29 Apr 2024 17:17:12 INFO  Saving current: saved/ml-100k/BPR/BPR-Apr-29-2024_17-16-12.pth
Mon 29 Apr 2024 17:17:12 INFO  epoch 190 training [time: 0.29s, train loss: 1.8223]
Mon 29 Apr 2024 17:17:12 INFO  Saving current: saved/ml-100k/BPR/BPR-Apr-29-2024_17-16-12.pth
Mon 29 Apr 2024 17:17:13 INFO  epoch 191 training [time: 0.30s, train loss: 1.9190]
Mon 29 Apr 2024 17:17:13 INFO  Saving current: saved/ml-100k/BPR/BPR-Apr-29-2024_17-16-12.pth
Mon 29 Apr 2024 17:17:13 INFO  epoch 192 training [time: 0.30s, train loss: 1.9023]
Mon 29 Apr 2024 17:17:13 INFO  Saving current: saved/ml-100k/BPR/BPR-Apr-29-2024_17-16-12.pth
Mon 29 Apr 2024 17:17:13 INFO  epoch 193 training [time: 0.28s, train loss: 1.8471]
Mon 29 Apr 2024 17:17:13 INFO  Saving current: saved/ml-100k/BPR/BPR-Apr-29-2024_17-16-12.pth
Mon 29 Apr 2024 17:17:14 INFO  epoch 194 training [time: 0.29s, train loss: 1.8208]
Mon 29 Apr 2024 17:17:14 INFO  Saving current: saved/ml-100k/BPR/BPR-Apr-29-2024_17-16-12.pth
Mon 29 Apr 2024 17:17:14 INFO  epoch 195 training [time: 0.29s, train loss: 1.8406]
Mon 29 Apr 2024 17:17:14 INFO  Saving current: saved/ml-100k/BPR/BPR-Apr-29-2024_17-16-12.pth
Mon 29 Apr 2024 17:17:14 INFO  epoch 196 training [time: 0.28s, train loss: 1.8854]
Mon 29 Apr 2024 17:17:14 INFO  Saving current: saved/ml-100k/BPR/BPR-Apr-29-2024_17-16-12.pth
Mon 29 Apr 2024 17:17:14 INFO  epoch 197 training [time: 0.30s, train loss: 1.8497]
Mon 29 Apr 2024 17:17:15 INFO  Saving current: saved/ml-100k/BPR/BPR-Apr-29-2024_17-16-12.pth
Mon 29 Apr 2024 17:17:15 INFO  epoch 198 training [time: 0.31s, train loss: 1.7974]
Mon 29 Apr 2024 17:17:15 INFO  Saving current: saved/ml-100k/BPR/BPR-Apr-29-2024_17-16-12.pth
Mon 29 Apr 2024 17:17:15 INFO  epoch 199 training [time: 0.30s, train loss: 1.8168]
Mon 29 Apr 2024 17:17:15 INFO  Saving current: saved/ml-100k/BPR/BPR-Apr-29-2024_17-16-12.pth
Mon 29 Apr 2024 17:17:15 INFO  Loading model structure and parameters from saved/ml-100k/BPR/BPR-Apr-29-2024_17-16-12.pth
Mon 29 Apr 2024 17:17:17 INFO  The running environment of this training is as follows:
+-------------+----------------+
| Environment |     Usage      |
+=============+================+
| CPU         |    31.70 %     |
+-------------+----------------+
| GPU         | 0.01 G/11.93 G |
+-------------+----------------+
| Memory      | 2.07 G/31.23 G |
+-------------+----------------+
Mon 29 Apr 2024 17:17:17 INFO  best valid : None
Mon 29 Apr 2024 17:17:17 INFO  test result: OrderedDict([('recall@10', 0.2285), ('mrr@10', 0.439), ('ndcg@10', 0.2572), ('hit@10', 0.7614), ('map@10', 0.1473), ('precision@10', 0.1722), ('gauc', 0.9068), ('itemcoverage@10', 0.4504), ('averagepopularity@10', 188.9914), ('giniindex@10', 0.8345), ('shannonentropy@10', 0.0078), ('tailpercentage@10', 0.0)])
Mon 29 Apr 2024 17:17:17 INFO  
General Hyper Parameters:
gpu_id = 0
use_gpu = True
seed = 2020
state = INFO
reproducibility = True
data_path = /home/fontana/Tesi/recsost_env/lib/python3.8/site-packages/recbole/config/../dataset_example/ml-100k
checkpoint_dir = saved/ml-100k/BPR
show_progress = True
save_dataset = False
dataset_save_path = None
save_dataloaders = False
dataloaders_save_path = None
log_wandb = False

Training Hyper Parameters:
epochs = 200
train_batch_size = 2048
learner = adam
learning_rate = 0.001
train_neg_sample_args = {'distribution': 'uniform', 'sample_num': 1, 'dynamic': False, 'candidate_num': 0, 'alpha': 1.0}
eval_step = 1
stopping_step = 10
clip_grad_norm = None
weight_decay = 0.0
loss_decimal_place = 4

Evaluation Hyper Parameters:
eval_args = {'split': {'RS': [0.8, 0.1, 0.1]}, 'order': 'RO', 'group_by': 'user', 'mode': {'valid': 'full', 'test': 'full'}}
repeatable = False
metrics = ['Recall', 'MRR', 'NDCG', 'Hit', 'MAP', 'Precision', 'GAUC', 'ItemCoverage', 'AveragePopularity', 'GiniIndex', 'ShannonEntropy', 'TailPercentage']
topk = [10]
valid_metric = MRR@10
valid_metric_bigger = True
eval_batch_size = 4096
metric_decimal_place = 4

Dataset Hyper Parameters:
field_separator = 	
seq_separator =  
USER_ID_FIELD = user_id
ITEM_ID_FIELD = item_id
RATING_FIELD = rating
TIME_FIELD = timestamp
seq_len = None
LABEL_FIELD = label
threshold = None
NEG_PREFIX = neg_
load_col = {'inter': ['user_id', 'item_id', 'rating', 'timestamp']}
unload_col = None
unused_col = None
additional_feat_suffix = None
rm_dup_inter = None
val_interval = None
filter_inter_by_user_or_item = True
user_inter_num_interval = None
item_inter_num_interval = None
alias_of_user_id = None
alias_of_item_id = None
alias_of_entity_id = None
alias_of_relation_id = None
preload_weight = None
normalize_field = None
normalize_all = True
ITEM_LIST_LENGTH_FIELD = item_length
LIST_SUFFIX = _list
MAX_ITEM_LIST_LENGTH = 50
POSITION_FIELD = position_id
HEAD_ENTITY_ID_FIELD = head_id
TAIL_ENTITY_ID_FIELD = tail_id
RELATION_ID_FIELD = relation_id
ENTITY_ID_FIELD = entity_id
kg_reverse_r = False
entity_kg_num_interval = None
relation_kg_num_interval = None
benchmark_filename = None

Other Hyper Parameters: 
worker = 0
wandb_project = recbole
shuffle = True
require_pow = False
enable_amp = False
enable_scaler = False
transform = None
embedding_size = 64
numerical_features = []
discretization = None
MODEL_TYPE = ModelType.GENERAL
encoding = utf-8
device = cuda
my_log_file = /home/fontana/Tesi/log/carbon_default.log
MODEL_INPUT_TYPE = InputType.PAIRWISE
eval_type = EvaluatorType.RANKING
single_spec = True
local_rank = 0
valid_neg_sample_args = {'distribution': 'uniform', 'sample_num': 'none'}
test_neg_sample_args = {'distribution': 'uniform', 'sample_num': 'none'}


Mon 29 Apr 2024 17:17:18 INFO  ml-100k
The number of users: 944
Average actions of users: 106.04453870625663
The number of items: 1683
Average actions of items: 59.45303210463734
The number of inters: 100000
The sparsity of the dataset: 93.70575143257098%
Remain Fields: ['user_id', 'item_id', 'rating', 'timestamp']
Mon 29 Apr 2024 17:17:18 INFO  [Training]: train_batch_size = [2048] train_neg_sample_args: [{'distribution': 'uniform', 'sample_num': 1, 'dynamic': False, 'candidate_num': 0, 'alpha': 1.0}]
Mon 29 Apr 2024 17:17:18 INFO  [Evaluation]: eval_batch_size = [4096] eval_args: [{'split': {'RS': [0.8, 0.1, 0.1]}, 'order': 'RO', 'group_by': 'user', 'mode': {'valid': 'full', 'test': 'full'}}]
Mon 29 Apr 2024 17:17:18 INFO  Loading model structure and parameters from saved/ml-100k/BPR/BPR-Apr-29-2024_17-16-12.pth
