Wed 08 May 2024 17:35:51 INFO  ['src/default_tracker2.py', '--dataset=LFM-1b_artist_20U50I_25strat', '--model=BPR', '--max_emission_step=7']
Wed 08 May 2024 17:35:51 INFO  
General Hyper Parameters:
gpu_id = 0
use_gpu = True
seed = 2020
state = INFO
reproducibility = True
data_path = data/LFM-1b_artist_20U50I_25strat
checkpoint_dir = saved/LFM-1b_artist_20U50I_25strat/BPR
show_progress = True
save_dataset = False
dataset_save_path = None
save_dataloaders = False
dataloaders_save_path = None
log_wandb = False

Training Hyper Parameters:
epochs = 200
train_batch_size = 2048
learner = adam
learning_rate = 0.001
train_neg_sample_args = {'distribution': 'uniform', 'sample_num': 1, 'dynamic': False, 'candidate_num': 0, 'alpha': 1.0}
eval_step = 1
stopping_step = 10
clip_grad_norm = None
weight_decay = 0.0
loss_decimal_place = 4

Evaluation Hyper Parameters:
eval_args = {'split': {'RS': [0.8, 0.1, 0.1]}, 'order': 'RO', 'group_by': 'user', 'mode': {'valid': 'full', 'test': 'full'}}
repeatable = False
metrics = ['Recall', 'MRR', 'NDCG', 'Hit', 'MAP', 'Precision', 'GAUC', 'ItemCoverage', 'AveragePopularity', 'GiniIndex', 'ShannonEntropy', 'TailPercentage']
topk = [10]
valid_metric = MRR@10
valid_metric_bigger = True
eval_batch_size = 4096
metric_decimal_place = 4

Dataset Hyper Parameters:
field_separator = 	
seq_separator =  
USER_ID_FIELD = user_id
ITEM_ID_FIELD = item_id
RATING_FIELD = rating
TIME_FIELD = timestamp
seq_len = None
LABEL_FIELD = label
threshold = None
NEG_PREFIX = neg_
load_col = {'inter': ['user_id', 'item_id']}
unload_col = None
unused_col = None
additional_feat_suffix = None
rm_dup_inter = None
val_interval = None
filter_inter_by_user_or_item = True
user_inter_num_interval = [0,inf)
item_inter_num_interval = [0,inf)
alias_of_user_id = None
alias_of_item_id = None
alias_of_entity_id = None
alias_of_relation_id = None
preload_weight = None
normalize_field = None
normalize_all = None
ITEM_LIST_LENGTH_FIELD = item_length
LIST_SUFFIX = _list
MAX_ITEM_LIST_LENGTH = 50
POSITION_FIELD = position_id
HEAD_ENTITY_ID_FIELD = head_id
TAIL_ENTITY_ID_FIELD = tail_id
RELATION_ID_FIELD = relation_id
ENTITY_ID_FIELD = entity_id
benchmark_filename = None

Other Hyper Parameters: 
worker = 0
wandb_project = recbole
shuffle = True
require_pow = False
enable_amp = False
enable_scaler = False
transform = None
embedding_size = 64
numerical_features = []
discretization = None
kg_reverse_r = False
entity_kg_num_interval = [0,inf)
relation_kg_num_interval = [0,inf)
MODEL_TYPE = ModelType.GENERAL
encoding = utf-8
device = cuda:1
my_log_file = /home/fontana/Tesi/log/carbon_default.log
max_emission_step = 7
MODEL_INPUT_TYPE = InputType.PAIRWISE
eval_type = EvaluatorType.RANKING
single_spec = True
local_rank = 0
valid_neg_sample_args = {'distribution': 'uniform', 'sample_num': 'none'}
test_neg_sample_args = {'distribution': 'uniform', 'sample_num': 'none'}


Wed 08 May 2024 17:35:52 INFO  LFM-1b_artist_20U50I_25strat
The number of users: 19842
Average actions of users: 11.01038254120256
The number of items: 24879
Average actions of items: 8.781131923788086
The number of inters: 218457
The sparsity of the dataset: 99.95574650251882%
Remain Fields: ['user_id', 'item_id']
Wed 08 May 2024 17:35:54 INFO  [Training]: train_batch_size = [2048] train_neg_sample_args: [{'distribution': 'uniform', 'sample_num': 1, 'dynamic': False, 'candidate_num': 0, 'alpha': 1.0}]
Wed 08 May 2024 17:35:54 INFO  [Evaluation]: eval_batch_size = [4096] eval_args: [{'split': {'RS': [0.8, 0.1, 0.1]}, 'order': 'RO', 'group_by': 'user', 'mode': {'valid': 'full', 'test': 'full'}}]
Wed 08 May 2024 17:35:57 INFO  BPR(
  (user_embedding): Embedding(19842, 64)
  (item_embedding): Embedding(24879, 64)
  (loss): BPRLoss()
)
Trainable parameters: 2862144
Wed 08 May 2024 17:35:57 INFO  FLOPs: 128.0
Wed 08 May 2024 17:36:03 INFO  epoch 0 training [time: 0.59s, train loss: 58.9124]
Wed 08 May 2024 17:36:59 INFO  epoch 0 evaluating [time: 56.10s, valid_score: 0.006400]
Wed 08 May 2024 17:36:59 INFO  valid result: 
recall@10 : 0.014    mrr@10 : 0.0064    ndcg@10 : 0.0074    hit@10 : 0.0194    map@10 : 0.0047    precision@10 : 0.002    gauc : 0.6157    itemcoverage@10 : 0.7434    averagepopularity@10 : 152.077    giniindex@10 : 0.7365    shannonentropy@10 : 0.0005    tailpercentage@10 : 0.0524
Wed 08 May 2024 17:36:59 INFO  Saving current: saved/LFM-1b_artist_20U50I_25strat/BPR/BPR-May-08-2024_17-35-58.pth
Wed 08 May 2024 17:37:00 INFO  epoch 1 training [time: 0.52s, train loss: 58.0505]
Wed 08 May 2024 17:37:55 INFO  epoch 1 evaluating [time: 55.55s, valid_score: 0.029900]
Wed 08 May 2024 17:37:55 INFO  valid result: 
recall@10 : 0.07    mrr@10 : 0.0299    ndcg@10 : 0.0362    hit@10 : 0.0878    map@10 : 0.0238    precision@10 : 0.0089    gauc : 0.8491    itemcoverage@10 : 0.1611    averagepopularity@10 : 808.5022    giniindex@10 : 0.9943    shannonentropy@10 : 0.0009    tailpercentage@10 : 0.0024
Wed 08 May 2024 17:37:56 INFO  Saving current: saved/LFM-1b_artist_20U50I_25strat/BPR/BPR-May-08-2024_17-35-58.pth
Wed 08 May 2024 17:37:56 INFO  epoch 2 training [time: 0.63s, train loss: 50.2254]
Wed 08 May 2024 17:38:52 INFO  epoch 2 evaluating [time: 55.82s, valid_score: 0.033100]
Wed 08 May 2024 17:38:52 INFO  valid result: 
recall@10 : 0.0775    mrr@10 : 0.0331    ndcg@10 : 0.0403    hit@10 : 0.0957    map@10 : 0.0267    precision@10 : 0.0097    gauc : 0.8628    itemcoverage@10 : 0.0782    averagepopularity@10 : 887.8208    giniindex@10 : 0.9983    shannonentropy@10 : 0.0016    tailpercentage@10 : 0.0013
Wed 08 May 2024 17:38:52 INFO  Saving current: saved/LFM-1b_artist_20U50I_25strat/BPR/BPR-May-08-2024_17-35-58.pth
Wed 08 May 2024 17:38:53 INFO  epoch 3 training [time: 0.60s, train loss: 36.8514]
Wed 08 May 2024 17:39:48 INFO  epoch 3 evaluating [time: 55.58s, valid_score: 0.033900]
Wed 08 May 2024 17:39:48 INFO  valid result: 
recall@10 : 0.0797    mrr@10 : 0.0339    ndcg@10 : 0.0415    hit@10 : 0.0977    map@10 : 0.0276    precision@10 : 0.0099    gauc : 0.8643    itemcoverage@10 : 0.0504    averagepopularity@10 : 900.1235    giniindex@10 : 0.999    shannonentropy@10 : 0.0023    tailpercentage@10 : 0.0011
Wed 08 May 2024 17:39:49 INFO  Saving current: saved/LFM-1b_artist_20U50I_25strat/BPR/BPR-May-08-2024_17-35-58.pth
Wed 08 May 2024 17:39:49 INFO  epoch 4 training [time: 0.61s, train loss: 28.5469]
Wed 08 May 2024 17:40:45 INFO  epoch 4 evaluating [time: 55.26s, valid_score: 0.034200]
Wed 08 May 2024 17:40:45 INFO  valid result: 
recall@10 : 0.0807    mrr@10 : 0.0342    ndcg@10 : 0.0418    hit@10 : 0.0988    map@10 : 0.0277    precision@10 : 0.01    gauc : 0.8646    itemcoverage@10 : 0.0379    averagepopularity@10 : 899.6278    giniindex@10 : 0.9992    shannonentropy@10 : 0.0031    tailpercentage@10 : 0.0012
Wed 08 May 2024 17:40:45 INFO  Saving current: saved/LFM-1b_artist_20U50I_25strat/BPR/BPR-May-08-2024_17-35-58.pth
Wed 08 May 2024 17:40:45 INFO  epoch 5 training [time: 0.57s, train loss: 24.6171]
Wed 08 May 2024 17:41:41 INFO  epoch 5 evaluating [time: 55.18s, valid_score: 0.034600]
Wed 08 May 2024 17:41:41 INFO  valid result: 
recall@10 : 0.0811    mrr@10 : 0.0346    ndcg@10 : 0.0422    hit@10 : 0.0991    map@10 : 0.0281    precision@10 : 0.0101    gauc : 0.8645    itemcoverage@10 : 0.0371    averagepopularity@10 : 898.9825    giniindex@10 : 0.9992    shannonentropy@10 : 0.0032    tailpercentage@10 : 0.0011
Wed 08 May 2024 17:41:41 INFO  Saving current: saved/LFM-1b_artist_20U50I_25strat/BPR/BPR-May-08-2024_17-35-58.pth
Wed 08 May 2024 17:41:41 INFO  epoch 6 training [time: 0.49s, train loss: 22.4118]
Wed 08 May 2024 17:42:36 INFO  epoch 6 evaluating [time: 55.18s, valid_score: 0.034700]
Wed 08 May 2024 17:42:36 INFO  valid result: 
recall@10 : 0.081    mrr@10 : 0.0347    ndcg@10 : 0.0423    hit@10 : 0.099    map@10 : 0.0282    precision@10 : 0.0101    gauc : 0.865    itemcoverage@10 : 0.0353    averagepopularity@10 : 897.1485    giniindex@10 : 0.9992    shannonentropy@10 : 0.0034    tailpercentage@10 : 0.0019
Wed 08 May 2024 17:42:37 INFO  Saving current: saved/LFM-1b_artist_20U50I_25strat/BPR/BPR-May-08-2024_17-35-58.pth
Wed 08 May 2024 17:42:37 INFO  epoch 7 training [time: 0.61s, train loss: 21.1314]
Wed 08 May 2024 17:43:33 INFO  epoch 7 evaluating [time: 55.16s, valid_score: 0.034600]
Wed 08 May 2024 17:43:33 INFO  valid result: 
recall@10 : 0.0802    mrr@10 : 0.0346    ndcg@10 : 0.0421    hit@10 : 0.0979    map@10 : 0.0282    precision@10 : 0.0099    gauc : 0.8651    itemcoverage@10 : 0.0343    averagepopularity@10 : 889.8663    giniindex@10 : 0.9992    shannonentropy@10 : 0.0035    tailpercentage@10 : 0.0007
Wed 08 May 2024 17:43:33 INFO  epoch 8 training [time: 0.56s, train loss: 19.8933]
Wed 08 May 2024 17:44:29 INFO  epoch 8 evaluating [time: 55.52s, valid_score: 0.034500]
Wed 08 May 2024 17:44:29 INFO  valid result: 
recall@10 : 0.0801    mrr@10 : 0.0345    ndcg@10 : 0.042    hit@10 : 0.0977    map@10 : 0.0281    precision@10 : 0.0099    gauc : 0.8658    itemcoverage@10 : 0.0326    averagepopularity@10 : 893.81    giniindex@10 : 0.9992    shannonentropy@10 : 0.0036    tailpercentage@10 : 0.0013
Wed 08 May 2024 17:44:29 INFO  epoch 9 training [time: 0.62s, train loss: 19.1188]
Wed 08 May 2024 17:45:25 INFO  epoch 9 evaluating [time: 55.27s, valid_score: 0.034500]
Wed 08 May 2024 17:45:25 INFO  valid result: 
recall@10 : 0.0805    mrr@10 : 0.0345    ndcg@10 : 0.042    hit@10 : 0.0984    map@10 : 0.0279    precision@10 : 0.01    gauc : 0.8662    itemcoverage@10 : 0.0324    averagepopularity@10 : 895.9846    giniindex@10 : 0.9993    shannonentropy@10 : 0.0036    tailpercentage@10 : 0.0015
Wed 08 May 2024 17:45:25 INFO  epoch 10 training [time: 0.59s, train loss: 18.4393]
Wed 08 May 2024 17:46:20 INFO  epoch 10 evaluating [time: 55.28s, valid_score: 0.034500]
Wed 08 May 2024 17:46:20 INFO  valid result: 
recall@10 : 0.081    mrr@10 : 0.0345    ndcg@10 : 0.0422    hit@10 : 0.0986    map@10 : 0.0281    precision@10 : 0.01    gauc : 0.8665    itemcoverage@10 : 0.0323    averagepopularity@10 : 890.7929    giniindex@10 : 0.9992    shannonentropy@10 : 0.0037    tailpercentage@10 : 0.0009
Wed 08 May 2024 17:46:21 INFO  epoch 11 training [time: 0.60s, train loss: 17.9131]
Wed 08 May 2024 17:47:16 INFO  epoch 11 evaluating [time: 55.30s, valid_score: 0.035400]
Wed 08 May 2024 17:47:16 INFO  valid result: 
recall@10 : 0.0804    mrr@10 : 0.0354    ndcg@10 : 0.0428    hit@10 : 0.0985    map@10 : 0.0291    precision@10 : 0.01    gauc : 0.8668    itemcoverage@10 : 0.0321    averagepopularity@10 : 886.6703    giniindex@10 : 0.9992    shannonentropy@10 : 0.0038    tailpercentage@10 : 0.0012
Wed 08 May 2024 17:47:17 INFO  Saving current: saved/LFM-1b_artist_20U50I_25strat/BPR/BPR-May-08-2024_17-35-58.pth
Wed 08 May 2024 17:47:17 INFO  epoch 12 training [time: 0.59s, train loss: 17.2009]
Wed 08 May 2024 17:48:13 INFO  epoch 12 evaluating [time: 55.61s, valid_score: 0.034900]
Wed 08 May 2024 17:48:13 INFO  valid result: 
recall@10 : 0.0794    mrr@10 : 0.0349    ndcg@10 : 0.0423    hit@10 : 0.0971    map@10 : 0.0287    precision@10 : 0.0099    gauc : 0.8673    itemcoverage@10 : 0.0335    averagepopularity@10 : 882.6742    giniindex@10 : 0.9992    shannonentropy@10 : 0.0036    tailpercentage@10 : 0.001
Wed 08 May 2024 17:48:13 INFO  epoch 13 training [time: 0.54s, train loss: 16.6795]
Wed 08 May 2024 17:49:09 INFO  epoch 13 evaluating [time: 55.31s, valid_score: 0.034500]
Wed 08 May 2024 17:49:09 INFO  valid result: 
recall@10 : 0.0795    mrr@10 : 0.0345    ndcg@10 : 0.042    hit@10 : 0.0974    map@10 : 0.0283    precision@10 : 0.0099    gauc : 0.8678    itemcoverage@10 : 0.0334    averagepopularity@10 : 881.6552    giniindex@10 : 0.9992    shannonentropy@10 : 0.0036    tailpercentage@10 : 0.0007
Wed 08 May 2024 17:49:09 INFO  epoch 14 training [time: 0.52s, train loss: 16.1054]
Wed 08 May 2024 17:50:05 INFO  epoch 14 evaluating [time: 55.59s, valid_score: 0.034600]
Wed 08 May 2024 17:50:05 INFO  valid result: 
recall@10 : 0.0799    mrr@10 : 0.0346    ndcg@10 : 0.0422    hit@10 : 0.0975    map@10 : 0.0285    precision@10 : 0.0099    gauc : 0.868    itemcoverage@10 : 0.0348    averagepopularity@10 : 876.9579    giniindex@10 : 0.9992    shannonentropy@10 : 0.0035    tailpercentage@10 : 0.0012
Wed 08 May 2024 17:50:05 INFO  epoch 15 training [time: 0.55s, train loss: 15.4463]
Wed 08 May 2024 17:51:01 INFO  epoch 15 evaluating [time: 55.36s, valid_score: 0.033900]
Wed 08 May 2024 17:51:01 INFO  valid result: 
recall@10 : 0.0793    mrr@10 : 0.0339    ndcg@10 : 0.0416    hit@10 : 0.0972    map@10 : 0.0278    precision@10 : 0.0099    gauc : 0.8685    itemcoverage@10 : 0.0363    averagepopularity@10 : 878.2581    giniindex@10 : 0.9992    shannonentropy@10 : 0.0033    tailpercentage@10 : 0.0015
Wed 08 May 2024 17:51:01 INFO  epoch 16 training [time: 0.59s, train loss: 14.8431]
Wed 08 May 2024 17:51:57 INFO  epoch 16 evaluating [time: 55.46s, valid_score: 0.034100]
Wed 08 May 2024 17:51:57 INFO  valid result: 
recall@10 : 0.0797    mrr@10 : 0.0341    ndcg@10 : 0.0418    hit@10 : 0.0976    map@10 : 0.028    precision@10 : 0.0099    gauc : 0.8688    itemcoverage@10 : 0.0389    averagepopularity@10 : 878.304    giniindex@10 : 0.9991    shannonentropy@10 : 0.0032    tailpercentage@10 : 0.0013
Wed 08 May 2024 17:51:57 INFO  epoch 17 training [time: 0.58s, train loss: 14.3524]
Wed 08 May 2024 17:52:54 INFO  epoch 17 evaluating [time: 56.88s, valid_score: 0.034300]
Wed 08 May 2024 17:52:54 INFO  valid result: 
recall@10 : 0.0802    mrr@10 : 0.0343    ndcg@10 : 0.042    hit@10 : 0.0985    map@10 : 0.028    precision@10 : 0.01    gauc : 0.8691    itemcoverage@10 : 0.0415    averagepopularity@10 : 880.8196    giniindex@10 : 0.9991    shannonentropy@10 : 0.003    tailpercentage@10 : 0.0016
Wed 08 May 2024 17:52:55 INFO  epoch 18 training [time: 0.50s, train loss: 13.7413]
Wed 08 May 2024 17:53:52 INFO  epoch 18 evaluating [time: 57.09s, valid_score: 0.034700]
Wed 08 May 2024 17:53:52 INFO  valid result: 
recall@10 : 0.0801    mrr@10 : 0.0347    ndcg@10 : 0.0422    hit@10 : 0.0989    map@10 : 0.0283    precision@10 : 0.0101    gauc : 0.8696    itemcoverage@10 : 0.0416    averagepopularity@10 : 877.1595    giniindex@10 : 0.999    shannonentropy@10 : 0.003    tailpercentage@10 : 0.0017
Wed 08 May 2024 17:53:52 INFO  epoch 19 training [time: 0.56s, train loss: 13.2997]
Wed 08 May 2024 17:54:50 INFO  epoch 19 evaluating [time: 57.73s, valid_score: 0.035100]
Wed 08 May 2024 17:54:50 INFO  valid result: 
recall@10 : 0.0803    mrr@10 : 0.0351    ndcg@10 : 0.0425    hit@10 : 0.099    map@10 : 0.0287    precision@10 : 0.0101    gauc : 0.8698    itemcoverage@10 : 0.0431    averagepopularity@10 : 873.3511    giniindex@10 : 0.999    shannonentropy@10 : 0.0029    tailpercentage@10 : 0.0022
Wed 08 May 2024 17:54:51 INFO  epoch 20 training [time: 0.60s, train loss: 12.7465]
Wed 08 May 2024 17:55:46 INFO  epoch 20 evaluating [time: 55.57s, valid_score: 0.035100]
Wed 08 May 2024 17:55:46 INFO  valid result: 
recall@10 : 0.0816    mrr@10 : 0.0351    ndcg@10 : 0.0428    hit@10 : 0.0999    map@10 : 0.0286    precision@10 : 0.0102    gauc : 0.87    itemcoverage@10 : 0.0433    averagepopularity@10 : 864.9295    giniindex@10 : 0.999    shannonentropy@10 : 0.003    tailpercentage@10 : 0.002
Wed 08 May 2024 17:55:47 INFO  epoch 21 training [time: 0.55s, train loss: 12.2643]
Wed 08 May 2024 17:56:42 INFO  epoch 21 evaluating [time: 55.62s, valid_score: 0.034700]
Wed 08 May 2024 17:56:42 INFO  valid result: 
recall@10 : 0.0808    mrr@10 : 0.0347    ndcg@10 : 0.0423    hit@10 : 0.0986    map@10 : 0.0282    precision@10 : 0.01    gauc : 0.8703    itemcoverage@10 : 0.0451    averagepopularity@10 : 858.2514    giniindex@10 : 0.9989    shannonentropy@10 : 0.0029    tailpercentage@10 : 0.0016
Wed 08 May 2024 17:56:43 INFO  epoch 22 training [time: 0.59s, train loss: 11.7933]
Wed 08 May 2024 17:57:40 INFO  epoch 22 evaluating [time: 57.10s, valid_score: 0.034500]
Wed 08 May 2024 17:57:40 INFO  valid result: 
recall@10 : 0.08    mrr@10 : 0.0345    ndcg@10 : 0.0419    hit@10 : 0.0973    map@10 : 0.028    precision@10 : 0.0099    gauc : 0.8707    itemcoverage@10 : 0.0475    averagepopularity@10 : 857.2222    giniindex@10 : 0.9988    shannonentropy@10 : 0.0028    tailpercentage@10 : 0.0016
Wed 08 May 2024 17:57:40 INFO  Finished training, best eval result in epoch 11
Wed 08 May 2024 17:57:40 INFO  Loading model structure and parameters from saved/LFM-1b_artist_20U50I_25strat/BPR/BPR-May-08-2024_17-35-58.pth
Wed 08 May 2024 17:58:48 INFO  The running environment of this training is as follows:
+-------------+----------------+
| Environment |     Usage      |
+=============+================+
| CPU         |    29.20 %     |
+-------------+----------------+
| GPU         | 0.10 G/11.93 G |
+-------------+----------------+
| Memory      | 2.17 G/31.23 G |
+-------------+----------------+
Wed 08 May 2024 17:58:48 INFO  best valid : OrderedDict([('recall@10', 0.0804), ('mrr@10', 0.0354), ('ndcg@10', 0.0428), ('hit@10', 0.0985), ('map@10', 0.0291), ('precision@10', 0.01), ('gauc', 0.8668), ('itemcoverage@10', 0.0321), ('averagepopularity@10', 886.6703), ('giniindex@10', 0.9992), ('shannonentropy@10', 0.0038), ('tailpercentage@10', 0.0012)])
Wed 08 May 2024 17:58:48 INFO  test result: OrderedDict([('recall@10', 0.0772), ('mrr@10', 0.0316), ('ndcg@10', 0.04), ('hit@10', 0.0917), ('map@10', 0.0269), ('precision@10', 0.0093), ('gauc', 0.8629), ('itemcoverage@10', 0.0421), ('averagepopularity@10', 877.7191), ('giniindex@10', 0.9991), ('shannonentropy@10', 0.0029), ('tailpercentage@10', 0.0018)])
Wed 08 May 2024 17:58:48 INFO  
General Hyper Parameters:
gpu_id = 0
use_gpu = True
seed = 2020
state = INFO
reproducibility = True
data_path = data/LFM-1b_artist_20U50I_25strat
checkpoint_dir = saved/LFM-1b_artist_20U50I_25strat/BPR
show_progress = True
save_dataset = False
dataset_save_path = None
save_dataloaders = False
dataloaders_save_path = None
log_wandb = False

Training Hyper Parameters:
epochs = 200
train_batch_size = 2048
learner = adam
learning_rate = 0.001
train_neg_sample_args = {'distribution': 'uniform', 'sample_num': 1, 'dynamic': False, 'candidate_num': 0, 'alpha': 1.0}
eval_step = 1
stopping_step = 10
clip_grad_norm = None
weight_decay = 0.0
loss_decimal_place = 4

Evaluation Hyper Parameters:
eval_args = {'split': {'RS': [0.8, 0.1, 0.1]}, 'order': 'RO', 'group_by': 'user', 'mode': {'valid': 'full', 'test': 'full'}}
repeatable = False
metrics = ['Recall', 'MRR', 'NDCG', 'Hit', 'MAP', 'Precision', 'GAUC', 'ItemCoverage', 'AveragePopularity', 'GiniIndex', 'ShannonEntropy', 'TailPercentage']
topk = [10]
valid_metric = MRR@10
valid_metric_bigger = True
eval_batch_size = 4096
metric_decimal_place = 4

Dataset Hyper Parameters:
field_separator = 	
seq_separator =  
USER_ID_FIELD = user_id
ITEM_ID_FIELD = item_id
RATING_FIELD = rating
TIME_FIELD = timestamp
seq_len = None
LABEL_FIELD = label
threshold = None
NEG_PREFIX = neg_
load_col = {'inter': ['user_id', 'item_id']}
unload_col = None
unused_col = None
additional_feat_suffix = None
rm_dup_inter = None
val_interval = None
filter_inter_by_user_or_item = True
user_inter_num_interval = [0,inf)
item_inter_num_interval = [0,inf)
alias_of_user_id = None
alias_of_item_id = None
alias_of_entity_id = None
alias_of_relation_id = None
preload_weight = None
normalize_field = None
normalize_all = None
ITEM_LIST_LENGTH_FIELD = item_length
LIST_SUFFIX = _list
MAX_ITEM_LIST_LENGTH = 50
POSITION_FIELD = position_id
HEAD_ENTITY_ID_FIELD = head_id
TAIL_ENTITY_ID_FIELD = tail_id
RELATION_ID_FIELD = relation_id
ENTITY_ID_FIELD = entity_id
benchmark_filename = None

Other Hyper Parameters: 
worker = 0
wandb_project = recbole
shuffle = True
require_pow = False
enable_amp = False
enable_scaler = False
transform = None
embedding_size = 64
numerical_features = []
discretization = None
kg_reverse_r = False
entity_kg_num_interval = [0,inf)
relation_kg_num_interval = [0,inf)
MODEL_TYPE = ModelType.GENERAL
encoding = utf-8
device = cuda:1
my_log_file = /home/fontana/Tesi/log/carbon_default.log
max_emission_step = 7
MODEL_INPUT_TYPE = InputType.PAIRWISE
eval_type = EvaluatorType.RANKING
single_spec = True
local_rank = 0
valid_neg_sample_args = {'distribution': 'uniform', 'sample_num': 'none'}
test_neg_sample_args = {'distribution': 'uniform', 'sample_num': 'none'}


Wed 08 May 2024 17:58:49 INFO  LFM-1b_artist_20U50I_25strat
The number of users: 19842
Average actions of users: 11.01038254120256
The number of items: 24879
Average actions of items: 8.781131923788086
The number of inters: 218457
The sparsity of the dataset: 99.95574650251882%
Remain Fields: ['user_id', 'item_id']
Wed 08 May 2024 17:58:51 INFO  [Training]: train_batch_size = [2048] train_neg_sample_args: [{'distribution': 'uniform', 'sample_num': 1, 'dynamic': False, 'candidate_num': 0, 'alpha': 1.0}]
Wed 08 May 2024 17:58:51 INFO  [Evaluation]: eval_batch_size = [4096] eval_args: [{'split': {'RS': [0.8, 0.1, 0.1]}, 'order': 'RO', 'group_by': 'user', 'mode': {'valid': 'full', 'test': 'full'}}]
Wed 08 May 2024 17:58:51 INFO  Loading model structure and parameters from saved/LFM-1b_artist_20U50I_25strat/BPR/BPR-May-08-2024_17-35-58.pth
