Mon 15 Apr 2024 12:26:41 INFO  ['src/default_tracker.py', '--dataset=ml-10m_core5', '--model=BPR']
Mon 15 Apr 2024 12:26:41 INFO  
General Hyper Parameters:
gpu_id = 0
use_gpu = True
seed = 2020
state = INFO
reproducibility = True
data_path = data/ml-10m_core5
checkpoint_dir = saved/ml-10m_core5/BPR
show_progress = True
save_dataset = False
dataset_save_path = None
save_dataloaders = False
dataloaders_save_path = None
log_wandb = False

Training Hyper Parameters:
epochs = 200
train_batch_size = 2048
learner = adam
learning_rate = 0.001
train_neg_sample_args = {'distribution': 'uniform', 'sample_num': 1, 'dynamic': False, 'candidate_num': 0, 'alpha': 1.0}
eval_step = 1
stopping_step = 10
clip_grad_norm = None
weight_decay = 0.0
loss_decimal_place = 4

Evaluation Hyper Parameters:
eval_args = {'split': {'RS': [0.8, 0.1, 0.1]}, 'order': 'RO', 'group_by': 'user', 'mode': {'valid': 'full', 'test': 'full'}}
repeatable = False
metrics = ['Recall', 'MRR', 'NDCG', 'Hit', 'MAP', 'Precision', 'GAUC', 'ItemCoverage', 'AveragePopularity', 'GiniIndex', 'ShannonEntropy', 'TailPercentage']
topk = [10]
valid_metric = MRR@10
valid_metric_bigger = True
eval_batch_size = 4096
metric_decimal_place = 4

Dataset Hyper Parameters:
field_separator = 	
seq_separator =  
USER_ID_FIELD = user_id
ITEM_ID_FIELD = item_id
RATING_FIELD = rating
TIME_FIELD = timestamp
seq_len = None
LABEL_FIELD = label
threshold = None
NEG_PREFIX = neg_
load_col = {'inter': ['user_id', 'item_id']}
unload_col = None
unused_col = None
additional_feat_suffix = None
rm_dup_inter = None
val_interval = None
filter_inter_by_user_or_item = True
user_inter_num_interval = [0,inf)
item_inter_num_interval = [0,inf)
alias_of_user_id = None
alias_of_item_id = None
alias_of_entity_id = None
alias_of_relation_id = None
preload_weight = None
normalize_field = None
normalize_all = None
ITEM_LIST_LENGTH_FIELD = item_length
LIST_SUFFIX = _list
MAX_ITEM_LIST_LENGTH = 50
POSITION_FIELD = position_id
HEAD_ENTITY_ID_FIELD = head_id
TAIL_ENTITY_ID_FIELD = tail_id
RELATION_ID_FIELD = relation_id
ENTITY_ID_FIELD = entity_id
benchmark_filename = None

Other Hyper Parameters: 
worker = 0
wandb_project = recbole
shuffle = True
require_pow = False
enable_amp = False
enable_scaler = False
transform = None
embedding_size = 64
numerical_features = []
discretization = None
kg_reverse_r = False
entity_kg_num_interval = [0,inf)
relation_kg_num_interval = [0,inf)
MODEL_TYPE = ModelType.GENERAL
encoding = utf-8
device = cuda
my_log_file = /mnt/batch/tasks/shared/LS_root/mounts/clusters/fontanagpu/code/sustainability-of-recsys/log/carbon_default.log
MODEL_INPUT_TYPE = InputType.PAIRWISE
eval_type = EvaluatorType.RANKING
single_spec = True
local_rank = 0
valid_neg_sample_args = {'distribution': 'uniform', 'sample_num': 'none'}
test_neg_sample_args = {'distribution': 'uniform', 'sample_num': 'none'}


Mon 15 Apr 2024 12:27:10 INFO  ml-10m_core5
The number of users: 69879
Average actions of users: 143.0896133260826
The number of items: 10197
Average actions of items: 980.6606512357787
The number of inters: 9998816
The sparsity of the dataset: 98.59676801363936%
Remain Fields: ['user_id', 'item_id']
Mon 15 Apr 2024 12:27:41 INFO  [Training]: train_batch_size = [2048] train_neg_sample_args: [{'distribution': 'uniform', 'sample_num': 1, 'dynamic': False, 'candidate_num': 0, 'alpha': 1.0}]
Mon 15 Apr 2024 12:27:41 INFO  [Evaluation]: eval_batch_size = [4096] eval_args: [{'split': {'RS': [0.8, 0.1, 0.1]}, 'order': 'RO', 'group_by': 'user', 'mode': {'valid': 'full', 'test': 'full'}}]
Mon 15 Apr 2024 12:27:41 INFO  BPR(
  (user_embedding): Embedding(69879, 64)
  (item_embedding): Embedding(10197, 64)
  (loss): BPRLoss()
)
Trainable parameters: 5124864
Mon 15 Apr 2024 12:27:49 INFO  FLOPs: 128.0
Mon 15 Apr 2024 12:28:59 INFO  epoch 0 training [time: 23.11s, train loss: 1024.9482]
Mon 15 Apr 2024 12:32:31 INFO  epoch 0 evaluating [time: 212.01s, valid_score: 0.229700]
Mon 15 Apr 2024 12:32:31 INFO  valid result: 
recall@10 : 0.098    mrr@10 : 0.2297    ndcg@10 : 0.1236    hit@10 : 0.4991    map@10 : 0.0609    precision@10 : 0.0949    gauc : 0.927    itemcoverage@10 : 0.037    averagepopularity@10 : 22421.4028    giniindex@10 : 0.9977    shannonentropy@10 : 0.0091    tailpercentage@10 : 0.0001
Mon 15 Apr 2024 12:32:32 INFO  Saving current: saved/ml-10m_core5/BPR/BPR-Apr-15-2024_12-27-50.pth
Mon 15 Apr 2024 12:32:53 INFO  epoch 1 training [time: 20.63s, train loss: 649.2435]
Mon 15 Apr 2024 12:36:24 INFO  epoch 1 evaluating [time: 211.59s, valid_score: 0.254500]
Mon 15 Apr 2024 12:36:24 INFO  valid result: 
recall@10 : 0.1117    mrr@10 : 0.2545    ndcg@10 : 0.1388    hit@10 : 0.5315    map@10 : 0.0701    precision@10 : 0.1046    gauc : 0.9395    itemcoverage@10 : 0.0697    averagepopularity@10 : 20299.3257    giniindex@10 : 0.9956    shannonentropy@10 : 0.0057    tailpercentage@10 : 0.0
Mon 15 Apr 2024 12:36:25 INFO  Saving current: saved/ml-10m_core5/BPR/BPR-Apr-15-2024_12-27-50.pth
Mon 15 Apr 2024 12:36:46 INFO  epoch 2 training [time: 20.85s, train loss: 559.7146]
Mon 15 Apr 2024 12:45:47 INFO  epoch 2 evaluating [time: 540.63s, valid_score: 0.268700]
Mon 15 Apr 2024 12:45:47 INFO  valid result: 
recall@10 : 0.1193    mrr@10 : 0.2687    ndcg@10 : 0.1485    hit@10 : 0.5555    map@10 : 0.0759    precision@10 : 0.1122    gauc : 0.9462    itemcoverage@10 : 0.1096    averagepopularity@10 : 18757.0688    giniindex@10 : 0.993    shannonentropy@10 : 0.004    tailpercentage@10 : 0.0
Mon 15 Apr 2024 12:45:48 INFO  Saving current: saved/ml-10m_core5/BPR/BPR-Apr-15-2024_12-27-50.pth
Mon 15 Apr 2024 12:46:12 INFO  epoch 3 training [time: 24.39s, train loss: 503.5146]
Mon 15 Apr 2024 12:49:58 INFO  epoch 3 evaluating [time: 226.11s, valid_score: 0.279800]
Mon 15 Apr 2024 12:49:58 INFO  valid result: 
recall@10 : 0.1295    mrr@10 : 0.2798    ndcg@10 : 0.157    hit@10 : 0.5815    map@10 : 0.0803    precision@10 : 0.1187    gauc : 0.9504    itemcoverage@10 : 0.158    averagepopularity@10 : 18018.6916    giniindex@10 : 0.9905    shannonentropy@10 : 0.0029    tailpercentage@10 : 0.0
Mon 15 Apr 2024 12:50:00 INFO  Saving current: saved/ml-10m_core5/BPR/BPR-Apr-15-2024_12-27-50.pth
Mon 15 Apr 2024 12:50:20 INFO  epoch 4 training [time: 20.40s, train loss: 465.9510]
Mon 15 Apr 2024 12:53:48 INFO  epoch 4 evaluating [time: 207.91s, valid_score: 0.302500]
Mon 15 Apr 2024 12:53:48 INFO  valid result: 
recall@10 : 0.1402    mrr@10 : 0.3025    ndcg@10 : 0.1698    hit@10 : 0.6093    map@10 : 0.0882    precision@10 : 0.1256    gauc : 0.9531    itemcoverage@10 : 0.1881    averagepopularity@10 : 16799.6084    giniindex@10 : 0.9875    shannonentropy@10 : 0.0026    tailpercentage@10 : 0.0
Mon 15 Apr 2024 12:53:49 INFO  Saving current: saved/ml-10m_core5/BPR/BPR-Apr-15-2024_12-27-50.pth
Mon 15 Apr 2024 12:54:10 INFO  epoch 5 training [time: 20.47s, train loss: 438.2837]
Mon 15 Apr 2024 12:57:59 INFO  epoch 5 evaluating [time: 229.07s, valid_score: 0.321600]
Mon 15 Apr 2024 12:57:59 INFO  valid result: 
recall@10 : 0.1525    mrr@10 : 0.3216    ndcg@10 : 0.1832    hit@10 : 0.6311    map@10 : 0.0978    precision@10 : 0.1324    gauc : 0.9551    itemcoverage@10 : 0.2157    averagepopularity@10 : 15885.6947    giniindex@10 : 0.9842    shannonentropy@10 : 0.0024    tailpercentage@10 : 0.0
Mon 15 Apr 2024 12:58:00 INFO  Saving current: saved/ml-10m_core5/BPR/BPR-Apr-15-2024_12-27-50.pth
Mon 15 Apr 2024 12:58:21 INFO  epoch 6 training [time: 21.34s, train loss: 415.8999]
Mon 15 Apr 2024 13:02:20 INFO  epoch 6 evaluating [time: 238.48s, valid_score: 0.327300]
Mon 15 Apr 2024 13:02:20 INFO  valid result: 
recall@10 : 0.1601    mrr@10 : 0.3273    ndcg@10 : 0.189    hit@10 : 0.6432    map@10 : 0.1012    precision@10 : 0.1366    gauc : 0.9565    itemcoverage@10 : 0.2427    averagepopularity@10 : 15300.2441    giniindex@10 : 0.9811    shannonentropy@10 : 0.0022    tailpercentage@10 : 0.0
Mon 15 Apr 2024 13:02:21 INFO  Saving current: saved/ml-10m_core5/BPR/BPR-Apr-15-2024_12-27-50.pth
Mon 15 Apr 2024 13:02:42 INFO  epoch 7 training [time: 21.29s, train loss: 397.9281]
Mon 15 Apr 2024 13:06:38 INFO  epoch 7 evaluating [time: 236.13s, valid_score: 0.336700]
Mon 15 Apr 2024 13:06:38 INFO  valid result: 
recall@10 : 0.1673    mrr@10 : 0.3367    ndcg@10 : 0.196    hit@10 : 0.653    map@10 : 0.1061    precision@10 : 0.1402    gauc : 0.9575    itemcoverage@10 : 0.261    averagepopularity@10 : 15094.6361    giniindex@10 : 0.9791    shannonentropy@10 : 0.002    tailpercentage@10 : 0.0
Mon 15 Apr 2024 13:06:39 INFO  Saving current: saved/ml-10m_core5/BPR/BPR-Apr-15-2024_12-27-50.pth
Mon 15 Apr 2024 13:07:00 INFO  epoch 8 training [time: 21.26s, train loss: 383.3033]
Mon 15 Apr 2024 13:11:04 INFO  epoch 8 evaluating [time: 243.43s, valid_score: 0.341400]
Mon 15 Apr 2024 13:11:04 INFO  valid result: 
recall@10 : 0.1715    mrr@10 : 0.3414    ndcg@10 : 0.1998    hit@10 : 0.6634    map@10 : 0.1084    precision@10 : 0.1425    gauc : 0.9583    itemcoverage@10 : 0.2775    averagepopularity@10 : 14749.4398    giniindex@10 : 0.9769    shannonentropy@10 : 0.0019    tailpercentage@10 : 0.0
Mon 15 Apr 2024 13:11:04 INFO  Saving current: saved/ml-10m_core5/BPR/BPR-Apr-15-2024_12-27-50.pth
Mon 15 Apr 2024 13:11:26 INFO  epoch 9 training [time: 21.34s, train loss: 370.8491]
Mon 15 Apr 2024 13:15:17 INFO  epoch 9 evaluating [time: 230.91s, valid_score: 0.340700]
Mon 15 Apr 2024 13:15:17 INFO  valid result: 
recall@10 : 0.175    mrr@10 : 0.3407    ndcg@10 : 0.2009    hit@10 : 0.6668    map@10 : 0.1088    precision@10 : 0.1437    gauc : 0.9589    itemcoverage@10 : 0.2982    averagepopularity@10 : 14004.7345    giniindex@10 : 0.9743    shannonentropy@10 : 0.0019    tailpercentage@10 : 0.0
Mon 15 Apr 2024 13:15:38 INFO  epoch 10 training [time: 21.49s, train loss: 359.8838]
Mon 15 Apr 2024 13:19:17 INFO  epoch 10 evaluating [time: 219.11s, valid_score: 0.343300]
Mon 15 Apr 2024 13:19:17 INFO  valid result: 
recall@10 : 0.1763    mrr@10 : 0.3433    ndcg@10 : 0.2034    hit@10 : 0.6705    map@10 : 0.1107    precision@10 : 0.1455    gauc : 0.9594    itemcoverage@10 : 0.3165    averagepopularity@10 : 14070.5407    giniindex@10 : 0.9728    shannonentropy@10 : 0.0018    tailpercentage@10 : 0.0
Mon 15 Apr 2024 13:19:18 INFO  Saving current: saved/ml-10m_core5/BPR/BPR-Apr-15-2024_12-27-50.pth
Mon 15 Apr 2024 13:19:38 INFO  epoch 11 training [time: 19.70s, train loss: 349.4838]
Mon 15 Apr 2024 13:23:03 INFO  epoch 11 evaluating [time: 205.40s, valid_score: 0.346400]
Mon 15 Apr 2024 13:23:03 INFO  valid result: 
recall@10 : 0.1787    mrr@10 : 0.3464    ndcg@10 : 0.2054    hit@10 : 0.6734    map@10 : 0.1119    precision@10 : 0.1465    gauc : 0.9598    itemcoverage@10 : 0.3334    averagepopularity@10 : 13517.4116    giniindex@10 : 0.97    shannonentropy@10 : 0.0017    tailpercentage@10 : 0.0
Mon 15 Apr 2024 13:23:04 INFO  Saving current: saved/ml-10m_core5/BPR/BPR-Apr-15-2024_12-27-50.pth
Mon 15 Apr 2024 13:23:23 INFO  epoch 12 training [time: 19.09s, train loss: 340.7278]
Mon 15 Apr 2024 13:26:48 INFO  epoch 12 evaluating [time: 204.61s, valid_score: 0.347000]
Mon 15 Apr 2024 13:26:48 INFO  valid result: 
recall@10 : 0.1795    mrr@10 : 0.347    ndcg@10 : 0.2061    hit@10 : 0.6768    map@10 : 0.1123    precision@10 : 0.1471    gauc : 0.9601    itemcoverage@10 : 0.3545    averagepopularity@10 : 13417.5631    giniindex@10 : 0.9687    shannonentropy@10 : 0.0016    tailpercentage@10 : 0.0
Mon 15 Apr 2024 13:26:49 INFO  Saving current: saved/ml-10m_core5/BPR/BPR-Apr-15-2024_12-27-50.pth
Mon 15 Apr 2024 13:27:08 INFO  epoch 13 training [time: 18.69s, train loss: 332.4111]
Mon 15 Apr 2024 13:30:34 INFO  epoch 13 evaluating [time: 205.70s, valid_score: 0.351000]
Mon 15 Apr 2024 13:30:34 INFO  valid result: 
recall@10 : 0.1817    mrr@10 : 0.351    ndcg@10 : 0.2087    hit@10 : 0.6815    map@10 : 0.1141    precision@10 : 0.1484    gauc : 0.9603    itemcoverage@10 : 0.3635    averagepopularity@10 : 13218.773    giniindex@10 : 0.9672    shannonentropy@10 : 0.0016    tailpercentage@10 : 0.0
Mon 15 Apr 2024 13:30:35 INFO  Saving current: saved/ml-10m_core5/BPR/BPR-Apr-15-2024_12-27-50.pth
Mon 15 Apr 2024 13:30:53 INFO  epoch 14 training [time: 18.50s, train loss: 325.0787]
Mon 15 Apr 2024 13:34:18 INFO  epoch 14 evaluating [time: 205.03s, valid_score: 0.351300]
Mon 15 Apr 2024 13:34:18 INFO  valid result: 
recall@10 : 0.1821    mrr@10 : 0.3513    ndcg@10 : 0.2084    hit@10 : 0.6827    map@10 : 0.1136    precision@10 : 0.1482    gauc : 0.9604    itemcoverage@10 : 0.3809    averagepopularity@10 : 12833.3762    giniindex@10 : 0.9651    shannonentropy@10 : 0.0015    tailpercentage@10 : 0.0
Mon 15 Apr 2024 13:34:19 INFO  Saving current: saved/ml-10m_core5/BPR/BPR-Apr-15-2024_12-27-50.pth
Mon 15 Apr 2024 13:34:38 INFO  epoch 15 training [time: 18.44s, train loss: 319.5890]
Mon 15 Apr 2024 13:38:02 INFO  epoch 15 evaluating [time: 204.78s, valid_score: 0.354100]
Mon 15 Apr 2024 13:38:02 INFO  valid result: 
recall@10 : 0.183    mrr@10 : 0.3541    ndcg@10 : 0.21    hit@10 : 0.6851    map@10 : 0.1147    precision@10 : 0.149    gauc : 0.9605    itemcoverage@10 : 0.3949    averagepopularity@10 : 13024.646    giniindex@10 : 0.9628    shannonentropy@10 : 0.0015    tailpercentage@10 : 0.0
Mon 15 Apr 2024 13:38:03 INFO  Saving current: saved/ml-10m_core5/BPR/BPR-Apr-15-2024_12-27-50.pth
Mon 15 Apr 2024 13:38:22 INFO  epoch 16 training [time: 18.51s, train loss: 313.6217]
Mon 15 Apr 2024 13:41:45 INFO  epoch 16 evaluating [time: 203.51s, valid_score: 0.355000]
Mon 15 Apr 2024 13:41:45 INFO  valid result: 
recall@10 : 0.1835    mrr@10 : 0.355    ndcg@10 : 0.2108    hit@10 : 0.6859    map@10 : 0.1156    precision@10 : 0.149    gauc : 0.9606    itemcoverage@10 : 0.4044    averagepopularity@10 : 12936.4469    giniindex@10 : 0.9622    shannonentropy@10 : 0.0015    tailpercentage@10 : 0.0
Mon 15 Apr 2024 13:41:46 INFO  Saving current: saved/ml-10m_core5/BPR/BPR-Apr-15-2024_12-27-50.pth
Mon 15 Apr 2024 13:42:05 INFO  epoch 17 training [time: 18.46s, train loss: 308.2642]
Mon 15 Apr 2024 13:45:32 INFO  epoch 17 evaluating [time: 207.08s, valid_score: 0.353100]
Mon 15 Apr 2024 13:45:32 INFO  valid result: 
recall@10 : 0.184    mrr@10 : 0.3531    ndcg@10 : 0.2104    hit@10 : 0.6863    map@10 : 0.1149    precision@10 : 0.1497    gauc : 0.9607    itemcoverage@10 : 0.4198    averagepopularity@10 : 12669.3174    giniindex@10 : 0.9603    shannonentropy@10 : 0.0014    tailpercentage@10 : 0.0
Mon 15 Apr 2024 13:45:50 INFO  epoch 18 training [time: 18.49s, train loss: 302.5438]
Mon 15 Apr 2024 13:49:13 INFO  epoch 18 evaluating [time: 202.83s, valid_score: 0.354200]
Mon 15 Apr 2024 13:49:13 INFO  valid result: 
recall@10 : 0.185    mrr@10 : 0.3542    ndcg@10 : 0.2105    hit@10 : 0.6895    map@10 : 0.1146    precision@10 : 0.1497    gauc : 0.9607    itemcoverage@10 : 0.4345    averagepopularity@10 : 12935.7073    giniindex@10 : 0.9592    shannonentropy@10 : 0.0014    tailpercentage@10 : 0.0
Mon 15 Apr 2024 13:49:32 INFO  epoch 19 training [time: 18.56s, train loss: 297.9276]
Mon 15 Apr 2024 13:52:55 INFO  epoch 19 evaluating [time: 203.48s, valid_score: 0.354600]
Mon 15 Apr 2024 13:52:55 INFO  valid result: 
recall@10 : 0.186    mrr@10 : 0.3546    ndcg@10 : 0.2114    hit@10 : 0.6905    map@10 : 0.1157    precision@10 : 0.1495    gauc : 0.9607    itemcoverage@10 : 0.4464    averagepopularity@10 : 12273.2451    giniindex@10 : 0.9564    shannonentropy@10 : 0.0013    tailpercentage@10 : 0.0
Mon 15 Apr 2024 13:53:14 INFO  epoch 20 training [time: 18.58s, train loss: 295.4148]
Mon 15 Apr 2024 13:56:38 INFO  epoch 20 evaluating [time: 204.04s, valid_score: 0.352500]
Mon 15 Apr 2024 13:56:38 INFO  valid result: 
recall@10 : 0.1842    mrr@10 : 0.3525    ndcg@10 : 0.2095    hit@10 : 0.6863    map@10 : 0.1138    precision@10 : 0.1492    gauc : 0.9606    itemcoverage@10 : 0.4544    averagepopularity@10 : 12465.6306    giniindex@10 : 0.9558    shannonentropy@10 : 0.0013    tailpercentage@10 : 0.0
Mon 15 Apr 2024 13:56:56 INFO  epoch 21 training [time: 18.48s, train loss: 291.2762]
Mon 15 Apr 2024 14:00:22 INFO  epoch 21 evaluating [time: 205.32s, valid_score: 0.353600]
Mon 15 Apr 2024 14:00:22 INFO  valid result: 
recall@10 : 0.1875    mrr@10 : 0.3536    ndcg@10 : 0.2119    hit@10 : 0.6911    map@10 : 0.1157    precision@10 : 0.1505    gauc : 0.9606    itemcoverage@10 : 0.469    averagepopularity@10 : 12197.8982    giniindex@10 : 0.954    shannonentropy@10 : 0.0013    tailpercentage@10 : 0.0
Mon 15 Apr 2024 14:00:40 INFO  epoch 22 training [time: 18.59s, train loss: 287.5950]
Mon 15 Apr 2024 14:04:03 INFO  epoch 22 evaluating [time: 202.95s, valid_score: 0.354400]
Mon 15 Apr 2024 14:04:03 INFO  valid result: 
recall@10 : 0.1866    mrr@10 : 0.3544    ndcg@10 : 0.2117    hit@10 : 0.6894    map@10 : 0.1158    precision@10 : 0.1499    gauc : 0.9606    itemcoverage@10 : 0.4738    averagepopularity@10 : 11892.4965    giniindex@10 : 0.9518    shannonentropy@10 : 0.0013    tailpercentage@10 : 0.0
Mon 15 Apr 2024 14:04:22 INFO  epoch 23 training [time: 18.65s, train loss: 284.6886]
Mon 15 Apr 2024 14:07:45 INFO  epoch 23 evaluating [time: 203.69s, valid_score: 0.352400]
Mon 15 Apr 2024 14:07:45 INFO  valid result: 
recall@10 : 0.1852    mrr@10 : 0.3524    ndcg@10 : 0.2104    hit@10 : 0.6897    map@10 : 0.1147    precision@10 : 0.1496    gauc : 0.9605    itemcoverage@10 : 0.4858    averagepopularity@10 : 11861.3325    giniindex@10 : 0.9519    shannonentropy@10 : 0.0013    tailpercentage@10 : 0.0
Mon 15 Apr 2024 14:08:04 INFO  epoch 24 training [time: 18.59s, train loss: 282.2680]
Mon 15 Apr 2024 14:11:28 INFO  epoch 24 evaluating [time: 204.18s, valid_score: 0.355100]
Mon 15 Apr 2024 14:11:28 INFO  valid result: 
recall@10 : 0.1864    mrr@10 : 0.3551    ndcg@10 : 0.2118    hit@10 : 0.6915    map@10 : 0.1158    precision@10 : 0.1499    gauc : 0.9605    itemcoverage@10 : 0.4953    averagepopularity@10 : 11844.1931    giniindex@10 : 0.9501    shannonentropy@10 : 0.0012    tailpercentage@10 : 0.0
Mon 15 Apr 2024 14:11:29 INFO  Saving current: saved/ml-10m_core5/BPR/BPR-Apr-15-2024_12-27-50.pth
Mon 15 Apr 2024 14:11:48 INFO  epoch 25 training [time: 18.33s, train loss: 279.3147]
Mon 15 Apr 2024 14:15:11 INFO  epoch 25 evaluating [time: 203.76s, valid_score: 0.353300]
Mon 15 Apr 2024 14:15:11 INFO  valid result: 
recall@10 : 0.186    mrr@10 : 0.3533    ndcg@10 : 0.2103    hit@10 : 0.6933    map@10 : 0.1143    precision@10 : 0.1491    gauc : 0.9605    itemcoverage@10 : 0.5055    averagepopularity@10 : 11490.7128    giniindex@10 : 0.9478    shannonentropy@10 : 0.0012    tailpercentage@10 : 0.0
Mon 15 Apr 2024 14:15:30 INFO  epoch 26 training [time: 18.68s, train loss: 276.8408]
Mon 15 Apr 2024 14:18:54 INFO  epoch 26 evaluating [time: 203.77s, valid_score: 0.352900]
Mon 15 Apr 2024 14:18:54 INFO  valid result: 
recall@10 : 0.1869    mrr@10 : 0.3529    ndcg@10 : 0.2107    hit@10 : 0.6919    map@10 : 0.1146    precision@10 : 0.1495    gauc : 0.9604    itemcoverage@10 : 0.51    averagepopularity@10 : 11549.3549    giniindex@10 : 0.9473    shannonentropy@10 : 0.0012    tailpercentage@10 : 0.0
Mon 15 Apr 2024 14:19:12 INFO  epoch 27 training [time: 18.65s, train loss: 275.3975]
Mon 15 Apr 2024 14:22:36 INFO  epoch 27 evaluating [time: 203.81s, valid_score: 0.351000]
Mon 15 Apr 2024 14:22:36 INFO  valid result: 
recall@10 : 0.1869    mrr@10 : 0.351    ndcg@10 : 0.21    hit@10 : 0.6918    map@10 : 0.1141    precision@10 : 0.149    gauc : 0.9604    itemcoverage@10 : 0.5233    averagepopularity@10 : 11400.1641    giniindex@10 : 0.9454    shannonentropy@10 : 0.0012    tailpercentage@10 : 0.0001
Mon 15 Apr 2024 14:22:55 INFO  epoch 28 training [time: 18.71s, train loss: 272.7406]
Mon 15 Apr 2024 14:26:18 INFO  epoch 28 evaluating [time: 203.58s, valid_score: 0.351400]
Mon 15 Apr 2024 14:26:18 INFO  valid result: 
recall@10 : 0.1869    mrr@10 : 0.3514    ndcg@10 : 0.2098    hit@10 : 0.6905    map@10 : 0.114    precision@10 : 0.1485    gauc : 0.9604    itemcoverage@10 : 0.5266    averagepopularity@10 : 11160.1024    giniindex@10 : 0.943    shannonentropy@10 : 0.0012    tailpercentage@10 : 0.0001
Mon 15 Apr 2024 14:26:37 INFO  epoch 29 training [time: 18.67s, train loss: 271.3147]
Mon 15 Apr 2024 14:30:02 INFO  epoch 29 evaluating [time: 204.85s, valid_score: 0.353500]
Mon 15 Apr 2024 14:30:02 INFO  valid result: 
recall@10 : 0.1876    mrr@10 : 0.3535    ndcg@10 : 0.2112    hit@10 : 0.6935    map@10 : 0.1152    precision@10 : 0.1494    gauc : 0.9603    itemcoverage@10 : 0.5418    averagepopularity@10 : 11187.6437    giniindex@10 : 0.943    shannonentropy@10 : 0.0012    tailpercentage@10 : 0.0001
Mon 15 Apr 2024 14:30:21 INFO  epoch 30 training [time: 18.59s, train loss: 270.1335]
Mon 15 Apr 2024 14:33:46 INFO  epoch 30 evaluating [time: 204.96s, valid_score: 0.354200]
Mon 15 Apr 2024 14:33:46 INFO  valid result: 
recall@10 : 0.1876    mrr@10 : 0.3542    ndcg@10 : 0.2112    hit@10 : 0.6934    map@10 : 0.115    precision@10 : 0.1491    gauc : 0.9603    itemcoverage@10 : 0.5475    averagepopularity@10 : 11368.1313    giniindex@10 : 0.9419    shannonentropy@10 : 0.0011    tailpercentage@10 : 0.0001
Mon 15 Apr 2024 14:34:04 INFO  epoch 31 training [time: 18.54s, train loss: 268.6164]
Mon 15 Apr 2024 14:37:27 INFO  epoch 31 evaluating [time: 203.40s, valid_score: 0.351600]
Mon 15 Apr 2024 14:37:27 INFO  valid result: 
recall@10 : 0.188    mrr@10 : 0.3516    ndcg@10 : 0.2109    hit@10 : 0.6924    map@10 : 0.115    precision@10 : 0.149    gauc : 0.9602    itemcoverage@10 : 0.5591    averagepopularity@10 : 11234.6284    giniindex@10 : 0.9405    shannonentropy@10 : 0.0011    tailpercentage@10 : 0.0001
Mon 15 Apr 2024 14:37:46 INFO  epoch 32 training [time: 18.38s, train loss: 266.8280]
Mon 15 Apr 2024 14:41:09 INFO  epoch 32 evaluating [time: 203.56s, valid_score: 0.351000]
Mon 15 Apr 2024 14:41:09 INFO  valid result: 
recall@10 : 0.1872    mrr@10 : 0.351    ndcg@10 : 0.21    hit@10 : 0.6923    map@10 : 0.1142    precision@10 : 0.1488    gauc : 0.9602    itemcoverage@10 : 0.568    averagepopularity@10 : 11025.7642    giniindex@10 : 0.9388    shannonentropy@10 : 0.0011    tailpercentage@10 : 0.0001
Mon 15 Apr 2024 14:41:28 INFO  epoch 33 training [time: 18.51s, train loss: 265.4912]
Mon 15 Apr 2024 14:44:52 INFO  epoch 33 evaluating [time: 203.97s, valid_score: 0.349500]
Mon 15 Apr 2024 14:44:52 INFO  valid result: 
recall@10 : 0.185    mrr@10 : 0.3495    ndcg@10 : 0.208    hit@10 : 0.6901    map@10 : 0.1127    precision@10 : 0.1474    gauc : 0.9602    itemcoverage@10 : 0.5735    averagepopularity@10 : 10915.5949    giniindex@10 : 0.9361    shannonentropy@10 : 0.0011    tailpercentage@10 : 0.0001
Mon 15 Apr 2024 14:45:11 INFO  epoch 34 training [time: 18.76s, train loss: 263.5787]
Mon 15 Apr 2024 14:48:34 INFO  epoch 34 evaluating [time: 203.66s, valid_score: 0.349600]
Mon 15 Apr 2024 14:48:34 INFO  valid result: 
recall@10 : 0.188    mrr@10 : 0.3496    ndcg@10 : 0.2097    hit@10 : 0.6921    map@10 : 0.1139    precision@10 : 0.1485    gauc : 0.9602    itemcoverage@10 : 0.5796    averagepopularity@10 : 11089.188    giniindex@10 : 0.9363    shannonentropy@10 : 0.0011    tailpercentage@10 : 0.0001
Mon 15 Apr 2024 14:48:53 INFO  epoch 35 training [time: 18.67s, train loss: 262.5910]
Mon 15 Apr 2024 14:52:17 INFO  epoch 35 evaluating [time: 203.66s, valid_score: 0.354900]
Mon 15 Apr 2024 14:52:17 INFO  valid result: 
recall@10 : 0.1887    mrr@10 : 0.3549    ndcg@10 : 0.2118    hit@10 : 0.6953    map@10 : 0.1156    precision@10 : 0.1492    gauc : 0.9602    itemcoverage@10 : 0.583    averagepopularity@10 : 11131.4659    giniindex@10 : 0.9366    shannonentropy@10 : 0.0011    tailpercentage@10 : 0.0001
Mon 15 Apr 2024 14:52:17 INFO  Finished training, best eval result in epoch 24
Mon 15 Apr 2024 14:52:18 INFO  Loading model structure and parameters from saved/ml-10m_core5/BPR/BPR-Apr-15-2024_12-27-50.pth
Mon 15 Apr 2024 14:56:37 INFO  The running environment of this training is as follows:
+-------------+----------------+
| Environment |     Usage      |
+=============+================+
| CPU         |     3.50 %     |
+-------------+----------------+
| GPU         | 0.17 G/15.57 G |
+-------------+----------------+
| Memory      | 3.79 G/27.41 G |
+-------------+----------------+
Mon 15 Apr 2024 14:56:37 INFO  best valid : OrderedDict([('recall@10', 0.1864), ('mrr@10', 0.3551), ('ndcg@10', 0.2118), ('hit@10', 0.6915), ('map@10', 0.1158), ('precision@10', 0.1499), ('gauc', 0.9605), ('itemcoverage@10', 0.4953), ('averagepopularity@10', 11844.1931), ('giniindex@10', 0.9501), ('shannonentropy@10', 0.0012), ('tailpercentage@10', 0.0)])
Mon 15 Apr 2024 14:56:37 INFO  test result: OrderedDict([('recall@10', 0.2085), ('mrr@10', 0.426), ('ndcg@10', 0.2617), ('hit@10', 0.7129), ('map@10', 0.1599), ('precision@10', 0.1839), ('gauc', 0.9628), ('itemcoverage@10', 0.5129), ('averagepopularity@10', 11413.2664), ('giniindex@10', 0.9456), ('shannonentropy@10', 0.0012), ('tailpercentage@10', 0.0)])
Mon 15 Apr 2024 14:56:39 INFO  
General Hyper Parameters:
gpu_id = 0
use_gpu = True
seed = 2020
state = INFO
reproducibility = True
data_path = data/ml-10m_core5
checkpoint_dir = saved/ml-10m_core5/BPR
show_progress = True
save_dataset = False
dataset_save_path = None
save_dataloaders = False
dataloaders_save_path = None
log_wandb = False

Training Hyper Parameters:
epochs = 200
train_batch_size = 2048
learner = adam
learning_rate = 0.001
train_neg_sample_args = {'distribution': 'uniform', 'sample_num': 1, 'dynamic': False, 'candidate_num': 0, 'alpha': 1.0}
eval_step = 1
stopping_step = 10
clip_grad_norm = None
weight_decay = 0.0
loss_decimal_place = 4

Evaluation Hyper Parameters:
eval_args = {'split': {'RS': [0.8, 0.1, 0.1]}, 'order': 'RO', 'group_by': 'user', 'mode': {'valid': 'full', 'test': 'full'}}
repeatable = False
metrics = ['Recall', 'MRR', 'NDCG', 'Hit', 'MAP', 'Precision', 'GAUC', 'ItemCoverage', 'AveragePopularity', 'GiniIndex', 'ShannonEntropy', 'TailPercentage']
topk = [10]
valid_metric = MRR@10
valid_metric_bigger = True
eval_batch_size = 4096
metric_decimal_place = 4

Dataset Hyper Parameters:
field_separator = 	
seq_separator =  
USER_ID_FIELD = user_id
ITEM_ID_FIELD = item_id
RATING_FIELD = rating
TIME_FIELD = timestamp
seq_len = None
LABEL_FIELD = label
threshold = None
NEG_PREFIX = neg_
load_col = {'inter': ['user_id', 'item_id']}
unload_col = None
unused_col = None
additional_feat_suffix = None
rm_dup_inter = None
val_interval = None
filter_inter_by_user_or_item = True
user_inter_num_interval = [0,inf)
item_inter_num_interval = [0,inf)
alias_of_user_id = None
alias_of_item_id = None
alias_of_entity_id = None
alias_of_relation_id = None
preload_weight = None
normalize_field = None
normalize_all = None
ITEM_LIST_LENGTH_FIELD = item_length
LIST_SUFFIX = _list
MAX_ITEM_LIST_LENGTH = 50
POSITION_FIELD = position_id
HEAD_ENTITY_ID_FIELD = head_id
TAIL_ENTITY_ID_FIELD = tail_id
RELATION_ID_FIELD = relation_id
ENTITY_ID_FIELD = entity_id
benchmark_filename = None

Other Hyper Parameters: 
worker = 0
wandb_project = recbole
shuffle = True
require_pow = False
enable_amp = False
enable_scaler = False
transform = None
embedding_size = 64
numerical_features = []
discretization = None
kg_reverse_r = False
entity_kg_num_interval = [0,inf)
relation_kg_num_interval = [0,inf)
MODEL_TYPE = ModelType.GENERAL
encoding = utf-8
device = cuda
my_log_file = /mnt/batch/tasks/shared/LS_root/mounts/clusters/fontanagpu/code/sustainability-of-recsys/log/carbon_default.log
MODEL_INPUT_TYPE = InputType.PAIRWISE
eval_type = EvaluatorType.RANKING
single_spec = True
local_rank = 0
valid_neg_sample_args = {'distribution': 'uniform', 'sample_num': 'none'}
test_neg_sample_args = {'distribution': 'uniform', 'sample_num': 'none'}


Mon 15 Apr 2024 14:57:09 INFO  ml-10m_core5
The number of users: 69879
Average actions of users: 143.0896133260826
The number of items: 10197
Average actions of items: 980.6606512357787
The number of inters: 9998816
The sparsity of the dataset: 98.59676801363936%
Remain Fields: ['user_id', 'item_id']
Mon 15 Apr 2024 14:57:37 INFO  [Training]: train_batch_size = [2048] train_neg_sample_args: [{'distribution': 'uniform', 'sample_num': 1, 'dynamic': False, 'candidate_num': 0, 'alpha': 1.0}]
Mon 15 Apr 2024 14:57:37 INFO  [Evaluation]: eval_batch_size = [4096] eval_args: [{'split': {'RS': [0.8, 0.1, 0.1]}, 'order': 'RO', 'group_by': 'user', 'mode': {'valid': 'full', 'test': 'full'}}]
Mon 15 Apr 2024 14:57:39 INFO  Loading model structure and parameters from saved/ml-10m_core5/BPR/BPR-Apr-15-2024_12-27-50.pth
